# stats: dump at 1575463236
stats: users 12 12
stats: {cpu,"tsung_controller@ip-172-31-23-21"} 1 1.6309611608213894 0 1.6309611608213894 1.6309611608213894 0 0
stats: {load,"tsung_controller@ip-172-31-23-21"} 1 0.1015625 0 0.1015625 0.1015625 0 0
stats: {freemem,"tsung_controller@ip-172-31-23-21"} 1 3520.50390625 0 3520.50390625 3520.50390625 0 0
stats: users_count 12 12
stats: finish_users_count 0 0
stats: request 23 25.472086956521736 51.06912874927307 263.769 10.21 0 0
stats: connect 11 2.4494545454545458 2.623963704143249 10.742 1.371 0 0
stats: page 11 53.321 68.88001511851803 263.769 10.21 0 0
stats: 302 11 11
stats: 200 12 12
stats: size_rcv 13723 13723
stats: size_sent 13696 13696
stats: connected 11 11
# stats: dump at 1575463246
stats: users 21 21
stats: {recvpackets,"tsung_controller@ip-172-31-23-21"} 1 94 0 94 94 0 0
stats: {sentpackets,"tsung_controller@ip-172-31-23-21"} 1 103 0 103 103 0 0
stats: {cpu,"tsung_controller@ip-172-31-23-21"} 1 0.4008016032064128 0.0 1.6309611608213894 0.4008016032064128 1.6309611608213894 1
stats: {load,"tsung_controller@ip-172-31-23-21"} 1 0.08984375 0.0 0.1015625 0.08984375 0.1015625 1
stats: {freemem,"tsung_controller@ip-172-31-23-21"} 1 3521.6328125 0.0 3521.6328125 3520.50390625 3520.50390625 1
stats: users_count 9 21
stats: finish_users_count 0 0
stats: request 20 14.09265 4.394207315034191 263.769 10.21 25.472086956521736 23
stats: connect 10 1.6631 0.07388024093084693 10.742 1.371 2.4494545454545458 11
stats: page 10 28.243899999999996 18.15430188935945 263.769 10.21 53.321 11
stats: 302 10 21
stats: 200 10 22
stats: size_rcv 11545 25268
stats: size_sent 11543 25239
stats: connected 10 21
# stats: dump at 1575463256
stats: users 35 35
stats: {recvpackets,"tsung_controller@ip-172-31-23-21"} 1 67.0 0.0 94 67 94.0 1
stats: {sentpackets,"tsung_controller@ip-172-31-23-21"} 1 70.0 0.0 103 70 103.0 1
stats: {cpu,"tsung_controller@ip-172-31-23-21"} 1 0.3003003003003003 0.0 1.6309611608213894 0.3003003003003003 1.0158813820139012 2
stats: {load,"tsung_controller@ip-172-31-23-21"} 1 0.0703125 0.0 0.1015625 0.0703125 0.095703125 2
stats: {freemem,"tsung_controller@ip-172-31-23-21"} 1 3521.69921875 0.0 3521.69921875 3520.50390625 3521.068359375 2
stats: users_count 14 35
stats: finish_users_count 0 0
stats: request 26 12.504423076923077 2.483699972173601 263.769 6.595 20.17932558139535 43
stats: connect 14 1.6143571428571426 0.13097851903644195 10.742 1.355 2.075 21
stats: page 14 23.269928571428572 14.780085890260226 263.769 6.595 41.3795238095238 21
stats: 302 14 35
stats: 200 12 34
stats: size_rcv 14116 39384
stats: newphase 1 1
stats: size_sent 14256 39495
stats: connected 14 35
# stats: dump at 1575463266
stats: users 53 53
stats: {recvpackets,"tsung_controller@ip-172-31-23-21"} 1 107.0 0.0 107 67 80.5 2
stats: {sentpackets,"tsung_controller@ip-172-31-23-21"} 1 116.0 0.0 116 70 86.5 2
stats: {cpu,"tsung_controller@ip-172-31-23-21"} 1 0.4 0.0 1.6309611608213894 0.3003003003003003 0.7773543547760342 3
stats: {load,"tsung_controller@ip-172-31-23-21"} 1 0.05859375 0.0 0.1015625 0.05859375 0.08723958333333333 3
stats: {freemem,"tsung_controller@ip-172-31-23-21"} 1 3521.66796875 0.0 3521.69921875 3520.50390625 3521.2786458333335 3
stats: session 2 36543.8995 43.80249999999796 36587.702 36500.097 0 0
stats: users_count 20 55
stats: finish_users_count 2 2
stats: request 51 124.86619607843139 173.0924714906627 678.163 6.595 17.287333333333333 69
stats: connect 20 1.6547 0.1636062651612095 10.742 1.242 1.8907428571428573 35
stats: page 27 235.92940740740738 443.2774009147352 1555.668 6.595 34.13568571428571 35
stats: 302 20 55
stats: 200 31 65
stats: size_rcv 35390 74774
stats: newphase 0 1
stats: size_sent 34309 73804
stats: connected 18 53
# stats: dump at 1575463276
stats: users 75 75
stats: {recvpackets,"tsung_controller@ip-172-31-23-21"} 1 211.0 0.0 211 67 89.33333333333333 3
stats: {sentpackets,"tsung_controller@ip-172-31-23-21"} 1 197.0 0.0 197 70 96.33333333333333 3
stats: {cpu,"tsung_controller@ip-172-31-23-21"} 1 0.3009027081243731 0.0 1.6309611608213894 0.3003003003003003 0.6830157660820256 4
stats: {load,"tsung_controller@ip-172-31-23-21"} 1 0.05078125 0.0 0.1015625 0.05078125 0.080078125 4
stats: {freemem,"tsung_controller@ip-172-31-23-21"} 1 3519.921875 0.0 3521.69921875 3519.921875 3521.3759765625 4
stats: session 5 35968.62240000001 132.51267550781816 36587.702 35824.937 36543.8995 2
stats: users_count 27 82
stats: finish_users_count 5 7
stats: request 83 111.11487951807224 143.13072601876988 678.163 6.595 63.00835 120
stats: connect 27 1.5581851851851853 0.15429962123691227 10.742 1.23 1.804909090909091 55
stats: page 37 249.34083783783785 319.92917974768693 1555.668 6.595 122.01359677419353 62
stats: 302 27 82
stats: 200 56 121
stats: size_rcv 61818 136592
stats: newphase 1 2
stats: size_sent 60704 134508
stats: connected 22 75
# stats: dump at 1575463286
stats: users 102 102
stats: {recvpackets,"tsung_controller@ip-172-31-23-21"} 1 310.0 0.0 310 67 119.75 4
stats: {sentpackets,"tsung_controller@ip-172-31-23-21"} 1 275.0 0.0 275 70 121.5 4
stats: {cpu,"tsung_controller@ip-172-31-23-21"} 1 0.6012024048096193 0.0 1.6309611608213894 0.3003003003003003 0.6065931544904951 5
stats: {load,"tsung_controller@ip-172-31-23-21"} 1 0.0390625 0.0 0.1015625 0.0390625 0.07421875 5
stats: {freemem,"tsung_controller@ip-172-31-23-21"} 1 3518.921875 0.0 3521.69921875 3518.921875 3521.08515625 5
stats: session 3 35894.42166666667 170.18354993424336 36587.702 35752.732 36132.98728571429 7
stats: users_count 30 112
stats: finish_users_count 3 10
stats: request 76 74.71506578947371 120.84439021770012 678.163 6.595 82.67752216748767 203
stats: connect 29 1.6657931034482758 0.15497638959450538 10.742 1.23 1.7236707317073172 82
stats: page 40 142.01974999999996 238.24622792593692 1555.668 6.595 169.60054545454543 99
stats: 302 29 111
stats: 200 47 168
stats: size_rcv 53571 190163
stats: newphase 0 2
stats: size_sent 51576 186084
stats: connected 26 101
# stats: dump at 1575463296
stats: users 130 130
stats: {recvpackets,"tsung_controller@ip-172-31-23-21"} 1 440.0 0.0 440 67 157.8 5
stats: {sentpackets,"tsung_controller@ip-172-31-23-21"} 1 486.0 0.0 486 70 152.2 5
stats: {cpu,"tsung_controller@ip-172-31-23-21"} 1 2.7027027027027026 0.0 2.7027027027027026 0.3003003003003003 0.6056946962103492 6
stats: {load,"tsung_controller@ip-172-31-23-21"} 1 0.0390625 0.0 0.1015625 0.0390625 0.068359375 6
stats: {freemem,"tsung_controller@ip-172-31-23-21"} 1 3516.35546875 0.0 3521.69921875 3516.35546875 3520.724609375 6
stats: session 8 38389.59925 1617.0211286087751 40677.32 35752.732 36061.4176 10
stats: users_count 36 148
stats: finish_users_count 8 18
stats: request 120 724.9747000000002 648.5082130913172 2584.608 6.595 80.5085376344086 279
stats: connect 31 1.8607419354838708 1.018484071731339 10.742 1.23 1.7085495495495495 111
stats: page 46 1229.921086956522 1469.179940817545 5643.47 6.595 161.66362589928053 139
stats: 302 31 142
stats: 200 89 257
stats: size_rcv 96690 286853
stats: newphase 1 3
stats: size_sent 108302 294386
stats: connected 20 121
# stats: dump at 1575463306
stats: users 159 161
stats: {recvpackets,"tsung_controller@ip-172-31-23-21"} 1 528.0 0.0 528 67 204.83333333333334 6
stats: {sentpackets,"tsung_controller@ip-172-31-23-21"} 1 425.0 0.0 486 70 207.83333333333334 6
stats: {cpu,"tsung_controller@ip-172-31-23-21"} 1 0.9027081243731194 0.0 2.7027027027027026 0.3003003003003003 0.9052672685663997 7
stats: {load,"tsung_controller@ip-172-31-23-21"} 1 0.03125 0.0 0.1015625 0.03125 0.06417410714285714 7
stats: {freemem,"tsung_controller@ip-172-31-23-21"} 1 3511.234375 0.0 3521.69921875 3511.234375 3520.1004464285716 7
stats: session 14 41904.625857142855 1440.7682884888604 43864.923 35752.732 37096.165 18
stats: users_count 43 191
stats: finish_users_count 14 32
stats: request 164 1248.8086402439021 770.4172152499726 2952.607 6.595 274.3329473684211 399
stats: connect 52 1.6324423076923078 0.4369470753667973 10.742 1.187 1.741774647887324 142
stats: page 77 3002.9565064935045 2234.7891596347636 8670.023 6.595 427.2844 185
stats: 302 44 186
stats: 200 120 377
stats: size_rcv 136387 423240
stats: newphase 0 3
stats: size_sent 120902 415288
stats: connected 35 156
# stats: dump at 1575463316
stats: users 203 203
stats: {recvpackets,"tsung_controller@ip-172-31-23-21"} 1 786.0 0.0 786 67 251.0 7
stats: {sentpackets,"tsung_controller@ip-172-31-23-21"} 1 640.0 0.0 640 70 238.85714285714286 7
stats: {cpu,"tsung_controller@ip-172-31-23-21"} 1 1.2024048096192386 0.0 2.7027027027027026 0.3003003003003003 0.9049473755422397 8
stats: {load,"tsung_controller@ip-172-31-23-21"} 1 0.01953125 0.0 0.1015625 0.01953125 0.06005859374999999 8
stats: {freemem,"tsung_controller@ip-172-31-23-21"} 1 3507.6953125 0.0 3521.69921875 3507.6953125 3518.9921875 8
stats: session 6 42985.55416666667 1282.8635829570762 43886.236 35752.732 39199.866624999995 32
stats: users_count 50 241
stats: finish_users_count 6 38
stats: request 149 1483.0032953020134 1112.6785399908372 4024.251 6.595 558.1944280639432 563
stats: connect 56 1.6434285714285715 0.3468277082121228 10.742 1.187 1.7124690721649485 194
stats: page 59 2416.7365254237293 2185.799779653479 8670.023 6.595 1184.2567366412209 262
stats: 302 45 231
stats: 200 104 481
stats: size_rcv 117180 540420
stats: newphase 1 4
stats: size_sent 148728 564016
stats: connected 43 199
# stats: dump at 1575463326
stats: users 247 247
stats: {recvpackets,"tsung_controller@ip-172-31-23-21"} 1 581.0 0.0 786 67 317.875 8
stats: {sentpackets,"tsung_controller@ip-172-31-23-21"} 1 502.0 0.0 640 70 289.0 8
stats: {cpu,"tsung_controller@ip-172-31-23-21"} 1 1.2987012987012987 0.0 2.7027027027027026 0.3003003003003003 0.9379982015507952 9
stats: {load,"tsung_controller@ip-172-31-23-21"} 1 0.01953125 0.0 0.1015625 0.01953125 0.05555555555555555 9
stats: {freemem,"tsung_controller@ip-172-31-23-21"} 1 3505.6171875 0.0 3521.69921875 3505.6171875 3517.7369791666665 9
stats: session 6 62123.314333333336 20870.992618101118 91683.159 35752.732 39797.60676315789 38
stats: users_count 50 291
stats: finish_users_count 6 44
stats: request 130 3541.25873076923 1301.6240631405342 5722.29 6.595 751.728867977528 712
stats: connect 58 16.795706896551728 60.39262300520299 359.607 1.187 1.697004 250
stats: page 47 6116.997361702128 3221.1934716255723 12203.283 6.595 1410.7872897196257 321
stats: 302 38 269
stats: 200 92 573
stats: size_rcv 101104 641524
stats: newphase 0 4
stats: size_sent 129937 693953
stats: connected 46 245
# stats: dump at 1575463336
stats: users 293 293
stats: {recvpackets,"tsung_controller@ip-172-31-23-21"} 1 644.0 0.0 786 67 347.1111111111111 9
stats: {sentpackets,"tsung_controller@ip-172-31-23-21"} 1 554.0 0.0 640 70 312.6666666666667 9
stats: {cpu,"tsung_controller@ip-172-31-23-21"} 1 1.402805611222445 0.0 2.7027027027027026 0.3003003003003003 0.9740685112658454 10
stats: {load,"tsung_controller@ip-172-31-23-21"} 1 0.01953125 0.0 0.1015625 0.01953125 0.051953125 10
stats: {freemem,"tsung_controller@ip-172-31-23-21"} 1 3503.45703125 0.0 3521.69921875 3503.45703125 3516.525 10
stats: session 8 76359.67787500001 23146.9539248498 101762.642 35752.732 42842.021431818175 44
stats: users_count 54 345
stats: finish_users_count 8 52
stats: request 160 4926.62313125 1617.3850109975913 8098.208 6.595 1182.4163764845603 842
stats: connect 62 1.83458064516129 1.3908339752544747 359.607 1.187 4.540266233766234 308
stats: page 77 7921.316038961036 4997.446227502035 21460.83 6.595 2011.852163043478 368
stats: 302 47 316
stats: 200 113 686
stats: size_rcv 133494 775018
stats: newphase 1 5
stats: size_sent 142309 836262
stats: connected 45 290
# stats: dump at 1575463346
stats: users 336 339
stats: {recvpackets,"tsung_controller@ip-172-31-23-21"} 1 790.0 0.0 790 67 376.8 10
stats: {sentpackets,"tsung_controller@ip-172-31-23-21"} 1 679.0 0.0 679 70 336.8 10
stats: {cpu,"tsung_controller@ip-172-31-23-21"} 1 1.3039117352056169 0.0 2.7027027027027026 0.3003003003003003 1.0130446112618998 11
stats: {load,"tsung_controller@ip-172-31-23-21"} 1 0.01171875 0.0 0.1015625 0.01171875 0.049005681818181816 11
stats: {freemem,"tsung_controller@ip-172-31-23-21"} 1 3492.93359375 0.0 3521.69921875 3492.93359375 3515.337002840909 11
stats: session 22 54341.28622727273 14325.701503348497 103061.39 35752.732 47998.58396153846 52
stats: users_count 65 410
stats: finish_users_count 22 74
stats: request 248 3412.145290322581 2584.228494393322 8191.876 0.804 1780.2937025948102 1002
stats: connect 78 1.7146794871794868 0.9801280069929869 359.607 1.163 4.086881081081081 370
stats: page 112 7332.497866071434 7514.913215975142 24058.363 0.96 3034.3886089887633 445
stats: 302 53 369
stats: 200 116 802
stats: size_rcv 159442 934460
stats: newphase 0 5
stats: 502 79 79
stats: size_sent 194668 1030930
stats: connected 42 332
# stats: dump at 1575463356
stats: users 382 382
stats: {recvpackets,"tsung_controller@ip-172-31-23-21"} 1 925.0 0.0 925 67 414.3636363636364 11
stats: {sentpackets,"tsung_controller@ip-172-31-23-21"} 1 846.0 0.0 846 70 367.90909090909093 11
stats: {cpu,"tsung_controller@ip-172-31-23-21"} 1 1.7999999999999998 0.0 2.7027027027027026 0.3003003003003003 1.0372835382572096 12
stats: {load,"tsung_controller@ip-172-31-23-21"} 1 0.01171875 0.0 0.1015625 0.01171875 0.0458984375 12
stats: {freemem,"tsung_controller@ip-172-31-23-21"} 1 3488.12890625 0.0 3521.69921875 3488.12890625 3513.4700520833335 12
stats: session 17 74134.9915882353 21680.76445284516 111763.309 35752.732 49884.2522027027 74
stats: users_count 63 473
stats: finish_users_count 17 91
stats: request 286 4902.58187062937 4386.1042074685765 10829.269 0.804 2104.0530575999996 1250
stats: connect 70 1.8461999999999996 1.2739929535575483 359.607 1.163 3.6738638392857146 448
stats: page 117 8155.440820512821 8738.984125312874 30245.288 0.869 3898.6403806104136 557
stats: 302 44 413
stats: 200 119 921
stats: size_rcv 179891 1114351
stats: newphase 1 6
stats: 502 123 202
stats: size_sent 216654 1247584
stats: connected 39 371
# stats: dump at 1575463366
stats: users 390 394
stats: {recvpackets,"tsung_controller@ip-172-31-23-21"} 1 1009.0 0.0 1009 67 456.9166666666667 12
stats: {sentpackets,"tsung_controller@ip-172-31-23-21"} 1 905.0 0.0 905 70 407.75 12
stats: {cpu,"tsung_controller@ip-172-31-23-21"} 1 1.0080645161290323 0.0 2.7027027027027026 0.3003003003003003 1.0959540353143473 13
stats: {load,"tsung_controller@ip-172-31-23-21"} 1 0.01171875 0.0 0.1015625 0.01171875 0.04326923076923077 13
stats: {freemem,"tsung_controller@ip-172-31-23-21"} 1 3486.54296875 0.0 3521.69921875 3486.54296875 3511.520733173077 13
stats: session 45 55889.899311111105 20110.230205285843 111763.309 35752.732 54414.610109890105 91
stats: users_count 53 526
stats: finish_users_count 45 136
stats: request 428 1302.5988948598135 3044.864450486623 12246.349 0.792 2625.1332923177083 1536
stats: connect 67 1.5178955223880588 0.252210947856664 359.607 1.163 3.4268822393822393 518
stats: page 138 1504.4221666666667 4873.1529696020225 30245.288 0.861 4637.580516320475 674
stats: 302 15 428
stats: 200 56 977
stats: size_rcv 170300 1284651
stats: newphase 0 6
stats: 502 357 559
stats: size_sent 335741 1583325
stats: connected 14 385
# stats: dump at 1575463376
stats: users 434 434
stats: {recvpackets,"tsung_controller@ip-172-31-23-21"} 1 954.0 0.0 1009 67 499.38461538461536 13
stats: {sentpackets,"tsung_controller@ip-172-31-23-21"} 1 995.0 0.0 995 70 446.0 13
stats: {cpu,"tsung_controller@ip-172-31-23-21"} 1 1.6016016016016015 0.0 2.7027027027027026 0.3003003003003003 1.0896762125153963 14
stats: {load,"tsung_controller@ip-172-31-23-21"} 1 0.01171875 0.0 0.1015625 0.01171875 0.041015625 14
stats: {freemem,"tsung_controller@ip-172-31-23-21"} 1 3485.90625 0.0 3521.69921875 3485.90625 3509.7366071428573 14
stats: session 41 65286.584146341454 25335.895839209545 123064.971 35011.436 54902.757272058814 136
stats: users_count 85 611
stats: finish_users_count 41 177
stats: request 401 4044.519591022444 5327.7191716122325 13260.228 0.791 2336.9231486761714 1964
stats: connect 107 1.4045887850467296 0.17074585985982668 359.607 1.141 3.2082461538461535 585
stats: page 176 7867.332903409095 12616.408252651368 38821.088 0.861 4105.097939655173 812
stats: 302 39 467
stats: 200 115 1092
stats: size_rcv 209768 1494419
stats: newphase 1 7
stats: 502 247 806
stats: size_sent 289551 1872876
stats: connected 39 424
# stats: dump at 1575463386
stats: users 482 485
stats: {recvpackets,"tsung_controller@ip-172-31-23-21"} 1 1159.0 0.0 1159 67 531.8571428571429 14
stats: {sentpackets,"tsung_controller@ip-172-31-23-21"} 1 1177.0 0.0 1177 70 485.2142857142857 14
stats: {cpu,"tsung_controller@ip-172-31-23-21"} 1 1.2121212121212122 0.0 2.7027027027027026 0.3003003003003003 1.12380457178781 15
stats: {load,"tsung_controller@ip-172-31-23-21"} 1 0.01171875 0.0 0.1015625 0.01171875 0.0390625 15
stats: {freemem,"tsung_controller@ip-172-31-23-21"} 1 3478.51953125 0.0 3521.69921875 3478.51953125 3508.147916666667 15
stats: session 51 77798.34088235296 21576.456349960004 132100.36 35011.436 57308.05050282485 177
stats: users_count 99 710
stats: finish_users_count 51 228
stats: request 447 2820.7719440715887 4957.6047635027135 13992.397 0.791 2626.4564143763214 2365
stats: connect 112 1.7178749999999996 1.3201610299843296 359.607 1.141 2.9293569364161844 692
stats: page 185 7101.626821621624 12606.932721464816 46526.389 0.861 4775.293641700406 988
stats: 302 32 499
stats: 200 78 1170
stats: size_rcv 199572 1693991
stats: newphase 0 7
stats: 502 336 1142
stats: size_sent 284379 2157255
stats: connected 48 472
stats: 500 1 1
# stats: dump at 1575463396
stats: users 568 568
stats: {recvpackets,"tsung_controller@ip-172-31-23-21"} 1 1279.0 0.0 1279 67 573.6666666666666 15
stats: {sentpackets,"tsung_controller@ip-172-31-23-21"} 1 1325.0 0.0 1325 70 531.3333333333334 15
stats: {cpu,"tsung_controller@ip-172-31-23-21"} 1 1.9133937562940584 0.0 2.7027027027027026 0.3003003003003003 1.1293243618086475 16
stats: {load,"tsung_controller@ip-172-31-23-21"} 1 0.0 0.0 0.1015625 0.0 0.037353515625 16
stats: {freemem,"tsung_controller@ip-172-31-23-21"} 1 3477.03515625 0.0 3521.69921875 3477.03515625 3506.296142578125 16
stats: session 47 73139.63089361704 28901.15274509158 134251.456 35011.436 61891.404929824566 228
stats: users_count 133 843
stats: finish_users_count 47 275
stats: request 533 2539.974091932455 4036.4660481895107 14092.358 0.791 2657.3451205547653 2812
stats: connect 148 1.4796351351351356 0.21490255958660331 359.607 1.141 2.7605932835820886 804
stats: page 217 7562.764732718896 13650.564952236557 48111.247 0.861 5142.191884057972 1173
stats: 302 47 546
stats: 200 105 1275
stats: size_rcv 255503 1949494
stats: newphase 1 8
stats: 502 372 1514
stats: size_sent 318319 2475574
stats: connected 82 554
stats: 500 9 10
# stats: dump at 1575463406
stats: users 674 674
stats: {recvpackets,"tsung_controller@ip-172-31-23-21"} 1 1327.0 0.0 1327 67 617.75 16
stats: {sentpackets,"tsung_controller@ip-172-31-23-21"} 1 1407.0 0.0 1407 70 580.9375 16
stats: {cpu,"tsung_controller@ip-172-31-23-21"} 1 2.2155085599194364 0.0 2.7027027027027026 0.3003003003003003 1.1754460908960247 17
stats: {load,"tsung_controller@ip-172-31-23-21"} 1 0.0 0.0 0.1015625 0.0 0.03515625 17
stats: {freemem,"tsung_controller@ip-172-31-23-21"} 1 3475.53125 0.0 3521.69921875 3475.53125 3504.574908088235 17
stats: session 55 61333.046 25516.04012914033 134251.456 35011.227 63813.829003636376 275
stats: users_count 161 1004
stats: finish_users_count 55 330
stats: request 639 2219.0929061032853 3954.253397410401 14092.358 0.791 2638.6429506726454 3345
stats: connect 177 1.44280790960452 0.335191483085293 359.607 1.141 2.561452731092436 952
stats: page 278 5685.193830935249 12169.28932928342 49934.078 0.857 5520.07987553957 1390
stats: 302 55 601
stats: 200 92 1367
stats: size_rcv 269654 2219148
stats: newphase 0 8
stats: 502 485 1999
stats: size_sent 282137 2757711
stats: connected 100 654
stats: 500 7 17
# stats: dump at 1575463416
stats: users 789 789
stats: {recvpackets,"tsung_controller@ip-172-31-23-21"} 1 1654.0 0.0 1654 67 659.4705882352941 17
stats: {sentpackets,"tsung_controller@ip-172-31-23-21"} 1 1828.0 0.0 1828 70 629.5294117647059 17
stats: {cpu,"tsung_controller@ip-172-31-23-21"} 1 2.5150905432595576 0.0 2.7027027027027026 0.3003003003003003 1.233227339175103 18
stats: {load,"tsung_controller@ip-172-31-23-21"} 1 0.0 0.0 0.1015625 0.0 0.033203125 18
stats: {freemem,"tsung_controller@ip-172-31-23-21"} 1 3474.0390625 0.0 3521.69921875 3474.0390625 3502.961371527778 18
stats: session 57 61225.00168421053 33448.877166423226 138012.666 35011.167 63400.36516969698 330
stats: users_count 172 1176
stats: finish_users_count 57 387
stats: request 730 1857.3603164383562 3241.167758637458 14092.358 0.791 2571.3506618975894 3984
stats: connect 199 1.5861055276381906 1.7038707083795899 359.607 1.141 2.3860761736049594 1129
stats: page 312 4294.644955128205 9707.36895014214 49934.078 0.857 5547.598868105517 1668
stats: 302 54 655
stats: 200 116 1483
stats: size_rcv 326478 2545626
stats: newphase 1 9
stats: 502 546 2545
stats: size_sent 311505 3069216
stats: connected 121 775
stats: 500 14 31
# stats: dump at 1575463426
stats: users 872 881
stats: {recvpackets,"tsung_controller@ip-172-31-23-21"} 1 1894.0 0.0 1894 67 714.7222222222222 18
stats: {sentpackets,"tsung_controller@ip-172-31-23-21"} 1 2.0e3 0.0 2000 70 696.1111111111111 18
stats: {cpu,"tsung_controller@ip-172-31-23-21"} 1 2.327935222672065 0.0 2.7027027027027026 0.3003003003003003 1.3006938236006007 19
stats: {load,"tsung_controller@ip-172-31-23-21"} 1 0.0 0.0 0.1015625 0.0 0.03145559210526316 19
stats: {freemem,"tsung_controller@ip-172-31-23-21"} 1 3472.59375 0.0 3521.69921875 3472.59375 3501.439144736842 19
stats: session 87 63706.569563218414 27450.541764285437 138012.666 35011.167 63079.96279586565 387
stats: users_count 170 1346
stats: finish_users_count 87 474
stats: request 894 1349.8363937360182 3138.190041388441 14092.358 0.789 2460.7836376750097 4714
stats: connect 204 1.4258088235294126 0.5992371766201706 359.607 1.141 2.2662010542168667 1328
stats: page 361 3143.2614819944574 8287.927750984058 49934.078 0.857 5350.163706060607 1980
stats: 302 52 707
stats: 200 81 1564
stats: size_rcv 338954 2884580
stats: newphase 0 9
stats: 502 752 3297
stats: size_sent 447024 3516240
stats: connected 85 860
stats: 500 9 40
# stats: dump at 1575463436
stats: users 981 982
stats: {recvpackets,"tsung_controller@ip-172-31-23-21"} 1 1996.0 0.0 1996 67 776.7894736842105 19
stats: {sentpackets,"tsung_controller@ip-172-31-23-21"} 1 2303.0 0.0 2303 70 764.7368421052631 19
stats: {cpu,"tsung_controller@ip-172-31-23-21"} 1 1.5321756894790604 0.0 2.7027027027027026 0.3003003003003003 1.352055893554174 20
stats: {load,"tsung_controller@ip-172-31-23-21"} 1 0.0 0.0 0.1015625 0.0 0.0298828125 20
stats: {freemem,"tsung_controller@ip-172-31-23-21"} 1 3471.2578125 0.0 3521.69921875 3471.2578125 3499.996875 20
stats: session 91 59677.44607692307 28113.663718002408 138012.666 35011.167 63194.97289873419 474
stats: users_count 200 1546
stats: finish_users_count 91 565
stats: request 978 1455.780980572598 3358.576143781052 14092.358 0.789 2283.681848074179 5608
stats: connect 232 1.301849137931034 0.12361410545816508 359.607 1.141 2.15429503916449 1532
stats: page 407 3230.753402948399 8329.36397858393 49934.078 0.843 5009.8426027338755 2341
stats: 302 46 753
stats: 200 101 1665
stats: size_rcv 387853 3272433
stats: newphase 1 10
stats: 502 822 4119
stats: size_sent 396870 3913110
stats: connected 104 964
stats: 500 9 49
# stats: dump at 1575463446
stats: users 1108 1109
stats: {recvpackets,"tsung_controller@ip-172-31-23-21"} 1 2336.0 0.0 2336 67 837.75 20
stats: {sentpackets,"tsung_controller@ip-172-31-23-21"} 1 2662.0 0.0 2662 70 841.65 20
stats: {cpu,"tsung_controller@ip-172-31-23-21"} 1 2.1450459652706844 0.0 2.7027027027027026 0.3003003003003003 1.3606330266934543 21
stats: {load,"tsung_controller@ip-172-31-23-21"} 1 0.0 0.0 0.1015625 0.0 0.028459821428571428 21
stats: {freemem,"tsung_controller@ip-172-31-23-21"} 1 3469.734375 0.0 3521.69921875 3469.734375 3498.628348214286 21
stats: session 112 58411.929098214256 25486.38809404335 138012.666 35011.167 62628.43318053099 565
stats: users_count 239 1785
stats: finish_users_count 112 677
stats: request 1175 712.3429165957454 2262.9368145514622 14092.358 0.788 2160.7412090798657 6586
stats: connect 274 1.4147153284671543 0.42517972067647714 359.607 1.14 2.042181972789115 1764
stats: page 479 1708.2216033402915 6315.437109248067 49934.078 0.843 4746.345767103348 2748
stats: 302 38 791
stats: 200 62 1727
stats: size_rcv 416495 3688928
stats: newphase 0 10
stats: 502 1067 5186
stats: size_sent 432282 4345392
stats: connected 125 1089
stats: 500 8 57
# stats: dump at 1575463456
stats: users 1259 1259
stats: {recvpackets,"tsung_controller@ip-172-31-23-21"} 1 2530.0 0.0 2530 67 909.0952380952381 21
stats: {sentpackets,"tsung_controller@ip-172-31-23-21"} 1 3056.0 0.0 3056 70 928.3333333333334 21
stats: {cpu,"tsung_controller@ip-172-31-23-21"} 1 5.369807497467072 0.0 5.369807497467072 0.3003003003003003 1.3962881602651465 22
stats: {load,"tsung_controller@ip-172-31-23-21"} 1 0.1484375 0.0 0.1484375 0.0 0.02716619318181818 22
stats: {freemem,"tsung_controller@ip-172-31-23-21"} 1 3467.66796875 0.0 3521.69921875 3467.66796875 3497.3149857954545 22
stats: session 116 60303.562258620674 31718.414490683313 139792.024 35011.167 61930.872682422465 677
stats: users_count 267 2052
stats: finish_users_count 116 793
stats: request 1279 1347.394050039093 3596.0784008002397 14092.358 0.78 1941.4565816260788 7761
stats: connect 310 1.3735516129032268 0.5516517329193145 359.607 1.14 1.957821884200196 2038
stats: page 531 2956.1627156308855 8685.786434035163 49934.078 0.843 4295.381566780292 3227
stats: 302 46 837
stats: 200 99 1826
stats: size_rcv 491079 4180007
stats: newphase 1 11
stats: 502 1118 6304
stats: size_sent 420018 4765410
stats: connected 111 1200
stats: 500 16 73
# stats: dump at 1575463466
stats: users 1400 1401
stats: {recvpackets,"tsung_controller@ip-172-31-23-21"} 1 2926.0 0.0 2926 67 982.7727272727273 22
stats: {sentpackets,"tsung_controller@ip-172-31-23-21"} 1 3397.0 0.0 3397 70 1025.0454545454545 22
stats: {cpu,"tsung_controller@ip-172-31-23-21"} 1 2.169421487603306 0.0 5.369807497467072 0.3003003003003003 1.5690498705782736 23
stats: {load,"tsung_controller@ip-172-31-23-21"} 1 0.12109375 0.0 0.1484375 0.0 0.032438858695652176 23
stats: {freemem,"tsung_controller@ip-172-31-23-21"} 1 3465.94140625 0.0 3521.69921875 3465.94140625 3496.025985054348 23
stats: session 118 55790.21588135592 26594.84669853708 139792.024 35011.167 61692.82979571249 793
stats: users_count 259 2311
stats: finish_users_count 118 911
stats: request 1335 726.7437992509361 2631.5143031264383 14092.358 0.776 1857.4072477876102 9040
stats: connect 323 1.340594427244583 0.513586032326156 359.607 1.14 1.880682282793867 2348
stats: page 545 1280.4360183486235 5839.826805269057 49934.078 0.843 4106.151867482704 3758
stats: 302 32 869
stats: 200 50 1876
stats: size_rcv 467771 4647778
stats: newphase 0 11
stats: 502 1239 7543
stats: size_sent 417950 5183360
stats: connected 31 1231
stats: 500 14 87
# stats: dump at 1575463476
stats: users 1327 1452
stats: {recvpackets,"tsung_controller@ip-172-31-23-21"} 1 3073.0 0.0 3073 67 1067.2608695652175 23
stats: {sentpackets,"tsung_controller@ip-172-31-23-21"} 1 3580.0 0.0 3580 70 1128.1739130434783 23
stats: {cpu,"tsung_controller@ip-172-31-23-21"} 1 2.4640657084188913 0.0 5.369807497467072 0.3003003003003003 1.5940653546209835 24
stats: {load,"tsung_controller@ip-172-31-23-21"} 1 0.1015625 0.0 0.1484375 0.0 0.0361328125 24
stats: {freemem,"tsung_controller@ip-172-31-23-21"} 1 3464.76171875 0.0 3521.69921875 3464.76171875 3494.7724609375 24
stats: session 191 57146.462041884806 27855.675340722377 153518.448 35010.511 60928.276072447865 911
stats: users_count 118 2429
stats: finish_users_count 191 1102
stats: request 1374 932.9320567685587 3544.2964656411064 15808.5 0.776 1711.9194691084333 10375
stats: connect 198 1.561722222222222 2.023034431671492 359.607 1.114 1.815370273305878 2671
stats: page 502 1654.1691912350611 7623.7087147948305 52141.209 0.837 3748.25850522891 4303
stats: 302 27 896
stats: 200 58 1934
stats: size_rcv 472634 5120412
stats: newphase 0 11
stats: 502 1285 8828
stats: size_sent 482169 5665529
stats: connected -60 1171
stats: 500 4 91
# stats: dump at 1575463486
stats: users 1133 1452
stats: {recvpackets,"tsung_controller@ip-172-31-23-21"} 1 2398.0 0.0 3073 67 1150.8333333333335 24
stats: {sentpackets,"tsung_controller@ip-172-31-23-21"} 1 2847.0 0.0 3580 70 1230.3333333333333 24
stats: {cpu,"tsung_controller@ip-172-31-23-21"} 1 2.738336713995943 0.0 5.369807497467072 0.3003003003003003 1.6288653687728998 25
stats: {load,"tsung_controller@ip-172-31-23-21"} 1 0.08984375 0.0 0.1484375 0.0 0.03875 25
stats: {freemem,"tsung_controller@ip-172-31-23-21"} 1 3464.625 0.0 3521.69921875 3464.625 3493.57203125 25
stats: session 194 60368.6195927835 26773.2002616876 153518.448 35010.262 60272.80739745917 1102
stats: users_count 0 2429
stats: finish_users_count 194 1296
stats: request 1205 1078.9658141078828 3453.5143590456614 15808.5 0.775 1620.8199113116007 11749
stats: connect 79 1.4710506329113926 0.20926241165096787 359.607 1.114 1.7978651097943534 2869
stats: page 424 3305.8695023584937 11128.806805694516 54427.475 0.837 3529.4795592091573 4805
stats: 302 37 933
stats: 200 62 1996
stats: size_rcv 427335 5547747
stats: newphase 0 11
stats: 502 1097 9925
stats: size_sent 377994 6043523
stats: connected -144 1027
stats: 500 9 100
# stats: dump at 1575463496
stats: users 934 1452
stats: {recvpackets,"tsung_controller@ip-172-31-23-21"} 1 1954.0 0.0 3073 67 1200.7200000000003 25
stats: {sentpackets,"tsung_controller@ip-172-31-23-21"} 1 2338.0 0.0 3580 70 1295.0 25
stats: {cpu,"tsung_controller@ip-172-31-23-21"} 1 3.006012024048096 0.0 5.369807497467072 0.3003003003003003 1.6715373435891707 26
stats: {load,"tsung_controller@ip-172-31-23-21"} 1 0.0703125 0.0 0.1484375 0.0 0.04071514423076923 26
stats: {freemem,"tsung_controller@ip-172-31-23-21"} 1 3464.515625 0.0 3521.69921875 3464.515625 3492.458683894231 26
stats: session 199 58790.0348241206 28273.95529184817 159687.019 35010.262 60287.1496550926 1296
stats: users_count 0 2429
stats: finish_users_count 199 1495
stats: request 1210 1044.169303305787 3466.4362252622063 15808.5 0.775 1570.4158517832325 12954
stats: connect 88 1.3966250000000004 0.13844307268693512 359.607 1.114 1.7891071913161465 2948
stats: page 407 2833.498594594596 9946.033895200051 58939.968 0.837 3511.3478582903044 5229
stats: 302 24 957
stats: 200 62 2058
stats: size_rcv 439444 5987191
stats: newphase 0 11
stats: 502 1109 11034
stats: size_sent 410649 6454172
stats: connected -138 889
stats: 500 15 115
# stats: dump at 1575463506
stats: users 739 1452
stats: {recvpackets,"tsung_controller@ip-172-31-23-21"} 1 2104.0 0.0 3073 67 1229.692307692308 26
stats: {sentpackets,"tsung_controller@ip-172-31-23-21"} 1 2522.0 0.0 3580 70 1335.1153846153845 26
stats: {cpu,"tsung_controller@ip-172-31-23-21"} 1 3.306613226452906 0.0 5.369807497467072 0.3003003003003003 1.7209623317543161 27
stats: {load,"tsung_controller@ip-172-31-23-21"} 1 0.05859375 0.0 0.1484375 0.0 0.041811342592592594 27
stats: {freemem,"tsung_controller@ip-172-31-23-21"} 1 3464.50390625 0.0 3521.69921875 3464.50390625 3491.423755787037 27
stats: session 195 60661.89794871795 27321.98759864127 159687.019 35010.262 60087.86814916389 1495
stats: users_count 0 2429
stats: finish_users_count 195 1690
stats: request 1221 940.2629926289927 3462.309980368432 15808.5 0.775 1525.4597430810502 14164
stats: connect 101 8.83930693069307 37.07955157876146 359.607 1.114 1.7777308959156786 3036
stats: page 387 2889.69160981912 10564.507931564714 61794.42 0.837 3462.3974235273245 5636
stats: 302 21 978
stats: 200 52 2110
stats: size_rcv 430462 6417653
stats: newphase 0 11
stats: 502 1137 12171
stats: size_sent 408955 6863127
stats: connected -206 683
stats: 500 11 126
# stats: dump at 1575463516
stats: users 625 1452
stats: {recvpackets,"tsung_controller@ip-172-31-23-21"} 1 2016.0 0.0 3073 67 1262.0740740740746 27
stats: {sentpackets,"tsung_controller@ip-172-31-23-21"} 1 2286.0 0.0 3580 70 1379.0740740740741 27
stats: {cpu,"tsung_controller@ip-172-31-23-21"} 1 2.5303643724696356 0.0 5.369807497467072 0.3003003003003003 1.7775927208506943 28
stats: {load,"tsung_controller@ip-172-31-23-21"} 1 0.05078125 0.0 0.1484375 0.0 0.04241071428571429 28
stats: {freemem,"tsung_controller@ip-172-31-23-21"} 1 3464.53125 0.0 3521.69921875 3464.50390625 3490.462332589286 28
stats: session 114 85574.66072807013 17894.92009590822 167970.437 35010.262 60154.10235680474 1690
stats: users_count 0 2429
stats: finish_users_count 114 1804
stats: request 675 1691.513748148148 4934.62868788147 17433.038 0.775 1479.0167640558982 15385
stats: connect 124 1.6272741935483865 0.7618200229703489 359.607 1.114 2.0050879821485497 3137
stats: page 236 4465.431961864407 14635.390057574938 65139.605 0.837 3425.598959322597 6023
stats: 302 24 1002
stats: 200 36 2146
stats: size_rcv 247874 6665527
stats: newphase 0 11
stats: 502 604 12775
stats: size_sent 273853 7136980
stats: connected -123 560
stats: 500 11 137
# stats: dump at 1575463526
stats: users 505 1452
stats: {recvpackets,"tsung_controller@ip-172-31-23-21"} 1 1664.0 0.0 3073 67 1289.0000000000005 28
stats: {sentpackets,"tsung_controller@ip-172-31-23-21"} 1 1760.0 0.0 3580 70 1411.4642857142858 28
stats: {cpu,"tsung_controller@ip-172-31-23-21"} 1 2.1212121212121215 0.0 5.369807497467072 0.3003003003003003 1.803550364009968 29
stats: {load,"tsung_controller@ip-172-31-23-21"} 1 0.0390625 0.0 0.1484375 0.0 0.04269935344827586 29
stats: {freemem,"tsung_controller@ip-172-31-23-21"} 1 3464.453125 0.0 3521.69921875 3464.453125 3489.568157327586 29
stats: session 120 83416.912475 14277.89730195994 167970.437 35010.262 61760.501278270516 1804
stats: users_count 0 2429
stats: finish_users_count 120 1924
stats: request 777 1743.3888880308853 5182.3620898245445 18463.152 0.775 1487.9479884806972 16060
stats: connect 138 1.4425 0.5473804316529061 359.607 1.114 1.9907215578043547 3261
stats: page 260 2545.8588 10675.123167709571 70250.445 0.837 3464.8065945039148 6259
stats: 302 24 1026
stats: 200 45 2191
stats: size_rcv 283827 6949354
stats: newphase 0 11
stats: 502 698 13473
stats: size_sent 226768 7363748
stats: connected -111 449
stats: 500 10 147
# stats: dump at 1575463536
stats: users 363 1452
stats: {recvpackets,"tsung_controller@ip-172-31-23-21"} 1 1743.0 0.0 3073 67 1301.931034482759 29
stats: {sentpackets,"tsung_controller@ip-172-31-23-21"} 1 1842.0 0.0 3580 70 1423.4827586206898 29
stats: {cpu,"tsung_controller@ip-172-31-23-21"} 1 2.2155085599194364 0.0 5.369807497467072 0.3003003003003003 1.81413908925004 30
stats: {load,"tsung_controller@ip-172-31-23-21"} 1 0.0390625 0.0 0.1484375 0.0 0.042578125 30
stats: {freemem,"tsung_controller@ip-172-31-23-21"} 1 3464.55078125 0.0 3521.69921875 3464.453125 3488.730989583333 30
stats: session 142 88562.33130281698 17123.649280842248 180098.392 35010.262 63111.21299532225 1924
stats: users_count 0 2429
stats: finish_users_count 142 2066
stats: request 841 1520.7124565992867 4691.273132201544 18463.152 0.775 1499.7361680228066 16837
stats: connect 141 1.7794113475177304 1.4789543558952685 359.607 1.114 1.9684636657840542 3399
stats: page 281 4639.884064056943 15735.787739607953 73631.776 0.837 3428.15581576929 6519
stats: 302 39 1065
stats: 200 31 2222
stats: size_rcv 291333 7240687
stats: newphase 0 11
stats: 502 761 14234
stats: size_sent 249796 7613544
stats: connected -149 300
stats: 500 10 157
# stats: dump at 1575463546
stats: users 225 1452
stats: {recvpackets,"tsung_controller@ip-172-31-23-21"} 1 1782.0 0.0 3073 67 1316.633333333334 30
stats: {sentpackets,"tsung_controller@ip-172-31-23-21"} 1 1979.0 0.0 3580 70 1437.4333333333334 30
stats: {cpu,"tsung_controller@ip-172-31-23-21"} 1 2.320887991927346 0.0 5.369807497467072 0.3003003003003003 1.8270864915296978 31
stats: {load,"tsung_controller@ip-172-31-23-21"} 1 0.03125 0.0 0.1484375 0.0 0.042464717741935484 31
stats: {freemem,"tsung_controller@ip-172-31-23-21"} 1 3464.90234375 0.0 3521.69921875 3464.453125 3487.9509828629034 31
stats: session 138 86701.14708695654 18114.591925276578 187574.199 35010.262 64860.51541529527 2066
stats: users_count 0 2429
stats: finish_users_count 138 2204
stats: request 772 1628.574343264249 5157.862542031032 19503.496 0.775 1500.7340783459663 17678
stats: connect 71 1.5169154929577464 0.23407418749816478 359.607 1.114 1.960933615819209 3540
stats: page 211 3415.6689004739355 13094.39235391964 75677.414 0.837 3478.228703676471 6800
stats: 302 30 1095
stats: 200 32 2254
stats: size_rcv 270172 7510859
stats: newphase 0 11
stats: 502 702 14936
stats: size_sent 212270 7825814
stats: connected -73 227
stats: 500 8 165
# stats: dump at 1575463556
stats: users 162 1452
stats: {recvpackets,"tsung_controller@ip-172-31-23-21"} 1 1231.0 0.0 3073 67 1331.6451612903231 31
stats: {sentpackets,"tsung_controller@ip-172-31-23-21"} 1 1428.0 0.0 3580 70 1454.9032258064517 31
stats: {cpu,"tsung_controller@ip-172-31-23-21"} 1 1.6112789526686808 0.0 5.369807497467072 0.3003003003003003 1.8425177884171242 32
stats: {load,"tsung_controller@ip-172-31-23-21"} 1 0.01953125 0.0 0.1484375 0.0 0.0421142578125 32
stats: {freemem,"tsung_controller@ip-172-31-23-21"} 1 3464.99609375 0.0 3521.69921875 3464.453125 3487.230712890625 32
stats: session 63 91963.06804761909 24342.715971770143 187574.199 35010.262 66228.03228039929 2204
stats: users_count 0 2429
stats: finish_users_count 63 2267
stats: request 369 3823.66774525745 7459.03254720839 19978.342 0.775 1506.0832753387529 18450
stats: connect 12 1.8095833333333333 0.2132422168698205 359.607 1.114 1.9522032677928551 3611
stats: page 89 13548.204853932584 25763.21529816069 77909.007 0.837 3476.345931108259 7011
stats: 302 34 1129
stats: 200 32 2286
stats: size_rcv 147119 7657978
stats: newphase 0 11
stats: 502 292 15228
stats: size_sent 104930 7930744
stats: connected -73 154
stats: 500 11 176
# stats: dump at 1575463566
stats: users 141 1452
stats: {recvpackets,"tsung_controller@ip-172-31-23-21"} 1 560.0 0.0 3073 67 1328.5000000000005 32
stats: {sentpackets,"tsung_controller@ip-172-31-23-21"} 1 559.0 0.0 3580 70 1454.0625 32
stats: {cpu,"tsung_controller@ip-172-31-23-21"} 1 0.6036217303822937 0.0 5.369807497467072 0.3003003003003003 1.8355105509702019 33
stats: {load,"tsung_controller@ip-172-31-23-21"} 1 0.01953125 0.0 0.1484375 0.0 0.04142992424242424 33
stats: {freemem,"tsung_controller@ip-172-31-23-21"} 1 3465.1796875 0.0 3521.69921875 3464.453125 3486.5569365530305 33
stats: session 21 116383.92247619048 21377.256098385813 187574.199 35010.262 66943.20971901192 2267
stats: users_count 0 2429
stats: finish_users_count 21 2288
stats: request 116 10247.57847413794 8643.027877504983 19978.342 0.775 1551.5261080822565 18819
stats: connect 8 1.715875 0.22223660673930387 359.607 1.114 1.9517308860060723 3623
stats: page 28 32318.232642857143 34405.77964192055 81889.624 0.837 3602.5988105633805 7100
stats: 302 34 1163
stats: 200 32 2318
stats: size_rcv 54484 7712462
stats: newphase 0 11
stats: 502 48 15276
stats: size_sent 60299 7991043
stats: connected -17 137
stats: 500 2 178
# stats: dump at 1575463576
stats: users 126 1452
stats: {recvpackets,"tsung_controller@ip-172-31-23-21"} 1 423.0 0.0 3073 67 1305.2121212121217 33
stats: {sentpackets,"tsung_controller@ip-172-31-23-21"} 1 412.0 0.0 3580 70 1426.939393939394 33
stats: {cpu,"tsung_controller@ip-172-31-23-21"} 1 2.6 0.0 5.369807497467072 0.3003003003003003 1.7992785268352633 34
stats: {load,"tsung_controller@ip-172-31-23-21"} 1 0.01953125 0.0 0.1484375 0.0 0.040785845588235295 34
stats: {freemem,"tsung_controller@ip-172-31-23-21"} 1 3465.0390625 0.0 3521.69921875 3464.453125 3485.9281939338234 34
stats: session 15 129095.90806666666 20943.793510152453 187574.199 35010.262 67396.99248470282 2288
stats: users_count 0 2429
stats: finish_users_count 15 2303
stats: request 70 18124.678185714285 574.0333948351843 19978.342 0.775 1604.8000491682062 18935
stats: connect 8 1.691875 0.16887897848755476 359.607 1.114 1.9512112365739465 3631
stats: page 21 63520.11114285715 28841.541042276178 85597.713 0.837 3715.398718995511 7128
stats: 302 32 1195
stats: 200 38 2356
stats: size_rcv 39214 7751676
stats: newphase 0 11
stats: 502 0 15276
stats: size_sent 42702 8033745
stats: connected -11 126
stats: 500 0 178
# stats: dump at 1575463586
stats: users 115 1452
stats: {recvpackets,"tsung_controller@ip-172-31-23-21"} 1 261.0 0.0 3073 67 1279.2647058823534 34
stats: {sentpackets,"tsung_controller@ip-172-31-23-21"} 1 193.0 0.0 3580 70 1397.0882352941176 34
stats: {cpu,"tsung_controller@ip-172-31-23-21"} 1 0.30120481927710846 0.0 5.369807497467072 0.3003003003003003 1.8221562832113987 35
stats: {load,"tsung_controller@ip-172-31-23-21"} 1 0.01171875 0.0 0.1484375 0.0 0.04017857142857143 35
stats: {freemem,"tsung_controller@ip-172-31-23-21"} 1 3465.37109375 0.0 3521.69921875 3464.453125 3485.3313616071428 35
stats: session 11 147113.3630909091 27892.97462249618 191013.849 35010.262 67798.85255145463 2303
stats: users_count 0 2429
stats: finish_users_count 11 2314
stats: request 65 18089.02572307692 785.9717557496763 19978.342 0.775 1665.646745803735 19005
stats: connect 0 0 0 359.607 1.114 1.9506411101951084 3639
stats: page 14 63531.21607142858 29324.045401118074 87641.535 0.837 3891.0734932158343 7149
stats: 302 29 1224
stats: 200 36 2392
stats: size_rcv 37939 7789615
stats: newphase 0 11
stats: 502 0 15276
stats: size_sent 36408 8070153
stats: connected -10 116
stats: 500 0 178
# stats: dump at 1575463596
stats: users 97 1452
stats: {recvpackets,"tsung_controller@ip-172-31-23-21"} 1 347.0 0.0 3073 67 1250.171428571429 35
stats: {sentpackets,"tsung_controller@ip-172-31-23-21"} 1 316.0 0.0 3580 70 1362.6857142857143 35
stats: {cpu,"tsung_controller@ip-172-31-23-21"} 1 2.3 0.0 5.369807497467072 0.3003003003003003 1.7799076314354463 36
stats: {load,"tsung_controller@ip-172-31-23-21"} 1 0.01171875 0.0 0.1484375 0.0 0.039388020833333336 36
stats: {freemem,"tsung_controller@ip-172-31-23-21"} 1 3465.3984375 0.0 3521.69921875 3464.453125 3484.776909722222 36
stats: session 18 138265.8628888889 23439.105533047416 191013.849 35010.262 68175.88782195334 2314
stats: users_count 0 2429
stats: finish_users_count 18 2332
stats: request 76 17387.330855263153 917.1707256236383 19978.342 0.775 1721.6257512323011 19070
stats: connect 0 0 0 359.607 1.114 1.9506411101951084 3639
stats: page 27 66555.54148148146 31834.422003424203 88457.633 0.837 4007.6394566522404 7163
stats: 302 39 1263
stats: 200 37 2429
stats: size_rcv 37828 7827443
stats: newphase 0 11
stats: 502 0 15276
stats: size_sent 40067 8110220
stats: connected -19 97
stats: 500 0 178
# stats: dump at 1575463606
stats: users 86 1452
stats: {recvpackets,"tsung_controller@ip-172-31-23-21"} 1 213.0 0.0 3073 67 1225.0833333333337 36
stats: {sentpackets,"tsung_controller@ip-172-31-23-21"} 1 136.0 0.0 3580 70 1333.611111111111 36
stats: {cpu,"tsung_controller@ip-172-31-23-21"} 1 0.2004008016032064 0.0 5.369807497467072 0.2004008016032064 1.7939641819371908 37
stats: {load,"tsung_controller@ip-172-31-23-21"} 1 0.01171875 0.0 0.1484375 0.0 0.0386402027027027 37
stats: {freemem,"tsung_controller@ip-172-31-23-21"} 1 3465.80859375 0.0 3521.69921875 3464.453125 3484.2531672297296 37
stats: session 11 179399.43754545457 11499.676934003259 192794.616 35010.262 68716.89106003431 2332
stats: users_count 0 2429
stats: finish_users_count 11 2343
stats: request 69 16391.64330434783 1278.045873154657 19978.342 0.775 1783.8107291862523 19146
stats: connect 0 0 0 359.607 1.114 1.9506411101951084 3639
stats: page 11 86648.06709090908 934.9964173762576 88457.633 0.837 4242.5203126564675 7190
stats: 302 33 1296
stats: 200 36 2465
stats: size_rcv 39889 7867332
stats: newphase 0 11
stats: 502 0 15276
stats: size_sent 51279 8161499
stats: connected -11 86
stats: 500 0 178
# stats: dump at 1575463616
stats: users 68 1452
stats: {recvpackets,"tsung_controller@ip-172-31-23-21"} 1 234.0 0.0 3073 67 1197.72972972973 37
stats: {sentpackets,"tsung_controller@ip-172-31-23-21"} 1 142.0 0.0 3580 70 1301.2432432432433 37
stats: {cpu,"tsung_controller@ip-172-31-23-21"} 1 0.5005005005005005 0.0 5.369807497467072 0.2004008016032064 1.7520283035073492 38
stats: {load,"tsung_controller@ip-172-31-23-21"} 1 0.01171875 0.0 0.1484375 0.0 0.037931743421052634 38
stats: {freemem,"tsung_controller@ip-172-31-23-21"} 1 3465.98046875 0.0 3521.69921875 3464.453125 3483.7677837171054 38
stats: session 18 168423.05955555558 12411.442392621999 193077.557 35010.262 69236.52742851045 2343
stats: users_count 0 2429
stats: finish_users_count 18 2361
stats: request 57 13019.058561403514 1018.2212176358455 19978.342 0.775 1836.2666463179798 19215
stats: connect 0 0 0 359.607 1.114 1.9506411101951084 3639
stats: page 16 80528.53868750001 7127.2733539853925 88457.633 0.837 4368.400192473267 7201
stats: 302 25 1321
stats: 200 32 2497
stats: size_rcv 34100 7901432
stats: newphase 0 11
stats: 502 0 15276
stats: size_sent 30036 8191535
stats: connected -16 70
stats: 500 0 178
# stats: dump at 1575463626
stats: users 54 1452
stats: {recvpackets,"tsung_controller@ip-172-31-23-21"} 1 199.0 0.0 3073 67 1172.368421052632 38
stats: {sentpackets,"tsung_controller@ip-172-31-23-21"} 1 128.0 0.0 3580 70 1270.7368421052631 38
stats: {cpu,"tsung_controller@ip-172-31-23-21"} 1 0.4 0.0 5.369807497467072 0.2004008016032064 1.7199378470199942 39
stats: {load,"tsung_controller@ip-172-31-23-21"} 1 0.01171875 0.0 0.1484375 0.0 0.037259615384615384 39
stats: {freemem,"tsung_controller@ip-172-31-23-21"} 1 3466.109375 0.0 3521.69921875 3464.453125 3483.3116987179487 39
stats: session 14 161488.09421428572 2214.386380144758 193077.557 35010.262 69992.71445870394 2361
stats: users_count 0 2429
stats: finish_users_count 14 2375
stats: request 52 14586.559346153841 725.971188970834 19978.342 0.775 1869.3415290058106 19272
stats: connect 0 0 0 359.607 1.114 1.9506411101951084 3639
stats: page 16 82038.65443750002 2547.399005690505 88457.633 0.837 4537.246280310378 7217
stats: 302 17 1338
stats: 200 35 2532
stats: size_rcv 36628 7938060
stats: newphase 0 11
stats: 502 0 15276
stats: size_sent 31285 8222820
stats: connected -16 54
stats: 500 0 178
# stats: dump at 1575463636
stats: users 16 1452
stats: {recvpackets,"tsung_controller@ip-172-31-23-21"} 1 195.0 0.0 3073 67 1147.4102564102568 39
stats: {sentpackets,"tsung_controller@ip-172-31-23-21"} 1 121.0 0.0 3580 70 1241.4358974358975 39
stats: {cpu,"tsung_controller@ip-172-31-23-21"} 1 0.40040040040040037 0.0 5.369807497467072 0.2004008016032064 1.6869394008444947 40
stats: {load,"tsung_controller@ip-172-31-23-21"} 1 0.0 0.0 0.1484375 0.0 0.03662109375 40
stats: {freemem,"tsung_controller@ip-172-31-23-21"} 1 3466.15625 0.0 3521.69921875 3464.453125 3482.881640625 40
stats: session 38 174263.92373684212 12489.129527865884 202127.525 35010.262 70532.05564463157 2375
stats: users_count 0 2429
stats: finish_users_count 38 2413
stats: request 79 8753.995898734178 3615.7188438172893 19978.342 0.775 1903.5629803870827 19324
stats: connect 0 0 0 359.607 1.114 1.9506411101951084 3639
stats: page 38 72718.88731578951 7109.524794308352 88457.633 0.837 4708.685866998479 7233
stats: 302 24 1362
stats: 200 55 2587
stats: size_rcv 63980 8002040
stats: newphase 0 11
stats: 502 0 15276
stats: size_sent 41169 8263989
stats: connected -38 16
stats: 500 0 178
# stats: dump at 1575463640
stats: users 0 1452
stats: {recvpackets,"tsung_controller@ip-172-31-23-21"} 1 309.0 0.0 3073 67 1123.6000000000004 40
stats: {sentpackets,"tsung_controller@ip-172-31-23-21"} 1 203.0 0.0 3580 70 1213.425 40
stats: {cpu,"tsung_controller@ip-172-31-23-21"} 1 0.3009027081243731 0.0 5.369807497467072 0.2004008016032064 1.655560400833663 41
stats: {load,"tsung_controller@ip-172-31-23-21"} 1 0.0 0.0 0.1484375 0.0 0.035727896341463415 41
stats: {freemem,"tsung_controller@ip-172-31-23-21"} 1 3467.6953125 0.0 3521.69921875 3464.453125 3482.4737042682927 41
stats: session 16 179908.01299999998 5358.0770418798065 202127.525 35010.262 72165.62837049316 2413
stats: users_count 0 2429
stats: finish_users_count 16 2429
stats: request 20 3188.9423999999995 1575.5252717691776 19978.342 0.775 1931.4547600371068 19403
stats: connect 0 0 0 359.607 1.114 1.9506411101951084 3639
stats: page 16 44948.61037499999 6936.106187844832 88457.633 0.837 5064.123586026681 7271
stats: 302 0 1362
stats: 200 20 2607
stats: size_rcv 24068 8026108
stats: newphase 0 11
stats: 502 0 15276
stats: size_sent 4086 8268075
stats: connected -16 0
stats: 500 0 178
EndMonitor:{1575,463640,335637}
