# stats: dump at 1574407950
stats: users 9 9
stats: {freemem,"tsung_controller@ip-172-31-28-236"} 1 3517.29296875 0 3517.29296875 3517.29296875 0 0
stats: {load,"tsung_controller@ip-172-31-28-236"} 1 0.16015625 0 0.16015625 0.16015625 0 0
stats: {cpu,"tsung_controller@ip-172-31-28-236"} 1 1.1452421550912375 0 1.1452421550912375 1.1452421550912375 0 0
stats: users_count 9 9
stats: finish_users_count 0 0
stats: request 19 17.88036842105264 3.625518143884313 26.054 13.605 0 0
stats: connect 9 2.761 3.0881381661663605 10.801 1.207 0 0
stats: page 9 37.97288888888889 20.161253639617442 64.168 14.444 0 0
stats: 302 9 9
stats: 200 10 10
stats: size_rcv 11414 11414
stats: size_sent 11341 11341
stats: connected 9 9
# stats: dump at 1574407960
stats: users 22 22
stats: {freemem,"tsung_controller@ip-172-31-28-236"} 1 3518.640625 0.0 3518.640625 3517.29296875 3517.29296875 1
stats: {load,"tsung_controller@ip-172-31-28-236"} 1 0.12890625 0.0 0.16015625 0.12890625 0.16015625 1
stats: {recvpackets,"tsung_controller@ip-172-31-28-236"} 1 68 0 68 68 0 0
stats: {sentpackets,"tsung_controller@ip-172-31-28-236"} 1 71 0 71 71 0 0
stats: {cpu,"tsung_controller@ip-172-31-28-236"} 1 0.39920159680638717 0.0 1.1452421550912375 0.39920159680638717 1.1452421550912375 1
stats: users_count 13 22
stats: finish_users_count 0 0
stats: request 28 17.15064285714286 2.7706007756736204 26.054 13.34 17.88036842105264 19
stats: connect 13 1.2751538461538463 0.13983278263909263 10.801 0.908 2.761 9
stats: page 12 40.09641666666666 17.32987170782641 64.168 14.444 37.97288888888889 9
stats: 302 12 21
stats: 200 16 26
stats: size_rcv 17949 29363
stats: size_sent 18054 29395
stats: connected 13 22
# stats: dump at 1574407970
stats: users 33 33
stats: {freemem,"tsung_controller@ip-172-31-28-236"} 1 3519.48046875 0.0 3519.48046875 3517.29296875 3517.966796875 2
stats: {load,"tsung_controller@ip-172-31-28-236"} 1 0.109375 0.0 0.16015625 0.109375 0.14453125 2
stats: {recvpackets,"tsung_controller@ip-172-31-28-236"} 1 120.0 0.0 120 68 68.0 1
stats: {sentpackets,"tsung_controller@ip-172-31-28-236"} 1 125.0 0.0 125 71 71.0 1
stats: {cpu,"tsung_controller@ip-172-31-28-236"} 1 0.1004016064257028 0.0 1.1452421550912375 0.1004016064257028 0.7722218759488123 2
stats: users_count 11 33
stats: finish_users_count 0 0
stats: request 26 16.913230769230776 2.378931633312805 26.054 13.34 17.445638297872343 47
stats: connect 11 1.3288181818181821 0.12882321796789306 10.801 0.908 1.883 22
stats: page 12 36.72275 17.57248670092445 64.168 14.26 39.18633333333333 21
stats: 302 12 33
stats: 200 14 40
stats: size_rcv 15771 45134
stats: size_sent 15595 44990
stats: connected 11 33
# stats: dump at 1574407980
stats: users 44 44
stats: {freemem,"tsung_controller@ip-172-31-28-236"} 1 3519.40625 0.0 3519.48046875 3517.29296875 3518.4713541666665 3
stats: {load,"tsung_controller@ip-172-31-28-236"} 1 0.1015625 0.0 0.16015625 0.1015625 0.1328125 3
stats: {recvpackets,"tsung_controller@ip-172-31-28-236"} 1 84.0 0.0 120 68 94.0 2
stats: {sentpackets,"tsung_controller@ip-172-31-28-236"} 1 86.0 0.0 125 71 98.0 2
stats: {cpu,"tsung_controller@ip-172-31-28-236"} 1 0.3003003003003003 0.0 1.1452421550912375 0.1004016064257028 0.5482817861077758 3
stats: session 4 30059.02175 0.9998453317869398 30060.029 30057.647 0 0
stats: users_count 15 48
stats: finish_users_count 4 4
stats: request 30 17.148866666666663 3.4023260840522362 26.054 11.435 17.25601369863014 73
stats: connect 14 1.2452142857142856 0.10810786846705377 10.801 0.908 1.6982727272727274 33
stats: page 18 28.624611111111115 15.531783131297393 64.168 11.435 38.290484848484844 33
stats: 302 14 47
stats: 200 16 56
stats: size_rcv 18030 63164
stats: size_sent 18484 63474
stats: connected 10 43
# stats: dump at 1574407990
stats: users 43 45
stats: {freemem,"tsung_controller@ip-172-31-28-236"} 1 3518.91015625 0.0 3519.48046875 3517.29296875 3518.705078125 4
stats: {load,"tsung_controller@ip-172-31-28-236"} 1 0.078125 0.0 0.16015625 0.078125 0.125 4
stats: {recvpackets,"tsung_controller@ip-172-31-28-236"} 1 115.0 0.0 120 68 90.66666666666667 3
stats: {sentpackets,"tsung_controller@ip-172-31-28-236"} 1 128.0 0.0 128 71 94.0 3
stats: {cpu,"tsung_controller@ip-172-31-28-236"} 1 0.4 0.0 1.1452421550912375 0.1004016064257028 0.48628641465590694 4
stats: session 5 30060.810599999997 0.94461094636858 30062.038 30057.647 30059.02175 4
stats: users_count 4 52
stats: finish_users_count 5 9
stats: request 17 19.414999999999996 3.749431815779089 26.054 11.435 17.224805825242722 103
stats: connect 5 1.3456 0.10904054291867775 10.801 0.908 1.5633191489361702 47
stats: page 10 33.06519999999999 14.223317283953135 64.168 11.435 34.879 51
stats: 302 5 52
stats: 200 12 68
stats: size_rcv 12712 75876
stats: size_sent 13080 76554
stats: connected 0 43
# stats: dump at 1574408000
stats: users 54 54
stats: {freemem,"tsung_controller@ip-172-31-28-236"} 1 3518.453125 0.0 3519.48046875 3517.29296875 3518.74609375 5
stats: {load,"tsung_controller@ip-172-31-28-236"} 1 0.0703125 0.0 0.16015625 0.0703125 0.115625 5
stats: {recvpackets,"tsung_controller@ip-172-31-28-236"} 1 66.0 0.0 120 66 96.75 4
stats: {sentpackets,"tsung_controller@ip-172-31-28-236"} 1 77.0 0.0 128 71 102.5 4
stats: {cpu,"tsung_controller@ip-172-31-28-236"} 1 0.2004008016032064 0.0 1.1452421550912375 0.1004016064257028 0.46902913172472555 5
stats: session 4 30062.61125 4.587067711240664 30070.309 30057.647 30060.015555555558 9
stats: users_count 15 67
stats: finish_users_count 4 13
stats: request 34 18.256764705882354 3.9451261148769037 31.651 10.885 17.535083333333336 120
stats: connect 14 1.229142857142857 0.14779660596473068 10.801 0.783 1.5423846153846152 52
stats: page 18 34.536777777777786 17.36248336550057 64.168 10.885 34.581655737704914 61
stats: 302 14 66
stats: 200 20 88
stats: size_rcv 22124 98000
stats: newphase 1 1
stats: size_sent 22364 98918
stats: connected 10 53
# stats: dump at 1574408010
stats: users 61 62
stats: {freemem,"tsung_controller@ip-172-31-28-236"} 1 3518.109375 0.0 3519.48046875 3517.29296875 3518.697265625 6
stats: {load,"tsung_controller@ip-172-31-28-236"} 1 0.05859375 0.0 0.16015625 0.05859375 0.10807291666666667 6
stats: {recvpackets,"tsung_controller@ip-172-31-28-236"} 1 122.0 0.0 122 66 90.6 5
stats: {sentpackets,"tsung_controller@ip-172-31-28-236"} 1 132.0 0.0 132 71 97.4 5
stats: {cpu,"tsung_controller@ip-172-31-28-236"} 1 0.4 0.0 1.1452421550912375 0.1004016064257028 0.42425774337113903 6
stats: session 10 30058.0237 2.6220209781766033 30070.309 30051.769 30060.814230769232 13
stats: users_count 17 84
stats: finish_users_count 10 23
stats: request 47 17.818765957446818 4.024632322113762 31.651 10.264 17.694415584415587 154
stats: connect 17 1.602294117647059 1.6224438271688606 10.801 0.783 1.4759393939393939 66
stats: page 27 31.06596296296297 14.471768087943534 64.168 10.264 34.571430379746836 79
stats: 302 17 83
stats: 200 30 118
stats: size_rcv 32478 130478
stats: newphase 0 1
stats: size_sent 32967 131885
stats: connected 5 58
# stats: dump at 1574408020
stats: users 88 88
stats: {freemem,"tsung_controller@ip-172-31-28-236"} 1 3517.734375 0.0 3519.48046875 3517.29296875 3518.61328125 7
stats: {load,"tsung_controller@ip-172-31-28-236"} 1 0.05078125 0.0 0.16015625 0.05078125 0.10100446428571429 7
stats: {recvpackets,"tsung_controller@ip-172-31-28-236"} 1 207.0 0.0 207 66 95.83333333333333 6
stats: {sentpackets,"tsung_controller@ip-172-31-28-236"} 1 225.0 0.0 225 71 103.16666666666667 6
stats: {cpu,"tsung_controller@ip-172-31-28-236"} 1 0.4008016032064128 0.0 1.1452421550912375 0.1004016064257028 0.4207923514609763 7
stats: session 4 30060.8925 1.1962496603962973 30070.309 30051.769 30059.600956521743 23
stats: users_count 31 115
stats: finish_users_count 4 27
stats: request 78 17.259384615384608 3.0912560397600606 31.651 10.264 17.723492537313437 201
stats: connect 30 1.167133333333333 0.2366261092008985 10.801 0.783 1.5018192771084338 83
stats: page 34 39.6664705882353 15.948722145446773 64.168 10.264 33.67852830188679 106
stats: 302 30 113
stats: 200 48 166
stats: size_rcv 52878 183356
stats: newphase 1 2
stats: size_sent 52490 184375
stats: connected 19 77
# stats: dump at 1574408030
stats: users 108 109
stats: {freemem,"tsung_controller@ip-172-31-28-236"} 1 3516.671875 0.0 3519.48046875 3516.671875 3518.50341796875 8
stats: {load,"tsung_controller@ip-172-31-28-236"} 1 0.0390625 0.0 0.16015625 0.0390625 0.0947265625 8
stats: {recvpackets,"tsung_controller@ip-172-31-28-236"} 1 302.0 0.0 302 66 111.71428571428571 7
stats: {sentpackets,"tsung_controller@ip-172-31-28-236"} 1 307.0 0.0 307 71 120.57142857142857 7
stats: {cpu,"tsung_controller@ip-172-31-28-236"} 1 0.6018054162487462 0.0 1.1452421550912375 0.1004016064257028 0.41829350792915587 8
stats: session 9 30058.526333333328 2.8177300951095527 30070.309 30051.769 30059.792296296295 27
stats: users_count 29 144
stats: finish_users_count 9 36
stats: request 79 17.543240506329116 3.7724645579370097 33.281 10.264 17.593741935483873 279
stats: connect 31 1.1522258064516135 0.20226024591096134 10.801 0.754 1.4129646017699113 113
stats: page 39 35.6015641025641 16.920752545540914 64.348 10.264 35.13274285714286 140
stats: 302 31 144
stats: 200 48 214
stats: size_rcv 52825 236181
stats: newphase 0 2
stats: size_sent 52844 237219
stats: connected 14 91
# stats: dump at 1574408040
stats: users 127 127
stats: {freemem,"tsung_controller@ip-172-31-28-236"} 1 3515.11328125 0.0 3519.48046875 3515.11328125 3518.2999131944443 9
stats: {load,"tsung_controller@ip-172-31-28-236"} 1 0.03125 0.0 0.16015625 0.03125 0.08854166666666667 9
stats: {recvpackets,"tsung_controller@ip-172-31-28-236"} 1 308.0 0.0 308 66 135.5 8
stats: {sentpackets,"tsung_controller@ip-172-31-28-236"} 1 322.0 0.0 322 71 143.875 8
stats: {cpu,"tsung_controller@ip-172-31-28-236"} 1 0.8008008008008007 0.0 1.1452421550912375 0.1004016064257028 0.43868371996466593 9
stats: session 11 30057.428272727273 3.3115413080176523 30070.309 30051.769 30059.475805555554 36
stats: users_count 30 174
stats: finish_users_count 11 47
stats: request 86 17.853848837209306 4.114404253457692 34.978 8.481 17.58259776536313 358
stats: connect 30 1.1188333333333333 0.17787825112200256 10.801 0.754 1.3568333333333333 144
stats: page 42 36.62107142857142 16.148005323366394 70.605 10.264 35.234888268156425 179
stats: 302 30 174
stats: 200 56 270
stats: size_rcv 60694 296875
stats: newphase 0 2
stats: size_sent 60508 297727
stats: connected 15 106
# stats: dump at 1574408050
stats: users 144 145
stats: {freemem,"tsung_controller@ip-172-31-28-236"} 1 3511.7109375 0.0 3519.48046875 3511.7109375 3517.98125 10
stats: {load,"tsung_controller@ip-172-31-28-236"} 1 0.03125 0.0 0.16015625 0.03125 0.0828125 10
stats: {recvpackets,"tsung_controller@ip-172-31-28-236"} 1 466.0 0.0 466 66 154.66666666666666 9
stats: {sentpackets,"tsung_controller@ip-172-31-28-236"} 1 538.0 0.0 538 71 163.66666666666666 9
stats: {cpu,"tsung_controller@ip-172-31-28-236"} 1 2.7027027027027026 0.0 2.7027027027027026 0.1004016064257028 0.4748954280482794 10
stats: session 16 51944.349875 32457.92298172134 100104.017 30051.769 30058.996595744677 47
stats: users_count 33 207
stats: finish_users_count 16 63
stats: request 99 17.40532323232322 4.337636327035943 34.978 6.867 17.63513738738739 444
stats: connect 37 1.283189189189189 0.3457118654850891 10.801 0.754 1.3157988505747127 174
stats: page 47 36.23014893617021 15.184185022832319 70.605 10.264 35.4983257918552 221
stats: 302 37 211
stats: 200 62 332
stats: size_rcv 72305 369180
stats: newphase 0 2
stats: size_sent 73586 371313
stats: connected 18 124
# stats: dump at 1574408060
stats: users 149 149
stats: {freemem,"tsung_controller@ip-172-31-28-236"} 1 3510.484375 0.0 3519.48046875 3510.484375 3517.411221590909 11
stats: {load,"tsung_controller@ip-172-31-28-236"} 1 0.01953125 0.0 0.16015625 0.01953125 0.078125 11
stats: {recvpackets,"tsung_controller@ip-172-31-28-236"} 1 380.0 0.0 466 66 185.8 10
stats: {sentpackets,"tsung_controller@ip-172-31-28-236"} 1 404.0 0.0 538 71 201.1 10
stats: {cpu,"tsung_controller@ip-172-31-28-236"} 1 0.6018054162487462 0.0 2.7027027027027026 0.1004016064257028 0.6774233621077724 11
stats: session 22 55521.06468181818 33685.01310076943 100104.017 30051.769 35617.18155555556 63
stats: users_count 27 234
stats: finish_users_count 22 85
stats: request 97 16.956237113402075 4.173179197432138 34.978 6.753 17.593237569060772 543
stats: connect 36 1.1643888888888887 0.22813169658698093 10.801 0.751 1.3100805687203791 211
stats: page 51 32.764568627450984 13.714390340155594 70.605 10.264 35.62666791044776 268
stats: 302 36 247
stats: 200 61 393
stats: size_rcv 73314 442494
stats: newphase 0 2
stats: size_sent 73382 444695
stats: connected 8 132
# stats: dump at 1574408070
stats: users 176 178
stats: {freemem,"tsung_controller@ip-172-31-28-236"} 1 3509.7421875 0.0 3519.48046875 3509.7421875 3516.833984375 12
stats: {load,"tsung_controller@ip-172-31-28-236"} 1 0.01953125 0.0 0.16015625 0.01953125 0.0732421875 12
stats: {recvpackets,"tsung_controller@ip-172-31-28-236"} 1 375.0 0.0 466 66 203.45454545454547 11
stats: {sentpackets,"tsung_controller@ip-172-31-28-236"} 1 402.0 0.0 538 71 219.54545454545453 11
stats: {cpu,"tsung_controller@ip-172-31-28-236"} 1 0.6012024048096193 0.0 2.7027027027027026 0.1004016064257028 0.6711218666195201 12
stats: session 21 53402.30566666667 33008.97509559391 100104.017 30051.769 40768.77483529412 85
stats: users_count 48 282
stats: finish_users_count 21 106
stats: request 156 17.338762820512827 4.127102149848529 34.978 6.598 17.4966921875 640
stats: connect 55 1.3572727272727272 1.5396867267496093 11.314 0.745 1.288846153846154 247
stats: page 69 39.2715072463768 14.268877639482627 70.605 10.264 35.169090909090905 319
stats: 302 55 302
stats: 200 101 494
stats: size_rcv 116008 558502
stats: newphase 1 3
stats: size_sent 115736 560431
stats: connected 32 164
# stats: dump at 1574408080
stats: users 193 200
stats: {freemem,"tsung_controller@ip-172-31-28-236"} 1 3508.3828125 0.0 3519.48046875 3508.3828125 3516.2884615384614 13
stats: {load,"tsung_controller@ip-172-31-28-236"} 1 0.01953125 0.0 0.16015625 0.01953125 0.06911057692307693 13
stats: {recvpackets,"tsung_controller@ip-172-31-28-236"} 1 605.0 0.0 605 66 217.75 12
stats: {sentpackets,"tsung_controller@ip-172-31-28-236"} 1 634.0 0.0 634 71 234.75 12
stats: {cpu,"tsung_controller@ip-172-31-28-236"} 1 1.001001001001001 0.0 2.7027027027027026 0.1004016064257028 0.665743446480297 13
stats: session 19 48489.6127894737 30833.127527838136 100104.017 30051.769 43271.6441509434 106
stats: users_count 36 318
stats: finish_users_count 19 125
stats: request 120 18.314941666666666 4.813763720305615 36.161 6.598 17.465741206030152 796
stats: connect 41 1.289829268292683 0.2572226806408213 11.314 0.745 1.3013079470198676 302
stats: page 55 40.03136363636361 15.522591903256405 70.605 10.264 35.898644329896904 388
stats: 302 41 343
stats: 200 79 573
stats: size_rcv 89936 648438
stats: newphase 0 3
stats: size_sent 90240 650671
stats: connected 11 175
# stats: dump at 1574408090
stats: users 216 217
stats: {freemem,"tsung_controller@ip-172-31-28-236"} 1 3508.23046875 0.0 3519.48046875 3508.23046875 3515.7237723214284 14
stats: {load,"tsung_controller@ip-172-31-28-236"} 1 0.01171875 0.0 0.16015625 0.01171875 0.06556919642857142 14
stats: {recvpackets,"tsung_controller@ip-172-31-28-236"} 1 392.0 0.0 605 66 247.53846153846155 13
stats: {sentpackets,"tsung_controller@ip-172-31-28-236"} 1 405.0 0.0 634 71 265.46153846153845 13
stats: {cpu,"tsung_controller@ip-172-31-28-236"} 1 0.9009009009009009 0.0 2.7027027027027026 0.1004016064257028 0.6896904146603473 14
stats: session 16 30060.917687499998 2.829063310503824 100104.017 30051.769 44064.775384 125
stats: users_count 39 357
stats: finish_users_count 16 141
stats: request 109 18.74697247706421 4.2979153288023735 36.161 6.598 17.576990174672492 916
stats: connect 39 1.1975641025641028 0.1904258109621825 11.314 0.745 1.299935860058309 343
stats: page 55 37.21296363636363 17.270072862891656 78.706 9.653 36.41173589164785 443
stats: 302 39 382
stats: 200 70 643
stats: size_rcv 76030 724468
stats: newphase 1 4
stats: size_sent 76301 726972
stats: connected 2 177
# stats: dump at 1574408100
stats: users 243 244
stats: {freemem,"tsung_controller@ip-172-31-28-236"} 1 3508.234375 0.0 3519.48046875 3508.23046875 3515.22421875 15
stats: {load,"tsung_controller@ip-172-31-28-236"} 1 0.01171875 0.0 0.16015625 0.01171875 0.06197916666666667 15
stats: {recvpackets,"tsung_controller@ip-172-31-28-236"} 1 454.0 0.0 605 66 257.85714285714283 14
stats: {sentpackets,"tsung_controller@ip-172-31-28-236"} 1 468.0 0.0 634 71 275.42857142857144 14
stats: {cpu,"tsung_controller@ip-172-31-28-236"} 1 0.8999999999999999 0.0 2.7027027027027026 0.1004016064257028 0.7037711137430508 15
stats: session 21 50067.30890476189 31633.533671613837 100104.017 30051.769 42475.68514893617 141
stats: users_count 48 405
stats: finish_users_count 21 162
stats: request 136 17.455808823529413 4.076670735659302 36.161 6.598 17.701407804878052 1025
stats: connect 54 1.1138888888888887 0.31223214693597284 11.314 0.691 1.2894842931937172 382
stats: page 69 34.460318840579724 16.168035318870803 78.706 7.874 36.500224899598386 498
stats: 302 54 436
stats: 200 82 725
stats: size_rcv 95525 819993
stats: newphase 0 4
stats: size_sent 96202 823174
stats: connected 19 196
# stats: dump at 1574408110
stats: users 233 249
stats: {freemem,"tsung_controller@ip-172-31-28-236"} 1 3507.828125 0.0 3519.48046875 3507.828125 3514.787353515625 16
stats: {load,"tsung_controller@ip-172-31-28-236"} 1 0.01171875 0.0 0.16015625 0.01171875 0.058837890625 16
stats: {recvpackets,"tsung_controller@ip-172-31-28-236"} 1 558.0 0.0 605 66 270.9333333333333 15
stats: {sentpackets,"tsung_controller@ip-172-31-28-236"} 1 588.0 0.0 634 71 288.26666666666665 15
stats: {cpu,"tsung_controller@ip-172-31-28-236"} 1 0.9036144578313252 0.0 2.7027027027027026 0.1004016064257028 0.7160354191341102 16
stats: session 19 52174.31978947369 32547.13322973598 100104.017 30051.769 43459.78452469136 162
stats: users_count 9 414
stats: finish_users_count 19 181
stats: request 53 19.129547169811318 5.798207125518759 39.246 6.598 17.67263824289406 1161
stats: connect 14 1.3411428571428572 0.18771515546656517 11.314 0.691 1.26773623853211 436
stats: page 27 37.62192592592592 13.283168034454361 78.706 7.874 36.2519823633157 567
stats: 302 14 450
stats: 200 39 764
stats: size_rcv 45504 865497
stats: newphase 0 4
stats: size_sent 46030 869204
stats: connected -22 174
# stats: dump at 1574408120
stats: users 193 249
stats: {freemem,"tsung_controller@ip-172-31-28-236"} 1 3507.609375 0.0 3519.48046875 3507.609375 3514.377987132353 17
stats: {load,"tsung_controller@ip-172-31-28-236"} 1 0.01171875 0.0 0.16015625 0.01171875 0.05606617647058824 17
stats: {recvpackets,"tsung_controller@ip-172-31-28-236"} 1 256.0 0.0 605 66 288.87499999999994 16
stats: {sentpackets,"tsung_controller@ip-172-31-28-236"} 1 247.0 0.0 634 71 307.0 16
stats: {cpu,"tsung_controller@ip-172-31-28-236"} 1 0.6012024048096193 0.0 2.7027027027027026 0.1004016064257028 0.7270694802339464 17
stats: session 40 65071.749699999986 35010.53289309434 100104.017 30051.769 44374.56999447514 181
stats: users_count 0 414
stats: finish_users_count 40 221
stats: request 82 17.67128048780488 6.601497592978966 39.246 6.598 17.736242998352555 1214
stats: connect 21 1.1876190476190476 0.2238865520941728 11.314 0.691 1.2700199999999997 450
stats: page 41 35.405024390243916 8.286710670170187 78.706 7.874 36.31425252525253 594
stats: 302 21 471
stats: 200 61 825
stats: size_rcv 82516 948013
stats: newphase 0 4
stats: size_sent 83905 953109
stats: connected -36 138
# stats: dump at 1574408130
stats: users 153 249
stats: {freemem,"tsung_controller@ip-172-31-28-236"} 1 3507.2578125 0.0 3519.48046875 3507.2578125 3514.001953125 18
stats: {load,"tsung_controller@ip-172-31-28-236"} 1 0.0 0.0 0.16015625 0.0 0.05360243055555555 18
stats: {recvpackets,"tsung_controller@ip-172-31-28-236"} 1 418.0 0.0 605 66 286.9411764705882 17
stats: {sentpackets,"tsung_controller@ip-172-31-28-236"} 1 429.0 0.0 634 71 303.47058823529414 17
stats: {cpu,"tsung_controller@ip-172-31-28-236"} 1 0.7021063189568706 0.0 2.7027027027027026 0.1004016064257028 0.7200768649325949 18
stats: session 40 56343.712250000004 33881.23266093078 100104.017 30051.769 48120.66586877828 221
stats: users_count 0 414
stats: finish_users_count 40 261
stats: request 80 30.97100000000001 48.803499742334054 299.628 6.598 17.732132716049385 1296
stats: connect 15 1.7017333333333333 2.0088286293813673 11.314 0.691 1.2663460721868363 471
stats: page 40 62.00350000000001 72.69478018950193 344.14 7.874 36.25554645669291 635
stats: 302 15 486
stats: 200 65 890
stats: size_rcv 80383 1028396
stats: newphase 0 4
stats: size_sent 81442 1034551
stats: connected -43 95
# stats: dump at 1574408140
stats: users 132 249
stats: {freemem,"tsung_controller@ip-172-31-28-236"} 1 3507.16015625 0.0 3519.48046875 3507.16015625 3513.6469983552633 19
stats: {load,"tsung_controller@ip-172-31-28-236"} 1 0.0 0.0 0.16015625 0.0 0.05078125 19
stats: {recvpackets,"tsung_controller@ip-172-31-28-236"} 1 408.0 0.0 605 66 294.2222222222222 18
stats: {sentpackets,"tsung_controller@ip-172-31-28-236"} 1 410.0 0.0 634 71 310.44444444444446 18
stats: {cpu,"tsung_controller@ip-172-31-28-236"} 1 0.6012024048096193 0.0 2.7027027027027026 0.1004016064257028 0.7191310467233463 19
stats: session 21 83411.96138095237 29824.382582674316 100120.658 30051.769 49380.902862068964 261
stats: users_count 0 414
stats: finish_users_count 21 282
stats: request 42 15.99964285714286 7.185964222080458 299.628 6.598 18.501834302325584 1376
stats: connect 16 1.4028125 0.38102234494022785 11.314 0.691 1.2797839506172835 486
stats: page 21 32.057952380952386 6.95230222558166 344.14 7.874 37.78135111111111 675
stats: 302 16 502
stats: 200 26 916
stats: size_rcv 42378 1070774
stats: newphase 0 4
stats: size_sent 42895 1077446
stats: connected -46 49
# stats: dump at 1574408150
stats: users 114 249
stats: {freemem,"tsung_controller@ip-172-31-28-236"} 1 3507.16796875 0.0 3519.48046875 3507.16015625 3513.32265625 20
stats: {load,"tsung_controller@ip-172-31-28-236"} 1 0.0 0.0 0.16015625 0.0 0.0482421875 20
stats: {recvpackets,"tsung_controller@ip-172-31-28-236"} 1 262.0 0.0 605 66 300.2105263157894 19
stats: {sentpackets,"tsung_controller@ip-172-31-28-236"} 1 233.0 0.0 634 71 315.6842105263158 19
stats: {cpu,"tsung_controller@ip-172-31-28-236"} 1 0.5005005005005005 0.0 2.7027027027027026 0.1004016064257028 0.7132346146276599 20
stats: session 18 100082.35522222224 5.175065244416292 100120.658 30051.769 51915.13062411347 282
stats: users_count 0 414
stats: finish_users_count 18 300
stats: request 36 14.402166666666666 6.951119392267375 299.628 6.598 18.427721438645985 1418
stats: connect 18 1.2857222222222224 0.14094002095278985 11.314 0.691 1.2837051792828682 502
stats: page 18 28.87111111111111 2.5614492835304716 344.14 7.874 37.60866235632184 696
stats: 302 18 520
stats: 200 18 934
stats: size_rcv 36414 1107188
stats: newphase 0 4
stats: size_sent 37250 1114696
stats: connected -10 39
# stats: dump at 1574408160
stats: users 102 249
stats: {freemem,"tsung_controller@ip-172-31-28-236"} 1 3505.6328125 0.0 3519.48046875 3505.6328125 3513.0295758928573 21
stats: {load,"tsung_controller@ip-172-31-28-236"} 1 0.0 0.0 0.16015625 0.0 0.04594494047619048 21
stats: {recvpackets,"tsung_controller@ip-172-31-28-236"} 1 362.0 0.0 605 66 298.29999999999995 20
stats: {sentpackets,"tsung_controller@ip-172-31-28-236"} 1 393.0 0.0 634 71 311.55 20
stats: {cpu,"tsung_controller@ip-172-31-28-236"} 1 2.5 0.0 2.7027027027027026 0.1004016064257028 0.7031044187168428 21
stats: session 12 100082.17924999999 3.178919604862329 100120.658 30051.769 54805.1641 300
stats: users_count 0 414
stats: finish_users_count 12 312
stats: request 24 14.479791666666669 6.307069261148998 299.628 6.598 18.328051581843194 1454
stats: connect 12 1.3576666666666666 0.09561932626595708 11.314 0.691 1.2837749999999997 520
stats: page 12 29.0265 1.9300277415968234 344.14 7.874 37.38838795518207 714
stats: 302 12 532
stats: 200 12 946
stats: size_rcv 24276 1131464
stats: newphase 0 4
stats: size_sent 24978 1139674
stats: connected -22 17
# stats: dump at 1574408170
stats: users 69 249
stats: {freemem,"tsung_controller@ip-172-31-28-236"} 1 3504.984375 0.0 3519.48046875 3504.984375 3512.693359375 22
stats: {load,"tsung_controller@ip-172-31-28-236"} 1 0.0 0.0 0.16015625 0.0 0.043856534090909095 22
stats: {recvpackets,"tsung_controller@ip-172-31-28-236"} 1 216.0 0.0 605 66 301.3333333333333 21
stats: {sentpackets,"tsung_controller@ip-172-31-28-236"} 1 197.0 0.0 634 71 315.42857142857144 21
stats: {cpu,"tsung_controller@ip-172-31-28-236"} 1 0.4008016032064128 0.0 2.7027027027027026 0.1004016064257028 0.78478149059335 22
stats: session 33 100082.06678787878 4.007492987630198 100120.658 30051.769 56546.58775961539 312
stats: users_count 0 414
stats: finish_users_count 33 345
stats: request 66 14.24698484848485 6.731816926813598 299.628 6.598 18.265562922868746 1478
stats: connect 33 1.2982121212121216 0.16706299983444053 11.314 0.691 1.285441729323308 532
stats: page 33 28.562939393939395 2.61885874911994 344.14 7.874 37.25017493112947 726
stats: 302 33 565
stats: 200 33 979
stats: size_rcv 66759 1198223
stats: newphase 0 4
stats: size_sent 68269 1207943
stats: connected -17 0
# stats: dump at 1574408180
stats: users 46 249
stats: {freemem,"tsung_controller@ip-172-31-28-236"} 1 3504.99609375 0.0 3519.48046875 3504.984375 3512.3581861413045 23
stats: {load,"tsung_controller@ip-172-31-28-236"} 1 0.0 0.0 0.16015625 0.0 0.04194972826086957 23
stats: {recvpackets,"tsung_controller@ip-172-31-28-236"} 1 440.0 0.0 605 66 297.45454545454544 22
stats: {sentpackets,"tsung_controller@ip-172-31-28-236"} 1 440.0 0.0 634 71 310.04545454545456 22
stats: {cpu,"tsung_controller@ip-172-31-28-236"} 1 0.7014028056112225 0.0 2.7027027027027026 0.1004016064257028 0.7680867128808745 23
stats: session 23 100083.96143478258 3.7256678517268464 100120.658 30051.769 60710.85097101449 345
stats: users_count 0 414
stats: finish_users_count 23 368
stats: request 46 14.064826086956518 6.409779889405238 299.628 6.591 18.093784326424874 1544
stats: connect 23 1.344869565217391 0.2133894794578429 11.314 0.691 1.286187610619469 565
stats: page 23 28.200043478260863 2.0120752963320343 344.14 7.874 36.872469038208166 759
stats: 302 23 588
stats: 200 23 1002
stats: size_rcv 46525 1244748
stats: newphase 0 4
stats: size_sent 47749 1255692
stats: connected 0 0
# stats: dump at 1574408190
stats: users 27 249
stats: {freemem,"tsung_controller@ip-172-31-28-236"} 1 3505.00390625 0.0 3519.48046875 3504.984375 3512.0514322916665 24
stats: {load,"tsung_controller@ip-172-31-28-236"} 1 0.0 0.0 0.16015625 0.0 0.040201822916666664 24
stats: {recvpackets,"tsung_controller@ip-172-31-28-236"} 1 199.0 0.0 605 66 303.6521739130435 23
stats: {sentpackets,"tsung_controller@ip-172-31-28-236"} 1 207.0 0.0 634 71 315.69565217391306 23
stats: {cpu,"tsung_controller@ip-172-31-28-236"} 1 0.30060120240480964 0.0 2.7027027027027026 0.1004016064257028 0.7653082167446391 24
stats: session 19 100086.84184210525 6.708352203847107 100120.658 30051.769 63171.670374999994 368
stats: users_count 0 414
stats: finish_users_count 19 387
stats: request 34 14.689029411764707 7.3155716614922905 299.628 6.591 17.977223270440255 1590
stats: connect 17 1.8275882352941177 2.55271661658075 12.002 0.691 1.2884829931972788 588
stats: page 17 29.433058823529414 2.6798461209244664 344.14 7.874 36.617397698209714 782
stats: 302 17 605
stats: 200 17 1019
stats: size_rcv 34387 1279135
stats: newphase 0 4
stats: size_sent 35125 1290817
stats: connected 0 0
# stats: dump at 1574408200
stats: users 4 249
stats: {freemem,"tsung_controller@ip-172-31-28-236"} 1 3504.6484375 0.0 3519.48046875 3504.6484375 3511.76953125 25
stats: {load,"tsung_controller@ip-172-31-28-236"} 1 0.0 0.0 0.16015625 0.0 0.03859375 25
stats: {recvpackets,"tsung_controller@ip-172-31-28-236"} 1 361.0 0.0 605 66 299.2916666666667 24
stats: {sentpackets,"tsung_controller@ip-172-31-28-236"} 1 417.0 0.0 634 71 311.1666666666667 24
stats: {cpu,"tsung_controller@ip-172-31-28-236"} 1 2.4975024975024978 0.0 2.7027027027027026 0.1004016064257028 0.7467199361710459 25
stats: session 23 100075.70669565216 3.4056458167451544 100120.658 30051.769 64984.043134366926 387
stats: users_count 0 414
stats: finish_users_count 23 410
stats: request 50 10.813380000000004 4.286303936446878 299.628 5.847 17.908381773399018 1624
stats: connect 25 1.1768799999999997 0.21576585828161043 12.002 0.691 1.3036314049586775 605
stats: page 25 21.677 2.4548947024261554 344.14 7.874 36.464539424280346 799
stats: 302 25 630
stats: 200 25 1044
stats: size_rcv 24654 1303789
stats: newphase 0 4
stats: size_sent 51705 1342522
stats: connected 0 0
# stats: dump at 1574408208
stats: users 0 249
stats: {freemem,"tsung_controller@ip-172-31-28-236"} 1 3504.66015625 0.0 3519.48046875 3504.6484375 3511.495643028846 26
stats: {load,"tsung_controller@ip-172-31-28-236"} 1 0.0 0.0 0.16015625 0.0 0.03710937500000001 26
stats: {recvpackets,"tsung_controller@ip-172-31-28-236"} 1 240.0 0.0 605 66 301.76 25
stats: {sentpackets,"tsung_controller@ip-172-31-28-236"} 1 264.0 0.0 634 71 315.4 25
stats: {cpu,"tsung_controller@ip-172-31-28-236"} 1 0.2004008016032064 0.0 2.7027027027027026 0.1004016064257028 0.8140577269914864 26
stats: session 4 100079.83374999999 2.7053056550964634 100120.658 30051.769 66952.5998707317 410
stats: users_count 0 414
stats: finish_users_count 4 414
stats: request 8 10.568 4.41165436656137 299.628 5.847 17.6964641577061 1674
stats: connect 4 1.35425 0.053180706087828496 12.002 0.691 1.2986015873015873 630
stats: page 4 21.185000000000002 0.9515558312574197 344.14 7.874 36.01588834951456 824
stats: 302 4 634
stats: 200 4 1048
stats: size_rcv 3584 1307373
stats: newphase 0 4
stats: size_sent 8326 1350848
stats: connected 0 0
EndMonitor:{1574,408208,37424}
