# stats: dump at 1575250080
stats: users 90 90
stats: {freemem,"tsung_controller@ip-172-31-31-18"} 1 3521.4296875 0 3521.4296875 3521.4296875 0 0
stats: {cpu,"tsung_controller@ip-172-31-31-18"} 1 1.8504270541465089 0 1.8504270541465089 1.8504270541465089 0 0
stats: {load,"tsung_controller@ip-172-31-31-18"} 1 0.0 0 0.0 0.0 0 0
stats: users_count 90 90
stats: finish_users_count 0 0
stats: request 190 20.111426315789465 14.780540542509982 134.462 5.98 0 0
stats: connect 88 0.9587500000000001 0.7928731018781116 8.013 0.709 0 0
stats: page 88 43.491829545454536 34.462405729821796 193.459 9.899 0 0
stats: 302 88 88
stats: 200 102 102
stats: size_rcv 115370 115370
stats: size_sent 115455 115455
stats: connected 88 88
# stats: dump at 1575250090
stats: users 188 188
stats: {freemem,"tsung_controller@ip-172-31-31-18"} 1 3521.1015625 0.0 3521.4296875 3521.1015625 3521.4296875 1
stats: {recvpackets,"tsung_controller@ip-172-31-31-18"} 1 773 0 773 773 0 0
stats: {sentpackets,"tsung_controller@ip-172-31-31-18"} 1 803 0 803 803 0 0
stats: {cpu,"tsung_controller@ip-172-31-31-18"} 1 1.0070493454179255 0.0 1.8504270541465089 1.0070493454179255 1.8504270541465089 1
stats: {load,"tsung_controller@ip-172-31-31-18"} 1 0.0 0.0 0.0 0.0 0.0 1
stats: users_count 98 188
stats: finish_users_count 0 0
stats: request 186 29.052548387096785 27.198247881390277 148.119 5.98 20.111426315789465 190
stats: connect 94 1.4911170212765963 1.7916785061178648 11.99 0.709 0.9587500000000001 88
stats: page 93 58.024215053763456 66.79466313026015 357.083 9.899 43.491829545454536 88
stats: 302 94 182
stats: 200 92 194
stats: size_rcv 105391 220761
stats: size_sent 107932 223387
stats: connected 94 182
# stats: dump at 1575250100
stats: users 287 287
stats: {freemem,"tsung_controller@ip-172-31-31-18"} 1 3518.4140625 0.0 3521.4296875 3518.4140625 3521.265625 2
stats: {recvpackets,"tsung_controller@ip-172-31-31-18"} 1 712.0 0.0 773 712 773.0 1
stats: {sentpackets,"tsung_controller@ip-172-31-31-18"} 1 738.0 0.0 803 738 803.0 1
stats: {cpu,"tsung_controller@ip-172-31-31-18"} 1 1.593625498007968 0.0 1.8504270541465089 1.0070493454179255 1.428738199782217 2
stats: {load,"tsung_controller@ip-172-31-31-18"} 1 0.0 0.0 0.0 0.0 0.0 2
stats: users_count 99 287
stats: finish_users_count 0 0
stats: request 203 20.640852216748755 12.176766397906903 148.119 5.98 24.53442819148936 376
stats: connect 104 1.1788750000000001 0.7181530890938226 11.99 0.709 1.2337087912087914 182
stats: page 101 40.04029702970296 30.15870477119549 357.083 9.899 50.95874585635359 181
stats: 302 102 284
stats: 200 101 295
stats: size_rcv 115269 336030
stats: size_sent 118657 342044
stats: connected 104 286
# stats: dump at 1575250110
stats: users 435 435
stats: {freemem,"tsung_controller@ip-172-31-31-18"} 1 3514.91796875 0.0 3521.4296875 3514.91796875 3520.3151041666665 3
stats: {recvpackets,"tsung_controller@ip-172-31-31-18"} 1 793.0 0.0 793 712 742.5 2
stats: {sentpackets,"tsung_controller@ip-172-31-31-18"} 1 815.0 0.0 815 738 770.5 2
stats: {cpu,"tsung_controller@ip-172-31-31-18"} 1 1.6 0.0 1.8504270541465089 1.0070493454179255 1.483700632524134 3
stats: {load,"tsung_controller@ip-172-31-31-18"} 1 0.0 0.0 0.0 0.0 0.0 3
stats: session 15 35115.63906666667 63.799049996550345 35256.196 35051.746 0 0
stats: users_count 163 450
stats: finish_users_count 15 15
stats: request 365 36.434295890410986 29.84086633167304 209.567 5.98 23.169322970639026 579
stats: connect 154 1.4950000000000006 1.8448573449935426 12.472 0.708 1.213769230769231 286
stats: page 207 64.99468599033814 62.391899565057166 390.83 9.899 47.048237588652476 282
stats: 302 156 440
stats: 200 209 504
stats: size_rcv 238649 574679
stats: newphase 1 1
stats: size_sent 231649 573693
stats: connected 141 427
# stats: dump at 1575250120
stats: users 541 541
stats: {freemem,"tsung_controller@ip-172-31-31-18"} 1 3504.5625 0.0 3521.4296875 3504.5625 3518.9658203125 4
stats: {recvpackets,"tsung_controller@ip-172-31-31-18"} 1 1435.0 0.0 1435 712 759.3333333333334 3
stats: {sentpackets,"tsung_controller@ip-172-31-31-18"} 1 1501.0 0.0 1501 738 785.3333333333334 3
stats: {cpu,"tsung_controller@ip-172-31-31-18"} 1 1.2121212121212122 0.0 1.8504270541465089 1.0070493454179255 1.5127754743931003 4
stats: {load,"tsung_controller@ip-172-31-31-18"} 1 0.0 0.0 0.0 0.0 0.0 4
stats: session 40 35124.9471 71.64275222128477 35370.816 35051.746 35115.63906666667 15
stats: users_count 146 596
stats: finish_users_count 40 55
stats: request 375 48.115863999999995 42.00309794441561 233.434 5.98 28.298258474576276 944
stats: connect 147 1.7069591836734697 1.9940609638588604 12.472 0.7 1.3122000000000005 440
stats: page 234 77.20635042735047 84.84106049552544 473.771 9.899 54.64520040899795 489
stats: 302 147 587
stats: 200 228 732
stats: size_rcv 255216 829895
stats: newphase 0 1
stats: size_sent 249676 823369
stats: connected 108 535
# stats: dump at 1575250130
stats: users 641 646
stats: {freemem,"tsung_controller@ip-172-31-31-18"} 1 3496.03125 0.0 3521.4296875 3496.03125 3516.08515625 5
stats: {recvpackets,"tsung_controller@ip-172-31-31-18"} 1 1689.0 0.0 1689 712 928.25 4
stats: {sentpackets,"tsung_controller@ip-172-31-31-18"} 1 1859.0 0.0 1859 738 964.25 4
stats: {cpu,"tsung_controller@ip-172-31-31-18"} 1 3.737373737373737 0.0 3.737373737373737 1.0070493454179255 1.4526446219387226 5
stats: {load,"tsung_controller@ip-172-31-31-18"} 1 0.0 0.0 0.0 0.0 0.0 5
stats: session 54 35181.72601851851 109.13823897572202 35446.41 35051.746 35122.40854545454 55
stats: users_count 154 750
stats: finish_users_count 54 109
stats: request 441 78.67122902494327 68.44864991703311 341.459 5.98 33.93252843062927 1319
stats: connect 163 2.4460736196319015 3.1730909947301886 18.418 0.7 1.4110579216354346 587
stats: page 271 128.08949446494464 139.82887909426717 706.746 8.385 61.94714937759337 723
stats: 302 163 750
stats: 200 278 1010
stats: size_rcv 307914 1137809
stats: newphase 0 1
stats: size_sent 304822 1128191
stats: connected 107 642
# stats: dump at 1575250140
stats: users 732 733
stats: {freemem,"tsung_controller@ip-172-31-31-18"} 1 3490.91015625 0.0 3521.4296875 3490.91015625 3512.7428385416665 6
stats: {recvpackets,"tsung_controller@ip-172-31-31-18"} 1 1693.0 0.0 1693 712 1080.4 5
stats: {sentpackets,"tsung_controller@ip-172-31-31-18"} 1 1918.0 0.0 1918 738 1143.2 5
stats: {cpu,"tsung_controller@ip-172-31-31-18"} 1 4.82897384305835 0.0 4.82897384305835 1.0070493454179255 1.8334328078445583 6
stats: {load,"tsung_controller@ip-172-31-31-18"} 1 0.0 0.0 0.0 0.0 0.0 6
stats: session 62 35242.60340322582 150.83572991293795 35656.632 35051.746 35151.795183486225 109
stats: users_count 153 903
stats: finish_users_count 62 171
stats: request 425 116.45270823529415 93.34132548924397 481.526 5.98 45.14262329545454 1760
stats: connect 148 9.121689189189192 29.923016904385715 200.889 0.697 1.6360013333333336 750
stats: page 271 174.7313099630997 171.35787709602369 928.94 8.385 79.97992152917506 994
stats: 302 144 894
stats: 200 281 1291
stats: size_rcv 312171 1449980
stats: newphase 1 2
stats: size_sent 317555 1445746
stats: connected 63 705
# stats: dump at 1575250150
stats: users 883 885
stats: {freemem,"tsung_controller@ip-172-31-31-18"} 1 3479.671875 0.0 3521.4296875 3479.671875 3509.6238839285716 7
stats: {recvpackets,"tsung_controller@ip-172-31-31-18"} 1 2193.0 0.0 2193 712 1182.5 6
stats: {sentpackets,"tsung_controller@ip-172-31-31-18"} 1 2240.0 0.0 2240 738 1272.3333333333333 6
stats: {cpu,"tsung_controller@ip-172-31-31-18"} 1 4.116465863453815 0.0 4.82897384305835 1.0070493454179255 2.2613672414465285 7
stats: {load,"tsung_controller@ip-172-31-31-18"} 1 0.0 0.0 0.0 0.0 0.0 7
stats: session 62 36186.69567741936 501.51726778936336 37223.935 35051.746 35184.71980116959 171
stats: users_count 213 1116
stats: finish_users_count 62 233
stats: request 544 798.5399871323531 309.90237979728437 1332.296 5.98 59.01300594965675 2185
stats: connect 267 4.037692883895128 5.002181020500905 200.889 0.697 2.869722717149221 898
stats: page 350 1124.223531428571 780.6431190182788 3328.249 8.385 100.27844031620555 1265
stats: 302 194 1088
stats: 200 350 1641
stats: size_rcv 424549 1874529
stats: newphase 0 2
stats: size_sent 430106 1875852
stats: connected 153 858
# stats: dump at 1575250160
stats: users 985 985
stats: {freemem,"tsung_controller@ip-172-31-31-18"} 1 3464.4453125 0.0 3521.4296875 3464.4453125 3505.8798828125 8
stats: {recvpackets,"tsung_controller@ip-172-31-31-18"} 1 2725.0 0.0 2725 712 1326.857142857143 7
stats: {sentpackets,"tsung_controller@ip-172-31-31-18"} 1 2826.0 0.0 2826 738 1410.5714285714287 7
stats: {cpu,"tsung_controller@ip-172-31-31-18"} 1 5.315947843530592 0.0 5.315947843530592 1.0070493454179255 2.4932545691974393 8
stats: {load,"tsung_controller@ip-172-31-31-18"} 1 0.0 0.0 0.0 0.0 0.0 8
stats: session 100 54204.95111000003 21319.701263113406 83657.176 35051.746 35451.33999141631 233
stats: users_count 202 1318
stats: finish_users_count 100 333
stats: request 535 2199.129618691593 356.9236286183491 2684.982 5.98 206.43062330524006 2729
stats: connect 238 3.1601848739495817 3.075163732653654 200.889 0.697 3.1374034334763947 1165
stats: page 377 2907.759190981435 1542.112843149138 7295.02 8.385 322.1860452012383 1615
stats: 302 208 1296
stats: 200 327 1968
stats: size_rcv 399135 2273664
stats: newphase 0 2
stats: size_sent 439299 2315151
stats: connected 6 864
# stats: dump at 1575250170
stats: users 1124 1124
stats: {freemem,"tsung_controller@ip-172-31-31-18"} 1 3456.51953125 0.0 3521.4296875 3456.51953125 3501.2760416666665 9
stats: {recvpackets,"tsung_controller@ip-172-31-31-18"} 1 2841.0 0.0 2841 712 1501.625 8
stats: {sentpackets,"tsung_controller@ip-172-31-31-18"} 1 2773.0 0.0 2826 738 1587.5 8
stats: {cpu,"tsung_controller@ip-172-31-31-18"} 1 3.024193548387097 0.0 5.315947843530592 1.0070493454179255 2.806887155234456 9
stats: {load,"tsung_controller@ip-172-31-31-18"} 1 0.0 0.0 0.0 0.0 0.0 9
stats: session 113 55445.1873097345 21098.264802279635 85790.697 35051.746 41083.055042042055 333
stats: users_count 252 1570
stats: finish_users_count 113 446
stats: request 685 1999.9674233576586 1016.9589630196119 3406.469 0.415 533.0525481004909 3264
stats: connect 310 26.345977419354828 86.25449467523495 535.02 0.697 3.141267997148967 1403
stats: page 456 2890.5388289473663 2142.5805802774894 7728.092 0.514 811.5239347389562 1992
stats: 302 230 1526
stats: 200 318 2286
stats: size_rcv 438942 2712606
stats: newphase 1 3
stats: 502 133 133
stats: size_sent 455587 2770738
stats: connected -31 833
stats: 500 4 4
# stats: dump at 1575250180
stats: users 1250 1252
stats: {freemem,"tsung_controller@ip-172-31-31-18"} 1 3456.609375 0.0 3521.4296875 3456.51953125 3496.800390625 10
stats: {recvpackets,"tsung_controller@ip-172-31-31-18"} 1 3377.0 0.0 3377 712 1650.4444444444443 9
stats: {sentpackets,"tsung_controller@ip-172-31-31-18"} 1 3334.0 0.0 3334 738 1719.2222222222222 9
stats: {cpu,"tsung_controller@ip-172-31-31-18"} 1 3.0303030303030303 0.0 5.315947843530592 1.0070493454179255 2.82861779454972 10
stats: {load,"tsung_controller@ip-172-31-31-18"} 1 0.0703125 0.0 0.0703125 0.0 0.0 10
stats: session 130 56844.818930769245 22109.28371687515 85955.073 35032.558 44721.891244394625 446
stats: users_count 256 1826
stats: finish_users_count 130 576
stats: request 841 1960.181284185491 1341.6747371225717 3588.803 0.406 787.5060020258288 3949
stats: connect 405 2.8161506172839506 2.788651288600494 535.02 0.694 7.340602451838878 1713
stats: page 573 2942.728619546246 2579.7189836920443 9240.045 0.483 1198.7914150326797 2448
stats: 302 243 1769
stats: 200 320 2606
stats: size_rcv 515119 3227725
stats: newphase 0 3
stats: 502 263 396
stats: size_sent 553069 3323807
stats: connected 21 854
stats: 500 15 19
# stats: dump at 1575250190
stats: users 1357 1357
stats: {freemem,"tsung_controller@ip-172-31-31-18"} 1 3443.35546875 0.0 3521.4296875 3443.35546875 3493.146661931818 11
stats: {recvpackets,"tsung_controller@ip-172-31-31-18"} 1 3926.0 0.0 3926 712 1823.1 10
stats: {sentpackets,"tsung_controller@ip-172-31-31-18"} 1 3985.0 0.0 3985 738 1880.7 10
stats: {cpu,"tsung_controller@ip-172-31-31-18"} 1 3.546099290780142 0.0 5.315947843530592 1.0070493454179255 2.8469528159818394 11
stats: {load,"tsung_controller@ip-172-31-31-18"} 1 0.05859375 0.0 0.0703125 0.0 0.006392045454545455 11
stats: session 157 60194.973496815306 22041.830419379497 86038.247 35032.558 47457.96867361112 576
stats: users_count 264 2090
stats: finish_users_count 157 733
stats: request 869 1833.5489355581137 1203.3790139649336 3588.803 0.395 993.3974242171181 4790
stats: connect 427 3.0665620608899307 3.1524907869554997 535.02 0.607 6.475445231350329 2118
stats: page 582 2647.8037542955326 2328.729938351492 9240.045 0.464 1529.5679851042696 3021
stats: 302 255 2024
stats: 200 342 2948
stats: size_rcv 532278 3760003
stats: newphase 0 3
stats: 502 261 657
stats: size_sent 576677 3900484
stats: connected -20 834
stats: 500 11 30
# stats: dump at 1575250200
stats: users 1447 1448
stats: {freemem,"tsung_controller@ip-172-31-31-18"} 1 3441.12109375 0.0 3521.4296875 3441.12109375 3488.9973958333335 12
stats: {recvpackets,"tsung_controller@ip-172-31-31-18"} 1 3956.0 0.0 3956 712 2014.2727272727273 11
stats: {sentpackets,"tsung_controller@ip-172-31-31-18"} 1 3973.0 0.0 3985 738 2072.0 11
stats: {cpu,"tsung_controller@ip-172-31-31-18"} 1 3.64741641337386 0.0 5.315947843530592 1.0070493454179255 2.9052150222150313 12
stats: {load,"tsung_controller@ip-172-31-31-18"} 1 0.05078125 0.0 0.0703125 0.0 0.0107421875 12
stats: session 176 59589.09161931821 21513.166353113083 86038.247 35032.558 50186.085668485684 733
stats: users_count 266 2356
stats: finish_users_count 176 909
stats: request 918 1748.5817668845298 1258.0989056442193 3588.803 0.395 1122.4116782116976 5659
stats: connect 470 4.546453191489362 12.112084263288482 535.02 0.607 5.903502946954812 2545
stats: page 654 2509.3252064220164 2286.4502313771313 9240.045 0.464 1710.1989086872047 3603
stats: 302 246 2270
stats: 200 340 3288
stats: size_rcv 571865 4331868
stats: newphase 1 4
stats: 502 312 969
stats: size_sent 596919 4497403
stats: connected 8 842
stats: 500 20 50
# stats: dump at 1575250210
stats: users 1512 1514
stats: {freemem,"tsung_controller@ip-172-31-31-18"} 1 3440.41796875 0.0 3521.4296875 3440.41796875 3485.3146033653848 13
stats: {recvpackets,"tsung_controller@ip-172-31-31-18"} 1 4447.0 0.0 4447 712 2176.0833333333335 12
stats: {sentpackets,"tsung_controller@ip-172-31-31-18"} 1 4588.0 0.0 4588 738 2230.4166666666665 12
stats: {cpu,"tsung_controller@ip-172-31-31-18"} 1 3.6622583926754833 0.0 5.315947843530592 1.0070493454179255 2.9623074369195566 13
stats: {load,"tsung_controller@ip-172-31-31-18"} 1 0.0390625 0.0 0.0703125 0.0 0.013822115384615384 13
stats: session 213 57430.13434741787 21199.150708221518 86398.365 35011.184 52006.68968096811 909
stats: users_count 278 2634
stats: finish_users_count 213 1122
stats: request 993 1614.3416435045292 1486.2576721918986 3656.294 0.395 1209.8108178500827 6577
stats: connect 485 3.576511340206186 3.5499331590012444 535.02 0.607 5.691956218905471 3015
stats: page 706 2235.9173456090653 2593.58109843579 9240.045 0.447 1832.9681355414605 4257
stats: 302 212 2482
stats: 200 293 3581
stats: size_rcv 564936 4896804
stats: newphase 0 4
stats: 502 451 1420
stats: size_sent 615343 5112746
stats: connected -14 828
stats: 500 37 87
# stats: dump at 1575250220
stats: users 1612 1612
stats: {freemem,"tsung_controller@ip-172-31-31-18"} 1 3439.84375 0.0 3521.4296875 3439.84375 3482.1077008928573 14
stats: {recvpackets,"tsung_controller@ip-172-31-31-18"} 1 4550.0 0.0 4550 712 2350.769230769231 13
stats: {sentpackets,"tsung_controller@ip-172-31-31-18"} 1 4797.0 0.0 4797 738 2411.769230769231 13
stats: {cpu,"tsung_controller@ip-172-31-31-18"} 1 4.0733197556008145 0.0 5.315947843530592 1.0070493454179255 3.0123039337592656 14
stats: {load,"tsung_controller@ip-172-31-31-18"} 1 0.0390625 0.0 0.0703125 0.0 0.015625 14
stats: session 212 55877.3883915094 20829.995867164405 86453.002 35011.184 53036.274096256704 1122
stats: users_count 312 2946
stats: finish_users_count 212 1334
stats: request 1029 1551.6646656948465 1476.9826020870491 3656.294 0.393 1262.875429458387 7570
stats: connect 510 8.134023529411756 32.61401862647523 535.02 0.607 5.398815999999999 3500
stats: page 709 2272.9482609308902 2563.924822256238 9275.813 0.447 1890.2887364497276 4963
stats: 302 219 2701
stats: 200 297 3878
stats: size_rcv 558837 5455641
stats: newphase 0 4
stats: 502 488 1908
stats: size_sent 612381 5725127
stats: connected 9 837
stats: 500 25 112
# stats: dump at 1575250230
stats: users 1783 1785
stats: {freemem,"tsung_controller@ip-172-31-31-18"} 1 3438.55859375 0.0 3521.4296875 3438.55859375 3479.290104166667 15
stats: {recvpackets,"tsung_controller@ip-172-31-31-18"} 1 4421.0 0.0 4550 712 2507.8571428571427 14
stats: {sentpackets,"tsung_controller@ip-172-31-31-18"} 1 4685.0 0.0 4797 738 2582.1428571428573 14
stats: {cpu,"tsung_controller@ip-172-31-31-18"} 1 4.646464646464646 0.0 5.315947843530592 1.0070493454179255 3.0830383218820354 15
stats: {load,"tsung_controller@ip-172-31-31-18"} 1 0.03125 0.0 0.0703125 0.0 0.0171875 15
stats: session 191 57466.98959162301 21563.92233432665 87784.104 35009.558 53487.78551349326 1334
stats: users_count 362 3308
stats: finish_users_count 191 1525
stats: request 1114 1426.0278222621198 1433.3587370777952 3656.294 0.393 1297.4334157460157 8599
stats: connect 577 4.362587521663776 9.217188385634424 535.02 0.607 5.74668528678304 4010
stats: page 768 2107.8424804687493 2431.9694672765386 9275.813 0.447 1938.121177009873 5672
stats: 302 232 2933
stats: 200 286 4164
stats: size_rcv 594304 6049945
stats: newphase 1 5
stats: 502 560 2468
stats: size_sent 604471 6329598
stats: connected 1 838
stats: 500 36 148
# stats: dump at 1575250240
stats: users 1902 1904
stats: {freemem,"tsung_controller@ip-172-31-31-18"} 1 3437.8984375 0.0 3521.4296875 3437.8984375 3476.744384765625 16
stats: {recvpackets,"tsung_controller@ip-172-31-31-18"} 1 4829.0 0.0 4829 712 2635.4 15
stats: {sentpackets,"tsung_controller@ip-172-31-31-18"} 1 5027.0 0.0 5027 738 2722.3333333333335 15
stats: {cpu,"tsung_controller@ip-172-31-31-18"} 1 4.476093591047812 0.0 5.315947843530592 1.0070493454179255 3.1807524671684484 16
stats: {load,"tsung_controller@ip-172-31-31-18"} 1 0.01953125 0.0 0.0703125 0.0 0.01806640625 16
stats: session 224 55882.885535714275 23057.932149070442 91075.67 35007.045 53986.16451606558 1525
stats: users_count 343 3651
stats: finish_users_count 224 1749
stats: request 1116 1445.832190860215 1517.9894103014312 3656.294 0.393 1312.1821204571183 9713
stats: connect 590 3.253074576271185 3.1049309456877157 535.02 0.607 5.572579245694351 4587
stats: page 810 1946.1064506172863 2355.243681314162 9354.142 0.447 1958.3612330745339 6440
stats: 302 227 3160
stats: 200 252 4416
stats: size_rcv 588899 6638844
stats: newphase 0 5
stats: 502 585 3053
stats: size_sent 583537 6913135
stats: connected 16 854
stats: 500 52 200
# stats: dump at 1575250250
stats: users 2005 2005
stats: {freemem,"tsung_controller@ip-172-31-31-18"} 1 3423.54296875 0.0 3521.4296875 3423.54296875 3474.4593290441176 17
stats: {recvpackets,"tsung_controller@ip-172-31-31-18"} 1 4946.0 0.0 4946 712 2772.5 16
stats: {sentpackets,"tsung_controller@ip-172-31-31-18"} 1 5250.0 0.0 5250 738 2866.375 16
stats: {cpu,"tsung_controller@ip-172-31-31-18"} 1 4.5778229908443535 0.0 5.315947843530592 1.0070493454179255 3.2569490038672346 17
stats: {load,"tsung_controller@ip-172-31-31-18"} 1 0.01953125 0.0 0.0703125 0.0 0.018152573529411766 17
stats: session 246 60056.34560975613 24700.571580571253 93718.465 35007.045 54229.083617495715 1749
stats: users_count 349 4000
stats: finish_users_count 246 1995
stats: request 1204 1360.4971063122925 1461.1409771860065 3656.294 0.393 1325.955643272693 10829
stats: connect 627 8.19178309409888 27.387863984974995 535.02 0.607 5.308235464554759 5177
stats: page 881 1898.0446753688957 2447.600786295104 9354.142 0.447 1956.9920780689654 7250
stats: 302 234 3394
stats: 200 260 4676
stats: size_rcv 644741 7283585
stats: newphase 0 5
stats: 502 647 3700
stats: size_sent 604499 7517634
stats: connected -6 848
stats: 500 63 263
# stats: dump at 1575250260
stats: users 2086 2095
stats: {freemem,"tsung_controller@ip-172-31-31-18"} 1 3422.3984375 0.0 3521.4296875 3422.3984375 3471.6306423611113 18
stats: {recvpackets,"tsung_controller@ip-172-31-31-18"} 1 5267.0 0.0 5267 712 2900.3529411764707 17
stats: {sentpackets,"tsung_controller@ip-172-31-31-18"} 1 5640.0 0.0 5640 738 3006.5882352941176 17
stats: {cpu,"tsung_controller@ip-172-31-31-18"} 1 6.432160804020101 0.0 6.432160804020101 1.0070493454179255 3.33033089203263 18
stats: {load,"tsung_controller@ip-172-31-31-18"} 1 0.16015625 0.0 0.16015625 0.0 0.018229166666666668 18
stats: session 295 60845.86130847459 24922.35891421943 94525.862 35006.47 54947.63321654136 1995
stats: users_count 376 4376
stats: finish_users_count 295 2290
stats: request 1432 1131.8728449720666 1317.0506602592948 3656.294 0.393 1329.4117989694998 12033
stats: connect 715 21.640173426573416 60.269092904310256 535.02 0.604 5.619742074431424 5804
stats: page 1016 1613.1798789370089 2053.992656925051 9354.142 0.447 1950.6050824006884 8131
stats: 302 249 3643
stats: 200 266 4942
stats: size_rcv 736857 8020442
stats: newphase 1 6
stats: 502 834 4534
stats: size_sent 694055 8211689
stats: connected 5 853
stats: 500 84 347
# stats: dump at 1575250270
stats: users 2130 2140
stats: {freemem,"tsung_controller@ip-172-31-31-18"} 1 3420.765625 0.0 3521.4296875 3420.765625 3469.0394736842104 19
stats: {recvpackets,"tsung_controller@ip-172-31-31-18"} 1 5749.0 0.0 5749 712 3031.8333333333335 18
stats: {sentpackets,"tsung_controller@ip-172-31-31-18"} 1 6240.0 0.0 6240 738 3152.8888888888887 18
stats: {cpu,"tsung_controller@ip-172-31-31-18"} 1 5.7926829268292686 0.0 6.432160804020101 1.0070493454179255 3.493585097926708 19
stats: {load,"tsung_controller@ip-172-31-31-18"} 1 0.2890625 0.0 0.2890625 0.0 0.025699013157894735 19
stats: session 326 57683.48223006136 24256.29050723759 94919.066 35006.47 55707.4486257642 2290
stats: users_count 370 4746
stats: finish_users_count 326 2616
stats: request 1384 1149.5397521676325 1374.908976897798 3656.294 0.393 1308.403571555885 13465
stats: connect 690 3.183301449275358 3.189520500352963 535.02 0.604 7.376853351741062 6519
stats: page 1020 1561.8567568627484 2071.5765486890464 9354.142 0.447 1913.1256895156878 9147
stats: 302 228 3871
stats: 200 249 5191
stats: size_rcv 740316 8760758
stats: newphase 0 6
stats: 502 815 5349
stats: size_sent 656112 8867801
stats: connected -21 832
stats: 500 92 439
# stats: dump at 1575250280
stats: users 2161 2172
stats: {freemem,"tsung_controller@ip-172-31-31-18"} 1 3421.05859375 0.0 3521.4296875 3420.765625 3466.62578125 20
stats: {recvpackets,"tsung_controller@ip-172-31-31-18"} 1 5644.0 0.0 5749 712 3174.842105263158 19
stats: {sentpackets,"tsung_controller@ip-172-31-31-18"} 1 6282.0 0.0 6282 738 3315.3684210526317 19
stats: {cpu,"tsung_controller@ip-172-31-31-18"} 1 5.402650356778797 0.0 6.432160804020101 1.0070493454179255 3.608539989371836 20
stats: {load,"tsung_controller@ip-172-31-31-18"} 1 0.23828125 0.0 0.2890625 0.0 0.0388671875 20
stats: session 336 61416.70849404761 24348.460691374785 104335.098 35006.47 55953.6974617737 2616
stats: users_count 367 5113
stats: finish_users_count 336 2952
stats: request 1410 1163.3791588652464 1373.747499844577 15559.096 0.383 1293.5966804498617 14849
stats: connect 696 3.1292068965517252 3.151494319021691 535.02 0.602 6.975473019836312 7209
stats: page 1025 1579.316214634146 2048.694066328621 15559.096 0.447 1877.884781548146 10167
stats: 302 268 4139
stats: 200 255 5446
stats: size_rcv 730543 9491301
stats: newphase 0 6
stats: 502 799 6148
stats: size_sent 680744 9548545
stats: connected 8 840
stats: 500 87 526
# stats: dump at 1575250290
stats: users 2296 2297
stats: {freemem,"tsung_controller@ip-172-31-31-18"} 1 3420.80078125 0.0 3521.4296875 3420.765625 3464.4559151785716 21
stats: {recvpackets,"tsung_controller@ip-172-31-31-18"} 1 5753.0 0.0 5753 712 3298.3 20
stats: {sentpackets,"tsung_controller@ip-172-31-31-18"} 1 6367.0 0.0 6367 738 3463.7 20
stats: {cpu,"tsung_controller@ip-172-31-31-18"} 1 4.020618556701031 0.0 6.432160804020101 1.0070493454179255 3.693973816391215 21
stats: {load,"tsung_controller@ip-172-31-31-18"} 1 0.19921875 0.0 0.2890625 0.0 0.04836309523809524 21
stats: session 323 58668.33211764701 24137.96233726855 104335.098 35006.47 56575.503595528455 2952
stats: users_count 458 5571
stats: finish_users_count 323 3275
stats: request 1604 1010.9687418952592 1308.5739848321423 15559.096 0.383 1282.3040606433356 16259
stats: connect 872 3.224630733944955 3.2043141498582854 535.02 0.591 6.636826438962679 7905
stats: page 1145 1442.2082733624457 2046.9042058830837 15559.096 0.447 1850.5408947462474 11192
stats: 302 245 4384
stats: 200 250 5696
stats: size_rcv 797035 10288336
stats: newphase 1 7
stats: 502 1005 7153
stats: size_sent 695155 10243700
stats: connected 4 844
stats: 500 104 630
# stats: dump at 1575250300
stats: users 2372 2374
stats: {freemem,"tsung_controller@ip-172-31-31-18"} 1 3419.84765625 0.0 3521.4296875 3419.84765625 3462.471590909091 22
stats: {recvpackets,"tsung_controller@ip-172-31-31-18"} 1 6732.0 0.0 6732 712 3415.190476190476 21
stats: {sentpackets,"tsung_controller@ip-172-31-31-18"} 1 7455.0 0.0 7455 738 3601.9523809523807 21
stats: {cpu,"tsung_controller@ip-172-31-31-18"} 1 6.893004115226338 0.0 6.893004115226338 1.0070493454179255 3.708821304587116 22
stats: {load,"tsung_controller@ip-172-31-31-18"} 1 0.171875 0.0 0.2890625 0.0 0.055220170454545456 22
stats: session 348 60893.50610632183 24442.361172857418 104335.098 35006.47 56781.910805496176 3275
stats: users_count 424 5995
stats: finish_users_count 348 3623
stats: request 1410 1073.9658914893605 1294.241709492862 15559.096 0.383 1257.9396285058494 17863
stats: connect 787 3.203852604828465 3.042392671500706 535.02 0.591 6.297822832402868 8777
stats: page 1046 1453.3533938814533 1970.1390470194387 15559.096 0.447 1812.6434438680394 12337
stats: 302 253 4637
stats: 200 234 5930
stats: size_rcv 703102 10991438
stats: newphase 0 7
stats: 502 836 7989
stats: size_sent 629215 10872915
stats: connected 8 852
stats: 500 87 717
# stats: dump at 1575250310
stats: users 2475 2479
stats: {freemem,"tsung_controller@ip-172-31-31-18"} 1 3418.85546875 0.0 3521.4296875 3418.85546875 3460.6183763586955 23
stats: {recvpackets,"tsung_controller@ip-172-31-31-18"} 1 6248.0 0.0 6732 712 3565.9545454545455 22
stats: {sentpackets,"tsung_controller@ip-172-31-31-18"} 1 6882.0 0.0 7455 738 3777.090909090909 22
stats: {cpu,"tsung_controller@ip-172-31-31-18"} 1 5.720122574055159 0.0 6.893004115226338 1.0070493454179255 3.847264035484473 23
stats: {load,"tsung_controller@ip-172-31-31-18"} 1 0.1484375 0.0 0.2890625 0.0 0.06029211956521739 23
stats: session 349 61849.01391404008 24382.82651237427 104335.098 35006.366 57176.841847364056 3623
stats: users_count 452 6447
stats: finish_users_count 349 3972
stats: request 1616 1014.1020724009899 1248.495223089587 15559.096 0.383 1244.4802309448444 19273
stats: connect 927 8.330125134843573 26.573847239299237 535.02 0.484 6.043226997072352 9564
stats: page 1142 1401.2265621716276 1937.904395011827 15559.096 0.447 1784.5617437794217 13383
stats: 302 272 4909
stats: 200 263 6193
stats: size_rcv 798243 11789681
stats: newphase 0 7
stats: 502 978 8967
stats: size_sent 703504 11576419
stats: connected 1 853
stats: 500 103 820
# stats: dump at 1575250320
stats: users 2595 2595
stats: {freemem,"tsung_controller@ip-172-31-31-18"} 1 3418.421875 0.0 3521.4296875 3418.421875 3458.8782552083335 24
stats: {recvpackets,"tsung_controller@ip-172-31-31-18"} 1 7115.0 0.0 7115 712 3682.5652173913045 23
stats: {sentpackets,"tsung_controller@ip-172-31-31-18"} 1 7705.0 0.0 7705 738 3912.086956521739 23
stats: {cpu,"tsung_controller@ip-172-31-31-18"} 1 7.01219512195122 0.0 7.01219512195122 1.0070493454179255 3.9252998079249184 24
stats: {load,"tsung_controller@ip-172-31-31-18"} 1 0.12109375 0.0 0.2890625 0.0 0.06396484375 24
stats: session 345 61067.507837681194 23870.469553719275 104335.098 35006.366 57587.36250478347 3972
stats: users_count 465 6912
stats: finish_users_count 345 4317
stats: request 1672 947.1950508373192 1294.7012364363427 15559.096 0.383 1226.657879266599 20889
stats: connect 1008 8.247522817460311 33.897073076890216 535.02 0.484 6.245300638642643 10491
stats: page 1214 1326.7588393739695 2026.9558090374414 15559.096 0.447 1754.422757383821 14525
stats: 302 240 5149
stats: 200 243 6436
stats: size_rcv 790219 12579900
stats: newphase 1 8
stats: 502 1093 10060
stats: size_sent 704538 12280957
stats: connected -11 842
stats: 500 96 916
# stats: dump at 1575250330
stats: users 2684 2687
stats: {freemem,"tsung_controller@ip-172-31-31-18"} 1 3418.015625 0.0 3521.4296875 3418.015625 3457.26 25
stats: {recvpackets,"tsung_controller@ip-172-31-31-18"} 1 7296.0 0.0 7296 712 3825.5833333333335 24
stats: {sentpackets,"tsung_controller@ip-172-31-31-18"} 1 7942.0 0.0 7942 738 4070.125 24
stats: {cpu,"tsung_controller@ip-172-31-31-18"} 1 7.019328585961343 0.0 7.019328585961343 1.0070493454179255 4.04877562048597 25
stats: {load,"tsung_controller@ip-172-31-31-18"} 1 0.1015625 0.0 0.2890625 0.0 0.06625 25
stats: session 392 57752.994234693855 23871.77900207522 104335.098 35006.366 57865.48391776696 4317
stats: users_count 481 7393
stats: finish_users_count 392 4709
stats: request 1766 920.73008720272 1340.6402845670789 15559.096 0.383 1205.946835911528 22561
stats: connect 1065 3.2166272300469485 3.217050509148629 535.02 0.484 6.420815027393683 11499
stats: page 1290 1256.262037209303 2005.2961995314727 15559.096 0.447 1721.4356555054321 15739
stats: 302 253 5402
stats: 200 222 6658
stats: size_rcv 802286 13382186
stats: newphase 0 8
stats: 502 1199 11259
stats: size_sent 742328 13023285
stats: connected 3 845
stats: 500 92 1008
# stats: dump at 1575250340
stats: users 2739 2739
stats: {freemem,"tsung_controller@ip-172-31-31-18"} 1 3402.94921875 0.0 3521.4296875 3402.94921875 3455.7506009615386 26
stats: {recvpackets,"tsung_controller@ip-172-31-31-18"} 1 7655.0 0.0 7655 712 3964.4 25
stats: {sentpackets,"tsung_controller@ip-172-31-31-18"} 1 8447.0 0.0 8447 738 4225.0 25
stats: {cpu,"tsung_controller@ip-172-31-31-18"} 1 5.803108808290156 0.0 7.019328585961343 1.0070493454179255 4.163027657619638 26
stats: {load,"tsung_controller@ip-172-31-31-18"} 1 0.08984375 0.0 0.2890625 0.0 0.06760817307692307 26
stats: session 424 59437.04690566034 23565.51622229018 104335.098 35006.366 57856.11973094074 4709
stats: users_count 479 7872
stats: finish_users_count 424 5133
stats: request 1790 909.5487458100557 1285.243440202648 15559.096 0.383 1185.2417437004146 24327
stats: connect 1087 3.279181232750691 3.303113838721297 535.02 0.484 6.149208850684492 12564
stats: page 1323 1251.960269841273 1896.0308294863796 15559.096 0.435 1686.1972993129366 17029
stats: 302 250 5652
stats: 200 237 6895
stats: size_rcv 836758 14218944
stats: newphase 0 8
stats: 502 1195 12454
stats: size_sent 715916 13739201
stats: connected -11 834
stats: 500 108 1116
# stats: dump at 1575250350
stats: users 2867 2870
stats: {freemem,"tsung_controller@ip-172-31-31-18"} 1 3402.52734375 0.0 3521.4296875 3402.52734375 3453.794994212963 27
stats: {recvpackets,"tsung_controller@ip-172-31-31-18"} 1 7729.0 0.0 7729 712 4106.346153846154 26
stats: {sentpackets,"tsung_controller@ip-172-31-31-18"} 1 8564.0 0.0 8564 738 4387.384615384615 26
stats: {cpu,"tsung_controller@ip-172-31-31-18"} 1 5.815160955347872 0.0 7.019328585961343 1.0070493454179255 4.223771403940769 27
stats: {load,"tsung_controller@ip-172-31-31-18"} 1 0.1484375 0.0 0.2890625 0.0 0.06843171296296297 27
stats: session 408 59797.693735294226 23689.346105892233 104335.098 35006.366 57986.708689070714 5133
stats: users_count 536 8408
stats: finish_users_count 408 5541
stats: request 1922 843.8785894901142 1251.841482180066 15559.096 0.38 1166.3463703334987 26117
stats: connect 1144 7.143408216783223 26.246934726963953 535.02 0.484 5.920674675847921 13651
stats: page 1365 1188.3246227106213 1840.000437376755 15559.096 0.435 1654.8930496403661 18352
stats: 302 249 5901
stats: 200 239 7134
stats: size_rcv 889895 15108839
stats: newphase 1 9
stats: 502 1319 13773
stats: size_sent 750454 14489655
stats: connected 3 837
stats: 500 115 1231
# stats: dump at 1575250360
stats: users 2929 2932
stats: {freemem,"tsung_controller@ip-172-31-31-18"} 1 3401.0390625 0.0 3521.4296875 3401.0390625 3451.9640066964284 28
stats: {recvpackets,"tsung_controller@ip-172-31-31-18"} 1 8203.0 0.0 8203 712 4240.518518518519 27
stats: {sentpackets,"tsung_controller@ip-172-31-31-18"} 1 9142.0 0.0 9142 738 4542.074074074074 27
stats: {cpu,"tsung_controller@ip-172-31-31-18"} 1 8.479834539813858 0.0 8.479834539813858 1.0070493454179255 4.280606745062451 28
stats: {load,"tsung_controller@ip-172-31-31-18"} 1 0.19921875 0.0 0.2890625 0.0 0.0712890625 28
stats: session 455 58135.81491868132 23430.3079598132 104335.098 35006.366 58120.05680292366 5541
stats: users_count 517 8925
stats: finish_users_count 455 5996
stats: request 1917 834.7527245696405 1267.7679673298458 15559.096 0.38 1144.2420486821923 28039
stats: connect 1186 3.2498001686340596 3.231330560350165 535.02 0.484 6.015220615072658 14795
stats: page 1437 1105.9686764091866 1772.4125147054247 15559.096 0.435 1622.5927046203783 19717
stats: 302 241 6142
stats: 200 232 7366
stats: size_rcv 873262 15982101
stats: newphase 0 9
stats: 502 1340 15113
stats: size_sent 748570 15238225
stats: connected -2 835
stats: 500 104 1335
# stats: dump at 1575250370
stats: users 2971 2992
stats: {freemem,"tsung_controller@ip-172-31-31-18"} 1 3400.5 0.0 3521.4296875 3400.5 3450.207974137931 29
stats: {recvpackets,"tsung_controller@ip-172-31-31-18"} 1 8360.0 0.0 8360 712 4382.035714285715 28
stats: {sentpackets,"tsung_controller@ip-172-31-31-18"} 1 9258.0 0.0 9258 738 4706.357142857143 28
stats: {cpu,"tsung_controller@ip-172-31-31-18"} 1 7.024793388429752 0.0 8.479834539813858 1.0070493454179255 4.425407703502155 29
stats: {load,"tsung_controller@ip-172-31-31-18"} 1 0.171875 0.0 0.2890625 0.0 0.07570043103448276 29
stats: session 475 60081.86858526313 23343.859802592033 104335.098 35006.366 58121.25259056037 5996
stats: users_count 517 9442
stats: finish_users_count 475 6471
stats: request 1915 852.5363211488245 1262.5164817079753 15559.096 0.38 1124.4366329282943 29956
stats: connect 1188 3.2926902356902383 3.3298402487953176 535.02 0.484 5.809990113259493 15981
stats: page 1427 1154.3447995795402 1828.464380285702 15559.096 0.435 1587.4982199584003 21154
stats: 302 252 6394
stats: 200 236 7602
stats: size_rcv 880054 16862155
stats: newphase 0 9
stats: 502 1317 16430
stats: size_sent 743386 15981611
stats: connected 12 847
stats: 500 110 1445
# stats: dump at 1575250380
stats: users 3131 3143
stats: {freemem,"tsung_controller@ip-172-31-31-18"} 1 3400.23046875 0.0 3521.4296875 3400.23046875 3448.5510416666666 30
stats: {recvpackets,"tsung_controller@ip-172-31-31-18"} 1 8.3e3 0.0 8360 712 4519.206896551725 29
stats: {sentpackets,"tsung_controller@ip-172-31-31-18"} 1 9313.0 0.0 9313 738 4863.310344827586 29
stats: {cpu,"tsung_controller@ip-172-31-31-18"} 1 6.832298136645963 0.0 8.479834539813858 1.0070493454179255 4.512053892999742 30
stats: {load,"tsung_controller@ip-172-31-31-18"} 1 0.140625 0.0 0.2890625 0.0 0.07890625 30
stats: session 443 58967.81487810386 23662.40545239856 104335.098 35006.236 58265.17046994282 6471
stats: users_count 603 10045
stats: finish_users_count 443 6914
stats: request 2188 740.2932554844591 1225.765724392283 15559.096 0.38 1108.0992385240497 31871
stats: connect 1291 10.270247095275003 40.38575729023338 535.02 0.484 5.63580686120333 17169
stats: page 1537 1039.9734866623264 1803.5185761956282 15559.096 0.435 1560.1252103095526 22581
stats: 302 264 6658
stats: 200 196 7798
stats: size_rcv 944300 17806455
stats: newphase 1 10
stats: 502 1612 18042
stats: size_sent 810965 16792576
stats: connected -14 833
stats: 500 116 1561
# stats: dump at 1575250390
stats: users 3204 3205
stats: {freemem,"tsung_controller@ip-172-31-31-18"} 1 3399.6875 0.0 3521.4296875 3399.6875 3446.9923135080644 31
stats: {recvpackets,"tsung_controller@ip-172-31-31-18"} 1 8936.0 0.0 8936 712 4645.233333333334 30
stats: {sentpackets,"tsung_controller@ip-172-31-31-18"} 1 9889.0 0.0 9889 738 5011.633333333333 30
stats: {cpu,"tsung_controller@ip-172-31-31-18"} 1 7.061266874350987 0.0 8.479834539813858 1.0070493454179255 4.5869004815044585 31
stats: {load,"tsung_controller@ip-172-31-31-18"} 1 0.12109375 0.0 0.2890625 0.0 0.08089717741935484 31
stats: session 478 59409.87882635984 23536.707914236034 104335.098 35006.236 58310.190931732715 6914
stats: users_count 551 10596
stats: finish_users_count 478 7392
stats: request 2152 761.3566129182159 1283.0969120486761 15559.096 0.38 1084.4708439472674 34059
stats: connect 1283 9.471469212782544 36.96674202311075 535.02 0.484 5.959916413867822 18460
stats: page 1546 1035.7480316946965 1879.560727180955 15559.096 0.435 1526.976806658927 24118
stats: 302 240 6898
stats: 200 208 8006
stats: size_rcv 936692 18743147
stats: newphase 0 10
stats: 502 1598 19640
stats: size_sent 822253 17614829
stats: connected 25 858
stats: 500 106 1667
# stats: dump at 1575250400
stats: users 3300 3300
stats: {freemem,"tsung_controller@ip-172-31-31-18"} 1 3398.8515625 0.0 3521.4296875 3398.8515625 3445.5140380859375 32
stats: {recvpackets,"tsung_controller@ip-172-31-31-18"} 1 8928.0 0.0 8936 712 4783.645161290323 31
stats: {sentpackets,"tsung_controller@ip-172-31-31-18"} 1 9991.0 0.0 9991 738 5168.967741935484 31
stats: {cpu,"tsung_controller@ip-172-31-31-18"} 1 6.576200417536534 0.0 8.479834539813858 1.0070493454179255 4.664224431280912 32
stats: {load,"tsung_controller@ip-172-31-31-18"} 1 0.1015625 0.0 0.2890625 0.0 0.0821533203125 32
stats: session 526 58489.463026615886 23312.844979858277 104335.098 35006.236 58381.301701975106 7392
stats: users_count 622 11218
stats: finish_users_count 526 7918
stats: request 2288 713.7003789335656 1181.403284095843 15559.096 0.38 1065.2683412498961 36211
stats: connect 1359 7.86955334805005 28.85783312569968 535.02 0.484 6.188114876158638 19743
stats: page 1647 1008.0178658166363 1750.0976956821394 15559.096 0.435 1497.3851730049878 25664
stats: 302 251 7149
stats: 200 241 8247
stats: size_rcv 999045 19742192
stats: newphase 0 10
stats: 502 1684 21324
stats: size_sent 846246 18461075
stats: connected -2 856
stats: 500 112 1779
# stats: dump at 1575250410
stats: users 2929 3330
stats: {freemem,"tsung_controller@ip-172-31-31-18"} 1 3384.55078125 0.0 3521.4296875 3384.55078125 3444.1000236742425 33
stats: {recvpackets,"tsung_controller@ip-172-31-31-18"} 1 9489.0 0.0 9489 712 4913.15625 32
stats: {sentpackets,"tsung_controller@ip-172-31-31-18"} 1 10598.0 0.0 10598 738 5319.65625 32
stats: {cpu,"tsung_controller@ip-172-31-31-18"} 1 8.074534161490684 0.0 8.479834539813858 1.0070493454179255 4.722163097531083 33
stats: {load,"tsung_controller@ip-172-31-31-18"} 1 0.078125 0.0 0.2890625 0.0 0.08274147727272728 33
stats: session 459 58695.02787363843 23495.3285153871 104335.098 35006.236 58388.48695794392 7918
stats: users_count 88 11306
stats: finish_users_count 459 8377
stats: request 1331 1223.1568271975982 1283.8834073407315 15559.096 0.38 1044.374616795241 38499
stats: connect 829 9.150926417370323 33.72393748091317 535.02 0.484 6.2964019998104455 21102
stats: page 1157 1509.9896067415755 1847.4275182800543 15559.096 0.435 1467.8736957636117 27311
stats: 302 185 7334
stats: 200 291 8538
stats: size_rcv 811716 20553908
stats: newphase 0 10
stats: 502 702 22026
stats: size_sent 594725 19055800
stats: connected -10 846
stats: 500 153 1932
# stats: dump at 1575250420
stats: users 2466 3330
stats: {freemem,"tsung_controller@ip-172-31-31-18"} 1 3383.56640625 0.0 3521.4296875 3383.56640625 3442.348575367647 34
stats: {recvpackets,"tsung_controller@ip-172-31-31-18"} 1 5157.0 0.0 9489 712 5051.818181818182 33
stats: {sentpackets,"tsung_controller@ip-172-31-31-18"} 1 6071.0 0.0 10598 738 5479.606060606061 33
stats: {cpu,"tsung_controller@ip-172-31-31-18"} 1 4.766734279918864 0.0 8.479834539813858 1.0070493454179255 4.82076224647107 34
stats: {load,"tsung_controller@ip-172-31-31-18"} 1 0.0703125 0.0 0.2890625 0.0 0.08260569852941177 34
stats: session 463 60660.6037926566 23479.262113008404 104335.098 35006.236 58405.283219171535 8377
stats: users_count 0 11306
stats: finish_users_count 463 8840
stats: request 976 1616.739221311475 1212.8924060555012 15559.096 0.38 1050.348985915139 39830
stats: connect 520 3.3146519230769202 3.2083791558493533 535.02 0.484 6.404304090100771 21931
stats: page 976 1616.739221311475 1212.8924060555012 15559.096 0.435 1469.5853758606156 28468
stats: 302 146 7480
stats: 200 256 8794
stats: size_rcv 784136 21338044
stats: newphase 0 10
stats: 502 352 22378
stats: size_sent 427934 19483734
stats: connected -10 836
stats: 500 223 2155
# stats: dump at 1575250430
stats: users 1933 3330
stats: {freemem,"tsung_controller@ip-172-31-31-18"} 1 3383.328125 0.0 3521.4296875 3383.328125 3440.6690848214284 35
stats: {recvpackets,"tsung_controller@ip-172-31-31-18"} 1 4304.0 0.0 9489 712 5054.911764705882 34
stats: {sentpackets,"tsung_controller@ip-172-31-31-18"} 1 5236.0 0.0 10598 738 5497.0 34
stats: {cpu,"tsung_controller@ip-172-31-31-18"} 1 3.1568228105906315 0.0 8.479834539813858 1.0070493454179255 4.819218590283865 35
stats: {load,"tsung_controller@ip-172-31-31-18"} 1 0.05859375 0.0 0.2890625 0.0 0.08225446428571428 35
stats: session 533 61981.3780487805 23514.731954274477 104335.098 35006.236 58523.40690984162 8840
stats: users_count 0 11306
stats: finish_users_count 533 9373
stats: request 1061 1528.4236936852028 1290.1637063784012 15559.096 0.38 1063.89593660246 40806
stats: connect 490 3.2970000000000006 3.174693138955418 535.02 0.484 6.332742951316201 22451
stats: page 1061 1528.4236936852028 1290.1637063784012 15559.096 0.435 1474.4631829914415 29444
stats: 302 171 7651
stats: 200 248 9042
stats: size_rcv 772704 22110748
stats: newphase 0 10
stats: 502 442 22820
stats: size_sent 451994 19935728
stats: connected -39 797
stats: 500 201 2356
# stats: dump at 1575250440
stats: users 1445 3330
stats: {freemem,"tsung_controller@ip-172-31-31-18"} 1 3382.8359375 0.0 3521.4296875 3382.8359375 3439.0762803819443 36
stats: {recvpackets,"tsung_controller@ip-172-31-31-18"} 1 4245.0 0.0 9489 712 5033.457142857143 35
stats: {sentpackets,"tsung_controller@ip-172-31-31-18"} 1 5337.0 0.0 10598 738 5489.542857142857 35
stats: {cpu,"tsung_controller@ip-172-31-31-18"} 1 3.7525354969574036 0.0 8.479834539813858 1.0070493454179255 4.773040929736831 36
stats: {load,"tsung_controller@ip-172-31-31-18"} 1 0.12109375 0.0 0.2890625 0.0 0.08159722222222222 36
stats: session 488 61323.170297131146 23818.05828717008 104335.098 35005.982 58720.046045343 9373
stats: users_count 0 11306
stats: finish_users_count 488 9861
stats: request 844 1881.5432535545035 1185.292935225154 15559.096 0.38 1075.6680709866955 41867
stats: connect 252 3.512710317460315 3.5821712389459623 535.02 0.484 6.267902096682795 22941
stats: page 844 1881.5432535545035 1185.292935225154 15559.096 0.435 1476.3399934109161 30505
stats: 302 182 7833
stats: 200 262 9304
stats: size_rcv 649919 22760667
stats: newphase 0 10
stats: 502 238 23058
stats: size_sent 399769 20335497
stats: connected -239 558
stats: 500 162 2518
# stats: dump at 1575250450
stats: users 1113 3330
stats: {freemem,"tsung_controller@ip-172-31-31-18"} 1 3382.8359375 0.0 3521.4296875 3382.8359375 3437.556271114865 37
stats: {recvpackets,"tsung_controller@ip-172-31-31-18"} 1 3222.0 0.0 9489 712 5011.555555555556 36
stats: {sentpackets,"tsung_controller@ip-172-31-31-18"} 1 3962.0 0.0 10598 738 5485.305555555556 36
stats: {cpu,"tsung_controller@ip-172-31-31-18"} 1 2.9292929292929295 0.0 8.479834539813858 1.0070493454179255 4.745459701823873 37
stats: {load,"tsung_controller@ip-172-31-31-18"} 1 0.1015625 0.0 0.2890625 0.0 0.08266469594594594 37
stats: session 332 79414.72812349407 15583.494845101523 104335.098 35005.982 58848.869149984785 9861
stats: users_count 0 11306
stats: finish_users_count 332 10193
stats: request 712 1501.8446264044944 760.7371617567965 15559.096 0.38 1091.5927427126499 42711
stats: connect 315 3.447774603174604 3.11145305053832 535.02 0.484 6.237965981114993 23193
stats: page 712 1501.8446264044944 760.7371617567965 15559.096 0.435 1487.2491628122107 31349
stats: 302 289 8122
stats: 200 148 9452
stats: size_rcv 676853 23437520
stats: newphase 0 10
stats: 502 0 23058
stats: size_sent 244168 20579665
stats: connected -26 532
stats: 500 275 2793
# stats: dump at 1575250460
stats: users 741 3330
stats: {freemem,"tsung_controller@ip-172-31-31-18"} 1 3382.51171875 0.0 3521.4296875 3382.51171875 3436.1162623355262 38
stats: {recvpackets,"tsung_controller@ip-172-31-31-18"} 1 2859.0 0.0 9489 712 4963.189189189189 37
stats: {sentpackets,"tsung_controller@ip-172-31-31-18"} 1 3468.0 0.0 10598 738 5444.135135135135 37
stats: {cpu,"tsung_controller@ip-172-31-31-18"} 1 2.233502538071066 0.0 8.479834539813858 1.0070493454179255 4.697665839388849 38
stats: {load,"tsung_controller@ip-172-31-31-18"} 1 0.08984375 0.0 0.2890625 0.0 0.08316200657894737 38
stats: session 372 83819.8375564516 2992.693014185535 104335.098 35005.982 59518.72740361032 10193
stats: users_count 0 11306
stats: finish_users_count 372 10565
stats: request 668 45.170239520958056 48.12231617541225 15559.096 0.38 1098.3195773668328 43423
stats: connect 300 1.7968499999999994 2.1309764837197678 535.02 0.484 6.200578271226817 23508
stats: page 668 45.170239520958056 48.12231617541225 15559.096 0.435 1487.5732940020584 32061
stats: 302 371 8493
stats: 200 75 9527
stats: size_rcv 526149 23963669
stats: newphase 0 10
stats: 502 0 23058
stats: size_sent 272965 20852630
stats: connected -71 461
stats: 500 222 3015
# stats: dump at 1575250470
stats: users 443 3330
stats: {freemem,"tsung_controller@ip-172-31-31-18"} 1 3390.140625 0.0 3521.4296875 3382.51171875 3434.741786858974 39
stats: {recvpackets,"tsung_controller@ip-172-31-31-18"} 1 2897.0 0.0 9489 712 4907.815789473684 38
stats: {sentpackets,"tsung_controller@ip-172-31-31-18"} 1 3583.0 0.0 10598 738 5392.131578947368 38
stats: {cpu,"tsung_controller@ip-172-31-31-18"} 1 2.8311425682507583 0.0 8.479834539813858 1.0070493454179255 4.634482164996085 39
stats: {load,"tsung_controller@ip-172-31-31-18"} 1 0.0703125 0.0 0.2890625 0.0 0.08333333333333333 39
stats: session 298 82524.00244966443 3096.729443967037 104335.098 35005.982 60374.38409805962 10565
stats: users_count 0 11306
stats: finish_users_count 298 10863
stats: request 608 55.44656578947369 59.11189864627967 15559.096 0.38 1082.3638549363811 44091
stats: connect 322 2.2030621118012435 5.739314781194082 535.02 0.484 6.1450877436155915 23808
stats: page 608 55.44656578947369 59.11189864627967 15559.096 0.435 1458.1337987411773 32729
stats: 302 287 8780
stats: 200 87 9614
stats: size_rcv 546934 24510603
stats: newphase 0 10
stats: 502 0 23058
stats: size_sent 253130 21105760
stats: connected -98 363
stats: 500 234 3249
# stats: dump at 1575250480
stats: users 121 3330
stats: {freemem,"tsung_controller@ip-172-31-31-18"} 1 3390.83203125 0.0 3521.4296875 3382.51171875 3433.6267578125 40
stats: {recvpackets,"tsung_controller@ip-172-31-31-18"} 1 2889.0 0.0 9489 712 4856.25641025641 39
stats: {sentpackets,"tsung_controller@ip-172-31-31-18"} 1 3460.0 0.0 10598 738 5345.74358974359 39
stats: {cpu,"tsung_controller@ip-172-31-31-18"} 1 2.727272727272727 0.0 8.479834539813858 1.0070493454179255 4.589398675077452 40
stats: {load,"tsung_controller@ip-172-31-31-18"} 1 0.05859375 0.0 0.2890625 0.0 0.0830078125 40
stats: session 322 82258.5084006211 2820.114579119477 104335.098 35005.982 60982.005037834846 10863
stats: users_count 0 11306
stats: finish_users_count 322 11185
stats: request 455 27.795250549450568 36.48499986248863 15559.096 0.38 1068.3956294324253 44699
stats: connect 120 1.20955 1.1029574398709436 535.02 0.484 6.092483837546623 24130
stats: page 455 27.795250549450568 36.48499986248863 15559.096 0.435 1432.5515976542579 33337
stats: 302 331 9111
stats: 200 67 9681
stats: size_rcv 202734 24713337
stats: newphase 0 10
stats: 502 0 23058
stats: size_sent 212718 21318478
stats: connected -237 126
stats: 500 57 3306
# stats: dump at 1575250490
stats: users 0 3330
stats: {freemem,"tsung_controller@ip-172-31-31-18"} 1 3391.57421875 0.0 3521.4296875 3382.51171875 3432.5829839939024 41
stats: {recvpackets,"tsung_controller@ip-172-31-31-18"} 1 1464.0 0.0 9489 712 4807.075 40
stats: {sentpackets,"tsung_controller@ip-172-31-31-18"} 1 1990.0 0.0 10598 738 5298.6 40
stats: {cpu,"tsung_controller@ip-172-31-31-18"} 1 1.4084507042253522 0.0 8.479834539813858 1.0070493454179255 4.543980969033433 41
stats: {load,"tsung_controller@ip-172-31-31-18"} 1 0.05078125 0.0 0.2890625 0.0 0.08241234756097561 41
stats: session 121 85657.57136363638 9583.360400125845 156001.044 35005.982 61594.52484854716 11185
stats: users_count 0 11306
stats: finish_users_count 121 11306
stats: request 126 1082.5621746031752 8440.677369410862 67595.012 0.38 1057.9098879169062 45154
stats: connect 0 0 0 535.02 0.484 6.068320865979382 24250
stats: page 126 1082.5621746031752 8440.677369410862 67595.012 0.435 1413.6369392163824 33792
stats: 302 124 9235
stats: 200 0 9681
stats: size_rcv 16368 24729705
stats: newphase 0 10
stats: 502 0 23058
stats: size_sent 80985 21399463
stats: connected -126 0
stats: 500 0 3306
# stats: dump at 1575250492
stats: users 0 3330
stats: {freemem,"tsung_controller@ip-172-31-31-18"} 1 3394.2265625 0.0 3521.4296875 3382.51171875 3431.6065848214284 42
stats: {recvpackets,"tsung_controller@ip-172-31-31-18"} 1 382.0 0.0 9489 382 4725.536585365854 41
stats: {sentpackets,"tsung_controller@ip-172-31-31-18"} 1 612.0 0.0 10598 612 5217.90243902439 41
stats: {cpu,"tsung_controller@ip-172-31-31-18"} 1 2.2022022022022023 0.0 8.479834539813858 1.0070493454179255 4.469325486538002 42
stats: {load,"tsung_controller@ip-172-31-31-18"} 1 0.0390625 0.0 0.2890625 0.0 0.08165922619047619 42
stats: session 0 0 0 156001.044 35005.982 61852.05435750929 11306
stats: users_count 0 11306
stats: finish_users_count 0 11306
stats: request 0 0 0 67595.012 0.38 1057.9784874779148 45280
stats: connect 0 0 0 535.02 0.484 6.068320865979382 24250
stats: page 0 0 0 67595.012 0.435 1412.4070488825992 33918
stats: 302 0 9235
stats: 200 0 9681
stats: size_rcv 0 24729705
stats: newphase 0 10
stats: 502 0 23058
stats: size_sent 0 21399463
stats: connected 0 0
stats: 500 0 3306
EndMonitor:{1575,250492,219089}
