# stats: dump at 1575253686
stats: users 78 78
stats: {freemem,"tsung_controller@ip-172-31-31-18"} 1 3521.70703125 0 3521.70703125 3521.70703125 0 0
stats: {cpu,"tsung_controller@ip-172-31-31-18"} 1 1.9772478931071444 0 1.9772478931071444 1.9772478931071444 0 0
stats: {load,"tsung_controller@ip-172-31-31-18"} 1 0.0 0 0.0 0.0 0 0
stats: users_count 78 78
stats: finish_users_count 0 0
stats: request 148 19.314547297297313 17.580753176734966 185.949 10.273 0 0
stats: connect 76 1.8065526315789473 3.6886293110853976 31.951 0.869 0 0
stats: page 76 37.69082894736841 36.23126108123386 226.411 10.273 0 0
stats: 302 76 76
stats: 200 72 72
stats: size_rcv 83724 83724
stats: size_sent 84160 84160
stats: connected 76 76
# stats: dump at 1575253696
stats: users 189 189
stats: {freemem,"tsung_controller@ip-172-31-31-18"} 1 3520.53125 0.0 3521.70703125 3520.53125 3521.70703125 1
stats: {recvpackets,"tsung_controller@ip-172-31-31-18"} 1 612 0 612 612 0 0
stats: {sentpackets,"tsung_controller@ip-172-31-31-18"} 1 637 0 637 637 0 0
stats: {cpu,"tsung_controller@ip-172-31-31-18"} 1 1.8924302788844622 0.0 1.9772478931071444 1.8924302788844622 1.9772478931071444 1
stats: {load,"tsung_controller@ip-172-31-31-18"} 1 0.0 0.0 0.0 0.0 0.0 1
stats: users_count 111 189
stats: finish_users_count 0 0
stats: request 231 16.053246753246746 5.796702474666563 185.949 9.851 19.314547297297313 148
stats: connect 109 1.3046972477064223 1.1818295450185121 31.951 0.848 1.8065526315789473 76
stats: page 109 34.08107339449543 20.61820993427159 226.411 9.851 37.69082894736841 76
stats: 302 109 185
stats: 200 122 194
stats: size_rcv 139256 222980
stats: size_sent 138868 223028
stats: connected 109 185
# stats: dump at 1575253706
stats: users 280 280
stats: {freemem,"tsung_controller@ip-172-31-31-18"} 1 3508.12109375 0.0 3521.70703125 3508.12109375 3521.119140625 2
stats: {recvpackets,"tsung_controller@ip-172-31-31-18"} 1 901.0 0.0 901 612 612.0 1
stats: {sentpackets,"tsung_controller@ip-172-31-31-18"} 1 1034.0 0.0 1034 637 637.0 1
stats: {cpu,"tsung_controller@ip-172-31-31-18"} 1 4.8804780876494025 0.0 4.8804780876494025 1.8924302788844622 1.9348390859958033 2
stats: {load,"tsung_controller@ip-172-31-31-18"} 1 0.0 0.0 0.0 0.0 0.0 2
stats: users_count 91 280
stats: finish_users_count 0 0
stats: request 186 16.00494623655915 4.911610859348349 185.949 9.851 17.326788918205807 379
stats: connect 91 1.5964065934065934 1.9981969673673532 31.951 0.848 1.5108648648648648 185
stats: page 90 33.13257777777779 19.474403589770958 226.411 9.851 35.564 185
stats: 302 90 275
stats: 200 96 290
stats: size_rcv 110136 333116
stats: size_sent 110319 333347
stats: connected 91 276
# stats: dump at 1575253716
stats: users 383 384
stats: {freemem,"tsung_controller@ip-172-31-31-18"} 1 3512.55078125 0.0 3521.70703125 3508.12109375 3516.7864583333335 3
stats: {recvpackets,"tsung_controller@ip-172-31-31-18"} 1 846.0 0.0 901 612 756.5 2
stats: {sentpackets,"tsung_controller@ip-172-31-31-18"} 1 934.0 0.0 1034 637 835.5 2
stats: {cpu,"tsung_controller@ip-172-31-31-18"} 1 1.8054162487462388 0.0 4.8804780876494025 1.8054162487462388 2.91671875321367 3
stats: {load,"tsung_controller@ip-172-31-31-18"} 1 0.0 0.0 0.0 0.0 0.0 3
stats: session 19 35061.966789473685 17.53387802776551 35121.124 35050.556 0 0
stats: users_count 122 402
stats: finish_users_count 19 19
stats: request 305 16.74758032786883 7.600685042526008 185.949 7.351 16.89163362831859 565
stats: connect 121 1.0738016528925618 0.35222974799009926 31.951 0.796 1.5390688405797102 276
stats: page 179 28.571793296089375 17.494113452632753 226.411 8.581 34.76826181818182 275
stats: 302 122 397
stats: 200 183 473
stats: size_rcv 209823 542939
stats: newphase 1 1
stats: size_sent 200327 533674
stats: connected 104 380
# stats: dump at 1575253726
stats: users 488 488
stats: {freemem,"tsung_controller@ip-172-31-31-18"} 1 3503.5546875 0.0 3521.70703125 3503.5546875 3515.7275390625 4
stats: {recvpackets,"tsung_controller@ip-172-31-31-18"} 1 1189.0 0.0 1189 612 786.3333333333334 3
stats: {sentpackets,"tsung_controller@ip-172-31-31-18"} 1 1321.0 0.0 1321 637 868.3333333333334 3
stats: {cpu,"tsung_controller@ip-172-31-31-18"} 1 2.095808383233533 0.0 4.8804780876494025 1.8054162487462388 2.638893127096812 4
stats: {load,"tsung_controller@ip-172-31-31-18"} 1 0.0 0.0 0.0 0.0 0.0 4
stats: session 51 35057.56990196078 11.146904345180097 35121.124 35049.059 35061.966789473685 19
stats: users_count 156 558
stats: finish_users_count 51 70
stats: request 406 16.582768472906388 5.240488901494859 185.949 6.833 16.84113218390804 870
stats: connect 154 1.1488636363636362 0.8755126518120003 31.951 0.796 1.3972619647355162 397
stats: page 252 26.746428571428556 16.21457303003953 226.411 6.999 32.32516079295154 454
stats: 302 153 550
stats: 200 253 726
stats: size_rcv 282083 825022
stats: newphase 0 1
stats: size_sent 278584 812258
stats: connected 103 483
# stats: dump at 1575253736
stats: users 604 604
stats: {freemem,"tsung_controller@ip-172-31-31-18"} 1 3494.54296875 0.0 3521.70703125 3494.54296875 3513.29296875 5
stats: {recvpackets,"tsung_controller@ip-172-31-31-18"} 1 1457.0 0.0 1457 612 887.0 4
stats: {sentpackets,"tsung_controller@ip-172-31-31-18"} 1 1678.0 0.0 1678 637 981.5 4
stats: {cpu,"tsung_controller@ip-172-31-31-18"} 1 2.5 0.0 4.8804780876494025 1.8054162487462388 2.5302761783241565 5
stats: {load,"tsung_controller@ip-172-31-31-18"} 1 0.0 0.0 0.0 0.0 0.0 5
stats: session 39 35056.81602564101 5.148412189817701 35121.124 35049.029 35058.76334285714 70
stats: users_count 155 713
stats: finish_users_count 39 109
stats: request 390 19.686146153846153 22.42737901823031 275.856 6.833 16.758925548589332 1276
stats: connect 155 9.301412903225806 34.334181703310804 261.712 0.796 1.3278366606170597 551
stats: page 238 32.159088235294114 33.997980461842296 275.856 6.862 30.33388526912181 706
stats: 302 156 706
stats: 200 234 960
stats: size_rcv 263088 1088110
stats: newphase 0 1
stats: size_sent 260441 1072699
stats: connected 115 598
# stats: dump at 1575253746
stats: users 747 748
stats: {freemem,"tsung_controller@ip-172-31-31-18"} 1 3491.67578125 0.0 3521.70703125 3491.67578125 3510.16796875 6
stats: {recvpackets,"tsung_controller@ip-172-31-31-18"} 1 1403.0 0.0 1457 612 1001.0 5
stats: {sentpackets,"tsung_controller@ip-172-31-31-18"} 1 1585.0 0.0 1678 637 1120.8 5
stats: {cpu,"tsung_controller@ip-172-31-31-18"} 1 2.783300198807157 0.0 4.8804780876494025 1.8054162487462388 2.525230148603464 6
stats: {load,"tsung_controller@ip-172-31-31-18"} 1 0.0 0.0 0.0 0.0 0.0 6
stats: session 54 35059.55340740742 11.202261632628346 35121.124 35049.029 35058.066596330274 109
stats: users_count 197 910
stats: finish_users_count 54 163
stats: request 516 17.328529069767455 5.954252180435818 275.856 6.181 17.44416926770708 1666
stats: connect 200 1.2392850000000009 1.8074173463190513 261.712 0.796 3.078409348441926 706
stats: page 312 28.790782051282065 16.8209420519958 275.856 6.862 30.79405296610169 944
stats: 302 200 906
stats: 200 316 1276
stats: size_rcv 354904 1443014
stats: newphase 1 2
stats: size_sent 347231 1419930
stats: connected 130 728
# stats: dump at 1575253756
stats: users 881 882
stats: {freemem,"tsung_controller@ip-172-31-31-18"} 1 3482.8828125 0.0 3521.70703125 3482.8828125 3507.5262276785716 7
stats: {recvpackets,"tsung_controller@ip-172-31-31-18"} 1 1843.0 0.0 1843 612 1068.0 6
stats: {sentpackets,"tsung_controller@ip-172-31-31-18"} 1 2067.0 0.0 2067 637 1198.1666666666667 6
stats: {cpu,"tsung_controller@ip-172-31-31-18"} 1 2.6052104208416833 0.0 4.8804780876494025 1.8054162487462388 2.5620972986325627 7
stats: {load,"tsung_controller@ip-172-31-31-18"} 1 0.0 0.0 0.0 0.0 0.0 7
stats: session 64 35064.83492187499 46.795674450645485 35382.624 35049.029 35058.55915950921 163
stats: users_count 198 1108
stats: finish_users_count 64 227
stats: request 569 22.681126537785577 37.25223063671561 388.062 6.181 17.41682263978002 2182
stats: connect 233 0.9787982832618031 0.17170782549467167 261.712 0.796 2.672421633554084 906
stats: page 373 34.625541554959774 48.9156431546137 435.038 6.862 30.296425159235667 1256
stats: 302 197 1103
stats: 200 372 1648
stats: size_rcv 445583 1888597
stats: newphase 0 2
stats: size_sent 404684 1824614
stats: connected 126 854
# stats: dump at 1575253766
stats: users 949 953
stats: {freemem,"tsung_controller@ip-172-31-31-18"} 1 3479.94140625 0.0 3521.70703125 3479.94140625 3504.44580078125 8
stats: {recvpackets,"tsung_controller@ip-172-31-31-18"} 1 2336.0 0.0 2336 612 1178.7142857142858 7
stats: {sentpackets,"tsung_controller@ip-172-31-31-18"} 1 2604.0 0.0 2604 637 1322.2857142857142 7
stats: {cpu,"tsung_controller@ip-172-31-31-18"} 1 3.0120481927710845 0.0 4.8804780876494025 1.8054162487462388 2.567486438908703 8
stats: {load,"tsung_controller@ip-172-31-31-18"} 1 0.1484375 0.0 0.1484375 0.0 0.0 8
stats: session 119 49447.12281512605 20991.518976239462 80278.344 35049.029 35060.32853744493 227
stats: users_count 187 1295
stats: finish_users_count 119 346
stats: request 641 17.76065990639629 6.051366649301126 388.062 6.181 18.50565903307888 2751
stats: connect 248 0.9686169354838706 0.37325937216195615 261.712 0.74 2.325964881474978 1139
stats: page 445 25.604800000000026 15.818881830197512 435.038 6.862 31.28768385512584 1629
stats: 302 223 1326
stats: 200 418 2066
stats: size_rcv 515049 2403646
stats: newphase 0 2
stats: size_sent 489355 2313969
stats: connected 73 927
# stats: dump at 1575253776
stats: users 1077 1077
stats: {freemem,"tsung_controller@ip-172-31-31-18"} 1 3478.46484375 0.0 3521.70703125 3478.46484375 3501.723090277778 9
stats: {recvpackets,"tsung_controller@ip-172-31-31-18"} 1 2647.0 0.0 2647 612 1323.375 8
stats: {sentpackets,"tsung_controller@ip-172-31-31-18"} 1 3.0e3 0.0 3000 637 1482.5 8
stats: {cpu,"tsung_controller@ip-172-31-31-18"} 1 3.2225579053373616 0.0 4.8804780876494025 1.8054162487462388 2.616882189337856 9
stats: {load,"tsung_controller@ip-172-31-31-18"} 1 0.12109375 0.0 0.1484375 0.0 0.016493055555555556 9
stats: session 155 52781.21107096776 21992.57979475798 80278.344 35049.029 40008.387841040465 346
stats: users_count 283 1578
stats: finish_users_count 155 501
stats: request 856 17.56916121495326 6.310870813520453 388.062 6.057 18.364873525943405 3392
stats: connect 328 0.9367286585365857 0.36402054874745143 261.712 0.74 2.0832667627974044 1387
stats: page 584 25.77415924657534 17.331989048392945 435.038 6.739 30.068357280617168 2074
stats: 302 341 1667
stats: 200 515 2581
stats: size_rcv 621274 3024920
stats: newphase 1 3
stats: size_sent 626811 2940780
stats: connected 108 1035
# stats: dump at 1575253786
stats: users 1212 1215
stats: {freemem,"tsung_controller@ip-172-31-31-18"} 1 3476.43359375 0.0 3521.70703125 3476.43359375 3499.397265625 10
stats: {recvpackets,"tsung_controller@ip-172-31-31-18"} 1 3519.0 0.0 3519 612 1470.4444444444443 9
stats: {sentpackets,"tsung_controller@ip-172-31-31-18"} 1 3978.0 0.0 3978 637 1651.111111111111 9
stats: {cpu,"tsung_controller@ip-172-31-31-18"} 1 4.444444444444445 0.0 4.8804780876494025 1.8054162487462388 2.6774497609378067 10
stats: {load,"tsung_controller@ip-172-31-31-18"} 1 0.1015625 0.0 0.1484375 0.0 0.026953125 10
stats: session 131 50868.76998473282 21491.502716347775 80278.344 35049.029 43960.059698602796 501
stats: users_count 266 1844
stats: finish_users_count 131 632
stats: request 808 17.50064356435643 6.314958594377022 388.062 6.057 18.204532250470816 4248
stats: connect 335 0.9985014925373129 0.29017577662695404 261.712 0.74 1.8639871720116619 1715
stats: page 560 25.211282142857115 16.372541799426468 435.038 6.739 29.124861550037625 2658
stats: 302 320 1987
stats: 200 488 3069
stats: size_rcv 605578 3630498
stats: newphase 0 3
stats: size_sent 584958 3525738
stats: connected 141 1176
# stats: dump at 1575253796
stats: users 1266 1280
stats: {freemem,"tsung_controller@ip-172-31-31-18"} 1 3463.8046875 0.0 3521.70703125 3463.8046875 3497.309659090909 11
stats: {recvpackets,"tsung_controller@ip-172-31-31-18"} 1 3256.0 0.0 3519 612 1675.3 10
stats: {sentpackets,"tsung_controller@ip-172-31-31-18"} 1 3681.0 0.0 3978 637 1883.8 10
stats: {cpu,"tsung_controller@ip-172-31-31-18"} 1 4.609218436873747 0.0 4.8804780876494025 1.8054162487462388 2.838085641256592 11
stats: {load,"tsung_controller@ip-172-31-31-18"} 1 0.08984375 0.0 0.1484375 0.0 0.033735795454545456 11
stats: session 170 52547.1220764706 21933.458207232983 80278.344 35048.589 45392.08667246836 632
stats: users_count 224 2068
stats: finish_users_count 170 802
stats: request 757 17.615174372523104 6.379952940507856 388.062 5.971 18.092043710443043 5056
stats: connect 306 0.9718954248366006 0.47753912563790574 261.712 0.74 1.7225541463414633 2050
stats: page 565 23.679168141592903 15.380530225334775 435.038 6.739 28.443816034804225 3218
stats: 302 289 2276
stats: 200 468 3537
stats: size_rcv 590187 4220685
stats: newphase 0 3
stats: size_sent 576376 4102114
stats: connected 58 1234
# stats: dump at 1575253806
stats: users 1310 1318
stats: {freemem,"tsung_controller@ip-172-31-31-18"} 1 3450.25 0.0 3521.70703125 3450.25 3494.517578125 12
stats: {recvpackets,"tsung_controller@ip-172-31-31-18"} 1 2981.0 0.0 3519 612 1819.0 11
stats: {sentpackets,"tsung_controller@ip-172-31-31-18"} 1 3439.0 0.0 3978 637 2047.1818181818182 11
stats: {cpu,"tsung_controller@ip-172-31-31-18"} 1 3.707414829659319 0.0 4.8804780876494025 1.8054162487462388 2.9856800408913546 12
stats: {load,"tsung_controller@ip-172-31-31-18"} 1 0.0703125 0.0 0.1484375 0.0 0.038411458333333336 12
stats: session 193 53506.84877202076 22130.598434777825 80278.344 35048.589 46908.74006234414 802
stats: users_count 237 2305
stats: finish_users_count 193 995
stats: request 876 42.86816552511412 58.996250559998536 529.869 5.971 18.029943230689835 5813
stats: connect 305 1.100452459016394 0.6278508895774009 261.712 0.74 1.625057724957555 2356
stats: page 642 58.511403426791304 89.26889709456788 617.748 6.733 27.732204599524184 3783
stats: 302 309 2585
stats: 200 567 4104
stats: size_rcv 700851 4921536
stats: newphase 1 4
stats: size_sent 690694 4792808
stats: connected 12 1246
# stats: dump at 1575253816
stats: users 1374 1375
stats: {freemem,"tsung_controller@ip-172-31-31-18"} 1 3448.19140625 0.0 3521.70703125 3448.19140625 3491.1123798076924 13
stats: {recvpackets,"tsung_controller@ip-172-31-31-18"} 1 4093.0 0.0 4093 612 1915.8333333333333 12
stats: {sentpackets,"tsung_controller@ip-172-31-31-18"} 1 4511.0 0.0 4511 637 2163.1666666666665 12
stats: {cpu,"tsung_controller@ip-172-31-31-18"} 1 4.929577464788732 0.0 4.929577464788732 1.8054162487462388 3.0411981015658136 13
stats: {load,"tsung_controller@ip-172-31-31-18"} 1 0.05859375 0.0 0.1484375 0.0 0.040865384615384616 13
stats: session 215 50591.62838139536 21387.440426649922 80340.794 35048.589 48188.57421407036 995
stats: users_count 279 2584
stats: finish_users_count 215 1210
stats: request 1027 19.884212268743887 7.740821348455874 529.869 5.971 21.28278860816265 6689
stats: connect 380 1.0244657894736844 0.4024450095003605 261.712 0.74 1.5649282224727548 2661
stats: page 745 27.388077852348985 17.521093453952204 617.748 6.733 32.1977968361582 4425
stats: 302 356 2941
stats: 200 671 4775
stats: size_rcv 831676 5753212
stats: newphase 0 4
stats: size_sent 798526 5591334
stats: connected 81 1327
# stats: dump at 1575253826
stats: users 1429 1430
stats: {freemem,"tsung_controller@ip-172-31-31-18"} 1 3447.296875 0.0 3521.70703125 3447.296875 3488.0465959821427 14
stats: {recvpackets,"tsung_controller@ip-172-31-31-18"} 1 4179.0 0.0 4179 612 2083.3076923076924 13
stats: {sentpackets,"tsung_controller@ip-172-31-31-18"} 1 4775.0 0.0 4775 637 2343.769230769231 13
stats: {cpu,"tsung_controller@ip-172-31-31-18"} 1 4.843592330978809 0.0 4.929577464788732 1.8054162487462388 3.1760823417960222 14
stats: {load,"tsung_controller@ip-172-31-31-18"} 1 0.05078125 0.0 0.1484375 0.0 0.04213169642857143 14
stats: session 253 52683.42983399209 21970.441942527097 80340.794 35048.589 48615.56317768597 1210
stats: users_count 308 2892
stats: finish_users_count 253 1463
stats: request 1101 19.940780199818402 8.149988752482075 529.869 5.971 21.096638024883354 7716
stats: connect 408 0.9834975490196074 0.1947898691699535 261.712 0.74 1.4973926340019732 3041
stats: page 791 27.815212389380584 18.43093482761718 617.748 6.733 31.50471353965184 5170
stats: 302 409 3350
stats: 200 692 5467
stats: size_rcv 854580 6607792
stats: newphase 0 4
stats: size_sent 852822 6444156
stats: connected 43 1370
# stats: dump at 1575253836
stats: users 1572 1572
stats: {freemem,"tsung_controller@ip-172-31-31-18"} 1 3446.16015625 0.0 3521.70703125 3446.16015625 3485.3299479166667 15
stats: {recvpackets,"tsung_controller@ip-172-31-31-18"} 1 4466.0 0.0 4466 612 2233.0 14
stats: {sentpackets,"tsung_controller@ip-172-31-31-18"} 1 5081.0 0.0 5081 637 2517.4285714285716 14
stats: {cpu,"tsung_controller@ip-172-31-31-18"} 1 5.449041372351161 0.0 5.449041372351161 1.8054162487462388 3.287249674408208 15
stats: {load,"tsung_controller@ip-172-31-31-18"} 1 0.0390625 0.0 0.1484375 0.0 0.042708333333333334 15
stats: session 199 57241.527266331694 22511.35561245006 80478.97 35048.589 49319.02884005469 1463
stats: users_count 342 3234
stats: finish_users_count 199 1662
stats: request 1080 19.61894537037039 7.857612429627579 529.869 5.971 20.952303277758876 8817
stats: connect 440 1.0359477272727278 0.5113012717071806 261.712 0.74 1.436601333719919 3449
stats: page 754 28.077254641909814 19.181311665897148 617.748 6.733 31.015132024828056 5961
stats: 302 441 3791
stats: 200 639 6106
stats: size_rcv 805973 7413765
stats: newphase 1 5
stats: size_sent 801632 7245788
stats: connected 131 1501
# stats: dump at 1575253846
stats: users 1627 1628
stats: {freemem,"tsung_controller@ip-172-31-31-18"} 1 3444.37890625 0.0 3521.70703125 3444.37890625 3482.8818359375 16
stats: {recvpackets,"tsung_controller@ip-172-31-31-18"} 1 4622.0 0.0 4622 612 2381.866666666667 15
stats: {sentpackets,"tsung_controller@ip-172-31-31-18"} 1 5172.0 0.0 5172 637 2688.3333333333335 15
stats: {cpu,"tsung_controller@ip-172-31-31-18"} 1 5.650857719475278 0.0 5.650857719475278 1.8054162487462388 3.4223616555296426 16
stats: {load,"tsung_controller@ip-172-31-31-18"} 1 0.0390625 0.0 0.1484375 0.0 0.04248046875 16
stats: session 245 53274.22570204079 22079.376944810858 80478.97 35048.589 50267.631238868846 1662
stats: users_count 300 3534
stats: finish_users_count 245 1907
stats: request 1132 21.496029151943432 8.826272065500731 529.869 5.971 20.806801960189958 9897
stats: connect 440 1.0050590909090922 0.19581037013835337 261.712 0.74 1.3912715350989973 3889
stats: page 822 29.664903892944004 18.887166440795102 617.748 6.733 30.685249739389434 6715
stats: 302 400 4191
stats: 200 732 6838
stats: size_rcv 930316 8344081
stats: newphase 0 5
stats: size_sent 889356 8135144
stats: connected 52 1553
# stats: dump at 1575253856
stats: users 1727 1728
stats: {freemem,"tsung_controller@ip-172-31-31-18"} 1 3443.4453125 0.0 3521.70703125 3443.4453125 3480.6169577205883 17
stats: {recvpackets,"tsung_controller@ip-172-31-31-18"} 1 4874.0 0.0 4874 612 2521.875 16
stats: {sentpackets,"tsung_controller@ip-172-31-31-18"} 1 5457.0 0.0 5457 637 2843.5625 16
stats: {cpu,"tsung_controller@ip-172-31-31-18"} 1 6.036217303822937 0.0 6.036217303822937 1.8054162487462388 3.55344965929115 17
stats: {load,"tsung_controller@ip-172-31-31-18"} 1 0.03125 0.0 0.1484375 0.0 0.042279411764705885 17
stats: session 272 57914.79717279406 22505.99080087653 80478.97 35048.589 50653.90058521238 1907
stats: users_count 372 3906
stats: finish_users_count 272 2179
stats: request 1285 22.167247470817145 11.306592743766284 529.869 5.971 20.877543204279625 11029
stats: connect 492 0.9388841463414638 0.4052948851083651 261.712 0.74 1.3520168630168632 4329
stats: page 921 30.948490770901252 22.85362420950812 617.748 6.733 30.573968820485607 7537
stats: 302 507 4698
stats: 200 778 7616
stats: size_rcv 983923 9328004
stats: newphase 0 5
stats: size_sent 986123 9121267
stats: connected 120 1673
# stats: dump at 1575253866
stats: users 1837 1837
stats: {freemem,"tsung_controller@ip-172-31-31-18"} 1 3441.88671875 0.0 3521.70703125 3441.88671875 3478.5518663194443 18
stats: {recvpackets,"tsung_controller@ip-172-31-31-18"} 1 5378.0 0.0 5378 612 2660.235294117647 17
stats: {sentpackets,"tsung_controller@ip-172-31-31-18"} 1 6104.0 0.0 6104 637 2997.294117647059 17
stats: {cpu,"tsung_controller@ip-172-31-31-18"} 1 5.679513184584178 0.0 6.036217303822937 1.8054162487462388 3.6913811950984714 18
stats: {load,"tsung_controller@ip-172-31-31-18"} 1 0.01953125 0.0 0.1484375 0.0 0.041666666666666664 18
stats: session 284 54257.60378169013 22257.87136145836 80478.97 35048.589 51560.26307801744 2179
stats: users_count 394 4300
stats: finish_users_count 284 2463
stats: request 1335 23.824645692883884 12.354781835156642 529.869 5.756 21.01212741594933 12314
stats: connect 487 1.0507125256673524 0.7351896649413245 261.712 0.74 1.3098552167600084 4821
stats: page 950 33.44545999999999 25.670808922894643 617.748 6.733 30.614750886734463 8458
stats: 302 514 5212
stats: 200 821 8437
stats: size_rcv 1006301 10334305
stats: newphase 1 6
stats: size_sent 1016564 10137831
stats: connected 111 1784
# stats: dump at 1575253876
stats: users 1953 1953
stats: {freemem,"tsung_controller@ip-172-31-31-18"} 1 3439.96484375 0.0 3521.70703125 3439.96484375 3476.6221217105262 19
stats: {recvpackets,"tsung_controller@ip-172-31-31-18"} 1 5530.0 0.0 5530 612 2811.222222222222 18
stats: {sentpackets,"tsung_controller@ip-172-31-31-18"} 1 6.2e3 0.0 6200 637 3169.8888888888887 18
stats: {cpu,"tsung_controller@ip-172-31-31-18"} 1 6.15539858728557 0.0 6.15539858728557 1.8054162487462388 3.7960197208608775 19
stats: {load,"tsung_controller@ip-172-31-31-18"} 1 0.01953125 0.0 0.1484375 0.0 0.040501644736842105 19
stats: session 265 51386.62363018867 21635.024131276205 80478.97 35048.589 51871.28409297604 2463
stats: users_count 381 4681
stats: finish_users_count 265 2728
stats: request 1312 22.328873475609782 9.611133071360216 529.869 5.756 21.287218037951504 13649
stats: connect 505 0.9039029702970299 0.14251243645953438 261.712 0.74 1.286079314242653 5308
stats: page 914 32.03113785557992 21.14051786375479 617.748 6.733 30.900589923469393 9408
stats: 302 480 5692
stats: 200 832 9269
stats: size_rcv 1025055 11359360
stats: newphase 0 6
stats: size_sent 1004301 11142132
stats: connected 96 1880
# stats: dump at 1575253886
stats: users 2065 2066
stats: {freemem,"tsung_controller@ip-172-31-31-18"} 1 3438.328125 0.0 3521.70703125 3438.328125 3474.7892578125 20
stats: {recvpackets,"tsung_controller@ip-172-31-31-18"} 1 5654.0 0.0 5654 612 2954.315789473684 19
stats: {sentpackets,"tsung_controller@ip-172-31-31-18"} 1 6229.0 0.0 6229 637 3329.3684210526317 19
stats: {cpu,"tsung_controller@ip-172-31-31-18"} 1 5.595116988809766 0.0 6.15539858728557 1.8054162487462388 3.913988664182112 20
stats: {load,"tsung_controller@ip-172-31-31-18"} 1 0.01953125 0.0 0.1484375 0.0 0.039453125 20
stats: session 273 54901.33308424912 22379.10093694582 80651.651 35048.589 51824.20380608504 2728
stats: users_count 385 5066
stats: finish_users_count 273 3001
stats: request 1389 25.027376529877625 11.510017352039853 529.869 5.756 21.37856567074394 14961
stats: connect 527 0.947582542694497 0.3903568750080118 261.712 0.74 1.252878031997248 5813
stats: page 992 35.15503729838715 24.18111750994684 617.748 6.733 31.000698508041086 10322
stats: 302 507 6199
stats: 200 882 10151
stats: size_rcv 1111308 12470668
stats: newphase 0 6
stats: size_sent 1071037 12213169
stats: connected 108 1988
# stats: dump at 1575253896
stats: users 2147 2152
stats: {freemem,"tsung_controller@ip-172-31-31-18"} 1 3423.25390625 0.0 3521.70703125 3423.25390625 3473.0530133928573 21
stats: {recvpackets,"tsung_controller@ip-172-31-31-18"} 1 5973.0 0.0 5973 612 3089.3 20
stats: {sentpackets,"tsung_controller@ip-172-31-31-18"} 1 6640.0 0.0 6640 637 3474.35 20
stats: {cpu,"tsung_controller@ip-172-31-31-18"} 1 6.275303643724696 0.0 6.275303643724696 1.8054162487462388 3.994042393926286 21
stats: {load,"tsung_controller@ip-172-31-31-18"} 1 0.01171875 0.0 0.1484375 0.0 0.03850446428571429 21
stats: session 356 52919.5013567416 22011.943986652335 80651.651 35048.589 52104.12926191269 3001
stats: users_count 438 5504
stats: finish_users_count 356 3357
stats: request 1598 28.579218397997483 15.18572648551438 529.869 5.756 21.68854721712539 16350
stats: connect 591 0.9970152284263942 0.8136308700273703 261.712 0.708 1.2275009463722402 6340
stats: page 1141 39.98822173531987 28.520541102309696 617.748 6.733 31.364946703199585 11314
stats: 302 577 6776
stats: 200 1021 11172
stats: size_rcv 1264901 13735569
stats: newphase 1 7
stats: size_sent 1249502 13462671
stats: connected 81 2069
# stats: dump at 1575253906
stats: users 2284 2284
stats: {freemem,"tsung_controller@ip-172-31-31-18"} 1 3419.47265625 0.0 3521.70703125 3419.47265625 3470.7894176136365 22
stats: {recvpackets,"tsung_controller@ip-172-31-31-18"} 1 6869.0 0.0 6869 612 3226.6190476190477 21
stats: {sentpackets,"tsung_controller@ip-172-31-31-18"} 1 7457.0 0.0 7457 637 3625.095238095238 21
stats: {cpu,"tsung_controller@ip-172-31-31-18"} 1 6.903553299492386 0.0 6.903553299492386 1.8054162487462388 4.097736087098941 22
stats: {load,"tsung_controller@ip-172-31-31-18"} 1 0.01171875 0.0 0.1484375 0.0 0.037286931818181816 22
stats: session 333 55648.03302402397 22416.15145904135 80651.651 35048.589 52190.59708013107 3357
stats: users_count 470 5974
stats: finish_users_count 333 3690
stats: request 1631 30.861740036787214 21.543584970174347 529.869 5.756 22.302058056607983 17948
stats: connect 635 2.979880314960629 12.812804650153623 261.712 0.708 1.20784764103304 6931
stats: page 1158 43.547398100172686 34.52402155799178 617.748 6.578 32.154923163388204 12455
stats: 302 625 7401
stats: 200 1006 12178
stats: size_rcv 1268785 15004354
stats: newphase 0 7
stats: size_sent 1250861 14713532
stats: connected 142 2211
# stats: dump at 1575253916
stats: users 2411 2412
stats: {freemem,"tsung_controller@ip-172-31-31-18"} 1 3404.8828125 0.0 3521.70703125 3404.8828125 3468.558254076087 23
stats: {recvpackets,"tsung_controller@ip-172-31-31-18"} 1 7.1e3 0.0 7100 612 3392.181818181818 22
stats: {sentpackets,"tsung_controller@ip-172-31-31-18"} 1 7787.0 0.0 7787 637 3799.2727272727275 22
stats: {cpu,"tsung_controller@ip-172-31-31-18"} 1 10.181451612903226 0.0 10.181451612903226 1.8054162487462388 4.2197281398117 23
stats: {load,"tsung_controller@ip-172-31-31-18"} 1 0.01171875 0.0 0.1484375 0.0 0.03617527173913043 23
stats: session 341 56613.626290322616 22487.02058732901 80651.651 35048.589 52502.609592140914 3690
stats: users_count 468 6442
stats: finish_users_count 341 4031
stats: request 1551 26.503511927788505 14.870639686369806 529.869 5.756 23.0151098626079 19579
stats: connect 594 1.0042558922558917 0.4143526229376554 261.712 0.708 1.3565709754163364 7566
stats: page 1090 37.70172568807335 27.278473823450586 617.748 6.578 33.12403254242269 13613
stats: 302 598 7999
stats: 200 953 13131
stats: size_rcv 1198059 16202413
stats: newphase 0 7
stats: size_sent 1192477 15906009
stats: connected 120 2331
# stats: dump at 1575253926
stats: users 2538 2539
stats: {freemem,"tsung_controller@ip-172-31-31-18"} 1 3399.64453125 0.0 3521.70703125 3399.64453125 3465.9051106770835 24
stats: {recvpackets,"tsung_controller@ip-172-31-31-18"} 1 7030.0 0.0 7100 612 3553.391304347826 23
stats: {sentpackets,"tsung_controller@ip-172-31-31-18"} 1 7743.0 0.0 7787 637 3972.6521739130435 23
stats: {cpu,"tsung_controller@ip-172-31-31-18"} 1 9.667673716012084 0.0 10.181451612903226 1.8054162487462388 4.468133284523847 24
stats: {load,"tsung_controller@ip-172-31-31-18"} 1 0.01171875 0.0 0.1484375 0.0 0.03515625 24
stats: session 369 54019.097460704565 22207.60368470221 80651.651 35048.589 52850.37855618953 4031
stats: users_count 496 6938
stats: finish_users_count 369 4400
stats: request 1737 37.00508520437533 22.810965444237763 529.869 5.756 23.271168149550405 21130
stats: connect 664 1.148015060240964 1.0690369412236878 261.712 0.708 1.3309245098039217 8160
stats: page 1245 51.43566024096391 40.28388358364852 617.748 6.578 33.463397673944094 14703
stats: 302 643 8642
stats: 200 1094 14225
stats: size_rcv 1372655 17575068
stats: newphase 1 8
stats: size_sent 1352668 17258677
stats: connected 67 2398
# stats: dump at 1575253936
stats: users 2667 2667
stats: {freemem,"tsung_controller@ip-172-31-31-18"} 1 3396.8046875 0.0 3521.70703125 3396.8046875 3463.2546875 25
stats: {recvpackets,"tsung_controller@ip-172-31-31-18"} 1 8056.0 0.0 8056 612 3698.25 24
stats: {sentpackets,"tsung_controller@ip-172-31-31-18"} 1 8447.0 0.0 8447 637 4129.75 24
stats: {cpu,"tsung_controller@ip-172-31-31-18"} 1 10.43737574552684 0.0 10.43737574552684 1.8054162487462388 4.676114901783376 25
stats: {load,"tsung_controller@ip-172-31-31-18"} 1 0.078125 0.0 0.1484375 0.0 0.03421875 25
stats: session 382 56577.93685863874 22470.684438520402 80651.651 35048.589 52948.391573409084 4400
stats: users_count 511 7449
stats: finish_users_count 382 4782
stats: request 1877 52.045212040490185 51.29872036618556 529.869 5.756 24.314410110639788 22867
stats: connect 719 8.9263337969402 32.908175771558746 261.712 0.708 1.3171606980961015 8824
stats: page 1328 73.69219804216874 77.24394675173792 746.266 6.091 34.866424191121155 15948
stats: 302 702 9344
stats: 200 1175 15400
stats: size_rcv 1487097 19062165
stats: newphase 0 8
stats: size_sent 1451813 18710490
stats: connected 116 2514
# stats: dump at 1575253946
stats: users 2735 2741
stats: {freemem,"tsung_controller@ip-172-31-31-18"} 1 3395.1328125 0.0 3521.70703125 3395.1328125 3460.698918269231 26
stats: {recvpackets,"tsung_controller@ip-172-31-31-18"} 1 8589.0 0.0 8589 612 3872.56 25
stats: {sentpackets,"tsung_controller@ip-172-31-31-18"} 1 8868.0 0.0 8868 637 4302.44 25
stats: {cpu,"tsung_controller@ip-172-31-31-18"} 1 9.485368314833503 0.0 10.43737574552684 1.8054162487462388 4.89770185731197 26
stats: {load,"tsung_controller@ip-172-31-31-18"} 1 0.0703125 0.0 0.1484375 0.0 0.03590745192307692 26
stats: session 422 55753.50157582942 22404.592099368376 80651.651 35048.589 53238.330155374315 4782
stats: users_count 490 7939
stats: finish_users_count 422 5204
stats: request 1805 42.864713019390685 30.376846732870835 529.869 5.756 26.417979267701263 24744
stats: connect 698 1.0521833810888253 0.3021202642168501 261.712 0.708 1.8904600230535475 9543
stats: page 1346 57.532581723625434 45.37303798183423 746.266 6.091 37.85094767307248 17276
stats: 302 690 10034
stats: 200 1115 16515
stats: size_rcv 1428313 20490478
stats: newphase 0 8
stats: size_sent 1405380 20115870
stats: connected 17 2531
# stats: dump at 1575253956
stats: users 2808 2809
stats: {freemem,"tsung_controller@ip-172-31-31-18"} 1 3393.65625 0.0 3521.70703125 3393.65625 3458.2705439814813 27
stats: {recvpackets,"tsung_controller@ip-172-31-31-18"} 1 8413.0 0.0 8589 612 4053.9615384615386 26
stats: {sentpackets,"tsung_controller@ip-172-31-31-18"} 1 8783.0 0.0 8868 637 4478.038461538461 26
stats: {cpu,"tsung_controller@ip-172-31-31-18"} 1 8.460754332313964 0.0 10.43737574552684 1.8054162487462388 5.0676154298127685 27
stats: {load,"tsung_controller@ip-172-31-31-18"} 1 0.05859375 0.0 0.1484375 0.0 0.037181712962962965 27
stats: session 432 55662.432027777846 22404.35631263638 80651.651 35048.589 53442.28909838585 5204
stats: users_count 505 8444
stats: finish_users_count 432 5636
stats: request 1834 45.388127044711 28.325353335827096 529.869 5.756 27.53615149346492 26549
stats: connect 684 1.0806388888888887 0.6489529441279487 261.712 0.685 1.8333252612049606 10241
stats: page 1364 60.79234750733136 47.445602637904784 746.266 6.091 39.273538126946626 18622
stats: 302 696 10730
stats: 200 1138 17653
stats: size_rcv 1442894 21933372
stats: newphase 1 9
stats: size_sent 1444743 21560613
stats: connected 54 2585
# stats: dump at 1575253966
stats: users 2910 2912
stats: {freemem,"tsung_controller@ip-172-31-31-18"} 1 3385.171875 0.0 3521.70703125 3385.171875 3455.962890625 28
stats: {recvpackets,"tsung_controller@ip-172-31-31-18"} 1 8767.0 0.0 8767 612 4215.407407407408 27
stats: {sentpackets,"tsung_controller@ip-172-31-31-18"} 1 9055.0 0.0 9055 637 4637.481481481481 27
stats: {cpu,"tsung_controller@ip-172-31-31-18"} 1 8.757637474541752 0.0 10.43737574552684 1.8054162487462388 5.188798962044954 28
stats: {load,"tsung_controller@ip-172-31-31-18"} 1 0.05078125 0.0 0.1484375 0.0 0.03794642857142857 28
stats: session 455 54830.38641758241 22258.69079125536 80651.651 35048.589 53612.4632902768 5636
stats: users_count 557 9001
stats: finish_users_count 455 6091
stats: request 2027 109.03291119881577 75.63192286898044 575.938 5.756 28.689677306838608 28383
stats: connect 786 6.4108371501272305 25.941913269070852 261.712 0.685 1.7862005491990849 10925
stats: page 1482 149.232104588394 120.40858622564046 827.576 6.091 40.74214895426799 19986
stats: 302 755 11485
stats: 200 1272 18925
stats: size_rcv 1621383 23554755
stats: newphase 0 9
stats: size_sent 1573742 23134355
stats: connected 82 2667
# stats: dump at 1575253976
stats: users 3039 3050
stats: {freemem,"tsung_controller@ip-172-31-31-18"} 1 3375.453125 0.0 3521.70703125 3375.453125 3453.5218211206898 29
stats: {recvpackets,"tsung_controller@ip-172-31-31-18"} 1 9598.0 0.0 9598 612 4377.964285714286 28
stats: {sentpackets,"tsung_controller@ip-172-31-31-18"} 1 9584.0 0.0 9584 637 4795.25 28
stats: {cpu,"tsung_controller@ip-172-31-31-18"} 1 9.460834181078331 0.0 10.43737574552684 1.8054162487462388 5.311862359027602 29
stats: {load,"tsung_controller@ip-172-31-31-18"} 1 0.0390625 0.0 0.1484375 0.0 0.038389008620689655 29
stats: session 460 57048.686680434745 22394.401792232944 80699.131 35048.589 53703.44260778198 6091
stats: users_count 589 9590
stats: finish_users_count 460 6551
stats: request 2093 180.7600224558045 99.65027722536074 575.938 5.756 34.045012232818145 30410
stats: connect 826 0.9541755447941889 0.5209573041695073 261.712 0.685 2.0965894458201695 11711
stats: page 1520 246.5352763157892 174.58345169270623 984.913 6.091 48.23153381777529 21468
stats: 302 797 12282
stats: 200 1296 20221
stats: size_rcv 1665770 25220525
stats: newphase 0 9
stats: size_sent 1654958 24789313
stats: connected 88 2755
# stats: dump at 1575253986
stats: users 3091 3092
stats: {freemem,"tsung_controller@ip-172-31-31-18"} 1 3374.35546875 0.0 3521.70703125 3374.35546875 3450.91953125 30
stats: {recvpackets,"tsung_controller@ip-172-31-31-18"} 1 10201.0 0.0 10201 612 4557.9655172413795 29
stats: {sentpackets,"tsung_controller@ip-172-31-31-18"} 1 10113.0 0.0 10113 637 4960.379310344828 29
stats: {cpu,"tsung_controller@ip-172-31-31-18"} 1 9.674134419551935 0.0 10.43737574552684 1.8054162487462388 5.450161419762626 30
stats: {load,"tsung_controller@ip-172-31-31-18"} 1 0.1796875 0.0 0.1796875 0.0 0.038411458333333336 30
stats: session 484 57155.746061983395 22409.34362296572 81089.877 35048.589 53938.33991711189 6551
stats: users_count 536 10126
stats: finish_users_count 484 7035
stats: request 1989 290.7064550025143 175.1196748284174 899.009 5.756 43.49258680737159 32503
stats: connect 783 1.0625338441890149 0.9718402280885481 261.712 0.685 2.0213215282763026 12537
stats: page 1471 376.54409517335176 277.4791179770361 1654.283 6.091 61.34366573864623 22988
stats: 302 748 13030
stats: 200 1241 21462
stats: size_rcv 1597956 26818481
stats: newphase 1 10
stats: size_sent 1631610 26420923
stats: connected 43 2798
# stats: dump at 1575253996
stats: users 3228 3238
stats: {freemem,"tsung_controller@ip-172-31-31-18"} 1 3373.75 0.0 3521.70703125 3373.75 3448.449722782258 31
stats: {recvpackets,"tsung_controller@ip-172-31-31-18"} 1 9816.0 0.0 10201 612 4746.066666666667 30
stats: {sentpackets,"tsung_controller@ip-172-31-31-18"} 1 9805.0 0.0 10113 637 5132.133333333333 30
stats: {cpu,"tsung_controller@ip-172-31-31-18"} 1 8.793456032719837 0.0 10.43737574552684 1.8054162487462388 5.586418613304216 31
stats: {load,"tsung_controller@ip-172-31-31-18"} 1 0.23046875 0.0 0.23046875 0.0 0.04296875 31
stats: session 465 57724.370731182775 22235.87968898334 82094.765 35048.589 54159.69380113717 7035
stats: users_count 602 10728
stats: finish_users_count 465 7500
stats: request 2079 976.5839807599793 356.1702934748992 1587.35 0.499 57.748309405079425 34492
stats: connect 851 1.8760317273795548 6.868412965374034 261.712 0.685 1.9649603603603607 13320
stats: page 1505 1301.163959468435 845.5941350902851 3924.459 0.558 80.30028014227892 24459
stats: 302 744 13774
stats: 200 1207 22669
stats: size_rcv 1585349 28403830
stats: newphase 0 10
stats: 502 127 127
stats: size_sent 1700633 28121556
stats: connected 18 2816
stats: 500 1 1
# stats: dump at 1575254006
stats: users 3303 3315
stats: {freemem,"tsung_controller@ip-172-31-31-18"} 1 3344.3046875 0.0 3521.70703125 3344.3046875 3446.1153564453125 32
stats: {recvpackets,"tsung_controller@ip-172-31-31-18"} 1 10263.0 0.0 10263 612 4909.612903225807 31
stats: {sentpackets,"tsung_controller@ip-172-31-31-18"} 1 10239.0 0.0 10239 637 5282.870967741936 31
stats: {cpu,"tsung_controller@ip-172-31-31-18"} 1 8.376421923474664 0.0 10.43737574552684 1.8054162487462388 5.686638532660955 32
stats: {load,"tsung_controller@ip-172-31-31-18"} 1 0.19921875 0.0 0.23046875 0.0 0.048828125 32
stats: session 513 57672.69855360625 22172.217889794265 82785.172 35048.589 54380.70377079999 7500
stats: users_count 588 11316
stats: finish_users_count 513 8013
stats: request 2212 1142.5401849005402 444.1706675328618 1705.46 0.499 109.98257592081148 36571
stats: connect 874 0.96466247139588 0.46874338003448934 261.712 0.678 1.9596199985886673 14171
stats: page 1673 1508.2843711894775 1024.9815281408605 4318.666 0.558 151.06749002464932 25964
stats: 302 724 14498
stats: 200 1208 23877
stats: size_rcv 1662346 30066176
stats: newphase 0 10
stats: 502 278 405
stats: size_sent 1685277 29806833
stats: connected 40 2856
stats: 500 2 3
# stats: dump at 1575254016
stats: users 2778 3316
stats: {freemem,"tsung_controller@ip-172-31-31-18"} 1 3341.17578125 0.0 3521.70703125 3341.17578125 3443.030184659091 33
stats: {recvpackets,"tsung_controller@ip-172-31-31-18"} 1 10302.0 0.0 10302 612 5076.90625 32
stats: {sentpackets,"tsung_controller@ip-172-31-31-18"} 1 10502.0 0.0 10502 637 5437.75 32
stats: {cpu,"tsung_controller@ip-172-31-31-18"} 1 9.352517985611511 0.0 10.43737574552684 1.8054162487462388 5.76814712026137 33
stats: {load,"tsung_controller@ip-172-31-31-18"} 1 0.171875 0.0 0.23046875 0.0 0.053385416666666664 33
stats: session 601 58886.49141597341 22395.947988348446 82800.661 35048.589 54591.460456632965 8013
stats: users_count 76 11392
stats: finish_users_count 601 8614
stats: request 1534 814.5944146023492 527.7383414552643 1705.46 0.499 168.8748078539564 38783
stats: connect 319 1.0133918495297813 0.21221808161781303 261.712 0.678 1.9018205383848457 15045
stats: page 1360 995.5885345588248 995.5660185533403 4318.666 0.558 233.22632934110032 27637
stats: 302 452 14950
stats: 200 1072 24949
stats: size_rcv 1314924 31381100
stats: newphase 0 10
stats: 502 10 415
stats: size_sent 1224523 31031356
stats: connected -393 2463
stats: 500 0 3
# stats: dump at 1575254026
stats: users 2247 3316
stats: {freemem,"tsung_controller@ip-172-31-31-18"} 1 3339.6875 0.0 3521.70703125 3339.6875 3440.034466911765 34
stats: {recvpackets,"tsung_controller@ip-172-31-31-18"} 1 6660.0 0.0 10302 612 5235.242424242424 33
stats: {sentpackets,"tsung_controller@ip-172-31-31-18"} 1 6917.0 0.0 10502 637 5591.212121212121 33
stats: {cpu,"tsung_controller@ip-172-31-31-18"} 1 5.763397371081901 0.0 10.43737574552684 1.8054162487462388 5.873569792771669 34
stats: {load,"tsung_controller@ip-172-31-31-18"} 1 0.140625 0.0 0.23046875 0.0 0.056870404411764705 34
stats: session 531 57611.18321280601 22511.294897486787 82800.661 35048.589 54891.12537497097 8614
stats: users_count 0 11392
stats: finish_users_count 531 9145
stats: request 1047 34.97427507163319 22.984299553529173 1705.46 0.499 193.44344829724423 40317
stats: connect 233 1.0733390557939912 0.4170456393473975 261.712 0.678 1.8833742514970062 15364
stats: page 1047 34.97427507163319 22.984299553529173 4318.666 0.558 268.98218681242855 28997
stats: 302 262 15212
stats: 200 767 25716
stats: size_rcv 958465 32339565
stats: newphase 0 10
stats: 502 0 415
stats: size_sent 1064213 32095569
stats: connected -480 1983
stats: 500 18 21
# stats: dump at 1575254036
stats: users 1717 3316
stats: {freemem,"tsung_controller@ip-172-31-31-18"} 1 3347.76171875 0.0 3521.70703125 3339.6875 3437.167410714286 35
stats: {recvpackets,"tsung_controller@ip-172-31-31-18"} 1 5360.0 0.0 10302 612 5277.14705882353 34
stats: {sentpackets,"tsung_controller@ip-172-31-31-18"} 1 5996.0 0.0 10502 637 5630.205882352941 34
stats: {cpu,"tsung_controller@ip-172-31-31-18"} 1 5.717151454363089 0.0 10.43737574552684 1.8054162487462388 5.870422009294818 35
stats: {load,"tsung_controller@ip-172-31-31-18"} 1 0.12109375 0.0 0.23046875 0.0 0.059263392857142855 35
stats: session 530 55693.825018867916 21854.703161743288 82800.661 35035.643 55049.06421716785 9145
stats: users_count 0 11392
stats: finish_users_count 530 9675
stats: request 1129 31.085086802480106 17.733893901262448 1705.46 0.499 189.43229791606214 41364
stats: connect 272 0.9691066176470597 0.14085487300879723 261.712 0.678 1.8712733217926527 15597
stats: page 1129 31.085086802480106 17.733893901262448 4318.666 0.558 260.8272712355209 30044
stats: 302 232 15444
stats: 200 855 26571
stats: size_rcv 989480 33329045
stats: newphase 0 10
stats: 502 0 415
stats: size_sent 1085937 33181506
stats: connected -429 1554
stats: 500 42 63
# stats: dump at 1575254046
stats: users 1182 3316
stats: {freemem,"tsung_controller@ip-172-31-31-18"} 1 3355.27734375 0.0 3521.70703125 3339.6875 3434.6839192708335 36
stats: {recvpackets,"tsung_controller@ip-172-31-31-18"} 1 5734.0 0.0 10302 612 5279.5142857142855 35
stats: {sentpackets,"tsung_controller@ip-172-31-31-18"} 1 6611.0 0.0 10502 637 5640.657142857143 35
stats: {cpu,"tsung_controller@ip-172-31-31-18"} 1 5.252525252525253 0.0 10.43737574552684 1.8054162487462388 5.8661644938800475 36
stats: {load,"tsung_controller@ip-172-31-31-18"} 1 0.1015625 0.0 0.23046875 0.0 0.060980902777777776 36
stats: session 535 58724.05074392527 22064.610445053822 82800.661 35034.934 55084.38444713178 9675
stats: users_count 0 11392
stats: finish_users_count 535 10210
stats: request 906 26.909654525386287 19.73565887589914 1705.46 0.499 185.22515788482795 42493
stats: connect 279 1.1029247311827957 0.9690105425693735 261.712 0.678 1.855809880899868 15869
stats: page 906 26.909654525386287 19.73565887589914 4318.666 0.558 252.50664356975557 31173
stats: 302 273 15717
stats: 200 632 27203
stats: size_rcv 592501 33921546
stats: newphase 0 10
stats: 502 0 415
stats: size_sent 922692 34104198
stats: connected -495 1059
stats: 500 1 64
# stats: dump at 1575254056
stats: users 904 3316
stats: {freemem,"tsung_controller@ip-172-31-31-18"} 1 3355.3203125 0.0 3521.70703125 3339.6875 3432.537795608108 37
stats: {recvpackets,"tsung_controller@ip-172-31-31-18"} 1 4350.0 0.0 10302 612 5292.138888888889 36
stats: {sentpackets,"tsung_controller@ip-172-31-31-18"} 1 5082.0 0.0 10502 637 5667.611111111112 36
stats: {cpu,"tsung_controller@ip-172-31-31-18"} 1 4.714142427281845 0.0 10.43737574552684 1.8054162487462388 5.849579649519107 37
stats: {load,"tsung_controller@ip-172-31-31-18"} 1 0.078125 0.0 0.23046875 0.0 0.0620777027027027 37
stats: session 278 80557.54360791366 187.54146505161705 82800.661 35034.934 55275.10153516161 10210
stats: users_count 0 11392
stats: finish_users_count 278 10488
stats: request 523 15.814653919694077 27.896655967566637 1705.46 0.499 181.92015440447923 43399
stats: connect 244 2.048938524590163 11.732600817505988 261.712 0.678 1.8428017711171665 16148
stats: page 523 15.814653919694077 27.896655967566637 4318.666 0.558 246.13515842139688 32079
stats: 302 279 15996
stats: 200 244 27447
stats: size_rcv 234679 34156225
stats: newphase 0 10
stats: 502 0 415
stats: size_sent 543446 34647644
stats: connected -274 785
stats: 500 0 64
# stats: dump at 1575254066
stats: users 660 3316
stats: {freemem,"tsung_controller@ip-172-31-31-18"} 1 3355.44921875 0.0 3521.70703125 3339.6875 3430.505756578947 38
stats: {recvpackets,"tsung_controller@ip-172-31-31-18"} 1 3128.0 0.0 10302 612 5266.675675675676 37
stats: {sentpackets,"tsung_controller@ip-172-31-31-18"} 1 3573.0 0.0 10502 637 5651.783783783784 37
stats: {cpu,"tsung_controller@ip-172-31-31-18"} 1 5.320197044334975 0.0 10.43737574552684 1.8054162487462388 5.819699722618127 38
stats: {load,"tsung_controller@ip-172-31-31-18"} 1 0.0703125 0.0 0.23046875 0.0 0.0625 38
stats: session 244 80841.65318852455 403.0161325031982 82800.661 35034.934 55945.25017133868 10488
stats: users_count 0 11392
stats: finish_users_count 244 10732
stats: request 515 13.444491262135926 5.628072109982811 1705.46 0.499 179.94225775237908 43922
stats: connect 272 1.0862941176470586 0.8341477564983801 261.712 0.678 1.845870180575891 16392
stats: page 515 13.444491262135926 5.628072109982811 4318.666 0.558 242.44036595914332 32602
stats: 302 244 16240
stats: 200 259 27706
stats: size_rcv 282129 34438354
stats: newphase 0 10
stats: 502 0 415
stats: size_sent 524078 35171722
stats: connected -243 542
stats: 500 12 76
# stats: dump at 1575254076
stats: users 388 3316
stats: {freemem,"tsung_controller@ip-172-31-31-18"} 1 3356.66796875 0.0 3521.70703125 3339.6875 3428.5812299679487 39
stats: {recvpackets,"tsung_controller@ip-172-31-31-18"} 1 3124.0 0.0 10302 612 5210.394736842105 38
stats: {sentpackets,"tsung_controller@ip-172-31-31-18"} 1 3512.0 0.0 10502 637 5597.078947368422 38
stats: {cpu,"tsung_controller@ip-172-31-31-18"} 1 3.20962888665998 0.0 10.43737574552684 1.8054162487462388 5.806891961636508 39
stats: {load,"tsung_controller@ip-172-31-31-18"} 1 0.05859375 0.0 0.23046875 0.0 0.06270032051282051 39
stats: session 272 82821.77904044127 923.2054409325343 84018.885 35034.934 56511.288406168474 10732
stats: users_count 0 11392
stats: finish_users_count 272 11004
stats: request 538 12.871453531598503 5.45021929427132 1705.46 0.499 178.01264167248002 44437
stats: connect 266 1.0272368421052636 0.7722048699658984 261.712 0.678 1.8334719155064814 16664
stats: page 538 12.871453531598503 5.45021929427132 4318.666 0.558 238.87926817042577 33117
stats: 302 271 16511
stats: 200 233 27939
stats: size_rcv 278311 34716665
stats: newphase 0 10
stats: 502 0 415
stats: size_sent 517645 35689367
stats: connected -275 267
stats: 500 34 110
# stats: dump at 1575254086
stats: users 122 3316
stats: {freemem,"tsung_controller@ip-172-31-31-18"} 1 3364.02734375 0.0 3521.70703125 3339.6875 3426.7833984375 40
stats: {recvpackets,"tsung_controller@ip-172-31-31-18"} 1 3040.0 0.0 10302 612 5156.897435897436 39
stats: {sentpackets,"tsung_controller@ip-172-31-31-18"} 1 3493.0 0.0 10502 637 5543.615384615386 39
stats: {cpu,"tsung_controller@ip-172-31-31-18"} 1 3.6108324974924777 0.0 10.43737574552684 1.8054162487462388 5.741960384762094 40
stats: {load,"tsung_controller@ip-172-31-31-18"} 1 0.05078125 0.0 0.23046875 0.0 0.06259765625 40
stats: session 266 83347.09217293232 1280.290731398386 84348.66 35034.934 57161.638592693576 11004
stats: users_count 0 11392
stats: finish_users_count 266 11270
stats: request 394 11.253588832487312 5.327253123906325 1705.46 0.499 176.03718954974974 44975
stats: connect 127 1.0476141732283473 0.18826748634135643 261.712 0.678 1.8208045481393977 16930
stats: page 394 11.253588832487312 5.327253123906325 4318.666 0.558 235.2663665428611 33655
stats: 302 267 16778
stats: 200 125 28064
stats: size_rcv 134652 34851317
stats: newphase 0 10
stats: 502 0 415
stats: size_sent 378539 36067906
stats: connected -140 127
stats: 500 2 112
# stats: dump at 1575254093
stats: users 0 3316
stats: {freemem,"tsung_controller@ip-172-31-31-18"} 1 3364.75390625 0.0 3521.70703125 3339.6875 3425.252762957317 41
stats: {recvpackets,"tsung_controller@ip-172-31-31-18"} 1 1666.0 0.0 10302 612 5103.975 40
stats: {sentpackets,"tsung_controller@ip-172-31-31-18"} 1 2277.0 0.0 10502 637 5492.35 40
stats: {cpu,"tsung_controller@ip-172-31-31-18"} 1 4.195804195804196 0.0 10.43737574552684 1.8054162487462388 5.689981655804298 41
stats: {load,"tsung_controller@ip-172-31-31-18"} 1 0.0390625 0.0 0.23046875 0.0 0.062309451219512195 41
stats: session 122 83644.43156557379 322.58805275812716 84348.66 35034.934 57779.68035421474 11270
stats: users_count 0 11392
stats: finish_users_count 122 11392
stats: request 127 8.801771653543307 2.562831189088234 1705.46 0.499 174.60615208622616 45369
stats: connect 0 0 0 261.712 0.678 1.8150476637157766 17057
stats: page 127 8.801771653543307 2.562831189088234 4318.666 0.558 232.67418955035362 34049
stats: 302 127 16905
stats: 200 0 28064
stats: size_rcv 16764 34868081
stats: newphase 0 10
stats: 502 0 415
stats: size_sent 129396 36197302
stats: connected -127 0
stats: 500 0 112
EndMonitor:{1575,254093,579137}
