# stats: dump at 1575156396
stats: users 106 106
stats: {cpu,"tsung_controller@ip-172-31-19-35"} 1 10.696316262353998 0 10.696316262353998 10.696316262353998 0 0
stats: {load,"tsung_controller@ip-172-31-19-35"} 1 0.1015625 0 0.1015625 0.1015625 0 0
stats: {freemem,"tsung_controller@ip-172-31-19-35"} 1 3523.62890625 0 3523.62890625 3523.62890625 0 0
stats: users_count 106 106
stats: finish_users_count 0 0
stats: request 219 19.30250684931505 10.075974077964672 88.069 11.742 0 0
stats: connect 101 1.464089108910891 1.05717488365637 11.947 1.102 0 0
stats: page 101 41.913871287128735 28.487865933738895 152.767 11.742 0 0
stats: 302 101 101
stats: 200 118 118
stats: size_rcv 134148 134148
stats: size_sent 133143 133143
stats: connected 101 101
# stats: dump at 1575156406
stats: users 199 199
stats: {recvpackets,"tsung_controller@ip-172-31-19-35"} 1 844 0 844 844 0 0
stats: {sentpackets,"tsung_controller@ip-172-31-19-35"} 1 867 0 867 867 0 0
stats: {cpu,"tsung_controller@ip-172-31-19-35"} 1 2.579365079365079 0.0 10.696316262353998 2.579365079365079 10.696316262353998 1
stats: {load,"tsung_controller@ip-172-31-19-35"} 1 0.078125 0.0 0.1015625 0.078125 0.1015625 1
stats: {freemem,"tsung_controller@ip-172-31-19-35"} 1 3521.38671875 0.0 3523.62890625 3521.38671875 3523.62890625 1
stats: users_count 93 199
stats: finish_users_count 0 0
stats: request 196 16.598775510204074 4.399382794212444 88.069 11.742 19.30250684931505 219
stats: connect 94 1.373808510638299 0.14587580527924054 11.947 1.102 1.464089108910891 101
stats: page 94 34.66819148936171 20.29602324808326 152.767 11.742 41.913871287128735 101
stats: 302 94 195
stats: 200 102 220
stats: size_rcv 116711 250859
stats: size_sent 116379 249522
stats: connected 94 195
# stats: dump at 1575156416
stats: users 302 302
stats: {recvpackets,"tsung_controller@ip-172-31-19-35"} 1 763.0 0.0 844 763 844.0 1
stats: {sentpackets,"tsung_controller@ip-172-31-19-35"} 1 801.0 0.0 867 801 867.0 1
stats: {cpu,"tsung_controller@ip-172-31-19-35"} 1 2.376237623762376 0.0 10.696316262353998 2.376237623762376 6.637840670859538 2
stats: {load,"tsung_controller@ip-172-31-19-35"} 1 0.0703125 0.0 0.1015625 0.0703125 0.08984375 2
stats: {freemem,"tsung_controller@ip-172-31-19-35"} 1 3518.08203125 0.0 3523.62890625 3518.08203125 3522.5078125 2
stats: users_count 103 302
stats: finish_users_count 0 0
stats: request 204 16.5316519607843 5.2929866167360675 88.069 8.656 18.025563855421673 415
stats: connect 106 1.5694150943396212 1.2119009383198212 13.816 1.102 1.4205692307692313 195
stats: page 106 31.866518867924555 20.659013377248737 152.767 8.656 38.42108205128206 195
stats: 302 106 301
stats: 200 98 318
stats: size_rcv 114190 365049
stats: size_sent 114811 364333
stats: connected 106 301
# stats: dump at 1575156426
stats: users 411 411
stats: {recvpackets,"tsung_controller@ip-172-31-19-35"} 1 699.0 0.0 844 699 803.5 2
stats: {sentpackets,"tsung_controller@ip-172-31-19-35"} 1 751.0 0.0 867 751 834.0 2
stats: {cpu,"tsung_controller@ip-172-31-19-35"} 1 2.6732673267326734 0.0 10.696316262353998 2.376237623762376 5.217306321827151 3
stats: {load,"tsung_controller@ip-172-31-19-35"} 1 0.05859375 0.0 0.1015625 0.05859375 0.08333333333333333 3
stats: {freemem,"tsung_controller@ip-172-31-19-35"} 1 3515.0390625 0.0 3523.62890625 3515.0390625 3521.0325520833335 3
stats: session 13 35063.406615384614 15.782870746665896 35117.509 35052.913 0 0
stats: users_count 122 424
stats: finish_users_count 13 13
stats: request 296 18.33712162162162 6.598274343818182 88.069 6.923 17.533224555735043 619
stats: connect 120 1.5035083333333337 0.7521281694391511 13.816 1.102 1.472986710963455 301
stats: page 174 31.311344827586176 18.537346726613904 152.767 6.923 36.11283056478407 301
stats: 302 120 421
stats: 200 176 494
stats: size_rcv 203334 568383
stats: newphase 1 1
stats: size_sent 192541 556874
stats: connected 108 409
# stats: dump at 1575156436
stats: users 522 522
stats: {recvpackets,"tsung_controller@ip-172-31-19-35"} 1 1273.0 0.0 1273 699 768.6666666666666 3
stats: {sentpackets,"tsung_controller@ip-172-31-19-35"} 1 1549.0 0.0 1549 751 806.3333333333334 3
stats: {cpu,"tsung_controller@ip-172-31-19-35"} 1 6.903353057199212 0.0 10.696316262353998 2.376237623762376 4.581296573053532 4
stats: {load,"tsung_controller@ip-172-31-19-35"} 1 0.05078125 0.0 0.1015625 0.05078125 0.0771484375 4
stats: {freemem,"tsung_controller@ip-172-31-19-35"} 1 3503.61328125 0.0 3523.62890625 3503.61328125 3519.5341796875 4
stats: session 54 35061.35357407406 6.99212336371559 35117.509 35052.913 35063.406615384614 13
stats: users_count 165 589
stats: finish_users_count 54 67
stats: request 407 18.20706142506142 5.614533358531659 88.069 6.923 17.79328306010928 915
stats: connect 164 1.7031341463414642 0.9857708109702055 13.816 1.102 1.4816864608076008 421
stats: page 259 28.644088803088806 17.21963943058992 152.767 6.923 34.353970526315784 475
stats: 302 163 584
stats: 200 244 738
stats: size_rcv 272343 840726
stats: newphase 0 1
stats: size_sent 272313 829187
stats: connected 111 520
# stats: dump at 1575156446
stats: users 630 630
stats: {recvpackets,"tsung_controller@ip-172-31-19-35"} 1 1534.0 0.0 1534 699 894.75 4
stats: {sentpackets,"tsung_controller@ip-172-31-19-35"} 1 1735.0 0.0 1735 751 992.0 4
stats: {cpu,"tsung_controller@ip-172-31-19-35"} 1 4.154302670623145 0.0 10.696316262353998 2.376237623762376 5.045707869882667 5
stats: {load,"tsung_controller@ip-172-31-19-35"} 1 0.12109375 0.0 0.12109375 0.05078125 0.071875 5
stats: {freemem,"tsung_controller@ip-172-31-19-35"} 1 3494.6796875 0.0 3523.62890625 3494.6796875 3516.35 5
stats: session 46 35059.58895652175 4.9599307102310055 35117.509 35052.16 35061.75192537312 67
stats: users_count 154 743
stats: finish_users_count 46 113
stats: request 437 19.153004576659043 15.08311322455021 256.099 6.667 17.920671709531007 1322
stats: connect 154 1.634649350649351 1.3924340621030402 14.056 1.102 1.5437675213675215 585
stats: page 257 32.504739299610904 27.641235960468695 300.948 6.923 32.3391757493188 734
stats: 302 155 739
stats: 200 282 1020
stats: size_rcv 314683 1155409
stats: newphase 0 1
stats: size_sent 307313 1136500
stats: connected 108 628
# stats: dump at 1575156456
stats: users 786 786
stats: {recvpackets,"tsung_controller@ip-172-31-19-35"} 1 1564.0 0.0 1564 699 1022.6 5
stats: {sentpackets,"tsung_controller@ip-172-31-19-35"} 1 1767.0 0.0 1767 751 1140.6 5
stats: {cpu,"tsung_controller@ip-172-31-19-35"} 1 4.334975369458128 0.0 10.696316262353998 2.376237623762376 4.897140336672748 6
stats: {load,"tsung_controller@ip-172-31-19-35"} 1 0.1015625 0.0 0.12109375 0.05078125 0.080078125 6
stats: {freemem,"tsung_controller@ip-172-31-19-35"} 1 3487.1171875 0.0 3523.62890625 3487.1171875 3512.73828125 6
stats: session 61 35062.634836065576 14.172455645451402 35140.315 35049.702 35060.87142477876 113
stats: users_count 217 960
stats: finish_users_count 61 174
stats: request 555 17.955318918918877 5.279068934519403 256.099 6.667 18.226828311540643 1759
stats: connect 213 1.6345352112676073 1.237859179128109 15.586 1.102 1.562706359945873 739
stats: page 333 30.040546546546544 17.59510562530248 300.948 6.923 32.38211200807265 991
stats: 302 213 952
stats: 200 342 1362
stats: size_rcv 381538 1536947
stats: newphase 1 2
stats: size_sent 376776 1513276
stats: connected 119 747
# stats: dump at 1575156466
stats: users 894 897
stats: {recvpackets,"tsung_controller@ip-172-31-19-35"} 1 2.0e3 0.0 2000 699 1112.8333333333333 6
stats: {sentpackets,"tsung_controller@ip-172-31-19-35"} 1 2195.0 0.0 2195 751 1245.0 6
stats: {cpu,"tsung_controller@ip-172-31-19-35"} 1 5.20117762512267 0.0 10.696316262353998 2.376237623762376 4.816831055642088 7
stats: {load,"tsung_controller@ip-172-31-19-35"} 1 0.078125 0.0 0.12109375 0.05078125 0.08314732142857142 7
stats: {freemem,"tsung_controller@ip-172-31-19-35"} 1 3483.37890625 0.0 3523.62890625 3483.37890625 3509.078125 7
stats: session 72 35062.309069444455 8.011575249680199 35140.315 35048.479 35061.489632183904 174
stats: users_count 180 1140
stats: finish_users_count 72 246
stats: request 590 19.193018644067823 5.575002162011422 256.099 6.667 18.161708297320644 2314
stats: connect 242 1.4816322314049581 0.9640320891331842 15.586 1.102 1.5787773109243703 952
stats: page 401 28.226970074812986 15.720858796860457 300.948 6.923 31.7931835347432 1324
stats: 302 183 1135
stats: 200 407 1769
stats: size_rcv 500569 2037516
stats: newphase 0 2
stats: size_sent 436014 1949290
stats: connected 121 868
# stats: dump at 1575156476
stats: users 939 940
stats: {recvpackets,"tsung_controller@ip-172-31-19-35"} 1 2490.0 0.0 2490 699 1239.5714285714287 7
stats: {sentpackets,"tsung_controller@ip-172-31-19-35"} 1 2792.0 0.0 2792 751 1380.7142857142858 7
stats: {cpu,"tsung_controller@ip-172-31-19-35"} 1 5.0395256916996045 0.0 10.696316262353998 2.376237623762376 4.86487437682716 8
stats: {load,"tsung_controller@ip-172-31-19-35"} 1 0.0703125 0.0 0.12109375 0.05078125 0.08251953125 8
stats: {freemem,"tsung_controller@ip-172-31-19-35"} 1 3474.5 0.0 3523.62890625 3474.5 3505.86572265625 8
stats: session 143 54273.211741258725 22270.538940101156 80182.908 35048.479 35061.72946747968 246
stats: users_count 188 1328
stats: finish_users_count 143 389
stats: request 642 17.678419003115266 5.981528867728087 256.099 6.667 18.37123760330578 2904
stats: connect 241 1.2979626556016604 0.17686596964793364 15.586 1.046 1.5590879396984927 1194
stats: page 449 25.331663697104673 16.664937719884016 300.948 6.696 30.96416811594203 1725
stats: 302 248 1383
stats: 200 394 2163
stats: size_rcv 482157 2519673
stats: newphase 0 2
stats: size_sent 489518 2438808
stats: connected 46 914
# stats: dump at 1575156486
stats: users 1065 1070
stats: {recvpackets,"tsung_controller@ip-172-31-19-35"} 1 2640.0 0.0 2640 699 1395.875 8
stats: {sentpackets,"tsung_controller@ip-172-31-19-35"} 1 3010.0 0.0 3010 751 1557.125 8
stats: {cpu,"tsung_controller@ip-172-31-19-35"} 1 5.237154150197629 0.0 10.696316262353998 2.376237623762376 4.884280078479653 9
stats: {load,"tsung_controller@ip-172-31-19-35"} 1 0.05859375 0.0 0.12109375 0.05078125 0.08116319444444445 9
stats: {freemem,"tsung_controller@ip-172-31-19-35"} 1 3471.3359375 0.0 3523.62890625 3471.3359375 3502.3806423611113 9
stats: session 135 52405.84142222223 21909.328933936442 80182.908 35048.479 42124.04814395886 389
stats: users_count 261 1589
stats: finish_users_count 135 524
stats: request 814 18.85495700245697 5.812417193248639 256.099 6.667 18.245803440496328 3546
stats: connect 308 1.34478896103896 0.3839573640531053 15.586 1.046 1.515233449477352 1435
stats: page 542 28.282929889298895 17.17031525011823 300.948 6.696 29.800877184912604 2174
stats: 302 311 1694
stats: 200 503 2666
stats: size_rcv 608739 3128412
stats: newphase 1 3
stats: size_sent 599371 3038179
stats: connected 118 1032
# stats: dump at 1575156496
stats: users 1146 1148
stats: {recvpackets,"tsung_controller@ip-172-31-19-35"} 1 3166.0 0.0 3166 699 1534.111111111111 9
stats: {sentpackets,"tsung_controller@ip-172-31-19-35"} 1 3597.0 0.0 3597 751 1718.5555555555557 9
stats: {cpu,"tsung_controller@ip-172-31-19-35"} 1 6.679764243614931 0.0 10.696316262353998 2.376237623762376 4.919567485651451 10
stats: {load,"tsung_controller@ip-172-31-19-35"} 1 0.05078125 0.0 0.12109375 0.05078125 0.07890625 10
stats: {freemem,"tsung_controller@ip-172-31-19-35"} 1 3468.8828125 0.0 3523.62890625 3468.8828125 3499.276171875 10
stats: session 130 50994.19223076923 21528.538476334455 80182.908 35048.479 44772.983435114504 524
stats: users_count 211 1800
stats: finish_users_count 130 654
stats: request 702 18.812641025640993 6.361865932844759 256.099 6.667 18.359530733944943 4360
stats: connect 276 1.3678333333333332 0.6202974927150676 15.586 1.046 1.485114744693058 1743
stats: page 500 26.430871999999994 17.09202557649666 300.948 6.696 29.497958394698085 2716
stats: 302 264 1958
stats: 200 438 3104
stats: size_rcv 541902 3670314
stats: newphase 0 3
stats: size_sent 527424 3565603
stats: connected 85 1117
# stats: dump at 1575156506
stats: users 1253 1253
stats: {recvpackets,"tsung_controller@ip-172-31-19-35"} 1 2881.0 0.0 3166 699 1697.3 10
stats: {sentpackets,"tsung_controller@ip-172-31-19-35"} 1 3237.0 0.0 3597 751 1906.4 10
stats: {cpu,"tsung_controller@ip-172-31-19-35"} 1 5.703048180924287 0.0 10.696316262353998 2.376237623762376 5.07958537273904 11
stats: {load,"tsung_controller@ip-172-31-19-35"} 1 0.0390625 0.0 0.12109375 0.0390625 0.07634943181818182 11
stats: {freemem,"tsung_controller@ip-172-31-19-35"} 1 3469.99609375 0.0 3523.62890625 3468.8828125 3496.5131392045455 11
stats: session 164 51812.61332317071 21760.138650300138 80182.908 35048.479 46009.6151529052 654
stats: users_count 271 2071
stats: finish_users_count 164 818
stats: request 860 19.603282558139558 7.077146832171452 256.099 6.667 18.422368233899633 5062
stats: connect 337 1.3450445103857565 0.2757311851171812 15.586 1.043 1.4690822189202575 2019
stats: page 594 28.463932659932656 18.835782998158432 300.948 6.696 29.02111038557214 3216
stats: 302 324 2282
stats: 200 536 3640
stats: size_rcv 661171 4331485
stats: newphase 0 3
stats: size_sent 644547 4210150
stats: connected 78 1195
# stats: dump at 1575156516
stats: users 1369 1374
stats: {recvpackets,"tsung_controller@ip-172-31-19-35"} 1 3718.0 0.0 3718 699 1804.909090909091 11
stats: {sentpackets,"tsung_controller@ip-172-31-19-35"} 1 4262.0 0.0 4262 751 2027.3636363636363 11
stats: {cpu,"tsung_controller@ip-172-31-19-35"} 1 8.300395256916996 0.0 10.696316262353998 2.376237623762376 5.131540606754477 12
stats: {load,"tsung_controller@ip-172-31-19-35"} 1 0.03125 0.0 0.12109375 0.03125 0.0732421875 12
stats: {freemem,"tsung_controller@ip-172-31-19-35"} 1 3461.34375 0.0 3523.62890625 3461.34375 3494.3033854166665 12
stats: session 177 54652.56424293785 22318.366294286843 80182.908 35048.479 47173.052438875304 818
stats: users_count 293 2364
stats: finish_users_count 177 995
stats: request 972 19.677883744855993 7.0408463547222615 256.099 6.667 18.593862039851395 5922
stats: connect 389 1.301444730077122 0.5991961754833499 15.586 1.043 1.451339983022071 2356
stats: page 682 28.06695454545455 18.237811379262546 300.948 6.696 28.934243307086614 3810
stats: 302 370 2652
stats: 200 602 4242
stats: size_rcv 756915 5088400
stats: newphase 1 4
stats: size_sent 730138 4940288
stats: connected 109 1304
# stats: dump at 1575156526
stats: users 1437 1438
stats: {recvpackets,"tsung_controller@ip-172-31-19-35"} 1 4091.0 0.0 4091 699 1964.3333333333333 12
stats: {sentpackets,"tsung_controller@ip-172-31-19-35"} 1 4584.0 0.0 4584 751 2213.5833333333335 12
stats: {cpu,"tsung_controller@ip-172-31-19-35"} 1 7.925636007827788 0.0 10.696316262353998 2.376237623762376 5.3752986567669785 13
stats: {load,"tsung_controller@ip-172-31-19-35"} 1 0.03125 0.0 0.12109375 0.03125 0.07001201923076923 13
stats: {freemem,"tsung_controller@ip-172-31-19-35"} 1 3459.84765625 0.0 3523.62890625 3459.84765625 3491.768028846154 13
stats: session 229 52962.75680786031 22031.167002649327 80336.548 35048.479 48503.57865929648 995
stats: users_count 297 2661
stats: finish_users_count 229 1224
stats: request 1042 21.066139155470225 10.412037551042589 256.099 6.667 18.74670060922541 6894
stats: connect 407 1.3605724815724822 0.9097831256159421 15.586 1.039 1.4300979963570126 2745
stats: page 756 29.055808201058177 20.53902001827489 300.948 6.696 28.802566785396262 4492
stats: 302 390 3042
stats: 200 652 4894
stats: size_rcv 817670 5906070
stats: newphase 0 4
stats: size_sent 802028 5742316
stats: connected 5 1309
# stats: dump at 1575156536
stats: users 1537 1538
stats: {recvpackets,"tsung_controller@ip-172-31-19-35"} 1 4497.0 0.0 4497 699 2127.923076923077 13
stats: {sentpackets,"tsung_controller@ip-172-31-19-35"} 1 4997.0 0.0 4997 751 2395.923076923077 13
stats: {cpu,"tsung_controller@ip-172-31-19-35"} 1 7.8431372549019605 0.0 10.696316262353998 2.376237623762376 5.557465610414179 14
stats: {load,"tsung_controller@ip-172-31-19-35"} 1 0.01953125 0.0 0.12109375 0.01953125 0.06724330357142858 14
stats: {freemem,"tsung_controller@ip-172-31-19-35"} 1 3445.3359375 0.0 3523.62890625 3445.3359375 3489.4880022321427 14
stats: session 208 58878.39857692306 22472.46362096534 80336.548 35048.479 49337.85300245098 1224
stats: users_count 308 2969
stats: finish_users_count 208 1432
stats: request 1075 20.523943255813926 8.59490558193407 256.099 6.667 19.051243825604832 7936
stats: connect 403 1.3046327543424332 0.373082923238275 15.586 0.993 1.4211205583756346 3152
stats: page 743 29.71843203230147 20.248840026538467 300.948 6.696 28.83904744664634 5248
stats: 302 418 3460
stats: 200 657 5551
stats: size_rcv 824447 6730517
stats: newphase 0 4
stats: size_sent 820947 6563263
stats: connected 12 1321
# stats: dump at 1575156546
stats: users 1654 1654
stats: {recvpackets,"tsung_controller@ip-172-31-19-35"} 1 4588.0 0.0 4588 699 2297.1428571428573 14
stats: {sentpackets,"tsung_controller@ip-172-31-19-35"} 1 5048.0 0.0 5048 751 2581.714285714286 14
stats: {cpu,"tsung_controller@ip-172-31-19-35"} 1 7.956777996070727 0.0 10.696316262353998 2.376237623762376 5.709843720046698 15
stats: {load,"tsung_controller@ip-172-31-19-35"} 1 0.01953125 0.0 0.12109375 0.01953125 0.0640625 15
stats: {freemem,"tsung_controller@ip-172-31-19-35"} 1 3441.62890625 0.0 3523.62890625 3441.62890625 3486.54453125 15
stats: session 229 53356.04162882094 22108.316366218707 80336.548 35048.479 50723.63057192737 1432
stats: users_count 346 3315
stats: finish_users_count 229 1661
stats: request 1149 21.882816362053955 8.825211710133596 256.099 6.667 19.226934857396508 9011
stats: connect 442 1.325785067873304 0.5018283146894869 15.586 0.993 1.4079153305203942 3555
stats: page 819 30.60816727716727 20.6116922222276 300.948 6.696 28.94810816224336 5991
stats: 302 439 3899
stats: 200 710 6261
stats: size_rcv 878363 7608880
stats: newphase 1 5
stats: size_sent 871047 7434310
stats: connected 52 1373
# stats: dump at 1575156556
stats: users 1704 1708
stats: {recvpackets,"tsung_controller@ip-172-31-19-35"} 1 4995.0 0.0 4995 699 2449.866666666667 15
stats: {sentpackets,"tsung_controller@ip-172-31-19-35"} 1 5530.0 0.0 5530 751 2746.133333333333 15
stats: {cpu,"tsung_controller@ip-172-31-19-35"} 1 9.073170731707316 0.0 10.696316262353998 2.376237623762376 5.8502771122982 16
stats: {load,"tsung_controller@ip-172-31-19-35"} 1 0.01953125 0.0 0.12109375 0.01953125 0.06127929687499999 16
stats: {freemem,"tsung_controller@ip-172-31-19-35"} 1 3431.234375 0.0 3523.62890625 3431.234375 3483.7373046875 16
stats: session 272 51130.01478308827 21562.46032914546 80336.548 35048.479 51086.557803732685 1661
stats: users_count 322 3637
stats: finish_users_count 272 1933
stats: request 1233 22.638894566098998 9.178678775482801 256.099 6.667 19.52728996062991 10160
stats: connect 458 1.2911921397379895 0.4498222043030642 15.586 0.993 1.398833124843633 3997
stats: page 887 31.519993235625712 20.62150106750945 300.948 6.696 29.14775403817914 6810
stats: 302 420 4319
stats: 200 813 7074
stats: size_rcv 1013494 8622374
stats: newphase 0 5
stats: size_sent 973032 8407342
stats: connected -27 1346
# stats: dump at 1575156566
stats: users 1784 1790
stats: {recvpackets,"tsung_controller@ip-172-31-19-35"} 1 5288.0 0.0 5288 699 2608.9375 16
stats: {sentpackets,"tsung_controller@ip-172-31-19-35"} 1 5871.0 0.0 5871 751 2920.125 16
stats: {cpu,"tsung_controller@ip-172-31-19-35"} 1 9.620991253644315 0.0 10.696316262353998 2.376237623762376 6.039859089910501 17
stats: {load,"tsung_controller@ip-172-31-19-35"} 1 0.01171875 0.0 0.12109375 0.01171875 0.0588235294117647 17
stats: {freemem,"tsung_controller@ip-172-31-19-35"} 1 3424.640625 0.0 3523.62890625 3424.640625 3480.6488970588234 17
stats: session 271 57667.05308118082 22509.775426388158 80336.548 35048.479 51092.67280548371 1933
stats: users_count 351 3988
stats: finish_users_count 271 2204
stats: request 1206 20.48083996683253 8.093909678415585 256.099 6.667 19.864041341174403 11393
stats: connect 453 1.3880309050772626 0.9206427349425467 15.586 0.993 1.3877670033670035 4455
stats: page 866 28.619394919168563 19.669349461802373 300.948 6.696 29.421130180589834 7697
stats: 302 489 4808
stats: 200 717 7791
stats: size_rcv 897224 9519598
stats: newphase 0 5
stats: size_sent 915141 9322483
stats: connected 32 1378
# stats: dump at 1575156576
stats: users 1929 1929
stats: {recvpackets,"tsung_controller@ip-172-31-19-35"} 1 4986.0 0.0 5288 699 2766.529411764706 17
stats: {sentpackets,"tsung_controller@ip-172-31-19-35"} 1 5664.0 0.0 5871 751 3093.705882352941 17
stats: {cpu,"tsung_controller@ip-172-31-19-35"} 1 10.949612403100776 0.0 10.949612403100776 2.376237623762376 6.238810876784602 18
stats: {load,"tsung_controller@ip-172-31-19-35"} 1 0.01171875 0.0 0.12109375 0.01171875 0.056206597222222224 18
stats: {freemem,"tsung_controller@ip-172-31-19-35"} 1 3422.875 0.0 3523.62890625 3422.875 3477.5373263888887 18
stats: session 263 52021.8527338403 21810.90474262964 80336.548 35048.479 51901.047149727776 2204
stats: users_count 408 4396
stats: finish_users_count 263 2467
stats: request 1416 23.511507062146944 10.455089306019467 256.099 6.667 19.92308246686245 12599
stats: connect 559 1.3146923076923083 0.7338637074441137 15.586 0.99 1.387791361043195 4908
stats: page 978 33.86836503067493 23.224413876668873 300.948 6.696 29.340048464323242 8563
stats: 302 504 5312
stats: 200 912 8703
stats: size_rcv 1128872 10648470
stats: newphase 1 6
stats: size_sent 1095043 10417526
stats: connected 61 1439
# stats: dump at 1575156586
stats: users 2018 2020
stats: {recvpackets,"tsung_controller@ip-172-31-19-35"} 1 6351.0 0.0 6351 699 2889.8333333333335 18
stats: {sentpackets,"tsung_controller@ip-172-31-19-35"} 1 6835.0 0.0 6835 751 3236.5 18
stats: {cpu,"tsung_controller@ip-172-31-19-35"} 1 11.497584541062803 0.0 11.497584541062803 2.376237623762376 6.486747799222296 19
stats: {load,"tsung_controller@ip-172-31-19-35"} 1 0.01171875 0.0 0.12109375 0.01171875 0.053865131578947366 19
stats: {freemem,"tsung_controller@ip-172-31-19-35"} 1 3421.1328125 0.0 3523.62890625 3421.1328125 3474.6603618421054 19
stats: session 306 54801.488281045706 22329.915116548487 80336.548 35048.479 51913.92589663559 2467
stats: users_count 395 4791
stats: finish_users_count 306 2773
stats: request 1451 26.680393521709114 15.965777666811725 256.099 6.667 20.285637531216558 14015
stats: connect 633 1.3700394944707746 1.065077160880732 18.185 0.99 1.3803169928662888 5467
stats: page 1002 38.77288323353285 30.158064689957346 300.948 6.696 29.80422345666073 9541
stats: 302 532 5844
stats: 200 919 9622
stats: size_rcv 1146159 11794629
stats: newphase 0 6
stats: size_sent 1124825 11542351
stats: connected 44 1483
# stats: dump at 1575156596
stats: users 2084 2092
stats: {recvpackets,"tsung_controller@ip-172-31-19-35"} 1 6833.0 0.0 6833 699 3072.0 19
stats: {sentpackets,"tsung_controller@ip-172-31-19-35"} 1 7471.0 0.0 7471 751 3425.8947368421054 19
stats: {cpu,"tsung_controller@ip-172-31-19-35"} 1 13.994169096209912 0.0 13.994169096209912 2.376237623762376 6.737289636314321 20
stats: {load,"tsung_controller@ip-172-31-19-35"} 1 0.01171875 0.0 0.12109375 0.01171875 0.0517578125 20
stats: {freemem,"tsung_controller@ip-172-31-19-35"} 1 3418.74609375 0.0 3523.62890625 3418.74609375 3471.983984375 20
stats: session 317 55971.30219873819 22440.16712213118 80336.548 35048.479 52232.56783303281 2773
stats: users_count 383 5174
stats: finish_users_count 317 3090
stats: request 1416 33.178992937853046 132.5865644663305 3041.419 6.667 20.88558521919048 15466
stats: connect 665 13.470796992481176 182.6107126418637 3024.882 0.99 1.379250491803279 6100
stats: page 1029 45.757184645286635 157.10706000672957 3092.768 6.696 30.656599165322955 10543
stats: 302 532 6376
stats: 200 884 10506
stats: size_rcv 1112889 12907518
stats: newphase 0 6
stats: size_sent 1101509 12643860
stats: connected 52 1535
# stats: dump at 1575156606
stats: users 2201 2207
stats: {recvpackets,"tsung_controller@ip-172-31-19-35"} 1 6754.0 0.0 6833 699 3260.05 20
stats: {sentpackets,"tsung_controller@ip-172-31-19-35"} 1 7410.0 0.0 7471 751 3628.15 20
stats: {cpu,"tsung_controller@ip-172-31-19-35"} 1 11.736178467507274 0.0 13.994169096209912 2.376237623762376 7.082855324880778 21
stats: {load,"tsung_controller@ip-172-31-19-35"} 1 0.0 0.0 0.12109375 0.0 0.04985119047619048 21
stats: {freemem,"tsung_controller@ip-172-31-19-35"} 1 3402.8828125 0.0 3523.62890625 3402.8828125 3469.4488467261904 21
stats: session 313 55453.51310223641 22335.24539229393 82110.438 35048.479 52616.1208407767 3090
stats: users_count 430 5604
stats: finish_users_count 313 3403
stats: request 1494 216.50233868808587 292.824915272791 3041.419 6.667 21.916710993958056 16882
stats: connect 728 1.4432623626373604 0.8853616499605073 3024.882 0.99 2.5678504065040624 6765
stats: page 1075 295.7594669767448 431.6209288456538 3092.768 6.696 31.999366401659163 11572
stats: 302 567 6943
stats: 200 927 11433
stats: size_rcv 1179975 14087493
stats: newphase 1 7
stats: size_sent 1164597 13808457
stats: connected -12 1523
# stats: dump at 1575156616
stats: users 2277 2307
stats: {recvpackets,"tsung_controller@ip-172-31-19-35"} 1 7717.0 0.0 7717 699 3426.4285714285716 21
stats: {sentpackets,"tsung_controller@ip-172-31-19-35"} 1 7811.0 0.0 7811 751 3808.2380952380954 21
stats: {cpu,"tsung_controller@ip-172-31-19-35"} 1 13.835877862595419 0.0 13.994169096209912 2.376237623762376 7.2943700131819815 22
stats: {load,"tsung_controller@ip-172-31-19-35"} 1 0.078125 0.0 0.12109375 0.0 0.04758522727272727 22
stats: {freemem,"tsung_controller@ip-172-31-19-35"} 1 3388.80859375 0.0 3523.62890625 3388.80859375 3466.4231178977275 22
stats: session 355 56405.8650788732 22429.208509372387 82110.438 35048.479 52877.09756068175 3403
stats: users_count 431 6035
stats: finish_users_count 355 3758
stats: request 1507 41.210228931652274 43.54407183381714 3041.419 6.667 37.73685290596431 18376
stats: connect 698 1.3256117478510012 0.7077776873456777 3024.882 0.99 2.4585884158547957 7493
stats: page 1088 62.14680055147049 98.03809726320024 3092.768 6.696 54.419079228275514 12647
stats: 302 572 7515
stats: 200 935 12368
stats: size_rcv 1183951 15271444
stats: newphase 0 7
stats: size_sent 1154033 14962490
stats: connected 38 1561
# stats: dump at 1575156626
stats: users 2386 2386
stats: {recvpackets,"tsung_controller@ip-172-31-19-35"} 1 7714.0 0.0 7717 699 3621.4545454545455 22
stats: {sentpackets,"tsung_controller@ip-172-31-19-35"} 1 8051.0 0.0 8051 751 3990.181818181818 22
stats: {cpu,"tsung_controller@ip-172-31-19-35"} 1 13.018322082931533 0.0 13.994169096209912 2.376237623762376 7.578783397939088 23
stats: {load,"tsung_controller@ip-172-31-19-35"} 1 0.0703125 0.0 0.12109375 0.0 0.04891304347826087 23
stats: {freemem,"tsung_controller@ip-172-31-19-35"} 1 3386.96875 0.0 3523.62890625 3386.96875 3463.048573369565 23
stats: session 333 57408.84437537538 22509.15767248851 82110.438 35048.479 53210.44308195849 3758
stats: users_count 442 6477
stats: finish_users_count 333 4091
stats: request 1572 30.589622773536888 16.761724033899863 3041.419 6.667 38.00011185434794 19883
stats: connect 744 1.3724086021505395 0.534335545811245 3024.882 0.99 2.36204126480283 8191
stats: page 1146 42.023006980802805 31.35330545895271 3092.768 6.696 55.03122053148893 13735
stats: 302 603 8118
stats: 200 969 13337
stats: size_rcv 1235970 16507414
stats: newphase 0 7
stats: size_sent 1216807 16179297
stats: connected 36 1597
# stats: dump at 1575156636
stats: users 2485 2487
stats: {recvpackets,"tsung_controller@ip-172-31-19-35"} 1 7858.0 0.0 7858 699 3799.391304347826 23
stats: {sentpackets,"tsung_controller@ip-172-31-19-35"} 1 8170.0 0.0 8170 751 4166.739130434783 23
stats: {cpu,"tsung_controller@ip-172-31-19-35"} 1 13.61904761904762 0.0 13.994169096209912 2.376237623762376 7.805430843147107 24
stats: {load,"tsung_controller@ip-172-31-19-35"} 1 0.19921875 0.0 0.19921875 0.0 0.0498046875 24
stats: {freemem,"tsung_controller@ip-172-31-19-35"} 1 3386.38671875 0.0 3523.62890625 3386.38671875 3459.8785807291665 24
stats: session 386 55314.022505181376 22358.539508818532 82110.438 35048.479 53552.18535296993 4091
stats: users_count 485 6962
stats: finish_users_count 386 4477
stats: request 1748 43.696938787185324 32.72715054586199 3041.419 6.667 37.45714803076207 21455
stats: connect 831 1.3898014440433188 0.9082163688291602 3024.882 0.985 2.279636485730272 8935
stats: page 1234 61.70078444084274 55.11475605363261 3092.768 6.696 54.0294456017741 14881
stats: 302 661 8779
stats: 200 1087 14424
stats: size_rcv 1364386 17871800
stats: newphase 1 8
stats: size_sent 1367409 17546706
stats: connected 60 1657
# stats: dump at 1575156646
stats: users 2639 2639
stats: {recvpackets,"tsung_controller@ip-172-31-19-35"} 1 8878.0 0.0 8878 699 3968.5 24
stats: {sentpackets,"tsung_controller@ip-172-31-19-35"} 1 9114.0 0.0 9114 751 4333.541666666667 24
stats: {cpu,"tsung_controller@ip-172-31-19-35"} 1 15.369836695485112 0.0 15.369836695485112 2.376237623762376 8.037975514183128 25
stats: {load,"tsung_controller@ip-172-31-19-35"} 1 0.171875 0.0 0.19921875 0.0 0.05578125 25
stats: {freemem,"tsung_controller@ip-172-31-19-35"} 1 3384.9140625 0.0 3523.62890625 3384.9140625 3456.93890625 25
stats: session 378 55498.46551058199 22280.540220662493 82110.438 35048.479 53704.088221130216 4477
stats: users_count 532 7494
stats: finish_users_count 378 4855
stats: request 1849 66.40341157382363 48.2833999672776 3041.419 6.667 37.927223203896055 23203
stats: connect 898 1.3283095768374185 0.8149455294473312 3024.882 0.983 2.2039194142944893 9766
stats: page 1341 90.8770663683818 76.37454067939714 3092.768 6.696 54.61687545764818 16115
stats: 302 689 9468
stats: 200 1160 15584
stats: size_rcv 1486196 19357996
stats: newphase 0 8
stats: size_sent 1437635 18984341
stats: connected 69 1726
# stats: dump at 1575156656
stats: users 2672 2677
stats: {recvpackets,"tsung_controller@ip-172-31-19-35"} 1 9629.0 0.0 9629 699 4164.88 25
stats: {sentpackets,"tsung_controller@ip-172-31-19-35"} 1 9859.0 0.0 9859 751 4524.76 25
stats: {cpu,"tsung_controller@ip-172-31-19-35"} 1 18.72015281757402 0.0 18.72015281757402 2.376237623762376 8.319970175002435 26
stats: {load,"tsung_controller@ip-172-31-19-35"} 1 0.140625 0.0 0.19921875 0.0 0.06024639423076923 26
stats: {freemem,"tsung_controller@ip-172-31-19-35"} 1 3382.44140625 0.0 3523.62890625 3382.44140625 3454.168719951923 26
stats: session 446 56976.84812780272 22464.42255351806 82110.438 35048.479 53843.79463007209 4855
stats: users_count 479 7973
stats: finish_users_count 446 5301
stats: request 1927 54.76170627919046 38.04851876407263 3041.419 6.667 40.02895050295386 25052
stats: connect 878 1.2996138952164014 0.5070372494554979 3024.882 0.949 2.1301855776444096 10664
stats: page 1396 76.4694713467051 60.57103302528875 3092.768 6.696 57.40244580659947 17456
stats: 302 707 10175
stats: 200 1220 16804
stats: size_rcv 1556973 20914969
stats: newphase 0 8
stats: size_sent 1516427 20500768
stats: connected 62 1788
# stats: dump at 1575156666
stats: users 2736 2746
stats: {recvpackets,"tsung_controller@ip-172-31-19-35"} 1 9654.0 0.0 9654 699 4375.038461538462 26
stats: {sentpackets,"tsung_controller@ip-172-31-19-35"} 1 9857.0 0.0 9859 751 4729.923076923077 26
stats: {cpu,"tsung_controller@ip-172-31-19-35"} 1 13.896987366375122 0.0 18.72015281757402 2.376237623762376 8.705162124727309 27
stats: {load,"tsung_controller@ip-172-31-19-35"} 1 0.12109375 0.0 0.19921875 0.0 0.06322337962962964 27
stats: {freemem,"tsung_controller@ip-172-31-19-35"} 1 3366.828125 0.0 3523.62890625 3366.828125 3451.512152777778 27
stats: session 454 57588.25831497801 22470.873096424355 82110.438 35048.479 54107.394301829845 5301
stats: users_count 518 8491
stats: finish_users_count 454 5755
stats: request 1956 55.56349744376263 38.91847001565454 3041.419 6.667 41.081251195374186 26979
stats: connect 883 1.4039558323895807 0.8424597911758024 3024.882 0.949 2.0670039854444626 11542
stats: page 1403 77.50697434069835 60.252356952736676 3092.768 6.696 58.81436855506051 18852
stats: 302 751 10926
stats: 200 1205 18009
stats: size_rcv 1524376 22439345
stats: newphase 1 9
stats: size_sent 1527645 22028413
stats: connected 23 1811
# stats: dump at 1575156676
stats: users 2875 2876
stats: {recvpackets,"tsung_controller@ip-172-31-19-35"} 1 9750.0 0.0 9750 699 4570.555555555556 27
stats: {sentpackets,"tsung_controller@ip-172-31-19-35"} 1 9768.0 0.0 9859 751 4919.814814814815 27
stats: {cpu,"tsung_controller@ip-172-31-19-35"} 1 16.129032258064516 0.0 18.72015281757402 2.376237623762376 8.89058445478616 28
stats: {load,"tsung_controller@ip-172-31-19-35"} 1 0.1015625 0.0 0.19921875 0.0 0.06529017857142858 28
stats: {freemem,"tsung_controller@ip-172-31-19-35"} 1 3363.8515625 0.0 3523.62890625 3363.8515625 3448.487723214286 28
stats: session 416 56122.11047355774 22311.95224766285 83181.587 35048.479 54381.99243596873 5755
stats: users_count 555 9046
stats: finish_users_count 416 6171
stats: request 1904 141.93652678571385 101.7936150933414 3041.419 6.667 42.06024803870744 28935
stats: connect 917 1.3555507088331515 0.6015557899941668 3024.882 0.949 2.019883541247484 12425
stats: page 1373 195.74979970866684 155.88449316797332 3092.768 6.696 60.10914643297953 20255
stats: 302 738 11664
stats: 200 1166 19175
stats: size_rcv 1470789 23910134
stats: newphase 0 9
stats: size_sent 1510493 23538906
stats: connected 28 1839
# stats: dump at 1575156686
stats: users 3031 3037
stats: {recvpackets,"tsung_controller@ip-172-31-19-35"} 1 10187.0 0.0 10187 699 4755.535714285715 28
stats: {sentpackets,"tsung_controller@ip-172-31-19-35"} 1 10073.0 0.0 10073 751 5092.964285714285 28
stats: {cpu,"tsung_controller@ip-172-31-19-35"} 1 16.076555023923444 0.0 18.72015281757402 2.376237623762376 9.14018610317507 29
stats: {load,"tsung_controller@ip-172-31-19-35"} 1 0.171875 0.0 0.19921875 0.0 0.06654094827586207 29
stats: {freemem,"tsung_controller@ip-172-31-19-35"} 1 3355.73828125 0.0 3523.62890625 3355.73828125 3445.569234913793 29
stats: session 395 55237.81572658224 22242.861322000215 83427.762 35048.479 54499.29742764545 6171
stats: users_count 551 9597
stats: finish_users_count 395 6566
stats: request 1915 477.2735587467366 302.9468846603526 3041.419 6.667 48.22660994195658 30839
stats: connect 948 1.4405021097046404 1.0740327495202193 3024.882 0.949 1.9742237295757747 13342
stats: page 1393 640.8598198133517 480.58262866673016 3092.768 6.696 68.71995727760311 21628
stats: 302 708 12372
stats: 200 1207 20382
stats: size_rcv 1561913 25472047
stats: newphase 0 9
stats: size_sent 1508784 25047690
stats: connected 7 1846
# stats: dump at 1575156696
stats: users 3096 3104
stats: {recvpackets,"tsung_controller@ip-172-31-19-35"} 1 10001.0 0.0 10187 699 4942.827586206897 29
stats: {sentpackets,"tsung_controller@ip-172-31-19-35"} 1 9860.0 0.0 10073 751 5264.689655172414 29
stats: {cpu,"tsung_controller@ip-172-31-19-35"} 1 15.598086124401913 0.0 18.72015281757402 2.376237623762376 9.371398400533348 30
stats: {load,"tsung_controller@ip-172-31-19-35"} 1 0.21875 0.0 0.21875 0.0 0.07005208333333333 30
stats: {freemem,"tsung_controller@ip-172-31-19-35"} 1 3346.0859375 0.0 3523.62890625 3346.0859375 3442.5748697916665 30
stats: session 482 59007.79851659759 22384.787367366564 83427.762 35048.479 54543.7255007615 6566
stats: users_count 547 10144
stats: finish_users_count 482 7048
stats: request 1955 661.8382301790258 346.76895874498456 3041.419 6.667 73.3113295780668 32754
stats: connect 946 1.4757484143763187 1.4448690175690289 3024.882 0.949 1.9388165850244916 14290
stats: page 1447 881.5481368348285 602.3547272837035 3436.025 6.696 103.34012271404366 23021
stats: 302 770 13142
stats: 200 1185 21567
stats: size_rcv 1513525 26985572
stats: newphase 1 10
stats: size_sent 1567104 26614794
stats: connected 14 1860
# stats: dump at 1575156706
stats: users 3263 3263
stats: {recvpackets,"tsung_controller@ip-172-31-19-35"} 1 10486.0 0.0 10486 699 5111.433333333333 30
stats: {sentpackets,"tsung_controller@ip-172-31-19-35"} 1 10535.0 0.0 10535 751 5417.866666666667 30
stats: {cpu,"tsung_controller@ip-172-31-19-35"} 1 19.18997107039537 0.0 19.18997107039537 2.376237623762376 9.572259294851689 31
stats: {load,"tsung_controller@ip-172-31-19-35"} 1 0.26171875 0.0 0.26171875 0.0 0.07484879032258064 31
stats: {freemem,"tsung_controller@ip-172-31-19-35"} 1 3329.3125 0.0 3523.62890625 3329.3125 3439.4623235887098 31
stats: session 402 57605.918390547246 22147.039437470576 83427.762 35048.479 54849.015397701485 7048
stats: users_count 569 10713
stats: finish_users_count 402 7450
stats: request 1874 1171.1970458911414 361.02158690807636 3041.419 6.667 106.46037134460789 34709
stats: connect 1015 1.5423999999999987 3.07395526625165 3024.882 0.949 1.9100647807823563 15236
stats: page 1364 1518.7286906158367 884.0919774920975 4681.284 6.696 149.36215134052622 24468
stats: 302 707 13849
stats: 200 1167 22734
stats: size_rcv 1277647 28263219
stats: newphase 0 10
stats: size_sent 1594726 28209520
stats: connected 89 1949
# stats: dump at 1575156716
stats: users 3375 3380
stats: {recvpackets,"tsung_controller@ip-172-31-19-35"} 1 10105.0 0.0 10486 699 5284.806451612903 31
stats: {sentpackets,"tsung_controller@ip-172-31-19-35"} 1 10047.0 0.0 10535 751 5582.935483870968 31
stats: {cpu,"tsung_controller@ip-172-31-19-35"} 1 16.997167138810198 0.0 19.18997107039537 2.376237623762376 9.872812787837429 32
stats: {load,"tsung_controller@ip-172-31-19-35"} 1 0.37890625 0.0 0.37890625 0.0 0.0806884765625 32
stats: {freemem,"tsung_controller@ip-172-31-19-35"} 1 3299.6875 0.0 3523.62890625 3299.6875 3436.0201416015625 32
stats: session 476 59422.69664495795 22053.241918051153 83778.844 35048.479 54997.77714308726 7450
stats: users_count 588 11301
stats: finish_users_count 476 7926
stats: request 2128 1708.7701950187961 635.8687846767838 3041.419 0.798 161.00255017357773 36583
stats: connect 1122 1.3352174688057024 0.6602097172193726 3024.882 0.949 1.8871012860747018 16251
stats: page 1560 2233.714385897435 1461.3277851867579 6630.442 0.849 221.66843655156384 25832
stats: 302 730 14579
stats: 200 1161 23895
stats: size_rcv 1339181 29602400
stats: newphase 0 10
stats: 502 232 232
stats: size_sent 1647236 29856756
stats: connected -105 1844
stats: 500 5 5
# stats: dump at 1575156726
stats: users 2788 3386
stats: {recvpackets,"tsung_controller@ip-172-31-19-35"} 1 11168.0 0.0 11168 699 5435.4375 32
stats: {sentpackets,"tsung_controller@ip-172-31-19-35"} 1 11225.0 0.0 11225 751 5722.4375 32
stats: {cpu,"tsung_controller@ip-172-31-19-35"} 1 16.618635926993274 0.0 19.18997107039537 2.376237623762376 10.088702313624482 33
stats: {load,"tsung_controller@ip-172-31-19-35"} 1 0.48046875 0.0 0.48046875 0.0 0.08972537878787878 33
stats: {freemem,"tsung_controller@ip-172-31-19-35"} 1 3282.35546875 0.0 3523.62890625 3282.35546875 3431.888849431818 33
stats: session 610 60380.84742622941 21986.520648381753 84218.81 35048.479 55263.51795596771 7926
stats: users_count 23 11324
stats: finish_users_count 610 8536
stats: request 1683 1625.3910071301214 727.3514034617543 3041.419 0.798 246.08558983234718 38711
stats: connect 533 1.4826810506566603 1.2354364139011336 3024.882 0.949 1.8514589880849581 17373
stats: page 1478 2064.790848443843 1659.0509107234645 6705.254 0.844 336.2563337835863 27392
stats: 302 415 14994
stats: 200 1235 25130
stats: size_rcv 1315367 30917767
stats: newphase 0 10
stats: 502 29 261
stats: size_sent 1291997 31148753
stats: connected -199 1645
stats: 500 4 9
# stats: dump at 1575156736
stats: users 2150 3386
stats: {recvpackets,"tsung_controller@ip-172-31-19-35"} 1 7309.0 0.0 11168 699 5609.151515151515 33
stats: {sentpackets,"tsung_controller@ip-172-31-19-35"} 1 7697.0 0.0 11225 751 5889.181818181818 33
stats: {cpu,"tsung_controller@ip-172-31-19-35"} 1 9.734513274336283 0.0 19.18997107039537 2.376237623762376 10.280759184605916 34
stats: {load,"tsung_controller@ip-172-31-19-35"} 1 0.41015625 0.0 0.48046875 0.0 0.10121783088235294 34
stats: {freemem,"tsung_controller@ip-172-31-19-35"} 1 3279.51171875 0.0 3523.62890625 3279.51171875 3427.4908088235293 34
stats: session 638 58009.262865203724 22512.081302291503 84218.81 35048.479 55629.21277518744 8536
stats: users_count 0 11324
stats: finish_users_count 638 9174
stats: request 1171 41.14342954739538 28.68025252952069 3041.419 0.798 303.55380336188506 40394
stats: connect 348 1.5404942528735635 1.0431192322671412 3024.882 0.949 1.8404817379649265 17906
stats: page 1171 41.14342954739538 28.68025252952069 6705.254 0.844 424.7486792171803 28870
stats: 302 305 15299
stats: 200 866 25996
stats: size_rcv 864807 31782574
stats: newphase 0 10
stats: 502 0 261
stats: size_sent 1202072 32350825
stats: connected -317 1328
stats: 500 0 9
# stats: dump at 1575156746
stats: users 1633 3386
stats: {recvpackets,"tsung_controller@ip-172-31-19-35"} 1 5927.0 0.0 11168 699 5659.14705882353 34
stats: {sentpackets,"tsung_controller@ip-172-31-19-35"} 1 6722.0 0.0 11225 751 5942.35294117647 34
stats: {cpu,"tsung_controller@ip-172-31-19-35"} 1 9.019607843137255 0.0 19.18997107039537 2.376237623762376 10.265152158598212 35
stats: {load,"tsung_controller@ip-172-31-19-35"} 1 0.51171875 0.0 0.51171875 0.0 0.11004464285714285 35
stats: {freemem,"tsung_controller@ip-172-31-19-35"} 1 3286.7578125 0.0 3523.62890625 3279.51171875 3423.2628348214284 35
stats: session 517 59958.484466150854 21742.167684318625 84218.81 35040.138 55794.73184619577 9174
stats: users_count 0 11324
stats: finish_users_count 517 9691
stats: request 1072 34.58017350746263 27.118367157980664 3041.419 0.798 296.16098373631627 41565
stats: connect 376 1.5691569148936162 1.243728394169251 3024.882 0.949 1.8347626821518557 18254
stats: page 1072 34.58017350746263 27.118367157980664 6705.254 0.844 409.795723344762 30041
stats: 302 277 15576
stats: 200 761 26757
stats: size_rcv 834535 32617109
stats: newphase 0 10
stats: 502 0 261
stats: size_sent 1063028 33413853
stats: connected -174 1154
stats: 500 34 43
# stats: dump at 1575156756
stats: users 1159 3386
stats: {recvpackets,"tsung_controller@ip-172-31-19-35"} 1 5088.0 0.0 11168 699 5666.8 35
stats: {sentpackets,"tsung_controller@ip-172-31-19-35"} 1 6057.0 0.0 11225 751 5964.628571428571 35
stats: {cpu,"tsung_controller@ip-172-31-19-35"} 1 8.070866141732283 0.0 19.18997107039537 2.376237623762376 10.230553705390964 36
stats: {load,"tsung_controller@ip-172-31-19-35"} 1 0.4296875 0.0 0.51171875 0.0 0.12120225694444445 36
stats: {freemem,"tsung_controller@ip-172-31-19-35"} 1 3286.375 0.0 3523.62890625 3279.51171875 3419.4710286458335 36
stats: session 474 60330.2902890295 21784.51035435548 84218.81 35037.415 56016.8616681457 9691
stats: users_count 0 11324
stats: finish_users_count 474 10165
stats: request 783 23.739353767560694 16.736226695901653 3041.419 0.798 289.58419295447584 42637
stats: connect 245 1.607791836734694 0.9781813119851731 3024.882 0.949 1.829402093397744 18630
stats: page 783 23.739353767560694 16.736226695901653 6705.254 0.844 396.8676524603862 31113
stats: 302 261 15837
stats: 200 516 27273
stats: size_rcv 491211 33108320
stats: newphase 0 10
stats: 502 0 261
stats: size_sent 786130 34199983
stats: connected -296 858
stats: 500 6 49
# stats: dump at 1575156766
stats: users 910 3386
stats: {recvpackets,"tsung_controller@ip-172-31-19-35"} 1 3717.0 0.0 11168 699 5650.722222222223 36
stats: {sentpackets,"tsung_controller@ip-172-31-19-35"} 1 4420.0 0.0 11225 751 5967.194444444444 36
stats: {cpu,"tsung_controller@ip-172-31-19-35"} 1 6.293018682399214 0.0 19.18997107039537 2.376237623762376 10.172183771238025 37
stats: {load,"tsung_controller@ip-172-31-19-35"} 1 0.359375 0.0 0.51171875 0.0 0.12953969594594594 37
stats: {freemem,"tsung_controller@ip-172-31-19-35"} 1 3302.6015625 0.0 3523.62890625 3279.51171875 3415.8738386824325 37
stats: session 249 81381.2679518072 550.4797025971313 84218.81 35037.415 56217.99941200197 10165
stats: users_count 0 11324
stats: finish_users_count 249 10414
stats: request 496 14.501794354838708 6.55826733809101 3041.419 0.798 284.7901692537998 43420
stats: connect 250 1.4661960000000003 0.29392433989719174 3024.882 0.949 1.8265255629139057 18875
stats: page 496 14.501794354838708 6.55826733809101 6705.254 0.844 387.7079002069224 31896
stats: 302 245 16082
stats: 200 251 27524
stats: size_rcv 246491 33354811
stats: newphase 0 10
stats: 502 0 261
stats: size_sent 512582 34712565
stats: connected -164 694
stats: 500 0 49
# stats: dump at 1575156776
stats: users 660 3386
stats: {recvpackets,"tsung_controller@ip-172-31-19-35"} 1 2861.0 0.0 11168 699 5598.459459459459 37
stats: {sentpackets,"tsung_controller@ip-172-31-19-35"} 1 3287.0 0.0 11225 751 5925.378378378378 37
stats: {cpu,"tsung_controller@ip-172-31-19-35"} 1 4.851485148514851 0.0 19.18997107039537 2.376237623762376 10.070100479426477 38
stats: {load,"tsung_controller@ip-172-31-19-35"} 1 0.30078125 0.0 0.51171875 0.0 0.13558799342105263 38
stats: {freemem,"tsung_controller@ip-172-31-19-35"} 1 3302.640625 0.0 3523.62890625 3279.51171875 3412.8929893092104 38
stats: session 250 81931.81271600004 581.82393424307 84218.81 35037.415 56819.65620731708 10414
stats: users_count 0 11324
stats: finish_users_count 250 10664
stats: request 475 14.06100631578946 6.344183502519795 3041.419 0.798 281.73745420803317 43916
stats: connect 225 1.5270800000000007 1.0782276332739558 3024.882 0.949 1.821815372549018 19125
stats: page 475 14.06100631578946 6.344183502519795 6705.254 0.844 381.9932105149419 32392
stats: 302 250 16332
stats: 200 225 27749
stats: size_rcv 214947 33569758
stats: newphase 0 10
stats: 502 0 261
stats: size_sent 492203 35204768
stats: connected -159 535
stats: 500 0 49
# stats: dump at 1575156786
stats: users 440 3386
stats: {recvpackets,"tsung_controller@ip-172-31-19-35"} 1 2603.0 0.0 11168 699 5526.421052631579 38
stats: {sentpackets,"tsung_controller@ip-172-31-19-35"} 1 3039.0 0.0 11225 751 5855.9473684210525 38
stats: {cpu,"tsung_controller@ip-172-31-19-35"} 1 4.265873015873016 0.0 19.18997107039537 2.376237623762376 9.936289829915921 39
stats: {load,"tsung_controller@ip-172-31-19-35"} 1 0.41015625 0.0 0.51171875 0.0 0.13982371794871795 39
stats: {freemem,"tsung_controller@ip-172-31-19-35"} 1 3318.73828125 0.0 3523.62890625 3279.51171875 3410.066005608974 39
stats: session 220 83278.9753909091 814.5265464445093 84709.195 35037.415 57408.36955382596 10664
stats: users_count 0 11324
stats: finish_users_count 220 10884
stats: request 481 16.150846153846135 10.322364830684146 3041.419 0.798 278.87321792705694 44391
stats: connect 257 1.7015603112840456 2.323149903887937 3024.882 0.949 1.818388217054262 19350
stats: page 481 16.150846153846135 10.322364830684146 6705.254 0.844 376.675785833815 32867
stats: 302 225 16557
stats: 200 230 27979
stats: size_rcv 254591 33824349
stats: newphase 0 10
stats: 502 0 261
stats: size_sent 477109 35681877
stats: connected -230 305
stats: 500 26 75
# stats: dump at 1575156796
stats: users 174 3386
stats: {recvpackets,"tsung_controller@ip-172-31-19-35"} 1 3133.0 0.0 11168 699 5451.461538461538 39
stats: {sentpackets,"tsung_controller@ip-172-31-19-35"} 1 3533.0 0.0 11225 751 5783.717948717948 39
stats: {cpu,"tsung_controller@ip-172-31-19-35"} 1 6.393606393606394 0.0 19.18997107039537 2.376237623762376 9.794529409564849 40
stats: {load,"tsung_controller@ip-172-31-19-35"} 1 0.3515625 0.0 0.51171875 0.0 0.14658203125 40
stats: {freemem,"tsung_controller@ip-172-31-19-35"} 1 3361.453125 0.0 3523.62890625 3279.51171875 3407.7828125 40
stats: session 266 84859.6470112782 1690.3172042101296 86660.909 35037.415 57931.29616942301 10884
stats: users_count 0 11324
stats: finish_users_count 266 11150
stats: request 441 14.123004535147391 7.142770114389017 3041.419 0.798 276.05699710287 44872
stats: connect 183 1.6841803278688519 1.7523063694144936 3024.882 0.949 1.8168568878461757 19607
stats: page 441 14.123004535147391 7.142770114389017 6705.254 0.844 371.47569899244326 33348
stats: 302 257 16814
stats: 200 176 28155
stats: size_rcv 184554 34008903
stats: newphase 0 10
stats: 502 0 261
stats: size_sent 426701 36108578
stats: connected -122 183
stats: 500 8 83
# stats: dump at 1575156806
stats: users 0 3386
stats: {recvpackets,"tsung_controller@ip-172-31-19-35"} 1 1968.0 0.0 11168 699 5393.5 40
stats: {sentpackets,"tsung_controller@ip-172-31-19-35"} 1 2564.0 0.0 11225 751 5727.449999999999 40
stats: {cpu,"tsung_controller@ip-172-31-19-35"} 1 5.7482656095143705 0.0 19.18997107039537 2.376237623762376 9.711580067712202 41
stats: {load,"tsung_controller@ip-172-31-19-35"} 1 0.2890625 0.0 0.51171875 0.0 0.15158155487804878 41
stats: {freemem,"tsung_controller@ip-172-31-19-35"} 1 3361.7109375 0.0 3523.62890625 3279.51171875 3406.652820121951 41
stats: session 174 86026.06454022985 744.0108365303353 86734.24 35037.415 58573.712431659194 11150
stats: users_count 0 11324
stats: finish_users_count 174 11324
stats: request 183 8.266071038251363 1.0950984088237061 3041.419 0.798 273.50777523006604 45313
stats: connect 0 0 0 3024.882 0.949 1.8156300151591698 19790
stats: page 183 8.266071038251363 1.0950984088237061 6705.254 0.844 366.8116799846103 33789
stats: 302 183 16997
stats: 200 0 28155
stats: size_rcv 23973 34032876
stats: newphase 0 10
stats: 502 0 261
stats: size_sent 183010 36291588
stats: connected -183 0
stats: 500 0 83
# stats: dump at 1575156806
stats: users 0 3386
stats: {recvpackets,"tsung_controller@ip-172-31-19-35"} 0 0 0 11168 699 5309.951219512195 41
stats: {sentpackets,"tsung_controller@ip-172-31-19-35"} 0 0 0 11225 751 5650.292682926828 41
stats: {cpu,"tsung_controller@ip-172-31-19-35"} 0 0 0 19.18997107039537 2.376237623762376 9.61721543775511 42
stats: {load,"tsung_controller@ip-172-31-19-35"} 0 0 0 0.51171875 0.0 0.15485491071428573 42
stats: {freemem,"tsung_controller@ip-172-31-19-35"} 0 0 0 3523.62890625 3279.51171875 3405.5827752976193 42
stats: session 0 0 0 86734.24 35037.415 58995.53416133876 11324
stats: users_count 0 11324
stats: finish_users_count 0 11324
stats: request 0 0 0 3041.419 0.798 272.4408851327585 45496
stats: connect 0 0 0 3024.882 0.949 1.8156300151591698 19790
stats: page 0 0 0 6705.254 0.844 364.88027039915215 33972
stats: 302 0 16997
stats: 200 0 28155
stats: size_rcv 0 34032876
stats: newphase 0 10
stats: 502 0 261
stats: size_sent 0 36291588
stats: connected 0 0
stats: 500 0 83
EndMonitor:{1575,156806,947907}
