# stats: dump at 1575464832
stats: users 10 10
stats: {cpu,"tsung_controller@ip-172-31-23-21"} 1 1.6401250263507867 0 1.6401250263507867 1.6401250263507867 0 0
stats: {load,"tsung_controller@ip-172-31-23-21"} 1 0.0 0 0.0 0.0 0 0
stats: {freemem,"tsung_controller@ip-172-31-23-21"} 1 3521.140625 0 3521.140625 3521.140625 0 0
stats: users_count 10 10
stats: finish_users_count 0 0
stats: request 18 37.24727777777779 42.95340730347705 183.728 10.922 0 0
stats: connect 10 9.592599999999996 23.63165461494391 80.487 1.518 0 0
stats: page 10 67.0996 55.54673864449649 183.728 10.922 0 0
stats: 302 10 10
stats: 200 8 8
stats: size_rcv 9498 9498
stats: size_sent 9630 9630
stats: connected 10 10
# stats: dump at 1575464842
stats: users 19 19
stats: {recvpackets,"tsung_controller@ip-172-31-23-21"} 1 89 0 89 89 0 0
stats: {sentpackets,"tsung_controller@ip-172-31-23-21"} 1 93 0 93 93 0 0
stats: {cpu,"tsung_controller@ip-172-31-23-21"} 1 0.6 0.0 1.6401250263507867 0.6 1.6401250263507867 1
stats: {load,"tsung_controller@ip-172-31-23-21"} 1 0.0 0.0 0.0 0.0 0.0 1
stats: {freemem,"tsung_controller@ip-172-31-23-21"} 1 3522.125 0.0 3522.125 3521.140625 3521.140625 1
stats: users_count 9 19
stats: finish_users_count 0 0
stats: request 15 18.438066666666664 7.656885106157 183.728 10.922 37.24727777777779 18
stats: connect 9 1.663444444444445 0.10758264121761489 80.487 1.47 9.592599999999996 10
stats: page 9 30.766666666666666 22.59983681357014 183.728 10.922 67.0996 10
stats: 302 9 19
stats: 200 6 14
stats: size_rcv 7320 16818
stats: size_sent 7505 17135
stats: connected 9 19
# stats: dump at 1575464852
stats: users 32 32
stats: {recvpackets,"tsung_controller@ip-172-31-23-21"} 1 38.0 0.0 89 38 89.0 1
stats: {sentpackets,"tsung_controller@ip-172-31-23-21"} 1 41.0 0.0 93 41 93.0 1
stats: {cpu,"tsung_controller@ip-172-31-23-21"} 1 0.3 0.0 1.6401250263507867 0.3 1.1200625131753934 2
stats: {load,"tsung_controller@ip-172-31-23-21"} 1 0.0 0.0 0.0 0.0 0.0 2
stats: {freemem,"tsung_controller@ip-172-31-23-21"} 1 3522.01171875 0.0 3522.125 3521.140625 3521.6328125 2
stats: users_count 13 32
stats: finish_users_count 0 0
stats: request 23 14.409478260869562 4.7636999765852925 183.728 10.397 28.69763636363637 33
stats: connect 13 1.8496923076923077 0.2740548470135087 80.487 1.47 5.836684210526314 19
stats: page 13 25.55892307692308 18.06363240351916 183.728 10.397 49.88926315789473 19
stats: 302 13 32
stats: 200 10 24
stats: size_rcv 11938 28756
stats: newphase 1 1
stats: size_sent 12183 29318
stats: connected 13 32
# stats: dump at 1575464862
stats: users 52 52
stats: {recvpackets,"tsung_controller@ip-172-31-23-21"} 1 107.0 0.0 107 38 63.5 2
stats: {sentpackets,"tsung_controller@ip-172-31-23-21"} 1 111.0 0.0 111 41 67.0 2
stats: {cpu,"tsung_controller@ip-172-31-23-21"} 1 0.4 0.0 1.6401250263507867 0.3 0.8467083421169289 3
stats: {load,"tsung_controller@ip-172-31-23-21"} 1 0.0 0.0 0.0 0.0 0.0 3
stats: {freemem,"tsung_controller@ip-172-31-23-21"} 1 3521.77734375 0.0 3522.125 3521.140625 3521.7591145833335 3
stats: session 2 35890.157999999996 92.72599999999693 35982.884 35797.432 0 0
stats: users_count 22 54
stats: finish_users_count 2 2
stats: request 56 39.15737499999998 86.78984378114643 400.913 10.189 22.829285714285714 56
stats: connect 20 2.0507 1.8059143141356404 80.487 1.296 4.216968749999999 32
stats: page 28 78.38107142857142 185.81752234727654 768.618 10.189 40.0050625 32
stats: 302 20 52
stats: 200 36 60
stats: size_rcv 40726 69482
stats: newphase 0 1
stats: size_sent 39072 68390
stats: connected 18 50
# stats: dump at 1575464872
stats: users 65 65
stats: {recvpackets,"tsung_controller@ip-172-31-23-21"} 1 239.0 0.0 239 38 78.0 3
stats: {sentpackets,"tsung_controller@ip-172-31-23-21"} 1 229.0 0.0 229 41 81.66666666666667 3
stats: {cpu,"tsung_controller@ip-172-31-23-21"} 1 0.8982035928143712 0.0 1.6401250263507867 0.3 0.7350312565876966 4
stats: {load,"tsung_controller@ip-172-31-23-21"} 1 0.0 0.0 0.0 0.0 0.0 4
stats: {freemem,"tsung_controller@ip-172-31-23-21"} 1 3519.36328125 0.0 3522.125 3519.36328125 3521.763671875 4
stats: session 9 35784.84477777778 61.971977035823095 35982.884 35695.481 35890.157999999996 2
stats: users_count 22 76
stats: finish_users_count 9 11
stats: request 96 77.06956250000005 128.5899927101001 409.029 9.753 30.993330357142845 112
stats: connect 23 1.6318260869565215 0.13785236342580198 80.487 1.205 3.3837884615384604 52
stats: page 38 194.81349999999998 304.40100106859995 842.014 9.753 57.91386666666666 60
stats: 302 23 75
stats: 200 73 133
stats: size_rcv 78810 148292
stats: newphase 1 2
stats: size_sent 78115 146505
stats: connected 14 64
# stats: dump at 1575464882
stats: users 96 96
stats: {recvpackets,"tsung_controller@ip-172-31-23-21"} 1 350.0 0.0 350 38 118.25 4
stats: {sentpackets,"tsung_controller@ip-172-31-23-21"} 1 297.0 0.0 297 41 118.5 4
stats: {cpu,"tsung_controller@ip-172-31-23-21"} 1 0.7014028056112225 0.0 1.6401250263507867 0.3 0.7676657238330316 5
stats: {load,"tsung_controller@ip-172-31-23-21"} 1 0.0 0.0 0.0 0.0 0.0 5
stats: {freemem,"tsung_controller@ip-172-31-23-21"} 1 3518.28515625 0.0 3522.125 3518.28515625 3521.28359375 5
stats: session 4 35774.301999999996 25.502671693372392 35982.884 35695.481 35803.99263636363 11
stats: users_count 35 111
stats: finish_users_count 4 15
stats: request 96 42.47040624999999 91.50077680494236 409.029 9.688 52.259283653846175 208
stats: connect 35 1.5952571428571425 0.1984409725632203 80.487 1.165 2.846519999999999 75
stats: page 47 86.51887234042553 199.21497958210523 842.014 9.753 110.99739795918366 98
stats: 302 35 110
stats: 200 61 194
stats: size_rcv 68511 216803
stats: newphase 0 2
stats: size_sent 68040 214545
stats: connected 31 95
# stats: dump at 1575464892
stats: users 118 118
stats: {recvpackets,"tsung_controller@ip-172-31-23-21"} 1 347.0 0.0 350 38 164.6 5
stats: {sentpackets,"tsung_controller@ip-172-31-23-21"} 1 334.0 0.0 334 41 154.2 5
stats: {cpu,"tsung_controller@ip-172-31-23-21"} 1 1.294820717131474 0.0 1.6401250263507867 0.3 0.7566219041293968 6
stats: {load,"tsung_controller@ip-172-31-23-21"} 1 0.0 0.0 0.0 0.0 0.0 6
stats: {freemem,"tsung_controller@ip-172-31-23-21"} 1 3517.32421875 0.0 3522.125 3517.32421875 3520.7838541666665 6
stats: session 9 35800.179444444446 51.44724141640761 35982.884 35695.481 35796.07513333333 15
stats: users_count 31 142
stats: finish_users_count 9 24
stats: request 111 71.6474954954955 125.97823572132286 428.709 9.688 49.16805921052633 304
stats: connect 30 3.186200000000001 4.986566155849801 80.487 1.165 2.448390909090908 110
stats: page 49 162.3778163265307 285.1691925666037 845.836 9.753 103.06297931034483 145
stats: 302 30 140
stats: 200 81 275
stats: size_rcv 88789 305592
stats: newphase 1 3
stats: size_sent 86843 301388
stats: connected 20 115
# stats: dump at 1575464902
stats: users 141 144
stats: {recvpackets,"tsung_controller@ip-172-31-23-21"} 1 478.0 0.0 478 38 195.0 6
stats: {sentpackets,"tsung_controller@ip-172-31-23-21"} 1 430.0 0.0 430 41 184.16666666666666 6
stats: {cpu,"tsung_controller@ip-172-31-23-21"} 1 1.1964107676969093 0.0 1.6401250263507867 0.3 0.8335074488439792 7
stats: {load,"tsung_controller@ip-172-31-23-21"} 1 0.0 0.0 0.0 0.0 0.0 7
stats: {freemem,"tsung_controller@ip-172-31-23-21"} 1 3516.2109375 0.0 3522.125 3516.2109375 3520.289620535714 7
stats: session 13 35806.40038461538 38.75198697543852 35982.884 35695.481 35797.61425 24
stats: users_count 36 178
stats: finish_users_count 13 37
stats: request 148 72.21666216216217 127.61997116473806 428.709 9.521 55.18063132530122 415
stats: connect 42 1.7546666666666664 0.25676612173306906 80.487 1.165 2.6064928571428565 140
stats: page 65 151.4031076923077 277.06836830751433 845.836 9.521 118.04456185567012 194
stats: 302 38 178
stats: 200 110 385
stats: size_rcv 123353 428945
stats: newphase 0 3
stats: size_sent 118641 420029
stats: connected 25 140
# stats: dump at 1575464912
stats: users 179 179
stats: {recvpackets,"tsung_controller@ip-172-31-23-21"} 1 529.0 0.0 529 38 235.42857142857142 7
stats: {sentpackets,"tsung_controller@ip-172-31-23-21"} 1 468.0 0.0 468 41 219.28571428571428 7
stats: {cpu,"tsung_controller@ip-172-31-23-21"} 1 1.3972055888223553 0.0 1.6401250263507867 0.3 0.8788703637005955 8
stats: {load,"tsung_controller@ip-172-31-23-21"} 1 0.0 0.0 0.0 0.0 0.0 8
stats: {freemem,"tsung_controller@ip-172-31-23-21"} 1 3512.796875 0.0 3522.125 3512.796875 3519.77978515625 8
stats: session 16 44295.27093749999 17613.837802019003 81046.299 35695.481 35800.70127027027 37
stats: users_count 54 232
stats: finish_users_count 16 53
stats: request 215 74.12887906976745 128.39972443640022 532.862 7.161 59.65901953818829 563
stats: connect 55 2.3041272727272726 4.343764852393896 80.487 1.165 2.409917582417582 182
stats: page 91 180.86653846153837 304.3469336174367 976.349 9.521 126.4163976833977 259
stats: 302 56 234
stats: 200 159 544
stats: size_rcv 178340 607285
stats: newphase 1 4
stats: size_sent 173681 593710
stats: connected 35 175
# stats: dump at 1575464922
stats: users 205 209
stats: {recvpackets,"tsung_controller@ip-172-31-23-21"} 1 1169.0 0.0 1169 38 272.125 8
stats: {sentpackets,"tsung_controller@ip-172-31-23-21"} 1 1167.0 0.0 1167 41 250.375 8
stats: {cpu,"tsung_controller@ip-172-31-23-21"} 1 5.8999999999999995 0.0 5.8999999999999995 0.3 0.9364631664919022 9
stats: {load,"tsung_controller@ip-172-31-23-21"} 1 0.0 0.0 0.0 0.0 0.0 9
stats: {freemem,"tsung_controller@ip-172-31-23-21"} 1 3508.8046875 0.0 3522.125 3508.8046875 3519.00390625 9
stats: session 26 42878.825038461546 16210.83795422894 81046.299 35695.481 38365.09966037735 53
stats: users_count 52 284
stats: finish_users_count 26 79
stats: request 260 104.76632692307695 150.91492031328846 534.405 7.161 63.65775964010284 778
stats: connect 58 1.6446551724137934 1.0447288470471925 80.487 1.165 2.3853670886075946 237
stats: page 100 262.25318999999996 365.88227289732663 1148.472 9.521 140.57343428571428 350
stats: 302 56 290
stats: 200 204 748
stats: size_rcv 226943 834228
stats: newphase 0 4
stats: size_sent 218141 811851
stats: connected 27 202
# stats: dump at 1575464932
stats: users 232 233
stats: {recvpackets,"tsung_controller@ip-172-31-23-21"} 1 987.0 0.0 1169 38 371.77777777777777 9
stats: {sentpackets,"tsung_controller@ip-172-31-23-21"} 1 816.0 0.0 1167 41 352.22222222222223 9
stats: {cpu,"tsung_controller@ip-172-31-23-21"} 1 1.5 0.0 5.8999999999999995 0.3 1.4328168498427118 10
stats: {load,"tsung_controller@ip-172-31-23-21"} 1 0.0 0.0 0.0 0.0 0.0 10
stats: {freemem,"tsung_controller@ip-172-31-23-21"} 1 3507.14453125 0.0 3522.125 3507.14453125 3517.983984375 10
stats: session 22 46150.97745454545 18837.251868818825 81046.299 35695.481 39850.62953164557 79
stats: users_count 49 333
stats: finish_users_count 22 101
stats: request 237 98.68551054852313 149.86248943428032 564.276 7.161 73.95470327552988 1038
stats: connect 58 1.4877758620689656 0.16786068146792896 80.487 1.165 2.2397355932203387 295
stats: page 102 232.969725490196 355.6772713446001 1148.472 9.521 167.61337999999998 450
stats: 302 53 343
stats: 200 184 932
stats: size_rcv 211545 1045773
stats: newphase 1 5
stats: size_sent 200878 1012729
stats: connected 24 226
# stats: dump at 1575464942
stats: users 268 268
stats: {recvpackets,"tsung_controller@ip-172-31-23-21"} 1 1019.0 0.0 1169 38 433.3 10
stats: {sentpackets,"tsung_controller@ip-172-31-23-21"} 1 840.0 0.0 1167 41 398.6 10
stats: {cpu,"tsung_controller@ip-172-31-23-21"} 1 1.5 0.0 5.8999999999999995 0.3 1.4389244089479198 11
stats: {load,"tsung_controller@ip-172-31-23-21"} 1 0.0 0.0 0.0 0.0 0.0 11
stats: {freemem,"tsung_controller@ip-172-31-23-21"} 1 3504.0703125 0.0 3522.125 3504.0703125 3516.9985795454545 11
stats: session 28 49056.96064285713 20322.16547899645 81977.996 35695.481 41222.982544554456 101
stats: users_count 64 397
stats: finish_users_count 28 129
stats: request 301 158.89667774086388 193.8763116471071 814.18 7.161 78.55172392156864 1275
stats: connect 73 1.5596027397260275 0.2977696885006164 80.487 1.165 2.116184135977337 353
stats: page 117 320.3571538461538 431.30590648963766 1795.961 9.521 179.69009601449272 552
stats: 302 68 411
stats: 200 233 1165
stats: size_rcv 265132 1310905
stats: newphase 0 5
stats: size_sent 264344 1277073
stats: connected 31 257
# stats: dump at 1575464952
stats: users 291 294
stats: {recvpackets,"tsung_controller@ip-172-31-23-21"} 1 1355.0 0.0 1355 38 486.54545454545456 11
stats: {sentpackets,"tsung_controller@ip-172-31-23-21"} 1 1076.0 0.0 1167 41 438.72727272727275 11
stats: {cpu,"tsung_controller@ip-172-31-23-21"} 1 1.8072289156626504 0.0 5.8999999999999995 0.3 1.444014041535593 12
stats: {load,"tsung_controller@ip-172-31-23-21"} 1 0.0 0.0 0.0 0.0 0.0 12
stats: {freemem,"tsung_controller@ip-172-31-23-21"} 1 3502.65234375 0.0 3522.125 3502.65234375 3515.9212239583335 12
stats: session 36 51493.405 21180.023601352743 82539.085 35695.481 42923.380891472865 129
stats: users_count 59 456
stats: finish_users_count 36 165
stats: request 337 185.95549851632055 211.6579451113387 1149.551 7.161 93.8967944162437 1576
stats: connect 78 1.6287307692307693 1.2425700998961056 80.487 1.163 2.020807511737089 426
stats: page 144 509.0572152777779 659.8522415127007 2478.156 9.521 204.29106128550072 669
stats: 302 76 487
stats: 200 261 1426
stats: size_rcv 304568 1615473
stats: newphase 1 6
stats: size_sent 278001 1555074
stats: connected 31 288
# stats: dump at 1575464962
stats: users 327 327
stats: {recvpackets,"tsung_controller@ip-172-31-23-21"} 1 1323.0 0.0 1355 38 558.9166666666666 12
stats: {sentpackets,"tsung_controller@ip-172-31-23-21"} 1 1083.0 0.0 1167 41 491.8333333333333 12
stats: {cpu,"tsung_controller@ip-172-31-23-21"} 1 1.706827309236948 0.0 5.8999999999999995 0.3 1.4719536472376746 13
stats: {load,"tsung_controller@ip-172-31-23-21"} 1 0.0 0.0 0.0 0.0 0.0 13
stats: {freemem,"tsung_controller@ip-172-31-23-21"} 1 3502.21484375 0.0 3522.125 3502.21484375 3514.9005408653848 13
stats: session 36 56598.67508333335 22394.307427485757 82539.085 35695.481 44793.204333333335 165
stats: users_count 72 528
stats: finish_users_count 36 201
stats: request 357 235.27035014005614 199.2023507705641 1149.551 7.161 110.11414061683224 1913
stats: connect 84 1.549357142857144 0.4322999025934575 80.487 1.163 1.9601289682539684 504
stats: page 136 580.5580808823531 594.3779841754623 2478.156 9.521 258.2717822878229 813
stats: 302 81 568
stats: 200 276 1702
stats: size_rcv 314712 1930185
stats: newphase 0 6
stats: size_sent 320202 1875276
stats: connected 29 317
# stats: dump at 1575464972
stats: users 377 378
stats: {recvpackets,"tsung_controller@ip-172-31-23-21"} 1 1645.0 0.0 1645 38 617.6923076923077 13
stats: {sentpackets,"tsung_controller@ip-172-31-23-21"} 1 1278.0 0.0 1278 41 537.3076923076923 13
stats: {cpu,"tsung_controller@ip-172-31-23-21"} 1 2.3976023976023977 0.0 5.8999999999999995 0.3 1.4887303373804799 14
stats: {load,"tsung_controller@ip-172-31-23-21"} 1 0.0 0.0 0.0 0.0 0.0 14
stats: {freemem,"tsung_controller@ip-172-31-23-21"} 1 3494.9921875 0.0 3522.125 3494.9921875 3513.9944196428573 14
stats: session 38 48320.17821052633 19787.29220477459 82539.085 35695.481 46907.61700497513 201
stats: users_count 88 616
stats: finish_users_count 38 239
stats: request 412 188.41644417475732 196.1455327290118 1149.551 7.141 129.7972977973569 2270
stats: connect 103 1.4357864077669906 0.16302133105320296 80.487 1.163 1.9014472789115648 588
stats: page 175 423.2915657142856 463.971774212225 2478.156 9.521 304.45822760800843 949
stats: 302 100 668
stats: 200 312 2014
stats: size_rcv 361684 2291869
stats: newphase 1 7
stats: size_sent 342259 2217535
stats: connected 43 360
# stats: dump at 1575464982
stats: users 443 443
stats: {recvpackets,"tsung_controller@ip-172-31-23-21"} 1 1738.0 0.0 1738 38 691.0714285714286 14
stats: {sentpackets,"tsung_controller@ip-172-31-23-21"} 1 1387.0 0.0 1387 41 590.2142857142857 14
stats: {cpu,"tsung_controller@ip-172-31-23-21"} 1 2.0120724346076457 0.0 5.8999999999999995 0.3 1.549321808061941 15
stats: {load,"tsung_controller@ip-172-31-23-21"} 1 0.0 0.0 0.0 0.0 0.0 15
stats: {freemem,"tsung_controller@ip-172-31-23-21"} 1 3493.0703125 0.0 3522.125 3493.0703125 3512.727604166667 15
stats: session 43 56113.28039534885 22094.776404278946 84115.482 35695.481 47132.20832635984 239
stats: users_count 109 725
stats: finish_users_count 43 282
stats: request 471 547.7530785562626 248.59012291902536 1358.916 7.141 138.80217785234905 2682
stats: connect 140 1.4691142857142843 0.2529312466070652 80.487 1.163 1.8320361794500726 691
stats: page 205 1241.0121414634154 1070.9210111952502 3928.925 9.521 322.959859430605 1124
stats: 302 122 790
stats: 200 349 2363
stats: size_rcv 414083 2705952
stats: newphase 0 7
stats: size_sent 398510 2616045
stats: connected 63 423
# stats: dump at 1575464992
stats: users 533 533
stats: {recvpackets,"tsung_controller@ip-172-31-23-21"} 1 2168.0 0.0 2168 38 760.8666666666667 15
stats: {sentpackets,"tsung_controller@ip-172-31-23-21"} 1 1721.0 0.0 1721 41 643.3333333333334 15
stats: {cpu,"tsung_controller@ip-172-31-23-21"} 1 2.318548387096774 0.0 5.8999999999999995 0.3 1.5782437222210477 16
stats: {load,"tsung_controller@ip-172-31-23-21"} 1 0.0 0.0 0.0 0.0 0.0 16
stats: {freemem,"tsung_controller@ip-172-31-23-21"} 1 3485.64453125 0.0 3522.125 3485.64453125 3511.4990234375 16
stats: session 32 55583.502875000006 21268.19349074564 86714.877 35695.481 48501.66257801419 282
stats: users_count 122 847
stats: finish_users_count 32 314
stats: request 472 1103.4115466101694 561.6437136045129 2453.044 7.141 199.8918937519822 3153
stats: connect 152 1.5477105263157902 0.7801827774342284 80.487 1.163 1.7708941034897712 831
stats: page 174 2035.9578850574721 1541.3896532412055 6396.344 9.521 464.57063280662163 1329
stats: 302 135 925
stats: 200 337 2700
stats: size_rcv 392439 3098391
stats: newphase 1 8
stats: size_sent 449516 3065561
stats: connected 96 519
# stats: dump at 1575465002
stats: users 643 643
stats: {recvpackets,"tsung_controller@ip-172-31-23-21"} 1 2198.0 0.0 2198 38 848.8125 16
stats: {sentpackets,"tsung_controller@ip-172-31-23-21"} 1 1806.0 0.0 1806 41 710.6875 16
stats: {cpu,"tsung_controller@ip-172-31-23-21"} 1 2.80561122244489 0.0 5.8999999999999995 0.3 1.6217910554490316 17
stats: {load,"tsung_controller@ip-172-31-23-21"} 1 0.0 0.0 0.0 0.0 0.0 17
stats: {freemem,"tsung_controller@ip-172-31-23-21"} 1 3476.3671875 0.0 3522.125 3476.3671875 3509.9781709558824 17
stats: session 49 66188.66642857147 22752.527111153835 91950.916 35102.891 49223.37878662421 314
stats: users_count 159 1006
stats: finish_users_count 49 363
stats: request 644 1739.7802096273272 1088.595790811103 3799.808 0.828 317.53638372413786 3625
stats: connect 179 1.4613296089385472 0.23252836137551305 80.487 1.163 1.736383519837233 983
stats: page 265 3493.145411320754 3112.9752683560796 11550.843 0.924 646.4877198935465 1503
stats: 302 136 1061
stats: 200 346 3046
stats: size_rcv 449883 3548274
stats: newphase 0 8
stats: 502 162 162
stats: size_sent 518320 3583881
stats: connected 104 623
# stats: dump at 1575465012
stats: users 751 751
stats: {recvpackets,"tsung_controller@ip-172-31-23-21"} 1 2516.0 0.0 2516 38 928.1764705882352 17
stats: {sentpackets,"tsung_controller@ip-172-31-23-21"} 1 2173.0 0.0 2173 41 775.1176470588235 17
stats: {cpu,"tsung_controller@ip-172-31-23-21"} 1 4.0 0.0 5.8999999999999995 0.3 1.6875588425043568 18
stats: {load,"tsung_controller@ip-172-31-23-21"} 1 0.0 0.0 0.0 0.0 0.0 18
stats: {freemem,"tsung_controller@ip-172-31-23-21"} 1 3458.8671875 0.0 3522.125 3458.8671875 3508.110894097222 18
stats: session 61 61500.72037704915 23140.854412944154 95391.419 35020.476 51513.45893663913 363
stats: users_count 169 1175
stats: finish_users_count 61 424
stats: request 764 1773.7996230366498 1407.4444335196263 4058.096 0.797 532.0889777465445 4269
stats: connect 198 1.5735808080808078 1.021249552024606 80.487 1.158 1.694012908777969 1162
stats: page 324 3898.5364691358013 4354.83216686431 14555.597 0.897 1073.1643535067874 1768
stats: 302 122 1183
stats: 200 359 3405
stats: size_rcv 520449 4068723
stats: newphase 1 9
stats: 502 278 440
stats: size_sent 553603 4137484
stats: connected 106 729
stats: 500 5 5
# stats: dump at 1575465022
stats: users 816 816
stats: {recvpackets,"tsung_controller@ip-172-31-23-21"} 1 2562.0 0.0 2562 38 1016.3888888888889 18
stats: {sentpackets,"tsung_controller@ip-172-31-23-21"} 1 2318.0 0.0 2318 41 852.7777777777778 18
stats: {cpu,"tsung_controller@ip-172-31-23-21"} 1 3.903903903903904 0.0 5.8999999999999995 0.3 1.809266271846233 19
stats: {load,"tsung_controller@ip-172-31-23-21"} 1 0.0 0.0 0.0 0.0 0.0 19
stats: {freemem,"tsung_controller@ip-172-31-23-21"} 1 3456.44921875 0.0 3522.125 3456.44921875 3505.5191200657896 19
stats: session 90 56576.412599999996 21205.028955215832 97973.364 35020.476 52950.30551179245 424
stats: users_count 155 1330
stats: finish_users_count 90 514
stats: request 819 1537.518373626372 1560.3490784646156 4666.8 0.797 720.5783345916946 5033
stats: connect 190 1.3784736842105267 0.26721733091073674 80.487 1.158 1.6764794117647057 1360
stats: page 320 4120.897250000001 5128.297238369349 16205.343 0.89 1510.745885755258 2092
stats: 302 110 1293
stats: 200 316 3721
stats: size_rcv 488631 4557354
stats: newphase 0 9
stats: 502 393 833
stats: size_sent 642239 4779723
stats: connected 72 801
stats: 500 0 5
# stats: dump at 1575465032
stats: users 952 953
stats: {recvpackets,"tsung_controller@ip-172-31-23-21"} 1 2661.0 0.0 2661 38 1097.7368421052631 19
stats: {sentpackets,"tsung_controller@ip-172-31-23-21"} 1 2358.0 0.0 2358 41 929.8947368421053 19
stats: {cpu,"tsung_controller@ip-172-31-23-21"} 1 3.5175879396984926 0.0 5.8999999999999995 0.3 1.9139981534491164 20
stats: {load,"tsung_controller@ip-172-31-23-21"} 1 0.0 0.0 0.0 0.0 0.0 20
stats: {freemem,"tsung_controller@ip-172-31-23-21"} 1 3454.6875 0.0 3522.125 3454.6875 3503.065625 20
stats: session 94 60817.54409574466 23837.15615247095 98443.674 35011.639 53585.22698638132 514
stats: users_count 230 1560
stats: finish_users_count 94 608
stats: request 1056 1210.2115227272714 1378.6582115438332 4666.8 0.797 834.9108520164042 5852
stats: connect 259 1.3556988416988422 0.14293220724309902 80.487 1.158 1.6399496774193545 1550
stats: page 434 2924.41147926267 4112.326435050193 16205.343 0.884 1857.034623963516 2412
stats: 302 115 1408
stats: 200 349 4070
stats: size_rcv 603044 5160398
stats: newphase 1 10
stats: 502 587 1420
stats: size_sent 750139 5529862
stats: connected 127 928
stats: 500 5 10
# stats: dump at 1575465042
stats: users 1081 1081
stats: {recvpackets,"tsung_controller@ip-172-31-23-21"} 1 3278.0 0.0 3278 38 1175.9 20
stats: {sentpackets,"tsung_controller@ip-172-31-23-21"} 1 3181.0 0.0 3181 41 1001.3 20
stats: {cpu,"tsung_controller@ip-172-31-23-21"} 1 4.824120603015075 0.0 5.8999999999999995 0.3 1.9903595718419438 21
stats: {load,"tsung_controller@ip-172-31-23-21"} 1 0.0 0.0 0.0 0.0 0.0 21
stats: {freemem,"tsung_controller@ip-172-31-23-21"} 1 3452.18359375 0.0 3522.125 3452.18359375 3500.7619047619046 21
stats: session 107 56713.48895327103 22797.393621608884 99117.154 35011.445 54703.38127631579 608
stats: users_count 236 1796
stats: finish_users_count 107 715
stats: request 1139 1153.0736215978925 1395.1026722790928 4666.8 0.797 892.2816551823967 6908
stats: connect 277 1.3746209386281596 0.4248437946048893 80.487 1.142 1.5992526257600883 1809
stats: page 474 2805.094630801685 4331.300710510977 16205.343 0.858 2019.8039687280389 2846
stats: 302 136 1544
stats: 200 334 4404
stats: size_rcv 602264 5762662
stats: newphase 0 10
stats: 502 659 2079
stats: size_sent 725298 6255160
stats: connected 134 1062
stats: 500 10 20
# stats: dump at 1575465052
stats: users 1236 1236
stats: {recvpackets,"tsung_controller@ip-172-31-23-21"} 1 3297.0 0.0 3297 38 1276.0 21
stats: {sentpackets,"tsung_controller@ip-172-31-23-21"} 1 3173.0 0.0 3181 41 1105.095238095238 21
stats: {cpu,"tsung_controller@ip-172-31-23-21"} 1 5.0 0.0 5.8999999999999995 0.3 2.1191668914407225 22
stats: {load,"tsung_controller@ip-172-31-23-21"} 1 0.0 0.0 0.0 0.0 0.0 22
stats: {freemem,"tsung_controller@ip-172-31-23-21"} 1 3450.1953125 0.0 3522.125 3450.1953125 3498.553799715909 22
stats: session 114 57443.09033333333 21744.343070101328 99117.154 35011.344 55004.194593007 715
stats: users_count 269 2065
stats: finish_users_count 114 829
stats: request 1203 1068.5022103075655 1448.3677078142607 4666.8 0.797 929.1950452342483 8047
stats: connect 305 1.3369344262295078 0.2705303273113065 80.487 1.125 1.5694237775647173 2086
stats: page 498 2464.46329317269 4099.077905831848 16205.343 0.858 2131.9207680722884 3320
stats: 302 124 1668
stats: 200 286 4690
stats: size_rcv 597041 6359703
stats: newphase 1 11
stats: 502 775 2854
stats: size_sent 729353 6984513
stats: connected 146 1208
stats: 500 18 38
# stats: dump at 1575465062
stats: users 1356 1360
stats: {recvpackets,"tsung_controller@ip-172-31-23-21"} 1 3471.0 0.0 3471 38 1367.8636363636363 22
stats: {sentpackets,"tsung_controller@ip-172-31-23-21"} 1 3449.0 0.0 3449 41 1199.090909090909 22
stats: {cpu,"tsung_controller@ip-172-31-23-21"} 1 5.015045135406218 0.0 5.8999999999999995 0.3 2.2444205048563433 23
stats: {load,"tsung_controller@ip-172-31-23-21"} 1 0.0703125 0.0 0.0703125 0.0 0.0 23
stats: {freemem,"tsung_controller@ip-172-31-23-21"} 1 3447.48828125 0.0 3522.125 3447.48828125 3496.4512567934785 23
stats: session 138 58232.26321739128 22263.691364516704 99959.343 35011.344 55339.57953196623 829
stats: users_count 258 2323
stats: finish_users_count 138 967
stats: request 1305 994.6851141762454 1524.091644508893 4666.8 0.797 947.3125068108105 9250
stats: connect 294 1.4757210884353746 0.7206120063563591 80.487 1.125 1.53976704307821 2391
stats: page 521 2376.414220729366 4445.035534666191 16657.143 0.858 2175.295880041906 3818
stats: 302 111 1779
stats: 200 269 4959
stats: size_rcv 609447 6969150
stats: newphase 0 11
stats: 502 912 3766
stats: size_sent 779268 7763781
stats: connected 83 1291
stats: 500 13 51
# stats: dump at 1575465072
stats: users 1322 1401
stats: {recvpackets,"tsung_controller@ip-172-31-23-21"} 1 3503.0 0.0 3503 38 1459.304347826087 23
stats: {sentpackets,"tsung_controller@ip-172-31-23-21"} 1 3564.0 0.0 3564 41 1296.9130434782608 23
stats: {cpu,"tsung_controller@ip-172-31-23-21"} 1 5.326633165829145 0.0 5.8999999999999995 0.3 2.3598631977959212 24
stats: {load,"tsung_controller@ip-172-31-23-21"} 1 0.05859375 0.0 0.0703125 0.0 0.0029296875 24
stats: {freemem,"tsung_controller@ip-172-31-23-21"} 1 3446.25390625 0.0 3522.125 3446.25390625 3494.4111328125 24
stats: session 120 53776.125299999956 21396.347898010677 99959.343 35010.746 55752.3927156153 967
stats: users_count 86 2409
stats: finish_users_count 120 1087
stats: request 1090 1215.8880733944961 1524.3584633789294 4666.8 0.797 953.1695653244906 10555
stats: connect 173 1.6158150289017343 1.3170086618912857 80.487 1.125 1.5327541899441344 2685
stats: page 451 2976.4557361419047 4783.510837791798 16751.982 0.858 2199.4449133440876 4339
stats: 302 98 1877
stats: 200 305 5264
stats: size_rcv 584925 7554075
stats: newphase 0 11
stats: 502 664 4430
stats: size_sent 689759 8453540
stats: connected -48 1243
stats: 500 23 74
# stats: dump at 1575465082
stats: users 1130 1401
stats: {recvpackets,"tsung_controller@ip-172-31-23-21"} 1 3039.0 0.0 3503 38 1544.4583333333333 24
stats: {sentpackets,"tsung_controller@ip-172-31-23-21"} 1 2867.0 0.0 3564 41 1391.375 24
stats: {cpu,"tsung_controller@ip-172-31-23-21"} 1 6.2248995983935735 0.0 6.2248995983935735 0.3 2.47853399651725 25
stats: {load,"tsung_controller@ip-172-31-23-21"} 1 0.05078125 0.0 0.0703125 0.0 0.00515625 25
stats: {freemem,"tsung_controller@ip-172-31-23-21"} 1 3449.14453125 0.0 3522.125 3446.25390625 3492.48484375 25
stats: session 192 59623.80485416669 24067.23086337314 102824.539 35010.746 55534.2215197792 1087
stats: users_count 0 2409
stats: finish_users_count 192 1279
stats: request 1227 1028.4438687856582 1879.1583253687306 5563.799 0.797 977.760649377415 11645
stats: connect 83 1.5616987951807226 0.23605613662242012 80.487 1.125 1.5377820153953816 2858
stats: page 424 2445.377785377357 4873.185947856621 19473.623 0.858 2272.6039699373687 4790
stats: 302 42 1919
stats: 200 210 5474
stats: size_rcv 586949 8141024
stats: newphase 0 11
stats: 502 941 5371
stats: size_sent 813938 9267478
stats: connected -149 1094
stats: 500 34 108
# stats: dump at 1575465092
stats: users 902 1401
stats: {recvpackets,"tsung_controller@ip-172-31-23-21"} 1 2649.0 0.0 3503 38 1604.24 25
stats: {sentpackets,"tsung_controller@ip-172-31-23-21"} 1 2641.0 0.0 3564 41 1450.4 25
stats: {cpu,"tsung_controller@ip-172-31-23-21"} 1 3.7037037037037033 0.0 6.2248995983935735 0.3 2.622624981204801 26
stats: {load,"tsung_controller@ip-172-31-23-21"} 1 0.0390625 0.0 0.0703125 0.0 0.006911057692307692 26
stats: {freemem,"tsung_controller@ip-172-31-23-21"} 1 3449.12109375 0.0 3522.125 3446.25390625 3490.817908653846 26
stats: session 228 57361.257675438625 23274.68078357938 106118.337 35010.746 56148.1386426896 1279
stats: users_count 0 2409
stats: finish_users_count 228 1507
stats: request 1370 922.1700715328475 1855.4680614070462 5665.026 0.797 982.5919351305159 12872
stats: connect 87 1.7300229885057465 0.8421532879417315 80.487 1.125 1.5384569874192455 2941
stats: page 446 2523.333394618834 5753.496418567458 22952.883 0.858 2286.653854430379 5214
stats: 302 52 1971
stats: 200 193 5667
stats: size_rcv 605252 8746276
stats: newphase 0 11
stats: 502 1097 6468
stats: size_sent 784819 10052297
stats: connected -247 847
stats: 500 28 136
# stats: dump at 1575465102
stats: users 713 1401
stats: {recvpackets,"tsung_controller@ip-172-31-23-21"} 1 2825.0 0.0 3503 38 1644.423076923077 26
stats: {sentpackets,"tsung_controller@ip-172-31-23-21"} 1 2854.0 0.0 3564 41 1496.1923076923076 26
stats: {cpu,"tsung_controller@ip-172-31-23-21"} 1 4.69061876247505 0.0 6.2248995983935735 0.3 2.6626649338899457 27
stats: {load,"tsung_controller@ip-172-31-23-21"} 1 0.0390625 0.0 0.0703125 0.0 0.008101851851851851 27
stats: {freemem,"tsung_controller@ip-172-31-23-21"} 1 3448.859375 0.0 3522.125 3446.25390625 3489.273582175926 27
stats: session 189 60936.126026455015 24496.95117095745 112426.12 35010.746 56331.676226940945 1507
stats: users_count 0 2409
stats: finish_users_count 189 1696
stats: request 1160 1158.7870974137938 2119.980909934811 6264.357 0.782 976.7796929504284 14242
stats: connect 118 1.6508474576271177 0.7019599030887617 80.487 1.125 1.5439610303830913 3028
stats: page 383 3241.7457911227148 6880.72087567421 24606.738 0.858 2305.303867667844 5660
stats: 302 62 2033
stats: 200 179 5846
stats: size_rcv 528988 9275264
stats: newphase 0 11
stats: 502 889 7357
stats: size_sent 642849 10695146
stats: connected -179 668
stats: 500 30 166
# stats: dump at 1575465112
stats: users 567 1401
stats: {recvpackets,"tsung_controller@ip-172-31-23-21"} 1 2628.0 0.0 3503 38 1688.148148148148 27
stats: {sentpackets,"tsung_controller@ip-172-31-23-21"} 1 2545.0 0.0 3564 41 1546.4814814814815 27
stats: {cpu,"tsung_controller@ip-172-31-23-21"} 1 3.91566265060241 0.0 6.2248995983935735 0.3 2.7350918563394138 28
stats: {load,"tsung_controller@ip-172-31-23-21"} 1 0.03125 0.0 0.0703125 0.0 0.009207589285714286 28
stats: {freemem,"tsung_controller@ip-172-31-23-21"} 1 3449.69140625 0.0 3522.125 3446.25390625 3487.8302176339284 28
stats: session 146 79168.07460273974 18629.586124578505 114106.423 35010.746 56844.790031250006 1696
stats: users_count 0 2409
stats: finish_users_count 146 1842
stats: request 844 1616.1153578199055 2549.0330911722126 7310.146 0.782 990.4875613556682 15402
stats: connect 113 1.678893805309734 0.7935513139285522 80.487 1.125 1.5479701207883028 3146
stats: page 254 5328.739641732283 8961.790478210558 25990.796 0.858 2364.654729273539 6043
stats: 302 72 2105
stats: 200 156 6002
stats: size_rcv 394013 9669277
stats: newphase 0 11
stats: 502 596 7953
stats: size_sent 543515 11238661
stats: connected -159 509
stats: 500 20 186
# stats: dump at 1575465122
stats: users 464 1401
stats: {recvpackets,"tsung_controller@ip-172-31-23-21"} 1 2133.0 0.0 3503 38 1721.7142857142858 28
stats: {sentpackets,"tsung_controller@ip-172-31-23-21"} 1 1928.0 0.0 3564 41 1582.142857142857 28
stats: {cpu,"tsung_controller@ip-172-31-23-21"} 1 2.9116465863453818 0.0 6.2248995983935735 0.3 2.775801194072621 29
stats: {load,"tsung_controller@ip-172-31-23-21"} 1 0.01953125 0.0 0.0703125 0.0 0.009967672413793104 29
stats: {freemem,"tsung_controller@ip-172-31-23-21"} 1 3449.69921875 0.0 3522.125 3446.25390625 3486.5150862068967 29
stats: session 103 81746.25443689329 17557.636907532615 117773.103 35010.746 58614.170893051036 1842
stats: users_count 0 2409
stats: finish_users_count 103 1945
stats: request 624 2189.3057067307677 2409.8595946694045 7310.146 0.782 1022.9897071279084 16246
stats: connect 125 1.7916799999999993 0.8593779387440663 80.487 1.125 1.5525096655415773 3259
stats: page 226 6373.116123893806 9182.737396176723 25990.796 0.858 2484.2160390662216 6297
stats: 302 100 2205
stats: 200 164 6166
stats: size_rcv 350404 10019681
stats: newphase 0 11
stats: 502 327 8280
stats: size_sent 380097 11618758
stats: connected -112 397
stats: 500 33 219
# stats: dump at 1575465132
stats: users 346 1401
stats: {recvpackets,"tsung_controller@ip-172-31-23-21"} 1 2033.0 0.0 3503 38 1735.896551724138 29
stats: {sentpackets,"tsung_controller@ip-172-31-23-21"} 1 1815.0 0.0 3564 41 1594.0689655172414 29
stats: {cpu,"tsung_controller@ip-172-31-23-21"} 1 3.688933200398804 0.0 6.2248995983935735 0.3 2.780329373815046 30
stats: {load,"tsung_controller@ip-172-31-23-21"} 1 0.01953125 0.0 0.0703125 0.0 0.010286458333333333 30
stats: {freemem,"tsung_controller@ip-172-31-23-21"} 1 3449.87109375 0.0 3522.125 3446.25390625 3485.287890625 30
stats: session 118 86743.83491525428 13268.673620140322 118384.223 35010.746 59839.16040719795 1945
stats: users_count 0 2409
stats: finish_users_count 118 2063
stats: request 728 1627.8264464285714 2075.0903584027787 7310.146 0.782 1066.1302633669236 16870
stats: connect 128 2.1118359375 1.5856176181210893 80.487 1.125 1.5613442671394802 3384
stats: page 250 4646.639680000002 8229.508892360547 25990.796 0.858 2618.9533407941126 6523
stats: 302 104 2309
stats: 200 140 6306
stats: size_rcv 364503 10384184
stats: newphase 0 11
stats: 502 448 8728
stats: size_sent 397841 12016599
stats: connected -105 292
stats: 500 36 255
# stats: dump at 1575465142
stats: users 224 1401
stats: {recvpackets,"tsung_controller@ip-172-31-23-21"} 1 2054.0 0.0 3503 38 1745.8 30
stats: {sentpackets,"tsung_controller@ip-172-31-23-21"} 1 1904.0 0.0 3564 41 1601.4333333333334 30
stats: {cpu,"tsung_controller@ip-172-31-23-21"} 1 3.8883349950149553 0.0 6.2248995983935735 0.3 2.809639174672587 31
stats: {load,"tsung_controller@ip-172-31-23-21"} 1 0.01953125 0.0 0.0703125 0.0 0.010584677419354838 31
stats: {freemem,"tsung_controller@ip-172-31-23-21"} 1 3450.984375 0.0 3522.125 3446.25390625 3484.1454133064517 31
stats: session 122 92463.67305737705 11790.837536451992 118384.223 35010.746 61378.06083955406 2063
stats: users_count 0 2409
stats: finish_users_count 122 2185
stats: request 730 1839.7436123287682 2392.7472566033653 7310.146 0.782 1089.3667005341517 17598
stats: connect 75 1.6215066666666664 0.35670766269064397 80.487 1.125 1.5814077448747155 3512
stats: page 209 5453.095588516748 8682.12564482555 25990.796 0.858 2693.7978092425806 6773
stats: 302 101 2410
stats: 200 154 6460
stats: size_rcv 351984 10736168
stats: newphase 0 11
stats: 502 454 9182
stats: size_sent 389206 12405805
stats: connected -70 222
stats: 500 21 276
# stats: dump at 1575465152
stats: users 135 1401
stats: {recvpackets,"tsung_controller@ip-172-31-23-21"} 1 1670.0 0.0 3503 38 1755.741935483871 31
stats: {sentpackets,"tsung_controller@ip-172-31-23-21"} 1 1496.0 0.0 3564 41 1611.1935483870968 31
stats: {cpu,"tsung_controller@ip-172-31-23-21"} 1 2.4072216649949847 0.0 6.2248995983935735 0.3 2.843348419058286 32
stats: {load,"tsung_controller@ip-172-31-23-21"} 1 0.01171875 0.0 0.0703125 0.0 0.0108642578125 32
stats: {freemem,"tsung_controller@ip-172-31-23-21"} 1 3451.30078125 0.0 3522.125 3446.25390625 3483.109130859375 32
stats: session 89 99623.13656179779 12169.895083854564 118384.223 35010.746 63113.733466819234 2185
stats: users_count 0 2409
stats: finish_users_count 89 2274
stats: request 456 2834.769962719297 2718.447723401245 7310.146 0.782 1119.254039338717 18328
stats: connect 9 2.785888888888889 3.2507868942917133 80.487 1.125 1.582246166713131 3587
stats: page 107 11849.584168224297 11321.421906369018 25990.796 0.858 2776.394949871097 6982
stats: 302 98 2508
stats: 200 141 6601
stats: size_rcv 226407 10962575
stats: newphase 0 11
stats: 502 217 9399
stats: size_sent 280046 12685851
stats: connected -84 138
stats: 500 0 276
# stats: dump at 1575465162
stats: users 99 1401
stats: {recvpackets,"tsung_controller@ip-172-31-23-21"} 1 1206.0 0.0 3503 38 1753.0625 32
stats: {sentpackets,"tsung_controller@ip-172-31-23-21"} 1 1013.0 0.0 3564 41 1607.59375 32
stats: {cpu,"tsung_controller@ip-172-31-23-21"} 1 3.3000000000000003 0.0 6.2248995983935735 0.3 2.8301324568139434 33
stats: {load,"tsung_controller@ip-172-31-23-21"} 1 0.078125 0.0 0.078125 0.0 0.010890151515151516 33
stats: {freemem,"tsung_controller@ip-172-31-23-21"} 1 3451.21484375 0.0 3522.125 3446.25390625 3482.1452414772725 33
stats: session 36 110553.2503888889 5717.0830262605305 120495.084 35010.746 64542.64150351805 2274
stats: users_count 0 2409
stats: finish_users_count 36 2310
stats: request 221 5373.430253393668 497.0193191602643 7310.146 0.782 1160.8998688245317 18784
stats: connect 0 0 0 80.487 1.125 1.5852586206896555 3596
stats: page 37 23517.336756756755 5359.579896789298 26491.899 0.858 2913.3439195937367 7089
stats: 302 88 2596
stats: 200 133 6734
stats: size_rcv 145859 11108434
stats: newphase 0 11
stats: 502 0 9399
stats: size_sent 150825 12836676
stats: connected -37 101
stats: 500 0 276
# stats: dump at 1575465172
stats: users 0 1401
stats: {recvpackets,"tsung_controller@ip-172-31-23-21"} 1 769.0 0.0 3503 38 1736.4848484848485 33
stats: {sentpackets,"tsung_controller@ip-172-31-23-21"} 1 466.0 0.0 3564 41 1589.5757575757575 33
stats: {cpu,"tsung_controller@ip-172-31-23-21"} 1 1.1011011011011012 0.0 6.2248995983935735 0.3 2.8439520904370625 34
stats: {load,"tsung_controller@ip-172-31-23-21"} 1 0.0703125 0.0 0.078125 0.0 0.012867647058823529 34
stats: {freemem,"tsung_controller@ip-172-31-23-21"} 1 3451.48828125 0.0 3522.125 3446.25390625 3481.235523897059 34
stats: session 99 109280.67041414136 4319.206654653982 120495.084 35010.746 65259.68995367967 2310
stats: users_count 0 2409
stats: finish_users_count 99 2409
stats: request 232 3601.9331163793104 1460.1474840430244 7310.146 0.782 1209.8853576427257 19005
stats: connect 0 0 0 80.487 1.125 1.5852586206896555 3596
stats: page 101 22844.969801980205 4013.102309311409 26561.038 0.858 3020.325078024137 7126
stats: 302 70 2666
stats: 200 162 6896
stats: size_rcv 187811 11296245
stats: newphase 0 11
stats: 502 0 9399
stats: size_sent 117325 12954001
stats: connected -101 0
stats: 500 0 276
# stats: dump at 1575465176
stats: users 0 1401
stats: {recvpackets,"tsung_controller@ip-172-31-23-21"} 1 646.0 0.0 3503 38 1708.0294117647059 34
stats: {sentpackets,"tsung_controller@ip-172-31-23-21"} 1 411.0 0.0 3564 41 1556.5294117647059 34
stats: {cpu,"tsung_controller@ip-172-31-23-21"} 1 1.001001001001001 0.0 6.2248995983935735 0.3 2.794156347884607 35
stats: {load,"tsung_controller@ip-172-31-23-21"} 1 0.05859375 0.0 0.078125 0.0 0.014508928571428572 35
stats: {freemem,"tsung_controller@ip-172-31-23-21"} 1 3452.2421875 0.0 3522.125 3446.25390625 3480.3856026785716 35
stats: session 0 0 0 120495.084 35010.746 67068.77134246577 2409
stats: users_count 0 2409
stats: finish_users_count 0 2409
stats: request 0 0 0 7310.146 0.782 1238.7336749493165 19237
stats: connect 0 0 0 80.487 1.125 1.5852586206896555 3596
stats: page 0 0 0 26561.038 0.858 3297.381825930538 7227
stats: 302 0 2666
stats: 200 0 6896
stats: size_rcv 0 11296245
stats: newphase 0 11
stats: 502 0 9399
stats: size_sent 0 12954001
stats: connected 0 0
stats: 500 0 276
EndMonitor:{1575,465176,611037}
