# stats: dump at 1575457384
stats: users 9 9
stats: {load,"tsung_controller@ip-172-31-27-7"} 1 0.0 0 0.0 0.0 0 0
stats: {cpu,"tsung_controller@ip-172-31-27-7"} 1 0.8898502544477055 0 0.8898502544477055 0.8898502544477055 0 0
stats: {freemem,"tsung_controller@ip-172-31-27-7"} 1 3516.24609375 0 3516.24609375 3516.24609375 0 0
stats: users_count 9 9
stats: finish_users_count 0 0
stats: request 13 45.05046153846153 34.67003641278597 126.637 14.82 0 0
stats: connect 7 4.742857142857143 8.59934946756475 25.806 1.09 0 0
stats: page 7 83.71900000000001 80.45780967509795 220.437 14.82 0 0
stats: 302 7 7
stats: 200 6 6
stats: size_rcv 7058 7058
stats: size_sent 7075 7075
stats: connected 7 7
# stats: dump at 1575457394
stats: users 16 16
stats: {load,"tsung_controller@ip-172-31-27-7"} 1 0.0 0.0 0.0 0.0 0.0 1
stats: {recvpackets,"tsung_controller@ip-172-31-27-7"} 1 68 0 68 68 0 0
stats: {sentpackets,"tsung_controller@ip-172-31-27-7"} 1 65 0 65 65 0 0
stats: {cpu,"tsung_controller@ip-172-31-27-7"} 1 0.3 0.0 0.8898502544477055 0.3 0.8898502544477055 1
stats: {freemem,"tsung_controller@ip-172-31-27-7"} 1 3517.59765625 0.0 3517.59765625 3516.24609375 3516.24609375 1
stats: users_count 7 16
stats: finish_users_count 0 0
stats: request 14 52.35657142857143 75.30198404113011 300.773 14.709 45.05046153846153 13
stats: connect 8 1.2161250000000001 0.11012088528067679 25.806 0.99 4.742857142857143 7
stats: page 8 91.66525000000001 130.9505525386873 428.392 14.82 83.71900000000001 7
stats: 302 8 15
stats: 200 6 12
stats: size_rcv 7189 14247
stats: size_sent 7339 14414
stats: connected 8 15
# stats: dump at 1575457404
stats: users 39 39
stats: {load,"tsung_controller@ip-172-31-27-7"} 1 0.0 0.0 0.0 0.0 0.0 2
stats: {recvpackets,"tsung_controller@ip-172-31-27-7"} 1 49.0 0.0 68 49 68.0 1
stats: {sentpackets,"tsung_controller@ip-172-31-27-7"} 1 51.0 0.0 65 51 65.0 1
stats: {cpu,"tsung_controller@ip-172-31-27-7"} 1 0.10010010010010009 0.0 0.8898502544477055 0.10010010010010009 0.5949251272238527 2
stats: {freemem,"tsung_controller@ip-172-31-27-7"} 1 3517.265625 0.0 3517.59765625 3516.24609375 3516.921875 2
stats: users_count 23 39
stats: finish_users_count 0 0
stats: request 48 24.121 18.9081006625908 300.773 13.798 48.83881481481481 27
stats: connect 24 1.2315 0.6718263044368934 25.806 0.805 2.8619333333333334 15
stats: page 24 48.290625000000006 39.595873394850656 428.392 13.822 87.95700000000001 15
stats: 302 24 39
stats: 200 24 36
stats: size_rcv 27708 41955
stats: newphase 1 1
stats: size_sent 27802 42216
stats: connected 24 39
# stats: dump at 1575457414
stats: users 52 52
stats: {load,"tsung_controller@ip-172-31-27-7"} 1 0.0 0.0 0.0 0.0 0.0 3
stats: {recvpackets,"tsung_controller@ip-172-31-27-7"} 1 186.0 0.0 186 49 58.5 2
stats: {sentpackets,"tsung_controller@ip-172-31-27-7"} 1 187.0 0.0 187 51 58.0 2
stats: {cpu,"tsung_controller@ip-172-31-27-7"} 1 0.3003003003003003 0.0 0.8898502544477055 0.10010010010010009 0.42998345151593514 3
stats: {freemem,"tsung_controller@ip-172-31-27-7"} 1 3517.03125 0.0 3517.59765625 3516.24609375 3517.0364583333335 3
stats: session 2 35863.9745 55.17849999999635 35919.153 35808.796 0 0
stats: users_count 15 54
stats: finish_users_count 2 2
stats: request 45 52.3583111111111 96.44619068102685 400.415 13.613 33.01941333333333 75
stats: connect 15 1.1213333333333333 0.09679508711132448 25.806 0.805 1.8585897435897436 39
stats: page 21 112.2605238095238 220.9062311752635 817.344 13.822 63.54692307692307 39
stats: 302 15 54
stats: 200 30 66
stats: size_rcv 33979 75934
stats: newphase 0 1
stats: size_sent 32400 74616
stats: connected 13 52
# stats: dump at 1575457424
stats: users 68 68
stats: {load,"tsung_controller@ip-172-31-27-7"} 1 0.0 0.0 0.0 0.0 0.0 4
stats: {recvpackets,"tsung_controller@ip-172-31-27-7"} 1 182.0 0.0 186 49 101.0 3
stats: {sentpackets,"tsung_controller@ip-172-31-27-7"} 1 175.0 0.0 187 51 101.0 3
stats: {cpu,"tsung_controller@ip-172-31-27-7"} 1 0.20020020020020018 0.0 0.8898502544477055 0.10010010010010009 0.3975626637120264 4
stats: {freemem,"tsung_controller@ip-172-31-27-7"} 1 3515.22265625 0.0 3517.59765625 3515.22265625 3517.03515625 4
stats: session 5 35830.11780000001 42.23217421539752 35919.153 35785.482 35863.9745 2
stats: users_count 21 75
stats: finish_users_count 5 7
stats: request 75 65.75371999999999 114.92806312965921 406.485 13.613 40.271499999999996 120
stats: connect 20 1.10285 0.09368579134532626 25.806 0.805 1.6537962962962964 54
stats: page 33 149.50554545454546 266.7221592001106 838.338 13.822 80.59668333333333 60
stats: 302 20 74
stats: 200 55 121
stats: size_rcv 59692 135626
stats: newphase 1 2
stats: size_sent 58791 133407
stats: connected 15 67
# stats: dump at 1575457434
stats: users 98 98
stats: {load,"tsung_controller@ip-172-31-27-7"} 1 0.0 0.0 0.0 0.0 0.0 5
stats: {recvpackets,"tsung_controller@ip-172-31-27-7"} 1 281.0 0.0 281 49 121.25 4
stats: {sentpackets,"tsung_controller@ip-172-31-27-7"} 1 250.0 0.0 250 51 119.5 4
stats: {cpu,"tsung_controller@ip-172-31-27-7"} 1 0.5994005994005994 0.0 0.8898502544477055 0.10010010010010009 0.3580901710096612 5
stats: {freemem,"tsung_controller@ip-172-31-27-7"} 1 3514.140625 0.0 3517.59765625 3514.140625 3516.67265625 5
stats: session 8 41585.884375 7373.403631515332 51334.125 35785.482 35839.791142857146 7
stats: users_count 38 113
stats: finish_users_count 8 15
stats: request 123 71.05699186991868 129.560946019828 727.652 8.652 50.07235384615384 195
stats: connect 34 1.3297941176470582 1.2904313182127212 25.806 0.805 1.504891891891892 74
stats: page 57 153.39338596491228 285.3689763105878 1122.192 13.822 105.04821505376344 93
stats: 302 37 111
stats: 200 86 207
stats: size_rcv 95915 231541
stats: newphase 0 2
stats: size_sent 95130 228537
stats: connected 26 93
# stats: dump at 1575457444
stats: users 125 125
stats: {load,"tsung_controller@ip-172-31-27-7"} 1 0.0 0.0 0.0 0.0 0.0 6
stats: {recvpackets,"tsung_controller@ip-172-31-27-7"} 1 530.0 0.0 530 49 153.2 5
stats: {sentpackets,"tsung_controller@ip-172-31-27-7"} 1 481.0 0.0 481 51 145.6 5
stats: {cpu,"tsung_controller@ip-172-31-27-7"} 1 0.4016064257028112 0.0 0.8898502544477055 0.10010010010010009 0.3983085757414842 6
stats: {freemem,"tsung_controller@ip-172-31-27-7"} 1 3510.51953125 0.0 3517.59765625 3510.51953125 3516.2506510416665 6
stats: session 16 38693.591624999994 5890.226229367372 51334.125 35772.035 38904.3742 15
stats: users_count 43 156
stats: finish_users_count 16 31
stats: request 197 81.263152284264 133.6804955366755 743.961 8.652 58.189053459119485 318
stats: connect 46 1.7772173913043476 3.2226709953151245 25.806 0.805 1.4497685185185185 108
stats: page 81 197.72241975308646 306.4145204103709 1224.857 13.358 123.41937999999999 150
stats: 302 49 160
stats: 200 148 355
stats: size_rcv 158408 389949
stats: newphase 1 3
stats: size_sent 160811 389348
stats: connected 30 123
# stats: dump at 1575457454
stats: users 150 151
stats: {load,"tsung_controller@ip-172-31-27-7"} 1 0.0 0.0 0.0 0.0 0.0 7
stats: {recvpackets,"tsung_controller@ip-172-31-27-7"} 1 726.0 0.0 726 49 216.0 6
stats: {sentpackets,"tsung_controller@ip-172-31-27-7"} 1 627.0 0.0 627 51 201.5 6
stats: {cpu,"tsung_controller@ip-172-31-27-7"} 1 0.7042253521126761 0.0 0.8898502544477055 0.10010010010010009 0.39877969716453093 7
stats: {freemem,"tsung_controller@ip-172-31-27-7"} 1 3508.3515625 0.0 3517.59765625 3508.3515625 3515.4319196428573 7
stats: session 16 47161.12875000001 6554.241010949918 51334.125 35751.344 38795.58319354839 31
stats: users_count 41 197
stats: finish_users_count 16 47
stats: request 171 85.9399883040936 137.19580149053922 743.961 7.848 67.01545631067962 515
stats: connect 41 1.1554146341463414 0.2800933621012087 25.806 0.805 1.547577922077922 154
stats: page 70 192.27537142857142 305.52170528735047 1224.857 13.358 149.47369264069266 231
stats: 302 53 213
stats: 200 118 473
stats: size_rcv 130579 520528
stats: newphase 0 3
stats: size_sent 142350 531698
stats: connected 28 151
# stats: dump at 1575457464
stats: users 150 154
stats: {load,"tsung_controller@ip-172-31-27-7"} 1 0.0 0.0 0.0 0.0 0.0 8
stats: {recvpackets,"tsung_controller@ip-172-31-27-7"} 1 606.0 0.0 726 49 288.85714285714283 7
stats: {sentpackets,"tsung_controller@ip-172-31-27-7"} 1 522.0 0.0 627 51 262.2857142857143 7
stats: {cpu,"tsung_controller@ip-172-31-27-7"} 1 0.6018054162487462 0.0 0.8898502544477055 0.10010010010010009 0.4369604040330491 8
stats: {freemem,"tsung_controller@ip-172-31-27-7"} 1 3507.84375 0.0 3517.59765625 3507.84375 3514.546875 8
stats: session 23 41137.82713043477 7183.813844512982 51334.125 35725.587 41643.4284893617 47
stats: users_count 23 220
stats: finish_users_count 23 70
stats: request 201 109.37755223880606 150.33617269021713 743.961 7.848 71.73279591836736 686
stats: connect 25 1.1002399999999999 0.10153394703250729 25.806 0.805 1.465123076923077 195
stats: page 79 284.63355696202547 366.63220420783745 1224.857 13.358 159.42757142857144 301
stats: 302 33 246
stats: 200 168 641
stats: size_rcv 181744 702272
stats: newphase 1 4
stats: size_sent 182473 714171
stats: connected 0 151
# stats: dump at 1575457474
stats: users 176 177
stats: {load,"tsung_controller@ip-172-31-27-7"} 1 0.0 0.0 0.0 0.0 0.0 9
stats: {recvpackets,"tsung_controller@ip-172-31-27-7"} 1 809.0 0.0 809 49 328.5 8
stats: {sentpackets,"tsung_controller@ip-172-31-27-7"} 1 634.0 0.0 634 51 294.75 8
stats: {cpu,"tsung_controller@ip-172-31-27-7"} 1 1.3026052104208417 0.0 1.3026052104208417 0.10010010010010009 0.45527651650145984 9
stats: {freemem,"tsung_controller@ip-172-31-27-7"} 1 3507.51953125 0.0 3517.59765625 3507.51953125 3513.8020833333335 9
stats: session 29 41607.74086206897 7289.102441295203 51334.125 35725.587 41477.30232857142 70
stats: users_count 55 275
stats: finish_users_count 29 99
stats: request 278 100.62546402877697 143.70592007156702 743.961 7.848 80.26334385569338 887
stats: connect 52 1.052788461538462 0.14105254565620107 25.806 0.805 1.423659090909091 220
stats: page 117 238.7339230769229 347.886777821946 1224.857 13.358 185.4572368421053 380
stats: 302 63 309
stats: 200 215 856
stats: size_rcv 231665 933937
stats: newphase 0 4
stats: size_sent 237272 951443
stats: connected 24 175
# stats: dump at 1575457484
stats: users 203 203
stats: {load,"tsung_controller@ip-172-31-27-7"} 1 0.0 0.0 0.0 0.0 0.0 10
stats: {recvpackets,"tsung_controller@ip-172-31-27-7"} 1 1213.0 0.0 1213 49 381.8888888888889 9
stats: {sentpackets,"tsung_controller@ip-172-31-27-7"} 1 1109.0 0.0 1109 51 332.44444444444446 9
stats: {cpu,"tsung_controller@ip-172-31-27-7"} 1 3.1093279839518555 0.0 3.1093279839518555 0.10010010010010009 0.540009385893398 10
stats: {freemem,"tsung_controller@ip-172-31-27-7"} 1 3504.8828125 0.0 3517.59765625 3504.8828125 3513.173828125 10
stats: session 30 42562.493133333344 7454.061772643117 51588.186 35725.587 41515.51159595959 99
stats: users_count 57 332
stats: finish_users_count 30 129
stats: request 334 114.81527245508983 178.37337923604093 820.591 7.848 85.12228755364809 1165
stats: connect 59 1.024050847457627 0.1612756797293478 25.806 0.805 1.3527573529411765 272
stats: page 138 273.07459420289854 411.2776710578601 1853.127 13.358 197.9992334004024 497
stats: 302 76 385
stats: 200 258 1114
stats: size_rcv 275071 1209008
stats: newphase 1 5
stats: size_sent 294205 1245648
stats: connected 27 202
# stats: dump at 1575457494
stats: users 207 214
stats: {load,"tsung_controller@ip-172-31-27-7"} 1 0.0 0.0 0.0 0.0 0.0 11
stats: {recvpackets,"tsung_controller@ip-172-31-27-7"} 1 1328.0 0.0 1328 49 465.0 10
stats: {sentpackets,"tsung_controller@ip-172-31-27-7"} 1 1085.0 0.0 1109 51 410.1 10
stats: {cpu,"tsung_controller@ip-172-31-27-7"} 1 0.9072580645161291 0.0 3.1093279839518555 0.10010010010010009 0.7735838038987123 11
stats: {freemem,"tsung_controller@ip-172-31-27-7"} 1 3499.6640625 0.0 3517.59765625 3499.6640625 3512.420099431818 11
stats: session 51 45287.5783333333 7360.664468112543 52341.55 35725.587 41758.995674418606 129
stats: users_count 55 387
stats: finish_users_count 51 180
stats: request 394 199.15601522842647 273.4123216736387 1361.938 7.848 91.73833622414945 1499
stats: connect 55 1.042309090909091 0.10723650544088781 25.806 0.805 1.2941661631419938 331
stats: page 137 583.4210948905113 652.4824944357235 2478.134 13.358 214.31482362204724 635
stats: 302 81 466
stats: 200 313 1427
stats: size_rcv 336150 1545158
stats: newphase 0 5
stats: size_sent 349613 1595261
stats: connected 4 206
# stats: dump at 1575457504
stats: users 242 243
stats: {load,"tsung_controller@ip-172-31-27-7"} 1 0.0 0.0 0.0 0.0 0.0 12
stats: {recvpackets,"tsung_controller@ip-172-31-27-7"} 1 1478.0 0.0 1478 49 543.4545454545455 11
stats: {sentpackets,"tsung_controller@ip-172-31-27-7"} 1 1155.0 0.0 1155 51 471.45454545454544 11
stats: {cpu,"tsung_controller@ip-172-31-27-7"} 1 1.2072434607645874 0.0 3.1093279839518555 0.10010010010010009 0.7847233256168304 12
stats: {freemem,"tsung_controller@ip-172-31-27-7"} 1 3498.89453125 0.0 3517.59765625 3498.89453125 3511.3570963541665 12
stats: session 34 43560.309735294104 7538.899281004543 52341.55 35725.587 42758.7607611111 180
stats: users_count 69 456
stats: finish_users_count 34 214
stats: request 368 111.15511141304351 176.13741732268144 1361.938 7.848 114.0957400950872 1893
stats: connect 69 1.6115507246376815 2.8071275200983785 25.806 0.805 1.258279792746114 386
stats: page 143 269.45420979020975 400.41493916325953 2478.134 11.607 279.8168432642488 772
stats: 302 88 554
stats: 200 280 1707
stats: size_rcv 304508 1849666
stats: newphase 1 6
stats: size_sent 317541 1912802
stats: connected 37 243
# stats: dump at 1575457514
stats: users 259 263
stats: {load,"tsung_controller@ip-172-31-27-7"} 1 0.0 0.0 0.0 0.0 0.0 13
stats: {recvpackets,"tsung_controller@ip-172-31-27-7"} 1 1416.0 0.0 1478 49 621.3333333333334 12
stats: {sentpackets,"tsung_controller@ip-172-31-27-7"} 1 1183.0 0.0 1183 51 528.4166666666666 12
stats: {cpu,"tsung_controller@ip-172-31-27-7"} 1 1.0101010101010102 0.0 3.1093279839518555 0.10010010010010009 0.8172248744743502 13
stats: {freemem,"tsung_controller@ip-172-31-27-7"} 1 3498.33203125 0.0 3517.59765625 3498.33203125 3510.3984375 13
stats: session 46 41122.20056521738 7046.699547699867 52341.55 35725.587 42886.1096635514 214
stats: users_count 63 519
stats: finish_users_count 46 260
stats: request 413 146.51879418886202 219.23913086517425 1361.938 7.848 113.61712383900932 2261
stats: connect 64 1.1710625000000003 0.5030273624205247 25.806 0.805 1.3118527472527473 455
stats: page 164 372.39982317073174 513.8888078818874 2478.134 11.607 278.19732786885254 915
stats: 302 78 632
stats: 200 335 2042
stats: size_rcv 357475 2207141
stats: newphase 0 6
stats: size_sent 364886 2277688
stats: connected 17 260
# stats: dump at 1575457524
stats: users 301 302
stats: {load,"tsung_controller@ip-172-31-27-7"} 1 0.078125 0.0 0.078125 0.0 0.0 14
stats: {recvpackets,"tsung_controller@ip-172-31-27-7"} 1 1717.0 0.0 1717 49 682.4615384615385 13
stats: {sentpackets,"tsung_controller@ip-172-31-27-7"} 1 1455.0 0.0 1455 51 578.7692307692307 13
stats: {cpu,"tsung_controller@ip-172-31-27-7"} 1 3.0211480362537766 0.0 3.1093279839518555 0.10010010010010009 0.831001741304826 14
stats: {freemem,"tsung_controller@ip-172-31-27-7"} 1 3497.6171875 0.0 3517.59765625 3497.6171875 3509.536551339286 14
stats: session 44 44253.386045454536 7704.312547204831 52673.025 35725.587 42574.033438461534 260
stats: users_count 86 605
stats: finish_users_count 44 304
stats: request 445 164.37328764044923 252.9131495931661 1361.938 7.848 118.69879543754678 2674
stats: connect 83 1.055927710843374 0.17073800002868708 25.806 0.805 1.2944913294797689 519
stats: page 179 405.17963128491607 590.12043167305 2566.09 11.167 292.51540871177025 1079
stats: 302 108 740
stats: 200 337 2379
stats: size_rcv 361902 2569043
stats: newphase 1 7
stats: size_sent 383626 2661314
stats: connected 39 299
# stats: dump at 1575457534
stats: users 337 337
stats: {load,"tsung_controller@ip-172-31-27-7"} 1 0.0703125 0.0 0.078125 0.0 0.005208333333333333 15
stats: {recvpackets,"tsung_controller@ip-172-31-27-7"} 1 1770.0 0.0 1770 49 756.3571428571429 14
stats: {sentpackets,"tsung_controller@ip-172-31-27-7"} 1 1442.0 0.0 1455 51 641.3571428571429 14
stats: {cpu,"tsung_controller@ip-172-31-27-7"} 1 1.6080402010050252 0.0 3.1093279839518555 0.10010010010010009 0.9770114943014226 15
stats: {freemem,"tsung_controller@ip-172-31-27-7"} 1 3492.31640625 0.0 3517.59765625 3492.31640625 3508.7419270833334 15
stats: session 50 44563.17566000001 7651.653682328514 53420.765 35725.587 42817.09763157894 304
stats: users_count 86 691
stats: finish_users_count 50 354
stats: request 507 267.66617751479254 403.3216092928422 3289.07 7.848 125.21535492144918 3119
stats: connect 87 1.0230919540229886 0.1391571205082076 25.806 0.805 1.2615996677740864 602
stats: page 195 602.1297743589743 719.6696940426821 3003.132 11.167 308.5463275039746 1258
stats: 302 116 856
stats: 200 391 2770
stats: size_rcv 419829 2988872
stats: newphase 0 7
stats: size_sent 455256 3116570
stats: connected 36 335
# stats: dump at 1575457544
stats: users 308 351
stats: {load,"tsung_controller@ip-172-31-27-7"} 1 0.05859375 0.0 0.078125 0.0 0.00927734375 16
stats: {recvpackets,"tsung_controller@ip-172-31-27-7"} 1 2004.0 0.0 2004 49 823.9333333333333 15
stats: {sentpackets,"tsung_controller@ip-172-31-27-7"} 1 1559.0 0.0 1559 51 694.7333333333333 15
stats: {cpu,"tsung_controller@ip-172-31-27-7"} 1 1.809045226130653 0.0 3.1093279839518555 0.10010010010010009 1.016450788470398 16
stats: {freemem,"tsung_controller@ip-172-31-27-7"} 1 3488.66796875 0.0 3517.59765625 3488.66796875 3507.71533203125 16
stats: session 53 46220.59467924529 7527.874369021522 56593.119 35725.587 43063.718822033894 354
stats: users_count 24 715
stats: finish_users_count 53 407
stats: request 413 474.39299031477003 550.1005132198618 3289.07 7.848 145.13332708218417 3626
stats: connect 26 1.0470769230769224 0.2038953206308274 25.806 0.805 1.2314833091436865 689
stats: page 152 1241.0683355263163 1346.3900309740052 6500.126 11.167 347.94672126634555 1453
stats: 302 59 915
stats: 200 354 3124
stats: size_rcv 374224 3363096
stats: newphase 0 7
stats: size_sent 406624 3523194
stats: connected -27 308
# stats: dump at 1575457554
stats: users 253 351
stats: {load,"tsung_controller@ip-172-31-27-7"} 1 0.05078125 0.0 0.078125 0.0 0.012178308823529412 17
stats: {recvpackets,"tsung_controller@ip-172-31-27-7"} 1 1634.0 0.0 2004 49 897.6875 16
stats: {sentpackets,"tsung_controller@ip-172-31-27-7"} 1 1128.0 0.0 1559 51 748.75 16
stats: {cpu,"tsung_controller@ip-172-31-27-7"} 1 1.105527638190955 0.0 3.1093279839518555 0.10010010010010009 1.063073990685707 17
stats: {freemem,"tsung_controller@ip-172-31-27-7"} 1 3487.35546875 0.0 3517.59765625 3487.35546875 3506.594898897059 17
stats: session 55 48040.22254545454 7513.477489135387 58437.547 35725.587 43474.81076412776 407
stats: users_count 0 715
stats: finish_users_count 55 462
stats: request 360 1004.774325 937.0032104708025 3943.013 7.848 178.8011262688784 4039
stats: connect 0 0 0 25.806 0.805 1.2247776223776223 715
stats: page 125 2658.161784 2344.6890448893755 7891.492 11.167 432.528955140187 1605
stats: 302 38 953
stats: 200 322 3446
stats: size_rcv 340137 3703233
stats: newphase 0 7
stats: size_sent 378236 3901430
stats: connected -55 253
# stats: dump at 1575457564
stats: users 205 351
stats: {load,"tsung_controller@ip-172-31-27-7"} 1 0.0390625 0.0 0.078125 0.0 0.014322916666666666 18
stats: {recvpackets,"tsung_controller@ip-172-31-27-7"} 1 1617.0 0.0 2004 49 941.0 17
stats: {sentpackets,"tsung_controller@ip-172-31-27-7"} 1 1177.0 0.0 1559 51 771.0588235294117 17
stats: {cpu,"tsung_controller@ip-172-31-27-7"} 1 2.416918429003021 0.0 3.1093279839518555 0.10010010010010009 1.065432526658221 18
stats: {freemem,"tsung_controller@ip-172-31-27-7"} 1 3480.81640625 0.0 3517.59765625 3480.81640625 3505.5260416666665 18
stats: session 48 50656.45985416667 7265.445481027547 60955.317 35725.587 44018.31216666666 462
stats: users_count 0 715
stats: finish_users_count 48 510
stats: request 350 1297.3157714285705 1109.2897080326518 5666.93 7.848 246.3961141168447 4399
stats: connect 0 0 0 25.806 0.805 1.2247776223776223 715
stats: page 118 3014.831169491524 2962.9336405320455 10345.393 11.167 593.3405757225435 1730
stats: 302 27 980
stats: 200 323 3769
stats: size_rcv 335937 4039170
stats: newphase 0 7
stats: size_sent 404855 4306285
stats: connected -48 205
# stats: dump at 1575457574
stats: users 159 351
stats: {load,"tsung_controller@ip-172-31-27-7"} 1 0.03125 0.0 0.078125 0.0 0.015625 19
stats: {recvpackets,"tsung_controller@ip-172-31-27-7"} 1 1553.0 0.0 2004 49 978.5555555555555 18
stats: {sentpackets,"tsung_controller@ip-172-31-27-7"} 1 1089.0 0.0 1559 51 793.6111111111111 18
stats: {cpu,"tsung_controller@ip-172-31-27-7"} 1 1.503006012024048 0.0 3.1093279839518555 0.10010010010010009 1.1365633636237369 19
stats: {freemem,"tsung_controller@ip-172-31-27-7"} 1 3479.85546875 0.0 3517.59765625 3479.85546875 3504.2255345394738 19
stats: session 46 51980.5775 7429.601711680852 65668.682 35725.587 44643.07900784313 510
stats: users_count 0 715
stats: finish_users_count 46 556
stats: request 347 2380.177002881846 1595.8562641830047 7432.053 7.848 323.8486051800378 4749
stats: connect 0 0 0 25.806 0.805 1.2247776223776223 715
stats: page 104 5449.37676923077 4373.376334530194 14723.219 11.167 747.959563852814 1848
stats: 302 38 1018
stats: 200 304 4073
stats: size_rcv 325515 4364685
stats: newphase 0 7
stats: size_sent 374197 4680482
stats: connected -46 159
stats: 500 5 5
# stats: dump at 1575457584
stats: users 97 351
stats: {load,"tsung_controller@ip-172-31-27-7"} 1 0.03125 0.0 0.078125 0.0 0.01640625 20
stats: {recvpackets,"tsung_controller@ip-172-31-27-7"} 1 1321.0 0.0 2004 49 1008.7894736842105 19
stats: {sentpackets,"tsung_controller@ip-172-31-27-7"} 1 878.0 0.0 1559 51 809.1578947368421 19
stats: {cpu,"tsung_controller@ip-172-31-27-7"} 1 1.3039117352056169 0.0 3.1093279839518555 0.10010010010010009 1.1548854960437525 20
stats: {freemem,"tsung_controller@ip-172-31-27-7"} 1 3472.8828125 0.0 3517.59765625 3472.8828125 3503.00703125 20
stats: session 62 57852.60983870968 7340.456656004901 70680.165 35725.587 45250.13823561151 556
stats: users_count 0 715
stats: finish_users_count 62 618
stats: request 322 3011.755155279505 1930.0008661083095 7432.053 7.848 463.86939678178965 5096
stats: connect 0 0 0 25.806 0.805 1.2247776223776223 715
stats: page 95 9803.32958947368 5673.954883971294 19555.162 11.167 998.4449067622952 1952
stats: 302 38 1056
stats: 200 273 4346
stats: size_rcv 308931 4673616
stats: newphase 0 7
stats: size_sent 296118 4976600
stats: connected -61 98
stats: 500 11 16
# stats: dump at 1575457594
stats: users 18 351
stats: {load,"tsung_controller@ip-172-31-27-7"} 1 0.01953125 0.0 0.078125 0.0 0.01711309523809524 21
stats: {recvpackets,"tsung_controller@ip-172-31-27-7"} 1 1386.0 0.0 2004 49 1024.4 20
stats: {sentpackets,"tsung_controller@ip-172-31-27-7"} 1 891.0 0.0 1559 51 812.6 20
stats: {cpu,"tsung_controller@ip-172-31-27-7"} 1 1.0040160642570282 0.0 3.1093279839518555 0.10010010010010009 1.1619819836228888 21
stats: {freemem,"tsung_controller@ip-172-31-27-7"} 1 3472.046875 0.0 3517.59765625 3472.046875 3501.5725446428573 21
stats: session 79 61237.53156962027 4961.523679375917 70680.165 35725.587 46514.46386569578 618
stats: users_count 0 715
stats: finish_users_count 79 697
stats: request 299 1960.2825585284284 1777.235068735412 8772.053 7.848 615.2941317829459 5418
stats: connect 0 0 0 25.806 0.805 1.2247776223776223 715
stats: page 80 11957.507200000004 5377.241928998905 24582.963 11.167 1407.0741421592575 2047
stats: 302 39 1095
stats: 200 260 4606
stats: size_rcv 287708 4961324
stats: newphase 0 7
stats: size_sent 258584 5235184
stats: connected -80 18
stats: 500 0 16
# stats: dump at 1575457597
stats: users 0 351
stats: {load,"tsung_controller@ip-172-31-27-7"} 1 0.01953125 0.0 0.078125 0.0 0.017223011363636367 22
stats: {recvpackets,"tsung_controller@ip-172-31-27-7"} 1 1208.0 0.0 2004 49 1041.6190476190477 21
stats: {sentpackets,"tsung_controller@ip-172-31-27-7"} 1 753.0 0.0 1559 51 816.3333333333334 21
stats: {cpu,"tsung_controller@ip-172-31-27-7"} 1 1.3 0.0 3.1093279839518555 0.10010010010010009 1.1548017145608043 22
stats: {freemem,"tsung_controller@ip-172-31-27-7"} 1 3472.19140625 0.0 3517.59765625 3472.046875 3500.23046875 22
stats: session 18 61134.95300000001 2649.862874123846 70680.165 35725.587 48183.219028694395 697
stats: users_count 0 715
stats: finish_users_count 18 715
stats: request 48 764.8184791666666 1195.896890210875 8772.053 7.848 685.6372382368377 5717
stats: connect 0 0 0 25.806 0.805 1.2247776223776223 715
stats: page 18 6656.183166666666 4234.394033525515 24582.963 11.167 1803.893439116126 2127
stats: 302 0 1095
stats: 200 48 4654
stats: size_rcv 52737 5014061
stats: newphase 0 7
stats: size_sent 30715 5265899
stats: connected -18 0
stats: 500 0 16
EndMonitor:{1575,457597,93187}
