# stats: dump at 1575467666
stats: users 10 10
stats: {cpu,"tsung_controller@ip-172-31-23-21"} 1 1.7030965938068126 0 1.7030965938068126 1.7030965938068126 0 0
stats: {load,"tsung_controller@ip-172-31-23-21"} 1 0.0 0 0.0 0.0 0 0
stats: {freemem,"tsung_controller@ip-172-31-23-21"} 1 3515.7421875 0 3515.7421875 3515.7421875 0 0
stats: users_count 10 10
stats: finish_users_count 0 0
stats: request 26 36.00857692307692 24.45629698552262 100.445 13.869 0 0
stats: connect 10 2.4708999999999994 3.4299345022900947 12.75 0.89 0 0
stats: page 10 93.89820000000002 44.72168197373619 163.252 14.346 0 0
stats: 302 10 10
stats: 200 16 16
stats: size_rcv 17864 17864
stats: size_sent 17430 17430
stats: connected 10 10
# stats: dump at 1575467676
stats: users 22 22
stats: {recvpackets,"tsung_controller@ip-172-31-23-21"} 1 127 0 127 127 0 0
stats: {sentpackets,"tsung_controller@ip-172-31-23-21"} 1 118 0 118 118 0 0
stats: {cpu,"tsung_controller@ip-172-31-23-21"} 1 0.4 0.0 1.7030965938068126 0.4 1.7030965938068126 1
stats: {load,"tsung_controller@ip-172-31-23-21"} 1 0.0 0.0 0.0 0.0 0.0 1
stats: {freemem,"tsung_controller@ip-172-31-23-21"} 1 3516.6953125 0.0 3516.6953125 3515.7421875 3515.7421875 1
stats: users_count 12 22
stats: finish_users_count 0 0
stats: request 18 21.994944444444442 22.914922519015185 114.967 13.652 36.00857692307692 26
stats: connect 12 1.346166666666667 0.11540712956986471 12.75 0.89 2.4708999999999994 10
stats: page 12 33.01941666666666 30.728515644968198 163.252 13.652 93.89820000000002 10
stats: 302 12 22
stats: 200 6 22
stats: size_rcv 7788 25652
stats: size_sent 8115 25545
stats: connected 12 22
# stats: dump at 1575467686
stats: users 36 36
stats: {recvpackets,"tsung_controller@ip-172-31-23-21"} 1 49.0 0.0 127 49 127.0 1
stats: {sentpackets,"tsung_controller@ip-172-31-23-21"} 1 56.0 0.0 118 56 118.0 1
stats: {cpu,"tsung_controller@ip-172-31-23-21"} 1 0.2004008016032064 0.0 1.7030965938068126 0.2004008016032064 1.0515482969034062 2
stats: {load,"tsung_controller@ip-172-31-23-21"} 1 0.0 0.0 0.0 0.0 0.0 2
stats: {freemem,"tsung_controller@ip-172-31-23-21"} 1 3516.4609375 0.0 3516.6953125 3515.7421875 3516.21875 2
stats: users_count 14 36
stats: finish_users_count 0 0
stats: request 21 17.18033333333333 6.477379300548534 114.967 12.848 30.275727272727273 44
stats: connect 13 1.4596153846153845 0.28806076775076433 12.75 0.89 1.8574090909090908 22
stats: page 13 27.78984615384615 19.728673290986528 163.252 13.244 60.69159090909091 22
stats: 302 13 35
stats: 200 8 30
stats: size_rcv 9988 35640
stats: newphase 1 1
stats: size_sent 10233 35778
stats: connected 13 35
# stats: dump at 1575467696
stats: users 52 52
stats: {recvpackets,"tsung_controller@ip-172-31-23-21"} 1 105.0 0.0 127 49 88.0 2
stats: {sentpackets,"tsung_controller@ip-172-31-23-21"} 1 112.0 0.0 118 56 87.0 2
stats: {cpu,"tsung_controller@ip-172-31-23-21"} 1 0.0 0.0 1.7030965938068126 0.0 0.7678324651366729 3
stats: {load,"tsung_controller@ip-172-31-23-21"} 1 0.0 0.0 0.0 0.0 0.0 3
stats: {freemem,"tsung_controller@ip-172-31-23-21"} 1 3516.24609375 0.0 3516.6953125 3515.7421875 3516.2994791666665 3
stats: session 2 35591.91 43.60699999999815 35635.517 35548.303 0 0
stats: users_count 18 54
stats: finish_users_count 2 2
stats: request 48 34.841812499999996 59.835425862546884 252.877 12.352 26.04490769230769 65
stats: connect 18 1.3666111111111112 0.0628040505495633 12.75 0.89 1.7096571428571428 35
stats: page 22 76.09722727272727 142.93074430167277 546.496 13.244 48.47094285714286 35
stats: 302 18 53
stats: 200 30 60
stats: size_rcv 33740 69380
stats: newphase 0 1
stats: size_sent 33073 68851
stats: connected 16 51
# stats: dump at 1575467706
stats: users 70 72
stats: {recvpackets,"tsung_controller@ip-172-31-23-21"} 1 165.0 0.0 165 49 93.66666666666667 3
stats: {sentpackets,"tsung_controller@ip-172-31-23-21"} 1 157.0 0.0 157 56 95.33333333333333 3
stats: {cpu,"tsung_controller@ip-172-31-23-21"} 1 0.3009027081243731 0.0 1.7030965938068126 0.0 0.5758743488525047 4
stats: {load,"tsung_controller@ip-172-31-23-21"} 1 0.0 0.0 0.0 0.0 0.0 4
stats: {freemem,"tsung_controller@ip-172-31-23-21"} 1 3515.04296875 0.0 3516.6953125 3515.04296875 3516.2861328125 4
stats: session 6 35608.79816666667 90.8306925042709 35773.298 35518.284 35591.91 2
stats: users_count 24 78
stats: finish_users_count 6 8
stats: request 83 51.251879518072286 79.02120877553652 334.848 11.709 29.78164601769911 113
stats: connect 24 1.330791666666667 0.1797034546056982 12.75 0.89 1.5931509433962263 53
stats: page 39 109.15948717948716 189.22977042194535 628.16 11.709 59.133719298245616 57
stats: 302 24 77
stats: 200 59 119
stats: size_rcv 65830 135210
stats: newphase 1 2
stats: size_sent 63434 132285
stats: connected 18 69
# stats: dump at 1575467716
stats: users 93 93
stats: {recvpackets,"tsung_controller@ip-172-31-23-21"} 1 336.0 0.0 336 49 111.5 4
stats: {sentpackets,"tsung_controller@ip-172-31-23-21"} 1 300.0 0.0 300 56 110.75 4
stats: {cpu,"tsung_controller@ip-172-31-23-21"} 1 0.6012024048096193 0.0 1.7030965938068126 0.0 0.5208800207068783 5
stats: {load,"tsung_controller@ip-172-31-23-21"} 1 0.0 0.0 0.0 0.0 0.0 5
stats: {freemem,"tsung_controller@ip-172-31-23-21"} 1 3512.75390625 0.0 3516.6953125 3512.75390625 3516.0375 5
stats: session 5 35585.5044 55.3813471363782 35773.298 35518.284 35604.576125 8
stats: users_count 28 106
stats: finish_users_count 5 13
stats: request 85 44.28797647058821 74.46332153751568 334.848 10.723 38.87363265306122 196
stats: connect 27 1.3688888888888888 0.40106417084526813 12.75 0.858 1.5113766233766235 77
stats: page 41 91.89021951219512 168.5232769749225 628.16 11.709 79.4566875 96
stats: 302 27 104
stats: 200 58 177
stats: size_rcv 65228 200438
stats: newphase 0 2
stats: size_sent 62742 195027
stats: connected 22 91
# stats: dump at 1575467726
stats: users 116 117
stats: {recvpackets,"tsung_controller@ip-172-31-23-21"} 1 344.0 0.0 344 49 156.4 5
stats: {sentpackets,"tsung_controller@ip-172-31-23-21"} 1 317.0 0.0 317 56 148.6 5
stats: {cpu,"tsung_controller@ip-172-31-23-21"} 1 0.7007007007007007 0.0 1.7030965938068126 0.0 0.5342670847240019 6
stats: {load,"tsung_controller@ip-172-31-23-21"} 1 0.0 0.0 0.0 0.0 0.0 6
stats: {freemem,"tsung_controller@ip-172-31-23-21"} 1 3510.82421875 0.0 3516.6953125 3510.82421875 3515.490234375 6
stats: session 12 35558.698 49.215678475800246 35773.298 35500.365 35597.24084615384 13
stats: users_count 35 141
stats: finish_users_count 12 25
stats: request 134 52.44589552238805 80.1201916297949 334.848 10.723 40.51142348754448 281
stats: connect 35 1.4679714285714287 1.3899235638945717 12.75 0.858 1.4743846153846154 104
stats: page 55 127.56556363636368 196.36045979971382 628.16 11.706 83.17767153284672 137
stats: 302 35 139
stats: 200 99 276
stats: size_rcv 108298 308736
stats: newphase 1 3
stats: size_sent 107299 302326
stats: connected 18 109
# stats: dump at 1575467736
stats: users 137 140
stats: {recvpackets,"tsung_controller@ip-172-31-23-21"} 1 517.0 0.0 517 49 187.66666666666666 6
stats: {sentpackets,"tsung_controller@ip-172-31-23-21"} 1 457.0 0.0 457 56 176.66666666666666 6
stats: {cpu,"tsung_controller@ip-172-31-23-21"} 1 0.9018036072144289 0.0 1.7030965938068126 0.0 0.558043315577816 7
stats: {load,"tsung_controller@ip-172-31-23-21"} 1 0.0 0.0 0.0 0.0 0.0 7
stats: {freemem,"tsung_controller@ip-172-31-23-21"} 1 3508.14453125 0.0 3516.6953125 3508.14453125 3514.823660714286 7
stats: session 14 35551.26235714286 48.74260340020249 35773.298 35493.32 35578.74028 25
stats: users_count 35 176
stats: finish_users_count 14 39
stats: request 163 54.41420245398773 79.86622017555852 334.848 10.723 44.36496385542168 415
stats: connect 45 1.3409999999999997 0.6106421392454194 12.75 0.858 1.4727697841726621 139
stats: page 71 118.57994366197183 188.3510414697228 628.16 11.313 95.89295312500002 192
stats: 302 36 175
stats: 200 127 403
stats: size_rcv 145073 453809
stats: newphase 0 3
stats: size_sent 136005 438331
stats: connected 27 136
# stats: dump at 1575467746
stats: users 169 171
stats: {recvpackets,"tsung_controller@ip-172-31-23-21"} 1 691.0 0.0 691 49 234.71428571428572 7
stats: {sentpackets,"tsung_controller@ip-172-31-23-21"} 1 598.0 0.0 598 56 216.71428571428572 7
stats: {cpu,"tsung_controller@ip-172-31-23-21"} 1 0.8048289738430584 0.0 1.7030965938068126 0.0 0.6010133520323926 8
stats: {load,"tsung_controller@ip-172-31-23-21"} 1 0.0 0.0 0.0 0.0 0.0 8
stats: {freemem,"tsung_controller@ip-172-31-23-21"} 1 3507.15234375 0.0 3516.6953125 3507.15234375 3513.98876953125 8
stats: session 21 52761.15138095237 21907.661372906176 80795.115 35493.32 35568.87641025642 39
stats: users_count 53 229
stats: finish_users_count 21 60
stats: request 243 57.72811111111111 85.791447808066 351.038 8.94 47.1989186851211 578
stats: connect 55 1.2184545454545452 0.18359350534975782 12.75 0.858 1.4405434782608695 184
stats: page 93 152.7209892473118 210.9691646637853 628.16 11.313 102.01757794676807 263
stats: 302 61 236
stats: 200 182 585
stats: size_rcv 206699 660508
stats: newphase 1 4
stats: size_sent 199672 638003
stats: connected 31 167
# stats: dump at 1575467756
stats: users 198 198
stats: {recvpackets,"tsung_controller@ip-172-31-23-21"} 1 921.0 0.0 921 49 291.75 8
stats: {sentpackets,"tsung_controller@ip-172-31-23-21"} 1 770.0 0.0 770 56 264.375 8
stats: {cpu,"tsung_controller@ip-172-31-23-21"} 1 1.0060362173038229 0.0 1.7030965938068126 0.0 0.6236595322335776 9
stats: {load,"tsung_controller@ip-172-31-23-21"} 1 0.0 0.0 0.0 0.0 0.0 9
stats: {freemem,"tsung_controller@ip-172-31-23-21"} 1 3504.83203125 0.0 3516.6953125 3504.83203125 3513.2291666666665 9
stats: session 14 45269.58757142858 18502.277665509286 80795.115 35493.32 41586.17265 60
stats: users_count 43 272
stats: finish_users_count 14 74
stats: request 169 60.677106508875745 94.05451584180942 373.33 8.94 50.3153544457978 821
stats: connect 47 1.2592127659574466 0.2897798090091349 12.75 0.858 1.3894351464435146 239
stats: page 80 132.07971249999997 218.8220795618094 756.683 11.313 115.26313202247192 356
stats: 302 46 282
stats: 200 123 708
stats: size_rcv 142374 802882
stats: newphase 0 4
stats: size_sent 134745 772748
stats: connected 27 194
# stats: dump at 1575467766
stats: users 232 233
stats: {recvpackets,"tsung_controller@ip-172-31-23-21"} 1 618.0 0.0 921 49 361.6666666666667 9
stats: {sentpackets,"tsung_controller@ip-172-31-23-21"} 1 554.0 0.0 770 56 320.55555555555554 9
stats: {cpu,"tsung_controller@ip-172-31-23-21"} 1 0.8040201005025126 0.0 1.7030965938068126 0.0 0.6618972007406022 10
stats: {load,"tsung_controller@ip-172-31-23-21"} 1 0.0 0.0 0.0 0.0 0.0 10
stats: {freemem,"tsung_controller@ip-172-31-23-21"} 1 3504.38671875 0.0 3516.6953125 3504.38671875 3512.389453125 10
stats: session 22 43830.62877272727 17339.174537993866 80795.115 35493.32 42283.03493243244 74
stats: users_count 56 328
stats: finish_users_count 22 96
stats: request 244 65.4269918032787 99.92545673626293 424.132 8.94 52.084178787878784 990
stats: connect 66 1.3415454545454546 0.3110448268297042 12.75 0.858 1.368034965034965 286
stats: page 106 147.5021886792452 233.7594821845539 762.693 9.942 118.34874311926605 436
stats: 302 61 343
stats: 200 183 891
stats: size_rcv 211215 1014097
stats: newphase 1 5
stats: size_sent 201221 973969
stats: connected 32 226
# stats: dump at 1575467776
stats: users 271 271
stats: {recvpackets,"tsung_controller@ip-172-31-23-21"} 1 1045.0 0.0 1045 49 387.3 10
stats: {sentpackets,"tsung_controller@ip-172-31-23-21"} 1 884.0 0.0 884 56 343.9 10
stats: {cpu,"tsung_controller@ip-172-31-23-21"} 1 1.7051153460381143 0.0 1.7051153460381143 0.0 0.6748174643553213 11
stats: {load,"tsung_controller@ip-172-31-23-21"} 1 0.0 0.0 0.0 0.0 0.0 11
stats: {freemem,"tsung_controller@ip-172-31-23-21"} 1 3503.3515625 0.0 3516.6953125 3503.3515625 3511.661931818182 11
stats: session 30 47655.92366666666 19911.792464244856 80817.756 35493.32 42637.691854166675 96
stats: users_count 69 397
stats: finish_users_count 30 126
stats: request 308 69.04475974025978 102.62318458172851 424.132 8.345 54.7224659643436 1234
stats: connect 76 1.2528947368421055 0.3140723005492511 12.75 0.858 1.3630681818181818 352
stats: page 127 170.1000629921259 245.5214717884393 800.183 9.942 124.05033948339481 542
stats: 302 75 418
stats: 200 233 1124
stats: size_rcv 268557 1282654
stats: newphase 0 5
stats: size_sent 256707 1230676
stats: connected 36 262
# stats: dump at 1575467786
stats: users 291 291
stats: {recvpackets,"tsung_controller@ip-172-31-23-21"} 1 1222.0 0.0 1222 49 447.09090909090907 11
stats: {sentpackets,"tsung_controller@ip-172-31-23-21"} 1 1033.0 0.0 1033 56 393.0 11
stats: {cpu,"tsung_controller@ip-172-31-23-21"} 1 1.4098690835850958 0.0 1.7051153460381143 0.0 0.7606756211622208 12
stats: {load,"tsung_controller@ip-172-31-23-21"} 1 0.0 0.0 0.0 0.0 0.0 12
stats: {freemem,"tsung_controller@ip-172-31-23-21"} 1 3498.296875 0.0 3516.6953125 3498.296875 3510.9694010416665 12
stats: session 36 49458.72036111111 20765.81176644856 81149.575 35493.32 43832.50895238096 126
stats: users_count 56 453
stats: finish_users_count 36 162
stats: request 335 79.76818507462687 118.37698122796662 515.944 7.709 57.58320946822309 1542
stats: connect 69 1.4324927536231888 1.157203896745574 12.75 0.858 1.3435046728971962 428
stats: page 132 202.64229545454538 282.72052712879 1077.519 9.942 132.79221524663672 669
stats: 302 66 484
stats: 200 269 1393
stats: size_rcv 310200 1592854
stats: newphase 1 6
stats: size_sent 290916 1521592
stats: connected 17 279
# stats: dump at 1575467796
stats: users 334 336
stats: {recvpackets,"tsung_controller@ip-172-31-23-21"} 1 1332.0 0.0 1332 49 511.6666666666667 12
stats: {sentpackets,"tsung_controller@ip-172-31-23-21"} 1 1111.0 0.0 1111 56 446.3333333333333 12
stats: {cpu,"tsung_controller@ip-172-31-23-21"} 1 2.106318956870612 0.0 2.106318956870612 0.0 0.8106135798101342 13
stats: {load,"tsung_controller@ip-172-31-23-21"} 1 0.0 0.0 0.0 0.0 0.0 13
stats: {freemem,"tsung_controller@ip-172-31-23-21"} 1 3497.0234375 0.0 3516.6953125 3497.0234375 3509.994591346154 13
stats: session 40 48110.637350000005 20112.711797965017 81149.575 35493.32 45082.77815432099 162
stats: users_count 83 536
stats: finish_users_count 40 202
stats: request 417 75.9505803357314 115.97408048819729 515.944 7.709 61.54270165157166 1877
stats: connect 101 1.2316732673267325 0.18755034222715408 12.75 0.858 1.3558591549295773 497
stats: page 172 173.57229651162788 269.4018380743035 1077.519 9.942 144.3030898876404 801
stats: 302 98 582
stats: 200 319 1712
stats: size_rcv 369597 1962451
stats: newphase 0 6
stats: size_sent 356217 1877809
stats: connected 47 326
# stats: dump at 1575467806
stats: users 378 378
stats: {recvpackets,"tsung_controller@ip-172-31-23-21"} 1 1731.0 0.0 1731 49 574.7692307692307 13
stats: {sentpackets,"tsung_controller@ip-172-31-23-21"} 1 1444.0 0.0 1444 56 497.46153846153845 13
stats: {cpu,"tsung_controller@ip-172-31-23-21"} 1 2.6052104208416833 0.0 2.6052104208416833 0.0 0.9031639638858826 14
stats: {load,"tsung_controller@ip-172-31-23-21"} 1 0.0 0.0 0.0 0.0 0.0 14
stats: {freemem,"tsung_controller@ip-172-31-23-21"} 1 3491.1015625 0.0 3516.6953125 3491.1015625 3509.0680803571427 14
stats: session 51 50009.237647058806 20914.979012484953 81496.525 35493.32 45682.35423267328 202
stats: users_count 95 631
stats: finish_users_count 51 253
stats: request 501 101.93925548902195 145.17590054149665 670.257 7.709 64.16174498692241 2294
stats: connect 114 1.2729122807017528 0.5458126656551084 12.75 0.858 1.3348846153846152 598
stats: page 201 260.64724875621897 360.34448771911303 1420.469 9.942 149.47709146968137 973
stats: 302 110 692
stats: 200 391 2103
stats: size_rcv 452373 2414824
stats: newphase 1 7
stats: size_sent 431119 2308928
stats: connected 39 365
# stats: dump at 1575467816
stats: users 441 441
stats: {recvpackets,"tsung_controller@ip-172-31-23-21"} 1 2132.0 0.0 2132 49 657.3571428571429 14
stats: {sentpackets,"tsung_controller@ip-172-31-23-21"} 1 1725.0 0.0 1725 56 565.0714285714286 14
stats: {cpu,"tsung_controller@ip-172-31-23-21"} 1 2.224469160768453 0.0 2.6052104208416833 0.0 1.016633727682936 15
stats: {load,"tsung_controller@ip-172-31-23-21"} 1 0.0 0.0 0.0 0.0 0.0 15
stats: {freemem,"tsung_controller@ip-172-31-23-21"} 1 3487.93359375 0.0 3516.6953125 3487.93359375 3507.8703125 15
stats: session 47 55035.38161702128 22203.549735175533 81496.525 35493.32 46554.57183794467 253
stats: users_count 110 741
stats: finish_users_count 47 300
stats: request 517 89.13548742746606 139.91025192257712 734.705 7.709 70.93331305903398 2795
stats: connect 140 1.2815928571428576 0.6268755731679885 12.75 0.854 1.324962078651685 712
stats: page 214 216.50626168224318 335.0649412444077 1420.469 9.942 168.51048296422485 1174
stats: 302 129 821
stats: 200 388 2491
stats: size_rcv 461317 2876141
stats: newphase 0 7
stats: size_sent 426980 2735908
stats: connected 67 432
# stats: dump at 1575467826
stats: users 513 513
stats: {recvpackets,"tsung_controller@ip-172-31-23-21"} 1 1978.0 0.0 2132 49 755.6666666666666 15
stats: {sentpackets,"tsung_controller@ip-172-31-23-21"} 1 1671.0 0.0 1725 56 642.4 15
stats: {cpu,"tsung_controller@ip-172-31-23-21"} 1 2.7135678391959797 0.0 2.7135678391959797 0.0 1.0921234422507808 16
stats: {load,"tsung_controller@ip-172-31-23-21"} 1 0.0 0.0 0.0 0.0 0.0 16
stats: {freemem,"tsung_controller@ip-172-31-23-21"} 1 3487.0 0.0 3516.6953125 3487.0 3506.624267578125 16
stats: session 52 56403.018346153855 22402.31709235227 82933.649 35493.32 47883.23203666667 300
stats: users_count 124 865
stats: finish_users_count 52 352
stats: request 598 263.9513712374579 231.1036507214137 1003.905 7.709 73.77465489130432 3312
stats: connect 140 1.3437857142857141 0.5597135464517834 12.75 0.845 1.3178356807511735 852
stats: page 225 595.5534355555552 652.6249100612332 2853.369 9.942 175.9104085014409 1388
stats: 302 150 971
stats: 200 448 2939
stats: size_rcv 517597 3393738
stats: newphase 1 8
stats: size_sent 530120 3266028
stats: connected 70 502
# stats: dump at 1575467836
stats: users 607 607
stats: {recvpackets,"tsung_controller@ip-172-31-23-21"} 1 2684.0 0.0 2684 49 832.0625 16
stats: {sentpackets,"tsung_controller@ip-172-31-23-21"} 1 2165.0 0.0 2165 56 706.6875 16
stats: {cpu,"tsung_controller@ip-172-31-23-21"} 1 3.911735205616851 0.0 3.911735205616851 0.0 1.187502524424028 17
stats: {load,"tsung_controller@ip-172-31-23-21"} 1 0.0 0.0 0.0 0.0 0.0 17
stats: {freemem,"tsung_controller@ip-172-31-23-21"} 1 3478.90625 0.0 3516.6953125 3478.90625 3505.469898897059 17
stats: session 68 51371.554455882346 21170.130198480103 83116.377 35493.32 49141.83683238637 352
stats: users_count 162 1027
stats: finish_users_count 68 420
stats: request 712 191.27455617977523 223.6690478058886 1079.748 7.709 102.86050562659841 3910
stats: connect 185 1.3719027027027029 1.514686049440964 13.713 0.845 1.3214979838709675 992
stats: page 310 504.4305387096771 725.6751917691131 3042.034 9.942 234.44709857408552 1613
stats: 302 182 1153
stats: 200 530 3469
stats: size_rcv 615570 4009308
stats: newphase 0 8
stats: size_sent 565083 3831111
stats: connected 88 590
# stats: dump at 1575467846
stats: users 690 690
stats: {recvpackets,"tsung_controller@ip-172-31-23-21"} 1 3099.0 0.0 3099 49 941.0 17
stats: {sentpackets,"tsung_controller@ip-172-31-23-21"} 1 2575.0 0.0 2575 56 792.4705882352941 17
stats: {cpu,"tsung_controller@ip-172-31-23-21"} 1 5.72289156626506 0.0 5.72289156626506 0.0 1.3388487844902959 18
stats: {load,"tsung_controller@ip-172-31-23-21"} 1 0.0 0.0 0.0 0.0 0.0 18
stats: {freemem,"tsung_controller@ip-172-31-23-21"} 1 3476.92578125 0.0 3516.6953125 3476.92578125 3503.994140625 18
stats: session 69 51781.659478260866 21305.923158036763 83116.377 35493.32 49502.83873333333 420
stats: users_count 152 1179
stats: finish_users_count 69 489
stats: request 723 258.7045781466114 199.79705165830958 1079.748 7.709 116.48032475118991 4622
stats: connect 186 1.306521505376344 1.3069337018955558 13.713 0.732 1.3294205607476632 1177
stats: page 302 608.4234470198667 635.5286584400825 3042.034 9.942 277.9701700468018 1923
stats: 302 177 1330
stats: 200 546 4015
stats: size_rcv 637146 4646454
stats: newphase 1 9
stats: size_sent 611685 4442796
stats: connected 87 677
# stats: dump at 1575467856
stats: users 821 821
stats: {recvpackets,"tsung_controller@ip-172-31-23-21"} 1 3120.0 0.0 3120 49 1060.888888888889 18
stats: {sentpackets,"tsung_controller@ip-172-31-23-21"} 1 2441.0 0.0 2575 56 891.5 18
stats: {cpu,"tsung_controller@ip-172-31-23-21"} 1 3.326612903225806 0.0 5.72289156626506 0.0 1.5695878782679151 19
stats: {load,"tsung_controller@ip-172-31-23-21"} 1 0.0 0.0 0.0 0.0 0.0 19
stats: {freemem,"tsung_controller@ip-172-31-23-21"} 1 3467.328125 0.0 3516.6953125 3467.328125 3502.5694901315787 19
stats: session 65 55926.2853230769 22176.104688021547 84173.47 35493.32 49824.39012678937 489
stats: users_count 196 1375
stats: finish_users_count 65 554
stats: request 790 458.99984177215197 242.71318350161826 1400.06 7.709 135.71851655753036 5345
stats: connect 226 1.0838008849557514 0.44678492598532504 13.713 0.732 1.3262956713132792 1363
stats: page 332 1059.9793644578315 937.9040436257307 3940.51 9.942 322.82270471910095 2225
stats: 302 219 1549
stats: 200 571 4586
stats: size_rcv 670053 5316507
stats: newphase 0 9
stats: size_sent 654944 5097740
stats: connected 123 800
# stats: dump at 1575467866
stats: users 966 966
stats: {recvpackets,"tsung_controller@ip-172-31-23-21"} 1 3560.0 0.0 3560 49 1169.2631578947369 19
stats: {sentpackets,"tsung_controller@ip-172-31-23-21"} 1 2825.0 0.0 2825 56 973.0526315789474 19
stats: {cpu,"tsung_controller@ip-172-31-23-21"} 1 4.133064516129032 0.0 5.72289156626506 0.0 1.6574391295158097 20
stats: {load,"tsung_controller@ip-172-31-23-21"} 1 0.0 0.0 0.0 0.0 0.0 20
stats: {freemem,"tsung_controller@ip-172-31-23-21"} 1 3460.44921875 0.0 3516.6953125 3460.44921875 3500.807421875 20
stats: session 61 53447.92180327869 20237.44040356468 86877.201 35493.32 50540.31645848376 554
stats: users_count 206 1581
stats: finish_users_count 61 615
stats: request 868 951.8486175115199 597.6983906070461 2746.578 0.527 177.34724466177667 6135
stats: connect 247 1.1697408906882594 0.8742169276021194 13.713 0.732 1.2918061674008807 1589
stats: page 357 1778.7115126050417 1549.3371090885391 6569.34 0.599 418.5348717246772 2557
stats: 302 199 1748
stats: 200 585 5171
stats: size_rcv 709705 6026212
stats: newphase 1 10
stats: 502 84 84
stats: size_sent 783294 5881034
stats: connected 152 952
# stats: dump at 1575467876
stats: users 1077 1077
stats: {recvpackets,"tsung_controller@ip-172-31-23-21"} 1 3648.0 0.0 3648 49 1288.8 20
stats: {sentpackets,"tsung_controller@ip-172-31-23-21"} 1 3055.0 0.0 3055 56 1065.65 20
stats: {cpu,"tsung_controller@ip-172-31-23-21"} 1 3.560528992878942 0.0 5.72289156626506 0.0 1.775326052687868 21
stats: {load,"tsung_controller@ip-172-31-23-21"} 1 0.0 0.0 0.0 0.0 0.0 21
stats: {freemem,"tsung_controller@ip-172-31-23-21"} 1 3436.87890625 0.0 3516.6953125 3436.87890625 3498.8856026785716 21
stats: session 117 54967.48201709402 20472.20185872089 90542.907 35042.604 50828.71308617886 615
stats: users_count 228 1809
stats: finish_users_count 117 732
stats: request 1166 1136.1477795883338 1011.5141497530782 3189.833 0.507 273.3442733114378 7003
stats: connect 275 1.1305636363636367 0.618341593256036 13.713 0.732 1.2753845315904135 1836
stats: page 470 2645.0713787234085 3028.317135003686 10270.128 0.577 585.1728472889498 2914
stats: 302 156 1904
stats: 200 525 5696
stats: size_rcv 757973 6784185
stats: newphase 0 10
stats: 502 483 567
stats: size_sent 924448 6805482
stats: connected 98 1050
stats: 500 2 2
# stats: dump at 1575467886
stats: users 1202 1204
stats: {recvpackets,"tsung_controller@ip-172-31-23-21"} 1 4122.0 0.0 4122 49 1401.142857142857 21
stats: {sentpackets,"tsung_controller@ip-172-31-23-21"} 1 3618.0 0.0 3618 56 1160.3809523809523 21
stats: {cpu,"tsung_controller@ip-172-31-23-21"} 1 4.568527918781726 0.0 5.72289156626506 0.0 1.8564716408783715 22
stats: {load,"tsung_controller@ip-172-31-23-21"} 1 0.0 0.0 0.0 0.0 0.0 22
stats: {freemem,"tsung_controller@ip-172-31-23-21"} 1 3430.37109375 0.0 3516.6953125 3430.37109375 3496.0671164772725 22
stats: session 145 54095.46987586208 21272.046279926275 91971.175 35042.604 51490.2376284153 732
stats: users_count 270 2079
stats: finish_users_count 145 877
stats: request 1440 924.9730472222218 977.4153877260803 3189.833 0.507 396.4962978332716 8169
stats: connect 329 1.4339392097264447 1.8019408253174916 24.562 0.732 1.256518711511132 2111
stats: page 571 2279.2637775831886 3111.38924386981 11049.118 0.559 871.2698655437357 3384
stats: 302 161 2065
stats: 200 533 6229
stats: size_rcv 865478 7649663
stats: newphase 1 11
stats: 502 742 1309
stats: size_sent 1095436 7900918
stats: connected -9 1041
stats: 500 4 6
# stats: dump at 1575467896
stats: users 1338 1339
stats: {recvpackets,"tsung_controller@ip-172-31-23-21"} 1 4991.0 0.0 4991 49 1524.8181818181818 22
stats: {sentpackets,"tsung_controller@ip-172-31-23-21"} 1 4388.0 0.0 4388 56 1272.090909090909 22
stats: {cpu,"tsung_controller@ip-172-31-23-21"} 1 8.375378405650856 0.0 8.375378405650856 0.0 1.9743871312219954 23
stats: {load,"tsung_controller@ip-172-31-23-21"} 1 0.0 0.0 0.0 0.0 0.0 23
stats: {freemem,"tsung_controller@ip-172-31-23-21"} 1 3428.55859375 0.0 3516.6953125 3428.55859375 3493.2107676630435 23
stats: session 137 59279.69104379559 21443.279159797497 93318.752 35042.604 51920.97728164196 877
stats: users_count 273 2352
stats: finish_users_count 137 1014
stats: request 1392 916.1728247126445 1043.312516602497 3189.833 0.507 475.6935628057025 9609
stats: connect 323 1.2458142414860673 0.986259909687412 24.562 0.732 1.2804413934426229 2440
stats: page 536 2216.2691641791066 3280.757912981993 11086.639 0.553 1074.5478740834392 3955
stats: 302 152 2217
stats: 200 463 6692
stats: size_rcv 784877 8434540
stats: newphase 0 11
stats: 502 773 2082
stats: size_sent 1030229 8931147
stats: connected -17 1024
stats: 500 4 10
# stats: dump at 1575467906
stats: users 1274 1371
stats: {recvpackets,"tsung_controller@ip-172-31-23-21"} 1 4830.0 0.0 4991 49 1675.5217391304348 23
stats: {sentpackets,"tsung_controller@ip-172-31-23-21"} 1 4430.0 0.0 4430 56 1407.5652173913043 23
stats: {cpu,"tsung_controller@ip-172-31-23-21"} 1 5.888324873096447 0.0 8.375378405650856 0.0 2.2410951009898645 24
stats: {load,"tsung_controller@ip-172-31-23-21"} 1 0.0 0.0 0.0 0.0 0.0 24
stats: {freemem,"tsung_controller@ip-172-31-23-21"} 1 3427.828125 0.0 3516.6953125 3427.828125 3490.5169270833335 24
stats: session 124 58999.015459677415 21904.795667438717 94797.732 35009.085 52915.20192209072 1014
stats: users_count 60 2412
stats: finish_users_count 124 1138
stats: request 1000 1301.7961819999998 1139.4738285302174 3407.924 0.507 531.4291443505133 11001
stats: connect 201 1.5620398009950238 2.684552995283486 24.562 0.732 1.2763934129569305 2763
stats: page 416 3123.1962956730786 3918.208846266884 12109.844 0.553 1210.81209396571 4491
stats: 302 79 2296
stats: 200 474 7166
stats: size_rcv 732216 9166756
stats: newphase 0 11
stats: 502 420 2502
stats: size_sent 829299 9760446
stats: connected 0 1024
stats: 500 27 37
# stats: dump at 1575467916
stats: users 1074 1371
stats: {recvpackets,"tsung_controller@ip-172-31-23-21"} 1 3143.0 0.0 4991 49 1806.9583333333333 24
stats: {sentpackets,"tsung_controller@ip-172-31-23-21"} 1 2610.0 0.0 4430 56 1533.5 24
stats: {cpu,"tsung_controller@ip-172-31-23-21"} 1 3.3165829145728645 0.0 8.375378405650856 0.0 2.3869842918741275 25
stats: {load,"tsung_controller@ip-172-31-23-21"} 1 0.0 0.0 0.0 0.0 0.0 25
stats: {freemem,"tsung_controller@ip-172-31-23-21"} 1 3427.578125 0.0 3516.6953125 3427.578125 3488.009375 25
stats: session 200 55005.04703499999 21638.662928960057 96474.733 35007.749 53578.11306326889 1138
stats: users_count 0 2412
stats: finish_users_count 200 1338
stats: request 1261 1071.5668699444893 1464.5058917477197 4302.793 0.487 595.6210481626529 12001
stats: connect 69 1.3616521739130434 0.9817696359877138 24.562 0.732 1.2957641700404856 2964
stats: page 414 2723.0414589371962 4362.996023800409 14279.72 0.553 1372.9380014265344 4907
stats: 302 55 2351
stats: 200 371 7537
stats: size_rcv 723409 9890165
stats: newphase 0 11
stats: 502 809 3311
stats: size_sent 1038361 10798807
stats: connected -147 877
stats: 500 26 63
# stats: dump at 1575467926
stats: users 882 1371
stats: {recvpackets,"tsung_controller@ip-172-31-23-21"} 1 3196.0 0.0 4991 49 1860.4 25
stats: {sentpackets,"tsung_controller@ip-172-31-23-21"} 1 2840.0 0.0 4430 56 1576.56 25
stats: {cpu,"tsung_controller@ip-172-31-23-21"} 1 3.3232628398791544 0.0 8.375378405650856 0.0 2.4227380850548483 26
stats: {load,"tsung_controller@ip-172-31-23-21"} 1 0.0 0.0 0.0 0.0 0.0 26
stats: {freemem,"tsung_controller@ip-172-31-23-21"} 1 3413.78125 0.0 3516.6953125 3413.78125 3485.685096153846 26
stats: session 192 62096.318890625 23869.711807163636 99695.053 35007.749 53791.4066315396 1338
stats: users_count 0 2412
stats: finish_users_count 192 1530
stats: request 1190 1135.706427731093 1506.7353568480573 4588.306 0.487 640.8757368421051 13262
stats: connect 89 1.1989999999999998 0.49993761408552584 24.562 0.732 1.297263105835806 3033
stats: page 409 3242.040726161369 5495.431788482034 16036.479 0.553 1477.982698177035 5321
stats: 302 59 2410
stats: 200 358 7895
stats: size_rcv 679752 10569917
stats: newphase 0 11
stats: 502 751 4062
stats: size_sent 984738 11783545
stats: connected -118 759
stats: 500 22 85
# stats: dump at 1575467936
stats: users 693 1371
stats: {recvpackets,"tsung_controller@ip-172-31-23-21"} 1 2966.0 0.0 4991 49 1911.7692307692307 26
stats: {sentpackets,"tsung_controller@ip-172-31-23-21"} 1 2719.0 0.0 4430 56 1625.1538461538462 26
stats: {cpu,"tsung_controller@ip-172-31-23-21"} 1 3.8038038038038042 0.0 8.375378405650856 0.0 2.4560908537520447 27
stats: {load,"tsung_controller@ip-172-31-23-21"} 1 0.0 0.0 0.0 0.0 0.0 27
stats: {freemem,"tsung_controller@ip-172-31-23-21"} 1 3419.94921875 0.0 3516.6953125 3413.78125 3483.021990740741 27
stats: session 189 62026.04640740742 22956.41249941837 99695.053 35007.749 54833.59169934639 1530
stats: users_count 0 2412
stats: finish_users_count 189 1719
stats: request 1116 1235.7629829749117 1563.9160247387065 4588.306 0.487 681.6208601577636 14452
stats: connect 89 1.4472134831460672 1.3158468582722482 24.562 0.732 1.2944618834080714 3122
stats: page 344 3939.0694447674437 6076.869659079942 16612.361 0.553 1603.8988820244335 5730
stats: 302 61 2471
stats: 200 360 8255
stats: size_rcv 635827 11205744
stats: newphase 0 11
stats: 502 683 4745
stats: size_sent 875631 12659176
stats: connected -105 654
stats: 500 12 97
# stats: dump at 1575467946
stats: users 574 1371
stats: {recvpackets,"tsung_controller@ip-172-31-23-21"} 1 2755.0 0.0 4991 49 1950.8148148148148 27
stats: {sentpackets,"tsung_controller@ip-172-31-23-21"} 1 2449.0 0.0 4430 56 1665.6666666666667 27
stats: {cpu,"tsung_controller@ip-172-31-23-21"} 1 3.3232628398791544 0.0 8.375378405650856 0.0 2.504223459111036 28
stats: {load,"tsung_controller@ip-172-31-23-21"} 1 0.0 0.0 0.0 0.0 0.0 28
stats: {freemem,"tsung_controller@ip-172-31-23-21"} 1 3419.73046875 0.0 3516.6953125 3413.78125 3480.7693917410716 28
stats: session 119 72139.59352941175 19594.78973062617 100825.324 35007.749 55624.38514892378 1719
stats: users_count 0 2412
stats: finish_users_count 119 1838
stats: request 711 1977.5829774964834 1714.0100868385605 4588.306 0.487 721.3448201438849 15568
stats: connect 104 1.432490384615385 1.1400160339222654 24.562 0.732 1.298695733416381 3211
stats: page 214 5954.252813084113 6915.7239994026 17681.405 0.553 1736.1508862364183 6074
stats: 302 95 2566
stats: 200 295 8550
stats: size_rcv 468367 11674111
stats: newphase 0 11
stats: 502 300 5045
stats: size_sent 642071 13301247
stats: connected -133 521
stats: 500 21 118
# stats: dump at 1575467956
stats: users 478 1371
stats: {recvpackets,"tsung_controller@ip-172-31-23-21"} 1 2443.0 0.0 4991 49 1979.5357142857142 28
stats: {sentpackets,"tsung_controller@ip-172-31-23-21"} 1 1903.0 0.0 4430 56 1693.642857142857 28
stats: {cpu,"tsung_controller@ip-172-31-23-21"} 1 3.006012024048096 0.0 8.375378405650856 0.0 2.532466196378902 29
stats: {load,"tsung_controller@ip-172-31-23-21"} 1 0.0 0.0 0.0 0.0 0.0 29
stats: {freemem,"tsung_controller@ip-172-31-23-21"} 1 3419.2421875 0.0 3516.6953125 3413.78125 3478.6646012931033 29
stats: session 96 78775.96126041663 21069.508275806456 100825.324 35007.749 56693.650544613694 1838
stats: users_count 0 2412
stats: finish_users_count 96 1934
stats: request 551 2355.85750635209 914.0300258170035 4588.306 0.487 776.2121541249462 16279
stats: connect 139 1.365237410071943 0.8507845941546228 24.562 0.732 1.302893212669683 3315
stats: page 225 7037.312724444448 6574.936795698411 17681.405 0.553 1879.7058818384232 6288
stats: 302 123 2689
stats: 200 313 8863
stats: size_rcv 509528 12183639
stats: newphase 0 11
stats: 502 62 5107
stats: size_sent 403675 13704922
stats: connected -106 415
stats: 500 53 171
# stats: dump at 1575467966
stats: users 353 1371
stats: {recvpackets,"tsung_controller@ip-172-31-23-21"} 1 2595.0 0.0 4991 49 1995.5172413793102 29
stats: {sentpackets,"tsung_controller@ip-172-31-23-21"} 1 1982.0 0.0 4430 56 1700.8620689655172 29
stats: {cpu,"tsung_controller@ip-172-31-23-21"} 1 2.327935222672065 0.0 8.375378405650856 0.0 2.5482510573012083 30
stats: {load,"tsung_controller@ip-172-31-23-21"} 1 0.0 0.0 0.0 0.0 0.0 30
stats: {freemem,"tsung_controller@ip-172-31-23-21"} 1 3419.328125 0.0 3516.6953125 3413.78125 3476.6838541666666 30
stats: session 125 92188.43512 7066.523823821012 102544.371 35007.749 57789.77351706307 1934
stats: users_count 0 2412
stats: finish_users_count 125 2059
stats: request 798 1646.562591478697 1443.7045478456387 4588.306 0.487 827.9284101604279 16830
stats: connect 155 1.5524903225806448 2.286175576379771 24.562 0.732 1.3054021424435436 3454
stats: page 288 4397.85370138889 5566.4898506581185 17681.405 0.553 2057.8820740058354 6513
stats: 302 127 2816
stats: 200 278 9141
stats: size_rcv 537162 12720801
stats: newphase 0 11
stats: 502 340 5447
stats: size_sent 526690 14231612
stats: connected -103 312
stats: 500 53 224
# stats: dump at 1575467976
stats: users 207 1371
stats: {recvpackets,"tsung_controller@ip-172-31-23-21"} 1 2775.0 0.0 4991 49 2015.5 30
stats: {sentpackets,"tsung_controller@ip-172-31-23-21"} 1 2313.0 0.0 4430 56 1710.2333333333333 30
stats: {cpu,"tsung_controller@ip-172-31-23-21"} 1 3.3165829145728645 0.0 8.375378405650856 0.0 2.541144094893817 31
stats: {load,"tsung_controller@ip-172-31-23-21"} 1 0.0 0.0 0.0 0.0 0.0 31
stats: {freemem,"tsung_controller@ip-172-31-23-21"} 1 3420.109375 0.0 3516.6953125 3413.78125 3474.8336693548385 31
stats: session 146 91867.5765890411 9077.01781645219 104325.706 35007.749 59878.08468771247 2059
stats: users_count 0 2412
stats: finish_users_count 146 2205
stats: request 839 1578.4333861740147 1593.1344268169605 4588.306 0.487 864.9870711935558 17628
stats: connect 58 1.2719482758620688 0.8208070549541742 24.562 0.732 1.3160141313383207 3609
stats: page 221 5299.609312217198 6455.9236457355055 17681.405 0.553 2156.972182620204 6801
stats: 302 140 2956
stats: 200 260 9401
stats: size_rcv 476934 13197735
stats: newphase 0 11
stats: 502 417 5864
stats: size_sent 503821 14735433
stats: connected -101 211
stats: 500 22 246
# stats: dump at 1575467986
stats: users 125 1371
stats: {recvpackets,"tsung_controller@ip-172-31-23-21"} 1 2153.0 0.0 4991 49 2040.0 31
stats: {sentpackets,"tsung_controller@ip-172-31-23-21"} 1 1782.0 0.0 4430 56 1729.6774193548388 31
stats: {cpu,"tsung_controller@ip-172-31-23-21"} 1 2.4120603015075375 0.0 8.375378405650856 0.0 2.565376558008787 32
stats: {load,"tsung_controller@ip-172-31-23-21"} 1 0.0 0.0 0.0 0.0 0.0 32
stats: {freemem,"tsung_controller@ip-172-31-23-21"} 1 3420.625 0.0 3516.6953125 3413.78125 3473.12353515625 32
stats: session 82 95524.82691463413 8696.204639591022 106026.57 35007.749 61996.20977505668 2205
stats: users_count 0 2412
stats: finish_users_count 82 2287
stats: request 474 2641.8158945147643 1780.849935413566 5071.798 0.487 897.4006445010018 18467
stats: connect 0 0 0 24.562 0.732 1.3153171529860919 3667
stats: page 88 10571.139852272732 7904.166878846558 18204.25 0.553 2255.8788766733132 7022
stats: 302 122 3078
stats: 200 211 9612
stats: size_rcv 279049 13476784
stats: newphase 0 11
stats: 502 141 6005
stats: size_sent 293353 15028786
stats: connected -85 126
stats: 500 0 246
# stats: dump at 1575467996
stats: users 0 1371
stats: {recvpackets,"tsung_controller@ip-172-31-23-21"} 1 1327.0 0.0 4991 49 2043.53125 32
stats: {sentpackets,"tsung_controller@ip-172-31-23-21"} 1 890.0 0.0 4430 56 1731.3125 32
stats: {cpu,"tsung_controller@ip-172-31-23-21"} 1 1.6 0.0 8.375378405650856 0.0 2.560730610842082 33
stats: {load,"tsung_controller@ip-172-31-23-21"} 1 0.0 0.0 0.0 0.0 0.0 33
stats: {freemem,"tsung_controller@ip-172-31-23-21"} 1 3420.75 0.0 3516.6953125 3413.78125 3471.5326704545455 33
stats: session 125 100876.78936800003 3301.200356317545 106842.93 35007.749 63198.37269829471 2287
stats: users_count 0 2412
stats: finish_users_count 125 2412
stats: request 341 2744.6628563049885 1134.2535037556725 5071.798 0.487 941.0547719761363 18941
stats: connect 0 0 0 24.562 0.732 1.3153171529860919 3667
stats: page 126 15794.279412698412 2767.0301923497814 18328.71 0.553 2358.7963120956406 7110
stats: 302 105 3183
stats: 200 236 9848
stats: size_rcv 274598 13751382
stats: newphase 0 11
stats: 502 0 6005
stats: size_sent 189124 15217910
stats: connected -126 0
stats: 500 0 246
# stats: dump at 1575467999
stats: users 0 1371
stats: {recvpackets,"tsung_controller@ip-172-31-23-21"} 1 1018.0 0.0 4991 49 2021.8181818181818 33
stats: {sentpackets,"tsung_controller@ip-172-31-23-21"} 1 641.0 0.0 4430 56 1705.8181818181818 33
stats: {cpu,"tsung_controller@ip-172-31-23-21"} 1 0.9036144578313252 0.0 8.375378405650856 0.0 2.5324738281702563 34
stats: {load,"tsung_controller@ip-172-31-23-21"} 1 0.0 0.0 0.0 0.0 0.0 34
stats: {freemem,"tsung_controller@ip-172-31-23-21"} 1 3422.328125 0.0 3516.6953125 3413.78125 3470.0390625 34
stats: session 0 0 0 106842.93 35007.749 65151.02696185738 2412
stats: users_count 0 2412
stats: finish_users_count 0 2412
stats: request 0 0 0 5071.798 0.487 972.9513779690902 19282
stats: connect 0 0 0 24.562 0.732 1.3153171529860919 3667
stats: page 0 0 0 18328.71 0.553 2592.747510364843 7236
stats: 302 0 3183
stats: 200 0 9848
stats: size_rcv 0 13751382
stats: newphase 0 11
stats: 502 0 6005
stats: size_sent 0 15217910
stats: connected 0 0
stats: 500 0 246
EndMonitor:{1575,467999,157646}
