# stats: dump at 1575456514
stats: users 5 5
stats: {load,"tsung_controller@ip-172-31-27-7"} 1 0.0 0 0.0 0.0 0 0
stats: {cpu,"tsung_controller@ip-172-31-27-7"} 1 0.8899009802681582 0 0.8899009802681582 0.8899009802681582 0 0
stats: {freemem,"tsung_controller@ip-172-31-27-7"} 1 3515.32421875 0 3515.32421875 3515.32421875 0 0
stats: users_count 5 5
stats: finish_users_count 0 0
stats: request 11 34.55254545454546 28.490996030209068 119.858 14.509 0 0
stats: connect 5 4.8378 7.243497039414042 19.323 1.034 0 0
stats: page 5 76.08120000000001 37.71375593811892 119.858 14.509 0 0
stats: 302 5 5
stats: 200 6 6
stats: size_rcv 6796 6796
stats: size_sent 6785 6785
stats: connected 5 5
# stats: dump at 1575456524
stats: users 15 15
stats: {load,"tsung_controller@ip-172-31-27-7"} 1 0.0 0.0 0.0 0.0 0.0 1
stats: {recvpackets,"tsung_controller@ip-172-31-27-7"} 1 45 0 45 45 0 0
stats: {sentpackets,"tsung_controller@ip-172-31-27-7"} 1 47 0 47 47 0 0
stats: {cpu,"tsung_controller@ip-172-31-27-7"} 1 0.3003003003003003 0.0 0.8899009802681582 0.3003003003003003 0.8899009802681582 1
stats: {freemem,"tsung_controller@ip-172-31-27-7"} 1 3516.08203125 0.0 3516.08203125 3515.32421875 3515.32421875 1
stats: users_count 10 15
stats: finish_users_count 0 0
stats: request 18 19.58822222222222 5.042222146319964 119.858 14.355 34.55254545454546 11
stats: connect 10 1.1713999999999998 0.09392890928782253 19.323 0.928 4.8378 5
stats: page 10 35.299200000000006 23.832067723133047 119.858 14.355 76.08120000000001 5
stats: 302 10 15
stats: 200 8 14
stats: size_rcv 9498 16294
stats: size_sent 9652 16437
stats: connected 10 15
# stats: dump at 1575456534
stats: users 31 31
stats: {load,"tsung_controller@ip-172-31-27-7"} 1 0.0 0.0 0.0 0.0 0.0 2
stats: {recvpackets,"tsung_controller@ip-172-31-27-7"} 1 66.0 0.0 66 45 45.0 1
stats: {sentpackets,"tsung_controller@ip-172-31-27-7"} 1 70.0 0.0 70 47 47.0 1
stats: {cpu,"tsung_controller@ip-172-31-27-7"} 1 0.20020020020020018 0.0 0.8899009802681582 0.20020020020020018 0.5951006402842293 2
stats: {freemem,"tsung_controller@ip-172-31-27-7"} 1 3515.6171875 0.0 3516.08203125 3515.32421875 3515.703125 2
stats: users_count 16 31
stats: finish_users_count 0 0
stats: request 21 17.797714285714292 3.3560139783870473 119.858 13.952 25.264344827586203 29
stats: connect 13 1.1756923076923076 0.0994526440189845 19.323 0.899 2.393533333333333 15
stats: page 13 28.78169230769231 19.068474681383307 119.858 13.952 48.89320000000001 15
stats: 302 13 28
stats: 200 8 22
stats: size_rcv 9891 26185
stats: newphase 1 1
stats: size_sent 10200 26637
stats: connected 13 28
# stats: dump at 1575456544
stats: users 48 48
stats: {load,"tsung_controller@ip-172-31-27-7"} 1 0.0 0.0 0.0 0.0 0.0 3
stats: {recvpackets,"tsung_controller@ip-172-31-27-7"} 1 98.0 0.0 98 45 55.5 2
stats: {sentpackets,"tsung_controller@ip-172-31-27-7"} 1 106.0 0.0 106 47 58.5 2
stats: {cpu,"tsung_controller@ip-172-31-27-7"} 1 0.3996003996003996 0.0 0.8899009802681582 0.20020020020020018 0.46346716025621953 3
stats: {freemem,"tsung_controller@ip-172-31-27-7"} 1 3515.50390625 0.0 3516.08203125 3515.32421875 3515.6744791666665 3
stats: session 1 36120.986 0 36120.986 36120.986 0 0
stats: users_count 18 49
stats: finish_users_count 1 1
stats: request 48 38.607291666666676 85.05603711792948 460.487 13.889 22.12836 50
stats: connect 21 1.2069999999999999 0.1599288532292972 19.323 0.899 1.8281071428571427 28
stats: page 24 77.27541666666666 186.12133074688956 961.408 13.952 39.555714285714295 28
stats: 302 21 49
stats: 200 27 49
stats: size_rcv 31169 57354
stats: newphase 0 1
stats: size_sent 30372 57009
stats: connected 20 48
# stats: dump at 1575456554
stats: users 70 70
stats: {load,"tsung_controller@ip-172-31-27-7"} 1 0.0 0.0 0.0 0.0 0.0 4
stats: {recvpackets,"tsung_controller@ip-172-31-27-7"} 1 190.0 0.0 190 45 69.66666666666667 3
stats: {sentpackets,"tsung_controller@ip-172-31-27-7"} 1 192.0 0.0 192 47 74.33333333333333 3
stats: {cpu,"tsung_controller@ip-172-31-27-7"} 1 0.5988023952095809 0.0 0.8899009802681582 0.20020020020020018 0.44750047009226457 4
stats: {freemem,"tsung_controller@ip-172-31-27-7"} 1 3515.26953125 0.0 3516.08203125 3515.26953125 3515.6318359375 4
stats: session 6 36598.51183333333 580.1030492382131 37312.501 35846.754 36120.986 1
stats: users_count 28 77
stats: finish_users_count 6 7
stats: request 92 137.30414130434784 255.13500720277585 1355.551 13.833 30.19967346938776 98
stats: connect 27 1.1733333333333336 0.12502681193929452 19.323 0.853 1.5619183673469386 49
stats: page 41 307.83414634146334 585.8094435119108 2265.567 13.952 56.964807692307694 52
stats: 302 27 76
stats: 200 65 114
stats: size_rcv 71790 129144
stats: newphase 1 2
stats: size_sent 71021 128030
stats: connected 21 69
# stats: dump at 1575456564
stats: users 92 92
stats: {load,"tsung_controller@ip-172-31-27-7"} 1 0.0 0.0 0.0 0.0 0.0 5
stats: {recvpackets,"tsung_controller@ip-172-31-27-7"} 1 380.0 0.0 380 45 99.75 4
stats: {sentpackets,"tsung_controller@ip-172-31-27-7"} 1 337.0 0.0 337 47 103.75 4
stats: {cpu,"tsung_controller@ip-172-31-27-7"} 1 1.1964107676969093 0.0 1.1964107676969093 0.20020020020020018 0.47776085511572786 5
stats: {freemem,"tsung_controller@ip-172-31-27-7"} 1 3513.35546875 0.0 3516.08203125 3513.35546875 3515.559375 5
stats: session 5 42667.398 7874.473911334852 52581.286 35830.656 36530.29385714286 7
stats: users_count 27 104
stats: finish_users_count 5 12
stats: request 90 148.65376666666666 249.66247742658268 1355.551 8.243 82.06078421052634 190
stats: connect 28 1.1562857142857144 0.12253654182174663 19.323 0.853 1.4238684210526316 76
stats: page 41 297.464512195122 529.876603185884 2265.567 8.243 167.56311827956986 93
stats: 302 29 105
stats: 200 61 175
stats: size_rcv 68452 197596
stats: newphase 0 2
stats: size_sent 73845 201875
stats: connected 23 92
# stats: dump at 1575456574
stats: users 116 119
stats: {load,"tsung_controller@ip-172-31-27-7"} 1 0.0 0.0 0.0 0.0 0.0 6
stats: {recvpackets,"tsung_controller@ip-172-31-27-7"} 1 357.0 0.0 380 45 155.8 5
stats: {sentpackets,"tsung_controller@ip-172-31-27-7"} 1 307.0 0.0 337 47 150.4 5
stats: {cpu,"tsung_controller@ip-172-31-27-7"} 1 0.9940357852882704 0.0 1.1964107676969093 0.20020020020020018 0.5975358405459248 6
stats: {freemem,"tsung_controller@ip-172-31-27-7"} 1 3511.42578125 0.0 3516.08203125 3511.42578125 3515.1920572916665 6
stats: session 13 42442.57776923077 6865.760012757871 53933.084 35830.656 39087.42058333333 12
stats: users_count 37 141
stats: finish_users_count 13 25
stats: request 166 361.65021084337354 472.2309367901179 2413.452 8.243 103.46567142857144 280
stats: connect 37 1.547702702702702 2.0821361284892648 19.323 0.849 1.351826923076923 104
stats: page 70 867.7691999999997 1049.4306736623653 4803.155 8.243 207.3090671641791 134
stats: 302 41 146
stats: 200 125 300
stats: size_rcv 136296 333892
stats: newphase 1 3
stats: size_sent 131362 333237
stats: connected 24 116
# stats: dump at 1575456584
stats: users 141 141
stats: {load,"tsung_controller@ip-172-31-27-7"} 1 0.0 0.0 0.0 0.0 0.0 7
stats: {recvpackets,"tsung_controller@ip-172-31-27-7"} 1 678.0 0.0 678 45 189.33333333333334 6
stats: {sentpackets,"tsung_controller@ip-172-31-27-7"} 1 555.0 0.0 555 47 176.5 6
stats: {cpu,"tsung_controller@ip-172-31-27-7"} 1 1.3972055888223553 0.0 1.3972055888223553 0.20020020020020018 0.6541786897948313 7
stats: {freemem,"tsung_controller@ip-172-31-27-7"} 1 3508.40625 0.0 3516.08203125 3508.40625 3514.6540178571427 7
stats: session 11 41333.926545454546 6118.235913860456 55804.325 35830.656 40832.10232 25
stats: users_count 36 177
stats: finish_users_count 11 36
stats: request 155 587.5923096774196 677.2004743007843 2715.397 8.243 199.56126233183858 446
stats: connect 35 1.1688571428571433 0.19290695652969858 19.323 0.849 1.4032269503546098 141
stats: page 63 1133.8972698412697 1294.9358529001092 5680.389 8.243 433.937544117647 204
stats: 302 37 183
stats: 200 118 418
stats: size_rcv 126969 460861
stats: newphase 0 3
stats: size_sent 140841 474078
stats: connected 24 140
# stats: dump at 1575456594
stats: users 175 175
stats: {load,"tsung_controller@ip-172-31-27-7"} 1 0.0 0.0 0.0 0.0 0.0 8
stats: {recvpackets,"tsung_controller@ip-172-31-27-7"} 1 629.0 0.0 678 45 259.14285714285717 7
stats: {sentpackets,"tsung_controller@ip-172-31-27-7"} 1 513.0 0.0 555 47 230.57142857142858 7
stats: {cpu,"tsung_controller@ip-172-31-27-7"} 1 1.3958125623130608 0.0 1.3972055888223553 0.20020020020020018 0.7470570521732718 8
stats: {freemem,"tsung_controller@ip-172-31-27-7"} 1 3507.08984375 0.0 3516.08203125 3507.08984375 3513.873046875 8
stats: session 10 47636.4073 7618.146338238629 60685.587 35830.656 40985.4375 36
stats: users_count 44 221
stats: finish_users_count 10 46
stats: request 159 1827.5938238993704 863.6652444776119 4095.834 8.243 299.63582529118145 601
stats: connect 44 1.3618181818181823 0.8711360470079824 19.323 0.849 1.356619318181818 176
stats: page 59 3475.9902203389834 2628.9944681546203 11571.697 8.243 599.0965805243445 267
stats: 302 44 227
stats: 200 115 533
stats: size_rcv 125624 586485
stats: newphase 1 4
stats: size_sent 158321 632399
stats: connected 34 174
# stats: dump at 1575456604
stats: users 227 227
stats: {load,"tsung_controller@ip-172-31-27-7"} 1 0.0 0.0 0.0 0.0 0.0 9
stats: {recvpackets,"tsung_controller@ip-172-31-27-7"} 1 843.0 0.0 843 45 305.375 8
stats: {sentpackets,"tsung_controller@ip-172-31-27-7"} 1 764.0 0.0 764 47 265.875 8
stats: {cpu,"tsung_controller@ip-172-31-27-7"} 1 3.7661050545094152 0.0 3.7661050545094152 0.20020020020020018 0.8191409977443596 9
stats: {freemem,"tsung_controller@ip-172-31-27-7"} 1 3500.921875 0.0 3516.08203125 3500.921875 3513.1193576388887 9
stats: session 8 59303.977625 7090.908941031732 64417.638 35830.656 42431.3005 46
stats: users_count 60 281
stats: finish_users_count 8 54
stats: request 156 3017.8369487179475 1014.5955468622536 5360.882 8.243 619.300722368421 760
stats: connect 59 1.4166779661016953 0.7789894026971788 19.323 0.849 1.3576590909090909 220
stats: page 63 5138.936634920637 3503.365353025647 14058.699 8.243 1119.7613803680981 326
stats: 302 52 279
stats: 200 104 637
stats: size_rcv 106884 693369
stats: newphase 0 4
stats: size_sent 149782 782181
stats: connected 51 225
# stats: dump at 1575456614
stats: users 267 267
stats: {load,"tsung_controller@ip-172-31-27-7"} 1 0.0 0.0 0.0 0.0 0.0 10
stats: {recvpackets,"tsung_controller@ip-172-31-27-7"} 1 796.0 0.0 843 45 365.1111111111111 9
stats: {sentpackets,"tsung_controller@ip-172-31-27-7"} 1 666.0 0.0 764 47 321.22222222222223 9
stats: {cpu,"tsung_controller@ip-172-31-27-7"} 1 2.371541501976284 0.0 3.7661050545094152 0.20020020020020018 1.1138374034208651 10
stats: {freemem,"tsung_controller@ip-172-31-27-7"} 1 3493.43359375 0.0 3516.08203125 3493.43359375 3511.899609375 10
stats: session 13 58873.70169230769 6613.053962821512 68261.152 35830.656 44930.95637037037 54
stats: users_count 53 334
stats: finish_users_count 13 67
stats: request 201 3865.053791044774 1605.2818692687622 7652.132 8.243 1027.785057860262 916
stats: connect 53 1.0822452830188678 0.13061738820077357 19.323 0.793 1.3701397849462367 279
stats: page 97 6918.407298969071 4873.174164678644 18497.72 8.243 1770.6817943444732 389
stats: 302 57 336
stats: 200 134 771
stats: size_rcv 166307 859676
stats: newphase 1 5
stats: size_sent 181705 963886
stats: connected 40 265
stats: 500 10 10
# stats: dump at 1575456624
stats: users 321 321
stats: {load,"tsung_controller@ip-172-31-27-7"} 1 0.0 0.0 0.0 0.0 0.0 11
stats: {recvpackets,"tsung_controller@ip-172-31-27-7"} 1 902.0 0.0 902 45 408.2 10
stats: {sentpackets,"tsung_controller@ip-172-31-27-7"} 1 748.0 0.0 764 47 355.7 10
stats: {cpu,"tsung_controller@ip-172-31-27-7"} 1 1.8905472636815919 0.0 3.7661050545094152 0.20020020020020018 1.2281741396531758 11
stats: {freemem,"tsung_controller@ip-172-31-27-7"} 1 3491.546875 0.0 3516.08203125 3491.546875 3510.220880681818 11
stats: session 13 61803.38176923078 7265.296418207451 76174.441 35830.656 47636.2651641791 67
stats: users_count 67 401
stats: finish_users_count 13 80
stats: request 201 5243.490686567162 1137.6904132046122 8478.837 8.243 1538.3410250671438 1117
stats: connect 68 1.1262500000000006 0.2746360894304445 19.323 0.793 1.3241807228915663 332
stats: page 85 8069.1093294117545 5614.19814334275 24251.507 8.243 2798.108489711934 486
stats: 302 69 405
stats: 200 119 890
stats: size_rcv 152924 1012600
stats: newphase 0 5
stats: size_sent 188191 1152077
stats: connected 55 320
stats: 500 13 23
# stats: dump at 1575456634
stats: users 368 370
stats: {load,"tsung_controller@ip-172-31-27-7"} 1 0.0 0.0 0.0 0.0 0.0 12
stats: {recvpackets,"tsung_controller@ip-172-31-27-7"} 1 869.0 0.0 902 45 453.09090909090907 11
stats: {sentpackets,"tsung_controller@ip-172-31-27-7"} 1 747.0 0.0 764 47 391.3636363636364 11
stats: {cpu,"tsung_controller@ip-172-31-27-7"} 1 2.472799208704253 0.0 3.7661050545094152 0.20020020020020018 1.2833718999888772 12
stats: {freemem,"tsung_controller@ip-172-31-27-7"} 1 3482.5 0.0 3516.08203125 3482.5 3508.6647135416665 12
stats: session 13 65375.92323076923 9232.968476939534 77529.614 35830.656 49938.421612499995 80
stats: users_count 60 461
stats: finish_users_count 13 93
stats: request 225 5130.991577777776 3091.4437845892285 9968.753 0.514 2103.3904044006067 1318
stats: connect 58 1.2249827586206892 1.1361226635356265 19.323 0.793 1.2905324999999999 400
stats: page 86 8824.595697674422 7146.619919726147 25977.372 0.583 3582.7583520140092 571
stats: 302 53 458
stats: 200 116 1006
stats: size_rcv 148844 1161444
stats: newphase 1 6
stats: 502 51 51
stats: size_sent 200841 1352918
stats: connected 47 367
stats: 500 5 28
# stats: dump at 1575456644
stats: users 403 403
stats: {load,"tsung_controller@ip-172-31-27-7"} 1 0.0 0.0 0.0 0.0 0.0 13
stats: {recvpackets,"tsung_controller@ip-172-31-27-7"} 1 810.0 0.0 902 45 487.75 12
stats: {sentpackets,"tsung_controller@ip-172-31-27-7"} 1 724.0 0.0 764 47 421.0 12
stats: {cpu,"tsung_controller@ip-172-31-27-7"} 1 1.4970059880239521 0.0 3.7661050545094152 0.20020020020020018 1.3748663083515984 13
stats: {freemem,"tsung_controller@ip-172-31-27-7"} 1 3476.48828125 0.0 3516.08203125 3476.48828125 3506.652043269231 13
stats: session 35 66025.29282857143 15703.04600064242 87894.045 35830.656 52096.35194623656 93
stats: users_count 70 531
stats: finish_users_count 35 128
stats: request 390 5436.4650051282015 5271.78379587099 13025.996 0.514 2544.8746973428383 1543
stats: connect 70 1.072571428571428 0.10940626404482005 19.323 0.793 1.2822314410480349 458
stats: page 162 10080.42002469136 10339.966563819677 37593.531 0.583 4268.904488584474 657
stats: 302 60 518
stats: 200 128 1134
stats: size_rcv 226611 1388055
stats: newphase 0 6
stats: 502 187 238
stats: size_sent 302026 1654944
stats: connected 34 401
stats: 500 15 43
# stats: dump at 1575456654
stats: users 439 439
stats: {load,"tsung_controller@ip-172-31-27-7"} 1 0.0 0.0 0.0 0.0 0.0 14
stats: {recvpackets,"tsung_controller@ip-172-31-27-7"} 1 1151.0 0.0 1151 45 512.5384615384615 13
stats: {sentpackets,"tsung_controller@ip-172-31-27-7"} 1 1047.0 0.0 1047 47 444.3076923076923 13
stats: {cpu,"tsung_controller@ip-172-31-27-7"} 1 2.4801587301587302 0.0 3.7661050545094152 0.20020020020020018 1.3835905711853382 14
stats: {freemem,"tsung_controller@ip-172-31-27-7"} 1 3464.890625 0.0 3516.08203125 3464.890625 3504.497488839286 14
stats: session 37 62110.93097297296 17015.03142036446 93703.308 35830.656 55905.046718749996 128
stats: users_count 73 604
stats: finish_users_count 37 165
stats: request 402 4501.742470149253 5093.3470734029115 13295.765 0.506 3128.278846352818 1933
stats: connect 75 1.0558533333333335 0.12867081444091696 19.323 0.793 1.254435606060606 528
stats: page 174 9354.783798850582 12309.511615745276 41400.809 0.575 5418.435034188034 819
stats: 302 44 562
stats: 200 124 1258
stats: size_rcv 219531 1607586
stats: newphase 1 7
stats: 502 224 462
stats: size_sent 314616 1969560
stats: connected 37 438
stats: 500 10 53
# stats: dump at 1575456664
stats: users 480 480
stats: {load,"tsung_controller@ip-172-31-27-7"} 1 0.0 0.0 0.0 0.0 0.0 15
stats: {recvpackets,"tsung_controller@ip-172-31-27-7"} 1 1158.0 0.0 1158 45 558.1428571428571 14
stats: {sentpackets,"tsung_controller@ip-172-31-27-7"} 1 1114.0 0.0 1114 47 487.35714285714283 14
stats: {cpu,"tsung_controller@ip-172-31-27-7"} 1 1.8962075848303395 0.0 3.7661050545094152 0.20020020020020018 1.4566951151168976 15
stats: {freemem,"tsung_controller@ip-172-31-27-7"} 1 3459.4140625 0.0 3516.08203125 3459.4140625 3501.85703125 15
stats: session 51 60573.313901960806 17626.868786545416 101289.129 35830.656 57296.669248484846 165
stats: users_count 92 696
stats: finish_users_count 51 216
stats: request 481 3091.3987484407508 5114.09086654792 14362.231 0.495 3364.7381083511764 2335
stats: connect 92 1.2300543478260875 0.8493959793023568 19.323 0.793 1.2297363184079602 603
stats: page 174 7301.1359999999995 12120.025054929922 46200.225 0.575 6108.187989929507 993
stats: 302 24 586
stats: 200 96 1354
stats: size_rcv 231286 1838872
stats: newphase 0 7
stats: 502 350 812
stats: size_sent 341711 2311271
stats: connected 41 479
stats: 500 11 64
# stats: dump at 1575456674
stats: users 500 516
stats: {load,"tsung_controller@ip-172-31-27-7"} 1 0.0 0.0 0.0 0.0 0.0 16
stats: {recvpackets,"tsung_controller@ip-172-31-27-7"} 1 1241.0 0.0 1241 45 598.1333333333333 15
stats: {sentpackets,"tsung_controller@ip-172-31-27-7"} 1 1332.0 0.0 1332 47 529.1333333333333 15
stats: {cpu,"tsung_controller@ip-172-31-27-7"} 1 4.274353876739562 0.0 4.274353876739562 0.20020020020020018 1.4841646444739878 16
stats: {freemem,"tsung_controller@ip-172-31-27-7"} 1 3457.03125 0.0 3516.08203125 3457.03125 3499.204345703125 16
stats: session 29 67916.94862068967 21611.28320886651 101998.297 35008.323 58070.32145833334 216
stats: users_count 49 745
stats: finish_users_count 29 245
stats: request 343 5521.697775510208 6822.949199826713 16860.343 0.495 3318.049105468749 2816
stats: connect 50 1.1734199999999992 0.338026217326408 19.323 0.793 1.2297784172661872 695
stats: page 141 9530.64148226951 13544.207280708002 48988.07 0.575 6286.056844901457 1167
stats: 302 37 623
stats: 200 72 1426
stats: size_rcv 193060 2031932
stats: newphase 0 7
stats: 502 206 1018
stats: size_sent 237913 2549184
stats: connected 23 502
stats: 500 28 92
# stats: dump at 1575456684
stats: users 453 516
stats: {load,"tsung_controller@ip-172-31-27-7"} 1 0.0 0.0 0.0 0.0 0.0 17
stats: {recvpackets,"tsung_controller@ip-172-31-27-7"} 1 885.0 0.0 1241 45 638.3125 16
stats: {sentpackets,"tsung_controller@ip-172-31-27-7"} 1 807.0 0.0 1332 47 579.3125 16
stats: {cpu,"tsung_controller@ip-172-31-27-7"} 1 1.8905472636815919 0.0 4.274353876739562 0.20020020020020018 1.648293422842551 17
stats: {freemem,"tsung_controller@ip-172-31-27-7"} 1 3456.33984375 0.0 3516.08203125 3456.33984375 3496.723575367647 17
stats: session 47 72110.6093191489 25571.711073634582 114627.099 35007.975 59235.840591836735 245
stats: users_count 0 745
stats: finish_users_count 47 292
stats: request 345 6146.51157101449 6700.0523238866745 16860.343 0.495 3557.3183342830007 3159
stats: connect 0 0 0 19.323 0.793 1.2259959731543626 745
stats: page 137 15542.007890510955 17006.717826212574 59005.061 0.575 6635.817115443426 1308
stats: 302 29 652
stats: 200 102 1528
stats: size_rcv 221884 2253816
stats: newphase 0 7
stats: 502 185 1203
stats: size_sent 263885 2813069
stats: connected -48 454
stats: 500 29 121
# stats: dump at 1575456694
stats: users 401 516
stats: {load,"tsung_controller@ip-172-31-27-7"} 1 0.0 0.0 0.0 0.0 0.0 18
stats: {recvpackets,"tsung_controller@ip-172-31-27-7"} 1 779.0 0.0 1241 45 652.8235294117648 17
stats: {sentpackets,"tsung_controller@ip-172-31-27-7"} 1 666.0 0.0 1332 47 592.7058823529412 17
stats: {cpu,"tsung_controller@ip-172-31-27-7"} 1 0.8991008991008992 0.0 4.274353876739562 0.20020020020020018 1.661751969555831 18
stats: {freemem,"tsung_controller@ip-172-31-27-7"} 1 3455.86328125 0.0 3516.08203125 3455.86328125 3494.480034722222 18
stats: session 52 70931.51703846153 23179.794349568747 117558.149 35007.975 61308.149256849305 292
stats: users_count 0 745
stats: finish_users_count 52 344
stats: request 354 4798.753107344632 6334.4616203072055 16860.343 0.495 3812.247462899543 3504
stats: connect 0 0 0 19.323 0.793 1.2259959731543626 745
stats: page 132 13752.030878787878 17464.53234527665 60670.384 0.575 7480.2102892733565 1445
stats: 302 12 664
stats: 200 88 1616
stats: size_rcv 218472 2472288
stats: newphase 0 7
stats: 502 224 1427
stats: size_sent 254976 3068045
stats: connected -52 402
stats: 500 30 151
# stats: dump at 1575456704
stats: users 340 516
stats: {load,"tsung_controller@ip-172-31-27-7"} 1 0.0 0.0 0.0 0.0 0.0 19
stats: {recvpackets,"tsung_controller@ip-172-31-27-7"} 1 824.0 0.0 1241 45 659.8333333333334 18
stats: {sentpackets,"tsung_controller@ip-172-31-27-7"} 1 754.0 0.0 1332 47 596.7777777777778 18
stats: {cpu,"tsung_controller@ip-172-31-27-7"} 1 1.1022044088176353 0.0 4.274353876739562 0.20020020020020018 1.621612439531887 19
stats: {freemem,"tsung_controller@ip-172-31-27-7"} 1 3455.62890625 0.0 3516.08203125 3455.62890625 3492.447574013158 19
stats: session 61 77455.32209836069 23964.67637444204 122835.812 35007.975 62762.8443866279 344
stats: users_count 0 745
stats: finish_users_count 61 405
stats: request 385 5112.2274623376525 6346.080421116499 16860.343 0.495 3902.7666433385166 3858
stats: connect 0 0 0 19.323 0.793 1.2259959731543626 745
stats: page 160 15464.600681250002 19406.88858286058 66903.018 0.575 8005.181955611922 1577
stats: 302 12 676
stats: 200 98 1714
stats: size_rcv 256119 2728407
stats: newphase 0 7
stats: 502 232 1659
stats: size_sent 250158 3318203
stats: connected -62 340
stats: 500 43 194
# stats: dump at 1575456714
stats: users 272 516
stats: {load,"tsung_controller@ip-172-31-27-7"} 1 0.0 0.0 0.0 0.0 0.0 20
stats: {recvpackets,"tsung_controller@ip-172-31-27-7"} 1 955.0 0.0 1241 45 668.4736842105264 19
stats: {sentpackets,"tsung_controller@ip-172-31-27-7"} 1 846.0 0.0 1332 47 605.0526315789474 19
stats: {cpu,"tsung_controller@ip-172-31-27-7"} 1 1.2987012987012987 0.0 4.274353876739562 0.20020020020020018 1.5956420379961744 20
stats: {freemem,"tsung_controller@ip-172-31-27-7"} 1 3455.51953125 0.0 3516.08203125 3455.51953125 3490.606640625 20
stats: session 68 74628.7288088235 24937.624696372033 122835.812 35007.975 64975.78547407407 405
stats: users_count 0 745
stats: finish_users_count 68 473
stats: request 416 4461.049067307682 5908.493717775726 16860.343 0.495 4012.5103188781504 4243
stats: connect 0 0 0 19.323 0.793 1.2259959731543626 745
stats: page 131 14312.856022900756 17975.664444166003 66903.018 0.575 8692.290185952792 1737
stats: 302 27 703
stats: 200 83 1797
stats: size_rcv 255518 2983925
stats: newphase 0 7
stats: 502 262 1921
stats: size_sent 247073 3565276
stats: connected -66 274
stats: 500 44 238
# stats: dump at 1575456724
stats: users 253 516
stats: {load,"tsung_controller@ip-172-31-27-7"} 1 0.0 0.0 0.0 0.0 0.0 21
stats: {recvpackets,"tsung_controller@ip-172-31-27-7"} 1 916.0 0.0 1241 45 682.8 20
stats: {sentpackets,"tsung_controller@ip-172-31-27-7"} 1 808.0 0.0 1332 47 617.1 20
stats: {cpu,"tsung_controller@ip-172-31-27-7"} 1 1.1988011988011988 0.0 4.274353876739562 0.20020020020020018 1.5815020027916564 21
stats: {freemem,"tsung_controller@ip-172-31-27-7"} 1 3455.046875 0.0 3516.08203125 3455.046875 3488.9358258928573 21
stats: session 19 94150.23100000001 25248.119977045284 130850.475 35007.975 66363.52362790696 473
stats: users_count 0 745
stats: finish_users_count 19 492
stats: request 217 9295.62813364055 5941.359601029347 16980.138 0.495 4052.5601405881066 4659
stats: connect 0 0 0 19.323 0.793 1.2259959731543626 745
stats: page 72 17312.37044444444 17321.943993921697 68517.945 0.575 9086.451922912205 1868
stats: 302 29 732
stats: 200 70 1867
stats: size_rcv 202908 3186833
stats: newphase 0 7
stats: 502 60 1981
stats: size_sent 155569 3720845
stats: connected -21 253
stats: 500 58 296
# stats: dump at 1575456734
stats: users 215 516
stats: {load,"tsung_controller@ip-172-31-27-7"} 1 0.0 0.0 0.0 0.0 0.0 22
stats: {recvpackets,"tsung_controller@ip-172-31-27-7"} 1 499.0 0.0 1241 45 693.9047619047619 21
stats: {sentpackets,"tsung_controller@ip-172-31-27-7"} 1 366.0 0.0 1332 47 626.1904761904761 21
stats: {cpu,"tsung_controller@ip-172-31-27-7"} 1 0.7984031936127743 0.0 4.274353876739562 0.20020020020020018 1.5641065117011812 22
stats: {freemem,"tsung_controller@ip-172-31-27-7"} 1 3454.5703125 0.0 3516.08203125 3454.5703125 3487.395419034091 22
stats: session 38 77466.47839473684 17318.191811169338 130850.475 35007.975 67436.5875304878 492
stats: users_count 0 745
stats: finish_users_count 38 530
stats: request 260 6696.536500000005 7489.569566014134 19312.395 0.495 4285.896021328956 4876
stats: connect 0 0 0 19.323 0.793 1.2259959731543626 745
stats: page 53 14151.509962264152 17906.03627801857 68517.945 0.575 9391.743744329895 1940
stats: 302 22 754
stats: 200 45 1912
stats: size_rcv 185535 3372368
stats: newphase 0 7
stats: 502 142 2123
stats: size_sent 169898 3890743
stats: connected -38 215
stats: 500 51 347
# stats: dump at 1575456744
stats: users 198 516
stats: {load,"tsung_controller@ip-172-31-27-7"} 1 0.0 0.0 0.0 0.0 0.0 23
stats: {recvpackets,"tsung_controller@ip-172-31-27-7"} 1 620.0 0.0 1241 45 685.0454545454545 22
stats: {sentpackets,"tsung_controller@ip-172-31-27-7"} 1 501.0 0.0 1332 47 614.3636363636364 22
stats: {cpu,"tsung_controller@ip-172-31-27-7"} 1 0.8 0.0 4.274353876739562 0.20020020020020018 1.530815063088642 23
stats: {freemem,"tsung_controller@ip-172-31-27-7"} 1 3454.45703125 0.0 3516.08203125 3454.45703125 3485.9682404891305 23
stats: session 17 108103.7788235294 18017.43353507945 144060.484 35007.975 68155.71178113206 530
stats: users_count 0 745
stats: finish_users_count 17 547
stats: request 120 14108.170616666672 3931.3790402639443 19312.395 0.495 4407.930001947038 5136
stats: connect 0 0 0 19.323 0.793 1.2259959731543626 745
stats: page 21 40882.80376190475 23197.841215408454 70034.466 0.575 9518.320567987956 1993
stats: 302 35 789
stats: 200 42 1954
stats: size_rcv 119266 3491634
stats: newphase 0 7
stats: 502 5 2128
stats: size_sent 90784 3981527
stats: connected -14 201
stats: 500 38 385
# stats: dump at 1575456754
stats: users 186 516
stats: {load,"tsung_controller@ip-172-31-27-7"} 1 0.0 0.0 0.0 0.0 0.0 24
stats: {recvpackets,"tsung_controller@ip-172-31-27-7"} 1 439.0 0.0 1241 45 682.2173913043479 23
stats: {sentpackets,"tsung_controller@ip-172-31-27-7"} 1 298.0 0.0 1332 47 609.4347826086956 23
stats: {cpu,"tsung_controller@ip-172-31-27-7"} 1 0.5 0.0 4.274353876739562 0.20020020020020018 1.5003644354599484 24
stats: {freemem,"tsung_controller@ip-172-31-27-7"} 1 3454.34765625 0.0 3516.08203125 3454.34765625 3484.6552734375 24
stats: session 12 119657.33641666667 18151.81452392675 145421.564 35007.975 69397.24220109689 547
stats: users_count 0 745
stats: finish_users_count 12 559
stats: request 139 15046.388223021588 2435.7500690388733 19312.395 0.495 4629.396682648399 5256
stats: connect 0 0 0 19.323 0.793 1.2259959731543626 745
stats: page 28 38648.08621428571 23691.425583784538 73087.169 0.575 9845.358376861965 2014
stats: 302 29 818
stats: 200 45 1999
stats: size_rcv 171152 3662786
stats: newphase 0 7
stats: 502 0 2128
stats: size_sent 94686 4076213
stats: connected -14 187
stats: 500 65 450
# stats: dump at 1575456764
stats: users 156 516
stats: {load,"tsung_controller@ip-172-31-27-7"} 1 0.0 0.0 0.0 0.0 0.0 25
stats: {recvpackets,"tsung_controller@ip-172-31-27-7"} 1 374.0 0.0 1241 45 672.0833333333334 24
stats: {sentpackets,"tsung_controller@ip-172-31-27-7"} 1 233.0 0.0 1332 47 596.4583333333334 24
stats: {cpu,"tsung_controller@ip-172-31-27-7"} 1 0.3009027081243731 0.0 4.274353876739562 0.20020020020020018 1.4603498580415504 25
stats: {freemem,"tsung_controller@ip-172-31-27-7"} 1 3454.23046875 0.0 3516.08203125 3454.23046875 3483.44296875 25
stats: session 30 116422.0303 12493.089373676661 148550.165 35007.975 70476.1708783542 559
stats: users_count 0 745
stats: finish_users_count 30 589
stats: request 133 13710.598631578943 3705.9305543183073 19732.23 0.495 4897.786270064872 5395
stats: connect 0 0 0 19.323 0.793 1.2259959731543626 745
stats: page 35 55304.189228571435 19095.648994171486 75122.75 0.575 10240.302735063662 2042
stats: 302 44 862
stats: 200 47 2046
stats: size_rcv 131347 3794133
stats: newphase 0 7
stats: 502 0 2128
stats: size_sent 84110 4160323
stats: connected -29 158
stats: 500 42 492
# stats: dump at 1575456774
stats: users 117 516
stats: {load,"tsung_controller@ip-172-31-27-7"} 1 0.0 0.0 0.0 0.0 0.0 26
stats: {recvpackets,"tsung_controller@ip-172-31-27-7"} 1 524.0 0.0 1241 45 660.16 25
stats: {sentpackets,"tsung_controller@ip-172-31-27-7"} 1 359.0 0.0 1332 47 581.92 25
stats: {cpu,"tsung_controller@ip-172-31-27-7"} 1 0.5994005994005994 0.0 4.274353876739562 0.20020020020020018 1.41575573689089 26
stats: {freemem,"tsung_controller@ip-172-31-27-7"} 1 3454.2421875 0.0 3516.08203125 3454.23046875 3482.3194110576924 26
stats: session 39 124368.44399999999 15027.606995874032 154809.143 35007.975 72816.3674533107 589
stats: users_count 0 745
stats: finish_users_count 39 628
stats: request 135 11745.907681481478 3412.416879581983 19732.23 0.495 5109.816668777132 5528
stats: connect 0 0 0 19.323 0.793 1.2259959731543626 745
stats: page 39 65887.72341025641 4973.981657834855 75488.187 0.575 10999.68454886856 2077
stats: 302 39 901
stats: 200 41 2087
stats: size_rcv 150418 3944551
stats: newphase 0 7
stats: 502 0 2128
stats: size_sent 80382 4240705
stats: connected -39 119
stats: 500 55 547
# stats: dump at 1575456784
stats: users 58 516
stats: {load,"tsung_controller@ip-172-31-27-7"} 1 0.0 0.0 0.0 0.0 0.0 27
stats: {recvpackets,"tsung_controller@ip-172-31-27-7"} 1 401.0 0.0 1241 45 654.9230769230769 26
stats: {sentpackets,"tsung_controller@ip-172-31-27-7"} 1 264.0 0.0 1332 47 573.3461538461538 26
stats: {cpu,"tsung_controller@ip-172-31-27-7"} 1 0.10030090270812438 0.0 4.274353876739562 0.10030090270812438 1.3855203614282863 27
stats: {freemem,"tsung_controller@ip-172-31-27-7"} 1 3454.12890625 0.0 3516.08203125 3454.12890625 3481.2795138888887 27
stats: session 59 128801.23400000001 16684.80651134158 160543.101 35007.975 76017.84991401274 628
stats: users_count 0 745
stats: finish_users_count 59 687
stats: request 149 9460.984409395973 3708.8487292023397 19732.23 0.495 5268.014141267877 5663
stats: connect 0 0 0 19.323 0.793 1.2259959731543626 745
stats: page 61 62222.895868852465 7125.732929357645 75488.187 0.575 12011.326096880906 2116
stats: 302 42 943
stats: 200 59 2146
stats: size_rcv 160384 4104935
stats: newphase 0 7
stats: 502 0 2128
stats: size_sent 72554 4313259
stats: connected -61 58
stats: 500 48 595
# stats: dump at 1575456794
stats: users 21 516
stats: {load,"tsung_controller@ip-172-31-27-7"} 1 0.0 0.0 0.0 0.0 0.0 28
stats: {recvpackets,"tsung_controller@ip-172-31-27-7"} 1 408.0 0.0 1241 45 645.5185185185185 27
stats: {sentpackets,"tsung_controller@ip-172-31-27-7"} 1 281.0 0.0 1332 47 561.8888888888889 27
stats: {cpu,"tsung_controller@ip-172-31-27-7"} 1 0.4995004995004995 0.0 4.274353876739562 0.10030090270812438 1.339619666473995 28
stats: {freemem,"tsung_controller@ip-172-31-27-7"} 1 3454.35546875 0.0 3516.08203125 3454.12890625 3480.3098493303573 28
stats: session 37 143812.68899999995 12362.09496425389 161911.28 35007.975 80550.9207452693 687
stats: users_count 0 745
stats: finish_users_count 37 724
stats: request 99 6629.573727272724 2668.4608147367408 19732.23 0.495 5375.50770113558 5812
stats: connect 0 0 0 19.323 0.793 1.2259959731543626 745
stats: page 35 55207.55102857144 11139.746694424166 75488.187 0.575 13418.264891593937 2177
stats: 302 5 948
stats: 200 62 2208
stats: size_rcv 129624 4234559
stats: newphase 0 7
stats: 502 0 2128
stats: size_sent 62053 4375312
stats: connected -35 23
stats: 500 32 627
# stats: dump at 1575456798
stats: users 0 516
stats: {load,"tsung_controller@ip-172-31-27-7"} 1 0.0 0.0 0.0 0.0 0.0 29
stats: {recvpackets,"tsung_controller@ip-172-31-27-7"} 1 362.0 0.0 1241 45 637.0357142857143 28
stats: {sentpackets,"tsung_controller@ip-172-31-27-7"} 1 237.0 0.0 1332 47 551.8571428571429 28
stats: {cpu,"tsung_controller@ip-172-31-27-7"} 1 0.5 0.0 4.274353876739562 0.10030090270812438 1.310650040026633 29
stats: {freemem,"tsung_controller@ip-172-31-27-7"} 1 3463.734375 0.0 3516.08203125 3454.12890625 3479.4148706896553 29
stats: session 21 138560.37719047625 6181.122895723444 161911.28 35007.975 83783.91166436464 724
stats: users_count 0 745
stats: finish_users_count 21 745
stats: request 36 2857.178 1822.0963131205037 19732.23 0.495 5396.511344611738 5911
stats: connect 0 0 0 19.323 0.793 1.2259959731543626 745
stats: page 23 37304.51169565216 7790.8475254604255 75488.187 0.575 14079.487773508137 2212
stats: 302 0 948
stats: 200 36 2244
stats: size_rcv 41030 4275589
stats: newphase 0 7
stats: 502 0 2128
stats: size_sent 13265 4388577
stats: connected -23 0
stats: 500 0 627
EndMonitor:{1575,456798,958036}
