# stats: dump at 1575248784
stats: users 86 86
stats: {freemem,"tsung_controller@ip-172-31-31-18"} 1 3521.74609375 0 3521.74609375 3521.74609375 0 0
stats: {cpu,"tsung_controller@ip-172-31-31-18"} 1 1.8388873065603342 0 1.8388873065603342 1.8388873065603342 0 0
stats: {load,"tsung_controller@ip-172-31-31-18"} 1 0.0 0 0.0 0.0 0 0
stats: users_count 86 86
stats: finish_users_count 0 0
stats: request 158 23.602297468354433 25.638491578318586 153.196 9.959 0 0
stats: connect 81 1.5725555555555553 1.945482738658905 12.59 0.729 0 0
stats: page 80 46.684899999999985 61.20245740932304 347.988 10.318 0 0
stats: 302 80 80
stats: 200 78 78
stats: size_rcv 89738 89738
stats: size_sent 91038 91038
stats: connected 81 81
# stats: dump at 1575248794
stats: users 199 199
stats: {freemem,"tsung_controller@ip-172-31-31-18"} 1 3520.8046875 0.0 3521.74609375 3520.8046875 3521.74609375 1
stats: {recvpackets,"tsung_controller@ip-172-31-31-18"} 1 714 0 714 714 0 0
stats: {sentpackets,"tsung_controller@ip-172-31-31-18"} 1 749 0 749 749 0 0
stats: {cpu,"tsung_controller@ip-172-31-31-18"} 1 1.4014014014014013 0.0 1.8388873065603342 1.4014014014014013 1.8388873065603342 1
stats: {load,"tsung_controller@ip-172-31-31-18"} 1 0.0 0.0 0.0 0.0 0.0 1
stats: users_count 113 199
stats: finish_users_count 0 0
stats: request 223 20.399860986547097 12.345388230030753 153.196 6.178 23.602297468354433 158
stats: connect 108 1.4327592592592595 1.7596718016298671 12.59 0.729 1.5725555555555553 81
stats: page 107 42.57130841121496 31.329557991641238 347.988 10.074 46.684899999999985 80
stats: 302 107 187
stats: 200 116 194
stats: size_rcv 131290 221028
stats: size_sent 132690 223728
stats: connected 108 189
# stats: dump at 1575248804
stats: users 302 302
stats: {freemem,"tsung_controller@ip-172-31-31-18"} 1 3518.02734375 0.0 3521.74609375 3518.02734375 3521.275390625 2
stats: {recvpackets,"tsung_controller@ip-172-31-31-18"} 1 871.0 0.0 871 714 714.0 1
stats: {sentpackets,"tsung_controller@ip-172-31-31-18"} 1 908.0 0.0 908 749 749.0 1
stats: {cpu,"tsung_controller@ip-172-31-31-18"} 1 1.5060240963855422 0.0 1.8388873065603342 1.4014014014014013 1.6201443539808678 2
stats: {load,"tsung_controller@ip-172-31-31-18"} 1 0.0 0.0 0.0 0.0 0.0 2
stats: users_count 103 302
stats: finish_users_count 0 0
stats: request 205 21.735068292682925 11.262599559353982 153.196 6.178 21.72790551181103 381
stats: connect 113 1.6700884955752207 1.854176388767829 12.59 0.729 1.4926719576719578 189
stats: page 115 38.78604347826088 32.43445548618114 347.988 10.074 44.33113368983957 187
stats: 302 115 302
stats: 200 90 284
stats: size_rcv 106129 327157
stats: size_sent 108680 332408
stats: connected 113 302
# stats: dump at 1575248814
stats: users 427 429
stats: {freemem,"tsung_controller@ip-172-31-31-18"} 1 3516.1875 0.0 3521.74609375 3516.1875 3520.1927083333335 3
stats: {recvpackets,"tsung_controller@ip-172-31-31-18"} 1 615.0 0.0 871 615 792.5 2
stats: {sentpackets,"tsung_controller@ip-172-31-31-18"} 1 660.0 0.0 908 660 828.5 2
stats: {cpu,"tsung_controller@ip-172-31-31-18"} 1 1.1011011011011012 0.0 1.8388873065603342 1.1011011011011012 1.5821042681157593 3
stats: {load,"tsung_controller@ip-172-31-31-18"} 1 0.0 0.0 0.0 0.0 0.0 3
stats: session 20 35217.22170000001 73.29491407601319 35377.793 35083.728 0 0
stats: users_count 145 447
stats: finish_users_count 20 20
stats: request 355 80.07001408450702 53.11318178542529 275.795 6.178 21.730411262798636 586
stats: connect 141 3.3273971631205677 10.491066157395885 106.477 0.729 1.5590562913907282 302
stats: page 199 142.88203517587922 120.72387956789403 559.889 10.074 42.219592715231784 302
stats: 302 141 443
stats: 200 214 498
stats: size_rcv 243715 570872
stats: newphase 1 1
stats: size_sent 235008 567416
stats: connected 125 427
# stats: dump at 1575248824
stats: users 516 516
stats: {freemem,"tsung_controller@ip-172-31-31-18"} 1 3504.9453125 0.0 3521.74609375 3504.9453125 3519.19140625 4
stats: {recvpackets,"tsung_controller@ip-172-31-31-18"} 1 1541.0 0.0 1541 615 733.3333333333334 3
stats: {sentpackets,"tsung_controller@ip-172-31-31-18"} 1 1514.0 0.0 1514 660 772.3333333333334 3
stats: {cpu,"tsung_controller@ip-172-31-31-18"} 1 2.2132796780684103 0.0 2.2132796780684103 1.1011011011011012 1.4618534763620947 4
stats: {load,"tsung_controller@ip-172-31-31-18"} 1 0.0 0.0 0.0 0.0 0.0 4
stats: session 47 35130.35234042555 68.32143805859711 35377.793 35052.347 35217.22170000001 20
stats: users_count 136 583
stats: finish_users_count 47 67
stats: request 361 37.02721883656511 24.732806691320476 275.795 6.178 43.739506907545156 941
stats: connect 137 1.7749343065693415 1.9894508731572818 106.477 0.725 2.1218916478555307 443
stats: page 235 56.90912765957447 48.02524825867229 559.889 7.878 82.2032774451097 501
stats: 302 137 580
stats: 200 224 722
stats: size_rcv 248597 819469
stats: newphase 0 1
stats: size_sent 248089 815505
stats: connected 87 514
# stats: dump at 1575248834
stats: users 587 588
stats: {freemem,"tsung_controller@ip-172-31-31-18"} 1 3498.94140625 0.0 3521.74609375 3498.94140625 3516.3421875 5
stats: {recvpackets,"tsung_controller@ip-172-31-31-18"} 1 1486.0 0.0 1541 615 935.25 4
stats: {sentpackets,"tsung_controller@ip-172-31-31-18"} 1 1558.0 0.0 1558 660 957.75 4
stats: {cpu,"tsung_controller@ip-172-31-31-18"} 1 1.812688821752266 0.0 2.2132796780684103 1.1011011011011012 1.6121387167033578 5
stats: {load,"tsung_controller@ip-172-31-31-18"} 1 0.0 0.0 0.0 0.0 0.0 5
stats: session 64 35131.99356250001 56.44210953653062 35377.793 35052.347 35156.283492537324 67
stats: users_count 135 718
stats: finish_users_count 64 131
stats: request 404 51.290438118811856 36.24673171307773 275.795 6.178 41.878419354838705 1302
stats: connect 134 5.8822313432835855 17.68819793261023 131.328 0.725 2.039937931034483 580
stats: page 268 77.34826865671637 63.16943180502431 559.889 7.878 74.12702038043473 736
stats: 302 134 714
stats: 200 270 992
stats: size_rcv 298734 1118203
stats: newphase 0 1
stats: size_sent 290280 1105785
stats: connected 70 584
# stats: dump at 1575248844
stats: users 724 724
stats: {freemem,"tsung_controller@ip-172-31-31-18"} 1 3493.43359375 0.0 3521.74609375 3493.43359375 3513.4420572916665 6
stats: {recvpackets,"tsung_controller@ip-172-31-31-18"} 1 1741.0 0.0 1741 615 1045.4 5
stats: {sentpackets,"tsung_controller@ip-172-31-31-18"} 1 1895.0 0.0 1895 660 1077.8 5
stats: {cpu,"tsung_controller@ip-172-31-31-18"} 1 3.741152679474216 0.0 3.741152679474216 1.1011011011011012 1.6455637342115093 6
stats: {load,"tsung_controller@ip-172-31-31-18"} 1 0.0 0.0 0.0 0.0 0.0 6
stats: session 59 35187.70376271187 94.07676179090315 35461.815 35052.347 35144.41665648856 131
stats: users_count 196 914
stats: finish_users_count 59 190
stats: request 466 71.64557296137335 62.73211153790645 309.533 6.178 44.10729132473622 1706
stats: connect 190 2.285026315789473 3.0654031252610343 131.328 0.706 2.7610406162464995 714
stats: page 299 100.91077926421406 100.10092935591473 669.788 7.878 74.98687549800792 1004
stats: 302 188 902
stats: 200 278 1270
stats: size_rcv 310656 1428859
stats: newphase 1 2
stats: size_sent 322108 1427893
stats: connected 117 701
# stats: dump at 1575248854
stats: users 860 861
stats: {freemem,"tsung_controller@ip-172-31-31-18"} 1 3483.7421875 0.0 3521.74609375 3483.7421875 3510.5837053571427 7
stats: {recvpackets,"tsung_controller@ip-172-31-31-18"} 1 2135.0 0.0 2135 615 1161.3333333333333 6
stats: {sentpackets,"tsung_controller@ip-172-31-31-18"} 1 2192.0 0.0 2192 660 1214.0 6
stats: {cpu,"tsung_controller@ip-172-31-31-18"} 1 4.195804195804196 0.0 4.195804195804196 1.1011011011011012 1.944933583534753 7
stats: {load,"tsung_controller@ip-172-31-31-18"} 1 0.0 0.0 0.0 0.0 0.0 7
stats: session 67 35267.288716417905 128.2574700175662 35678.044 35052.347 35157.85844210527 190
stats: users_count 203 1117
stats: finish_users_count 67 257
stats: request 555 89.73326306306303 69.62889798411399 309.533 6.178 50.015596685082855 2172
stats: connect 246 2.2753902439024367 2.7196691009094125 131.328 0.697 2.6609933628318587 904
stats: page 384 133.37769531250015 136.37909175974096 792.804 7.878 80.9356454336147 1303
stats: 302 203 1105
stats: 200 352 1622
stats: size_rcv 424879 1853738
stats: newphase 0 2
stats: size_sent 389434 1817327
stats: connected 126 827
# stats: dump at 1575248864
stats: users 957 957
stats: {freemem,"tsung_controller@ip-172-31-31-18"} 1 3477.13671875 0.0 3521.74609375 3477.13671875 3507.228515625 8
stats: {recvpackets,"tsung_controller@ip-172-31-31-18"} 1 2545.0 0.0 2545 615 1300.4285714285713 7
stats: {sentpackets,"tsung_controller@ip-172-31-31-18"} 1 2622.0 0.0 2622 660 1353.7142857142858 7
stats: {cpu,"tsung_controller@ip-172-31-31-18"} 1 3.5070140280561124 0.0 4.195804195804196 1.1011011011011012 2.2262924100684334 8
stats: {load,"tsung_controller@ip-172-31-31-18"} 1 0.0 0.0 0.0 0.0 0.0 8
stats: session 104 51811.392701923105 21484.23524633822 81031.679 35052.347 35186.386957198454 257
stats: users_count 201 1318
stats: finish_users_count 104 361
stats: request 587 539.3535621805794 174.96524799606442 972.211 6.178 58.09895012834615 2727
stats: connect 258 3.2661007751937987 3.20741694194203 131.328 0.697 2.5785078260869563 1150
stats: page 402 741.7652213930353 502.1824021646408 2318.826 7.878 92.87266212211026 1687
stats: 302 231 1336
stats: 200 356 1978
stats: size_rcv 440976 2294714
stats: newphase 0 2
stats: size_sent 458627 2275954
stats: connected 96 923
# stats: dump at 1575248874
stats: users 1080 1080
stats: {freemem,"tsung_controller@ip-172-31-31-18"} 1 3471.50390625 0.0 3521.74609375 3471.50390625 3503.8849826388887 9
stats: {recvpackets,"tsung_controller@ip-172-31-31-18"} 1 2865.0 0.0 2865 615 1456.0 8
stats: {sentpackets,"tsung_controller@ip-172-31-31-18"} 1 2859.0 0.0 2859 660 1512.25 8
stats: {cpu,"tsung_controller@ip-172-31-31-18"} 1 2.8169014084507045 0.0 4.195804195804196 1.1011011011011012 2.368594812067064 9
stats: {load,"tsung_controller@ip-172-31-31-18"} 1 0.0 0.0 0.0 0.0 0.0 9
stats: session 102 56925.81915686272 22172.112111412775 82874.506 35052.347 39975.862296398904 361
stats: users_count 225 1543
stats: finish_users_count 102 463
stats: request 586 1338.1617662116053 412.5673121085562 2168.435 6.178 143.34229873264937 3314
stats: connect 270 3.2992037037037045 3.0200806365223762 131.328 0.697 2.704501420454545 1408
stats: page 401 1795.4132468827927 1068.8416237736103 5416.924 7.878 217.74332216371477 2089
stats: 302 227 1563
stats: 200 359 2337
stats: size_rcv 448466 2743180
stats: newphase 1 3
stats: size_sent 497085 2773039
stats: connected -68 855
# stats: dump at 1575248884
stats: users 1161 1162
stats: {freemem,"tsung_controller@ip-172-31-31-18"} 1 3457.6171875 0.0 3521.74609375 3457.6171875 3500.646875 10
stats: {recvpackets,"tsung_controller@ip-172-31-31-18"} 1 3344.0 0.0 3344 615 1612.5555555555557 9
stats: {sentpackets,"tsung_controller@ip-172-31-31-18"} 1 3172.0 0.0 3172 660 1661.888888888889 9
stats: {cpu,"tsung_controller@ip-172-31-31-18"} 1 3.6217303822937628 0.0 4.195804195804196 1.1011011011011012 2.413425471705428 10
stats: {load,"tsung_controller@ip-172-31-31-18"} 1 0.0 0.0 0.0 0.0 0.0 10
stats: session 150 53390.786580000015 21062.00333311525 85036.729 35027.568 43709.978062635 463
stats: users_count 231 1774
stats: finish_users_count 150 613
stats: request 830 1795.976667469881 1338.3778171656622 3291.827 0.393 322.87158282051297 3900
stats: connect 333 3.281453453453452 3.1328741299164053 131.328 0.672 2.8001924910607863 1678
stats: page 572 2364.2166398601403 2281.7714068349187 8862.985 0.482 471.8178763052209 2490
stats: 302 204 1767
stats: 200 332 2669
stats: size_rcv 492183 3235363
stats: newphase 0 3
stats: 502 291 291
stats: size_sent 587583 3360622
stats: connected -13 842
stats: 500 3 3
# stats: dump at 1575248894
stats: users 1212 1215
stats: {freemem,"tsung_controller@ip-172-31-31-18"} 1 3442.21875 0.0 3521.74609375 3442.21875 3496.7350852272725 11
stats: {recvpackets,"tsung_controller@ip-172-31-31-18"} 1 3594.0 0.0 3594 615 1785.7 10
stats: {sentpackets,"tsung_controller@ip-172-31-31-18"} 1 3684.0 0.0 3684 660 1812.9 10
stats: {cpu,"tsung_controller@ip-172-31-31-18"} 1 4.404404404404405 0.0 4.404404404404405 1.1011011011011012 2.5232713726680043 11
stats: {load,"tsung_controller@ip-172-31-31-18"} 1 0.0 0.0 0.0 0.0 0.0 11
stats: session 173 55157.439236994185 21046.585315473283 86510.974 35015.695 46078.85453507342 613
stats: users_count 224 1998
stats: finish_users_count 173 786
stats: request 785 1989.8029057324875 1619.0236000647064 3689.57 0.393 581.3657097251589 4730
stats: connect 383 13.013749347258495 46.90684964371973 349.668 0.672 2.879884137245151 2011
stats: page 562 2817.3511921708214 2884.707003952359 10255.429 0.482 825.3293370346181 3062
stats: 302 160 1927
stats: 200 303 2972
stats: size_rcv 479199 3714562
stats: newphase 0 3
stats: 502 314 605
stats: size_sent 530141 3890763
stats: connected -10 832
stats: 500 8 11
# stats: dump at 1575248904
stats: users 1334 1337
stats: {freemem,"tsung_controller@ip-172-31-31-18"} 1 3442.56640625 0.0 3521.74609375 3442.21875 3492.1920572916665 12
stats: {recvpackets,"tsung_controller@ip-172-31-31-18"} 1 3607.0 0.0 3607 615 1950.090909090909 11
stats: {sentpackets,"tsung_controller@ip-172-31-31-18"} 1 3804.0 0.0 3804 660 1983.0 11
stats: {cpu,"tsung_controller@ip-172-31-31-18"} 1 4.208416833667335 0.0 4.404404404404405 1.1011011011011012 2.6800324586460373 12
stats: {load,"tsung_controller@ip-172-31-31-18"} 1 0.0 0.0 0.0 0.0 0.0 12
stats: session 167 57672.25553892218 21819.972229352854 86763.162 35015.695 48077.06719847329 786
stats: users_count 289 2287
stats: finish_users_count 167 953
stats: request 905 1895.4295093922617 1466.5740622932044 3706.489 0.393 781.8413577515875 5515
stats: connect 443 3.0821986455981976 2.989182215456103 349.668 0.615 4.501133249791145 2394
stats: page 597 2833.8355360133983 2756.3119723723908 10505.189 0.468 1134.2466335540844 3624
stats: 302 252 2179
stats: 200 310 3282
stats: size_rcv 507680 4222242
stats: newphase 1 4
stats: 502 334 939
stats: size_sent 567228 4457991
stats: connected 18 850
stats: 500 9 20
# stats: dump at 1575248914
stats: users 1463 1464
stats: {freemem,"tsung_controller@ip-172-31-31-18"} 1 3441.29296875 0.0 3521.74609375 3441.29296875 3488.374699519231 13
stats: {recvpackets,"tsung_controller@ip-172-31-31-18"} 1 3968.0 0.0 3968 615 2088.1666666666665 12
stats: {sentpackets,"tsung_controller@ip-172-31-31-18"} 1 4098.0 0.0 4098 660 2134.75 12
stats: {cpu,"tsung_controller@ip-172-31-31-18"} 1 4.714142427281845 0.0 4.714142427281845 1.1011011011011012 2.7976004874938294 13
stats: {load,"tsung_controller@ip-172-31-31-18"} 1 0.0 0.0 0.0 0.0 0.0 13
stats: session 155 58683.59745161292 21567.913230873542 86763.162 35015.695 49758.49054879329 953
stats: users_count 284 2571
stats: finish_users_count 155 1108
stats: request 958 1648.4959394572008 1352.0809794773759 3706.489 0.393 938.8191267912775 6420
stats: connect 479 2.7853611691022975 2.7168729716893125 349.668 0.615 4.279565385971098 2837
stats: page 633 2551.204684044233 2499.7224392690664 10505.189 0.456 1374.629143567875 4221
stats: 302 224 2403
stats: 200 323 3605
stats: size_rcv 577609 4799851
stats: newphase 0 4
stats: 502 384 1323
stats: size_sent 576820 5034811
stats: connected 6 856
stats: 500 27 47
# stats: dump at 1575248924
stats: users 1565 1566
stats: {freemem,"tsung_controller@ip-172-31-31-18"} 1 3440.33984375 0.0 3521.74609375 3440.33984375 3485.01171875 14
stats: {recvpackets,"tsung_controller@ip-172-31-31-18"} 1 4590.0 0.0 4590 615 2232.769230769231 13
stats: {sentpackets,"tsung_controller@ip-172-31-31-18"} 1 4704.0 0.0 4704 660 2285.769230769231 13
stats: {cpu,"tsung_controller@ip-172-31-31-18"} 1 5.5 0.0 5.5 1.1011011011011012 2.9344963403358304 14
stats: {load,"tsung_controller@ip-172-31-31-18"} 1 0.0 0.0 0.0 0.0 0.0 14
stats: session 206 57179.000029126226 21199.129289464196 86763.162 35006.486 51007.038897111925 1108
stats: users_count 308 2879
stats: finish_users_count 206 1314
stats: request 1006 1589.2914115308176 1318.4410454975857 3706.489 0.382 1030.9674578476552 7378
stats: connect 497 9.477760563380297 37.87201359244438 349.668 0.615 4.063725874547649 3316
stats: page 713 2279.1527377279094 2355.9353435010084 10505.189 0.456 1528.0639019365472 4854
stats: 302 249 2652
stats: 200 302 3907
stats: size_rcv 571413 5371264
stats: newphase 0 4
stats: 502 411 1734
stats: size_sent 582217 5617028
stats: connected 1 857
stats: 500 44 91
# stats: dump at 1575248934
stats: users 1683 1685
stats: {freemem,"tsung_controller@ip-172-31-31-18"} 1 3438.96875 0.0 3521.74609375 3438.96875 3482.03359375 15
stats: {recvpackets,"tsung_controller@ip-172-31-31-18"} 1 4418.0 0.0 4590 615 2401.1428571428573 14
stats: {sentpackets,"tsung_controller@ip-172-31-31-18"} 1 4614.0 0.0 4704 660 2458.5 14
stats: {cpu,"tsung_controller@ip-172-31-31-18"} 1 4.934541792547835 0.0 5.5 1.1011011011011012 3.105529917646775 15
stats: {load,"tsung_controller@ip-172-31-31-18"} 1 0.0 0.0 0.0 0.0 0.0 15
stats: session 194 59084.972479381446 21828.451551217095 86763.162 35006.486 51974.637065449024 1314
stats: users_count 312 3191
stats: finish_users_count 194 1508
stats: request 1032 1572.3353149224795 1249.0031194020053 3706.489 0.382 1097.9610047709928 8384
stats: connect 532 3.01887030075188 2.990958619951271 349.668 0.615 4.76941043797535 3813
stats: page 713 2299.4849565217337 2352.12431526422 10505.189 0.456 1624.2604781749594 5567
stats: 302 264 2916
stats: 200 335 4242
stats: size_rcv 602507 5973771
stats: newphase 1 5
stats: 502 399 2133
stats: size_sent 602867 6219895
stats: connected -13 844
stats: 500 34 125
# stats: dump at 1575248944
stats: users 1839 1841
stats: {freemem,"tsung_controller@ip-172-31-31-18"} 1 3438.296875 0.0 3521.74609375 3438.296875 3479.342041015625 16
stats: {recvpackets,"tsung_controller@ip-172-31-31-18"} 1 4757.0 0.0 4757 615 2535.6 15
stats: {sentpackets,"tsung_controller@ip-172-31-31-18"} 1 4956.0 0.0 4956 660 2602.2 15
stats: {cpu,"tsung_controller@ip-172-31-31-18"} 1 5.040322580645161 0.0 5.5 1.1011011011011012 3.219843159828091 16
stats: {load,"tsung_controller@ip-172-31-31-18"} 1 0.0 0.0 0.0 0.0 0.0 16
stats: session 209 56406.45703349283 21229.35461741235 87209.876 35006.486 52889.361913129986 1508
stats: users_count 365 3556
stats: finish_users_count 209 1717
stats: request 1179 1350.9978795589484 1362.0842723592705 3706.489 0.382 1149.9527515930333 9416
stats: connect 571 3.33681260945709 3.2845351477056086 349.668 0.615 4.555075028768702 4345
stats: page 782 2026.867654731457 2256.0076055679283 10505.189 0.456 1700.9221108280246 6280
stats: 302 234 3150
stats: 200 309 4551
stats: size_rcv 642469 6616240
stats: newphase 0 5
stats: 502 593 2726
stats: size_sent 641930 6861825
stats: connected 10 854
stats: 500 43 168
# stats: dump at 1575248954
stats: users 1984 1985
stats: {freemem,"tsung_controller@ip-172-31-31-18"} 1 3424.0703125 0.0 3521.74609375 3424.0703125 3476.927619485294 17
stats: {recvpackets,"tsung_controller@ip-172-31-31-18"} 1 5082.0 0.0 5082 615 2674.4375 16
stats: {sentpackets,"tsung_controller@ip-172-31-31-18"} 1 5304.0 0.0 5304 660 2749.3125 16
stats: {cpu,"tsung_controller@ip-172-31-31-18"} 1 6.739345887016849 0.0 6.739345887016849 1.1011011011011012 3.3269301845820363 17
stats: {load,"tsung_controller@ip-172-31-31-18"} 1 0.0 0.0 0.0 0.0 0.0 17
stats: session 221 58636.71875565612 22816.896468200597 88695.76 35006.486 53317.47657833431 1717
stats: users_count 366 3922
stats: finish_users_count 221 1938
stats: request 1249 1275.342469975984 1349.5948746784607 3706.489 0.382 1172.3248333176027 10595
stats: connect 641 15.693492979719197 56.96886581863645 502.602 0.615 4.4135722131814505 4916
stats: page 871 1863.4527566016095 2169.776509813512 10505.189 0.456 1737.0152027754168 7062
stats: 302 263 3413
stats: 200 263 4814
stats: size_rcv 648245 7264485
stats: newphase 0 5
stats: 502 664 3390
stats: size_sent 638298 7500123
stats: connected 2 856
stats: 500 59 227
# stats: dump at 1575248964
stats: users 2085 2086
stats: {freemem,"tsung_controller@ip-172-31-31-18"} 1 3423.171875 0.0 3521.74609375 3423.171875 3473.9911024305557 18
stats: {recvpackets,"tsung_controller@ip-172-31-31-18"} 1 5138.0 0.0 5138 615 2816.0588235294117 17
stats: {sentpackets,"tsung_controller@ip-172-31-31-18"} 1 5467.0 0.0 5467 660 2899.5882352941176 17
stats: {cpu,"tsung_controller@ip-172-31-31-18"} 1 6.312625250501001 0.0 6.739345887016849 1.1011011011011012 3.5165088347173037 18
stats: {load,"tsung_controller@ip-172-31-31-18"} 1 0.0 0.0 0.0 0.0 0.0 18
stats: session 266 57583.30374812033 23232.59932889802 92299.473 35006.486 53924.05682662539 1938
stats: users_count 367 4289
stats: finish_users_count 266 2204
stats: request 1258 1286.991372019077 1347.751946600851 3706.489 0.382 1183.188479736576 11844
stats: connect 640 3.337618750000005 3.4325013617475006 502.602 0.615 5.714711175094478 5557
stats: page 903 1773.3452890365447 2168.521226780329 10505.189 0.456 1750.8973544686746 7933
stats: 302 233 3646
stats: 200 294 5108
stats: size_rcv 700766 7965251
stats: newphase 1 6
stats: 502 658 4048
stats: size_sent 638039 8138162
stats: connected -9 847
stats: 500 74 301
# stats: dump at 1575248974
stats: users 2186 2187
stats: {freemem,"tsung_controller@ip-172-31-31-18"} 1 3422.15625 0.0 3521.74609375 3422.15625 3471.31640625 19
stats: {recvpackets,"tsung_controller@ip-172-31-31-18"} 1 5496.0 0.0 5496 615 2945.0555555555557 18
stats: {sentpackets,"tsung_controller@ip-172-31-31-18"} 1 5941.0 0.0 5941 660 3042.222222222222 18
stats: {cpu,"tsung_controller@ip-172-31-31-18"} 1 6.986027944111776 0.0 6.986027944111776 1.1011011011011012 3.6636728566006562 19
stats: {load,"tsung_controller@ip-172-31-31-18"} 1 0.0 0.0 0.0 0.0 0.0 19
stats: session 289 60263.580972318356 25120.29639367788 94899.577 35006.486 54365.69007577133 2204
stats: users_count 390 4679
stats: finish_users_count 289 2493
stats: request 1373 1174.059344501091 1347.3385259947017 3706.489 0.382 1193.1552053121666 13102
stats: connect 701 7.953245363766036 31.91951401976405 502.602 0.615 5.469215104082624 6197
stats: page 991 1624.1762068617552 2036.304764810252 10505.189 0.456 1753.1914337935714 8836
stats: 302 273 3919
stats: 200 236 5344
stats: size_rcv 688812 8654063
stats: newphase 0 6
stats: 502 781 4829
stats: size_sent 656035 8794197
stats: connected -4 843
stats: 500 83 384
# stats: dump at 1575248984
stats: users 2255 2261
stats: {freemem,"tsung_controller@ip-172-31-31-18"} 1 3421.9453125 0.0 3521.74609375 3421.9453125 3468.8583984375 20
stats: {recvpackets,"tsung_controller@ip-172-31-31-18"} 1 5665.0 0.0 5665 615 3079.315789473684 19
stats: {sentpackets,"tsung_controller@ip-172-31-31-18"} 1 6175.0 0.0 6175 660 3194.7894736842104 19
stats: {cpu,"tsung_controller@ip-172-31-31-18"} 1 7.18562874251497 0.0 7.18562874251497 1.1011011011011012 3.8297906109762123 20
stats: {load,"tsung_controller@ip-172-31-31-18"} 1 0.0 0.0 0.0 0.0 0.0 20
stats: session 318 60851.84605031445 24772.37802146113 104266.39 35006.486 55049.40065302848 2493
stats: users_count 387 5066
stats: finish_users_count 318 2811
stats: request 1465 1107.5463215017035 1367.9597640300094 14363.37 0.382 1191.3439018998276 14475
stats: connect 734 3.432983651226161 3.2660047729365678 502.602 0.615 5.721651348216875 6898
stats: page 1059 1550.0792162417395 2123.6299994950896 14363.37 0.456 1740.1809433194255 9827
stats: 302 265 4184
stats: 200 248 5592
stats: size_rcv 737105 9391168
stats: newphase 0 6
stats: 502 868 5697
stats: size_sent 692429 9486626
stats: connected 0 843
stats: 500 83 467
# stats: dump at 1575248994
stats: users 2314 2316
stats: {freemem,"tsung_controller@ip-172-31-31-18"} 1 3421.515625 0.0 3521.74609375 3421.515625 3466.624441964286 21
stats: {recvpackets,"tsung_controller@ip-172-31-31-18"} 1 5878.0 0.0 5878 615 3208.6 20
stats: {sentpackets,"tsung_controller@ip-172-31-31-18"} 1 6470.0 0.0 6470 660 3343.8 20
stats: {cpu,"tsung_controller@ip-172-31-31-18"} 1 7.455268389662027 0.0 7.455268389662027 1.1011011011011012 3.989592426763772 21
stats: {load,"tsung_controller@ip-172-31-31-18"} 1 0.0 0.0 0.0 0.0 0.0 21
stats: session 340 60696.59836764705 24061.38146715564 104266.39 35006.486 55705.81389967983 2811
stats: users_count 399 5465
stats: finish_users_count 340 3151
stats: request 1507 1076.8579270072994 1259.550096746989 14363.37 0.382 1183.6423049560851 15940
stats: connect 741 3.083306342780022 3.0882054284814466 502.602 0.591 5.5015410115304 7632
stats: page 1077 1510.3831030640663 1987.9091577263375 14363.37 0.456 1721.6876740767955 10886
stats: 302 282 4466
stats: 200 274 5866
stats: size_rcv 754748 10145916
stats: newphase 1 7
stats: 502 871 6568
stats: size_sent 719294 10205920
stats: connected 17 860
stats: 500 80 547
# stats: dump at 1575249004
stats: users 2425 2431
stats: {freemem,"tsung_controller@ip-172-31-31-18"} 1 3421.33984375 0.0 3521.74609375 3421.33984375 3464.574041193182 22
stats: {recvpackets,"tsung_controller@ip-172-31-31-18"} 1 6170.0 0.0 6170 615 3335.714285714286 21
stats: {sentpackets,"tsung_controller@ip-172-31-31-18"} 1 6825.0 0.0 6825 660 3492.6666666666665 21
stats: {cpu,"tsung_controller@ip-172-31-31-18"} 1 6.572295247724974 0.0 7.455268389662027 1.1011011011011012 4.147123152350056 22
stats: {load,"tsung_controller@ip-172-31-31-18"} 1 0.0 0.0 0.0 0.0 0.0 22
stats: session 345 60708.34644927531 24338.01471192564 104266.39 35006.486 56244.33078927325 3151
stats: users_count 456 5921
stats: finish_users_count 345 3496
stats: request 1626 972.3080393603915 1301.4919435541362 14363.37 0.382 1174.4187102080587 17447
stats: connect 865 3.3362705202312104 3.523899892730558 502.602 0.591 5.28753027588678 8373
stats: page 1159 1343.5625608282983 1953.648406850703 14363.37 0.456 1702.6644338376657 11963
stats: 302 248 4714
stats: 200 259 6125
stats: size_rcv 793052 10938968
stats: newphase 0 7
stats: 502 1038 7606
stats: size_sent 725428 10931348
stats: connected -22 838
stats: 500 81 628
# stats: dump at 1575249014
stats: users 2519 2528
stats: {freemem,"tsung_controller@ip-172-31-31-18"} 1 3421.41796875 0.0 3521.74609375 3421.33984375 3462.694293478261 23
stats: {recvpackets,"tsung_controller@ip-172-31-31-18"} 1 6663.0 0.0 6663 615 3464.5454545454545 22
stats: {sentpackets,"tsung_controller@ip-172-31-31-18"} 1 7425.0 0.0 7425 660 3644.1363636363635 22
stats: {cpu,"tsung_controller@ip-172-31-31-18"} 1 9.880239520958083 0.0 9.880239520958083 1.1011011011011012 4.252565417366356 23
stats: {load,"tsung_controller@ip-172-31-31-18"} 1 0.0 0.0 0.0 0.0 0.0 23
stats: session 353 58967.57496883853 24412.961524463826 104266.39 35006.486 56684.85865045766 3496
stats: users_count 447 6368
stats: finish_users_count 353 3849
stats: request 1614 1026.2502620817872 1324.4138698322229 14363.37 0.382 1157.188492056834 19073
stats: connect 989 9.1230465116279 41.17499760452844 502.602 0.591 5.104824096124703 9238
stats: page 1194 1412.76367755444 2065.4167293259293 14363.37 0.456 1670.946778692272 13122
stats: 302 257 4971
stats: 200 262 6387
stats: size_rcv 786166 11725134
stats: newphase 0 7
stats: 502 1011 8617
stats: size_sent 735529 11666877
stats: connected -8 830
stats: 500 84 712
# stats: dump at 1575249024
stats: users 2603 2604
stats: {freemem,"tsung_controller@ip-172-31-31-18"} 1 3421.0625 0.0 3521.74609375 3421.0625 3460.9744466145835 24
stats: {recvpackets,"tsung_controller@ip-172-31-31-18"} 1 7349.0 0.0 7349 615 3603.608695652174 23
stats: {sentpackets,"tsung_controller@ip-172-31-31-18"} 1 7997.0 0.0 7997 660 3808.521739130435 23
stats: {cpu,"tsung_controller@ip-172-31-31-18"} 1 10.20812685827552 0.0 10.20812685827552 1.1011011011011012 4.487051838349345 24
stats: {load,"tsung_controller@ip-172-31-31-18"} 1 0.0 0.0 0.0 0.0 0.0 24
stats: session 371 63485.319075471656 23863.306332039374 104266.39 35006.486 56894.2114330995 3849
stats: users_count 455 6823
stats: finish_users_count 371 4220
stats: request 1577 980.0414337349396 1236.0770828427055 14363.37 0.382 1146.9726897085127 20687
stats: connect 988 3.3742206477732806 3.326564456750808 502.602 0.591 5.493405495257651 10227
stats: page 1154 1364.0691559792003 1876.3719077320143 14363.37 0.436 1649.413485680357 14316
stats: 302 264 5235
stats: 200 227 6614
stats: size_rcv 802124 12527258
stats: newphase 1 8
stats: 502 969 9586
stats: size_sent 673792 12340669
stats: connected 26 856
stats: 500 117 829
# stats: dump at 1575249034
stats: users 2667 2669
stats: {freemem,"tsung_controller@ip-172-31-31-18"} 1 3406.4375 0.0 3521.74609375 3406.4375 3459.37796875 25
stats: {recvpackets,"tsung_controller@ip-172-31-31-18"} 1 7334.0 0.0 7349 615 3759.6666666666665 24
stats: {sentpackets,"tsung_controller@ip-172-31-31-18"} 1 7997.0 0.0 7997 660 3983.0416666666665 24
stats: {cpu,"tsung_controller@ip-172-31-31-18"} 1 8.157099697885197 0.0 10.20812685827552 1.1011011011011012 4.715894839146392 25
stats: {load,"tsung_controller@ip-172-31-31-18"} 1 0.0 0.0 0.0 0.0 0.0 25
stats: session 408 61368.914399509784 23765.49084958362 104266.39 35006.486 57473.666631042644 4220
stats: users_count 472 7295
stats: finish_users_count 408 4628
stats: request 1674 958.7712873357224 1237.4484909256707 14363.37 0.382 1135.1486423374056 22264
stats: connect 1053 3.157848053181381 3.032871456913091 502.602 0.56 5.306713152028533 11215
stats: page 1259 1268.3847426529012 1803.8250060754378 14363.37 0.436 1628.127942275371 15470
stats: 302 280 5515
stats: 200 237 6851
stats: size_rcv 814875 13342133
stats: newphase 0 8
stats: 502 1048 10634
stats: size_sent 676682 13017351
stats: connected 3 859
stats: 500 109 938
# stats: dump at 1575249044
stats: users 2795 2798
stats: {freemem,"tsung_controller@ip-172-31-31-18"} 1 3405.39453125 0.0 3521.74609375 3405.39453125 3457.341796875 26
stats: {recvpackets,"tsung_controller@ip-172-31-31-18"} 1 7627.0 0.0 7627 615 3902.64 25
stats: {sentpackets,"tsung_controller@ip-172-31-31-18"} 1 8405.0 0.0 8405 660 4143.6 25
stats: {cpu,"tsung_controller@ip-172-31-31-18"} 1 9.481037924151696 0.0 10.20812685827552 1.1011011011011012 4.848248872174808 26
stats: {load,"tsung_controller@ip-172-31-31-18"} 1 0.078125 0.0 0.078125 0.0 0.0 26
stats: session 398 58025.21326633167 23838.47016357414 104266.39 35006.486 57817.06790363007 4628
stats: users_count 526 7821
stats: finish_users_count 398 5026
stats: request 1928 840.040907676349 1231.6053417438798 14363.37 0.382 1122.8144585178377 23938
stats: connect 1136 3.191220070422536 3.0830767238866805 502.602 0.56 5.122269481578089 12268
stats: page 1362 1191.4191336270194 1846.957827307719 14363.37 0.436 1601.0541967840272 16729
stats: 302 258 5773
stats: 200 225 7076
stats: size_rcv 914363 14256496
stats: newphase 0 8
stats: 502 1318 11952
stats: size_sent 766608 13783959
stats: connected 2 861
stats: 500 127 1065
# stats: dump at 1575249054
stats: users 2868 2872
stats: {freemem,"tsung_controller@ip-172-31-31-18"} 1 3404.4765625 0.0 3521.74609375 3404.4765625 3455.417824074074 27
stats: {recvpackets,"tsung_controller@ip-172-31-31-18"} 1 8170.0 0.0 8170 615 4045.8846153846152 26
stats: {sentpackets,"tsung_controller@ip-172-31-31-18"} 1 8973.0 0.0 8973 660 4307.500000000001 26
stats: {cpu,"tsung_controller@ip-172-31-31-18"} 1 11.49312377210216 0.0 11.49312377210216 1.1011011011011012 5.019833651877656 27
stats: {load,"tsung_controller@ip-172-31-31-18"} 1 0.0703125 0.0 0.078125 0.0 0.0028935185185185184 27
stats: session 447 59084.864348993266 23643.072723798457 104266.39 35006.486 57833.550564663754 5026
stats: users_count 520 8341
stats: finish_users_count 447 5473
stats: request 1920 833.7647432291681 1271.4501410653286 14363.37 0.382 1101.7370825794478 25866
stats: connect 1150 3.300604347826087 3.2720757385964547 502.602 0.56 4.95861145926589 13404
stats: page 1392 1123.3558239942552 1850.412090222701 14363.37 0.436 1570.2143893648772 18091
stats: 302 231 6004
stats: 200 225 7301
stats: size_rcv 916155 15172651
stats: newphase 1 9
stats: 502 1345 13297
stats: size_sent 754393 14538352
stats: connected -29 832
stats: 500 119 1184
# stats: dump at 1575249064
stats: users 2960 2960
stats: {freemem,"tsung_controller@ip-172-31-31-18"} 1 3403.8203125 0.0 3521.74609375 3403.8203125 3453.5984933035716 28
stats: {recvpackets,"tsung_controller@ip-172-31-31-18"} 1 8084.0 0.0 8170 615 4198.62962962963 27
stats: {sentpackets,"tsung_controller@ip-172-31-31-18"} 1 8999.0 0.0 8999 660 4480.296296296297 27
stats: {cpu,"tsung_controller@ip-172-31-31-18"} 1 9.42828485456369 0.0 11.49312377210216 1.1011011011011012 5.251022584742818 28
stats: {load,"tsung_controller@ip-172-31-31-18"} 1 0.05859375 0.0 0.078125 0.0 0.005301339285714286 28
stats: session 436 59004.7337545872 23566.136118662518 104266.39 35006.486 57935.74995468664 5473
stats: users_count 528 8869
stats: finish_users_count 436 5909
stats: request 1960 810.1040010204072 1275.5911569484808 14363.37 0.382 1083.2203154466279 27786
stats: connect 1193 3.247200335289184 3.183571574098781 502.602 0.56 4.827602239934039 14554
stats: page 1442 1119.418733703189 1862.8358401564142 14363.37 0.436 1538.2877290458346 19483
stats: 302 252 6256
stats: 200 217 7518
stats: size_rcv 864091 16036742
stats: newphase 0 9
stats: 502 1398 14695
stats: size_sent 789304 15327656
stats: connected 13 845
stats: 500 93 1277
# stats: dump at 1575249074
stats: users 3024 3029
stats: {freemem,"tsung_controller@ip-172-31-31-18"} 1 3403.2890625 0.0 3521.74609375 3403.2890625 3451.8820043103447 29
stats: {recvpackets,"tsung_controller@ip-172-31-31-18"} 1 8418.0 0.0 8418 615 4337.392857142857 28
stats: {sentpackets,"tsung_controller@ip-172-31-31-18"} 1 9366.0 0.0 9366 660 4641.6785714285725 28
stats: {cpu,"tsung_controller@ip-172-31-31-18"} 1 8.536585365853659 0.0 11.49312377210216 1.1011011011011012 5.395066111288364 29
stats: {load,"tsung_controller@ip-172-31-31-18"} 1 0.05078125 0.0 0.078125 0.0 0.0071390086206896556 29
stats: session 463 59834.470740820674 23671.70715778323 104266.39 35006.486 58014.6257266881 5909
stats: users_count 527 9396
stats: finish_users_count 463 6372
stats: request 2000 826.9884579999996 1246.1901874233733 14363.37 0.382 1065.2243504000537 29746
stats: connect 1214 3.1396400329489254 3.0622021839786724 502.602 0.56 4.707870261002094 15747
stats: page 1460 1123.0413479452068 1844.786523462563 14363.37 0.429 1509.4223005495817 20925
stats: 302 247 6503
stats: 200 236 7754
stats: size_rcv 943471 16980213
stats: newphase 0 9
stats: 502 1390 16085
stats: size_sent 756815 16084471
stats: connected -4 841
stats: 500 127 1404
# stats: dump at 1575249084
stats: users 3092 3119
stats: {freemem,"tsung_controller@ip-172-31-31-18"} 1 3402.66796875 0.0 3521.74609375 3402.66796875 3450.262239583333 30
stats: {recvpackets,"tsung_controller@ip-172-31-31-18"} 1 8536.0 0.0 8536 615 4478.103448275862 29
stats: {sentpackets,"tsung_controller@ip-172-31-31-18"} 1 9497.0 0.0 9497 660 4804.5862068965525 29
stats: {cpu,"tsung_controller@ip-172-31-31-18"} 1 8.60323886639676 0.0 11.49312377210216 1.1011011011011012 5.499783419773874 30
stats: {load,"tsung_controller@ip-172-31-31-18"} 1 0.0390625 0.0 0.078125 0.0 0.00859375 30
stats: session 482 58860.68078008299 23277.35453053792 104266.39 35006.486 58146.85865850595 6372
stats: users_count 550 9946
stats: finish_users_count 482 6854
stats: request 2096 772.5769417938943 1151.7067686701128 14363.37 0.381 1050.215474169974 31746
stats: connect 1268 3.301044164037857 3.212563140025251 502.602 0.56 4.595622663758032 16961
stats: page 1517 1094.2374482531336 1747.23135890347 14363.37 0.429 1484.2216666071029 22385
stats: 302 275 6778
stats: 200 261 8015
stats: size_rcv 959827 17940040
stats: newphase 1 10
stats: 502 1448 17533
stats: size_sent 785695 16870166
stats: connected 17 858
stats: 500 112 1516
# stats: dump at 1575249094
stats: users 3209 3210
stats: {freemem,"tsung_controller@ip-172-31-31-18"} 1 3401.40625 0.0 3521.74609375 3401.40625 3448.7269405241937 31
stats: {recvpackets,"tsung_controller@ip-172-31-31-18"} 1 8937.0 0.0 8937 615 4613.366666666667 30
stats: {sentpackets,"tsung_controller@ip-172-31-31-18"} 1 9919.0 0.0 9919 660 4961.000000000001 30
stats: {cpu,"tsung_controller@ip-172-31-31-18"} 1 10.67864271457086 0.0 11.49312377210216 1.1011011011011012 5.599894885793967 31
stats: {load,"tsung_controller@ip-172-31-31-18"} 1 0.03125 0.0 0.078125 0.0 0.009576612903225807 31
stats: session 475 60050.10812631582 23795.82415297307 104266.39 35006.486 58197.057412897564 6854
stats: users_count 592 10538
stats: finish_users_count 475 7329
stats: request 2155 754.2652496519709 1131.0335860836128 14363.37 0.381 1033.0199666981855 33842
stats: connect 1309 5.326106951871662 16.104346270633005 502.602 0.507 4.5055724395194465 18229
stats: page 1568 1027.5570465561223 1599.2917621480433 14363.37 0.429 1459.4703462471762 23902
stats: 302 296 7074
stats: 200 239 8254
stats: size_rcv 971901 18911941
stats: newphase 0 10
stats: 502 1497 19030
stats: size_sent 790961 17661127
stats: connected -5 853
stats: 500 123 1639
# stats: dump at 1575249104
stats: users 3271 3272
stats: {freemem,"tsung_controller@ip-172-31-31-18"} 1 3400.3203125 0.0 3521.74609375 3400.3203125 3447.2481689453125 32
stats: {recvpackets,"tsung_controller@ip-172-31-31-18"} 1 9093.0 0.0 9093 615 4752.8387096774195 31
stats: {sentpackets,"tsung_controller@ip-172-31-31-18"} 1 10013.0 0.0 10013 660 5120.935483870969 31
stats: {cpu,"tsung_controller@ip-172-31-31-18"} 1 12.647058823529411 0.0 12.647058823529411 1.1011011011011012 5.758605755443245 32
stats: {load,"tsung_controller@ip-172-31-31-18"} 1 0.03125 0.0 0.078125 0.0 0.01025390625 32
stats: session 504 57863.495226190455 23271.703852584018 104266.39 35006.486 58317.15552844862 7329
stats: users_count 566 11104
stats: finish_users_count 504 7833
stats: request 2034 790.2215294985263 1169.3755208576702 14363.37 0.381 1016.3320089451896 35997
stats: connect 1247 9.21404250200479 31.856060698994426 502.602 0.507 4.56054631999181 19538
stats: page 1525 1038.6862754098347 1678.6691806933572 14363.37 0.429 1432.8806307420498 25470
stats: 302 252 7326
stats: 200 268 8522
stats: size_rcv 939330 19851271
stats: newphase 0 10
stats: 502 1405 20435
stats: size_sent 764721 18425848
stats: connected -20 833
stats: 500 109 1748
# stats: dump at 1575249114
stats: users 2925 3278
stats: {freemem,"tsung_controller@ip-172-31-31-18"} 1 3385.55859375 0.0 3521.74609375 3385.55859375 3445.826112689394 33
stats: {recvpackets,"tsung_controller@ip-172-31-31-18"} 1 8642.0 0.0 9093 615 4888.46875 32
stats: {sentpackets,"tsung_controller@ip-172-31-31-18"} 1 9671.0 0.0 10013 660 5273.812500000001 32
stats: {cpu,"tsung_controller@ip-172-31-31-18"} 1 10.73558648111332 0.0 12.647058823529411 1.1011011011011012 5.967346757506462 33
stats: {load,"tsung_controller@ip-172-31-31-18"} 1 0.1015625 0.0 0.1015625 0.0 0.010890151515151516 33
stats: session 397 59074.38215617127 23467.283525860104 104266.39 35006.485 58287.965589429325 7833
stats: users_count 51 11155
stats: finish_users_count 397 8230
stats: request 1212 1330.7428432343243 1308.8492600581742 14363.37 0.381 1004.239013357524 38031
stats: connect 766 2.995946475195824 3.0618714278588226 502.602 0.507 4.839733702189077 20785
stats: page 1070 1613.3111476635513 1850.858845397496 14363.37 0.425 1410.6118257084647 26995
stats: 302 175 7501
stats: 200 263 8785
stats: size_rcv 808018 20659289
stats: newphase 0 10
stats: 502 596 21031
stats: size_sent 546889 18972737
stats: connected 12 845
stats: 500 178 1926
# stats: dump at 1575249124
stats: users 2405 3278
stats: {freemem,"tsung_controller@ip-172-31-31-18"} 1 3384.8359375 0.0 3521.74609375 3384.8359375 3444.053538602941 34
stats: {recvpackets,"tsung_controller@ip-172-31-31-18"} 1 5087.0 0.0 9093 615 5002.212121212121 33
stats: {sentpackets,"tsung_controller@ip-172-31-31-18"} 1 5902.0 0.0 10013 660 5407.060606060607 33
stats: {cpu,"tsung_controller@ip-172-31-31-18"} 1 6.281156530408774 0.0 12.647058823529411 1.1011011011011012 6.107589102318428 34
stats: {load,"tsung_controller@ip-172-31-31-18"} 1 0.08984375 0.0 0.1015625 0.0 0.013556985294117647 34
stats: session 520 62102.87010769232 23389.07288102994 104266.39 35006.446 58325.900872174956 8230
stats: users_count 0 11155
stats: finish_users_count 520 8750
stats: request 1069 1510.240102899908 1320.3333045117201 14363.37 0.381 1014.3229172846111 39243
stats: connect 543 3.2879594843462283 3.2425461834153295 502.602 0.498 4.774198877082269 21551
stats: page 1069 1510.240102899908 1320.3333045117201 14363.37 0.425 1418.3398953500805 28065
stats: 302 157 7658
stats: 200 257 9042
stats: size_rcv 785733 21445022
stats: newphase 0 10
stats: 502 463 21494
stats: size_sent 477052 19449789
stats: connected -7 838
stats: 500 192 2118
# stats: dump at 1575249134
stats: users 1836 3278
stats: {freemem,"tsung_controller@ip-172-31-31-18"} 1 3384.23046875 0.0 3521.74609375 3384.23046875 3442.3616071428573 35
stats: {recvpackets,"tsung_controller@ip-172-31-31-18"} 1 4647.0 0.0 9093 615 5004.705882352941 34
stats: {sentpackets,"tsung_controller@ip-172-31-31-18"} 1 5914.0 0.0 10013 660 5421.617647058824 34
stats: {cpu,"tsung_controller@ip-172-31-31-18"} 1 9.68063872255489 0.0 12.647058823529411 1.1011011011011012 6.112548171692438 35
stats: {load,"tsung_controller@ip-172-31-31-18"} 1 0.0703125 0.0 0.1015625 0.0 0.015736607142857142 35
stats: session 569 59733.46826889279 23540.11096537046 104266.39 35006.446 58550.360758171424 8750
stats: users_count 0 11155
stats: finish_users_count 569 9319
stats: request 1150 1388.6593139130446 1290.1577614378043 14363.37 0.381 1027.473727748561 40312
stats: connect 525 3.3768419047619056 3.3712469983045317 502.602 0.498 4.737671856612654 22094
stats: page 1150 1388.6593139130446 1290.1577614378043 14363.37 0.425 1421.7119459394526 29134
stats: 302 151 7809
stats: 200 260 9302
stats: size_rcv 836537 22281559
stats: newphase 0 10
stats: 502 534 22028
stats: size_sent 499541 19949330
stats: connected -46 792
stats: 500 205 2323
# stats: dump at 1575249144
stats: users 1308 3278
stats: {freemem,"tsung_controller@ip-172-31-31-18"} 1 3384.08984375 0.0 3521.74609375 3384.08984375 3440.7468532986113 36
stats: {recvpackets,"tsung_controller@ip-172-31-31-18"} 1 4410.0 0.0 9093 615 4994.4857142857145 35
stats: {sentpackets,"tsung_controller@ip-172-31-31-18"} 1 5555.0 0.0 10013 660 5435.685714285715 35
stats: {cpu,"tsung_controller@ip-172-31-31-18"} 1 5.483549351944168 0.0 12.647058823529411 1.1011011011011012 6.211661798105285 36
stats: {load,"tsung_controller@ip-172-31-31-18"} 1 0.05859375 0.0 0.1015625 0.0 0.017252604166666668 36
stats: session 528 63022.65288257579 23377.842375314503 104266.39 35005.671 58622.59899978538 9319
stats: users_count 0 11155
stats: finish_users_count 528 9847
stats: request 851 1873.4734148061077 1113.7455647814813 14363.37 0.381 1037.4916580000963 41462
stats: connect 260 3.056488461538464 2.811450903116769 502.602 0.498 4.706086210707812 22619
stats: page 851 1873.4734148061077 1113.7455647814813 14363.37 0.425 1420.456810328887 30284
stats: 302 195 8004
stats: 200 275 9577
stats: size_rcv 661000 22942559
stats: newphase 0 10
stats: 502 219 22247
stats: size_sent 393034 20342364
stats: connected -267 525
stats: 500 162 2485
# stats: dump at 1575249154
stats: users 999 3278
stats: {freemem,"tsung_controller@ip-172-31-31-18"} 1 3384.0 0.0 3521.74609375 3384.0 3439.2155827702704 37
stats: {recvpackets,"tsung_controller@ip-172-31-31-18"} 1 3431.0 0.0 9093 615 4978.25 36
stats: {sentpackets,"tsung_controller@ip-172-31-31-18"} 1 4229.0 0.0 10013 660 5439.000000000001 36
stats: {cpu,"tsung_controller@ip-172-31-31-18"} 1 3.8229376257545273 0.0 12.647058823529411 1.1011011011011012 6.191983083344174 37
stats: {load,"tsung_controller@ip-172-31-31-18"} 1 0.12890625 0.0 0.12890625 0.0 0.018369932432432432 37
stats: session 309 80355.62356310678 13744.373269521484 104266.39 35005.671 58858.531613791005 9847
stats: users_count 0 11155
stats: finish_users_count 309 10156
stats: request 681 1044.9135873715122 919.3937312851157 14363.37 0.381 1054.3049417436719 42313
stats: connect 299 6.894351170568563 23.166478428605277 502.602 0.498 4.687339962410945 22879
stats: page 681 1044.9135873715122 919.3937312851157 14363.37 0.425 1432.838924682833 31135
stats: 302 281 8285
stats: 200 150 9727
stats: size_rcv 665598 23608157
stats: newphase 0 10
stats: 502 0 22247
stats: size_sent 226514 20568878
stats: connected -21 504
stats: 500 250 2735
# stats: dump at 1575249164
stats: users 641 3278
stats: {freemem,"tsung_controller@ip-172-31-31-18"} 1 3384.0078125 0.0 3521.74609375 3384.0 3437.7625411184213 38
stats: {recvpackets,"tsung_controller@ip-172-31-31-18"} 1 2637.0 0.0 9093 615 4936.4324324324325 37
stats: {sentpackets,"tsung_controller@ip-172-31-31-18"} 1 3176.0 0.0 10013 660 5406.297297297298 37
stats: {cpu,"tsung_controller@ip-172-31-31-18"} 1 3.2160804020100504 0.0 12.647058823529411 1.1011011011011012 6.129639781828656 38
stats: {load,"tsung_controller@ip-172-31-31-18"} 1 0.109375 0.0 0.12890625 0.0 0.021278782894736843 38
stats: session 358 83457.2201703911 3022.5268222995887 104266.39 35005.671 59512.588468097674 10156
stats: users_count 0 11155
stats: finish_users_count 358 10514
stats: request 652 41.479226993865055 48.8436942815355 14363.37 0.381 1054.1561881425312 42994
stats: connect 291 1.7526426116838476 1.957098701986761 502.602 0.498 4.715810768832514 23178
stats: page 652 41.479226993865055 48.8436942815355 14363.37 0.425 1424.5356447384966 31816
stats: 302 361 8646
stats: 200 76 9803
stats: size_rcv 536975 24145132
stats: newphase 0 10
stats: 502 0 22247
stats: size_sent 281302 20850180
stats: connected -70 434
stats: 500 215 2950
# stats: dump at 1575249174
stats: users 349 3278
stats: {freemem,"tsung_controller@ip-172-31-31-18"} 1 3391.6875 0.0 3521.74609375 3384.0 3436.38421474359 39
stats: {recvpackets,"tsung_controller@ip-172-31-31-18"} 1 2716.0 0.0 9093 615 4875.921052631579 38
stats: {sentpackets,"tsung_controller@ip-172-31-31-18"} 1 3420.0 0.0 10013 660 5347.605263157896 38
stats: {cpu,"tsung_controller@ip-172-31-31-18"} 1 2.920443101711984 0.0 12.647058823529411 1.1011011011011012 6.054933131064077 39
stats: {load,"tsung_controller@ip-172-31-31-18"} 1 0.08984375 0.0 0.12890625 0.0 0.023537660256410256 39
stats: session 292 82308.27183561648 2502.297460453056 104266.39 35005.671 60327.899305972984 10514
stats: users_count 0 11155
stats: finish_users_count 292 10806
stats: request 543 22.308751381215476 18.4139103351117 14363.37 0.381 1039.0284472574801 43646
stats: connect 251 1.132820717131474 1.1988179751650245 502.602 0.498 4.679069453321404 23469
stats: page 543 22.308751381215476 18.4139103351117 14363.37 0.425 1396.7620589195517 32468
stats: 302 292 8938
stats: 200 78 9881
stats: size_rcv 441023 24586155
stats: newphase 0 10
stats: 502 0 22247
stats: size_sent 232543 21082723
stats: connected -163 271
stats: 500 173 3123
# stats: dump at 1575249184
stats: users 95 3278
stats: {freemem,"tsung_controller@ip-172-31-31-18"} 1 3408.62109375 0.0 3521.74609375 3384.0 3435.266796875 40
stats: {recvpackets,"tsung_controller@ip-172-31-31-18"} 1 2533.0 0.0 9093 615 4820.538461538462 39
stats: {sentpackets,"tsung_controller@ip-172-31-31-18"} 1 3102.0 0.0 10013 660 5298.179487179489 39
stats: {cpu,"tsung_controller@ip-172-31-31-18"} 1 2.8112449799196786 0.0 12.647058823529411 1.1011011011011012 5.976570880330274 40
stats: {load,"tsung_controller@ip-172-31-31-18"} 1 0.078125 0.0 0.12890625 0.0 0.0251953125 40
stats: session 254 82481.20154330709 2828.56542335534 104266.39 35005.671 60921.85347760504 10806
stats: users_count 0 11155
stats: finish_users_count 254 11060
stats: request 351 21.040709401709417 23.329072993988806 14363.37 0.381 1026.5348675235914 44189
stats: connect 102 1.4515196078431365 1.9696601763755717 502.602 0.498 4.641543802698146 23720
stats: page 351 21.040709401709417 23.329072993988806 14363.37 0.425 1374.1535906516012 33011
stats: 302 250 9188
stats: 200 58 9939
stats: size_rcv 161561 24747716
stats: newphase 0 10
stats: 502 0 22247
stats: size_sent 181962 21264685
stats: connected -168 103
stats: 500 44 3167
# stats: dump at 1575249194
stats: users 1 3278
stats: {freemem,"tsung_controller@ip-172-31-31-18"} 1 3409.3125 0.0 3521.74609375 3384.0 3434.6169016768295 41
stats: {recvpackets,"tsung_controller@ip-172-31-31-18"} 1 1117.0 0.0 9093 615 4763.35 40
stats: {sentpackets,"tsung_controller@ip-172-31-31-18"} 1 1610.0 0.0 10013 660 5243.275000000002 40
stats: {cpu,"tsung_controller@ip-172-31-31-18"} 1 1.2072434607645874 0.0 12.647058823529411 1.1011011011011012 5.8993678095885524 41
stats: {load,"tsung_controller@ip-172-31-31-18"} 1 0.0703125 0.0 0.12890625 0.0 0.026486280487804877 41
stats: session 94 84879.531393617 2932.8219685290637 104266.39 35005.671 61416.9777460217 11060
stats: users_count 0 11155
stats: finish_users_count 94 11154
stats: request 102 9.637137254901962 3.5389205179180676 14363.37 0.381 1018.611013695554 44540
stats: connect 0 0 0 502.602 0.498 4.627884896314331 23822
stats: page 102 9.637137254901962 3.5389205179180676 14363.37 0.425 1359.9175550026978 33362
stats: 302 102 9290
stats: 200 0 9939
stats: size_rcv 13464 24761180
stats: newphase 0 10
stats: 502 0 22247
stats: size_sent 68978 21333663
stats: connected -102 1
stats: 500 0 3167
# stats: dump at 1575249204
stats: users 1 3278
stats: {freemem,"tsung_controller@ip-172-31-31-18"} 1 3410.5078125 0.0 3521.74609375 3384.0 3434.0144159226193 42
stats: {recvpackets,"tsung_controller@ip-172-31-31-18"} 1 220.0 0.0 9093 220 4674.414634146341 41
stats: {sentpackets,"tsung_controller@ip-172-31-31-18"} 1 330.0 0.0 10013 330 5154.658536585368 41
stats: {cpu,"tsung_controller@ip-172-31-31-18"} 1 0.1004016064257028 0.0 12.647058823529411 0.1004016064257028 5.787650563187983 42
stats: {load,"tsung_controller@ip-172-31-31-18"} 1 0.05859375 0.0 0.12890625 0.0 0.027529761904761904 42
stats: session 0 0 0 104266.39 35005.671 61614.70771221087 11154
stats: users_count 0 11155
stats: finish_users_count 0 11154
stats: request 0 0 0 14363.37 0.381 1016.305665919985 44642
stats: connect 0 0 0 502.602 0.498 4.627884896314331 23822
stats: page 0 0 0 14363.37 0.425 1355.8018305641885 33464
stats: 302 0 9290
stats: 200 0 9939
stats: size_rcv 0 24761180
stats: newphase 0 10
stats: 502 0 22247
stats: size_sent 0 21333663
stats: connected 0 1
stats: 500 0 3167
# stats: dump at 1575249214
stats: users 1 3278
stats: {freemem,"tsung_controller@ip-172-31-31-18"} 1 3410.51953125 0.0 3521.74609375 3384.0 3433.4677507267443 43
stats: {recvpackets,"tsung_controller@ip-172-31-31-18"} 1 0.0 0.0 9093 0 4568.357142857142 42
stats: {sentpackets,"tsung_controller@ip-172-31-31-18"} 1 0.0 0.0 10013 0 5039.7857142857165 42
stats: {cpu,"tsung_controller@ip-172-31-31-18"} 1 0.1 0.0 12.647058823529411 0.1 5.655388959542348 43
stats: {load,"tsung_controller@ip-172-31-31-18"} 1 0.05078125 0.0 0.12890625 0.0 0.02825218023255814 43
stats: session 0 0 0 104266.39 35005.671 61614.70771221087 11154
stats: users_count 0 11155
stats: finish_users_count 0 11154
stats: request 0 0 0 14363.37 0.381 1016.305665919985 44642
stats: connect 0 0 0 502.602 0.498 4.627884896314331 23822
stats: page 0 0 0 14363.37 0.425 1355.8018305641885 33464
stats: 302 0 9290
stats: 200 0 9939
stats: size_rcv 0 24761180
stats: newphase 0 10
stats: 502 0 22247
stats: size_sent 0 21333663
stats: connected 0 1
stats: 500 0 3167
# stats: dump at 1575249224
stats: users 1 3278
stats: {freemem,"tsung_controller@ip-172-31-31-18"} 1 3410.7890625 0.0 3521.74609375 3384.0 3432.946200284091 44
stats: {recvpackets,"tsung_controller@ip-172-31-31-18"} 1 6.0 0.0 9093 0 4462.116279069767 43
stats: {sentpackets,"tsung_controller@ip-172-31-31-18"} 1 6.0 0.0 10013 0 4922.58139534884 43
stats: {cpu,"tsung_controller@ip-172-31-31-18"} 1 0.1 0.0 12.647058823529411 0.1 5.529130119552749 44
stats: {load,"tsung_controller@ip-172-31-31-18"} 1 0.0390625 0.0 0.12890625 0.0 0.028764204545454544 44
stats: session 0 0 0 104266.39 35005.671 61614.70771221087 11154
stats: users_count 0 11155
stats: finish_users_count 0 11154
stats: request 0 0 0 14363.37 0.381 1016.305665919985 44642
stats: connect 0 0 0 502.602 0.498 4.627884896314331 23822
stats: page 0 0 0 14363.37 0.425 1355.8018305641885 33464
stats: 302 0 9290
stats: 200 0 9939
stats: size_rcv 0 24761180
stats: newphase 0 10
stats: 502 0 22247
stats: size_sent 0 21333663
stats: connected 0 1
stats: 500 0 3167
# stats: dump at 1575249234
stats: users 1 3278
stats: {freemem,"tsung_controller@ip-172-31-31-18"} 1 3410.91796875 0.0 3521.74609375 3384.0 3432.4538194444444 45
stats: {recvpackets,"tsung_controller@ip-172-31-31-18"} 1 0.0 0.0 9093 0 4360.840909090909 44
stats: {sentpackets,"tsung_controller@ip-172-31-31-18"} 1 0.0 0.0 10013 0 4810.840909090912 44
stats: {cpu,"tsung_controller@ip-172-31-31-18"} 1 0.0 0.0 12.647058823529411 0.0 5.408482783562688 45
stats: {load,"tsung_controller@ip-172-31-31-18"} 1 0.03125 0.0 0.12890625 0.0 0.028993055555555557 45
stats: session 0 0 0 104266.39 35005.671 61614.70771221087 11154
stats: users_count 0 11155
stats: finish_users_count 0 11154
stats: request 0 0 0 14363.37 0.381 1016.305665919985 44642
stats: connect 0 0 0 502.602 0.498 4.627884896314331 23822
stats: page 0 0 0 14363.37 0.425 1355.8018305641885 33464
stats: 302 0 9290
stats: 200 0 9939
stats: size_rcv 0 24761180
stats: newphase 0 10
stats: 502 0 22247
stats: size_sent 0 21333663
stats: connected 0 1
stats: 500 0 3167
# stats: dump at 1575249244
stats: users 1 3278
stats: {freemem,"tsung_controller@ip-172-31-31-18"} 1 3410.93359375 0.0 3521.74609375 3384.0 3431.985648777174 46
stats: {recvpackets,"tsung_controller@ip-172-31-31-18"} 1 0.0 0.0 9093 0 4263.933333333333 45
stats: {sentpackets,"tsung_controller@ip-172-31-31-18"} 1 0.0 0.0 10013 0 4703.933333333336 45
stats: {cpu,"tsung_controller@ip-172-31-31-18"} 1 0.10010010010010009 0.0 12.647058823529411 0.0 5.290907070876543 46
stats: {load,"tsung_controller@ip-172-31-31-18"} 1 0.03125 0.0 0.12890625 0.0 0.029042119565217392 46
stats: session 0 0 0 104266.39 35005.671 61614.70771221087 11154
stats: users_count 0 11155
stats: finish_users_count 0 11154
stats: request 0 0 0 14363.37 0.381 1016.305665919985 44642
stats: connect 0 0 0 502.602 0.498 4.627884896314331 23822
stats: page 0 0 0 14363.37 0.425 1355.8018305641885 33464
stats: 302 0 9290
stats: 200 0 9939
stats: size_rcv 0 24761180
stats: newphase 0 10
stats: 502 0 22247
stats: size_sent 0 21333663
stats: connected 0 1
stats: 500 0 3167
# stats: dump at 1575249251
stats: users 0 3278
stats: {freemem,"tsung_controller@ip-172-31-31-18"} 1 3410.984375 0.0 3521.74609375 3384.0 3431.537732712766 47
stats: {recvpackets,"tsung_controller@ip-172-31-31-18"} 1 0.0 0.0 9093 0 4171.239130434783 46
stats: {sentpackets,"tsung_controller@ip-172-31-31-18"} 1 1.0 0.0 10013 0 4601.673913043481 46
stats: {cpu,"tsung_controller@ip-172-31-31-18"} 1 0.1 0.0 12.647058823529411 0.0 5.180464369370661 47
stats: {load,"tsung_controller@ip-172-31-31-18"} 1 0.01953125 0.0 0.12890625 0.0 0.02908909574468085 47
stats: session 1 152828.465 0.0 152828.465 35005.671 61614.70771221087 11154
stats: users_count 0 11155
stats: finish_users_count 1 11155
stats: request 1 65035.446 0.0 65035.446 0.381 1016.305665919985 44642
stats: connect 0 0 0 502.602 0.498 4.627884896314331 23822
stats: page 1 65035.446 0.0 65035.446 0.425 1355.8018305641885 33464
stats: 302 0 9290
stats: 200 0 9939
stats: size_rcv 0 24761180
stats: newphase 0 10
stats: 502 0 22247
stats: size_sent 0 21333663
stats: connected -1 0
stats: 500 0 3167
EndMonitor:{1575,249251,450921}
