# stats: dump at 1574405708
stats: users 12 12
stats: {freemem,"tsung_controller@ip-172-31-28-236"} 1 3521.0546875 0 3521.0546875 3521.0546875 0 0
stats: {load,"tsung_controller@ip-172-31-28-236"} 1 0.16015625 0 0.16015625 0.16015625 0 0
stats: {cpu,"tsung_controller@ip-172-31-28-236"} 1 2.1126597607349185 0 2.1126597607349185 2.1126597607349185 0 0
stats: users_count 12 12
stats: finish_users_count 0 0
stats: request 22 24.569318181818186 22.104194111250727 120.194 13.507 0 0
stats: connect 12 3.3965833333333335 5.515613602285989 21.568 1.229 0 0
stats: page 12 45.26425 43.030507757336146 176.421 14.939 0 0
stats: 302 12 12
stats: 200 10 10
stats: size_rcv 11807 11807
stats: size_sent 11923 11923
stats: connected 12 12
# stats: dump at 1574405718
stats: users 21 21
stats: {freemem,"tsung_controller@ip-172-31-28-236"} 1 3522.05078125 0.0 3522.05078125 3521.0546875 3521.0546875 1
stats: {load,"tsung_controller@ip-172-31-28-236"} 1 0.12890625 0.0 0.16015625 0.12890625 0.16015625 1
stats: {recvpackets,"tsung_controller@ip-172-31-28-236"} 1 86 0 86 86 0 0
stats: {sentpackets,"tsung_controller@ip-172-31-28-236"} 1 90 0 90 90 0 0
stats: {cpu,"tsung_controller@ip-172-31-28-236"} 1 0.6 0.0 2.1126597607349185 0.6 2.1126597607349185 1
stats: users_count 9 21
stats: finish_users_count 0 0
stats: request 17 16.097470588235296 2.4020620092316047 120.194 13.004 24.569318181818186 22
stats: connect 9 1.3024444444444445 0.15102914443621748 21.568 0.943 3.3965833333333335 12
stats: page 9 30.455666666666666 16.38600452283052 176.421 14.676 45.26425 12
stats: 302 9 21
stats: 200 8 18
stats: size_rcv 9367 21174
stats: size_sent 9434 21357
stats: connected 9 21
# stats: dump at 1574405728
stats: users 32 32
stats: {freemem,"tsung_controller@ip-172-31-28-236"} 1 3521.7734375 0.0 3522.05078125 3521.0546875 3521.552734375 2
stats: {load,"tsung_controller@ip-172-31-28-236"} 1 0.109375 0.0 0.16015625 0.109375 0.14453125 2
stats: {recvpackets,"tsung_controller@ip-172-31-28-236"} 1 76.0 0.0 86 76 86.0 1
stats: {sentpackets,"tsung_controller@ip-172-31-28-236"} 1 81.0 0.0 90 81 90.0 1
stats: {cpu,"tsung_controller@ip-172-31-28-236"} 1 0.4 0.0 2.1126597607349185 0.4 1.3563298803674593 2
stats: users_count 11 32
stats: finish_users_count 0 0
stats: request 16 60.8953125 89.6918386049692 284.288 13.004 20.87646153846154 39
stats: connect 10 1.7169 1.1938117481412216 21.568 0.865 2.4990952380952383 21
stats: page 10 97.4738 99.13959554164018 284.288 14.676 38.91771428571428 21
stats: 302 10 31
stats: 200 6 24
stats: size_rcv 7451 28625
stats: size_sent 7665 29022
stats: connected 10 31
# stats: dump at 1574405738
stats: users 37 39
stats: {freemem,"tsung_controller@ip-172-31-28-236"} 1 3521.67578125 0.0 3522.05078125 3521.0546875 3521.6263020833335 3
stats: {load,"tsung_controller@ip-172-31-28-236"} 1 0.1015625 0.0 0.16015625 0.1015625 0.1328125 3
stats: {recvpackets,"tsung_controller@ip-172-31-28-236"} 1 57.0 0.0 86 57 81.0 2
stats: {sentpackets,"tsung_controller@ip-172-31-28-236"} 1 67.0 0.0 90 67 85.5 2
stats: {cpu,"tsung_controller@ip-172-31-28-236"} 1 0.39920159680638717 0.0 2.1126597607349185 0.39920159680638717 1.037553253578306 3
stats: session 7 30067.195285714286 13.504950401499134 30097.759 30055.428 0 0
stats: users_count 12 44
stats: finish_users_count 7 7
stats: request 34 17.638588235294122 5.833421980871982 284.288 8.638 32.51830909090909 55
stats: connect 12 1.2822499999999997 0.14180745455252577 21.568 0.865 2.2467741935483874 31
stats: page 19 31.61747368421052 15.673267849794847 284.288 8.638 57.80677419354838 31
stats: 302 12 43
stats: 200 22 46
stats: size_rcv 23774 52399
stats: size_sent 24191 53213
stats: connected 5 36
# stats: dump at 1574405748
stats: users 39 40
stats: {freemem,"tsung_controller@ip-172-31-28-236"} 1 3521.6015625 0.0 3522.05078125 3521.0546875 3521.638671875 4
stats: {load,"tsung_controller@ip-172-31-28-236"} 1 0.078125 0.0 0.16015625 0.078125 0.125 4
stats: {recvpackets,"tsung_controller@ip-172-31-28-236"} 1 120.0 0.0 120 57 73.0 3
stats: {sentpackets,"tsung_controller@ip-172-31-28-236"} 1 133.0 0.0 133 67 79.33333333333333 3
stats: {cpu,"tsung_controller@ip-172-31-28-236"} 1 0.5988023952095809 0.0 2.1126597607349185 0.39920159680638717 0.8779653393853264 4
stats: session 5 30058.440400000003 4.6528496472598695 30097.759 30055.06 30067.195285714286 7
stats: users_count 7 51
stats: finish_users_count 5 12
stats: request 25 17.916880000000006 3.8464841122250846 284.288 8.638 26.833921348314608 89
stats: connect 7 1.987 1.417016080158786 21.568 0.865 1.977604651162791 43
stats: page 12 37.40816666666666 14.227753956225449 284.288 8.638 47.854839999999996 50
stats: 302 7 50
stats: 200 18 64
stats: size_rcv 19115 71514
stats: size_sent 19179 72392
stats: connected 2 38
# stats: dump at 1574405758
stats: users 47 47
stats: {freemem,"tsung_controller@ip-172-31-28-236"} 1 3521.83984375 0.0 3522.05078125 3521.0546875 3521.63125 5
stats: {load,"tsung_controller@ip-172-31-28-236"} 1 0.0703125 0.0 0.16015625 0.0703125 0.115625 5
stats: {recvpackets,"tsung_controller@ip-172-31-28-236"} 1 161.0 0.0 161 57 84.75 4
stats: {sentpackets,"tsung_controller@ip-172-31-28-236"} 1 217.0 0.0 217 67 92.75 4
stats: {cpu,"tsung_controller@ip-172-31-28-236"} 1 1.0 0.0 2.1126597607349185 0.39920159680638717 0.8221327505501772 5
stats: session 7 30177.007999999998 129.17764521552635 30365.248 30053.752 30063.547416666668 12
stats: users_count 15 66
stats: finish_users_count 7 19
stats: request 45 19.633355555555553 8.829582733705939 284.288 8.638 24.878429824561405 114
stats: connect 13 1.3623076923076924 0.09262030398384134 21.568 0.865 1.9789200000000002 50
stats: page 20 44.258250000000004 18.91099523260211 284.288 8.638 45.83290322580644 62
stats: 302 13 63
stats: 200 32 96
stats: size_rcv 34132 105646
stats: newphase 1 1
stats: size_sent 33732 106124
stats: connected 6 44
# stats: dump at 1574405768
stats: users 53 54
stats: {freemem,"tsung_controller@ip-172-31-28-236"} 1 3520.765625 0.0 3522.05078125 3520.765625 3521.666015625 6
stats: {load,"tsung_controller@ip-172-31-28-236"} 1 0.05859375 0.0 0.16015625 0.05859375 0.10807291666666667 6
stats: {recvpackets,"tsung_controller@ip-172-31-28-236"} 1 295.0 0.0 295 57 100.0 5
stats: {sentpackets,"tsung_controller@ip-172-31-28-236"} 1 320.0 0.0 320 67 117.6 5
stats: {cpu,"tsung_controller@ip-172-31-28-236"} 1 2.4925224327018944 0.0 2.4925224327018944 0.39920159680638717 0.8517772921251477 6
stats: session 9 30056.426888888884 2.2523100459760625 30365.248 30052.96 30105.348684210527 19
stats: users_count 15 81
stats: finish_users_count 9 28
stats: request 44 18.325045454545453 4.237786139197004 284.288 8.638 23.393974842767296 159
stats: connect 18 2.3006666666666664 3.2688516332192252 21.568 0.865 1.8516825396825398 63
stats: page 26 31.062923076923077 15.618475762632187 284.288 8.638 45.448841463414624 82
stats: 302 18 81
stats: 200 26 122
stats: size_rcv 28605 134251
stats: newphase 0 1
stats: size_sent 29143 135267
stats: connected 8 52
# stats: dump at 1574405778
stats: users 72 72
stats: {freemem,"tsung_controller@ip-172-31-28-236"} 1 3520.41015625 0.0 3522.05078125 3520.41015625 3521.5373883928573 7
stats: {load,"tsung_controller@ip-172-31-28-236"} 1 0.05078125 0.0 0.16015625 0.05078125 0.10100446428571429 7
stats: {recvpackets,"tsung_controller@ip-172-31-28-236"} 1 141.0 0.0 295 57 132.5 6
stats: {sentpackets,"tsung_controller@ip-172-31-28-236"} 1 154.0 0.0 320 67 151.33333333333334 6
stats: {cpu,"tsung_controller@ip-172-31-28-236"} 1 0.40040040040040037 0.0 2.4925224327018944 0.39920159680638717 1.086169455064683 7
stats: session 2 30063.401 2.8029999999998836 30365.248 30052.96 30089.62382142857 28
stats: users_count 21 102
stats: finish_users_count 2 30
stats: request 44 17.40234090909092 3.725590245751073 284.288 8.638 22.29529064039409 203
stats: connect 20 1.30295 0.15994107508704572 21.568 0.812 1.9514567901234565 81
stats: page 23 33.35104347826087 17.223371831873663 284.288 8.638 41.98556481481481 108
stats: 302 20 101
stats: 200 24 146
stats: size_rcv 27049 161300
stats: newphase 1 2
stats: size_sent 27332 162599
stats: connected 13 65
# stats: dump at 1574405788
stats: users 104 106
stats: {freemem,"tsung_controller@ip-172-31-28-236"} 1 3519.5703125 0.0 3522.05078125 3519.5703125 3521.396484375 8
stats: {load,"tsung_controller@ip-172-31-28-236"} 1 0.0390625 0.0 0.16015625 0.0390625 0.0947265625 8
stats: {recvpackets,"tsung_controller@ip-172-31-28-236"} 1 222.0 0.0 295 57 133.71428571428572 7
stats: {sentpackets,"tsung_controller@ip-172-31-28-236"} 1 230.0 0.0 320 67 151.71428571428572 7
stats: {cpu,"tsung_controller@ip-172-31-28-236"} 1 0.7000000000000001 0.0 2.4925224327018944 0.39920159680638717 1.0004483232316477 8
stats: session 6 30064.94483333333 14.801099862472698 30365.248 30052.96 30087.875633333333 30
stats: users_count 38 140
stats: finish_users_count 6 36
stats: request 93 18.799569892473123 6.580722794889598 284.288 8.638 21.42367206477733 247
stats: connect 37 1.444675675675676 0.9804349297992649 21.568 0.76 1.8230396039603958 101
stats: page 41 42.72504878048779 22.278989813713988 284.288 8.638 40.469580152671746 131
stats: 302 37 138
stats: 200 56 202
stats: size_rcv 61983 223283
stats: newphase 0 2
stats: size_sent 61540 224139
stats: connected 28 93
# stats: dump at 1574405798
stats: users 126 126
stats: {freemem,"tsung_controller@ip-172-31-28-236"} 1 3518.59765625 0.0 3522.05078125 3518.59765625 3521.1935763888887 9
stats: {load,"tsung_controller@ip-172-31-28-236"} 1 0.03125 0.0 0.16015625 0.03125 0.08854166666666667 9
stats: {recvpackets,"tsung_controller@ip-172-31-28-236"} 1 324.0 0.0 324 57 144.75 8
stats: {sentpackets,"tsung_controller@ip-172-31-28-236"} 1 336.0 0.0 336 67 161.5 8
stats: {cpu,"tsung_controller@ip-172-31-28-236"} 1 0.998003992015968 0.0 2.4925224327018944 0.39920159680638717 0.9670651762059089 9
stats: session 11 30059.512818181815 3.8824640446302907 30365.248 30052.96 30084.053833333335 36
stats: users_count 33 173
stats: finish_users_count 11 47
stats: request 92 17.70121739130436 3.9915517790597357 284.288 7.782 20.705902941176475 340
stats: connect 34 1.5522352941176472 1.091757462260453 21.568 0.76 1.7215942028985507 138
stats: page 47 34.706595744680854 15.521303938231497 284.288 7.782 41.00722093023255 172
stats: 302 34 172
stats: 200 58 260
stats: size_rcv 63216 286499
stats: newphase 0 2
stats: size_sent 63747 287886
stats: connected 17 110
# stats: dump at 1574405808
stats: users 143 143
stats: {freemem,"tsung_controller@ip-172-31-28-236"} 1 3518.34765625 0.0 3522.05078125 3518.34765625 3520.933984375 10
stats: {load,"tsung_controller@ip-172-31-28-236"} 1 0.03125 0.0 0.16015625 0.03125 0.0828125 10
stats: {recvpackets,"tsung_controller@ip-172-31-28-236"} 1 333.0 0.0 333 57 164.66666666666666 9
stats: {sentpackets,"tsung_controller@ip-172-31-28-236"} 1 350.0 0.0 350 67 180.88888888888889 9
stats: {cpu,"tsung_controller@ip-172-31-28-236"} 1 0.9970089730807578 0.0 2.4925224327018944 0.39920159680638717 0.9701590577869149 10
stats: session 17 50663.969529411756 31918.140592035794 100211.909 30052.96 30078.31019148936 47
stats: users_count 34 207
stats: finish_users_count 17 64
stats: request 98 17.490918367346932 4.743451416455627 284.288 6.689 20.066016203703708 432
stats: connect 39 1.3353333333333335 0.38414249047905785 21.568 0.76 1.6881162790697675 172
stats: page 50 34.34778000000002 15.310186516551653 284.288 7.782 39.65503196347031 219
stats: 302 39 211
stats: 200 59 319
stats: size_rcv 69339 355838
stats: newphase 0 2
stats: size_sent 71033 358919
stats: connected 20 130
# stats: dump at 1574405818
stats: users 153 155
stats: {freemem,"tsung_controller@ip-172-31-28-236"} 1 3517.7265625 0.0 3522.05078125 3517.7265625 3520.6988636363635 11
stats: {load,"tsung_controller@ip-172-31-28-236"} 1 0.01953125 0.0 0.16015625 0.01953125 0.078125 11
stats: {recvpackets,"tsung_controller@ip-172-31-28-236"} 1 377.0 0.0 377 57 181.5 10
stats: {sentpackets,"tsung_controller@ip-172-31-28-236"} 1 404.0 0.0 404 67 197.8 10
stats: {cpu,"tsung_controller@ip-172-31-28-236"} 1 1.3916500994035785 0.0 2.4925224327018944 0.39920159680638717 0.9725999591772644 11
stats: session 17 46533.849352941186 29700.683308132837 100211.909 30052.104 35546.375953124996 64
stats: users_count 27 234
stats: finish_users_count 17 81
stats: request 91 17.4465054945055 3.976015332000053 284.288 6.637 19.58986603773585 530
stats: connect 31 1.298612903225807 0.1579041516991537 21.568 0.76 1.6229099526066348 211
stats: page 44 36.15040909090909 14.681644050121319 284.288 7.782 38.66855390334572 269
stats: 302 31 242
stats: 200 60 379
stats: size_rcv 68361 424199
stats: newphase 0 2
stats: size_sent 67829 426748
stats: connected 9 139
# stats: dump at 1574405828
stats: users 159 159
stats: {freemem,"tsung_controller@ip-172-31-28-236"} 1 3516.265625 0.0 3522.05078125 3516.265625 3520.451171875 12
stats: {load,"tsung_controller@ip-172-31-28-236"} 1 0.01953125 0.0 0.16015625 0.01953125 0.0732421875 12
stats: {recvpackets,"tsung_controller@ip-172-31-28-236"} 1 382.0 0.0 382 57 199.27272727272728 11
stats: {sentpackets,"tsung_controller@ip-172-31-28-236"} 1 401.0 0.0 404 67 216.54545454545453 11
stats: {cpu,"tsung_controller@ip-172-31-28-236"} 1 1.2987012987012987 0.0 2.4925224327018944 0.39920159680638717 1.0075208041961239 12
stats: session 20 40565.16925000001 25003.26743723881 100211.909 30051.569 37852.38888888889 81
stats: users_count 26 260
stats: finish_users_count 20 101
stats: request 87 18.938678160919544 8.54477983748746 284.288 6.637 19.275782608695657 621
stats: connect 30 1.4654333333333334 1.0441218857117314 21.568 0.76 1.5813677685950411 242
stats: page 48 34.37589583333335 19.218863320792824 284.288 7.721 38.31456549520767 313
stats: 302 30 272
stats: 200 57 436
stats: size_rcv 64057 488256
stats: newphase 1 3
stats: size_sent 64792 491540
stats: connected -1 138
# stats: dump at 1574405838
stats: users 158 161
stats: {freemem,"tsung_controller@ip-172-31-28-236"} 1 3515.44921875 0.0 3522.05078125 3515.44921875 3520.129206730769 13
stats: {load,"tsung_controller@ip-172-31-28-236"} 1 0.01953125 0.0 0.16015625 0.01953125 0.06911057692307693 13
stats: {recvpackets,"tsung_controller@ip-172-31-28-236"} 1 344.0 0.0 382 57 214.5 12
stats: {sentpackets,"tsung_controller@ip-172-31-28-236"} 1 366.0 0.0 404 67 231.91666666666666 12
stats: {cpu,"tsung_controller@ip-172-31-28-236"} 1 0.998003992015968 0.0 2.4925224327018944 0.39920159680638717 1.0299193037734449 13
stats: session 23 42237.485086956505 26537.731339503083 100211.909 30051.569 38389.57311881188 101
stats: users_count 22 282
stats: finish_users_count 23 124
stats: request 87 18.043229885057464 4.800337674188487 284.288 6.415 19.23435875706215 708
stats: connect 25 1.2519599999999997 0.1384111209404793 21.568 0.76 1.5685808823529412 272
stats: page 43 36.566069767441874 14.261999397317544 284.288 7.721 37.79086426592798 361
stats: 302 25 297
stats: 200 62 498
stats: size_rcv 69396 557652
stats: newphase 0 3
stats: size_sent 70033 561573
stats: connected -3 135
# stats: dump at 1574405848
stats: users 184 185
stats: {freemem,"tsung_controller@ip-172-31-28-236"} 1 3513.65234375 0.0 3522.05078125 3513.65234375 3519.794921875 14
stats: {load,"tsung_controller@ip-172-31-28-236"} 1 0.01171875 0.0 0.16015625 0.01171875 0.06556919642857142 14
stats: {recvpackets,"tsung_controller@ip-172-31-28-236"} 1 454.0 0.0 454 57 224.46153846153845 13
stats: {sentpackets,"tsung_controller@ip-172-31-28-236"} 1 548.0 0.0 548 67 242.23076923076923 13
stats: {cpu,"tsung_controller@ip-172-31-28-236"} 1 2.8913260219341974 0.0 2.8913260219341974 0.39920159680638717 1.0276396386479107 14
stats: session 16 51939.413562500005 32455.28372712259 100211.909 30051.569 39103.298725806446 124
stats: users_count 42 324
stats: finish_users_count 16 140
stats: request 115 16.86193043478261 4.375440173080208 284.288 6.415 19.104008805031448 795
stats: connect 47 1.5776382978723402 2.0033995089786325 21.568 0.76 1.541929292929293 297
stats: page 59 32.92281355932203 15.82814285654744 284.288 7.341 37.660502475247526 404
stats: 302 47 344
stats: 200 68 566
stats: size_rcv 78689 636341
stats: newphase 1 4
stats: size_sent 79552 641125
stats: connected 14 149
# stats: dump at 1574405858
stats: users 208 208
stats: {freemem,"tsung_controller@ip-172-31-28-236"} 1 3513.3828125 0.0 3522.05078125 3513.3828125 3519.3854166666665 15
stats: {load,"tsung_controller@ip-172-31-28-236"} 1 0.16015625 0.0 0.16015625 0.01171875 0.06197916666666667 15
stats: {recvpackets,"tsung_controller@ip-172-31-28-236"} 1 585.0 0.0 585 57 240.85714285714286 14
stats: {sentpackets,"tsung_controller@ip-172-31-28-236"} 1 619.0 0.0 619 67 264.07142857142856 14
stats: {cpu,"tsung_controller@ip-172-31-28-236"} 1 1.3958125623130608 0.0 2.8913260219341974 0.39920159680638717 1.1518853975336634 15
stats: session 27 53398.519407407395 33007.539508560716 100211.909 30051.155 40570.28327857143 140
stats: users_count 51 375
stats: finish_users_count 27 167
stats: request 168 16.932845238095233 4.630291748737838 284.288 6.415 18.820669230769234 910
stats: connect 60 1.17485 0.26144584047178865 21.568 0.76 1.5468081395348836 344
stats: page 78 36.535846153846144 15.08710679395585 284.288 7.249 37.056779697624194 463
stats: 302 60 404
stats: 200 108 674
stats: size_rcv 126266 762607
stats: newphase 0 4
stats: size_sent 125901 767026
stats: connected 14 163
# stats: dump at 1574405868
stats: users 210 219
stats: {freemem,"tsung_controller@ip-172-31-28-236"} 1 3512.140625 0.0 3522.05078125 3512.140625 3519.01025390625 16
stats: {load,"tsung_controller@ip-172-31-28-236"} 1 0.12890625 0.0 0.16015625 0.01171875 0.068115234375 16
stats: {recvpackets,"tsung_controller@ip-172-31-28-236"} 1 637.0 0.0 637 57 263.8 15
stats: {sentpackets,"tsung_controller@ip-172-31-28-236"} 1 657.0 0.0 657 67 287.73333333333335 15
stats: {cpu,"tsung_controller@ip-172-31-28-236"} 1 1.3 0.0 2.8913260219341974 0.39920159680638717 1.1671308453323757 16
stats: session 14 50063.77392857142 31634.66217498475 100211.909 30047.807 42644.30947904192 167
stats: users_count 16 391
stats: finish_users_count 14 181
stats: request 61 17.327032786885237 5.204109173913149 284.288 6.415 18.52646289424861 1078
stats: connect 21 1.7635714285714283 1.7376232692532465 21.568 0.76 1.4915668316831683 404
stats: page 31 34.157838709677414 15.182955333248028 284.288 7.249 36.981672828096116 541
stats: 302 21 425
stats: 200 40 714
stats: size_rcv 46711 809318
stats: newphase 0 4
stats: size_sent 47128 814154
stats: connected -13 150
# stats: dump at 1574405878
stats: users 178 219
stats: {freemem,"tsung_controller@ip-172-31-28-236"} 1 3513.109375 0.0 3522.05078125 3512.140625 3518.606158088235 17
stats: {load,"tsung_controller@ip-172-31-28-236"} 1 0.109375 0.0 0.16015625 0.01171875 0.07169117647058823 17
stats: {recvpackets,"tsung_controller@ip-172-31-28-236"} 1 312.0 0.0 637 57 287.125 16
stats: {sentpackets,"tsung_controller@ip-172-31-28-236"} 1 312.0 0.0 657 67 310.8125 16
stats: {cpu,"tsung_controller@ip-172-31-28-236"} 1 1.1940298507462688 0.0 2.8913260219341974 0.39920159680638717 1.174946677959883 17
stats: session 32 49750.95565625 31483.093678296802 100211.909 30047.807 43218.19070718232 181
stats: users_count 0 391
stats: finish_users_count 32 213
stats: request 64 17.50503125 5.137728620122266 284.288 6.249 18.462226514486392 1139
stats: connect 9 1.3355555555555556 0.07773332062765924 21.568 0.76 1.5050070588235291 425
stats: page 32 35.07259375000001 5.909606706770844 284.288 7.249 36.82863286713287 572
stats: 302 9 434
stats: 200 55 769
stats: size_rcv 64245 873563
stats: newphase 0 4
stats: size_sent 64898 879052
stats: connected -34 116
# stats: dump at 1574405888
stats: users 134 219
stats: {freemem,"tsung_controller@ip-172-31-28-236"} 1 3512.046875 0.0 3522.05078125 3512.046875 3518.30078125 18
stats: {load,"tsung_controller@ip-172-31-28-236"} 1 0.171875 0.0 0.171875 0.01171875 0.07378472222222222 18
stats: {recvpackets,"tsung_controller@ip-172-31-28-236"} 1 433.0 0.0 637 57 288.5882352941176 17
stats: {sentpackets,"tsung_controller@ip-172-31-28-236"} 1 480.0 0.0 657 67 310.88235294117646 17
stats: {cpu,"tsung_controller@ip-172-31-28-236"} 1 2.1 0.0 2.8913260219341974 0.39920159680638717 1.1760068542257933 18
stats: session 44 69846.76075 34688.230250515524 100211.909 30047.807 44199.63896244131 213
stats: users_count 0 391
stats: finish_users_count 44 257
stats: request 88 16.64673863636364 7.0407939755889055 284.288 6.121 18.411303408146303 1203
stats: connect 25 2.1638 4.198669208213479 22.692 0.76 1.5014930875576036 434
stats: page 44 33.357045454545464 7.155668563372884 284.288 7.249 36.735597682119206 604
stats: 302 25 459
stats: 200 63 832
stats: size_rcv 88601 962164
stats: newphase 0 4
stats: size_sent 89990 969042
stats: connected -29 87
# stats: dump at 1574405898
stats: users 109 219
stats: {freemem,"tsung_controller@ip-172-31-28-236"} 1 3511.09765625 0.0 3522.05078125 3511.09765625 3517.9716282894738 19
stats: {load,"tsung_controller@ip-172-31-28-236"} 1 0.1484375 0.0 0.171875 0.01171875 0.07894736842105263 19
stats: {recvpackets,"tsung_controller@ip-172-31-28-236"} 1 531.0 0.0 637 57 296.6111111111111 18
stats: {sentpackets,"tsung_controller@ip-172-31-28-236"} 1 593.0 0.0 657 67 320.27777777777777 18
stats: {cpu,"tsung_controller@ip-172-31-28-236"} 1 2.7916251246261217 0.0 2.8913260219341974 0.39920159680638717 1.224638072424436 19
stats: session 25 74871.05180000003 33610.60125594076 100211.909 30047.807 48590.58588326848 257
stats: users_count 0 391
stats: finish_users_count 25 282
stats: request 50 14.8507 5.904299224294108 284.288 6.121 18.291023237800157 1291
stats: connect 16 1.360125 0.13268566002021467 22.692 0.76 1.5375664488017429 459
stats: page 25 29.763199999999998 5.887014605043886 284.288 7.249 36.50618981481481 648
stats: 302 16 475
stats: 200 34 866
stats: size_rcv 50386 1012550
stats: newphase 0 4
stats: size_sent 51401 1020443
stats: connected -22 65
# stats: dump at 1574405908
stats: users 94 219
stats: {freemem,"tsung_controller@ip-172-31-28-236"} 1 3511.10546875 0.0 3522.05078125 3511.09765625 3517.6279296875 20
stats: {load,"tsung_controller@ip-172-31-28-236"} 1 0.12109375 0.0 0.171875 0.01171875 0.082421875 20
stats: {recvpackets,"tsung_controller@ip-172-31-28-236"} 1 253.0 0.0 637 57 308.94736842105266 19
stats: {sentpackets,"tsung_controller@ip-172-31-28-236"} 1 253.0 0.0 657 67 334.63157894736844 19
stats: {cpu,"tsung_controller@ip-172-31-28-236"} 1 0.5994005994005994 0.0 2.8913260219341974 0.39920159680638717 1.3029874250345201 20
stats: session 15 100079.20726666666 3.1234093651329977 100211.909 30047.807 50920.41442198582 282
stats: users_count 0 391
stats: finish_users_count 15 297
stats: request 30 12.788833333333333 6.352790904179219 284.288 6.121 18.16274869500373 1341
stats: connect 15 1.3744 0.10418240414452587 22.692 0.76 1.5315894736842102 475
stats: page 15 25.62826666666667 0.8384559989780163 284.288 7.249 36.2557072808321 673
stats: 302 15 490
stats: 200 15 881
stats: size_rcv 30342 1042892
stats: newphase 0 4
stats: size_sent 31231 1051674
stats: connected -13 52
# stats: dump at 1574405918
stats: users 78 219
stats: {freemem,"tsung_controller@ip-172-31-28-236"} 1 3510.9921875 0.0 3522.05078125 3510.9921875 3517.317336309524 21
stats: {load,"tsung_controller@ip-172-31-28-236"} 1 0.1015625 0.0 0.171875 0.01171875 0.08426339285714286 21
stats: {recvpackets,"tsung_controller@ip-172-31-28-236"} 1 196.0 0.0 637 57 306.15000000000003 20
stats: {sentpackets,"tsung_controller@ip-172-31-28-236"} 1 188.0 0.0 657 67 330.55 20
stats: {cpu,"tsung_controller@ip-172-31-28-236"} 1 0.4 0.0 2.8913260219341974 0.39920159680638717 1.269483290480524 21
stats: session 16 100081.4943125 3.197052367389964 100211.909 30047.807 53403.181737373736 297
stats: users_count 0 391
stats: finish_users_count 16 313
stats: request 32 13.556999999999999 6.794553144799149 284.288 6.121 18.045157549234137 1371
stats: connect 16 1.2923125000000002 0.1685136191640011 22.692 0.76 1.5267775510204078 490
stats: page 16 27.175125000000005 2.5533699760071995 284.288 7.249 36.02400436046511 688
stats: 302 16 506
stats: 200 16 897
stats: size_rcv 32364 1075256
stats: newphase 0 4
stats: size_sent 33184 1084858
stats: connected -28 24
# stats: dump at 1574405928
stats: users 70 219
stats: {freemem,"tsung_controller@ip-172-31-28-236"} 1 3511.09375 0.0 3522.05078125 3510.9921875 3517.0298295454545 22
stats: {load,"tsung_controller@ip-172-31-28-236"} 1 0.08984375 0.0 0.171875 0.01171875 0.08504971590909093 22
stats: {recvpackets,"tsung_controller@ip-172-31-28-236"} 1 205.0 0.0 637 57 300.9047619047619 21
stats: {sentpackets,"tsung_controller@ip-172-31-28-236"} 1 185.0 0.0 657 67 323.76190476190476 21
stats: {cpu,"tsung_controller@ip-172-31-28-236"} 1 0.5994005994005994 0.0 2.8913260219341974 0.39920159680638717 1.2299613227314092 22
stats: session 8 100088.744 22.97241435939642 100211.909 30047.807 55789.293562300314 313
stats: users_count 0 391
stats: finish_users_count 8 321
stats: request 16 13.604937500000002 6.664950473078832 284.288 6.121 17.942790449037776 1403
stats: connect 8 1.3228749999999998 0.11710725585974606 22.692 0.76 1.5193636363636362 506
stats: page 8 27.26025 1.4964878674750428 284.288 7.249 35.82289346590909 704
stats: 302 8 514
stats: 200 8 905
stats: size_rcv 16184 1091440
stats: newphase 0 4
stats: size_sent 16548 1101406
stats: connected -24 0
# stats: dump at 1574405938
stats: users 59 219
stats: {freemem,"tsung_controller@ip-172-31-28-236"} 1 3511.2265625 0.0 3522.05078125 3510.9921875 3516.771739130435 23
stats: {load,"tsung_controller@ip-172-31-28-236"} 1 0.0703125 0.0 0.171875 0.01171875 0.08525815217391307 23
stats: {recvpackets,"tsung_controller@ip-172-31-28-236"} 1 165.0 0.0 637 57 296.54545454545456 22
stats: {sentpackets,"tsung_controller@ip-172-31-28-236"} 1 148.0 0.0 657 67 317.45454545454544 22
stats: {cpu,"tsung_controller@ip-172-31-28-236"} 1 0.2004008016032064 0.0 2.8913260219341974 0.2004008016032064 1.2025456391083305 23
stats: session 11 100080.3800909091 4.853032219031812 100211.909 30047.807 56893.32971028036 321
stats: users_count 0 391
stats: finish_users_count 11 332
stats: request 20 13.0625 6.552924915638816 284.288 6.121 17.893878787878787 1419
stats: connect 10 1.3825999999999996 0.07678567574749882 22.692 0.76 1.5163054474708169 514
stats: page 10 26.1801 1.1615312694886877 284.288 7.249 35.726683988764044 712
stats: 302 10 524
stats: 200 10 915
stats: size_rcv 20226 1111666
stats: newphase 0 4
stats: size_sent 20686 1122092
stats: connected 0 0
# stats: dump at 1574405948
stats: users 39 219
stats: {freemem,"tsung_controller@ip-172-31-28-236"} 1 3511.234375 0.0 3522.05078125 3510.9921875 3516.5406901041665 24
stats: {load,"tsung_controller@ip-172-31-28-236"} 1 0.05859375 0.0 0.171875 0.01171875 0.0846354166666667 24
stats: {recvpackets,"tsung_controller@ip-172-31-28-236"} 1 88.0 0.0 637 57 290.82608695652175 23
stats: {sentpackets,"tsung_controller@ip-172-31-28-236"} 1 91.0 0.0 657 67 310.0869565217391 23
stats: {cpu,"tsung_controller@ip-172-31-28-236"} 1 0.3003003003003003 0.0 2.8913260219341974 0.2004008016032064 1.1607896042122836 24
stats: session 20 100079.19820000001 4.929241195153799 100211.909 30047.807 58324.225957831324 332
stats: users_count 0 391
stats: finish_users_count 20 352
stats: request 42 13.377547619047624 6.368507723845894 284.288 6.121 17.826729673384293 1439
stats: connect 21 1.705047619047619 1.1797234331337187 22.692 0.76 1.5137538167938929 524
stats: page 21 26.817571428571426 1.6489448161787348 284.288 7.249 35.594459833795014 722
stats: 302 21 545
stats: 200 21 936
stats: size_rcv 42479 1154145
stats: newphase 0 4
stats: size_sent 43469 1165561
stats: connected 0 0
# stats: dump at 1574405958
stats: users 7 219
stats: {freemem,"tsung_controller@ip-172-31-28-236"} 1 3511.2421875 0.0 3522.05078125 3510.9921875 3516.3284375 25
stats: {load,"tsung_controller@ip-172-31-28-236"} 1 0.05078125 0.0 0.171875 0.01171875 0.08359375000000004 25
stats: {recvpackets,"tsung_controller@ip-172-31-28-236"} 1 255.0 0.0 637 57 282.375 24
stats: {sentpackets,"tsung_controller@ip-172-31-28-236"} 1 267.0 0.0 657 67 300.9583333333333 24
stats: {cpu,"tsung_controller@ip-172-31-28-236"} 1 0.5 0.0 2.8913260219341974 0.2004008016032064 1.1263700320558043 25
stats: session 32 100077.15793750001 6.563631649749405 100211.909 30047.807 60696.6675625 352
stats: users_count 0 391
stats: finish_users_count 32 384
stats: request 56 12.23069642857143 6.073570595855817 284.288 5.513 17.700554355165426 1481
stats: connect 28 1.3574285714285712 0.16544904881897035 22.692 0.76 1.5211247706422018 545
stats: page 28 24.51607142857143 3.262020122655935 284.288 7.249 35.34639165545088 743
stats: 302 28 573
stats: 200 28 964
stats: size_rcv 48752 1202897
stats: newphase 0 4
stats: size_sent 58090 1223651
stats: connected 0 0
# stats: dump at 1574405962
stats: users 0 219
stats: {freemem,"tsung_controller@ip-172-31-28-236"} 1 3511.25 0.0 3522.05078125 3510.9921875 3516.1328125 26
stats: {load,"tsung_controller@ip-172-31-28-236"} 1 0.0390625 0.0 0.171875 0.01171875 0.08233173076923081 26
stats: {recvpackets,"tsung_controller@ip-172-31-28-236"} 1 308.0 0.0 637 57 281.28 25
stats: {sentpackets,"tsung_controller@ip-172-31-28-236"} 1 329.0 0.0 657 67 299.6 25
stats: {cpu,"tsung_controller@ip-172-31-28-236"} 1 0.7000000000000001 0.0 2.8913260219341974 0.2004008016032064 1.1022788769767349 26
stats: session 7 100075.1145714286 10.803525335446217 100211.909 30047.807 63978.37509375001 384
stats: users_count 0 391
stats: finish_users_count 7 391
stats: request 22 9.87790909090909 4.080099351609991 284.288 5.243 17.501262199089133 1537
stats: connect 11 1.1900909090909093 0.27798706789589217 22.692 0.76 1.5131256544502618 573
stats: page 11 19.802000000000007 2.1967550448952493 284.288 7.249 34.953072632944234 771
stats: 302 11 584
stats: 200 11 975
stats: size_rcv 9856 1212753
stats: newphase 0 4
stats: size_sent 22817 1246468
stats: connected 0 0
EndMonitor:{1574,405962,854870}
