
=INFO REPORT==== 22-Nov-2019::06:54:58 ===
    ts_config_server:(5:<0.102.0>) Config server started, logdir is "/home/ec2-user/.tsung/log/20191122-0654"
 
=INFO REPORT==== 22-Nov-2019::06:54:58 ===
              ts_mon:(5:<0.83.0>) starting monitor, global 

=INFO REPORT==== 22-Nov-2019::06:54:58 ===
           ts_config:(5:<0.102.0>) Reading config file: simple.xml

=INFO REPORT==== 22-Nov-2019::06:54:58 ===
      ts_config_http:(4:<0.102.0>) Get user agent: 100 "Mozilla/5.0 (Windows; U; Windows NT 5.2; fr-FR; rv:1.7.8) Gecko/20050511 Firefox/1.0.4" 

=INFO REPORT==== 22-Nov-2019::06:54:58 ===
           ts_config:(5:<0.102.0>) Session name for id 1 is "recommendee"

=INFO REPORT==== 22-Nov-2019::06:54:58 ===
           ts_config:(5:<0.102.0>) Session name for id 2 is "recommender"

=INFO REPORT==== 22-Nov-2019::06:54:58 ===
    ts_config_server:(4:<0.102.0>) SYSINFO:Tsung version: 1.7.0

=INFO REPORT==== 22-Nov-2019::06:54:58 ===
    ts_config_server:(4:<0.102.0>) SYSINFO:Erlang version: Erlang/OTP 20 [erts-9.1] [source] [64-bit] [smp:1:1] [ds:1:1:10] [async-threads:8] [hipe] [kernel-poll:true]


=INFO REPORT==== 22-Nov-2019::06:54:58 ===
    ts_config_server:(4:<0.102.0>) SYSINFO:System architecture x86_64-unknown-linux-gnu

=INFO REPORT==== 22-Nov-2019::06:54:58 ===
    ts_config_server:(4:<0.102.0>) SYSINFO:Current path: /usr/local/lib/tsung/tsung-1.7.0/ebin/tsung.beam

=INFO REPORT==== 22-Nov-2019::06:54:58 ===
              ts_mon:(5:<0.103.0>) Activate clients with text backend

=INFO REPORT==== 22-Nov-2019::06:54:58 ===
              ts_mon:(5:<0.103.0>) Starting tsung clients on hosts: [localhost]

=INFO REPORT==== 22-Nov-2019::06:54:58 ===
    ts_config_server:(5:<0.102.0>) Start a launcher on the controller beam localhost

=INFO REPORT==== 22-Nov-2019::06:54:58 ===
  ts_launcher_static:(5:<0.154.0>) Launch msg receive ("localhost")

=INFO REPORT==== 22-Nov-2019::06:54:58 ===
         ts_launcher:(5:<0.155.0>) Launch msg receive ("localhost")

=INFO REPORT==== 22-Nov-2019::06:54:58 ===
    ts_config_server:(5:<0.102.0>) New arrival phase 1 for client "localhost" (last ? true): will start 50 users

=INFO REPORT==== 22-Nov-2019::06:54:58 ===
    ts_config_server:(5:<0.102.0>) New arrival phase 2 for client "localhost" (last ? true): will start 40 users

=INFO REPORT==== 22-Nov-2019::06:54:58 ===
    ts_config_server:(5:<0.102.0>) New arrival phase 3 for client "localhost" (last ? true): will start 150 users

=INFO REPORT==== 22-Nov-2019::06:54:58 ===
    ts_config_server:(5:<0.102.0>) New arrival phase 4 for client "localhost" (last ? true): will start 80 users

=INFO REPORT==== 22-Nov-2019::06:54:58 ===
    ts_config_server:(5:<0.102.0>) New arrival phase 5 for client "localhost" (last ? true): will start 100 users

=INFO REPORT==== 22-Nov-2019::06:54:58 ===
         ts_launcher:(5:<0.155.0>) Expected duration of first phase: 50.0 sec (50 users) 

=INFO REPORT==== 22-Nov-2019::06:54:58 ===
  ts_launcher_static:(5:<0.154.0>) Activate launcher (2 static users) in 1000 msec, first user after 5000 ms 

=INFO REPORT==== 22-Nov-2019::06:54:58 ===
         ts_launcher:(5:<0.155.0>) Activate launcher (50 users) in 3318 msec 

=INFO REPORT==== 22-Nov-2019::06:55:49 ===
         ts_launcher:(4:<0.155.0>) Need to wait 2.674 sec before changing phase, going to sleep

=INFO REPORT==== 22-Nov-2019::06:55:51 ===
         ts_launcher:(5:<0.155.0>) Waking up

=INFO REPORT==== 22-Nov-2019::06:55:51 ===
         ts_launcher:(5:<0.155.0>) Start a new arrival phase (40 users, 0.002); expected duration=20.0 sec

=INFO REPORT==== 22-Nov-2019::06:56:12 ===
         ts_launcher:(5:<0.155.0>) Phase duration exceeded, but not all users were launched (5 users, 12.5% of phase)

=INFO REPORT==== 22-Nov-2019::06:56:12 ===
         ts_launcher:(5:<0.155.0>) Start a new arrival phase (150 users, 0.003); expected duration=50.0 sec

=INFO REPORT==== 22-Nov-2019::06:56:59 ===
         ts_launcher:(4:<0.155.0>) Need to wait 2.919 sec before changing phase, going to sleep

=INFO REPORT==== 22-Nov-2019::06:57:02 ===
         ts_launcher:(5:<0.155.0>) Waking up

=INFO REPORT==== 22-Nov-2019::06:57:02 ===
         ts_launcher:(5:<0.155.0>) Start a new arrival phase (80 users, 0.004); expected duration=20.0 sec

=INFO REPORT==== 22-Nov-2019::06:57:22 ===
         ts_launcher:(4:<0.155.0>) Phase duration exceeded, more than 20% (25.0%) of users were not launched in time (20 users), tsung may be overloaded !

=INFO REPORT==== 22-Nov-2019::06:57:22 ===
         ts_launcher:(5:<0.155.0>) Start a new arrival phase (100 users, 0.005); expected duration=20.0 sec

=INFO REPORT==== 22-Nov-2019::06:57:42 ===
         ts_launcher:(5:<0.155.0>) Phase duration exceeded, but not all users were launched (6 users, 6.0% of phase)

=INFO REPORT==== 22-Nov-2019::06:57:42 ===
         ts_launcher:(5:<0.155.0>) This was the last phase, wait for connected users to finish their session

=INFO REPORT==== 22-Nov-2019::06:59:22 ===
     ts_launcher_mgr:(5:<0.149.0>) No more active users 'tsung_controller@ip-172-31-28-236' "3199"
