# stats: dump at 1575462813
stats: users 14 14
stats: {cpu,"tsung_controller@ip-172-31-23-21"} 1 1.5522688267252593 0 1.5522688267252593 1.5522688267252593 0 0
stats: {load,"tsung_controller@ip-172-31-23-21"} 1 0.0 0 0.0 0.0 0 0
stats: {freemem,"tsung_controller@ip-172-31-23-21"} 1 3523.81640625 0 3523.81640625 3523.81640625 0 0
stats: users_count 14 14
stats: finish_users_count 0 0
stats: request 34 21.791588235294117 23.167770434145645 117.854 10.996 0 0
stats: connect 14 3.069642857142857 4.399390730660373 14.52 0.865 0 0
stats: page 14 53.33528571428571 42.27282189443197 182.635 12.065 0 0
stats: 302 14 14
stats: 200 20 20
stats: size_rcv 22318 22318
stats: size_sent 21998 21998
stats: connected 14 14
# stats: dump at 1575462823
stats: users 22 22
stats: {recvpackets,"tsung_controller@ip-172-31-23-21"} 1 183 0 183 183 0 0
stats: {sentpackets,"tsung_controller@ip-172-31-23-21"} 1 185 0 185 185 0 0
stats: {cpu,"tsung_controller@ip-172-31-23-21"} 1 0.6006006006006006 0.0 1.5522688267252593 0.6006006006006006 1.5522688267252593 1
stats: {load,"tsung_controller@ip-172-31-23-21"} 1 0.0 0.0 0.0 0.0 0.0 1
stats: {freemem,"tsung_controller@ip-172-31-23-21"} 1 3522.97265625 0.0 3523.81640625 3522.97265625 3523.81640625 1
stats: users_count 8 22
stats: finish_users_count 0 0
stats: request 18 14.78111111111111 3.5483530591104886 117.854 7.417 21.791588235294117 34
stats: connect 8 1.298875 0.22506023499276806 14.52 0.865 3.069642857142857 14
stats: page 8 33.324875 17.294399985526386 182.635 7.417 53.33528571428571 14
stats: 302 8 22
stats: 200 10 30
stats: size_rcv 11291 33609
stats: size_sent 11213 33211
stats: connected 8 22
# stats: dump at 1575462833
stats: users 38 38
stats: {recvpackets,"tsung_controller@ip-172-31-23-21"} 1 35.0 0.0 183 35 183.0 1
stats: {sentpackets,"tsung_controller@ip-172-31-23-21"} 1 33.0 0.0 185 33 185.0 1
stats: {cpu,"tsung_controller@ip-172-31-23-21"} 1 0.6006006006006006 0.0 1.5522688267252593 0.6006006006006006 1.07643471366293 2
stats: {load,"tsung_controller@ip-172-31-23-21"} 1 0.0 0.0 0.0 0.0 0.0 2
stats: {freemem,"tsung_controller@ip-172-31-23-21"} 1 3523.53515625 0.0 3523.81640625 3522.97265625 3523.39453125 2
stats: users_count 16 38
stats: finish_users_count 0 0
stats: request 30 15.3356 4.46451985921592 117.854 7.417 19.364884615384614 52
stats: connect 14 1.2752857142857141 0.13763431287884803 14.52 0.865 2.4257272727272725 22
stats: page 14 32.92378571428572 18.766202607646132 182.635 7.417 46.058772727272725 22
stats: 302 14 36
stats: 200 16 46
stats: size_rcv 18224 51833
stats: newphase 1 1
stats: size_sent 18208 51419
stats: connected 14 36
# stats: dump at 1575462843
stats: users 49 49
stats: {recvpackets,"tsung_controller@ip-172-31-23-21"} 1 153.0 0.0 183 35 109.0 2
stats: {sentpackets,"tsung_controller@ip-172-31-23-21"} 1 155.0 0.0 185 33 109.0 2
stats: {cpu,"tsung_controller@ip-172-31-23-21"} 1 0.4008016032064128 0.0 1.5522688267252593 0.4008016032064128 0.9178233426421535 3
stats: {load,"tsung_controller@ip-172-31-23-21"} 1 0.0 0.0 0.0 0.0 0.0 3
stats: {freemem,"tsung_controller@ip-172-31-23-21"} 1 3523.4453125 0.0 3523.81640625 3522.97265625 3523.44140625 3
stats: users_count 11 49
stats: finish_users_count 0 0
stats: request 25 25.138560000000002 32.77713121318582 175.404 7.417 17.890756097560974 82
stats: connect 13 1.7047692307692306 1.1197214044880266 14.52 0.865 1.9783333333333333 36
stats: page 17 37.00282352941177 41.50392670471114 182.635 7.417 40.950722222222225 36
stats: 302 13 49
stats: 200 12 58
stats: size_rcv 14872 66705
stats: newphase 0 1
stats: size_sent 13879 65298
stats: connected 13 49
# stats: dump at 1575462853
stats: users 68 68
stats: {recvpackets,"tsung_controller@ip-172-31-23-21"} 1 115.0 0.0 183 35 123.66666666666667 3
stats: {sentpackets,"tsung_controller@ip-172-31-23-21"} 1 118.0 0.0 185 33 124.33333333333333 3
stats: {cpu,"tsung_controller@ip-172-31-23-21"} 1 0.4012036108324975 0.0 1.5522688267252593 0.4008016032064128 0.7885679077832183 4
stats: {load,"tsung_controller@ip-172-31-23-21"} 1 0.0 0.0 0.0 0.0 0.0 4
stats: {freemem,"tsung_controller@ip-172-31-23-21"} 1 3521.52734375 0.0 3523.81640625 3521.52734375 3523.4423828125 4
stats: session 7 35934.21742857143 88.62655337483457 36040.917 35802.251 0 0
stats: users_count 26 75
stats: finish_users_count 7 7
stats: request 93 91.67560215053767 137.254270226235 478.569 7.417 19.584168224299063 107
stats: connect 25 1.3224800000000005 0.12088610176525659 14.52 0.865 1.9057551020408163 49
stats: page 35 243.71505714285715 337.00639178914633 973.85 7.417 39.68441509433963 53
stats: 302 25 74
stats: 200 68 126
stats: size_rcv 73657 140362
stats: newphase 1 2
stats: size_sent 72569 137867
stats: connected 18 67
# stats: dump at 1575462863
stats: users 92 95
stats: {recvpackets,"tsung_controller@ip-172-31-23-21"} 1 381.0 0.0 381 35 121.5 4
stats: {sentpackets,"tsung_controller@ip-172-31-23-21"} 1 324.0 0.0 324 33 122.75 4
stats: {cpu,"tsung_controller@ip-172-31-23-21"} 1 0.7992007992007992 0.0 1.5522688267252593 0.4008016032064128 0.7110950483930741 5
stats: {load,"tsung_controller@ip-172-31-23-21"} 1 0.0 0.0 0.0 0.0 0.0 5
stats: {freemem,"tsung_controller@ip-172-31-23-21"} 1 3520.328125 0.0 3523.81640625 3520.328125 3523.059375 5
stats: session 4 36160.43075 133.53083929447774 36371.267 35802.251 35934.21742857143 7
stats: users_count 28 103
stats: finish_users_count 4 11
stats: request 88 80.35221590909089 136.96804893971114 544.444 7.417 53.10668500000001 200
stats: connect 28 1.2394999999999998 0.18609607733641245 14.52 0.861 1.7087027027027029 74
stats: page 37 174.10110810810812 322.25856216262656 1328.313 7.417 120.8329659090909 88
stats: 302 28 102
stats: 200 60 186
stats: size_rcv 66251 206613
stats: newphase 0 2
stats: size_sent 66300 204167
stats: connected 25 92
# stats: dump at 1575462873
stats: users 133 133
stats: {recvpackets,"tsung_controller@ip-172-31-23-21"} 1 352.0 0.0 381 35 173.4 5
stats: {sentpackets,"tsung_controller@ip-172-31-23-21"} 1 326.0 0.0 326 33 163.0 5
stats: {cpu,"tsung_controller@ip-172-31-23-21"} 1 0.5020080321285141 0.0 1.5522688267252593 0.4008016032064128 0.7257793401943617 6
stats: {load,"tsung_controller@ip-172-31-23-21"} 1 0.0 0.0 0.0 0.0 0.0 6
stats: {freemem,"tsung_controller@ip-172-31-23-21"} 1 3519.1328125 0.0 3523.81640625 3519.1328125 3522.6041666666665 6
stats: session 4 35855.01425 63.11746677574668 36371.267 35792.05 36016.476818181814 11
stats: users_count 45 148
stats: finish_users_count 4 15
stats: request 126 47.4111507936508 99.13046656982037 544.444 6.721 61.43170833333334 288
stats: connect 46 1.4919782608695653 1.450510697008507 14.52 0.861 1.5799019607843139 102
stats: page 59 104.617 232.48801549662582 1328.313 6.721 136.600336 125
stats: 302 45 147
stats: 200 81 267
stats: size_rcv 90672 297285
stats: newphase 1 3
stats: size_sent 88536 292703
stats: connected 34 126
# stats: dump at 1575462883
stats: users 165 169
stats: {recvpackets,"tsung_controller@ip-172-31-23-21"} 1 623.0 0.0 623 35 203.16666666666666 6
stats: {sentpackets,"tsung_controller@ip-172-31-23-21"} 1 624.0 0.0 624 33 190.16666666666666 6
stats: {cpu,"tsung_controller@ip-172-31-23-21"} 1 3.1936127744510974 0.0 3.1936127744510974 0.4008016032064128 0.6938120104706692 7
stats: {load,"tsung_controller@ip-172-31-23-21"} 1 0.0 0.0 0.0 0.0 0.0 7
stats: {freemem,"tsung_controller@ip-172-31-23-21"} 1 3515.29296875 0.0 3523.81640625 3515.29296875 3522.1082589285716 7
stats: session 12 36098.90691666667 243.95694645656067 36630.945 35792.05 35973.420133333326 15
stats: users_count 44 192
stats: finish_users_count 12 27
stats: request 168 118.09129761904755 147.73799474510366 544.444 6.721 57.16458212560387 414
stats: connect 54 1.2307222222222225 0.2965875934985884 14.52 0.852 1.5525743243243244 148
stats: page 75 243.34313333333333 334.7510814810843 1392.128 6.721 126.34480978260869 184
stats: 302 45 192
stats: 200 123 390
stats: size_rcv 142559 439844
stats: newphase 0 3
stats: size_sent 133865 426568
stats: connected 38 164
# stats: dump at 1575462893
stats: users 175 178
stats: {recvpackets,"tsung_controller@ip-172-31-23-21"} 1 717.0 0.0 717 35 263.14285714285717 7
stats: {sentpackets,"tsung_controller@ip-172-31-23-21"} 1 607.0 0.0 624 33 252.14285714285714 7
stats: {cpu,"tsung_controller@ip-172-31-23-21"} 1 1.0040160642570282 0.0 3.1936127744510974 0.4008016032064128 1.0062871059682228 8
stats: {load,"tsung_controller@ip-172-31-23-21"} 1 0.0 0.0 0.0 0.0 0.0 8
stats: {freemem,"tsung_controller@ip-172-31-23-21"} 1 3513.60546875 0.0 3523.81640625 3513.60546875 3521.25634765625 8
stats: session 18 59460.143888888895 22494.917603839556 82663.764 35792.05 36029.192037037035 27
stats: users_count 28 220
stats: finish_users_count 18 45
stats: request 151 330.34574834437075 273.6430686007014 1089.174 6.721 74.75167525773195 582
stats: connect 33 1.2602424242424242 0.19681864137861296 14.52 0.852 1.4665346534653465 202
stats: page 63 823.7674126984126 783.6623455644299 2578.7 6.721 160.2246332046332 259
stats: 302 38 230
stats: 200 113 503
stats: size_rcv 131637 571481
stats: newphase 1 4
stats: size_sent 127346 553914
stats: connected 10 174
# stats: dump at 1575462903
stats: users 217 217
stats: {recvpackets,"tsung_controller@ip-172-31-23-21"} 1 665.0 0.0 717 35 319.875 8
stats: {sentpackets,"tsung_controller@ip-172-31-23-21"} 1 518.0 0.0 624 33 296.5 8
stats: {cpu,"tsung_controller@ip-172-31-23-21"} 1 1.002004008016032 0.0 3.1936127744510974 0.4008016032064128 1.0060347680003123 9
stats: {load,"tsung_controller@ip-172-31-23-21"} 1 0.0 0.0 0.0 0.0 0.0 9
stats: {freemem,"tsung_controller@ip-172-31-23-21"} 1 3510.5546875 0.0 3523.81640625 3510.5546875 3520.40625 9
stats: session 16 53839.97374999999 21751.80769715508 83237.047 35792.05 45401.57277777778 45
stats: users_count 58 278
stats: finish_users_count 16 61
stats: request 225 301.56027555555545 265.7952293628472 1089.174 6.721 127.40475170532056 733
stats: connect 67 1.1991492537313442 0.22034540414156287 14.52 0.851 1.4375659574468085 235
stats: page 97 597.9073092783505 651.2847027723793 2951.241 6.721 290.04822049689443 322
stats: 302 61 291
stats: 200 164 667
stats: size_rcv 189819 761300
stats: newphase 0 4
stats: size_sent 190109 744023
stats: connected 41 215
# stats: dump at 1575462913
stats: users 248 248
stats: {recvpackets,"tsung_controller@ip-172-31-23-21"} 1 1011.0 0.0 1011 35 358.22222222222223 9
stats: {sentpackets,"tsung_controller@ip-172-31-23-21"} 1 821.0 0.0 821 33 321.1111111111111 9
stats: {cpu,"tsung_controller@ip-172-31-23-21"} 1 1.2084592145015105 0.0 3.1936127744510974 0.4008016032064128 1.0056316920018842 10
stats: {load,"tsung_controller@ip-172-31-23-21"} 1 0.0 0.0 0.0 0.0 0.0 10
stats: {freemem,"tsung_controller@ip-172-31-23-21"} 1 3505.90625 0.0 3523.81640625 3505.90625 3519.42109375 10
stats: session 16 42491.5509375 11327.801726632651 86200.806 35792.05 47614.92385245902 61
stats: users_count 47 325
stats: finish_users_count 16 77
stats: request 220 1001.4245181818185 474.73632104062364 2130.345 6.721 168.3076670146137 958
stats: connect 50 1.40138 0.973612487389105 14.52 0.851 1.3846721854304638 302
stats: page 78 2340.7500641025645 1479.0943875902524 5761.912 6.721 361.3187016706444 419
stats: 302 47 338
stats: 200 173 840
stats: size_rcv 190375 951675
stats: newphase 1 5
stats: size_sent 206727 950750
stats: connected 24 239
# stats: dump at 1575462923
stats: users 287 287
stats: {recvpackets,"tsung_controller@ip-172-31-23-21"} 1 945.0 0.0 1011 35 423.5 10
stats: {sentpackets,"tsung_controller@ip-172-31-23-21"} 1 722.0 0.0 821 33 371.1 10
stats: {cpu,"tsung_controller@ip-172-31-23-21"} 1 1.1066398390342052 0.0 3.1936127744510974 0.4008016032064128 1.0240705576836684 11
stats: {load,"tsung_controller@ip-172-31-23-21"} 1 0.16015625 0.0 0.16015625 0.0 0.0 11
stats: {freemem,"tsung_controller@ip-172-31-23-21"} 1 3500.74609375 0.0 3523.81640625 3500.74609375 3518.192471590909 11
stats: session 17 63131.55623529412 21988.328394901382 91580.741 35792.05 46550.32688311688 77
stats: users_count 56 381
stats: finish_users_count 17 94
stats: request 212 2244.0717971698123 503.66668635494017 3286.208 6.721 323.8982504244482 1178
stats: connect 68 1.2019117647058815 0.2128535629801774 14.52 0.832 1.3870454545454547 352
stats: page 81 4458.730469135803 2819.8852149043537 11023.684 6.721 671.97392555332 497
stats: 302 57 395
stats: 200 155 995
stats: size_rcv 181732 1133407
stats: newphase 0 5
stats: size_sent 192289 1143039
stats: connected 37 276
# stats: dump at 1575462933
stats: users 339 339
stats: {recvpackets,"tsung_controller@ip-172-31-23-21"} 1 971.0 0.0 1011 35 470.90909090909093 11
stats: {sentpackets,"tsung_controller@ip-172-31-23-21"} 1 801.0 0.0 821 33 403.0 11
stats: {cpu,"tsung_controller@ip-172-31-23-21"} 1 1.2060301507537687 0.0 3.1936127744510974 0.4008016032064128 1.0309513311295464 12
stats: {load,"tsung_controller@ip-172-31-23-21"} 1 0.12890625 0.0 0.16015625 0.0 0.013346354166666666 12
stats: {freemem,"tsung_controller@ip-172-31-23-21"} 1 3496.52734375 0.0 3523.81640625 3496.52734375 3516.7386067708335 12
stats: session 18 55342.96455555554 16827.401345783284 93330.369 35792.05 49549.05985106383 94
stats: users_count 70 451
stats: finish_users_count 18 112
stats: request 309 2236.9048284789646 722.1611427034884 4025.677 6.721 616.7592517985612 1390
stats: connect 90 1.5408444444444442 3.5941343353089787 35.249 0.832 1.3570714285714287 420
stats: page 134 4722.938313432836 3288.551944956996 12619.553 6.721 1202.6439602076125 578
stats: 302 77 472
stats: 200 232 1227
stats: size_rcv 270268 1403675
stats: newphase 1 6
stats: size_sent 273248 1416287
stats: connected 52 328
# stats: dump at 1575462943
stats: users 393 395
stats: {recvpackets,"tsung_controller@ip-172-31-23-21"} 1 1467.0 0.0 1467 35 512.5833333333334 12
stats: {sentpackets,"tsung_controller@ip-172-31-23-21"} 1 1174.0 0.0 1174 33 436.1666666666667 12
stats: {cpu,"tsung_controller@ip-172-31-23-21"} 1 2.0060180541624875 0.0 3.1936127744510974 0.4008016032064128 1.044418932639102 13
stats: {load,"tsung_controller@ip-172-31-23-21"} 1 0.109375 0.0 0.16015625 0.0 0.022235576923076924 13
stats: {freemem,"tsung_controller@ip-172-31-23-21"} 1 3487.77734375 0.0 3523.81640625 3487.77734375 3515.183894230769 13
stats: session 18 60606.01005555556 19784.23907142867 98171.685 35792.05 50480.223107142854 112
stats: users_count 72 523
stats: finish_users_count 18 130
stats: request 265 3580.5144679245254 1779.8331902404702 6460.49 0.496 911.4178646262508 1699
stats: connect 95 1.1762315789473692 0.19368180376079017 35.249 0.832 1.3895019607843135 510
stats: page 108 6644.456009259262 4632.09878038603 16221.827 2.119 1865.1712682584268 712
stats: 302 65 537
stats: 200 174 1401
stats: size_rcv 214294 1617969
stats: newphase 0 6
stats: 502 26 26
stats: size_sent 240881 1657168
stats: connected 52 380
# stats: dump at 1575462953
stats: users 446 454
stats: {recvpackets,"tsung_controller@ip-172-31-23-21"} 1 1135.0 0.0 1467 35 586.0 13
stats: {sentpackets,"tsung_controller@ip-172-31-23-21"} 1 973.0 0.0 1174 33 492.9230769230769 13
stats: {cpu,"tsung_controller@ip-172-31-23-21"} 1 2.19560878243513 0.0 3.1936127744510974 0.4008016032064128 1.1131045841764866 14
stats: {load,"tsung_controller@ip-172-31-23-21"} 1 0.1015625 0.0 0.16015625 0.0 0.028459821428571428 14
stats: {freemem,"tsung_controller@ip-172-31-23-21"} 1 3480.015625 0.0 3523.81640625 3480.015625 3513.2262834821427 14
stats: session 34 68738.91979411765 22837.976671371733 106767.008 35792.05 51882.255146153846 130
stats: users_count 87 610
stats: finish_users_count 34 164
stats: request 438 3031.9128036529664 3844.6244301364713 10318.069 0.483 1271.555644602851 1964
stats: connect 111 1.257792792792792 0.9490357849044142 35.249 0.832 1.356013223140496 605
stats: page 184 4681.864255434783 6865.919559326904 23251.215 0.544 2494.6380390243908 820
stats: 302 53 590
stats: 200 126 1527
stats: size_rcv 232998 1850967
stats: newphase 1 7
stats: 502 259 285
stats: size_sent 300523 1957691
stats: connected 64 444
# stats: dump at 1575462963
stats: users 524 525
stats: {recvpackets,"tsung_controller@ip-172-31-23-21"} 1 1338.0 0.0 1467 35 625.2142857142857 14
stats: {sentpackets,"tsung_controller@ip-172-31-23-21"} 1 1248.0 0.0 1248 33 527.2142857142857 14
stats: {cpu,"tsung_controller@ip-172-31-23-21"} 1 1.9076305220883536 0.0 3.1936127744510974 0.4008016032064128 1.185271530727063 15
stats: {load,"tsung_controller@ip-172-31-23-21"} 1 0.078125 0.0 0.16015625 0.0 0.03333333333333333 15
stats: {freemem,"tsung_controller@ip-172-31-23-21"} 1 3478.0 0.0 3523.81640625 3478.0 3511.012239583333 15
stats: session 41 71410.3963902439 22381.720060200874 110302.298 35792.05 55376.929524390245 164
stats: users_count 119 729
stats: finish_users_count 41 205
stats: request 447 1884.281581655482 2898.9222663125083 10318.069 0.477 1592.5533280599495 2402
stats: connect 127 1.60840157480315 2.4685986309933825 35.249 0.832 1.340786312849162 716
stats: page 168 3742.666767857143 7103.550082695282 30136.639 0.54 2895.484277888447 1004
stats: 302 37 627
stats: 200 107 1634
stats: size_rcv 213990 2064957
stats: newphase 0 7
stats: 502 303 588
stats: size_sent 341312 2299003
stats: connected 66 510
# stats: dump at 1575462973
stats: users 590 590
stats: {recvpackets,"tsung_controller@ip-172-31-23-21"} 1 1492.0 0.0 1492 35 672.7333333333333 15
stats: {sentpackets,"tsung_controller@ip-172-31-23-21"} 1 1515.0 0.0 1515 33 575.2666666666667 15
stats: {cpu,"tsung_controller@ip-172-31-23-21"} 1 3.911735205616851 0.0 3.911735205616851 0.4008016032064128 1.2304189676871435 16
stats: {load,"tsung_controller@ip-172-31-23-21"} 1 0.0703125 0.0 0.16015625 0.0 0.0361328125 16
stats: {freemem,"tsung_controller@ip-172-31-23-21"} 1 3476.60546875 0.0 3523.81640625 3476.60546875 3508.948974609375 16
stats: session 55 77728.98720000002 25841.41328090315 113489.525 35792.05 58583.62289756098 205
stats: users_count 121 850
stats: finish_users_count 55 260
stats: request 485 3222.448068041235 2814.1954798702404 10318.069 0.477 1638.3246616356614 2849
stats: connect 144 1.1428819444444447 0.24836639870829996 35.249 0.832 1.381103202846975 843
stats: page 212 9573.433632075468 10779.190034248826 30546.071 0.54 3016.9234061433453 1172
stats: 302 86 713
stats: 200 204 1838
stats: size_rcv 308173 2373130
stats: newphase 1 8
stats: 502 194 782
stats: size_sent 346883 2645886
stats: connected 69 579
stats: 500 1 1
# stats: dump at 1575462983
stats: users 653 657
stats: {recvpackets,"tsung_controller@ip-172-31-23-21"} 1 1661.0 0.0 1661 35 723.9375 16
stats: {sentpackets,"tsung_controller@ip-172-31-23-21"} 1 1577.0 0.0 1577 33 634.0 16
stats: {cpu,"tsung_controller@ip-172-31-23-21"} 1 2.1255060728744937 0.0 3.911735205616851 0.4008016032064128 1.388143452271244 17
stats: {load,"tsung_controller@ip-172-31-23-21"} 1 0.05859375 0.0 0.16015625 0.0 0.03814338235294118 17
stats: {freemem,"tsung_controller@ip-172-31-23-21"} 1 3475.28515625 0.0 3523.81640625 3475.28515625 3507.0464154411766 17
stats: session 49 63135.39797959184 26463.609277852418 113489.525 35008.733 62633.603807692314 260
stats: users_count 112 962
stats: finish_users_count 49 309
stats: request 613 2098.2345530179405 2677.568453522171 10318.069 0.472 1868.7685284943007 3334
stats: connect 141 1.2740141843971624 0.5675314092700268 35.249 0.832 1.3463475177304964 987
stats: page 257 4051.5678404669266 6907.8176536594265 30801.871 0.54 4021.244336705203 1384
stats: 302 64 777
stats: 200 167 2005
stats: size_rcv 314153 2687283
stats: newphase 0 8
stats: 502 374 1156
stats: size_sent 420714 3066600
stats: connected 68 647
stats: 500 8 9
# stats: dump at 1575462993
stats: users 724 725
stats: {recvpackets,"tsung_controller@ip-172-31-23-21"} 1 1730.0 0.0 1730 35 779.0588235294117 17
stats: {sentpackets,"tsung_controller@ip-172-31-23-21"} 1 1648.0 0.0 1648 33 689.4705882352941 17
stats: {cpu,"tsung_controller@ip-172-31-23-21"} 1 2.5176233635448138 0.0 3.911735205616851 0.4008016032064128 1.4291080423047577 18
stats: {load,"tsung_controller@ip-172-31-23-21"} 1 0.05078125 0.0 0.16015625 0.0 0.03927951388888889 18
stats: {freemem,"tsung_controller@ip-172-31-23-21"} 1 3473.9375 0.0 3523.81640625 3473.9375 3505.2819010416665 18
stats: session 96 62304.19982291668 24332.13647503472 115802.029 35007.651 62713.17634627833 309
stats: users_count 167 1129
stats: finish_users_count 96 405
stats: request 815 1484.8500098159527 2358.1958253082385 10318.069 0.472 1904.4063985305286 3947
stats: connect 183 1.2283333333333326 0.757034892709444 35.249 0.832 1.3373058510638298 1128
stats: page 333 4867.277573573579 8152.106529762366 30801.871 0.536 4025.9933558805615 1641
stats: 302 62 839
stats: 200 164 2169
stats: size_rcv 391316 3078599
stats: newphase 1 9
stats: 502 577 1733
stats: size_sent 461430 3528030
stats: connected 55 702
stats: 500 12 21
# stats: dump at 1575463003
stats: users 846 848
stats: {recvpackets,"tsung_controller@ip-172-31-23-21"} 1 2222.0 0.0 2222 35 831.8888888888889 18
stats: {sentpackets,"tsung_controller@ip-172-31-23-21"} 1 2306.0 0.0 2306 33 742.7222222222222 18
stats: {cpu,"tsung_controller@ip-172-31-23-21"} 1 3.225806451612903 0.0 3.911735205616851 0.4008016032064128 1.486398322370024 19
stats: {load,"tsung_controller@ip-172-31-23-21"} 1 0.0390625 0.0 0.16015625 0.0 0.039884868421052634 19
stats: {freemem,"tsung_controller@ip-172-31-23-21"} 1 3473.24609375 0.0 3523.81640625 3473.24609375 3503.632195723684 19
stats: session 63 55626.08125396826 22511.13737401194 115802.029 35007.651 62616.23376296298 405
stats: users_count 185 1314
stats: finish_users_count 63 468
stats: request 837 1513.4248315412167 2407.0912851091985 10318.069 0.472 1832.6007587148251 4762
stats: connect 228 1.1156885964912282 0.3840897355536585 35.249 0.737 1.322094584286804 1311
stats: page 355 2381.959864788735 5168.365706625749 30801.871 0.536 4167.912122087134 1974
stats: 302 78 917
stats: 200 153 2322
stats: size_rcv 371453 3450052
stats: newphase 0 9
stats: 502 598 2331
stats: size_sent 485157 4013187
stats: connected 138 840
stats: 500 8 29
# stats: dump at 1575463013
stats: users 977 977
stats: {recvpackets,"tsung_controller@ip-172-31-23-21"} 1 2136.0 0.0 2222 35 905.0526315789474 19
stats: {sentpackets,"tsung_controller@ip-172-31-23-21"} 1 2254.0 0.0 2306 33 825.0 19
stats: {cpu,"tsung_controller@ip-172-31-23-21"} 1 2.5380710659898478 0.0 3.911735205616851 0.4008016032064128 1.5733687288321678 20
stats: {load,"tsung_controller@ip-172-31-23-21"} 1 0.03125 0.0 0.16015625 0.0 0.03984375 20
stats: {freemem,"tsung_controller@ip-172-31-23-21"} 1 3471.39453125 0.0 3523.81640625 3471.39453125 3502.112890625 20
stats: session 108 65308.09678703704 27198.038022732144 115802.029 35007.651 61675.25169444446 468
stats: users_count 239 1553
stats: finish_users_count 108 576
stats: request 1082 1146.0100665434397 2462.453993572106 10318.069 0.471 1784.8868363993563 5599
stats: connect 270 1.1686925925925924 1.0677474064680301 35.249 0.692 1.2915159194282 1539
stats: page 434 2879.143933179723 6939.53672069469 30801.871 0.536 3895.686681408331 2329
stats: 302 51 968
stats: 200 138 2460
stats: size_rcv 437337 3887389
stats: newphase 1 10
stats: 502 889 3220
stats: size_sent 574801 4587988
stats: connected 126 966
stats: 500 4 33
# stats: dump at 1575463023
stats: users 1094 1094
stats: {recvpackets,"tsung_controller@ip-172-31-23-21"} 1 2576.0 0.0 2576 35 966.6 20
stats: {sentpackets,"tsung_controller@ip-172-31-23-21"} 1 2883.0 0.0 2883 33 896.45 20
stats: {cpu,"tsung_controller@ip-172-31-23-21"} 1 2.8513238289205702 0.0 3.911735205616851 0.4008016032064128 1.619306935363486 21
stats: {load,"tsung_controller@ip-172-31-23-21"} 1 0.03125 0.0 0.16015625 0.0 0.03943452380952381 21
stats: {freemem,"tsung_controller@ip-172-31-23-21"} 1 3469.3984375 0.0 3523.81640625 3469.3984375 3500.6501116071427 21
stats: session 96 59539.09082291666 25483.479766153145 115802.029 35007.578 62356.410149305564 576
stats: users_count 213 1766
stats: finish_users_count 96 672
stats: request 1029 1350.1687706511177 2597.0943306805893 10318.069 0.471 1681.4195912288576 6681
stats: connect 254 1.140881889763779 0.4956596751895673 35.249 0.692 1.2731840796019898 1809
stats: page 436 3242.6270481651363 7254.932631134532 30801.871 0.525 3736.012576185307 2763
stats: 302 66 1034
stats: 200 134 2594
stats: size_rcv 440398 4327787
stats: newphase 0 10
stats: 502 809 4029
stats: size_sent 476576 5064564
stats: connected 113 1079
stats: 500 20 53
# stats: dump at 1575463033
stats: users 1234 1234
stats: {recvpackets,"tsung_controller@ip-172-31-23-21"} 1 2496.0 0.0 2576 35 1043.2380952380952 21
stats: {sentpackets,"tsung_controller@ip-172-31-23-21"} 1 2739.0 0.0 2883 33 991.047619047619 21
stats: {cpu,"tsung_controller@ip-172-31-23-21"} 1 3.0456852791878175 0.0 3.911735205616851 0.4008016032064128 1.6753077032524444 22
stats: {load,"tsung_controller@ip-172-31-23-21"} 1 0.01953125 0.0 0.16015625 0.0 0.0390625 22
stats: {freemem,"tsung_controller@ip-172-31-23-21"} 1 3467.67578125 0.0 3523.81640625 3467.67578125 3499.229580965909 22
stats: session 138 55688.491413043484 23932.65788274253 116000.659 35007.562 61953.935959821436 672
stats: users_count 278 2044
stats: finish_users_count 138 810
stats: request 1301 950.5356940814771 2243.316707254682 10318.069 0.464 1637.2098513618673 7710
stats: connect 299 1.1146856187290959 0.7622708777927774 35.249 0.692 1.2568948133785744 2063
stats: page 531 2368.621064030129 6494.093283170691 32217.464 0.525 3668.7677839949993 3199
stats: 302 60 1094
stats: 200 123 2717
stats: size_rcv 515427 4843214
stats: newphase 1 11
stats: 502 1102 5131
stats: size_sent 497022 5561586
stats: connected 137 1216
stats: 500 16 69
# stats: dump at 1575463043
stats: users 1355 1355
stats: {recvpackets,"tsung_controller@ip-172-31-23-21"} 1 3121.0 0.0 3121 35 1109.2727272727273 22
stats: {sentpackets,"tsung_controller@ip-172-31-23-21"} 1 3590.0 0.0 3590 33 1070.5 22
stats: {cpu,"tsung_controller@ip-172-31-23-21"} 1 3.760162601626017 0.0 3.911735205616851 0.4008016032064128 1.7348893369887648 23
stats: {load,"tsung_controller@ip-172-31-23-21"} 1 0.08984375 0.0 0.16015625 0.0 0.038213315217391304 23
stats: {freemem,"tsung_controller@ip-172-31-23-21"} 1 3465.38671875 0.0 3523.81640625 3465.38671875 3497.857676630435 23
stats: session 147 56243.92304761906 26277.70290830409 123281.941 35007.562 60886.48985185185 810
stats: users_count 268 2312
stats: finish_users_count 147 957
stats: request 1464 894.4843831967222 1939.8245293119494 10318.069 0.464 1538.0684598823657 9011
stats: connect 325 1.1474276923076918 1.3338598975567335 35.249 0.692 1.2388928873835727 2362
stats: page 589 2646.927932088288 6661.101598174439 32217.464 0.525 3483.6798729222523 3730
stats: 302 93 1187
stats: 200 149 2866
stats: size_rcv 587004 5430218
stats: newphase 0 11
stats: 502 1199 6330
stats: size_sent 557601 6119187
stats: connected 23 1239
stats: 500 23 92
# stats: dump at 1575463053
stats: users 1276 1385
stats: {recvpackets,"tsung_controller@ip-172-31-23-21"} 1 3614.0 0.0 3614 35 1196.7391304347825 23
stats: {sentpackets,"tsung_controller@ip-172-31-23-21"} 1 3995.0 0.0 3995 33 1180.0434782608695 23
stats: {cpu,"tsung_controller@ip-172-31-23-21"} 1 6.673407482305358 0.0 6.673407482305358 0.4008016032064128 1.819275723015317 24
stats: {load,"tsung_controller@ip-172-31-23-21"} 1 0.23046875 0.0 0.23046875 0.0 0.040364583333333336 24
stats: {freemem,"tsung_controller@ip-172-31-23-21"} 1 3463.76171875 0.0 3523.81640625 3463.76171875 3496.5047200520835 24
stats: session 146 53992.25067808218 25249.89007123937 123281.941 35007.48 60173.368305120166 957
stats: users_count 67 2379
stats: finish_users_count 146 1103
stats: request 1178 1093.2021689303922 2222.841253791168 10318.069 0.464 1448.1202891646776 10475
stats: connect 145 1.127558620689655 0.868784064087211 35.249 0.692 1.2278299218459243 2687
stats: page 434 2600.371456221199 5828.906262394321 32217.464 0.525 3369.5685292891876 4319
stats: 302 73 1260
stats: 200 131 2997
stats: size_rcv 495398 5925616
stats: newphase 0 11
stats: 502 942 7272
stats: size_sent 495801 6614988
stats: connected -32 1207
stats: 500 32 124
# stats: dump at 1575463063
stats: users 1104 1385
stats: {recvpackets,"tsung_controller@ip-172-31-23-21"} 1 2148.0 0.0 3614 35 1297.4583333333333 24
stats: {sentpackets,"tsung_controller@ip-172-31-23-21"} 1 2287.0 0.0 3995 33 1297.3333333333333 24
stats: {cpu,"tsung_controller@ip-172-31-23-21"} 1 2.920443101711984 0.0 6.673407482305358 0.4008016032064128 2.0134409933869186 25
stats: {load,"tsung_controller@ip-172-31-23-21"} 1 0.19140625 0.0 0.23046875 0.0 0.04796875 25
stats: {freemem,"tsung_controller@ip-172-31-23-21"} 1 3463.48046875 0.0 3523.81640625 3463.48046875 3495.195 25
stats: session 172 58577.92283139533 25479.450622840384 128406.474 35007.48 59355.1967969175 1103
stats: users_count 0 2379
stats: finish_users_count 172 1275
stats: request 1149 1006.9644081810294 2604.8920318240725 10318.069 0.464 1412.2416702994935 11653
stats: connect 76 1.1906973684210527 0.3325910251240626 35.249 0.692 1.2226959745762707 2832
stats: page 400 2440.4325599999997 6478.7918097538795 32217.464 0.525 3299.332566799916 4753
stats: 302 37 1297
stats: 200 94 3091
stats: size_rcv 450725 6376341
stats: newphase 0 11
stats: 502 998 8270
stats: size_sent 515094 7130082
stats: connected -135 1072
stats: 500 20 144
# stats: dump at 1575463073
stats: users 916 1385
stats: {recvpackets,"tsung_controller@ip-172-31-23-21"} 1 2107.0 0.0 3614 35 1331.48 25
stats: {sentpackets,"tsung_controller@ip-172-31-23-21"} 1 2325.0 0.0 3995 33 1336.92 25
stats: {cpu,"tsung_controller@ip-172-31-23-21"} 1 3.015075376884422 0.0 6.673407482305358 0.4008016032064128 2.0483256898609596 26
stats: {load,"tsung_controller@ip-172-31-23-21"} 1 0.16015625 0.0 0.23046875 0.0 0.05348557692307692 26
stats: {freemem,"tsung_controller@ip-172-31-23-21"} 1 3463.33984375 0.0 3523.81640625 3463.33984375 3493.9752103365386 26
stats: session 188 58654.067920212794 26706.168982090137 128406.474 35007.47 59250.34101490196 1275
stats: users_count 0 2379
stats: finish_users_count 188 1463
stats: request 1192 1067.0300159395983 2877.5447396339155 10445.796 0.464 1375.8673870488988 12802
stats: connect 79 1.2392278481012662 0.8751990869260142 35.249 0.692 1.2218596973865194 2908
stats: page 400 2019.7370250000029 5710.477471478506 33523.957 0.525 3232.6607246264316 5153
stats: 302 36 1333
stats: 200 80 3171
stats: size_rcv 463630 6839971
stats: newphase 0 11
stats: 502 1047 9317
stats: size_sent 539643 7669725
stats: connected -217 855
stats: 500 29 173
# stats: dump at 1575463083
stats: users 712 1385
stats: {recvpackets,"tsung_controller@ip-172-31-23-21"} 1 2205.0 0.0 3614 35 1361.3076923076924 26
stats: {sentpackets,"tsung_controller@ip-172-31-23-21"} 1 2418.0 0.0 3995 33 1374.923076923077 26
stats: {cpu,"tsung_controller@ip-172-31-23-21"} 1 4.179104477611941 0.0 6.673407482305358 0.4008016032064128 2.0841312338247917 27
stats: {load,"tsung_controller@ip-172-31-23-21"} 1 0.140625 0.0 0.23046875 0.0 0.057436342592592594 27
stats: {freemem,"tsung_controller@ip-172-31-23-21"} 1 3463.33203125 0.0 3523.81640625 3463.33203125 3492.8405671296296 27
stats: session 204 62334.07607843136 26432.634395088775 139942.054 35007.47 59173.71808817499 1463
stats: users_count 0 2379
stats: finish_users_count 204 1667
stats: request 1160 1002.315202586206 2844.397672924139 10598.01 0.464 1349.5608166357013 13994
stats: connect 118 1.1230254237288146 0.2464425694388044 35.249 0.692 1.222319049213257 2987
stats: page 369 2632.6088997289953 8076.134046917127 39464.448 0.519 3145.2900277327576 5553
stats: 302 33 1366
stats: 200 73 3244
stats: size_rcv 444699 7284670
stats: newphase 0 11
stats: 502 1031 10348
stats: size_sent 488256 8157981
stats: connected -190 665
stats: 500 23 196
# stats: dump at 1575463093
stats: users 598 1385
stats: {recvpackets,"tsung_controller@ip-172-31-23-21"} 1 2221.0 0.0 3614 35 1392.5555555555557 27
stats: {sentpackets,"tsung_controller@ip-172-31-23-21"} 1 2395.0 0.0 3995 33 1413.5555555555557 27
stats: {cpu,"tsung_controller@ip-172-31-23-21"} 1 3.6999999999999997 0.0 6.673407482305358 0.4008016032064128 2.15895170681719 28
stats: {load,"tsung_controller@ip-172-31-23-21"} 1 0.109375 0.0 0.23046875 0.0 0.06040736607142857 28
stats: {freemem,"tsung_controller@ip-172-31-23-21"} 1 3463.31640625 0.0 3523.81640625 3463.31640625 3491.786690848214 28
stats: session 114 82230.09017543863 15930.231825750649 149416.719 35007.47 59560.46855608879 1667
stats: users_count 0 2379
stats: finish_users_count 114 1781
stats: request 720 2000.3583083333308 4121.4535552487605 11909.139 0.464 1322.9800516695263 15154
stats: connect 108 1.1114074074074076 0.2791314252063407 35.249 0.692 1.2185455716586149 3105
stats: page 230 5356.099547826083 12348.342261740347 44044.867 0.519 3113.3448510638304 5922
stats: 302 42 1408
stats: 200 74 3318
stats: size_rcv 298574 7583244
stats: newphase 0 11
stats: 502 582 10930
stats: size_sent 311144 8469125
stats: connected -129 536
stats: 500 22 218
# stats: dump at 1575463103
stats: users 491 1385
stats: {recvpackets,"tsung_controller@ip-172-31-23-21"} 1 1661.0 0.0 3614 35 1422.142857142857 28
stats: {sentpackets,"tsung_controller@ip-172-31-23-21"} 1 1669.0 0.0 3995 33 1448.607142857143 28
stats: {cpu,"tsung_controller@ip-172-31-23-21"} 1 2.3092369477911645 0.0 6.673407482305358 0.4008016032064128 2.2120913031338385 29
stats: {load,"tsung_controller@ip-172-31-23-21"} 1 0.1015625 0.0 0.23046875 0.0 0.06209590517241379 29
stats: {freemem,"tsung_controller@ip-172-31-23-21"} 1 3463.1484375 0.0 3523.81640625 3463.1484375 3490.8049568965516 29
stats: session 107 88571.45536448596 16969.541270805592 149416.719 35007.47 61011.52799719259 1781
stats: users_count 0 2379
stats: finish_users_count 107 1888
stats: request 662 1826.6104879154082 3907.237808186619 11909.139 0.464 1353.7040245054807 15874
stats: connect 129 1.3074806201550395 1.2121745921576166 35.249 0.692 1.2149442888266415 3213
stats: page 234 4775.32430769231 12458.082810827631 48958.029 0.519 3197.192962288687 6152
stats: 302 45 1453
stats: 200 61 3379
stats: size_rcv 260222 7843466
stats: newphase 0 11
stats: 502 543 11473
stats: size_sent 241457 8710582
stats: connected -112 424
stats: 500 13 231
# stats: dump at 1575463113
stats: users 354 1385
stats: {recvpackets,"tsung_controller@ip-172-31-23-21"} 1 1782.0 0.0 3614 35 1430.3793103448277 29
stats: {sentpackets,"tsung_controller@ip-172-31-23-21"} 1 1774.0 0.0 3995 33 1456.2068965517242 29
stats: {cpu,"tsung_controller@ip-172-31-23-21"} 1 2.6052104208416833 0.0 6.673407482305358 0.4008016032064128 2.215329491289083 30
stats: {load,"tsung_controller@ip-172-31-23-21"} 1 0.078125 0.0 0.23046875 0.0 0.06341145833333334 30
stats: {freemem,"tsung_controller@ip-172-31-23-21"} 1 3463.234375 0.0 3523.81640625 3463.1484375 3489.8830729166666 30
stats: session 137 87302.44121167882 13385.872856835509 151496.09 35007.47 62573.451846927965 1888
stats: users_count 0 2379
stats: finish_users_count 137 2025
stats: request 822 1605.4244817518218 3640.99868255362 11909.139 0.464 1372.6362982583453 16536
stats: connect 149 1.4489463087248315 0.9258143144109696 35.249 0.692 1.2185161579892276 3342
stats: page 279 4329.863129032256 11834.361985976495 49214.685 0.519 3255.0198860006267 6386
stats: 302 54 1507
stats: 200 62 3441
stats: size_rcv 316707 8160173
stats: newphase 0 11
stats: 502 688 12161
stats: size_sent 302251 9012833
stats: connected -117 307
stats: 500 18 249
# stats: dump at 1575463123
stats: users 223 1385
stats: {recvpackets,"tsung_controller@ip-172-31-23-21"} 1 1893.0 0.0 3614 35 1442.1 30
stats: {sentpackets,"tsung_controller@ip-172-31-23-21"} 1 2012.0 0.0 3995 33 1466.8 30
stats: {cpu,"tsung_controller@ip-172-31-23-21"} 1 3.20962888665998 0.0 6.673407482305358 0.4008016032064128 2.227906295468199 31
stats: {load,"tsung_controller@ip-172-31-23-21"} 1 0.0703125 0.0 0.23046875 0.0 0.06388608870967742 31
stats: {freemem,"tsung_controller@ip-172-31-23-21"} 1 3464.01171875 0.0 3523.81640625 3463.1484375 3489.0234375 31
stats: session 131 88252.27145801527 13795.878226342105 151496.09 35007.47 64246.47483111111 2025
stats: users_count 0 2379
stats: finish_users_count 131 2156
stats: request 750 1566.5857280000014 3933.721509292046 12805.443 0.464 1383.6601424127202 17358
stats: connect 65 1.1731076923076924 0.18096273505694457 35.249 0.692 1.2283511887711251 3491
stats: page 210 5153.923009523808 13326.905650317767 52353.428 0.519 3300.013324081021 6665
stats: 302 31 1538
stats: 200 55 3496
stats: size_rcv 291212 8451385
stats: newphase 0 11
stats: 502 647 12808
stats: size_sent 313630 9326463
stats: connected -92 215
stats: 500 17 266
# stats: dump at 1575463133
stats: users 161 1385
stats: {recvpackets,"tsung_controller@ip-172-31-23-21"} 1 1320.0 0.0 3614 35 1456.6451612903227 31
stats: {sentpackets,"tsung_controller@ip-172-31-23-21"} 1 1.4e3 0.0 3995 33 1484.3870967741937 31
stats: {cpu,"tsung_controller@ip-172-31-23-21"} 1 1.7085427135678393 0.0 6.673407482305358 0.4008016032064128 2.2585851264429424 32
stats: {load,"tsung_controller@ip-172-31-23-21"} 1 0.05859375 0.0 0.23046875 0.0 0.0640869140625 32
stats: {freemem,"tsung_controller@ip-172-31-23-21"} 1 3464.64453125 0.0 3523.81640625 3463.1484375 3488.2418212890625 32
stats: session 62 98363.27566129029 18514.373027490292 154207.003 35007.47 65705.08306771799 2156
stats: users_count 0 2379
stats: finish_users_count 62 2218
stats: request 348 4332.805448275861 4687.415089591231 12995.995 0.464 1391.2365831676605 18108
stats: connect 16 1.3448749999999996 0.24539505776400636 35.249 0.692 1.2273413948256464 3556
stats: page 89 17452.36780898878 21726.61642206571 52353.428 0.519 3356.641838109091 6875
stats: 302 90 1628
stats: 200 63 3559
stats: size_rcv 154258 8605643
stats: newphase 0 11
stats: 502 183 12991
stats: size_sent 183176 9509639
stats: connected -58 157
stats: 500 12 278
# stats: dump at 1575463143
stats: users 130 1385
stats: {recvpackets,"tsung_controller@ip-172-31-23-21"} 1 762.0 0.0 3614 35 1452.375 32
stats: {sentpackets,"tsung_controller@ip-172-31-23-21"} 1 704.0 0.0 3995 33 1481.75 32
stats: {cpu,"tsung_controller@ip-172-31-23-21"} 1 1.103309929789368 0.0 6.673407482305358 0.4008016032064128 2.2419171745376363 33
stats: {load,"tsung_controller@ip-172-31-23-21"} 1 0.05078125 0.0 0.23046875 0.0 0.06392045454545454 33
stats: {freemem,"tsung_controller@ip-172-31-23-21"} 1 3465.1015625 0.0 3523.81640625 3463.1484375 3487.5267518939395 33
stats: session 31 109642.42054838712 21139.272738760246 154207.003 35007.47 66617.98114743011 2218
stats: users_count 0 2379
stats: finish_users_count 31 2249
stats: request 186 5706.607854838705 5609.280939711549 13629.381 0.464 1446.7017958387514 18456
stats: connect 5 1.2932000000000001 0.19039894957693437 35.249 0.692 1.227867861142217 3572
stats: page 43 18085.435604651168 22505.72085757683 53407.02 0.519 3536.7853779437114 6964
stats: 302 40 1668
stats: 200 56 3615
stats: size_rcv 85477 8691120
stats: newphase 0 11
stats: 502 90 13081
stats: size_sent 102208 9611847
stats: connected -27 130
stats: 500 0 278
# stats: dump at 1575463153
stats: users 108 1385
stats: {recvpackets,"tsung_controller@ip-172-31-23-21"} 1 369.0 0.0 3614 35 1431.4545454545455 33
stats: {sentpackets,"tsung_controller@ip-172-31-23-21"} 1 270.0 0.0 3995 33 1458.1818181818182 33
stats: {cpu,"tsung_controller@ip-172-31-23-21"} 1 0.6 0.0 6.673407482305358 0.4008016032064128 2.208428726162687 34
stats: {load,"tsung_controller@ip-172-31-23-21"} 1 0.0390625 0.0 0.23046875 0.0 0.06353400735294118 34
stats: {freemem,"tsung_controller@ip-172-31-23-21"} 1 3465.046875 0.0 3523.81640625 3463.1484375 3486.8671875 34
stats: session 22 137176.6853636363 9121.663389912897 154207.003 35007.47 67211.02588795019 2249
stats: users_count 0 2379
stats: finish_users_count 22 2271
stats: request 99 13791.69332323232 803.9365384377501 15426.387 0.464 1489.2048817186997 18642
stats: connect 0 0 0 35.249 0.692 1.2279591836734691 3577
stats: page 21 51359.719857142874 6288.645342618193 55197.317 0.519 3626.066376908806 7007
stats: 302 48 1716
stats: 200 51 3666
stats: size_rcv 54462 8745582
stats: newphase 0 11
stats: 502 0 13081
stats: size_sent 64081 9675928
stats: connected -21 109
stats: 500 0 278
# stats: dump at 1575463163
stats: users 93 1385
stats: {recvpackets,"tsung_controller@ip-172-31-23-21"} 1 341.0 0.0 3614 35 1400.2058823529412 34
stats: {sentpackets,"tsung_controller@ip-172-31-23-21"} 1 211.0 0.0 3995 33 1423.235294117647 34
stats: {cpu,"tsung_controller@ip-172-31-23-21"} 1 0.4012036108324975 0.0 6.673407482305358 0.4008016032064128 2.162473619700896 35
stats: {load,"tsung_controller@ip-172-31-23-21"} 1 0.03125 0.0 0.23046875 0.0 0.06283482142857143 35
stats: {freemem,"tsung_controller@ip-172-31-23-21"} 1 3465.16015625 0.0 3523.81640625 3463.1484375 3486.24375 35
stats: session 15 138904.94073333332 10715.903521201737 163444.169 35007.47 67888.80858652575 2271
stats: users_count 0 2379
stats: finish_users_count 15 2286
stats: request 115 9760.429739130434 1376.849098537337 15426.387 0.464 1554.1932150899097 18741
stats: connect 0 0 0 35.249 0.692 1.2279591836734691 3577
stats: page 16 52065.343875000006 4239.577975858769 55218.488 0.519 3768.6968155947643 7028
stats: 302 57 1773
stats: 200 58 3724
stats: size_rcv 64633 8810215
stats: newphase 0 11
stats: 502 0 13081
stats: size_sent 72491 9748419
stats: connected -16 93
stats: 500 0 278
# stats: dump at 1575463173
stats: users 68 1385
stats: {recvpackets,"tsung_controller@ip-172-31-23-21"} 1 356.0 0.0 3614 35 1369.942857142857 35
stats: {sentpackets,"tsung_controller@ip-172-31-23-21"} 1 205.0 0.0 3995 33 1388.6 35
stats: {cpu,"tsung_controller@ip-172-31-23-21"} 1 0.30120481927710846 0.0 6.673407482305358 0.30120481927710846 2.1135494527878844 36
stats: {load,"tsung_controller@ip-172-31-23-21"} 1 0.03125 0.0 0.23046875 0.0 0.061957465277777776 36
stats: {freemem,"tsung_controller@ip-172-31-23-21"} 1 3465.234375 0.0 3523.81640625 3463.1484375 3485.6580946180557 36
stats: session 25 138176.47355999998 6721.076924537433 163444.169 35007.47 68354.7937055993 2286
stats: users_count 0 2379
stats: finish_users_count 25 2311
stats: request 79 11755.34648101266 1394.7456081840621 15426.387 0.464 1604.2418574459055 18856
stats: connect 0 0 0 35.249 0.692 1.2279591836734691 3577
stats: page 24 54636.637291666666 925.6051864907754 56122.538 0.519 3878.399591425327 7044
stats: 302 24 1797
stats: 200 55 3779
stats: size_rcv 56017 8866232
stats: newphase 0 11
stats: 502 0 13081
stats: size_sent 41682 9790101
stats: connected -24 69
stats: 500 0 278
# stats: dump at 1575463180
stats: users 0 1385
stats: {recvpackets,"tsung_controller@ip-172-31-23-21"} 1 276.0 0.0 3614 35 1341.7777777777778 36
stats: {sentpackets,"tsung_controller@ip-172-31-23-21"} 1 165.0 0.0 3995 33 1355.7222222222222 36
stats: {cpu,"tsung_controller@ip-172-31-23-21"} 1 0.40040040040040037 0.0 6.673407482305358 0.30120481927710846 2.0645671653957014 37
stats: {load,"tsung_controller@ip-172-31-23-21"} 1 0.01953125 0.0 0.23046875 0.0 0.061127533783783786 37
stats: {freemem,"tsung_controller@ip-172-31-23-21"} 1 3465.35546875 0.0 3523.81640625 3463.1484375 3485.106102195946 37
stats: session 68 137027.67782352943 6090.409224789034 163444.169 35007.47 69110.11261358717 2311
stats: users_count 0 2379
stats: finish_users_count 68 2379
stats: request 114 5875.088412280704 3403.752389700079 15426.387 0.464 1646.5939707420118 18935
stats: connect 0 0 0 35.249 0.692 1.2279591836734691 3577
stats: page 69 46636.3297536232 7023.749989604728 56122.538 0.519 4050.7535394736847 7068
stats: 302 39 1836
stats: 200 75 3854
stats: size_rcv 89154 8955386
stats: newphase 0 11
stats: 502 0 13081
stats: size_sent 43438 9833539
stats: connected -69 0
stats: 500 0 278
EndMonitor:{1575,463180,868566}
