# stats: dump at 1575456932
stats: users 11 11
stats: {load,"tsung_controller@ip-172-31-27-7"} 1 0.16015625 0 0.16015625 0.16015625 0 0
stats: {cpu,"tsung_controller@ip-172-31-27-7"} 1 0.8949947083538798 0 0.8949947083538798 0.8949947083538798 0 0
stats: {freemem,"tsung_controller@ip-172-31-27-7"} 1 3516.1796875 0 3516.1796875 3516.1796875 0 0
stats: users_count 11 11
stats: finish_users_count 0 0
stats: request 25 32.8356 28.046257403083217 122.295 12.236 0 0
stats: connect 11 3.2895454545454546 7.075760124456098 25.659 0.744 0 0
stats: page 11 74.69654545454544 41.54535395173816 130.076 12.95 0 0
stats: 302 11 11
stats: 200 14 14
stats: size_rcv 15781 15781
stats: size_sent 15690 15690
stats: connected 11 11
# stats: dump at 1575456942
stats: users 19 19
stats: {load,"tsung_controller@ip-172-31-27-7"} 1 0.12890625 0.0 0.16015625 0.12890625 0.16015625 1
stats: {recvpackets,"tsung_controller@ip-172-31-27-7"} 1 99 0 99 99 0 0
stats: {sentpackets,"tsung_controller@ip-172-31-27-7"} 1 96 0 96 96 0 0
stats: {cpu,"tsung_controller@ip-172-31-27-7"} 1 0.30060120240480964 0.0 0.8949947083538798 0.30060120240480964 0.8949947083538798 1
stats: {freemem,"tsung_controller@ip-172-31-27-7"} 1 3516.7890625 0.0 3516.7890625 3516.1796875 3516.1796875 1
stats: users_count 8 19
stats: finish_users_count 0 0
stats: request 12 18.300250000000002 6.9875590650455335 122.295 12.181 32.8356 25
stats: connect 8 1.2794999999999999 0.39192154827209996 25.659 0.744 3.2895454545454546 11
stats: page 8 27.477249999999998 22.468305603393862 130.076 12.674 74.69654545454544 11
stats: 302 8 19
stats: 200 4 18
stats: size_rcv 5150 20931
stats: size_sent 5396 21086
stats: connected 8 19
# stats: dump at 1575456952
stats: users 35 35
stats: {load,"tsung_controller@ip-172-31-27-7"} 1 0.109375 0.0 0.16015625 0.109375 0.14453125 2
stats: {recvpackets,"tsung_controller@ip-172-31-27-7"} 1 188.0 0.0 188 99 99.0 1
stats: {sentpackets,"tsung_controller@ip-172-31-27-7"} 1 251.0 0.0 251 96 96.0 1
stats: {cpu,"tsung_controller@ip-172-31-27-7"} 1 2.1 0.0 2.1 0.30060120240480964 0.5977979553793448 2
stats: {freemem,"tsung_controller@ip-172-31-27-7"} 1 3516.82421875 0.0 3516.82421875 3516.1796875 3516.484375 2
stats: users_count 16 35
stats: finish_users_count 0 0
stats: request 29 21.219275862068958 30.87022801754037 183.641 11.228 28.12143243243243 37
stats: connect 15 1.0272000000000001 0.13216313152060735 25.659 0.744 2.4432105263157893 19
stats: page 15 41.06680000000001 42.044651408076476 183.641 11.896 54.81473684210526 19
stats: 302 15 34
stats: 200 14 32
stats: size_rcv 16309 37240
stats: newphase 1 1
stats: size_sent 16386 37472
stats: connected 15 34
# stats: dump at 1575456962
stats: users 51 51
stats: {load,"tsung_controller@ip-172-31-27-7"} 1 0.1015625 0.0 0.16015625 0.1015625 0.1328125 3
stats: {recvpackets,"tsung_controller@ip-172-31-27-7"} 1 88.0 0.0 188 88 143.5 2
stats: {sentpackets,"tsung_controller@ip-172-31-27-7"} 1 95.0 0.0 251 95 173.5 2
stats: {cpu,"tsung_controller@ip-172-31-27-7"} 1 0.1002004008016032 0.0 2.1 0.1002004008016032 1.0985319702528964 3
stats: {freemem,"tsung_controller@ip-172-31-27-7"} 1 3516.859375 0.0 3516.859375 3516.1796875 3516.59765625 3
stats: session 2 35917.8185 45.25149999999849 35963.07 35872.567 0 0
stats: users_count 18 53
stats: finish_users_count 2 2
stats: request 52 53.022326923076925 103.4517040569993 385.044 11.228 25.088666666666665 66
stats: connect 18 1.0277222222222224 0.12649102100568924 25.659 0.744 1.8185 34
stats: page 24 114.94354166666669 219.53730025897258 807.209 11.507 48.74947058823529 34
stats: 302 18 52
stats: 200 34 66
stats: size_rcv 37998 75238
stats: newphase 0 1
stats: size_sent 36864 74336
stats: connected 16 50
# stats: dump at 1575456972
stats: users 79 80
stats: {load,"tsung_controller@ip-172-31-27-7"} 1 0.078125 0.0 0.16015625 0.078125 0.125 4
stats: {recvpackets,"tsung_controller@ip-172-31-27-7"} 1 235.0 0.0 235 88 125.0 3
stats: {sentpackets,"tsung_controller@ip-172-31-27-7"} 1 220.0 0.0 251 95 147.33333333333334 3
stats: {cpu,"tsung_controller@ip-172-31-27-7"} 1 0.3009027081243731 0.0 2.1 0.1002004008016032 0.8489490778900731 4
stats: {freemem,"tsung_controller@ip-172-31-27-7"} 1 3515.65625 0.0 3516.859375 3515.65625 3516.6630859375 4
stats: session 5 35821.77220000001 47.905899517284396 35963.07 35774.406 35917.8185 2
stats: users_count 33 86
stats: finish_users_count 5 7
stats: request 98 52.9535918367347 104.63355749187176 405.658 11.228 37.398415254237285 118
stats: connect 34 1.0705294117647053 0.13737138054839385 25.659 0.744 1.544769230769231 52
stats: page 52 99.84805769230769 221.66595289433687 854.061 11.507 76.14012068965518 58
stats: 302 34 86
stats: 200 64 130
stats: size_rcv 76128 151366
stats: newphase 1 2
stats: size_sent 70458 144794
stats: connected 29 79
# stats: dump at 1575456982
stats: users 98 101
stats: {load,"tsung_controller@ip-172-31-27-7"} 1 0.0703125 0.0 0.16015625 0.0703125 0.115625 5
stats: {recvpackets,"tsung_controller@ip-172-31-27-7"} 1 366.0 0.0 366 88 152.5 4
stats: {sentpackets,"tsung_controller@ip-172-31-27-7"} 1 345.0 0.0 345 95 165.5 4
stats: {cpu,"tsung_controller@ip-172-31-27-7"} 1 0.20100502512562815 0.0 2.1 0.1002004008016032 0.7393398039369331 5
stats: {freemem,"tsung_controller@ip-172-31-27-7"} 1 3513.92578125 0.0 3516.859375 3513.92578125 3516.46171875 5
stats: session 13 44359.395307692306 7698.3715578510655 52107.078 35774.406 35849.214 7
stats: users_count 32 118
stats: finish_users_count 13 20
stats: request 137 150.20659854014596 250.70630927512983 1138.906 8.634 44.45585648148148 216
stats: connect 32 2.838125 7.079965473741732 39.408 0.744 1.3572790697674417 86
stats: page 55 374.2395818181818 535.8476379561872 1954.994 11.507 87.3475090909091 110
stats: 302 39 125
stats: 200 98 228
stats: size_rcv 112271 263637
stats: newphase 0 2
stats: size_sent 111718 256512
stats: connected 19 98
# stats: dump at 1575456992
stats: users 122 122
stats: {load,"tsung_controller@ip-172-31-27-7"} 1 0.05859375 0.0 0.16015625 0.05859375 0.10807291666666667 6
stats: {recvpackets,"tsung_controller@ip-172-31-27-7"} 1 502.0 0.0 502 88 195.2 5
stats: {sentpackets,"tsung_controller@ip-172-31-27-7"} 1 420.0 0.0 420 95 201.4 5
stats: {cpu,"tsung_controller@ip-172-31-27-7"} 1 0.7028112449799196 0.0 2.1 0.1002004008016032 0.6496173408017156 6
stats: {freemem,"tsung_controller@ip-172-31-27-7"} 1 3511.02734375 0.0 3516.859375 3511.02734375 3516.0390625 6
stats: session 10 37438.769400000005 4488.881849817104 52107.078 35733.086 41380.83185 20
stats: users_count 34 152
stats: finish_users_count 10 30
stats: request 123 81.08984552845527 132.10488325237066 1138.906 8.634 85.49792917847024 353
stats: connect 31 1.8983225806451605 2.2385088122215064 39.408 0.744 1.758864406779661 118
stats: page 56 170.78066071428563 288.49430814193823 1954.994 11.507 182.9782 165
stats: 302 33 158
stats: 200 90 318
stats: size_rcv 105356 368993
stats: newphase 1 3
stats: size_sent 101029 357541
stats: connected 21 119
# stats: dump at 1575457002
stats: users 145 147
stats: {load,"tsung_controller@ip-172-31-27-7"} 1 0.05078125 0.0 0.16015625 0.05078125 0.10100446428571429 7
stats: {recvpackets,"tsung_controller@ip-172-31-27-7"} 1 555.0 0.0 555 88 246.33333333333334 6
stats: {sentpackets,"tsung_controller@ip-172-31-27-7"} 1 485.0 0.0 485 95 237.83333333333334 6
stats: {cpu,"tsung_controller@ip-172-31-27-7"} 1 0.8008008008008007 0.0 2.1 0.1002004008016032 0.6572164699700306 7
stats: {freemem,"tsung_controller@ip-172-31-27-7"} 1 3510.3984375 0.0 3516.859375 3510.3984375 3515.3231026785716 7
stats: session 14 42907.60828571429 7437.895678667075 52365.65 35733.086 40066.81103333334 30
stats: users_count 37 189
stats: finish_users_count 14 44
stats: request 178 199.79948314606727 346.2778494954176 2056.794 8.634 84.35886554621847 476
stats: connect 40 1.1039749999999997 0.14846607146078858 39.408 0.744 1.787879194630872 149
stats: page 78 293.16414102564096 505.2448895332894 2212.289 11.507 179.8874208144796 221
stats: 302 45 203
stats: 200 133 451
stats: size_rcv 156611 525604
stats: newphase 0 3
stats: size_sent 158452 515993
stats: connected 28 147
# stats: dump at 1575457012
stats: users 165 170
stats: {load,"tsung_controller@ip-172-31-27-7"} 1 0.0390625 0.0 0.16015625 0.0390625 0.0947265625 8
stats: {recvpackets,"tsung_controller@ip-172-31-27-7"} 1 744.0 0.0 744 88 290.42857142857144 7
stats: {sentpackets,"tsung_controller@ip-172-31-27-7"} 1 640.0 0.0 640 95 273.14285714285717 7
stats: {cpu,"tsung_controller@ip-172-31-27-7"} 1 0.8040201005025126 0.0 2.1 0.1002004008016032 0.6751645113238768 8
stats: {freemem,"tsung_controller@ip-172-31-27-7"} 1 3505.53515625 0.0 3516.859375 3505.53515625 3514.70751953125 8
stats: session 24 44274.013875 7595.222465523096 55293.275 35733.086 40970.70106818183 44
stats: users_count 44 233
stats: finish_users_count 24 68
stats: request 245 659.1349183673475 710.7203920892543 3194.372 8.634 115.77848318042808 654
stats: connect 44 1.03975 0.10146049947908528 39.408 0.744 1.6431375661375658 189
stats: page 99 1470.125212121212 1390.2077849909124 5156.296 11.507 209.43786956521737 299
stats: 302 52 255
stats: 200 193 644
stats: size_rcv 224624 750228
stats: newphase 1 4
stats: size_sent 216349 732342
stats: connected 19 166
# stats: dump at 1575457022
stats: users 197 197
stats: {load,"tsung_controller@ip-172-31-27-7"} 1 0.03125 0.0 0.16015625 0.03125 0.08854166666666667 9
stats: {recvpackets,"tsung_controller@ip-172-31-27-7"} 1 963.0 0.0 963 88 347.125 8
stats: {sentpackets,"tsung_controller@ip-172-31-27-7"} 1 733.0 0.0 733 95 319.0 8
stats: {cpu,"tsung_controller@ip-172-31-27-7"} 1 0.5045408678102926 0.0 2.1 0.1002004008016032 0.6894817990103919 9
stats: {freemem,"tsung_controller@ip-172-31-27-7"} 1 3501.515625 0.0 3516.859375 3501.515625 3513.6883680555557 9
stats: session 20 46399.3383 7573.759441986715 58929.945 35733.086 42136.5761764706 68
stats: users_count 52 285
stats: finish_users_count 20 88
stats: request 225 997.4096444444452 1032.39459363269 4308.484 8.634 263.8567107897665 899
stats: connect 49 1.0669387755102042 0.3261014871555039 39.408 0.744 1.52919313304721 233
stats: page 86 2137.659674418604 2323.071671752867 9143.595 11.507 523.0259271356783 398
stats: 302 58 313
stats: 200 167 811
stats: size_rcv 195492 945720
stats: newphase 0 4
stats: size_sent 212442 944784
stats: connected 29 195
# stats: dump at 1575457032
stats: users 249 249
stats: {load,"tsung_controller@ip-172-31-27-7"} 1 0.03125 0.0 0.16015625 0.03125 0.0828125 10
stats: {recvpackets,"tsung_controller@ip-172-31-27-7"} 1 1169.0 0.0 1169 88 415.55555555555554 9
stats: {sentpackets,"tsung_controller@ip-172-31-27-7"} 1 902.0 0.0 902 95 365.0 9
stats: {cpu,"tsung_controller@ip-172-31-27-7"} 1 1.0050251256281406 0.0 2.1 0.1002004008016032 0.6709877058903819 10
stats: {freemem,"tsung_controller@ip-172-31-27-7"} 1 3495.64453125 0.0 3516.859375 3495.64453125 3512.47109375 10
stats: session 18 50621.335111111126 6693.24309024294 61569.892 35733.086 43105.38575000001 88
stats: users_count 70 355
stats: finish_users_count 18 106
stats: request 265 1597.184803773586 1378.3399916854282 5961.892 8.634 410.69782295373693 1124
stats: connect 73 1.315273972602739 1.6688062525352236 39.408 0.744 1.4488723404255317 282
stats: page 106 3014.8707830188673 2961.1034779103024 13688.654 11.507 809.923659090909 484
stats: 302 73 386
stats: 200 192 1003
stats: size_rcv 222318 1168038
stats: newphase 1 5
stats: size_sent 239169 1183953
stats: connected 54 249
# stats: dump at 1575457042
stats: users 278 279
stats: {load,"tsung_controller@ip-172-31-27-7"} 1 0.01953125 0.0 0.16015625 0.01953125 0.078125 11
stats: {recvpackets,"tsung_controller@ip-172-31-27-7"} 1 1223.0 0.0 1223 88 490.9 10
stats: {sentpackets,"tsung_controller@ip-172-31-27-7"} 1 1071.0 0.0 1071 95 418.7 10
stats: {cpu,"tsung_controller@ip-172-31-27-7"} 1 2.320887991927346 0.0 2.320887991927346 0.1002004008016032 0.70135474404836 11
stats: {freemem,"tsung_controller@ip-172-31-27-7"} 1 3488.34765625 0.0 3516.859375 3488.34765625 3510.94140625 11
stats: session 26 55355.405884615386 7407.271373850526 66128.345 35733.086 44381.679037735856 106
stats: users_count 55 410
stats: finish_users_count 26 132
stats: request 308 2464.895568181819 1832.2984529684243 6828.22 8.634 637.061429805616 1389
stats: connect 53 0.9118867924528303 0.12202840071179198 39.408 0.708 1.4213999999999996 355
stats: page 129 5128.189906976744 4624.516596952925 15572.07 11.507 1206.066701694915 590
stats: 302 75 461
stats: 200 221 1224
stats: size_rcv 280739 1448777
stats: newphase 0 5
stats: size_sent 259153 1443106
stats: connected 28 277
stats: 500 12 12
# stats: dump at 1575457052
stats: users 311 312
stats: {load,"tsung_controller@ip-172-31-27-7"} 1 0.01953125 0.0 0.16015625 0.01953125 0.0732421875 12
stats: {recvpackets,"tsung_controller@ip-172-31-27-7"} 1 1216.0 0.0 1223 88 557.4545454545455 11
stats: {sentpackets,"tsung_controller@ip-172-31-27-7"} 1 922.0 0.0 1071 95 478.0 11
stats: {cpu,"tsung_controller@ip-172-31-27-7"} 1 1.0040160642570282 0.0 2.320887991927346 0.1002004008016032 0.8363158480382755 12
stats: {freemem,"tsung_controller@ip-172-31-27-7"} 1 3483.30859375 0.0 3516.859375 3483.30859375 3509.05859375 12
stats: session 21 56458.020571428584 7230.170536391144 71704.286 35733.086 46543.17068939395 132
stats: users_count 54 464
stats: finish_users_count 21 153
stats: request 257 2986.683914396888 1846.484852806598 8348.484 6.72 968.8074018856811 1697
stats: connect 55 1.2626727272727274 1.166320508803733 39.408 0.708 1.3552132352941175 408
stats: page 103 6248.075689320392 5424.059591958738 20334.432 11.507 1909.7577913769123 719
stats: 302 54 515
stats: 200 187 1411
stats: size_rcv 255959 1704736
stats: newphase 1 6
stats: size_sent 244013 1687119
stats: connected 33 310
stats: 500 16 28
# stats: dump at 1575457062
stats: users 368 368
stats: {load,"tsung_controller@ip-172-31-27-7"} 1 0.01953125 0.0 0.16015625 0.01953125 0.06911057692307693 13
stats: {recvpackets,"tsung_controller@ip-172-31-27-7"} 1 1076.0 0.0 1223 88 612.3333333333334 12
stats: {sentpackets,"tsung_controller@ip-172-31-27-7"} 1 844.0 0.0 1071 95 515.0 12
stats: {cpu,"tsung_controller@ip-172-31-27-7"} 1 0.9054325955734407 0.0 2.320887991927346 0.1002004008016032 0.8492158646704873 13
stats: {freemem,"tsung_controller@ip-172-31-27-7"} 1 3482.375 0.0 3516.859375 3482.375 3507.077824519231 13
stats: session 25 60992.31456 6459.317677539208 74857.755 35733.086 47904.03243790851 153
stats: users_count 82 546
stats: finish_users_count 25 178
stats: request 292 4112.65524657534 1556.2725225718766 8348.484 6.72 1234.208765097237 1954
stats: connect 82 0.9450000000000001 0.18925057592463193 39.408 0.708 1.3442203023758097 463
stats: page 121 7994.929123966943 6058.440141186214 24745.837 11.507 2453.36696836983 822
stats: 302 77 592
stats: 200 170 1581
stats: size_rcv 285370 1990106
stats: newphase 0 6
stats: size_sent 266640 1953759
stats: connected 57 367
stats: 500 45 73
# stats: dump at 1575457072
stats: users 453 453
stats: {load,"tsung_controller@ip-172-31-27-7"} 1 0.01171875 0.0 0.16015625 0.01171875 0.06556919642857142 14
stats: {recvpackets,"tsung_controller@ip-172-31-27-7"} 1 1299.0 0.0 1299 88 648.0 13
stats: {sentpackets,"tsung_controller@ip-172-31-27-7"} 1 1051.0 0.0 1071 95 540.3076923076923 13
stats: {cpu,"tsung_controller@ip-172-31-27-7"} 1 1.1077542799597182 0.0 2.320887991927346 0.1002004008016032 0.8532313454492696 14
stats: {freemem,"tsung_controller@ip-172-31-27-7"} 1 3474.5859375 0.0 3516.859375 3474.5859375 3505.3133370535716 14
stats: session 18 66277.75094444444 8593.624253545859 80851.047 35733.086 49742.27430898877 178
stats: users_count 103 649
stats: finish_users_count 18 196
stats: request 338 4893.571127218934 1089.532869375483 8348.484 6.72 1608.4324394479077 2246
stats: connect 103 1.1293398058252426 0.8095313225576292 39.408 0.708 1.2841541284403668 545
stats: page 138 8638.597268115936 6256.876622387345 27032.139 11.507 3164.4263753976675 943
stats: 302 93 685
stats: 200 210 1791
stats: size_rcv 314729 2304835
stats: newphase 1 7
stats: size_sent 315934 2269693
stats: connected 85 452
stats: 500 35 108
# stats: dump at 1575457082
stats: users 523 523
stats: {load,"tsung_controller@ip-172-31-27-7"} 1 0.01171875 0.0 0.16015625 0.01171875 0.06197916666666667 15
stats: {recvpackets,"tsung_controller@ip-172-31-27-7"} 1 1491.0 0.0 1491 88 694.5 14
stats: {sentpackets,"tsung_controller@ip-172-31-27-7"} 1 1266.0 0.0 1266 95 576.7857142857142 14
stats: {cpu,"tsung_controller@ip-172-31-27-7"} 1 1.6080402010050252 0.0 2.320887991927346 0.1002004008016032 0.8701995410832996 15
stats: {freemem,"tsung_controller@ip-172-31-27-7"} 1 3459.57421875 0.0 3516.859375 3459.57421875 3503.26484375 15
stats: session 26 67290.74238461538 10608.930227664914 85186.874 35733.086 51260.83848979592 196
stats: users_count 96 745
stats: finish_users_count 26 222
stats: request 404 4964.04108168317 3307.6305940076977 10654.059 0.417 2038.1448529411764 2584
stats: connect 95 1.001305263157894 0.12991058250190152 39.408 0.708 1.2595462962962962 648
stats: page 165 8618.782672727277 8083.4003357135425 32359.695 0.521 3863.2567021276595 1081
stats: 302 80 765
stats: 200 171 1962
stats: size_rcv 314863 2619698
stats: newphase 0 7
stats: 502 111 111
stats: size_sent 344740 2614433
stats: connected 69 521
stats: 500 42 150
# stats: dump at 1575457092
stats: users 503 530
stats: {load,"tsung_controller@ip-172-31-27-7"} 1 0.01171875 0.0 0.16015625 0.01171875 0.058837890625 16
stats: {recvpackets,"tsung_controller@ip-172-31-27-7"} 1 1435.0 0.0 1491 88 747.6 15
stats: {sentpackets,"tsung_controller@ip-172-31-27-7"} 1 1236.0 0.0 1266 95 622.7333333333333 15
stats: {cpu,"tsung_controller@ip-172-31-27-7"} 1 1.109989909182644 0.0 2.320887991927346 0.1002004008016032 0.9163145823284073 16
stats: {freemem,"tsung_controller@ip-172-31-27-7"} 1 3457.08984375 0.0 3516.859375 3457.08984375 3500.5341796875 16
stats: session 29 72930.31858620688 9772.49410464785 88559.233 35733.086 53138.21462162162 222
stats: users_count 9 754
stats: finish_users_count 29 251
stats: request 345 7256.682579710145 2707.59591635234 11367.36 0.417 2433.7479574966537 2988
stats: connect 11 1.147 0.05733474275927924 39.408 0.708 1.2265275908479136 743
stats: page 144 14242.005854166673 9521.857692415462 35172.666 0.521 4493.001313001606 1246
stats: 302 63 828
stats: 200 224 2186
stats: size_rcv 320047 2939745
stats: newphase 0 7
stats: 502 31 142
stats: size_sent 294224 2908657
stats: connected -17 504
stats: 500 27 177
# stats: dump at 1575457102
stats: users 488 530
stats: {load,"tsung_controller@ip-172-31-27-7"} 1 0.01171875 0.0 0.16015625 0.01171875 0.05606617647058824 17
stats: {recvpackets,"tsung_controller@ip-172-31-27-7"} 1 1149.0 0.0 1491 88 790.5625 16
stats: {sentpackets,"tsung_controller@ip-172-31-27-7"} 1 781.0 0.0 1266 95 661.0625 16
stats: {cpu,"tsung_controller@ip-172-31-27-7"} 1 1.2987012987012987 0.0 2.320887991927346 0.1002004008016032 0.9277072486139507 17
stats: {freemem,"tsung_controller@ip-172-31-27-7"} 1 3449.34375 0.0 3516.859375 3449.34375 3497.978630514706 17
stats: session 15 81936.40359999999 7303.582572861141 92961.095 35733.086 55424.951733067726 251
stats: users_count 0 754
stats: finish_users_count 15 266
stats: request 242 8370.281954545453 1250.6216562265924 11367.36 0.417 2932.9716132613266 3333
stats: connect 0 0 0 39.408 0.708 1.2253673740053048 754
stats: page 87 18077.76831034483 10825.748231399117 41899.372 0.521 5502.97012877698 1390
stats: 302 21 849
stats: 200 142 2328
stats: size_rcv 306848 3246593
stats: newphase 0 7
stats: 502 0 142
stats: size_sent 257713 3166370
stats: connected -16 488
stats: 500 79 256
# stats: dump at 1575457112
stats: users 440 530
stats: {load,"tsung_controller@ip-172-31-27-7"} 1 0.0 0.0 0.16015625 0.0 0.05360243055555555 18
stats: {recvpackets,"tsung_controller@ip-172-31-27-7"} 1 1074.0 0.0 1491 88 811.6470588235294 17
stats: {sentpackets,"tsung_controller@ip-172-31-27-7"} 1 747.0 0.0 1266 95 668.1176470588235 17
stats: {cpu,"tsung_controller@ip-172-31-27-7"} 1 0.6030150753768844 0.0 2.320887991927346 0.1002004008016032 0.9483180291743589 18
stats: {freemem,"tsung_controller@ip-172-31-27-7"} 1 3442.8125 0.0 3516.859375 3442.8125 3495.2766927083335 18
stats: session 48 78380.46389583332 16316.605877121807 101159.934 35733.086 56919.95841729323 266
stats: users_count 0 754
stats: finish_users_count 48 314
stats: request 330 6934.655996969706 3796.587533337424 13632.309 0.417 3301.035697902098 3575
stats: connect 0 0 0 39.408 0.708 1.2253673740053048 754
stats: page 122 17865.908213114755 15072.741719018653 45840.432 0.521 6243.665756262696 1477
stats: 302 16 865
stats: 200 167 2495
stats: size_rcv 363302 3609895
stats: newphase 0 7
stats: 502 66 208
stats: size_sent 329423 3495793
stats: connected -47 441
stats: 500 81 337
# stats: dump at 1575457122
stats: users 392 530
stats: {load,"tsung_controller@ip-172-31-27-7"} 1 0.0 0.0 0.16015625 0.0 0.05078125 19
stats: {recvpackets,"tsung_controller@ip-172-31-27-7"} 1 1005.0 0.0 1491 88 826.2222222222222 18
stats: {sentpackets,"tsung_controller@ip-172-31-27-7"} 1 760.0 0.0 1266 95 672.5 18
stats: {cpu,"tsung_controller@ip-172-31-27-7"} 1 0.802407221664995 0.0 2.320887991927346 0.1002004008016032 0.9301441895008077 19
stats: {freemem,"tsung_controller@ip-172-31-27-7"} 1 3440.89453125 0.0 3516.859375 3440.89453125 3492.5154194078946 19
stats: session 48 79896.13333333336 17653.824409030334 104259.18 35733.086 60200.54524203822 314
stats: users_count 0 754
stats: finish_users_count 48 362
stats: request 366 6940.644229508194 4702.934056029841 13845.794 0.417 3608.102202048656 3905
stats: connect 0 0 0 39.408 0.708 1.2253673740053048 754
stats: page 139 15006.516086330932 14266.683811651048 49647.535 0.511 7130.415962476549 1599
stats: 302 9 874
stats: 200 161 2656
stats: size_rcv 372381 3982276
stats: newphase 0 7
stats: 502 111 319
stats: size_sent 334382 3830175
stats: connected -49 392
stats: 500 85 422
# stats: dump at 1575457132
stats: users 336 530
stats: {load,"tsung_controller@ip-172-31-27-7"} 1 0.0 0.0 0.16015625 0.0 0.0482421875 20
stats: {recvpackets,"tsung_controller@ip-172-31-27-7"} 1 1146.0 0.0 1491 88 835.6315789473684 19
stats: {sentpackets,"tsung_controller@ip-172-31-27-7"} 1 834.0 0.0 1266 95 677.1052631578947 19
stats: {cpu,"tsung_controller@ip-172-31-27-7"} 1 1.0999999999999999 0.0 2.320887991927346 0.1002004008016032 0.9237573411090171 20
stats: {freemem,"tsung_controller@ip-172-31-27-7"} 1 3439.8203125 0.0 3516.859375 3439.8203125 3489.934375 20
stats: session 56 80486.93675000002 18102.053624780125 110179.396 35733.086 62812.11493370166 362
stats: users_count 0 754
stats: finish_users_count 56 418
stats: request 340 6660.165252941179 5126.270495863863 13920.851 0.417 3893.6817810817142 4271
stats: connect 0 0 0 39.408 0.708 1.2253673740053048 754
stats: page 111 18817.39459459459 17390.659559882657 52624.202 0.511 7760.322704257768 1738
stats: 302 17 891
stats: 200 130 2786
stats: size_rcv 313552 4295828
stats: newphase 0 7
stats: 502 123 442
stats: size_sent 311294 4141469
stats: connected -56 336
stats: 500 70 492
# stats: dump at 1575457142
stats: users 290 530
stats: {load,"tsung_controller@ip-172-31-27-7"} 1 0.0 0.0 0.16015625 0.0 0.04594494047619048 21
stats: {recvpackets,"tsung_controller@ip-172-31-27-7"} 1 1038.0 0.0 1491 88 851.15 20
stats: {sentpackets,"tsung_controller@ip-172-31-27-7"} 1 798.0 0.0 1266 95 684.9499999999999 20
stats: {cpu,"tsung_controller@ip-172-31-27-7"} 1 0.5040322580645161 0.0 2.320887991927346 0.1002004008016032 0.9321498486752544 21
stats: {freemem,"tsung_controller@ip-172-31-27-7"} 1 3438.98046875 0.0 3516.859375 3438.98046875 3487.5479910714284 21
stats: session 46 95817.80043478264 14935.893133075213 115426.348 35733.086 65180.03364593302 418
stats: users_count 0 754
stats: finish_users_count 46 464
stats: request 268 9702.42503358209 3850.7174968862214 14452.604 0.417 4097.673188679246 4611
stats: connect 0 0 0 39.408 0.708 1.2253673740053048 754
stats: page 82 27487.30837804878 17981.557267445423 54806.553 0.511 8424.105819361817 1849
stats: 302 24 915
stats: 200 125 2911
stats: size_rcv 301445 4597273
stats: newphase 0 7
stats: 502 33 475
stats: size_sent 228918 4370387
stats: connected -46 290
stats: 500 86 578
# stats: dump at 1575457152
stats: users 257 530
stats: {load,"tsung_controller@ip-172-31-27-7"} 1 0.0 0.0 0.16015625 0.0 0.043856534090909095 22
stats: {recvpackets,"tsung_controller@ip-172-31-27-7"} 1 913.0 0.0 1491 88 860.047619047619 21
stats: {sentpackets,"tsung_controller@ip-172-31-27-7"} 1 665.0 0.0 1266 95 690.3333333333333 21
stats: {cpu,"tsung_controller@ip-172-31-27-7"} 1 0.9018036072144289 0.0 2.320887991927346 0.1002004008016032 0.9126899581929482 22
stats: {freemem,"tsung_controller@ip-172-31-27-7"} 1 3438.7578125 0.0 3516.859375 3438.7578125 3485.3403764204545 22
stats: session 33 103895.48584848485 11300.593736990722 121548.231 35733.086 68217.39845689655 464
stats: users_count 0 754
stats: finish_users_count 33 497
stats: request 249 10124.780875502007 1794.3931694083396 14452.604 0.417 4405.538221356836 4879
stats: connect 0 0 0 39.408 0.708 1.2253673740053048 754
stats: page 64 30179.78198437499 20241.247412058496 58285.207 0.511 9233.62555515277 1931
stats: 302 34 949
stats: 200 120 3031
stats: size_rcv 314099 4911372
stats: newphase 0 7
stats: 502 0 475
stats: size_sent 200321 4570708
stats: connected -33 257
stats: 500 95 673
# stats: dump at 1575457162
stats: users 226 530
stats: {load,"tsung_controller@ip-172-31-27-7"} 1 0.0 0.0 0.16015625 0.0 0.04194972826086957 23
stats: {recvpackets,"tsung_controller@ip-172-31-27-7"} 1 902.0 0.0 1491 88 862.4545454545455 22
stats: {sentpackets,"tsung_controller@ip-172-31-27-7"} 1 605.0 0.0 1266 95 689.1818181818181 22
stats: {cpu,"tsung_controller@ip-172-31-27-7"} 1 1.098901098901099 0.0 2.320887991927346 0.1002004008016032 0.9122166385851864 23
stats: {freemem,"tsung_controller@ip-172-31-27-7"} 1 3438.125 0.0 3516.859375 3438.125 3483.315047554348 23
stats: session 31 101244.90029032258 9016.149223150089 121636.896 35733.086 70586.36603018109 497
stats: users_count 0 754
stats: finish_users_count 31 528
stats: request 244 9712.90302868852 2308.8382422201125 15276.521 0.417 4683.247156786272 5128
stats: connect 0 0 0 39.408 0.708 1.2253673740053048 754
stats: page 41 40334.67265853658 17544.37668078028 58285.207 0.511 9905.58245313283 1995
stats: 302 51 1000
stats: 200 88 3119
stats: size_rcv 297054 5208426
stats: newphase 0 7
stats: 502 0 475
stats: size_sent 214287 4784995
stats: connected -31 226
stats: 500 105 778
# stats: dump at 1575457172
stats: users 174 530
stats: {load,"tsung_controller@ip-172-31-27-7"} 1 0.0 0.0 0.16015625 0.0 0.040201822916666664 24
stats: {recvpackets,"tsung_controller@ip-172-31-27-7"} 1 819.0 0.0 1491 88 864.1739130434783 23
stats: {sentpackets,"tsung_controller@ip-172-31-27-7"} 1 544.0 0.0 1266 95 685.5217391304348 23
stats: {cpu,"tsung_controller@ip-172-31-27-7"} 1 0.3015075376884422 0.0 2.320887991927346 0.1002004008016032 0.9199951577650162 24
stats: {freemem,"tsung_controller@ip-172-31-27-7"} 1 3437.8203125 0.0 3516.859375 3437.8203125 3481.43212890625 24
stats: session 52 102081.61848076922 11891.56078326387 123723.5 35733.086 72386.3936098485 528
stats: users_count 0 754
stats: finish_users_count 52 580
stats: request 209 9261.403875598096 2608.65609581731 15276.521 0.417 4911.697646872673 5372
stats: connect 0 0 0 39.408 0.708 1.2253673740053048 754
stats: page 52 47886.669288461526 6289.416694023734 58285.207 0.511 10518.349004420432 2036
stats: 302 46 1046
stats: 200 75 3194
stats: size_rcv 251364 5459790
stats: newphase 0 7
stats: 502 0 475
stats: size_sent 150317 4935312
stats: connected -52 174
stats: 500 88 866
# stats: dump at 1575457182
stats: users 90 530
stats: {load,"tsung_controller@ip-172-31-27-7"} 1 0.0 0.0 0.16015625 0.0 0.03859375 25
stats: {recvpackets,"tsung_controller@ip-172-31-27-7"} 1 766.0 0.0 1491 88 862.2916666666666 24
stats: {sentpackets,"tsung_controller@ip-172-31-27-7"} 1 522.0 0.0 1266 95 679.625 24
stats: {cpu,"tsung_controller@ip-172-31-27-7"} 1 0.7984031936127743 0.0 2.320887991927346 0.1002004008016032 0.8952556529619531 25
stats: {freemem,"tsung_controller@ip-172-31-27-7"} 1 3437.59765625 0.0 3516.859375 3437.59765625 3479.68765625 25
stats: session 84 109091.6768928572 10043.5004668004 128878.74 35733.086 75048.72411551725 580
stats: users_count 0 754
stats: finish_users_count 84 664
stats: request 236 8331.153309322033 2749.863201648906 15276.521 0.417 5074.587559397959 5581
stats: connect 0 0 0 39.408 0.708 1.2253673740053048 754
stats: page 73 47762.64187671234 6368.077341033487 58285.207 0.511 11448.977670498083 2088
stats: 302 22 1068
stats: 200 108 3302
stats: size_rcv 322742 5782532
stats: newphase 0 7
stats: 502 0 475
stats: size_sent 156047 5091359
stats: connected -73 101
stats: 500 106 972
# stats: dump at 1575457192
stats: users 0 530
stats: {load,"tsung_controller@ip-172-31-27-7"} 1 0.0 0.0 0.16015625 0.0 0.03710937500000001 26
stats: {recvpackets,"tsung_controller@ip-172-31-27-7"} 1 867.0 0.0 1491 88 858.44 25
stats: {sentpackets,"tsung_controller@ip-172-31-27-7"} 1 585.0 0.0 1266 95 673.32 25
stats: {cpu,"tsung_controller@ip-172-31-27-7"} 1 0.6018054162487462 0.0 2.320887991927346 0.1002004008016032 0.8915305583716001 26
stats: {freemem,"tsung_controller@ip-172-31-27-7"} 1 3437.4453125 0.0 3516.859375 3437.4453125 3478.068810096154 26
stats: session 90 115973.47393333337 5281.3681603395125 128878.74 35733.086 79355.36271987953 664
stats: users_count 0 754
stats: finish_users_count 90 754
stats: request 199 4595.019492462315 2607.6831952446587 15276.521 0.417 5206.708844765344 5817
stats: connect 0 0 0 39.408 0.708 1.2253673740053048 754
stats: page 101 37721.844683168325 7702.156027598121 58285.207 0.511 12675.6771092087 2161
stats: 302 4 1072
stats: 200 151 3453
stats: size_rcv 259510 6042042
stats: newphase 0 7
stats: 502 0 475
stats: size_sent 98492 5189851
stats: connected -101 0
stats: 500 44 1016
# stats: dump at 1575457193
stats: users 0 530
stats: {load,"tsung_controller@ip-172-31-27-7"} 1 0.0 0.0 0.16015625 0.0 0.03573495370370371 27
stats: {recvpackets,"tsung_controller@ip-172-31-27-7"} 1 558.0 0.0 1491 88 858.7692307692307 26
stats: {sentpackets,"tsung_controller@ip-172-31-27-7"} 1 370.0 0.0 1266 95 669.9230769230769 26
stats: {cpu,"tsung_controller@ip-172-31-27-7"} 1 0.4995004995004995 0.0 2.320887991927346 0.1002004008016032 0.880799997552235 27
stats: {freemem,"tsung_controller@ip-172-31-27-7"} 1 3447.12109375 0.0 3516.859375 3437.4453125 3476.5642361111113 27
stats: session 0 0 0 128878.74 35733.086 83726.22480106103 754
stats: users_count 0 754
stats: finish_users_count 0 754
stats: request 0 0 0 15276.521 0.417 5186.475104554523 6016
stats: connect 0 0 0 39.408 0.708 1.2253673740053048 754
stats: page 0 0 0 58285.207 0.511 13794.007314765695 2262
stats: 302 0 1072
stats: 200 0 3453
stats: size_rcv 0 6042042
stats: newphase 0 7
stats: 502 0 475
stats: size_sent 0 5189851
stats: connected 0 0
stats: 500 0 1016
EndMonitor:{1575,457193,378098}
