# stats: dump at 1574409059
stats: users 5 5
stats: {freemem,"tsung_controller@ip-172-31-28-236"} 1 3515.76953125 0 3515.76953125 3515.76953125 0 0
stats: {load,"tsung_controller@ip-172-31-28-236"} 1 0.0 0 0.0 0.0 0 0
stats: {cpu,"tsung_controller@ip-172-31-28-236"} 1 0.9407453183439953 0 0.9407453183439953 0.9407453183439953 0 0
stats: users_count 5 5
stats: finish_users_count 0 0
stats: request 13 30.154 23.73516204997264 102.229 15.446 0 0
stats: connect 5 4.0278 4.993333531820201 14.009 1.299 0 0
stats: page 5 78.5462 15.159185867321503 102.229 54.389 0 0
stats: 302 5 5
stats: 200 8 8
stats: size_rcv 26575 26575
stats: size_sent 8738 8738
stats: connected 5 5
# stats: dump at 1574409069
stats: users 11 11
stats: {freemem,"tsung_controller@ip-172-31-28-236"} 1 3517.38671875 0.0 3517.38671875 3515.76953125 3515.76953125 1
stats: {load,"tsung_controller@ip-172-31-28-236"} 1 0.0 0.0 0.0 0.0 0.0 1
stats: {recvpackets,"tsung_controller@ip-172-31-28-236"} 1 78 0 78 78 0 0
stats: {sentpackets,"tsung_controller@ip-172-31-28-236"} 1 80 0 80 80 0 0
stats: {cpu,"tsung_controller@ip-172-31-28-236"} 1 0.6 0.0 0.9407453183439953 0.6 0.9407453183439953 1
stats: users_count 6 11
stats: finish_users_count 0 0
stats: request 8 22.942375000000002 11.66026008433667 102.229 15.446 30.154 13
stats: connect 6 1.7731666666666668 0.5441211313260639 14.009 1.21 4.0278 5
stats: page 6 30.6125 17.876112942042706 102.229 16.701 78.5462 5
stats: 302 6 11
stats: 200 2 10
stats: size_rcv 13350 39925
stats: size_sent 3045 11783
stats: connected 6 11
# stats: dump at 1574409079
stats: users 22 22
stats: {freemem,"tsung_controller@ip-172-31-28-236"} 1 3517.2734375 0.0 3517.38671875 3515.76953125 3516.578125 2
stats: {load,"tsung_controller@ip-172-31-28-236"} 1 0.0 0.0 0.0 0.0 0.0 2
stats: {recvpackets,"tsung_controller@ip-172-31-28-236"} 1 37.0 0.0 78 37 78.0 1
stats: {sentpackets,"tsung_controller@ip-172-31-28-236"} 1 43.0 0.0 80 43 80.0 1
stats: {cpu,"tsung_controller@ip-172-31-28-236"} 1 0.10010010010010009 0.0 0.9407453183439953 0.10010010010010009 0.7703726591719977 2
stats: users_count 11 22
stats: finish_users_count 0 0
stats: request 23 18.291913043478257 2.782800871081281 102.229 14.521 27.406714285714287 21
stats: connect 11 1.4514545454545453 0.2381689101290639 14.009 1.08 2.798 11
stats: page 11 38.32327272727274 19.460420975970266 102.229 14.521 52.40054545454545 11
stats: 302 11 22
stats: 200 12 22
stats: size_rcv 44787 84712
stats: size_sent 13678 25461
stats: connected 11 22
# stats: dump at 1574409089
stats: users 26 26
stats: {freemem,"tsung_controller@ip-172-31-28-236"} 1 3517.16015625 0.0 3517.38671875 3515.76953125 3516.8098958333335 3
stats: {load,"tsung_controller@ip-172-31-28-236"} 1 0.0 0.0 0.0 0.0 0.0 3
stats: {recvpackets,"tsung_controller@ip-172-31-28-236"} 1 53.0 0.0 78 37 57.5 2
stats: {sentpackets,"tsung_controller@ip-172-31-28-236"} 1 62.0 0.0 80 43 61.5 2
stats: {cpu,"tsung_controller@ip-172-31-28-236"} 1 0.3 0.0 0.9407453183439953 0.10010010010010009 0.5469484728146985 3
stats: session 1 30156.376 0 30156.376 30156.376 0 0
stats: users_count 5 27
stats: finish_users_count 1 1
stats: request 10 20.016799999999996 3.472512254837987 102.229 14.521 22.64215909090909 44
stats: connect 4 1.5034999999999998 0.15752063356906615 14.009 1.08 2.124727272727273 22
stats: page 5 40.099 19.114429167516356 102.229 14.521 45.36190909090909 22
stats: 302 4 26
stats: 200 6 28
stats: size_rcv 20253 104965
stats: size_sent 6659 32120
stats: connected 3 25
# stats: dump at 1574409099
stats: users 35 36
stats: {freemem,"tsung_controller@ip-172-31-28-236"} 1 3517.171875 0.0 3517.38671875 3515.76953125 3516.8974609375 4
stats: {load,"tsung_controller@ip-172-31-28-236"} 1 0.0 0.0 0.0 0.0 0.0 4
stats: {recvpackets,"tsung_controller@ip-172-31-28-236"} 1 51.0 0.0 78 37 56.0 3
stats: {sentpackets,"tsung_controller@ip-172-31-28-236"} 1 60.0 0.0 80 43 61.666666666666664 3
stats: {cpu,"tsung_controller@ip-172-31-28-236"} 1 0.20020020020020018 0.0 0.9407453183439953 0.10010010010010009 0.4852113546110239 4
stats: session 5 30073.209600000002 14.661426405366049 30156.376 30060.642 30156.376 1
stats: users_count 14 41
stats: finish_users_count 5 6
stats: request 39 19.30158974358974 3.666195343026356 102.229 13.929 22.155981481481476 54
stats: connect 15 1.4386666666666665 0.32774658231966697 14.009 0.798 2.029153846153846 26
stats: page 20 37.700149999999994 17.624817906222464 102.229 13.929 44.38729629629629 27
stats: 302 15 41
stats: 200 24 52
stats: size_rcv 79440 184405
stats: size_sent 26476 58596
stats: connected 10 35
# stats: dump at 1574409109
stats: users 44 44
stats: {freemem,"tsung_controller@ip-172-31-28-236"} 1 3516.453125 0.0 3517.38671875 3515.76953125 3516.95234375 5
stats: {load,"tsung_controller@ip-172-31-28-236"} 1 0.0 0.0 0.0 0.0 0.0 5
stats: {recvpackets,"tsung_controller@ip-172-31-28-236"} 1 100.0 0.0 100 37 54.75 4
stats: {sentpackets,"tsung_controller@ip-172-31-28-236"} 1 121.0 0.0 121 43 61.25 4
stats: {cpu,"tsung_controller@ip-172-31-28-236"} 1 0.30060120240480964 0.0 0.9407453183439953 0.10010010010010009 0.42820912372885916 5
stats: session 5 30064.458200000005 2.8229294996519374 30156.376 30059.33 30087.070666666667 6
stats: users_count 14 55
stats: finish_users_count 5 11
stats: request 31 19.391387096774192 3.959665623528846 102.229 13.929 20.958978494623654 93
stats: connect 13 1.9969999999999997 2.0113830297354336 14.009 0.798 1.813121951219512 41
stats: page 17 34.10305882352941 16.690800398354668 102.229 13.929 41.54170212765957 47
stats: 302 13 54
stats: 200 18 70
stats: size_rcv 61900 246305
stats: newphase 1 1
stats: size_sent 21182 79778
stats: connected 8 43
# stats: dump at 1574409119
stats: users 56 56
stats: {freemem,"tsung_controller@ip-172-31-28-236"} 1 3515.9765625 0.0 3517.38671875 3515.76953125 3516.869140625 6
stats: {load,"tsung_controller@ip-172-31-28-236"} 1 0.0 0.0 0.0 0.0 0.0 6
stats: {recvpackets,"tsung_controller@ip-172-31-28-236"} 1 105.0 0.0 105 37 63.8 5
stats: {sentpackets,"tsung_controller@ip-172-31-28-236"} 1 129.0 0.0 129 43 73.2 5
stats: {cpu,"tsung_controller@ip-172-31-28-236"} 1 0.3003003003003003 0.0 0.9407453183439953 0.10010010010010009 0.4069411368415176 6
stats: session 2 30059.84 0.4789999999993597 30156.376 30059.33 30076.792272727274 11
stats: users_count 14 69
stats: finish_users_count 2 13
stats: request 32 19.2203125 4.685493059950441 102.229 13.634 20.567080645161287 124
stats: connect 14 2.2153571428571426 2.9064081565480406 14.009 0.798 1.8573888888888888 54
stats: page 17 37.54158823529412 18.863375482536405 102.229 13.634 39.56581249999999 64
stats: 302 14 68
stats: 200 18 88
stats: size_rcv 63574 309879
stats: newphase 0 1
stats: size_sent 19382 99160
stats: connected 9 52
# stats: dump at 1574409129
stats: users 72 72
stats: {freemem,"tsung_controller@ip-172-31-28-236"} 1 3515.86328125 0.0 3517.38671875 3515.76953125 3516.741629464286 7
stats: {load,"tsung_controller@ip-172-31-28-236"} 1 0.0 0.0 0.0 0.0 0.0 7
stats: {recvpackets,"tsung_controller@ip-172-31-28-236"} 1 94.0 0.0 105 37 70.66666666666667 6
stats: {sentpackets,"tsung_controller@ip-172-31-28-236"} 1 107.0 0.0 129 43 82.5 6
stats: {cpu,"tsung_controller@ip-172-31-28-236"} 1 0.30060120240480964 0.0 0.9407453183439953 0.10010010010010009 0.3917067316213437 7
stats: session 8 30068.672375000002 12.507848365501063 30156.376 30058.993 30074.18423076923 13
stats: users_count 24 93
stats: finish_users_count 8 21
stats: request 59 19.813118644067803 5.940378673328306 102.229 11.374 20.29082051282051 156
stats: connect 23 1.7466086956521738 1.4214542381760775 14.009 0.798 1.9310882352941174 68
stats: page 31 37.77648387096773 17.355039269796865 102.229 13.634 39.14097530864198 81
stats: 302 23 91
stats: 200 36 124
stats: size_rcv 119691 429570
stats: newphase 1 2
stats: size_sent 39864 139024
stats: connected 13 65
# stats: dump at 1574409139
stats: users 99 99
stats: {freemem,"tsung_controller@ip-172-31-28-236"} 1 3514.91015625 0.0 3517.38671875 3514.91015625 3516.6318359375 8
stats: {load,"tsung_controller@ip-172-31-28-236"} 1 0.0 0.0 0.0 0.0 0.0 8
stats: {recvpackets,"tsung_controller@ip-172-31-28-236"} 1 216.0 0.0 216 37 74.0 7
stats: {sentpackets,"tsung_controller@ip-172-31-28-236"} 1 264.0 0.0 264 43 86.0 7
stats: {cpu,"tsung_controller@ip-172-31-28-236"} 1 0.4016064257028112 0.0 0.9407453183439953 0.10010010010010009 0.38031854046927693 8
stats: session 8 30064.600124999997 5.0785294238951275 30156.376 30058.443 30072.084476190474 21
stats: users_count 35 128
stats: finish_users_count 8 29
stats: request 85 18.42083529411766 3.1270239670522257 102.229 11.374 20.15973023255814 215
stats: connect 37 1.4038918918918917 0.2524631933338256 14.009 0.747 1.8844615384615384 91
stats: page 45 34.85313333333334 17.499217968050267 102.229 13.634 38.76330357142857 112
stats: 302 37 128
stats: 200 48 172
stats: size_rcv 168873 598443
stats: newphase 0 2
stats: size_sent 54204 193228
stats: connected 23 88
# stats: dump at 1574409149
stats: users 118 118
stats: {freemem,"tsung_controller@ip-172-31-28-236"} 1 3513.953125 0.0 3517.38671875 3513.953125 3516.4405381944443 9
stats: {load,"tsung_controller@ip-172-31-28-236"} 1 0.0 0.0 0.0 0.0 0.0 9
stats: {recvpackets,"tsung_controller@ip-172-31-28-236"} 1 229.0 0.0 229 37 91.75 8
stats: {sentpackets,"tsung_controller@ip-172-31-28-236"} 1 267.0 0.0 267 43 108.25 8
stats: {cpu,"tsung_controller@ip-172-31-28-236"} 1 0.5015045135406219 0.0 0.9407453183439953 0.10010010010010009 0.3826838610507808 9
stats: session 8 30066.015874999997 7.6447236777640075 30156.376 30058.061 30070.019827586206 29
stats: users_count 27 155
stats: finish_users_count 8 37
stats: request 67 19.722731343283574 7.195931988391422 102.229 9.145 19.667043333333336 300
stats: connect 27 1.721148148148148 1.5977295164331653 14.009 0.733 1.7455468749999998 128
stats: page 35 37.818057142857135 21.312440641818114 107.314 9.145 37.64255414012739 157
stats: 302 27 155
stats: 200 40 212
stats: size_rcv 135217 733660
stats: newphase 0 2
stats: size_sent 44560 237788
stats: connected 17 105
# stats: dump at 1574409159
stats: users 126 129
stats: {freemem,"tsung_controller@ip-172-31-28-236"} 1 3512.87109375 0.0 3517.38671875 3512.87109375 3516.191796875 10
stats: {load,"tsung_controller@ip-172-31-28-236"} 1 0.0 0.0 0.0 0.0 0.0 10
stats: {recvpackets,"tsung_controller@ip-172-31-28-236"} 1 205.0 0.0 229 37 107.0 9
stats: {sentpackets,"tsung_controller@ip-172-31-28-236"} 1 242.0 0.0 267 43 125.88888888888889 9
stats: {cpu,"tsung_controller@ip-172-31-28-236"} 1 0.6006006006006006 0.0 0.9407453183439953 0.10010010010010009 0.3945659262997649 10
stats: session 18 45630.04094444445 29119.569540004235 100115.873 30058.061 30069.15410810811 37
stats: users_count 26 181
stats: finish_users_count 18 55
stats: request 88 19.34918181818182 7.521481472098694 102.229 8.764 19.677209809264305 367
stats: connect 30 1.4787666666666668 0.3990831728961884 14.009 0.733 1.7412967741935481 155
stats: page 43 39.668488372093016 18.912523719989544 114.474 9.145 37.674546875 192
stats: 302 30 185
stats: 200 58 270
stats: size_rcv 186641 920301
stats: newphase 0 2
stats: size_sent 66379 304167
stats: connected 6 111
# stats: dump at 1574409169
stats: users 128 129
stats: {freemem,"tsung_controller@ip-172-31-28-236"} 1 3511.9921875 0.0 3517.38671875 3511.9921875 3515.8899147727275 11
stats: {load,"tsung_controller@ip-172-31-28-236"} 1 0.0 0.0 0.0 0.0 0.0 11
stats: {recvpackets,"tsung_controller@ip-172-31-28-236"} 1 442.0 0.0 442 37 116.8 10
stats: {sentpackets,"tsung_controller@ip-172-31-28-236"} 1 552.0 0.0 552 43 137.5 10
stats: {cpu,"tsung_controller@ip-172-31-28-236"} 1 3.2064128256513023 0.0 3.2064128256513023 0.10010010010010009 0.4132963512362045 11
stats: session 21 33400.4588095238 14912.964553161906 100115.873 30058.061 35161.80798181819 55
stats: users_count 23 204
stats: finish_users_count 21 76
stats: request 87 20.336482758620694 6.645285678129691 102.229 8.764 19.613767032967033 455
stats: connect 24 1.5766666666666669 1.0285119779997163 14.009 0.733 1.698724324324324 185
stats: page 45 39.37842222222223 17.132393814044377 114.474 9.145 38.039395744680846 235
stats: 302 24 209
stats: 200 63 333
stats: size_rcv 187285 1107586
stats: newphase 0 2
stats: size_sent 68212 372379
stats: connected -2 109
# stats: dump at 1574409179
stats: users 139 141
stats: {freemem,"tsung_controller@ip-172-31-28-236"} 1 3512.0 0.0 3517.38671875 3511.9921875 3515.5651041666665 12
stats: {load,"tsung_controller@ip-172-31-28-236"} 1 0.0 0.0 0.0 0.0 0.0 12
stats: {recvpackets,"tsung_controller@ip-172-31-28-236"} 1 249.0 0.0 442 37 146.36363636363637 11
stats: {sentpackets,"tsung_controller@ip-172-31-28-236"} 1 301.0 0.0 552 43 175.1818181818182 11
stats: {cpu,"tsung_controller@ip-172-31-28-236"} 1 0.6018054162487462 0.0 3.2064128256513023 0.10010010010010009 0.6460560574374626 12
stats: session 21 50072.23471428572 31633.264252774483 100115.873 30056.201 34675.119394736845 76
stats: users_count 32 236
stats: finish_users_count 21 97
stats: request 97 19.092278350515457 6.430352062225711 102.229 7.349 19.72977490774908 542
stats: connect 36 1.3955833333333334 0.38734591022323533 14.009 0.733 1.6847081339712915 209
stats: page 50 36.39873999999998 17.929249226679854 114.474 9.145 38.254596428571425 280
stats: 302 36 245
stats: 200 61 394
stats: size_rcv 203815 1311401
stats: newphase 1 3
stats: size_sent 73390 445769
stats: connected 8 117
# stats: dump at 1574409189
stats: users 174 174
stats: {freemem,"tsung_controller@ip-172-31-28-236"} 1 3511.91015625 0.0 3517.38671875 3511.91015625 3515.2908653846152 13
stats: {load,"tsung_controller@ip-172-31-28-236"} 1 0.0 0.0 0.0 0.0 0.0 13
stats: {recvpackets,"tsung_controller@ip-172-31-28-236"} 1 311.0 0.0 442 37 154.91666666666666 12
stats: {sentpackets,"tsung_controller@ip-172-31-28-236"} 1 369.0 0.0 552 43 185.66666666666666 12
stats: {cpu,"tsung_controller@ip-172-31-28-236"} 1 0.5025125628140703 0.0 3.2064128256513023 0.10010010010010009 0.6426521619614076 13
stats: session 14 40069.48842857143 24505.63187369732 100115.873 30056.201 38008.515494845364 97
stats: users_count 49 285
stats: finish_users_count 14 111
stats: request 134 19.04711940298507 4.129434098132278 102.229 7.349 19.633003129890454 639
stats: connect 53 1.3786603773584907 0.3562273994629827 14.009 0.733 1.642224489795918 245
stats: page 65 39.58875384615384 17.685507091340913 114.474 9.145 37.97340606060605 330
stats: 302 53 298
stats: 200 81 475
stats: size_rcv 273723 1585124
stats: newphase 0 3
stats: size_sent 91270 537039
stats: connected 29 146
# stats: dump at 1574409199
stats: users 195 195
stats: {freemem,"tsung_controller@ip-172-31-28-236"} 1 3510.19140625 0.0 3517.38671875 3510.19140625 3515.049386160714 14
stats: {load,"tsung_controller@ip-172-31-28-236"} 1 0.0 0.0 0.0 0.0 0.0 14
stats: {recvpackets,"tsung_controller@ip-172-31-28-236"} 1 412.0 0.0 442 37 166.92307692307693 13
stats: {sentpackets,"tsung_controller@ip-172-31-28-236"} 1 480.0 0.0 552 43 199.76923076923077 13
stats: {cpu,"tsung_controller@ip-172-31-28-236"} 1 0.9027081243731194 0.0 3.2064128256513023 0.10010010010010009 0.6326421905937406 14
stats: session 20 54574.352750000005 33399.67535098519 100115.873 30056.201 38268.45802702703 111
stats: users_count 41 326
stats: finish_users_count 20 131
stats: request 120 20.043499999999998 6.680939083192824 102.229 7.349 19.531439844760673 773
stats: connect 48 1.5499583333333333 1.2904582996997185 14.009 0.733 1.5953489932885905 298
stats: page 61 39.78488524590165 19.695702416399275 114.474 9.145 38.23922278481012 395
stats: 302 47 345
stats: 200 73 548
stats: size_rcv 249164 1834288
stats: newphase 1 4
stats: size_sent 86401 623440
stats: connected 12 158
# stats: dump at 1574409209
stats: users 227 229
stats: {freemem,"tsung_controller@ip-172-31-28-236"} 1 3508.30859375 0.0 3517.38671875 3508.30859375 3514.725520833333 15
stats: {load,"tsung_controller@ip-172-31-28-236"} 1 0.0 0.0 0.0 0.0 0.0 15
stats: {recvpackets,"tsung_controller@ip-172-31-28-236"} 1 418.0 0.0 442 37 184.42857142857142 14
stats: {sentpackets,"tsung_controller@ip-172-31-28-236"} 1 480.0 0.0 552 43 219.78571428571428 14
stats: {cpu,"tsung_controller@ip-172-31-28-236"} 1 0.9018036072144289 0.0 3.2064128256513023 0.10010010010010009 0.6506465861790325 15
stats: session 23 48331.93247826087 30748.416520048795 100115.873 30056.201 40757.907603053434 131
stats: users_count 55 381
stats: finish_users_count 23 154
stats: request 151 18.71843046357616 4.647390162016997 102.229 7.349 19.600249720044793 893
stats: connect 60 1.3340500000000002 0.3938405525505637 14.009 0.733 1.5890520231213874 346
stats: page 78 36.29121794871795 17.184143874027228 114.474 9.145 38.44598903508772 456
stats: 302 61 406
stats: 200 90 638
stats: size_rcv 310398 2144686
stats: newphase 0 4
stats: size_sent 105200 728640
stats: connected 26 184
# stats: dump at 1574409219
stats: users 217 234
stats: {freemem,"tsung_controller@ip-172-31-28-236"} 1 3507.16796875 0.0 3517.38671875 3507.16796875 3514.324462890625 16
stats: {load,"tsung_controller@ip-172-31-28-236"} 1 0.0 0.0 0.0 0.0 0.0 16
stats: {recvpackets,"tsung_controller@ip-172-31-28-236"} 1 482.0 0.0 482 37 200.0 15
stats: {sentpackets,"tsung_controller@ip-172-31-28-236"} 1 566.0 0.0 566 43 237.13333333333333 15
stats: {cpu,"tsung_controller@ip-172-31-28-236"} 1 0.7035175879396985 0.0 3.2064128256513023 0.10010010010010009 0.6663438999937448 16
stats: session 28 42569.52942857144 26820.852702807093 100115.873 30054.535 41889.093136363634 154
stats: users_count 18 399
stats: finish_users_count 28 182
stats: request 97 19.6018144329897 5.24923568580727 102.229 7.349 19.472706896551724 1044
stats: connect 24 1.6030833333333334 1.6688408381435167 14.009 0.733 1.5513669950738918 406
stats: page 47 40.516617021276595 12.945704606865586 114.474 9.145 38.131247191011234 534
stats: 302 24 430
stats: 200 73 711
stats: size_rcv 215057 2359743
stats: newphase 0 4
stats: size_sent 81481 810121
stats: connected -19 165
# stats: dump at 1574409229
stats: users 186 234
stats: {freemem,"tsung_controller@ip-172-31-28-236"} 1 3506.05078125 0.0 3517.38671875 3506.05078125 3513.903492647059 17
stats: {load,"tsung_controller@ip-172-31-28-236"} 1 0.0 0.0 0.0 0.0 0.0 17
stats: {recvpackets,"tsung_controller@ip-172-31-28-236"} 1 291.0 0.0 482 37 217.625 16
stats: {sentpackets,"tsung_controller@ip-172-31-28-236"} 1 347.0 0.0 566 43 257.6875 16
stats: {cpu,"tsung_controller@ip-172-31-28-236"} 1 0.4008016032064128 0.0 3.2064128256513023 0.10010010010010009 0.6685305875199773 17
stats: session 31 52652.5498387097 32733.051759784197 100115.873 30054.535 41993.77564285714 182
stats: users_count 0 399
stats: finish_users_count 31 213
stats: request 62 19.70079032258065 5.477252858449226 102.229 7.349 19.483682734443473 1141
stats: connect 10 1.4618000000000002 0.1627186528951121 14.009 0.733 1.554253488372093 430
stats: page 31 39.47774193548386 5.896180431036537 114.474 9.145 38.32421170395869 581
stats: 302 10 440
stats: 200 52 763
stats: size_rcv 149393 2509136
stats: newphase 0 4
stats: size_sent 63155 873276
stats: connected -29 136
# stats: dump at 1574409239
stats: users 139 234
stats: {freemem,"tsung_controller@ip-172-31-28-236"} 1 3506.05859375 0.0 3517.38671875 3506.05078125 3513.467230902778 18
stats: {load,"tsung_controller@ip-172-31-28-236"} 1 0.0 0.0 0.0 0.0 0.0 18
stats: {recvpackets,"tsung_controller@ip-172-31-28-236"} 1 230.0 0.0 482 37 221.94117647058823 17
stats: {sentpackets,"tsung_controller@ip-172-31-28-236"} 1 282.0 0.0 566 43 262.94117647058823 17
stats: {cpu,"tsung_controller@ip-172-31-28-236"} 1 0.5005005005005005 0.0 3.2064128256513023 0.10010010010010009 0.6536567550581126 18
stats: session 47 53901.191361702135 33182.527580485636 100115.873 30054.535 43545.052638497655 213
stats: users_count 0 399
stats: finish_users_count 47 260
stats: request 92 19.582086956521728 5.885384187622489 102.229 7.349 19.49487198669992 1203
stats: connect 16 2.784875 2.9152746198900377 14.009 0.733 1.552152272727273 440
stats: page 46 39.329630434782615 6.237426926848071 114.474 9.145 38.382642156862744 612
stats: 302 16 456
stats: 200 76 839
stats: size_rcv 219225 2728361
stats: newphase 0 4
stats: size_sent 94212 967488
stats: connected -43 93
# stats: dump at 1574409249
stats: users 120 234
stats: {freemem,"tsung_controller@ip-172-31-28-236"} 1 3505.953125 0.0 3517.38671875 3505.953125 3513.0773026315787 19
stats: {load,"tsung_controller@ip-172-31-28-236"} 1 0.0 0.0 0.0 0.0 0.0 19
stats: {recvpackets,"tsung_controller@ip-172-31-28-236"} 1 351.0 0.0 482 37 222.38888888888889 18
stats: {sentpackets,"tsung_controller@ip-172-31-28-236"} 1 415.0 0.0 566 43 264.0 18
stats: {cpu,"tsung_controller@ip-172-31-28-236"} 1 0.5988023952095809 0.0 3.2064128256513023 0.10010010010010009 0.6455958995550803 19
stats: session 19 74297.32857894737 33780.93768920714 100138.583 30054.535 45417.123869230774 260
stats: users_count 0 399
stats: finish_users_count 19 279
stats: request 40 19.892525 7.343294948412122 102.229 7.349 19.501067953667956 1295
stats: connect 12 1.4985 0.32318454480373904 14.009 0.733 1.5954057017543861 456
stats: page 20 39.848549999999996 8.933163904658864 114.474 9.145 38.448844984802435 658
stats: 302 12 468
stats: 200 28 867
stats: size_rcv 96704 2825065
stats: newphase 0 4
stats: size_sent 41130 1008618
stats: connected -37 56
# stats: dump at 1574409259
stats: users 106 234
stats: {freemem,"tsung_controller@ip-172-31-28-236"} 1 3506.11328125 0.0 3517.38671875 3505.953125 3512.72109375 20
stats: {load,"tsung_controller@ip-172-31-28-236"} 1 0.0 0.0 0.0 0.0 0.0 20
stats: {recvpackets,"tsung_controller@ip-172-31-28-236"} 1 197.0 0.0 482 37 229.1578947368421 19
stats: {sentpackets,"tsung_controller@ip-172-31-28-236"} 1 208.0 0.0 566 43 271.94736842105266 19
stats: {cpu,"tsung_controller@ip-172-31-28-236"} 1 0.20020020020020018 0.0 3.2064128256513023 0.10010010010010009 0.6432562243378055 20
stats: session 14 100094.25064285715 16.91977375569187 100153.733 30054.535 47383.87616129033 279
stats: users_count 0 399
stats: finish_users_count 14 293
stats: request 28 16.160035714285716 7.467605283977985 102.229 7.349 19.51279700374532 1335
stats: connect 14 1.363 0.22456338589742159 14.009 0.733 1.5929209401709403 468
stats: page 14 32.377 2.7258361757711813 114.474 9.145 38.490134218289086 678
stats: 302 14 482
stats: 200 14 881
stats: size_rcv 67546 2892611
stats: newphase 0 4
stats: size_sent 28894 1037512
stats: connected -19 37
# stats: dump at 1574409269
stats: users 96 234
stats: {freemem,"tsung_controller@ip-172-31-28-236"} 1 3506.1328125 0.0 3517.38671875 3505.953125 3512.4064360119046 21
stats: {load,"tsung_controller@ip-172-31-28-236"} 1 0.0 0.0 0.0 0.0 0.0 21
stats: {recvpackets,"tsung_controller@ip-172-31-28-236"} 1 176.0 0.0 482 37 227.55 20
stats: {sentpackets,"tsung_controller@ip-172-31-28-236"} 1 175.0 0.0 566 43 268.75000000000006 20
stats: {cpu,"tsung_controller@ip-172-31-28-236"} 1 0.2008032128514056 0.0 3.2064128256513023 0.10010010010010009 0.6221583184264909 21
stats: session 10 100088.65079999997 3.066255560117115 100153.733 30054.535 49902.46060750854 293
stats: users_count 0 399
stats: finish_users_count 10 303
stats: request 20 15.603449999999999 6.750232421739269 102.229 7.257 19.44392149669846 1363
stats: connect 10 1.5099 0.22553290225596792 14.009 0.733 1.5862427385892117 482
stats: page 10 31.2637 0.8118422322101747 114.474 9.145 38.36645809248555 692
stats: 302 10 492
stats: 200 10 891
stats: size_rcv 48388 2940999
stats: newphase 0 4
stats: size_sent 20784 1058296
stats: connected -26 11
# stats: dump at 1574409279
stats: users 82 234
stats: {freemem,"tsung_controller@ip-172-31-28-236"} 1 3506.171875 0.0 3517.38671875 3505.953125 3512.121271306818 22
stats: {load,"tsung_controller@ip-172-31-28-236"} 1 0.0 0.0 0.0 0.0 0.0 22
stats: {recvpackets,"tsung_controller@ip-172-31-28-236"} 1 129.0 0.0 482 37 225.0952380952381 21
stats: {sentpackets,"tsung_controller@ip-172-31-28-236"} 1 120.0 0.0 566 43 264.28571428571433 21
stats: {cpu,"tsung_controller@ip-172-31-28-236"} 1 0.20020020020020018 0.0 3.2064128256513023 0.10010010010010009 0.6030058136276234 22
stats: session 14 100089.00935714286 3.1123560805985555 100153.733 30054.535 51558.770514851494 303
stats: users_count 0 399
stats: finish_users_count 14 317
stats: request 28 15.627678571428575 7.015124874428575 102.229 7.257 19.388383224873465 1383
stats: connect 14 1.5628571428571425 0.38311819458283125 14.009 0.733 1.5846910569105694 492
stats: page 14 31.315214285714287 1.603560688796361 114.474 9.145 38.2652792022792 702
stats: 302 14 506
stats: 200 14 905
stats: size_rcv 67564 3008563
stats: newphase 0 4
stats: size_sent 28880 1087176
stats: connected -11 0
# stats: dump at 1574409289
stats: users 55 234
stats: {freemem,"tsung_controller@ip-172-31-28-236"} 1 3506.21484375 0.0 3517.38671875 3505.953125 3511.862601902174 23
stats: {load,"tsung_controller@ip-172-31-28-236"} 1 0.0 0.0 0.0 0.0 0.0 23
stats: {recvpackets,"tsung_controller@ip-172-31-28-236"} 1 152.0 0.0 482 37 220.72727272727272 22
stats: {sentpackets,"tsung_controller@ip-172-31-28-236"} 1 164.0 0.0 566 43 257.72727272727275 22
stats: {cpu,"tsung_controller@ip-172-31-28-236"} 1 0.3003003003003003 0.0 3.2064128256513023 0.10010010010010009 0.5854925260873006 23
stats: session 27 100089.63937037038 5.2606103726114375 100153.733 30054.535 53702.06182018929 317
stats: users_count 0 399
stats: finish_users_count 27 344
stats: request 52 15.33294230769231 6.652889740595266 102.229 7.257 19.31375549255847 1411
stats: connect 26 1.4220384615384611 0.24400701136982347 14.009 0.733 1.5840869565217393 506
stats: page 26 30.729153846153842 3.412421615806533 114.474 9.145 38.12938407821229 716
stats: 302 26 532
stats: 200 26 931
stats: size_rcv 125744 3134307
stats: newphase 0 4
stats: size_sent 53874 1141050
stats: connected 0 0
# stats: dump at 1574409299
stats: users 35 234
stats: {freemem,"tsung_controller@ip-172-31-28-236"} 1 3506.1015625 0.0 3517.38671875 3505.953125 3511.6272786458335 24
stats: {load,"tsung_controller@ip-172-31-28-236"} 1 0.0 0.0 0.0 0.0 0.0 24
stats: {recvpackets,"tsung_controller@ip-172-31-28-236"} 1 234.0 0.0 482 37 217.7391304347826 23
stats: {sentpackets,"tsung_controller@ip-172-31-28-236"} 1 273.0 0.0 566 43 253.65217391304347 23
stats: {cpu,"tsung_controller@ip-172-31-28-236"} 1 0.30120481927710846 0.0 3.2064128256513023 0.10010010010010009 0.5736095166795089 24
stats: session 20 100098.59784999999 13.528164185408498 100153.733 30054.535 57342.94726744187 344
stats: users_count 0 399
stats: finish_users_count 20 364
stats: request 38 17.58473684210526 9.062584538071647 102.229 7.257 19.17226384142174 1463
stats: connect 19 3.2554736842105267 5.543130194625654 23.675 0.733 1.5761672932330828 532
stats: page 19 35.22289473684211 7.307027157719924 114.474 9.145 37.870076819407004 742
stats: 302 19 551
stats: 200 19 950
stats: size_rcv 91933 3226240
stats: newphase 0 4
stats: size_sent 39515 1180565
stats: connected 0 0
# stats: dump at 1574409309
stats: users 11 234
stats: {freemem,"tsung_controller@ip-172-31-28-236"} 1 3506.109375 0.0 3517.38671875 3505.953125 3511.40625 25
stats: {load,"tsung_controller@ip-172-31-28-236"} 1 0.0 0.0 0.0 0.0 0.0 25
stats: {recvpackets,"tsung_controller@ip-172-31-28-236"} 1 204.0 0.0 482 37 218.41666666666666 24
stats: {sentpackets,"tsung_controller@ip-172-31-28-236"} 1 239.0 0.0 566 43 254.45833333333334 24
stats: {cpu,"tsung_controller@ip-172-31-28-236"} 1 0.2004008016032064 0.0 3.2064128256513023 0.10010010010010009 0.562713328783413 25
stats: session 24 100091.78704166668 5.737011863617858 100153.733 30054.535 59692.158837912095 364
stats: users_count 0 399
stats: finish_users_count 24 388
stats: request 52 17.092961538461534 8.104774948143788 102.229 7.257 19.13207328447702 1501
stats: connect 26 1.635 0.7477131803037846 23.675 0.733 1.6340744101633395 551
stats: page 26 34.26419230769231 5.020829229850927 114.474 9.145 37.80398423127464 761
stats: 302 26 577
stats: 200 26 976
stats: size_rcv 125746 3351986
stats: newphase 0 4
stats: size_sent 53978 1234543
stats: connected 0 0
# stats: dump at 1574409313
stats: users 0 234
stats: {freemem,"tsung_controller@ip-172-31-28-236"} 1 3505.8828125 0.0 3517.38671875 3505.8828125 3511.2025240384614 26
stats: {load,"tsung_controller@ip-172-31-28-236"} 1 0.0 0.0 0.0 0.0 0.0 26
stats: {recvpackets,"tsung_controller@ip-172-31-28-236"} 1 332.0 0.0 482 37 217.84 25
stats: {sentpackets,"tsung_controller@ip-172-31-28-236"} 1 434.0 0.0 566 43 253.84 25
stats: {cpu,"tsung_controller@ip-172-31-28-236"} 1 2.4 0.0 3.2064128256513023 0.10010010010010009 0.5487782315841743 26
stats: session 11 100084.32636363637 6.348964157071136 100153.733 30054.535 62191.104912371135 388
stats: users_count 0 399
stats: finish_users_count 11 399
stats: request 22 14.033090909090909 6.399737430047715 102.229 6.768 19.063796522858986 1553
stats: connect 11 1.5063636363636363 0.24827487432912038 23.675 0.733 1.6341161178509533 577
stats: page 11 28.12072727272727 4.64476996379034 114.474 9.145 37.687040660736976 787
stats: 302 11 588
stats: 200 11 987
stats: size_rcv 46351 3398337
stats: newphase 0 4
stats: size_sent 22723 1257266
stats: connected 0 0
EndMonitor:{1574,409313,505324}
