# stats: dump at 1575158129
stats: users 78 78
stats: {cpu,"tsung_controller@ip-172-31-19-35"} 1 5.789487159792098 0 5.789487159792098 5.789487159792098 0 0
stats: {load,"tsung_controller@ip-172-31-19-35"} 1 0.0 0 0.0 0.0 0 0
stats: {freemem,"tsung_controller@ip-172-31-19-35"} 1 3521.4296875 0 3521.4296875 3521.4296875 0 0
stats: users_count 78 78
stats: finish_users_count 0 0
stats: request 143 18.348972027972028 27.91387335697837 322.692 8.67 0 0
stats: connect 75 1.1998933333333335 1.5163666097909463 13.975 0.681 0 0
stats: page 75 35.05282666666667 47.711108527434384 390.573 8.67 0 0
stats: 302 75 75
stats: 200 68 68
stats: size_rcv 78843 78843
stats: size_sent 80127 80127
stats: connected 75 75
# stats: dump at 1575158139
stats: users 195 195
stats: {recvpackets,"tsung_controller@ip-172-31-19-35"} 1 606 0 606 606 0 0
stats: {sentpackets,"tsung_controller@ip-172-31-19-35"} 1 649 0 649 649 0 0
stats: {cpu,"tsung_controller@ip-172-31-19-35"} 1 0.9054325955734407 0.0 5.789487159792098 0.9054325955734407 5.789487159792098 1
stats: {load,"tsung_controller@ip-172-31-19-35"} 1 0.0 0.0 0.0 0.0 0.0 1
stats: {freemem,"tsung_controller@ip-172-31-19-35"} 1 3520.3671875 0.0 3521.4296875 3520.3671875 3521.4296875 1
stats: users_count 117 195
stats: finish_users_count 0 0
stats: request 232 18.72606034482759 11.875774086050567 322.692 8.67 18.348972027972028 143
stats: connect 115 1.3555739130434779 1.5860480011425147 13.975 0.681 1.1998933333333335 75
stats: page 113 37.351761061946895 29.745516100936126 390.573 8.67 35.05282666666667 75
stats: 302 115 190
stats: 200 117 185
stats: size_rcv 132444 211287
stats: size_sent 137028 217155
stats: connected 115 190
# stats: dump at 1575158149
stats: users 279 279
stats: {recvpackets,"tsung_controller@ip-172-31-19-35"} 1 973.0 0.0 973 606 606.0 1
stats: {sentpackets,"tsung_controller@ip-172-31-19-35"} 1 1102.0 0.0 1102 649 649.0 1
stats: {cpu,"tsung_controller@ip-172-31-19-35"} 1 2.9263370332996974 0.0 5.789487159792098 0.9054325955734407 3.3474598776827693 2
stats: {load,"tsung_controller@ip-172-31-19-35"} 1 0.078125 0.0 0.078125 0.0 0.0 2
stats: {freemem,"tsung_controller@ip-172-31-19-35"} 1 3515.97265625 0.0 3521.4296875 3515.97265625 3520.8984375 2
stats: users_count 84 279
stats: finish_users_count 0 0
stats: request 164 16.98045731707317 11.391262868355867 322.692 8.67 18.582264000000002 375
stats: connect 86 1.033569767441861 0.6722173226371321 13.975 0.681 1.294121052631579 190
stats: page 87 33.54642528735632 28.299397533342738 390.573 8.67 36.4346329787234 188
stats: 302 85 275
stats: 200 79 264
stats: size_rcv 91156 302443
stats: size_sent 91019 308174
stats: connected 86 276
# stats: dump at 1575158159
stats: users 401 401
stats: {recvpackets,"tsung_controller@ip-172-31-19-35"} 1 601.0 0.0 973 601 789.5 2
stats: {sentpackets,"tsung_controller@ip-172-31-19-35"} 1 641.0 0.0 1102 641 875.5 2
stats: {cpu,"tsung_controller@ip-172-31-19-35"} 1 0.4036326942482341 0.0 5.789487159792098 0.4036326942482341 3.207085596221745 3
stats: {load,"tsung_controller@ip-172-31-19-35"} 1 0.0703125 0.0 0.078125 0.0 0.026041666666666668 3
stats: {freemem,"tsung_controller@ip-172-31-19-35"} 1 3513.2421875 0.0 3521.4296875 3513.2421875 3519.2565104166665 3
stats: session 15 35086.82973333333 30.629679918812254 35165.219 35050.932 0 0
stats: users_count 137 416
stats: finish_users_count 15 15
stats: request 311 28.796848874598112 20.381696729073838 322.692 8.67 18.094886827458257 539
stats: connect 130 1.4999153846153856 1.7934723520187377 13.975 0.681 1.2129347826086958 276
stats: page 185 48.44769189189192 43.248064624682854 390.573 8.67 35.52090909090909 275
stats: 302 131 406
stats: 200 180 444
stats: size_rcv 206647 509090
stats: newphase 1 1
stats: size_sent 198786 506960
stats: connected 117 393
# stats: dump at 1575158169
stats: users 513 514
stats: {recvpackets,"tsung_controller@ip-172-31-19-35"} 1 1350.0 0.0 1350 601 726.6666666666666 3
stats: {sentpackets,"tsung_controller@ip-172-31-19-35"} 1 1458.0 0.0 1458 641 797.3333333333334 3
stats: {cpu,"tsung_controller@ip-172-31-19-35"} 1 1.5120967741935485 0.0 5.789487159792098 0.4036326942482341 2.5062223707283673 4
stats: {load,"tsung_controller@ip-172-31-19-35"} 1 0.05859375 0.0 0.078125 0.0 0.037109375 4
stats: {freemem,"tsung_controller@ip-172-31-19-35"} 1 3501.62890625 0.0 3521.4296875 3501.62890625 3517.7529296875 4
stats: session 57 35100.598596491225 35.96890093324847 35181.905 35045.282 35086.82973333333 15
stats: users_count 169 585
stats: finish_users_count 57 72
stats: request 429 35.21764568764566 23.744353195381077 322.692 7.078 22.010545882352957 850
stats: connect 175 2.32886285714286 3.4887637456010703 26.016 0.681 1.30482512315271 406
stats: page 285 52.934652631578956 45.34113693443742 390.573 8.67 40.71972391304349 460
stats: 302 175 581
stats: 200 254 698
stats: size_rcv 284279 793369
stats: newphase 0 1
stats: size_sent 285271 792231
stats: connected 119 512
# stats: dump at 1575158179
stats: users 604 604
stats: {recvpackets,"tsung_controller@ip-172-31-19-35"} 1 1648.0 0.0 1648 601 882.5 4
stats: {sentpackets,"tsung_controller@ip-172-31-19-35"} 1 1756.0 0.0 1756 641 962.5 4
stats: {cpu,"tsung_controller@ip-172-31-19-35"} 1 1.9191919191919191 0.0 5.789487159792098 0.4036326942482341 2.3073972514214036 5
stats: {load,"tsung_controller@ip-172-31-19-35"} 1 0.05078125 0.0 0.078125 0.0 0.04140625 5
stats: {freemem,"tsung_controller@ip-172-31-19-35"} 1 3494.765625 0.0 3521.4296875 3494.765625 3514.528125 5
stats: session 43 35085.66760465116 28.437724039813638 35181.905 35045.282 35097.73008333333 72
stats: users_count 134 719
stats: finish_users_count 43 115
stats: request 351 28.83246438746439 20.150706492058127 322.692 6.539 26.440448788115717 1279
stats: connect 134 1.3748283582089547 1.3680555409326072 26.016 0.681 1.6132702237521526 581
stats: page 225 44.97363999999999 38.66315952944468 390.573 8.67 45.3925489932886 745
stats: 302 134 715
stats: 200 217 915
stats: size_rcv 242160 1035529
stats: newphase 0 1
stats: size_sent 238833 1031064
stats: connected 90 602
# stats: dump at 1575158189
stats: users 747 747
stats: {recvpackets,"tsung_controller@ip-172-31-19-35"} 1 1322.0 0.0 1648 601 1035.6 5
stats: {sentpackets,"tsung_controller@ip-172-31-19-35"} 1 1533.0 0.0 1756 641 1121.2 5
stats: {cpu,"tsung_controller@ip-172-31-19-35"} 1 3.6072144288577155 0.0 5.789487159792098 0.4036326942482341 2.2426963627164893 6
stats: {load,"tsung_controller@ip-172-31-19-35"} 1 0.0390625 0.0 0.078125 0.0 0.04296875 6
stats: {freemem,"tsung_controller@ip-172-31-19-35"} 1 3492.17578125 0.0 3521.4296875 3492.17578125 3511.234375 6
stats: session 60 35127.767533333325 62.45172774110051 35276.399 35045.282 35093.219765217385 115
stats: users_count 203 922
stats: finish_users_count 60 175
stats: request 519 50.34359537572254 37.34794335713498 322.692 6.539 26.955539263803683 1630
stats: connect 201 1.9683184079601999 2.5449848054183737 26.016 0.681 1.5685832167832174 715
stats: page 330 79.27172424242421 72.9444979685968 414.644 8.67 45.295379381443304 970
stats: 302 201 916
stats: 200 318 1233
stats: size_rcv 355400 1390929
stats: newphase 1 2
stats: size_sent 353246 1384310
stats: connected 128 730
# stats: dump at 1575158199
stats: users 853 854
stats: {recvpackets,"tsung_controller@ip-172-31-19-35"} 1 2309.0 0.0 2309 601 1083.3333333333333 6
stats: {sentpackets,"tsung_controller@ip-172-31-19-35"} 1 2351.0 0.0 2351 641 1189.8333333333333 6
stats: {cpu,"tsung_controller@ip-172-31-19-35"} 1 2.716297786720322 0.0 5.789487159792098 0.4036326942482341 2.4376275150223785 7
stats: {load,"tsung_controller@ip-172-31-19-35"} 1 0.03125 0.0 0.078125 0.0 0.04241071428571429 7
stats: {freemem,"tsung_controller@ip-172-31-19-35"} 1 3482.703125 0.0 3521.4296875 3482.703125 3508.51171875 7
stats: session 95 35406.484905263176 266.06357021001384 35990.816 35044.932 35105.06471428571 175
stats: users_count 201 1123
stats: finish_users_count 95 270
stats: request 590 248.51070847457632 252.8093667067557 922.078 6.539 32.60393438808749 2149
stats: connect 237 3.191502109704642 3.281442653335015 26.016 0.681 1.6562980349344987 916
stats: page 400 315.43745999999993 369.76789632273835 2104.517 8.67 53.92014384615384 1300
stats: 302 194 1110
stats: 200 396 1629
stats: size_rcv 462278 1853207
stats: newphase 0 2
stats: size_sent 458079 1842389
stats: connected 93 823
# stats: dump at 1575158209
stats: users 949 949
stats: {recvpackets,"tsung_controller@ip-172-31-19-35"} 1 2781.0 0.0 2781 601 1258.4285714285713 7
stats: {sentpackets,"tsung_controller@ip-172-31-19-35"} 1 2781.0 0.0 2781 641 1355.7142857142858 7
stats: {cpu,"tsung_controller@ip-172-31-19-35"} 1 2.8282828282828283 0.0 5.789487159792098 0.4036326942482341 2.4724612989846215 8
stats: {load,"tsung_controller@ip-172-31-19-35"} 1 0.03125 0.0 0.078125 0.0 0.041015625 8
stats: {freemem,"tsung_controller@ip-172-31-19-35"} 1 3473.1796875 0.0 3521.4296875 3473.1796875 3505.28564453125 8
stats: session 103 49715.55641747572 20520.82274167993 81427.156 35044.932 35211.11996666667 270
stats: users_count 199 1322
stats: finish_users_count 103 373
stats: request 637 679.0115855572981 66.93222072275863 922.078 6.539 79.11178276743338 2739
stats: connect 256 3.404824218750002 3.2705101839976294 26.016 0.662 1.9718603642671302 1153
stats: page 426 1028.3191737089205 600.6429118997502 2245.618 8.67 115.45362999999999 1700
stats: 302 223 1333
stats: 200 414 2043
stats: size_rcv 502771 2355978
stats: newphase 0 2
stats: size_sent 482872 2325261
stats: connected 102 925
# stats: dump at 1575158219
stats: users 1055 1056
stats: {recvpackets,"tsung_controller@ip-172-31-19-35"} 1 2989.0 0.0 2989 601 1448.75 8
stats: {sentpackets,"tsung_controller@ip-172-31-19-35"} 1 2955.0 0.0 2955 641 1533.875 8
stats: {cpu,"tsung_controller@ip-172-31-19-35"} 1 2.935222672064777 0.0 5.789487159792098 0.4036326942482341 2.5119970244622 9
stats: {load,"tsung_controller@ip-172-31-19-35"} 1 0.01953125 0.0 0.078125 0.0 0.03993055555555555 9
stats: {freemem,"tsung_controller@ip-172-31-19-35"} 1 3470.6328125 0.0 3521.4296875 3470.6328125 3501.718315972222 9
stats: session 120 54347.07810833332 21889.901360688542 82344.518 35044.932 39216.36649329759 373
stats: users_count 226 1548
stats: finish_users_count 120 493
stats: request 638 922.7428213166132 285.6044127461915 1616.022 6.539 192.30377754739305 3376
stats: connect 266 2.907804511278196 2.9284854780017042 26.016 0.661 2.232214336408802 1409
stats: page 435 1240.553556321839 729.9236830651331 3649.997 8.67 298.37024412041404 2126
stats: 302 248 1581
stats: 200 390 2433
stats: size_rcv 472128 2828106
stats: newphase 1 3
stats: size_sent 527030 2852291
stats: connected -32 893
# stats: dump at 1575158229
stats: users 1186 1189
stats: {recvpackets,"tsung_controller@ip-172-31-19-35"} 1 3377.0 0.0 3377 601 1619.888888888889 9
stats: {sentpackets,"tsung_controller@ip-172-31-19-35"} 1 3259.0 0.0 3259 641 1691.7777777777778 9
stats: {cpu,"tsung_controller@ip-172-31-19-35"} 1 2.7439024390243905 0.0 5.789487159792098 0.4036326942482341 2.554319589222458 10
stats: {load,"tsung_controller@ip-172-31-19-35"} 1 0.01953125 0.0 0.078125 0.0 0.037890625 10
stats: {freemem,"tsung_controller@ip-172-31-19-35"} 1 3457.47265625 0.0 3521.4296875 3457.47265625 3498.609765625 10
stats: session 131 53680.77283206109 21065.824574561793 83948.853 35029.047 42899.298326572 493
stats: users_count 262 1810
stats: finish_users_count 131 624
stats: request 752 1867.8014029255307 1119.869254051988 3077.988 0.376 308.4024596412551 4014
stats: connect 344 3.185651162790697 3.1689910250243205 26.016 0.661 2.3395020895522403 1675
stats: page 510 2492.1729333333324 1878.7316032603728 8289.177 0.501 458.40528543537687 2561
stats: 302 226 1807
stats: 200 343 2776
stats: size_rcv 483829 3311935
stats: newphase 0 3
stats: 502 177 177
stats: size_sent 521601 3373892
stats: connected -45 848
stats: 500 5 5
# stats: dump at 1575158239
stats: users 1292 1292
stats: {recvpackets,"tsung_controller@ip-172-31-19-35"} 1 3680.0 0.0 3680 601 1795.6 10
stats: {sentpackets,"tsung_controller@ip-172-31-19-35"} 1 3666.0 0.0 3666 641 1848.5 10
stats: {cpu,"tsung_controller@ip-172-31-19-35"} 1 3.1762295081967213 0.0 5.789487159792098 0.4036326942482341 2.5715543937499064 11
stats: {load,"tsung_controller@ip-172-31-19-35"} 1 0.01953125 0.0 0.078125 0.0 0.03622159090909091 11
stats: {freemem,"tsung_controller@ip-172-31-19-35"} 1 3442.69921875 0.0 3521.4296875 3442.69921875 3494.870028409091 11
stats: session 139 54884.464107913656 21249.414489751387 85536.217 35029.047 45162.71685256411 624
stats: users_count 245 2055
stats: finish_users_count 139 763
stats: request 817 1963.5911799265607 1109.4163602437984 3077.988 0.375 554.451138900545 4766
stats: connect 405 3.3987506172839526 3.1318574750427417 26.016 0.661 2.48367013372957 2019
stats: page 554 2949.206077617329 2381.37320840788 8437.895 0.427 796.1524363399543 3071
stats: 302 240 2047
stats: 200 372 3148
stats: size_rcv 541949 3853884
stats: newphase 0 3
stats: 502 197 374
stats: size_sent 557296 3931188
stats: connected 7 855
stats: 500 8 13
# stats: dump at 1575158249
stats: users 1403 1403
stats: {recvpackets,"tsung_controller@ip-172-31-19-35"} 1 3968.0 0.0 3968 601 1966.909090909091 11
stats: {sentpackets,"tsung_controller@ip-172-31-19-35"} 1 3981.0 0.0 3981 641 2013.7272727272727 11
stats: {cpu,"tsung_controller@ip-172-31-19-35"} 1 3.696098562628337 0.0 5.789487159792098 0.4036326942482341 2.621943986620474 12
stats: {load,"tsung_controller@ip-172-31-19-35"} 1 0.01171875 0.0 0.078125 0.0 0.034830729166666664 12
stats: {freemem,"tsung_controller@ip-172-31-19-35"} 1 3429.671875 0.0 3521.4296875 3429.671875 3490.5224609375 12
stats: session 157 58135.20531847136 21942.69189902001 85603.477 35029.047 46933.78221100917 763
stats: users_count 268 2323
stats: finish_users_count 157 920
stats: request 864 1855.0508981481491 1098.5770111379313 3077.988 0.375 760.6605986029012 5583
stats: connect 426 3.706863849765257 3.9114618468783733 27.411 0.589 2.6365610561056116 2424
stats: page 580 2714.9357413793145 2249.8088947160973 8437.895 0.427 1125.1984273103446 3625
stats: 302 268 2315
stats: 200 366 3514
stats: size_rcv 542947 4396831
stats: newphase 1 4
stats: 502 224 598
stats: size_sent 578787 4509975
stats: connected -17 838
stats: 500 7 20
# stats: dump at 1575158259
stats: users 1512 1512
stats: {recvpackets,"tsung_controller@ip-172-31-19-35"} 1 4293.0 0.0 4293 601 2133.6666666666665 12
stats: {sentpackets,"tsung_controller@ip-172-31-19-35"} 1 4393.0 0.0 4393 641 2177.6666666666665 12
stats: {cpu,"tsung_controller@ip-172-31-19-35"} 1 4.791029561671763 0.0 5.789487159792098 0.4036326942482341 2.704571261698002 13
stats: {load,"tsung_controller@ip-172-31-19-35"} 1 0.078125 0.0 0.078125 0.0 0.033052884615384616 13
stats: {freemem,"tsung_controller@ip-172-31-19-35"} 1 3435.8203125 0.0 3521.4296875 3429.671875 3485.8416466346152 13
stats: session 179 56335.32474301674 21647.72563992425 85603.477 35010.581 48845.3294152174 920
stats: users_count 288 2611
stats: finish_users_count 179 1099
stats: request 974 1625.6789507186877 1201.3155422005461 3077.988 0.363 907.326213432604 6447
stats: connect 510 3.38345294117647 3.292044297932544 27.411 0.589 2.796543157894738 2850
stats: page 677 2452.0480812407677 2320.1613845660036 8437.895 0.427 1344.4725395957198 4205
stats: 302 232 2547
stats: 200 378 3892
stats: size_rcv 623462 5020293
stats: newphase 0 4
stats: 502 344 942
stats: size_sent 630403 5140378
stats: connected 10 848
stats: 500 20 40
# stats: dump at 1575158269
stats: users 1618 1619
stats: {recvpackets,"tsung_controller@ip-172-31-19-35"} 1 4706.0 0.0 4706 601 2299.769230769231 13
stats: {sentpackets,"tsung_controller@ip-172-31-19-35"} 1 4778.0 0.0 4778 641 2348.076923076923 13
stats: {cpu,"tsung_controller@ip-172-31-19-35"} 1 5.252525252525253 0.0 5.789487159792098 0.4036326942482341 2.8536039974104135 14
stats: {load,"tsung_controller@ip-172-31-19-35"} 1 0.0703125 0.0 0.078125 0.0 0.03627232142857143 14
stats: {freemem,"tsung_controller@ip-172-31-19-35"} 1 3435.2421875 0.0 3521.4296875 3429.671875 3482.2686941964284 14
stats: session 203 57417.83526600985 21148.44846833308 85603.477 35010.581 50065.264959963606 1099
stats: users_count 309 2920
stats: finish_users_count 203 1302
stats: request 1050 1536.2089704761909 1229.1277215611779 3077.988 0.363 1001.6094052014553 7421
stats: connect 506 3.8493695652173887 3.79042361870957 34.653 0.589 2.885627678571429 3360
stats: page 737 2161.180096336503 2121.093819135514 8437.895 0.424 1498.0630028676776 4882
stats: 302 260 2807
stats: 200 344 4236
stats: size_rcv 635555 5655848
stats: newphase 0 4
stats: 502 410 1352
stats: size_sent 634188 5774566
stats: connected -14 834
stats: 500 36 76
# stats: dump at 1575158279
stats: users 1727 1733
stats: {recvpackets,"tsung_controller@ip-172-31-19-35"} 1 4772.0 0.0 4772 601 2471.6428571428573 14
stats: {sentpackets,"tsung_controller@ip-172-31-19-35"} 1 5082.0 0.0 5082 641 2521.6428571428573 14
stats: {cpu,"tsung_controller@ip-172-31-19-35"} 1 5.84016393442623 0.0 5.84016393442623 0.4036326942482341 3.013532081084736 15
stats: {load,"tsung_controller@ip-172-31-19-35"} 1 0.05859375 0.0 0.078125 0.0 0.03854166666666667 15
stats: {freemem,"tsung_controller@ip-172-31-19-35"} 1 3433.71875 0.0 3521.4296875 3429.671875 3479.13359375 15
stats: session 220 59149.65158181818 21781.127495751167 102589.709 35009.186 51211.633448540706 1302
stats: users_count 329 3249
stats: finish_users_count 220 1522
stats: request 1079 1511.4776635773865 1321.4729524483957 19808.696 0.363 1067.8742551056546 8471
stats: connect 574 3.393385017421606 3.2891217730836186 34.653 0.589 3.0117666839110195 3866
stats: page 776 2028.71944201031 2105.767883125974 19808.696 0.424 1585.0388522868845 5619
stats: 302 287 3094
stats: 200 336 4572
stats: size_rcv 616306 6272154
stats: newphase 1 5
stats: 502 422 1774
stats: size_sent 662340 6436906
stats: connected 5 839
stats: 500 33 109
# stats: dump at 1575158289
stats: users 1828 1833
stats: {recvpackets,"tsung_controller@ip-172-31-19-35"} 1 4956.0 0.0 4956 601 2625.0 15
stats: {sentpackets,"tsung_controller@ip-172-31-19-35"} 1 5173.0 0.0 5173 641 2692.3333333333335 15
stats: {cpu,"tsung_controller@ip-172-31-19-35"} 1 4.094165813715456 0.0 5.84016393442623 0.4036326942482341 3.1901965719185794 16
stats: {load,"tsung_controller@ip-172-31-19-35"} 1 0.05078125 0.0 0.078125 0.0 0.039794921875 16
stats: {freemem,"tsung_controller@ip-172-31-19-35"} 1 3426.84765625 0.0 3521.4296875 3426.84765625 3476.295166015625 16
stats: session 243 60233.167440329235 22508.77218035955 102589.709 35008.978 52359.04737056505 1522
stats: users_count 344 3593
stats: finish_users_count 243 1765
stats: request 1125 1412.9448542222228 1265.2372755621052 19808.696 0.363 1117.994472670157 9550
stats: connect 557 3.557010771992816 3.5606979395562437 34.653 0.589 3.0611020270270277 4440
stats: page 803 2074.3328904109626 2207.0162093628974 19808.696 0.424 1638.8771849882728 6395
stats: 302 264 3358
stats: 200 330 4902
stats: size_rcv 625128 6897282
stats: newphase 0 5
stats: 502 500 2274
stats: size_sent 651197 7088103
stats: connected -5 834
stats: 500 31 140
# stats: dump at 1575158299
stats: users 1957 1959
stats: {recvpackets,"tsung_controller@ip-172-31-19-35"} 1 4994.0 0.0 4994 601 2770.6875 16
stats: {sentpackets,"tsung_controller@ip-172-31-19-35"} 1 5281.0 0.0 5281 641 2847.375 16
stats: {cpu,"tsung_controller@ip-172-31-19-35"} 1 4.008221993833504 0.0 5.84016393442623 0.4036326942482341 3.2433712332007487 17
stats: {load,"tsung_controller@ip-172-31-19-35"} 1 0.12109375 0.0 0.12109375 0.0 0.04044117647058824 17
stats: {freemem,"tsung_controller@ip-172-31-19-35"} 1 3417.47265625 0.0 3521.4296875 3417.47265625 3473.3864889705883 17
stats: session 221 57921.77437104074 22636.429913537504 102589.709 35007.203 53443.13302322947 1765
stats: users_count 350 3943
stats: finish_users_count 221 1986
stats: request 1202 1341.644885191349 1204.950328978029 19808.696 0.363 1149.0782365339578 10675
stats: connect 619 3.657114701130856 3.9085047942591444 42.065 0.589 3.1163794276565944 4997
stats: page 839 1868.5656710369487 2073.2049717840564 19808.696 0.424 1687.456086273966 7198
stats: 302 287 3645
stats: 200 315 5217
stats: size_rcv 666503 7563785
stats: newphase 0 5
stats: 502 537 2811
stats: size_sent 675496 7763599
stats: connected 10 844
stats: 500 63 203
# stats: dump at 1575158309
stats: users 2059 2065
stats: {recvpackets,"tsung_controller@ip-172-31-19-35"} 1 5464.0 0.0 5464 601 2901.470588235294 17
stats: {sentpackets,"tsung_controller@ip-172-31-19-35"} 1 5721.0 0.0 5721 641 2990.529411764706 17
stats: {cpu,"tsung_controller@ip-172-31-19-35"} 1 6.680369989722508 0.0 6.680369989722508 0.4036326942482341 3.2858629421247905 18
stats: {load,"tsung_controller@ip-172-31-19-35"} 1 0.1015625 0.0 0.12109375 0.0 0.044921875 18
stats: {freemem,"tsung_controller@ip-172-31-19-35"} 1 3416.203125 0.0 3521.4296875 3416.203125 3470.2801649305557 18
stats: session 283 57318.63993286217 23056.47435053515 102589.709 35007.203 53941.511541792555 1986
stats: users_count 385 4328
stats: finish_users_count 283 2269
stats: request 1382 1172.2136172214148 1247.4898247997587 19808.696 0.363 1168.5667531363138 11877
stats: connect 701 3.4490342368045623 3.3075114760656112 42.065 0.589 3.1759797008547013 5616
stats: page 989 1670.4597553083927 2062.884541499177 19808.696 0.424 1706.3625117581196 8037
stats: 302 254 3899
stats: 200 320 5537
stats: size_rcv 755777 8319562
stats: newphase 1 6
stats: 502 735 3546
stats: size_sent 724618 8488217
stats: connected 1 845
stats: 500 73 276
# stats: dump at 1575158319
stats: users 2152 2154
stats: {recvpackets,"tsung_controller@ip-172-31-19-35"} 1 5928.0 0.0 5928 601 3043.8333333333335 18
stats: {sentpackets,"tsung_controller@ip-172-31-19-35"} 1 6407.0 0.0 6407 641 3142.222222222222 18
stats: {cpu,"tsung_controller@ip-172-31-19-35"} 1 4.149377593360995 0.0 6.680369989722508 0.4036326942482341 3.4645212077878287 19
stats: {load,"tsung_controller@ip-172-31-19-35"} 1 0.16015625 0.0 0.16015625 0.0 0.04790296052631579 19
stats: {freemem,"tsung_controller@ip-172-31-19-35"} 1 3415.49609375 0.0 3521.4296875 3415.49609375 3467.4340049342104 19
stats: session 302 58908.92856622514 24177.527730174705 102589.709 35007.203 54362.72235478185 2269
stats: users_count 395 4723
stats: finish_users_count 302 2571
stats: request 1436 1100.469874651806 1192.5311835878272 19808.696 0.363 1168.9468697488494 13259
stats: connect 704 3.256103693181817 3.2177465464605968 42.065 0.565 3.206280671204686 6317
stats: page 1006 1597.73185089463 1886.1459612650106 19808.696 0.422 1702.428562486152 9026
stats: 302 257 4156
stats: 200 324 5861
stats: size_rcv 788585 9108147
stats: newphase 0 6
stats: 502 776 4322
stats: size_sent 714855 9203072
stats: connected -13 832
stats: 500 79 355
# stats: dump at 1575158329
stats: users 2200 2205
stats: {recvpackets,"tsung_controller@ip-172-31-19-35"} 1 5938.0 0.0 5938 601 3195.6315789473683 19
stats: {sentpackets,"tsung_controller@ip-172-31-19-35"} 1 6452.0 0.0 6452 641 3314.0526315789475 19
stats: {cpu,"tsung_controller@ip-172-31-19-35"} 1 4.248704663212435 0.0 6.680369989722508 0.4036326942482341 3.498764027066487 20
stats: {load,"tsung_controller@ip-172-31-19-35"} 1 0.12890625 0.0 0.16015625 0.0 0.053515625 20
stats: {freemem,"tsung_controller@ip-172-31-19-35"} 1 3415.05078125 0.0 3521.4296875 3415.05078125 3464.837109375 20
stats: session 314 60402.168767515876 24568.411455703626 102589.709 35006.897 54896.7380202256 2571
stats: users_count 362 5085
stats: finish_users_count 314 2885
stats: request 1395 1168.3780559139786 1196.0625067416752 19808.696 0.363 1162.2552763525 14695
stats: connect 695 3.0767726618705016 3.0906093390214915 42.065 0.565 3.21127645634525 7021
stats: page 1019 1612.256063788027 1857.7888022355526 19808.696 0.422 1691.9296697567788 10032
stats: 302 291 4447
stats: 200 307 6168
stats: size_rcv 756312 9864459
stats: newphase 0 6
stats: 502 714 5036
stats: size_sent 745423 9948495
stats: connected -3 829
stats: 500 83 438
# stats: dump at 1575158339
stats: users 2315 2315
stats: {recvpackets,"tsung_controller@ip-172-31-19-35"} 1 5912.0 0.0 5938 601 3332.75 20
stats: {sentpackets,"tsung_controller@ip-172-31-19-35"} 1 6409.0 0.0 6452 641 3470.95 20
stats: {cpu,"tsung_controller@ip-172-31-19-35"} 1 4.253112033195021 0.0 6.680369989722508 0.4036326942482341 3.53447548593058 21
stats: {load,"tsung_controller@ip-172-31-19-35"} 1 0.109375 0.0 0.16015625 0.0 0.05710565476190476 21
stats: {freemem,"tsung_controller@ip-172-31-19-35"} 1 3414.5234375 0.0 3521.4296875 3414.5234375 3462.466331845238 21
stats: session 327 60479.11301834863 24575.593206761896 102589.709 35006.897 55495.942614558066 2885
stats: users_count 442 5527
stats: finish_users_count 327 3212
stats: request 1540 1041.6329376623387 1203.182792042419 19808.696 0.363 1162.7861201988806 16090
stats: connect 807 3.235719950433707 3.0937633016166157 42.065 0.565 3.1991613530326592 7716
stats: page 1112 1421.8741663669045 1788.9650295841057 19808.696 0.422 1684.58305818478 11051
stats: 302 287 4734
stats: 200 275 6443
stats: size_rcv 789190 10653649
stats: newphase 1 7
stats: 502 881 5917
stats: size_sent 720990 10669485
stats: connected 29 858
stats: 500 97 535
# stats: dump at 1575158349
stats: users 2403 2406
stats: {recvpackets,"tsung_controller@ip-172-31-19-35"} 1 6636.0 0.0 6636 601 3455.5714285714284 21
stats: {sentpackets,"tsung_controller@ip-172-31-19-35"} 1 7243.0 0.0 7243 641 3610.8571428571427 21
stats: {cpu,"tsung_controller@ip-172-31-19-35"} 1 4.781704781704782 0.0 6.680369989722508 0.4036326942482341 3.567140783533509 22
stats: {load,"tsung_controller@ip-172-31-19-35"} 1 0.08984375 0.0 0.16015625 0.0 0.05948153409090909 22
stats: {freemem,"tsung_controller@ip-172-31-19-35"} 1 3413.60546875 0.0 3521.4296875 3413.60546875 3460.287109375 22
stats: session 354 61098.4257005649 24295.414924306067 102589.709 35006.897 56003.25790784559 3212
stats: users_count 442 5969
stats: finish_users_count 354 3566
stats: request 1502 1031.728754993345 1215.3084813517344 19808.696 0.359 1152.20325570051 17630
stats: connect 826 3.454963680387406 3.323825006923047 42.065 0.565 3.2026229027337796 8523
stats: page 1062 1473.5967504708112 1872.4298216556826 19808.696 0.422 1660.5649468881033 12163
stats: 302 293 5027
stats: 200 256 6699
stats: size_rcv 735478 11389127
stats: newphase 0 7
stats: 502 873 6790
stats: size_sent 686628 11356113
stats: connected -23 835
stats: 500 79 614
# stats: dump at 1575158359
stats: users 2526 2526
stats: {recvpackets,"tsung_controller@ip-172-31-19-35"} 1 6483.0 0.0 6636 601 3600.1363636363635 22
stats: {sentpackets,"tsung_controller@ip-172-31-19-35"} 1 7109.0 0.0 7243 641 3775.9545454545455 22
stats: {cpu,"tsung_controller@ip-172-31-19-35"} 1 5.366357069143446 0.0 6.680369989722508 0.4036326942482341 3.6199479138887822 23
stats: {load,"tsung_controller@ip-172-31-19-35"} 1 0.078125 0.0 0.16015625 0.0 0.06080163043478261 23
stats: {freemem,"tsung_controller@ip-172-31-19-35"} 1 3413.69921875 0.0 3521.4296875 3413.60546875 3458.257472826087 23
stats: session 336 59698.197485118995 24023.773972758678 102589.709 35006.537 56509.05975827258 3566
stats: users_count 459 6428
stats: finish_users_count 336 3902
stats: request 1608 997.9918619402982 1180.4723775741913 19808.696 0.359 1142.7451384068572 19132
stats: connect 925 3.514081081081084 3.654517534751231 42.065 0.565 3.22491763825008 9349
stats: page 1153 1373.6996287944517 1750.655122497718 19808.696 0.422 1645.5509412476372 13225
stats: 302 280 5307
stats: 200 278 6977
stats: size_rcv 838714 12227841
stats: newphase 0 7
stats: 502 938 7728
stats: size_sent 716412 12072525
stats: connected 14 849
stats: 500 111 725
# stats: dump at 1575158369
stats: users 2655 2655
stats: {recvpackets,"tsung_controller@ip-172-31-19-35"} 1 7025.0 0.0 7025 601 3725.478260869565 23
stats: {sentpackets,"tsung_controller@ip-172-31-19-35"} 1 7559.0 0.0 7559 641 3920.8695652173915 23
stats: {cpu,"tsung_controller@ip-172-31-19-35"} 1 6.0887512899896805 0.0 6.680369989722508 0.4036326942482341 3.692714962024393 24
stats: {load,"tsung_controller@ip-172-31-19-35"} 1 0.0703125 0.0 0.16015625 0.0 0.0615234375 24
stats: {freemem,"tsung_controller@ip-172-31-19-35"} 1 3413.1484375 0.0 3521.4296875 3413.1484375 3456.40087890625 24
stats: session 346 60348.41601734103 24266.1384620788 102589.709 35006.537 56783.67541081497 3902
stats: users_count 475 6903
stats: finish_users_count 346 4248
stats: request 1702 935.5633184488855 1203.9494562278244 19808.696 0.359 1131.5222228543873 20740
stats: connect 1029 3.195351797862003 3.1917280355498083 42.065 0.565 3.2509519174615535 10274
stats: page 1213 1316.0274418796396 1931.4641363439255 19808.696 0.422 1623.7506516900823 14378
stats: 302 263 5570
stats: 200 274 7251
stats: size_rcv 858496 13086337
stats: newphase 1 8
stats: 502 1063 8791
stats: size_sent 755683 12828208
stats: connected 6 855
stats: 500 102 827
# stats: dump at 1575158379
stats: users 2766 2766
stats: {recvpackets,"tsung_controller@ip-172-31-19-35"} 1 7998.0 0.0 7998 601 3862.9583333333335 24
stats: {sentpackets,"tsung_controller@ip-172-31-19-35"} 1 8702.0 0.0 8702 641 4072.4583333333335 24
stats: {cpu,"tsung_controller@ip-172-31-19-35"} 1 7.820646506777893 0.0 7.820646506777893 0.4036326942482341 3.7885564151430047 25
stats: {load,"tsung_controller@ip-172-31-19-35"} 1 0.12890625 0.0 0.16015625 0.0 0.061875 25
stats: {freemem,"tsung_controller@ip-172-31-19-35"} 1 3398.92578125 0.0 3521.4296875 3398.92578125 3454.67078125 25
stats: session 415 58937.073127710835 23809.03009342837 102589.709 35006.537 57074.02386887948 4248
stats: users_count 526 7429
stats: finish_users_count 415 4663
stats: request 1868 860.5949464668103 1200.6686830517258 19808.696 0.359 1116.6607107209695 22442
stats: connect 1118 3.3024212880143073 3.1195279347036697 42.065 0.563 3.2458902061399626 11303
stats: page 1356 1183.146042035397 1768.1300514937 19808.696 0.42 1599.8093872747104 15591
stats: 302 265 5835
stats: 200 240 7491
stats: size_rcv 922188 14008525
stats: newphase 0 8
stats: 502 1236 10027
stats: size_sent 800751 13628959
stats: connected 5 860
stats: 500 127 954
# stats: dump at 1575158389
stats: users 2827 2829
stats: {recvpackets,"tsung_controller@ip-172-31-19-35"} 1 8024.0 0.0 8024 601 4028.36 25
stats: {sentpackets,"tsung_controller@ip-172-31-19-35"} 1 8818.0 0.0 8818 641 4257.64 25
stats: {cpu,"tsung_controller@ip-172-31-19-35"} 1 7.120743034055728 0.0 7.820646506777893 0.4036326942482341 3.943636803282808 26
stats: {load,"tsung_controller@ip-172-31-19-35"} 1 0.19140625 0.0 0.19140625 0.0 0.064453125 26
stats: {freemem,"tsung_controller@ip-172-31-19-35"} 1 3397.8671875 0.0 3521.4296875 3397.8671875 3452.5267427884614 26
stats: session 405 60835.0926666667 23724.43095808241 102589.709 35006.537 57239.83245614411 4663
stats: users_count 466 7895
stats: finish_users_count 405 5068
stats: request 1835 886.8812822888275 1263.3690434236357 19808.696 0.359 1096.9844109419992 24310
stats: connect 1124 3.3792446619217094 3.273062545506172 42.065 0.563 3.250978504146204 12421
stats: page 1333 1234.5265101275334 1901.4670374969555 19808.696 0.417 1566.4704189532076 16947
stats: 302 248 6083
stats: 200 253 7744
stats: size_rcv 889708 14898233
stats: newphase 0 8
stats: 502 1228 11255
stats: size_sent 783888 14412847
stats: connected -21 839
stats: 500 106 1060
# stats: dump at 1575158399
stats: users 2923 2925
stats: {recvpackets,"tsung_controller@ip-172-31-19-35"} 1 7945.0 0.0 8024 601 4182.038461538462 26
stats: {sentpackets,"tsung_controller@ip-172-31-19-35"} 1 8723.0 0.0 8818 641 4433.038461538462 26
stats: {cpu,"tsung_controller@ip-172-31-19-35"} 1 7.881269191402252 0.0 7.881269191402252 0.4036326942482341 4.061307404422546 27
stats: {load,"tsung_controller@ip-172-31-19-35"} 1 0.30859375 0.0 0.30859375 0.0 0.06915509259259259 27
stats: {freemem,"tsung_controller@ip-172-31-19-35"} 1 3396.83203125 0.0 3521.4296875 3396.83203125 3450.502314814815 27
stats: session 447 59979.04579865776 23582.748041658615 102589.709 35006.537 57527.1411351618 5068
stats: users_count 543 8438
stats: finish_users_count 447 5515
stats: request 1925 839.0875459740267 1178.2332296599104 19808.696 0.351 1082.2382169822145 26145
stats: connect 1163 3.321144453998279 3.199867216415831 42.065 0.563 3.2616223698781837 13545
stats: page 1400 1160.5991157142867 1783.7360661452688 19808.696 0.414 1542.2646623632393 18280
stats: 302 277 6360
stats: 200 256 8000
stats: size_rcv 911766 15809999
stats: newphase 1 9
stats: 502 1280 12535
stats: size_sent 782471 15195318
stats: connected 12 851
stats: 500 112 1172
# stats: dump at 1575158409
stats: users 3015 3023
stats: {recvpackets,"tsung_controller@ip-172-31-19-35"} 1 8403.0 0.0 8403 601 4321.407407407408 27
stats: {sentpackets,"tsung_controller@ip-172-31-19-35"} 1 9234.0 0.0 9234 641 4591.925925925926 27
stats: {cpu,"tsung_controller@ip-172-31-19-35"} 1 7.991803278688526 0.0 7.991803278688526 0.4036326942482341 4.197734611100393 28
stats: {load,"tsung_controller@ip-172-31-19-35"} 1 0.26953125 0.0 0.30859375 0.0 0.07770647321428571 28
stats: {freemem,"tsung_controller@ip-172-31-19-35"} 1 3396.046875 0.0 3521.4296875 3396.046875 3448.585518973214 28
stats: session 447 58918.51905369125 23609.175041448656 102589.709 35006.537 57725.872120580236 5515
stats: users_count 539 8977
stats: finish_users_count 447 5962
stats: request 2016 798.4010892857137 1209.8516519449818 19808.696 0.351 1065.563295653723 28070
stats: connect 1216 3.599780427631575 3.425841425212563 42.065 0.563 3.2663289366331245 14708
stats: page 1452 1097.1939889807127 1803.6793551837313 19808.696 0.414 1515.113658028456 19680
stats: 302 263 6623
stats: 200 234 8234
stats: size_rcv 934577 16744576
stats: newphase 0 9
stats: 502 1407 13942
stats: size_sent 786784 15982102
stats: connected -18 833
stats: 500 112 1284
# stats: dump at 1575158419
stats: users 3055 3066
stats: {recvpackets,"tsung_controller@ip-172-31-19-35"} 1 8657.0 0.0 8657 601 4467.178571428572 28
stats: {sentpackets,"tsung_controller@ip-172-31-19-35"} 1 9607.0 0.0 9607 641 4757.714285714285 28
stats: {cpu,"tsung_controller@ip-172-31-19-35"} 1 6.60377358490566 0.0 7.991803278688526 0.4036326942482341 4.328564565155156 29
stats: {load,"tsung_controller@ip-172-31-19-35"} 1 0.30859375 0.0 0.30859375 0.0 0.08432112068965517 29
stats: {freemem,"tsung_controller@ip-172-31-19-35"} 1 3395.515625 0.0 3521.4296875 3395.515625 3446.7738415948274 29
stats: session 471 57791.82717197453 23243.355955716997 102589.709 35006.537 57815.29063435088 5962
stats: users_count 511 9488
stats: finish_users_count 471 6433
stats: request 2015 812.5126426799003 1147.6100332454666 19808.696 0.351 1047.6613143987236 30086
stats: connect 1189 3.228554247266609 3.0217974685470907 42.065 0.523 3.2917922004521474 15924
stats: page 1454 1137.2708872077023 1704.9809452155305 19808.696 0.414 1486.3979964982022 21132
stats: 302 275 6898
stats: 200 259 8493
stats: size_rcv 974610 17719186
stats: newphase 0 9
stats: 502 1344 15286
stats: size_sent 796577 16778679
stats: connected 4 837
stats: 500 137 1421
# stats: dump at 1575158429
stats: users 3220 3226
stats: {recvpackets,"tsung_controller@ip-172-31-19-35"} 1 8554.0 0.0 8657 601 4611.6551724137935 29
stats: {sentpackets,"tsung_controller@ip-172-31-19-35"} 1 9454.0 0.0 9607 641 4924.931034482759 29
stats: {cpu,"tsung_controller@ip-172-31-19-35"} 1 6.210526315789474 0.0 7.991803278688526 0.4036326942482341 4.404404865813506 30
stats: {load,"tsung_controller@ip-172-31-19-35"} 1 0.33984375 0.0 0.33984375 0.0 0.091796875 30
stats: {freemem,"tsung_controller@ip-172-31-19-35"} 1 3395.3671875 0.0 3521.4296875 3395.3671875 3445.065234375 30
stats: session 447 60366.14031767341 23611.048252672586 102589.709 35006.294 57813.57272812062 6433
stats: users_count 612 10100
stats: finish_users_count 447 6880
stats: request 2165 423.77846697459785 1101.3804360696972 19808.696 0.351 1032.9008840846077 32101
stats: connect 1325 1.8437320754717037 2.354020556151214 42.065 0.523 3.2873984690001747 17113
stats: page 1550 586.1709258064525 1455.4246561950404 19808.696 0.402 1463.9225330735858 22586
stats: 302 127 7025
stats: 200 83 8576
stats: size_rcv 929098 18648284
stats: newphase 1 10
stats: 502 1819 17105
stats: size_sent 720699 17499378
stats: connected 15 852
stats: 500 136 1557
# stats: dump at 1575158439
stats: users 3229 3232
stats: {recvpackets,"tsung_controller@ip-172-31-19-35"} 1 8461.0 0.0 8657 601 4743.066666666667 30
stats: {sentpackets,"tsung_controller@ip-172-31-19-35"} 1 9764.0 0.0 9764 641 5075.9 30
stats: {cpu,"tsung_controller@ip-172-31-19-35"} 1 5.9071729957805905 0.0 7.991803278688526 0.4036326942482341 4.462666848070795 31
stats: {load,"tsung_controller@ip-172-31-19-35"} 1 0.2890625 0.0 0.33984375 0.0 0.09979838709677419 31
stats: {freemem,"tsung_controller@ip-172-31-19-35"} 1 3394.2265625 0.0 3521.4296875 3394.2265625 3443.4620715725805 31
stats: session 523 56915.67009369027 23607.75947521807 102589.709 35006.294 57979.41541889534 6880
stats: users_count 532 10632
stats: finish_users_count 523 7403
stats: request 2081 343.131823161941 2089.8800815446257 19808.696 0.348 994.4152121928439 34266
stats: connect 1268 1.2811167192429005 2.6769087957731506 57.531 0.476 3.1836530534765157 18438
stats: page 1561 306.5690185778345 1989.6288589481355 19808.696 0.402 1407.5538310822014 24136
stats: 302 2 7027
stats: 200 0 8576
stats: size_rcv 738230 19386514
stats: newphase 0 10
stats: 502 2025 19130
stats: size_sent 686671 18186049
stats: connected -21 831
stats: 500 54 1611
# stats: dump at 1575158449
stats: users 3301 3313
stats: {recvpackets,"tsung_controller@ip-172-31-19-35"} 1 7923.0 0.0 8657 601 4863.0 31
stats: {sentpackets,"tsung_controller@ip-172-31-19-35"} 1 9516.0 0.0 9764 641 5227.129032258064 31
stats: {cpu,"tsung_controller@ip-172-31-19-35"} 1 8.324552160168599 0.0 8.324552160168599 0.4036326942482341 4.507807665186727 32
stats: {load,"tsung_controller@ip-172-31-19-35"} 1 0.23828125 0.0 0.33984375 0.0 0.105712890625 32
stats: {freemem,"tsung_controller@ip-172-31-19-35"} 1 3393.7578125 0.0 3521.4296875 3393.7578125 3441.9234619140625 32
stats: session 493 61662.802421906694 24134.309735915453 109461.485 35006.294 57904.26496568958 7403
stats: users_count 565 11197
stats: finish_users_count 493 7896
stats: request 2081 632.1010826525697 3683.131471048231 24519.909 0.348 957.1268326134204 36347
stats: connect 1313 0.9695430312262 0.6600182322360749 57.531 0.476 3.0612326702527146 19706
stats: page 1545 713.260029773461 3961.2705398788908 28434.608 0.402 1340.6729775849326 25697
stats: 302 6 7033
stats: 200 0 8576
stats: size_rcv 737506 20124020
stats: newphase 0 10
stats: 502 2021 21151
stats: size_sent 659369 18845418
stats: connected 25 856
stats: 500 54 1665
# stats: dump at 1575158459
stats: users 2892 3316
stats: {recvpackets,"tsung_controller@ip-172-31-19-35"} 1 8145.0 0.0 8657 601 4958.625 32
stats: {sentpackets,"tsung_controller@ip-172-31-19-35"} 1 9593.0 0.0 9764 641 5361.15625 32
stats: {cpu,"tsung_controller@ip-172-31-19-35"} 1 5.302226935312832 0.0 8.324552160168599 0.4036326942482341 4.623466589277086 33
stats: {load,"tsung_controller@ip-172-31-19-35"} 1 0.19921875 0.0 0.33984375 0.0 0.10973011363636363 33
stats: {freemem,"tsung_controller@ip-172-31-19-35"} 1 3393.50390625 0.0 3521.4296875 3393.50390625 3440.463896780303 33
stats: session 482 59417.48695435683 24094.22658063256 119590.612 35006.106 58138.93555407801 7896
stats: users_count 73 11270
stats: finish_users_count 482 8378
stats: request 1233 1419.4600170316323 6115.192285828683 35633.158 0.339 939.52564114708 38428
stats: connect 795 1.044231446540884 1.2129494410042416 57.531 0.476 2.930570483847947 21019
stats: page 1144 1376.5759606643353 6239.331580187206 40528.788 0.402 1305.0899438734311 27242
stats: 302 5 7038
stats: 200 0 8576
stats: size_rcv 479305 20603325
stats: newphase 0 10
stats: 502 1169 22320
stats: size_sent 479836 19325254
stats: connected -21 835
stats: 500 59 1724
# stats: dump at 1575158469
stats: users 2366 3316
stats: {recvpackets,"tsung_controller@ip-172-31-19-35"} 1 4033.0 0.0 8657 601 5055.181818181818 33
stats: {sentpackets,"tsung_controller@ip-172-31-19-35"} 1 5373.0 0.0 9764 641 5489.393939393939 33
stats: {cpu,"tsung_controller@ip-172-31-19-35"} 1 2.383419689119171 0.0 8.324552160168599 0.4036326942482341 4.643430128866373 34
stats: {load,"tsung_controller@ip-172-31-19-35"} 1 0.25 0.0 0.33984375 0.0 0.11236213235294118 34
stats: {freemem,"tsung_controller@ip-172-31-19-35"} 1 3393.49609375 0.0 3521.4296875 3393.49609375 3439.082720588235 34
stats: session 526 59001.53861026613 24326.821672267182 119926.905 35005.747 58212.4927007639 8378
stats: users_count 0 11270
stats: finish_users_count 526 8904
stats: request 1091 1814.4207011915682 6496.4559414661835 35633.158 0.339 954.4460689090038 39661
stats: connect 533 1.5009136960600373 1.8891897426499071 57.531 0.476 2.861823828733841 21814
stats: page 1068 1856.316497191011 7571.924651457693 46205.107 0.402 1307.9709416613825 28386
stats: 302 11 7049
stats: 200 0 8576
stats: size_rcv 449396 21052721
stats: newphase 0 10
stats: 502 1011 23331
stats: size_sent 374075 19699329
stats: connected -18 817
stats: 500 69 1793
# stats: dump at 1575158479
stats: users 1852 3316
stats: {recvpackets,"tsung_controller@ip-172-31-19-35"} 1 3322.0 0.0 8657 601 5025.117647058823 34
stats: {sentpackets,"tsung_controller@ip-172-31-19-35"} 1 4787.0 0.0 9764 641 5485.970588235294 34
stats: {cpu,"tsung_controller@ip-172-31-19-35"} 1 2.1649484536082473 0.0 8.324552160168599 0.4036326942482341 4.5788584020164524 35
stats: {load,"tsung_controller@ip-172-31-19-35"} 1 0.2109375 0.0 0.33984375 0.0 0.11629464285714286 35
stats: {freemem,"tsung_controller@ip-172-31-19-35"} 1 3393.2265625 0.0 3521.4296875 3393.2265625 3437.780245535714 35
stats: session 514 59986.25236186769 24718.769690100646 129166.619 35005.747 58259.10525112308 8904
stats: users_count 0 11270
stats: finish_users_count 514 9418
stats: request 1112 1589.1863174460416 5601.880927154242 35633.158 0.339 977.4690450530035 40752
stats: connect 525 1.0971295238095242 0.9498744269813283 57.531 0.476 2.8293646574484272 22347
stats: page 1101 1782.2212861035403 7121.029829463049 55553.187 0.402 1327.8539135261767 29454
stats: 302 10 7059
stats: 200 0 8576
stats: size_rcv 464056 21516777
stats: newphase 0 10
stats: 502 1028 24359
stats: size_sent 375447 20074776
stats: connected -22 795
stats: 500 74 1867
# stats: dump at 1575158489
stats: users 1376 3316
stats: {recvpackets,"tsung_controller@ip-172-31-19-35"} 1 3331.0 0.0 8657 601 4976.457142857143 35
stats: {sentpackets,"tsung_controller@ip-172-31-19-35"} 1 4891.0 0.0 9764 641 5466.0 35
stats: {cpu,"tsung_controller@ip-172-31-19-35"} 1 1.9467213114754098 0.0 8.324552160168599 0.4036326942482341 4.511805347894002 36
stats: {load,"tsung_controller@ip-172-31-19-35"} 1 0.25 0.0 0.33984375 0.0 0.1189236111111111 36
stats: {freemem,"tsung_controller@ip-172-31-19-35"} 1 3393.23828125 0.0 3521.4296875 3393.2265625 3436.5426432291665 36
stats: session 476 64729.756077731065 23935.724753734423 129166.619 35004.674 58353.366624548726 9418
stats: users_count 0 11270
stats: finish_users_count 476 9894
stats: request 837 1756.08588530466 5738.558710339643 35633.158 0.339 993.7176024507928 41864
stats: connect 277 1.0812599277978336 1.0699484539782242 57.531 0.476 2.7896032266526762 22872
stats: page 830 1737.6929915662665 6319.777618552104 64755.449 0.402 1344.2263068237608 30555
stats: 302 3 7062
stats: 200 0 8576
stats: size_rcv 371088 21887865
stats: newphase 0 10
stats: 502 765 25124
stats: size_sent 316084 20390860
stats: connected -212 583
stats: 500 69 1936
# stats: dump at 1575158499
stats: users 1087 3316
stats: {recvpackets,"tsung_controller@ip-172-31-19-35"} 1 2159.0 0.0 8657 601 4930.75 36
stats: {sentpackets,"tsung_controller@ip-172-31-19-35"} 1 3291.0 0.0 9764 641 5450.027777777777 36
stats: {cpu,"tsung_controller@ip-172-31-19-35"} 1 1.3265306122448979 0.0 8.324552160168599 0.4036326942482341 4.442478752315122 37
stats: {load,"tsung_controller@ip-172-31-19-35"} 1 0.2890625 0.0 0.33984375 0.0 0.12246621621621621 37
stats: {freemem,"tsung_controller@ip-172-31-19-35"} 1 3393.22265625 0.0 3521.4296875 3393.22265625 3435.3722550675675 37
stats: session 289 82564.41034256057 10568.317040962362 131051.168 35004.674 58660.134502021414 9894
stats: users_count 0 11270
stats: finish_users_count 289 10183
stats: request 628 2437.5581321656045 6803.6579498961155 35633.158 0.339 1008.6610991545864 42701
stats: connect 320 0.8620406249999999 0.14758383710491255 57.531 0.476 2.7691612596656445 23149
stats: page 624 2541.424490384617 7870.999695036628 66724.601 0.402 1354.6318301099252 31385
stats: 302 3 7065
stats: 200 0 8576
stats: size_rcv 305462 22193327
stats: newphase 0 10
stats: 502 556 25680
stats: size_sent 224036 20614896
stats: connected 30 613
stats: 500 69 2005
# stats: dump at 1575158509
stats: users 772 3316
stats: {recvpackets,"tsung_controller@ip-172-31-19-35"} 1 1984.0 0.0 8657 601 4855.8378378378375 37
stats: {sentpackets,"tsung_controller@ip-172-31-19-35"} 1 2816.0 0.0 9764 641 5391.675675675676 37
stats: {cpu,"tsung_controller@ip-172-31-19-35"} 1 0.9211873080859775 0.0 8.324552160168599 0.4036326942482341 4.360480117050116 38
stats: {load,"tsung_controller@ip-172-31-19-35"} 1 0.25 0.0 0.33984375 0.0 0.12685032894736842 38
stats: {freemem,"tsung_controller@ip-172-31-19-35"} 1 3393.23828125 0.0 3521.4296875 3393.22265625 3434.263055098684 38
stats: session 315 81081.47356190479 9625.726391389475 132671.356 35004.674 59338.55301502503 10183
stats: users_count 0 11270
stats: finish_users_count 315 10498
stats: request 585 2525.1502034188024 7003.608054564902 35633.158 0.339 1029.3711856262548 43329
stats: connect 250 1.0630959999999998 0.41595844838637436 57.531 0.476 2.7431576547786447 23469
stats: page 585 3227.5171435897432 10114.56749651859 66724.601 0.402 1377.7677799993753 32009
stats: 302 9 7074
stats: 200 0 8576
stats: size_rcv 275104 22468431
stats: newphase 0 10
stats: 502 517 26197
stats: size_sent 149243 20764139
stats: connected -65 548
stats: 500 59 2064
# stats: dump at 1575158519
stats: users 516 3316
stats: {recvpackets,"tsung_controller@ip-172-31-19-35"} 1 1759.0 0.0 8657 601 4780.263157894737 38
stats: {sentpackets,"tsung_controller@ip-172-31-19-35"} 1 2589.0 0.0 9764 641 5323.894736842105 38
stats: {cpu,"tsung_controller@ip-172-31-19-35"} 1 1.325178389398573 0.0 8.324552160168599 0.4036326942482341 4.272293121948472 39
stats: {load,"tsung_controller@ip-172-31-19-35"} 1 0.2109375 0.0 0.33984375 0.0 0.13000801282051283 39
stats: {freemem,"tsung_controller@ip-172-31-19-35"} 1 3393.2421875 0.0 3521.4296875 3393.22265625 3433.2111378205127 39
stats: session 256 83554.65412499999 9818.208179690482 132671.356 35004.674 59990.96490036196 10498
stats: users_count 0 11270
stats: finish_users_count 256 10754
stats: request 517 2584.5073172147063 7430.6990987199915 35633.158 0.339 1049.2971938561734 43914
stats: connect 269 1.088315985130112 0.7427354098203354 57.531 0.476 2.7254496816897853 23719
stats: page 517 2759.491574468088 8314.992228443705 66724.601 0.402 1410.9672454746274 32594
stats: 302 2 7076
stats: 200 0 8576
stats: size_rcv 247134 22715565
stats: newphase 0 10
stats: 502 461 26658
stats: size_sent 107847 20871986
stats: connected -69 479
stats: 500 54 2118
# stats: dump at 1575158529
stats: users 270 3316
stats: {recvpackets,"tsung_controller@ip-172-31-19-35"} 1 1796.0 0.0 8657 601 4702.794871794872 39
stats: {sentpackets,"tsung_controller@ip-172-31-19-35"} 1 2457.0 0.0 9764 641 5253.7692307692305 39
stats: {cpu,"tsung_controller@ip-172-31-19-35"} 1 1.2195121951219512 0.0 8.324552160168599 0.4036326942482341 4.198615253634724 40
stats: {load,"tsung_controller@ip-172-31-19-35"} 1 0.171875 0.0 0.33984375 0.0 0.13203125 40
stats: {freemem,"tsung_controller@ip-172-31-19-35"} 1 3393.34375 0.0 3521.4296875 3393.22265625 3432.2119140625 40
stats: session 246 83884.75660162607 10546.037477688895 132955.601 35004.674 60551.90077924492 10754
stats: users_count 0 11270
stats: finish_users_count 246 11000
stats: request 312 4478.442865384612 9803.256639991185 35633.158 0.339 1067.1609293961424 44431
stats: connect 47 1.2534255319148933 1.16180885644868 57.531 0.476 2.7070909621477415 23988
stats: page 312 4478.442865384612 9803.256639991185 66724.601 0.402 1432.023301712422 33111
stats: 302 0 7076
stats: 200 0 8576
stats: size_rcv 183126 22898691
stats: newphase 0 10
stats: 502 258 26916
stats: size_sent 66910 20938896
stats: connected -219 260
stats: 500 54 2172
# stats: dump at 1575158539
stats: users 201 3316
stats: {recvpackets,"tsung_controller@ip-172-31-19-35"} 1 858.0 0.0 8657 601 4630.125 40
stats: {sentpackets,"tsung_controller@ip-172-31-19-35"} 1 1491.0 0.0 9764 641 5183.85 40
stats: {cpu,"tsung_controller@ip-172-31-19-35"} 1 5.210420841683367 0.0 8.324552160168599 0.4036326942482341 4.125954203427096 41
stats: {load,"tsung_controller@ip-172-31-19-35"} 1 0.1484375 0.0 0.33984375 0.0 0.1330030487804878 41
stats: {freemem,"tsung_controller@ip-172-31-19-35"} 1 3397.77734375 0.0 3521.4296875 3393.22265625 3431.263910060976 41
stats: session 69 95317.58047826088 18068.007948047223 138270.564 35004.674 61073.708282181804 11000
stats: users_count 0 11270
stats: finish_users_count 69 11069
stats: request 96 15767.45373958333 13992.180354240623 35633.158 0.339 1090.9483366783631 44743
stats: connect 22 1.1615909090909093 0.3467003761556169 57.531 0.476 2.7042483461618483 24035
stats: page 96 15767.45373958333 13992.180354240623 66724.601 0.402 1460.4612906381835 33423
stats: 302 0 7076
stats: 200 0 8576
stats: size_rcv 115302 23013993
stats: newphase 0 10
stats: 502 42 26958
stats: size_sent 21481 20960377
stats: connected -62 198
stats: 500 54 2226
# stats: dump at 1575158549
stats: users 179 3316
stats: {recvpackets,"tsung_controller@ip-172-31-19-35"} 1 361.0 0.0 8657 361 4538.121951219512 41
stats: {sentpackets,"tsung_controller@ip-172-31-19-35"} 1 515.0 0.0 9764 515 5093.780487804878 41
stats: {cpu,"tsung_controller@ip-172-31-19-35"} 1 2.1021021021021022 0.0 8.324552160168599 0.4036326942482341 4.151774837671293 42
stats: {load,"tsung_controller@ip-172-31-19-35"} 1 0.12109375 0.0 0.33984375 0.0 0.13337053571428573 42
stats: {freemem,"tsung_controller@ip-172-31-19-35"} 1 3401.1015625 0.0 3521.4296875 3393.22265625 3430.4666108630954 42
stats: session 22 125940.18631818183 12157.550446758585 139090.21 35004.674 61287.17175508174 11069
stats: users_count 0 11270
stats: finish_users_count 22 11091
stats: request 59 31501.938542372878 8841.112259236499 60005.61 0.339 1122.3706368786102 44839
stats: connect 12 1.7387500000000002 1.9644905244956852 57.531 0.476 2.702837594047472 24057
stats: page 59 31501.938542372878 8841.112259236499 66724.601 0.402 1501.4371931143532 33519
stats: 302 0 7076
stats: 504 5 5
stats: 200 0 8576
stats: size_rcv 103759 23117752
stats: newphase 0 10
stats: 502 0 26958
stats: size_sent 10885 20971262
stats: connected -20 178
stats: 500 54 2280
# stats: dump at 1575158559
stats: users 133 3316
stats: {recvpackets,"tsung_controller@ip-172-31-19-35"} 1 211.0 0.0 8657 211 4438.666666666667 42
stats: {sentpackets,"tsung_controller@ip-172-31-19-35"} 1 228.0 0.0 9764 228 4984.761904761905 42
stats: {cpu,"tsung_controller@ip-172-31-19-35"} 1 0.30060120240480964 0.0 8.324552160168599 0.30060120240480964 4.104108029867358 43
stats: {load,"tsung_controller@ip-172-31-19-35"} 1 0.1015625 0.0 0.33984375 0.0 0.13308502906976746 43
stats: {freemem,"tsung_controller@ip-172-31-19-35"} 1 3417.203125 0.0 3521.4296875 3393.22265625 3429.783702761628 43
stats: session 46 123734.22660869562 12412.334294729317 142328.114 35004.674 61415.41684753402 11091
stats: users_count 0 11270
stats: finish_users_count 46 11137
stats: request 54 28801.307240740745 1784.0891480173761 60005.61 0.339 1162.2921145930777 44898
stats: connect 3 1.3496666666666666 0.26120404965382055 57.531 0.476 2.702356932153393 24069
stats: page 54 28801.307240740745 1784.0891480173761 66724.601 0.402 1554.1511599857051 33578
stats: 302 0 7076
stats: 504 0 5
stats: 200 0 8576
stats: size_rcv 102114 23219866
stats: newphase 0 10
stats: 502 0 26958
stats: size_sent 9199 20980461
stats: connected -47 131
stats: 500 54 2334
# stats: dump at 1575158569
stats: users 100 3316
stats: {recvpackets,"tsung_controller@ip-172-31-19-35"} 1 210.0 0.0 8657 210 4340.3488372093025 43
stats: {sentpackets,"tsung_controller@ip-172-31-19-35"} 1 248.0 0.0 9764 228 4874.139534883721 43
stats: {cpu,"tsung_controller@ip-172-31-19-35"} 1 0.40040040040040037 0.0 8.324552160168599 0.30060120240480964 4.017664692879572 44
stats: {load,"tsung_controller@ip-172-31-19-35"} 1 0.08984375 0.0 0.33984375 0.0 0.13236860795454547 44
stats: {freemem,"tsung_controller@ip-172-31-19-35"} 1 3417.78125 0.0 3521.4296875 3393.22265625 3429.4977805397725 44
stats: session 33 137262.386969697 5826.145593937341 148102.703 35004.674 61672.81697764208 11137
stats: users_count 0 11270
stats: finish_users_count 33 11170
stats: request 54 27079.94344444445 2285.206683026383 60005.61 0.339 1195.49434846058 44952
stats: connect 3 1.4136666666666666 0.34458703141909186 57.531 0.476 2.7021883516118317 24072
stats: page 54 27079.94344444445 2285.206683026383 66724.601 0.402 1597.8995671087062 33632
stats: 302 0 7076
stats: 504 0 5
stats: 200 0 8576
stats: size_rcv 102114 23321980
stats: newphase 0 10
stats: 502 0 26958
stats: size_sent 3587 20984048
stats: connected -35 96
stats: 500 54 2388
# stats: dump at 1575158579
stats: users 56 3316
stats: {recvpackets,"tsung_controller@ip-172-31-19-35"} 1 389.0 0.0 8657 210 4246.477272727273 44
stats: {sentpackets,"tsung_controller@ip-172-31-19-35"} 1 662.0 0.0 9764 228 4769.000000000001 44
stats: {cpu,"tsung_controller@ip-172-31-19-35"} 1 4.595404595404595 0.0 8.324552160168599 0.30060120240480964 3.937281041935591 45
stats: {load,"tsung_controller@ip-172-31-19-35"} 1 0.0703125 0.0 0.33984375 0.0 0.13142361111111114 45
stats: {freemem,"tsung_controller@ip-172-31-19-35"} 1 3417.5625 0.0 3521.4296875 3393.22265625 3429.2374131944443 45
stats: session 44 136243.06143181803 10445.849678006281 168023.909 35004.674 61896.13441808413 11170
stats: users_count 0 11270
stats: finish_users_count 44 11214
stats: request 54 22649.423648148153 2243.8781508783245 60005.61 0.339 1226.5515464160335 45006
stats: connect 9 1.0524444444444443 0.19926816722481233 57.531 0.476 2.7020277881619945 24075
stats: page 54 22649.423648148153 2243.8781508783245 66724.601 0.402 1638.748298610699 33686
stats: 302 0 7076
stats: 504 0 5
stats: 200 0 8576
stats: size_rcv 102114 23424094
stats: newphase 0 10
stats: 502 0 26958
stats: size_sent 6566 20990614
stats: connected -42 54
stats: 500 54 2442
# stats: dump at 1575158589
stats: users 16 3316
stats: {recvpackets,"tsung_controller@ip-172-31-19-35"} 1 286.0 0.0 8657 210 4160.7555555555555 45
stats: {sentpackets,"tsung_controller@ip-172-31-19-35"} 1 430.0 0.0 9764 228 4677.733333333334 45
stats: {cpu,"tsung_controller@ip-172-31-19-35"} 1 2.1042084168336674 0.0 8.324552160168599 0.30060120240480964 3.951588075706656 46
stats: {load,"tsung_controller@ip-172-31-19-35"} 1 0.05859375 0.0 0.33984375 0.0 0.13009510869565222 46
stats: {freemem,"tsung_controller@ip-172-31-19-35"} 1 3418.19921875 0.0 3521.4296875 3393.22265625 3428.9836107336955 46
stats: session 40 159540.49955 8271.445130127577 168023.909 35004.674 62187.84699063668 11214
stats: users_count 0 11270
stats: finish_users_count 40 11254
stats: request 54 11979.275481481476 5196.711145828004 60005.61 0.339 1252.2247619840214 45060
stats: connect 2 1.4275 0.2144999999999999 57.531 0.476 2.7014113519348952 24084
stats: page 54 11979.275481481476 5196.711145828004 66724.601 0.402 1672.3753427385896 33740
stats: 302 0 7076
stats: 504 0 5
stats: 200 0 8576
stats: size_rcv 102114 23526208
stats: newphase 0 10
stats: 502 0 26958
stats: size_sent 2338 20992952
stats: connected -38 16
stats: 500 54 2496
# stats: dump at 1575158599
stats: users 7 3316
stats: {recvpackets,"tsung_controller@ip-172-31-19-35"} 1 325.0 0.0 8657 210 4076.521739130435 46
stats: {sentpackets,"tsung_controller@ip-172-31-19-35"} 1 636.0 0.0 9764 228 4585.391304347826 46
stats: {cpu,"tsung_controller@ip-172-31-19-35"} 1 4.008016032064128 0.0 8.324552160168599 0.30060120240480964 3.9122821255178692 47
stats: {load,"tsung_controller@ip-172-31-19-35"} 1 0.05078125 0.0 0.33984375 0.0 0.1285738031914894 47
stats: {freemem,"tsung_controller@ip-172-31-19-35"} 1 3420.1484375 0.0 3521.4296875 3393.22265625 3428.754155585106 47
stats: session 9 164299.68922222222 4973.834765544431 170290.343 35004.674 62533.86672605294 11254
stats: users_count 0 11270
stats: finish_users_count 9 11263
stats: request 9 5005.129666666667 0.864350366203098 60005.61 0.339 1265.064695017068 45114
stats: connect 0 0 0 57.531 0.476 2.701305571701404 24086
stats: page 9 5005.129666666667 0.864350366203098 66724.601 0.402 1688.8449115227559 33794
stats: 302 0 7076
stats: 504 0 5
stats: 200 0 8576
stats: size_rcv 17019 23543227
stats: newphase 0 10
stats: 502 0 26958
stats: size_sent 2744 20995696
stats: connected -9 7
stats: 500 9 2505
# stats: dump at 1575158606
stats: users 0 3316
stats: {recvpackets,"tsung_controller@ip-172-31-19-35"} 1 101.0 0.0 8657 101 3996.7021276595747 47
stats: {sentpackets,"tsung_controller@ip-172-31-19-35"} 1 106.0 0.0 9764 106 4501.36170212766 47
stats: {cpu,"tsung_controller@ip-172-31-19-35"} 1 0.3009027081243731 0.0 8.324552160168599 0.30060120240480964 3.9142765819042498 48
stats: {load,"tsung_controller@ip-172-31-19-35"} 1 0.0390625 0.0 0.33984375 0.0 0.12695312500000003 48
stats: {freemem,"tsung_controller@ip-172-31-19-35"} 1 3419.8828125 0.0 3521.4296875 3393.22265625 3428.5748697916665 48
stats: session 7 158121.858 2370.9183811742105 170290.343 35004.674 62615.185415786174 11263
stats: users_count 0 11270
stats: finish_users_count 7 11270
stats: request 7 5006.094857142858 2.2206674304665084 60005.61 0.339 1265.8106690158015 45123
stats: connect 0 0 0 57.531 0.476 2.701305571701404 24086
stats: page 7 5006.094857142858 2.2206674304665084 66724.601 0.402 1689.7278675561345 33803
stats: 302 0 7076
stats: 504 0 5
stats: 200 0 8576
stats: size_rcv 13237 23556464
stats: newphase 0 10
stats: 502 0 26958
stats: size_sent 0 20995696
stats: connected -7 0
stats: 500 7 2512
EndMonitor:{1575,158606,219248}
