# stats: dump at 1575160375
stats: users 89 89
stats: {freemem,"tsung_controller@ip-172-31-29-214"} 1 3521.8359375 0 3521.8359375 3521.8359375 0 0
stats: {load,"tsung_controller@ip-172-31-29-214"} 1 0.0 0 0.0 0.0 0 0
stats: {cpu,"tsung_controller@ip-172-31-29-214"} 1 2.2165022165022163 0 2.2165022165022163 2.2165022165022163 0 0
stats: users_count 89 89
stats: finish_users_count 0 0
stats: request 159 24.042194968553474 19.997382263742395 126.643 10.24 0 0
stats: connect 83 1.5672650602409635 3.601452010001727 34.082 0.809 0 0
stats: page 83 46.10839759036145 41.050617475343564 245.141 10.24 0 0
stats: 302 83 83
stats: 200 76 76
stats: size_rcv 301509 301509
stats: size_sent 89485 89485
stats: connected 83 83
# stats: dump at 1575160385
stats: users 175 175
stats: {freemem,"tsung_controller@ip-172-31-29-214"} 1 3521.6328125 0.0 3521.8359375 3521.6328125 3521.8359375 1
stats: {load,"tsung_controller@ip-172-31-29-214"} 1 0.0 0.0 0.0 0.0 0.0 1
stats: {recvpackets,"tsung_controller@ip-172-31-29-214"} 1 582 0 582 582 0 0
stats: {sentpackets,"tsung_controller@ip-172-31-29-214"} 1 660 0 660 660 0 0
stats: {cpu,"tsung_controller@ip-172-31-29-214"} 1 1.3091641490433032 0.0 2.2165022165022163 1.3091641490433032 2.2165022165022163 1
stats: users_count 86 175
stats: finish_users_count 0 0
stats: request 163 20.45328220858895 28.950464198257553 284.153 8.477 24.042194968553474 159
stats: connect 87 1.3288850574712636 1.0377073361617175 34.082 0.783 1.5672650602409635 83
stats: page 87 38.371712643678165 41.07064541889161 284.153 8.477 46.10839759036145 83
stats: 302 87 170
stats: 200 76 152
stats: size_rcv 308357 609866
stats: size_sent 90143 179628
stats: connected 87 170
# stats: dump at 1575160395
stats: users 268 268
stats: {freemem,"tsung_controller@ip-172-31-29-214"} 1 3518.9921875 0.0 3521.8359375 3518.9921875 3521.734375 2
stats: {load,"tsung_controller@ip-172-31-29-214"} 1 0.0 0.0 0.0 0.0 0.0 2
stats: {recvpackets,"tsung_controller@ip-172-31-29-214"} 1 561.0 0.0 582 561 582.0 1
stats: {sentpackets,"tsung_controller@ip-172-31-29-214"} 1 705.0 0.0 705 660 660.0 1
stats: {cpu,"tsung_controller@ip-172-31-29-214"} 1 1.5105740181268883 0.0 2.2165022165022163 1.3091641490433032 1.7628331827727597 2
stats: users_count 93 268
stats: finish_users_count 0 0
stats: request 184 16.794701086956525 5.294810233163809 284.153 8.477 22.225447204968948 322
stats: connect 96 1.2455520833333333 0.2291823268796987 34.082 0.783 1.4452705882352936 170
stats: page 96 32.2465625 21.583120622574338 284.153 8.477 42.14903529411765 170
stats: 302 96 266
stats: 200 88 240
stats: size_rcv 348975 958841
stats: size_sent 103418 283046
stats: connected 96 266
# stats: dump at 1575160405
stats: users 395 395
stats: {freemem,"tsung_controller@ip-172-31-29-214"} 1 3515.8828125 0.0 3521.8359375 3515.8828125 3520.8203125 3
stats: {load,"tsung_controller@ip-172-31-29-214"} 1 0.0 0.0 0.0 0.0 0.0 3
stats: {recvpackets,"tsung_controller@ip-172-31-29-214"} 1 545.0 0.0 582 545 571.5 2
stats: {sentpackets,"tsung_controller@ip-172-31-29-214"} 1 634.0 0.0 705 634 682.5 2
stats: {cpu,"tsung_controller@ip-172-31-29-214"} 1 0.8072653884964682 0.0 2.2165022165022163 0.8072653884964682 1.6787467945574692 3
stats: session 17 35076.66994117648 34.59614472650996 35186.755 35052.07 0 0
stats: users_count 144 412
stats: finish_users_count 17 17
stats: request 350 17.67128285714283 6.737434857569447 284.153 7.81 20.25063043478261 506
stats: connect 142 1.1626760563380287 0.5241983221796851 34.082 0.743 1.3731917293233078 266
stats: page 204 30.357156862745114 17.184618272498014 284.153 7.81 38.57521052631579 266
stats: 302 142 408
stats: 200 208 448
stats: size_rcv 713448 1672289
stats: newphase 1 1
stats: size_sent 228269 511315
stats: connected 126 392
# stats: dump at 1575160415
stats: users 489 489
stats: {freemem,"tsung_controller@ip-172-31-29-214"} 1 3504.734375 0.0 3521.8359375 3504.734375 3519.5859375 4
stats: {load,"tsung_controller@ip-172-31-29-214"} 1 0.0 0.0 0.0 0.0 0.0 4
stats: {recvpackets,"tsung_controller@ip-172-31-29-214"} 1 1175.0 0.0 1175 545 562.6666666666666 3
stats: {sentpackets,"tsung_controller@ip-172-31-29-214"} 1 1426.0 0.0 1426 634 666.3333333333334 3
stats: {cpu,"tsung_controller@ip-172-31-29-214"} 1 1.4198782961460445 0.0 2.2165022165022163 0.8072653884964682 1.460876443042219 4
stats: session 59 35072.06844067798 51.51302559622297 35339.862 35048.983 35076.66994117648 17
stats: users_count 153 565
stats: finish_users_count 59 76
stats: request 424 16.95747405660378 4.374558811639953 284.153 7.81 19.1959906542056 856
stats: connect 155 1.1001354838709678 0.256706310851949 34.082 0.743 1.299924019607843 408
stats: page 262 27.475488549618316 15.765181072778788 284.153 7.81 35.0082255319149 470
stats: 302 155 563
stats: 200 269 717
stats: size_rcv 874444 2546733
stats: newphase 0 1
stats: size_sent 295995 807310
stats: connected 96 488
# stats: dump at 1575160425
stats: users 596 598
stats: {freemem,"tsung_controller@ip-172-31-29-214"} 1 3502.1328125 0.0 3521.8359375 3502.1328125 3516.615625 5
stats: {load,"tsung_controller@ip-172-31-29-214"} 1 0.0 0.0 0.0 0.0 0.0 5
stats: {recvpackets,"tsung_controller@ip-172-31-29-214"} 1 1136.0 0.0 1175 545 715.75 4
stats: {sentpackets,"tsung_controller@ip-172-31-29-214"} 1 1419.0 0.0 1426 634 856.25 4
stats: {cpu,"tsung_controller@ip-172-31-29-214"} 1 1.5166835187057632 0.0 2.2165022165022163 0.8072653884964682 1.452676813662984 5
stats: session 48 35057.89418750002 5.483919829282092 35339.862 35048.294 35073.097723684215 76
stats: users_count 155 720
stats: finish_users_count 48 124
stats: request 402 17.139104477611948 4.700058920349412 284.153 6.979 18.454482031249995 1280
stats: connect 154 1.2846298701298704 1.0617430654493831 34.082 0.743 1.244920071047957 563
stats: page 251 27.424418326693235 15.921064705067026 284.153 6.979 32.31208196721312 732
stats: 302 154 717
stats: 200 248 965
stats: size_rcv 826153 3372886
stats: newphase 0 1
stats: size_sent 274255 1081565
stats: connected 108 596
# stats: dump at 1575160435
stats: users 700 700
stats: {freemem,"tsung_controller@ip-172-31-29-214"} 1 3493.9921875 0.0 3521.8359375 3493.9921875 3514.2018229166665 6
stats: {load,"tsung_controller@ip-172-31-29-214"} 1 0.0 0.0 0.0 0.0 0.0 6
stats: {recvpackets,"tsung_controller@ip-172-31-29-214"} 1 1178.0 0.0 1178 545 799.8 5
stats: {sentpackets,"tsung_controller@ip-172-31-29-214"} 1 1477.0 0.0 1477 634 968.8 5
stats: {cpu,"tsung_controller@ip-172-31-29-214"} 1 1.820020222446916 0.0 2.2165022165022163 0.8072653884964682 1.4633445978367805 6
stats: session 60 35062.14071666668 13.001119057079958 35339.862 35046.961 35067.21248387098 124
stats: users_count 164 884
stats: finish_users_count 60 184
stats: request 471 18.31280679405519 5.767423691106382 284.153 6.979 18.140105231866823 1682
stats: connect 160 1.2252124999999998 1.0954375688937048 34.082 0.742 1.2534490934449092 717
stats: page 290 29.710613793103448 17.029885546899582 284.153 6.979 31.06406205493388 983
stats: 302 160 877
stats: 200 311 1276
stats: size_rcv 987662 4360548
stats: newphase 1 2
stats: size_sent 337686 1419251
stats: connected 64 660
# stats: dump at 1575160445
stats: users 825 826
stats: {freemem,"tsung_controller@ip-172-31-29-214"} 1 3485.25 0.0 3521.8359375 3485.25 3511.3147321428573 7
stats: {load,"tsung_controller@ip-172-31-29-214"} 1 0.0 0.0 0.0 0.0 0.0 7
stats: {recvpackets,"tsung_controller@ip-172-31-29-214"} 1 1519.0 0.0 1519 545 862.8333333333334 6
stats: {sentpackets,"tsung_controller@ip-172-31-29-214"} 1 1839.0 0.0 1839 634 1053.5 6
stats: {cpu,"tsung_controller@ip-172-31-29-214"} 1 2.2222222222222223 0.0 2.2222222222222223 0.8072653884964682 1.5142982584953713 7
stats: session 65 35061.4613076923 9.102287102149159 35339.862 35046.961 35065.55864673914 184
stats: users_count 190 1074
stats: finish_users_count 65 249
stats: request 566 18.877856890459334 6.203087591417589 284.153 6.767 18.177886205294932 2153
stats: connect 228 1.2785789473684206 0.8807307910045233 34.082 0.688 1.248297605473204 877
stats: page 368 29.15680163043477 17.076390539575566 284.153 6.979 30.75573527101336 1273
stats: 302 188 1065
stats: 200 378 1654
stats: size_rcv 1223064 5583612
stats: newphase 0 2
stats: size_sent 407838 1827089
stats: connected 126 786
# stats: dump at 1575160455
stats: users 929 929
stats: {freemem,"tsung_controller@ip-172-31-29-214"} 1 3481.37890625 0.0 3521.8359375 3481.37890625 3508.056640625 8
stats: {load,"tsung_controller@ip-172-31-29-214"} 1 0.0 0.0 0.0 0.0 0.0 8
stats: {recvpackets,"tsung_controller@ip-172-31-29-214"} 1 1847.0 0.0 1847 545 956.5714285714286 7
stats: {sentpackets,"tsung_controller@ip-172-31-29-214"} 1 2235.0 0.0 2235 634 1165.7142857142858 7
stats: {cpu,"tsung_controller@ip-172-31-29-214"} 1 2.3397761953204474 0.0 2.3397761953204474 0.8072653884964682 1.6027887539612276 8
stats: session 119 49825.01242016806 21145.692164269043 80291.468 35046.961 35064.489060240965 249
stats: users_count 223 1297
stats: finish_users_count 119 368
stats: request 686 17.475628279883363 5.093863705409453 284.153 6.015 18.323595439499805 2719
stats: connect 264 1.093287878787879 0.330940304749394 34.082 0.688 1.2545457013574657 1105
stats: page 458 26.204203056768584 16.479477146104667 284.153 6.979 30.397168799512492 1641
stats: 302 265 1330
stats: 200 421 2075
stats: size_rcv 1437430 7021042
stats: newphase 0 2
stats: size_sent 500542 2327631
stats: connected 100 886
# stats: dump at 1575160465
stats: users 1064 1065
stats: {freemem,"tsung_controller@ip-172-31-29-214"} 1 3474.734375 0.0 3521.8359375 3474.734375 3505.0924479166665 9
stats: {load,"tsung_controller@ip-172-31-29-214"} 1 0.0 0.0 0.0 0.0 0.0 9
stats: {recvpackets,"tsung_controller@ip-172-31-29-214"} 1 2128.0 0.0 2128 545 1067.875 8
stats: {sentpackets,"tsung_controller@ip-172-31-29-214"} 1 2615.0 0.0 2615 634 1299.375 8
stats: {cpu,"tsung_controller@ip-172-31-29-214"} 1 2.6530612244897958 0.0 2.6530612244897958 0.8072653884964682 1.6846762474455852 9
stats: session 106 51200.993905660405 21591.857020707554 80291.468 35046.961 39837.59308152174 368
stats: users_count 241 1538
stats: finish_users_count 106 474
stats: request 707 17.11552899575671 5.237067927059827 284.153 6.015 18.15275682819382 3405
stats: connect 285 1.1542666666666666 1.2338371977871618 34.082 0.688 1.2234485025566106 1369
stats: page 461 26.151934924078077 16.683943984975883 284.153 6.764 29.482267270128638 2099
stats: 302 280 1610
stats: 200 428 2503
stats: size_rcv 1476841 8497883
stats: newphase 1 3
stats: size_sent 509388 2837019
stats: connected 111 997
# stats: dump at 1575160475
stats: users 1162 1163
stats: {freemem,"tsung_controller@ip-172-31-29-214"} 1 3471.0625 0.0 3521.8359375 3471.0625 3502.056640625 10
stats: {load,"tsung_controller@ip-172-31-29-214"} 1 0.0 0.0 0.0 0.0 0.0 10
stats: {recvpackets,"tsung_controller@ip-172-31-29-214"} 1 2428.0 0.0 2428 545 1185.6666666666667 9
stats: {sentpackets,"tsung_controller@ip-172-31-29-214"} 1 2906.0 0.0 2906 634 1445.5555555555557 9
stats: {cpu,"tsung_controller@ip-172-31-29-214"} 1 3.546099290780142 0.0 3.546099290780142 0.8072653884964682 1.7815147451500064 10
stats: session 132 49728.50767424243 21101.178639828588 80291.468 35046.961 42378.775544303804 474
stats: users_count 230 1768
stats: finish_users_count 132 606
stats: request 740 17.729645945945958 5.630871595107783 284.153 6.015 17.97442023346302 4112
stats: connect 305 1.1526131147540981 0.3188233713564382 34.082 0.688 1.2115278113663845 1654
stats: page 529 24.91212854442346 15.398945328900142 284.153 6.764 28.882547265625 2560
stats: 302 274 1884
stats: 200 466 2969
stats: size_rcv 1588279 10086162
stats: newphase 0 3
stats: size_sent 554815 3391834
stats: connected 89 1086
# stats: dump at 1575160485
stats: users 1241 1250
stats: {freemem,"tsung_controller@ip-172-31-29-214"} 1 3460.14453125 0.0 3521.8359375 3460.14453125 3499.2389914772725 11
stats: {load,"tsung_controller@ip-172-31-29-214"} 1 0.0 0.0 0.0 0.0 0.0 11
stats: {recvpackets,"tsung_controller@ip-172-31-29-214"} 1 2554.0 0.0 2554 545 1309.9 10
stats: {sentpackets,"tsung_controller@ip-172-31-29-214"} 1 3103.0 0.0 3103 634 1591.6 10
stats: {cpu,"tsung_controller@ip-172-31-29-214"} 1 3.3776867963152504 0.0 3.546099290780142 0.8072653884964682 1.9419315220254731 11
stats: session 179 53676.11173743016 22170.03339058969 80291.468 35046.961 43979.70729537954 606
stats: users_count 258 2026
stats: finish_users_count 179 785
stats: request 867 18.53915455593999 8.188641679069868 284.153 6.015 17.937088623248137 4852
stats: connect 337 1.2801572700296728 0.9155659025180406 34.082 0.688 1.20235528330781 1959
stats: page 623 25.824394863563366 17.428091203288744 284.153 6.714 28.202601812884428 3089
stats: 302 330 2214
stats: 200 537 3506
stats: size_rcv 1856917 11943079
stats: newphase 0 3
stats: size_sent 658668 4050502
stats: connected 86 1172
# stats: dump at 1575160495
stats: users 1350 1351
stats: {freemem,"tsung_controller@ip-172-31-29-214"} 1 3451.8203125 0.0 3521.8359375 3451.8203125 3495.9811197916665 12
stats: {load,"tsung_controller@ip-172-31-29-214"} 1 0.0 0.0 0.0 0.0 0.0 12
stats: {recvpackets,"tsung_controller@ip-172-31-29-214"} 1 2892.0 0.0 2892 545 1423.0 11
stats: {sentpackets,"tsung_controller@ip-172-31-29-214"} 1 3516.0 0.0 3516 634 1729.0 11
stats: {cpu,"tsung_controller@ip-172-31-29-214"} 1 3.5897435897435894 0.0 3.5897435897435894 0.8072653884964682 2.0615777948829543 12
stats: session 180 55072.6166611111 22370.437951638887 80291.468 35046.961 46190.73455031847 785
stats: users_count 289 2315
stats: finish_users_count 180 965
stats: request 967 18.560972078593586 7.038292218639392 284.153 6.015 18.028361776534346 5719
stats: connect 364 1.2404945054945058 0.8871816577938557 34.082 0.631 1.2137748257839718 2296
stats: page 664 27.035082831325315 17.679579369895993 284.153 6.714 27.803457704741376 3712
stats: 302 369 2583
stats: 200 599 4105
stats: size_rcv 2051933 13995012
stats: newphase 1 4
stats: size_sent 728866 4779368
stats: connected 92 1264
# stats: dump at 1575160505
stats: users 1425 1427
stats: {freemem,"tsung_controller@ip-172-31-29-214"} 1 3450.1015625 0.0 3521.8359375 3450.1015625 3492.5841346153848 13
stats: {load,"tsung_controller@ip-172-31-29-214"} 1 0.078125 0.0 0.078125 0.0 0.0 13
stats: {recvpackets,"tsung_controller@ip-172-31-29-214"} 1 3293.0 0.0 3293 545 1545.4166666666667 12
stats: {sentpackets,"tsung_controller@ip-172-31-29-214"} 1 3999.0 0.0 3999 634 1877.9166666666667 12
stats: {cpu,"tsung_controller@ip-172-31-29-214"} 1 4.601226993865031 0.0 4.601226993865031 0.8072653884964682 2.1791290098722342 13
stats: session 217 51464.04515668202 21658.217226899338 80328.703 35046.961 47847.4586746114 965
stats: users_count 292 2607
stats: finish_users_count 217 1182
stats: request 1039 31.306100096246357 53.28707059978466 496.66 6.015 18.1053935088244 6686
stats: connect 384 1.5984531250000027 2.58414568670081 42.316 0.631 1.2174312030075185 2660
stats: page 723 44.976875518672145 71.48745586231466 564.18 6.714 27.68686700182815 4376
stats: 302 370 2953
stats: 200 669 4774
stats: size_rcv 2225429 16220441
stats: newphase 0 4
stats: size_sent 805681 5585049
stats: connected 68 1332
# stats: dump at 1575160515
stats: users 1483 1492
stats: {freemem,"tsung_controller@ip-172-31-29-214"} 1 3448.6640625 0.0 3521.8359375 3448.6640625 3489.5496651785716 14
stats: {load,"tsung_controller@ip-172-31-29-214"} 1 0.0703125 0.0 0.078125 0.0 0.005580357142857143 14
stats: {recvpackets,"tsung_controller@ip-172-31-29-214"} 1 3514.0 0.0 3514 545 1679.8461538461538 13
stats: {sentpackets,"tsung_controller@ip-172-31-29-214"} 1 4162.0 0.0 4162 634 2041.076923076923 13
stats: {cpu,"tsung_controller@ip-172-31-29-214"} 1 4.11522633744856 0.0 4.601226993865031 0.8072653884964682 2.3521360087288627 14
stats: session 214 54231.62806542055 22248.258795936054 80331.824 35046.961 48511.41744500846 1182
stats: users_count 272 2879
stats: finish_users_count 214 1396
stats: request 1015 19.711112315270903 6.875346681967203 496.66 6.015 19.88086718446601 7725
stats: connect 371 1.2012398921832892 0.9994658110267247 42.316 0.631 1.2654970433639947 3044
stats: page 722 27.754839335180023 17.62198320403918 564.18 6.714 30.138460678564414 5099
stats: 302 363 3316
stats: 200 652 5426
stats: size_rcv 2188584 18409025
stats: newphase 0 4
stats: size_sent 791770 6376819
stats: connected 44 1376
# stats: dump at 1575160525
stats: users 1588 1589
stats: {freemem,"tsung_controller@ip-172-31-29-214"} 1 3447.140625 0.0 3521.8359375 3447.140625 3486.8239583333334 15
stats: {load,"tsung_controller@ip-172-31-29-214"} 1 0.05859375 0.0 0.078125 0.0 0.009895833333333333 15
stats: {recvpackets,"tsung_controller@ip-172-31-29-214"} 1 3614.0 0.0 3614 545 1810.857142857143 14
stats: {sentpackets,"tsung_controller@ip-172-31-29-214"} 1 4428.0 0.0 4428 634 2192.5714285714284 14
stats: {cpu,"tsung_controller@ip-172-31-29-214"} 1 6.646216768916155 0.0 6.646216768916155 0.8072653884964682 2.4696753639768425 15
stats: session 236 53952.435300847465 22216.83977884586 80331.824 35046.961 49388.29786962751 1396
stats: users_count 341 3220
stats: finish_users_count 236 1632
stats: request 1160 70.67545431034478 1763.718808847813 60114.441 6.015 19.861153089244837 8740
stats: connect 455 1.0631296703296718 0.5518064068657889 42.316 0.631 1.2585162518301611 3415
stats: page 825 26.531602424242447 16.934918304500766 564.18 6.665 29.842811372616374 5821
stats: 302 438 3754
stats: 200 721 6147
stats: size_rcv 2473092 20882117
stats: newphase 1 5
stats: size_sent 886935 7263754
stats: connected 93 1469
# stats: dump at 1575160535
stats: users 1691 1692
stats: {freemem,"tsung_controller@ip-172-31-29-214"} 1 3449.875 0.0 3521.8359375 3447.140625 3484.34375 16
stats: {load,"tsung_controller@ip-172-31-29-214"} 1 0.05078125 0.0 0.078125 0.0 0.012939453125 16
stats: {recvpackets,"tsung_controller@ip-172-31-29-214"} 1 3823.0 0.0 3823 545 1931.0666666666666 15
stats: {sentpackets,"tsung_controller@ip-172-31-29-214"} 1 4637.0 0.0 4637 634 2341.6 15
stats: {cpu,"tsung_controller@ip-172-31-29-214"} 1 4.9079754601226995 0.0 6.646216768916155 0.8072653884964682 2.7307092017855497 16
stats: session 235 56140.79711063827 22464.26525142681 80331.824 35046.961 50048.30793933824 1632
stats: users_count 338 3558
stats: finish_users_count 235 1867
stats: request 1188 19.372821548821516 6.997539954341071 60114.441 6.015 25.815152020202003 9900
stats: connect 463 1.0597429805615548 0.5980977989740072 42.316 0.631 1.2355444444444448 3870
stats: page 839 27.4701060786651 18.207820986906984 564.18 6.665 29.431775052663244 6646
stats: 302 454 4208
stats: 200 734 6881
stats: size_rcv 2538794 23420911
stats: newphase 0 5
stats: size_sent 910032 8173786
stats: connected 120 1589
# stats: dump at 1575160545
stats: users 1778 1783
stats: {freemem,"tsung_controller@ip-172-31-29-214"} 1 3448.34375 0.0 3521.8359375 3447.140625 3482.3161764705883 17
stats: {load,"tsung_controller@ip-172-31-29-214"} 1 0.0390625 0.0 0.078125 0.0 0.015165441176470588 17
stats: {recvpackets,"tsung_controller@ip-172-31-29-214"} 1 4108.0 0.0 4108 545 2049.3125 16
stats: {sentpackets,"tsung_controller@ip-172-31-29-214"} 1 4992.0 0.0 4992 634 2485.0625 16
stats: {cpu,"tsung_controller@ip-172-31-29-214"} 1 5.7026476578411405 0.0 6.646216768916155 0.8072653884964682 2.858783687570088 17
stats: session 260 56719.61985384617 22485.418397197784 80331.824 35046.961 50815.17186823782 1867
stats: users_count 347 3905
stats: finish_users_count 260 2127
stats: request 1164 19.056883161512037 7.543233597055766 60114.441 6.015 25.124902326839806 11088
stats: connect 451 1.0995543237250573 0.6645710908953316 42.316 0.631 1.2167592891760908 4333
stats: page 832 26.683737980769266 17.85772174122766 564.18 6.665 29.211889913159645 7485
stats: 302 470 4678
stats: 200 694 7575
stats: size_rcv 2428858 25849769
stats: newphase 0 5
stats: size_sent 885688 9059474
stats: connected 71 1660
# stats: dump at 1575160555
stats: users 1902 1902
stats: {freemem,"tsung_controller@ip-172-31-29-214"} 1 3437.0078125 0.0 3521.8359375 3437.0078125 3480.4288194444443 18
stats: {load,"tsung_controller@ip-172-31-29-214"} 1 0.03125 0.0 0.078125 0.0 0.016493055555555556 18
stats: {recvpackets,"tsung_controller@ip-172-31-29-214"} 1 3946.0 0.0 4108 545 2170.4117647058824 17
stats: {sentpackets,"tsung_controller@ip-172-31-29-214"} 1 4747.0 0.0 4992 634 2632.529411764706 17
stats: {cpu,"tsung_controller@ip-172-31-29-214"} 1 4.717948717948718 0.0 6.646216768916155 0.8072653884964682 3.016776130362924 18
stats: session 250 53620.595787999984 22158.845910619173 80331.824 35046.961 51536.91915373766 2127
stats: users_count 374 4279
stats: finish_users_count 250 2377
stats: request 1295 69.49937220077224 1672.166656794013 60215.66 6.015 24.54841079007507 12252
stats: connect 499 2.423176352705412 14.599090352045096 216.18 0.631 1.2057100752508367 4784
stats: page 924 32.260322510822434 32.30327536811927 564.18 6.665 28.958983527714317 8317
stats: 302 477 5155
stats: 200 817 8392
stats: size_rcv 2780514 28630283
stats: newphase 1 6
stats: size_sent 991419 10050893
stats: connected 95 1755
# stats: dump at 1575160565
stats: users 1987 1997
stats: {freemem,"tsung_controller@ip-172-31-29-214"} 1 3429.82421875 0.0 3521.8359375 3429.82421875 3478.1435032894738 19
stats: {load,"tsung_controller@ip-172-31-29-214"} 1 0.03125 0.0 0.078125 0.0 0.017269736842105265 19
stats: {recvpackets,"tsung_controller@ip-172-31-29-214"} 1 4592.0 0.0 4592 545 2269.0555555555557 18
stats: {sentpackets,"tsung_controller@ip-172-31-29-214"} 1 5447.0 0.0 5447 634 2750.0 18
stats: {cpu,"tsung_controller@ip-172-31-29-214"} 1 5.8702368692070035 0.0 6.646216768916155 0.8072653884964682 3.106311529709545 19
stats: session 300 53689.610510000006 22163.177069978832 80331.824 35046.961 51756.068989061845 2377
stats: users_count 385 4664
stats: finish_users_count 300 2677
stats: request 1390 29.43162446043167 41.61164911160127 60215.66 6.015 28.845413449472193 13547
stats: connect 537 10.577914338919939 48.7333074944854 405.276 0.631 1.320704523944729 5283
stats: page 1002 40.796301397205546 61.26048253794133 656.245 6.665 29.28908170111459 9241
stats: 302 512 5667
stats: 200 878 9270
stats: size_rcv 2977194 31607477
stats: newphase 0 6
stats: size_sent 1078065 11128958
stats: connected 81 1836
# stats: dump at 1575160575
stats: users 2096 2097
stats: {freemem,"tsung_controller@ip-172-31-29-214"} 1 3414.78515625 0.0 3521.8359375 3414.78515625 3475.7275390625 20
stats: {load,"tsung_controller@ip-172-31-29-214"} 1 0.01953125 0.0 0.078125 0.0 0.017968750000000002 20
stats: {recvpackets,"tsung_controller@ip-172-31-29-214"} 1 4960.0 0.0 4960 545 2391.315789473684 19
stats: {sentpackets,"tsung_controller@ip-172-31-29-214"} 1 5926.0 0.0 5926 634 2891.9473684210525 19
stats: {cpu,"tsung_controller@ip-172-31-29-214"} 1 7.987551867219916 0.0 7.987551867219916 0.8072653884964682 3.244507796684418 20
stats: session 320 56048.93973437499 22459.250935347456 80575.759 35046.961 51972.75276055287 2677
stats: users_count 429 5093
stats: finish_users_count 320 2997
stats: request 1539 23.76871345029242 11.55215756271904 60215.66 6.015 28.89996478543214 14937
stats: connect 587 1.1751277683134562 0.9102955689541397 405.276 0.629 2.1748491408934725 5820
stats: page 1089 33.667566574839434 22.965274749918226 656.245 6.665 30.41475134238015 10243
stats: 302 577 6244
stats: 200 962 10232
stats: size_rcv 3292553 34900030
stats: newphase 0 6
stats: size_sent 1195979 12324937
stats: connected 116 1952
# stats: dump at 1575160585
stats: users 2184 2196
stats: {freemem,"tsung_controller@ip-172-31-29-214"} 1 3410.46484375 0.0 3521.8359375 3410.46484375 3472.8255208333335 21
stats: {load,"tsung_controller@ip-172-31-29-214"} 1 0.01953125 0.0 0.078125 0.0 0.018043154761904764 21
stats: {recvpackets,"tsung_controller@ip-172-31-29-214"} 1 5357.0 0.0 5357 545 2519.75 20
stats: {sentpackets,"tsung_controller@ip-172-31-29-214"} 1 6441.0 0.0 6441 634 3043.65 20
stats: {cpu,"tsung_controller@ip-172-31-29-214"} 1 9.304703476482617 0.0 9.304703476482617 0.8072653884964682 3.4703670381384897 21
stats: session 339 56338.31171976398 22486.533993352798 80606.575 35046.961 52407.98126626627 2997
stats: users_count 427 5520
stats: finish_users_count 339 3336
stats: request 1510 61.739366887417276 1548.0575860632537 60215.66 6.015 28.4206618111192 16476
stats: connect 577 1.1411525129982683 0.6263541677551305 405.276 0.629 2.0832561261120666 6407
stats: page 1105 138.71911312217188 3617.1872160625057 120323.552 6.665 30.727345393575717 11332
stats: 302 589 6833
stats: 200 920 11152
stats: size_rcv 3181075 38081105
stats: newphase 1 7
stats: size_sent 1164866 13489803
stats: connected 75 2027
# stats: dump at 1575160595
stats: users 2293 2299
stats: {freemem,"tsung_controller@ip-172-31-29-214"} 1 3408.75 0.0 3521.8359375 3408.75 3469.9909446022725 22
stats: {load,"tsung_controller@ip-172-31-29-214"} 1 0.01953125 0.0 0.078125 0.0 0.018110795454545456 22
stats: {recvpackets,"tsung_controller@ip-172-31-29-214"} 1 5317.0 0.0 5357 545 2654.8571428571427 21
stats: {sentpackets,"tsung_controller@ip-172-31-29-214"} 1 6368.0 0.0 6441 634 3205.4285714285716 21
stats: {cpu,"tsung_controller@ip-172-31-29-214"} 1 7.312049433573635 0.0 9.304703476482617 0.8072653884964682 3.7355641489723137 22
stats: session 355 53603.68417746475 22144.64750500375 80606.575 35046.961 52807.37635731415 3336
stats: users_count 464 5984
stats: finish_users_count 355 3691
stats: request 1553 24.85631423052156 12.339981567649383 60215.66 6.015 31.21790659401757 17986
stats: connect 603 1.0898424543946934 0.696606186564175 405.276 0.586 2.005421964490265 6984
stats: page 1126 34.35979218472473 24.539922340778684 120323.552 6.665 40.322175605049445 12437
stats: 302 585 7418
stats: 200 968 12120
stats: size_rcv 3299215 41380320
stats: newphase 0 7
stats: size_sent 1192756 14682559
stats: connected 100 2127
# stats: dump at 1575160605
stats: users 2384 2384
stats: {freemem,"tsung_controller@ip-172-31-29-214"} 1 3407.46875 0.0 3521.8359375 3407.46875 3467.3282948369565 23
stats: {load,"tsung_controller@ip-172-31-29-214"} 1 0.08984375 0.0 0.08984375 0.0 0.018172554347826088 23
stats: {recvpackets,"tsung_controller@ip-172-31-29-214"} 1 5604.0 0.0 5604 545 2775.863636363636 22
stats: {sentpackets,"tsung_controller@ip-172-31-29-214"} 1 6636.0 0.0 6636 634 3349.181818181818 22
stats: {cpu,"tsung_controller@ip-172-31-29-214"} 1 6.7357512953367875 0.0 9.304703476482617 0.8072653884964682 3.891063509172371 23
stats: session 359 55902.04949860723 22441.255047386407 80606.575 35046.961 52883.965161473854 3691
stats: users_count 450 6434
stats: finish_users_count 359 4050
stats: request 1611 27.682093730602144 17.459753573744813 60215.66 5.854 30.71227411842981 19539
stats: connect 623 1.1173675762439799 0.6862191723699897 405.276 0.586 1.9326534862264413 7587
stats: page 1191 37.4885079764904 31.112093184680123 120323.552 5.908 39.82717864779178 13563
stats: 302 614 8032
stats: 200 997 13117
stats: size_rcv 3414291 44794611
stats: newphase 0 7
stats: size_sent 1249779 15932338
stats: connected 97 2224
# stats: dump at 1575160615
stats: users 2472 2473
stats: {freemem,"tsung_controller@ip-172-31-29-214"} 1 3406.08203125 0.0 3521.8359375 3406.08203125 3464.8341471354165 24
stats: {load,"tsung_controller@ip-172-31-29-214"} 1 0.0703125 0.0 0.08984375 0.0 0.021158854166666668 24
stats: {recvpackets,"tsung_controller@ip-172-31-29-214"} 1 5766.0 0.0 5766 545 2898.8260869565215 23
stats: {sentpackets,"tsung_controller@ip-172-31-29-214"} 1 6723.0 0.0 6723 634 3492.086956521739 23
stats: {cpu,"tsung_controller@ip-172-31-29-214"} 1 7.1502590673575135 0.0 9.304703476482617 0.8072653884964682 4.009592166929221 24
stats: session 384 55492.92930468749 22404.91295343682 80606.575 35046.961 53151.49411876543 4050
stats: users_count 472 6906
stats: finish_users_count 384 4434
stats: request 1722 62.53613646922185 1446.5193242958076 60215.66 5.854 30.481464633569743 21150
stats: connect 631 1.2979572107765465 1.6936981536182987 405.276 0.586 1.8707870889159572 8210
stats: page 1233 136.17662611516639 3423.576288596619 120323.552 5.908 39.63839209705843 14754
stats: 302 644 8676
stats: 200 1077 14194
stats: size_rcv 3664553 48459164
stats: newphase 1 8
stats: size_sent 1345495 17277833
stats: connected 70 2294
# stats: dump at 1575160625
stats: users 2589 2593
stats: {freemem,"tsung_controller@ip-172-31-29-214"} 1 3404.1796875 0.0 3521.8359375 3404.1796875 3462.4840625 25
stats: {load,"tsung_controller@ip-172-31-29-214"} 1 0.05859375 0.0 0.08984375 0.0 0.023125 25
stats: {recvpackets,"tsung_controller@ip-172-31-29-214"} 1 6386.0 0.0 6386 545 3018.2916666666665 24
stats: {sentpackets,"tsung_controller@ip-172-31-29-214"} 1 7383.0 0.0 7383 634 3626.7083333333335 24
stats: {cpu,"tsung_controller@ip-172-31-29-214"} 1 9.375 0.0 9.375 0.8072653884964682 4.135218842946353 25
stats: session 390 54283.212879487175 22236.02252276432 80606.575 35046.961 53354.2706436626 4434
stats: users_count 507 7413
stats: finish_users_count 390 4824
stats: request 1817 45.91368959823892 41.84728759286535 60215.66 5.854 32.894814795383006 22872
stats: connect 697 1.2557948350071715 0.9587973484135366 405.276 0.586 1.8299030652641115 8841
stats: page 1315 62.96806007604569 59.507333384027206 120323.552 5.908 47.08391924688811 15987
stats: 302 667 9343
stats: 200 1150 15344
stats: size_rcv 3888239 52347403
stats: newphase 0 8
stats: size_sent 1420412 18698245
stats: connected 106 2400
# stats: dump at 1575160635
stats: users 2668 2668
stats: {freemem,"tsung_controller@ip-172-31-29-214"} 1 3388.546875 0.0 3521.8359375 3388.546875 3460.2415865384614 26
stats: {load,"tsung_controller@ip-172-31-29-214"} 1 0.05078125 0.0 0.08984375 0.0 0.024489182692307692 26
stats: {recvpackets,"tsung_controller@ip-172-31-29-214"} 1 6862.0 0.0 6862 545 3153.0 25
stats: {sentpackets,"tsung_controller@ip-172-31-29-214"} 1 7570.0 0.0 7570 634 3776.96 25
stats: {cpu,"tsung_controller@ip-172-31-29-214"} 1 8.506224066390041 0.0 9.375 0.8072653884964682 4.336748887448416 26
stats: session 424 54789.44360377356 22303.390391556615 80606.575 35046.961 53429.37169506633 4824
stats: users_count 503 7916
stats: finish_users_count 424 5248
stats: request 1914 45.89096551724136 34.56048976597432 60215.66 5.854 33.8529457653206 24689
stats: connect 705 1.1324411347517713 0.7556848603994991 405.276 0.586 1.7879494652967087 9538
stats: page 1388 63.77766354466854 55.4254962983963 120323.552 5.908 48.2911580164143 17302
stats: 302 704 10047
stats: 200 1210 16554
stats: size_rcv 4090237 56437640
stats: newphase 0 8
stats: size_sent 1486773 20185018
stats: connected 60 2460
# stats: dump at 1575160645
stats: users 2756 2756
stats: {freemem,"tsung_controller@ip-172-31-29-214"} 1 3384.90234375 0.0 3521.8359375 3384.90234375 3457.5862268518517 27
stats: {load,"tsung_controller@ip-172-31-29-214"} 1 0.0390625 0.0 0.08984375 0.0 0.02546296296296296 27
stats: {recvpackets,"tsung_controller@ip-172-31-29-214"} 1 7103.0 0.0 7103 545 3295.653846153846 26
stats: {sentpackets,"tsung_controller@ip-172-31-29-214"} 1 7748.0 0.0 7748 634 3922.846153846154 26
stats: {cpu,"tsung_controller@ip-172-31-29-214"} 1 8.650875386199793 0.0 9.375 0.8072653884964682 4.491173894075884 27
stats: session 434 55177.002453917026 22358.84836879763 80709.59 35046.961 53539.2555535442 5248
stats: users_count 522 8438
stats: finish_users_count 434 5682
stats: request 1885 52.67628275862069 49.76076532816504 60215.66 5.854 34.7190424388227 26603
stats: connect 726 1.115493112947658 0.4717907644652045 405.276 0.586 1.7428324709557752 10243
stats: page 1381 71.88573714699497 75.29590428592886 120323.552 5.908 49.441252701979685 18690
stats: 302 698 10745
stats: 200 1187 17741
stats: size_rcv 4054100 60491740
stats: newphase 1 9
stats: size_sent 1485612 21670630
stats: connected 82 2542
# stats: dump at 1575160655
stats: users 2824 2842
stats: {freemem,"tsung_controller@ip-172-31-29-214"} 1 3382.99609375 0.0 3521.8359375 3382.99609375 3454.9903738839284 28
stats: {load,"tsung_controller@ip-172-31-29-214"} 1 0.0390625 0.0 0.08984375 0.0 0.025948660714285716 28
stats: {recvpackets,"tsung_controller@ip-172-31-29-214"} 1 7387.0 0.0 7387 545 3436.6666666666665 27
stats: {sentpackets,"tsung_controller@ip-172-31-29-214"} 1 8013.0 0.0 8013 634 4064.5185185185187 27
stats: {cpu,"tsung_controller@ip-172-31-29-214"} 1 8.324661810613945 0.0 9.375 0.8072653884964682 4.639734661651738 28
stats: session 448 57795.75514508926 22358.96215106643 80990.584 35046.961 53664.34920978528 5682
stats: users_count 516 8954
stats: finish_users_count 448 6130
stats: request 1983 229.69296268280397 234.98848476432238 60215.66 5.854 35.907240908452685 28488
stats: connect 735 1.1497061224489797 0.7844879802693002 405.276 0.586 1.701311058437415 10969
stats: page 1424 319.02932022471845 341.98325156188326 120323.552 5.908 50.98556205470581 20071
stats: 302 747 11492
stats: 200 1231 18972
stats: size_rcv 4224264 64716004
stats: newphase 0 9
stats: size_sent 1567006 23237636
stats: connected 74 2616
stats: 500 6 6
# stats: dump at 1575160665
stats: users 2895 2900
stats: {freemem,"tsung_controller@ip-172-31-29-214"} 1 3381.81640625 0.0 3521.8359375 3381.81640625 3452.5078125 29
stats: {load,"tsung_controller@ip-172-31-29-214"} 1 0.03125 0.0 0.08984375 0.0 0.026400862068965518 29
stats: {recvpackets,"tsung_controller@ip-172-31-29-214"} 1 7871.0 0.0 7871 545 3577.75 28
stats: {sentpackets,"tsung_controller@ip-172-31-29-214"} 1 8230.0 0.0 8230 634 4205.535714285715 28
stats: {cpu,"tsung_controller@ip-172-31-29-214"} 1 9.834368530020704 0.0 9.834368530020704 0.8072653884964682 4.7668011150642275 29
stats: session 459 55495.82895424841 22223.202500015672 81179.193 35046.961 53966.28556525285 6130
stats: users_count 530 9484
stats: finish_users_count 459 6589
stats: request 1995 119.98104260651624 100.15530501989284 60215.66 5.854 48.51848065373635 30471
stats: connect 754 1.122750663129976 0.7228174585707512 405.276 0.488 1.6666707963089544 11704
stats: page 1477 162.69521056194984 137.85356920471943 120323.552 5.908 68.74291546871363 21495
stats: 302 738 12230
stats: 200 1257 20229
stats: size_rcv 4271643 68987647
stats: newphase 0 9
stats: size_sent 1566718 24804354
stats: connected 75 2691
stats: 500 0 6
# stats: dump at 1575160675
stats: users 3037 3042
stats: {freemem,"tsung_controller@ip-172-31-29-214"} 1 3381.171875 0.0 3521.8359375 3381.171875 3450.151432291667 30
stats: {load,"tsung_controller@ip-172-31-29-214"} 1 0.109375 0.0 0.109375 0.0 0.0265625 30
stats: {recvpackets,"tsung_controller@ip-172-31-29-214"} 1 7913.0 0.0 7913 545 3725.793103448276 29
stats: {sentpackets,"tsung_controller@ip-172-31-29-214"} 1 8299.0 0.0 8299 634 4344.310344827587 29
stats: {cpu,"tsung_controller@ip-172-31-29-214"} 1 10.348360655737705 0.0 10.348360655737705 0.8072653884964682 4.93572002889611 30
stats: session 437 57801.91155148743 22236.43349032226 81179.193 35046.961 54072.83593944453 6589
stats: users_count 579 10063
stats: finish_users_count 437 7026
stats: request 1977 231.39534344967154 162.1699424858233 60215.66 5.854 52.90977650465103 32466
stats: connect 788 1.1708743654822342 1.0326958833632773 405.276 0.488 1.633750923101622 12458
stats: page 1435 314.10124529616735 223.31832370867545 120323.552 5.908 74.78364069301756 22972
stats: 302 786 13016
stats: 200 1188 21417
stats: size_rcv 4161603 73149250
stats: newphase 1 10
stats: size_sent 1563306 26367660
stats: connected 108 2799
stats: 500 4 10
# stats: dump at 1575160685
stats: users 3256 3258
stats: {freemem,"tsung_controller@ip-172-31-29-214"} 1 3366.87109375 0.0 3521.8359375 3366.87109375 3447.926285282258 31
stats: {load,"tsung_controller@ip-172-31-29-214"} 1 0.08984375 0.0 0.109375 0.0 0.029233870967741934 31
stats: {recvpackets,"tsung_controller@ip-172-31-29-214"} 1 8337.0 0.0 8337 545 3865.366666666667 30
stats: {sentpackets,"tsung_controller@ip-172-31-29-214"} 1 8666.0 0.0 8666 634 4476.133333333334 30
stats: {cpu,"tsung_controller@ip-172-31-29-214"} 1 11.838006230529595 0.0 11.838006230529595 0.8072653884964682 5.110321339439388 31
stats: session 397 56727.16515617125 22034.675337625176 82911.869 35046.961 54304.77531354967 7026
stats: users_count 616 10679
stats: finish_users_count 397 7423
stats: request 1866 971.1553135048244 749.6553822982621 60215.66 3.081 63.15470191330607 34443
stats: connect 861 1.2520511033681758 1.797491777340523 405.276 0.488 1.606214555337461 13246
stats: page 1305 1235.769674329501 1054.4260839767826 120323.552 5.908 88.85422546810338 24407
stats: 302 715 13731
stats: 200 1128 22545
stats: size_rcv 3884239 77033489
stats: newphase 0 10
stats: size_sent 1617281 27984941
stats: connected 222 3021
stats: 500 23 33
# stats: dump at 1575160695
stats: users 3411 3416
stats: {freemem,"tsung_controller@ip-172-31-29-214"} 1 3347.01953125 0.0 3521.8359375 3347.01953125 3445.393310546875 32
stats: {load,"tsung_controller@ip-172-31-29-214"} 1 0.0703125 0.0 0.109375 0.0 0.0311279296875 32
stats: {recvpackets,"tsung_controller@ip-172-31-29-214"} 1 8163.0 0.0 8337 545 4009.6129032258063 31
stats: {sentpackets,"tsung_controller@ip-172-31-29-214"} 1 8577.0 0.0 8666 634 4611.290322580646 31
stats: {cpu,"tsung_controller@ip-172-31-29-214"} 1 11.582213029989658 0.0 11.838006230529595 0.8072653884964682 5.3205614922859565 32
stats: session 426 59588.45004460095 21754.6498884418 85371.802 35046.961 54434.3305833221 7423
stats: users_count 581 11260
stats: finish_users_count 426 7849
stats: request 1965 1627.293628498726 1051.6961117899841 60215.66 3.081 109.81886620397155 36309
stats: connect 831 1.0933802647412738 0.6249606850078372 405.276 0.488 1.5845987098603536 14107
stats: page 1445 2144.1349854671303 1838.5305871167923 120323.552 5.908 147.065358820784 25712
stats: 302 765 14496
stats: 200 1176 23721
stats: size_rcv 4066167 81099656
stats: newphase 0 10
stats: size_sent 1606338 29591279
stats: connected 156 3177
stats: 500 24 57
# stats: dump at 1575160705
stats: users 2965 3441
stats: {freemem,"tsung_controller@ip-172-31-29-214"} 1 3314.34765625 0.0 3521.8359375 3314.34765625 3442.412286931818 33
stats: {load,"tsung_controller@ip-172-31-29-214"} 1 0.05859375 0.0 0.109375 0.0 0.03231534090909091 33
stats: {recvpackets,"tsung_controller@ip-172-31-29-214"} 1 8296.0 0.0 8337 545 4139.40625 32
stats: {sentpackets,"tsung_controller@ip-172-31-29-214"} 1 8762.0 0.0 8762 634 4735.218750000001 32
stats: {cpu,"tsung_controller@ip-172-31-29-214"} 1 12.344398340248963 0.0 12.344398340248963 0.8072653884964682 5.510308508580008 33
stats: session 539 60573.59942300558 22110.006179826378 85948.724 35046.961 54714.06747853229 7849
stats: users_count 93 11353
stats: finish_users_count 539 8388
stats: request 1745 2172.8986057306643 1228.389987331565 60215.66 3.081 187.7265295762136 38274
stats: connect 375 1.2485813333333313 1.497612160981014 405.276 0.488 1.5572722586691663 14938
stats: page 1469 2789.4463022464324 2375.704053750209 120323.552 5.908 253.3276709503996 27157
stats: 302 466 14962
stats: 200 1271 24992
stats: size_rcv 3655353 84755009
stats: newphase 0 10
stats: size_sent 1363983 30955262
stats: connected -413 2764
stats: 500 8 65
# stats: dump at 1575160715
stats: users 2288 3441
stats: {freemem,"tsung_controller@ip-172-31-29-214"} 1 3294.74609375 0.0 3521.8359375 3294.74609375 3438.645680147059 34
stats: {load,"tsung_controller@ip-172-31-29-214"} 1 0.12890625 0.0 0.12890625 0.0 0.03308823529411765 34
stats: {recvpackets,"tsung_controller@ip-172-31-29-214"} 1 6381.0 0.0 8337 545 4265.363636363636 33
stats: {sentpackets,"tsung_controller@ip-172-31-29-214"} 1 6579.0 0.0 8762 634 4857.242424242425 33
stats: {cpu,"tsung_controller@ip-172-31-29-214"} 1 10.526315789473683 0.0 12.344398340248963 0.8072653884964682 5.711311150687918 34
stats: session 677 57362.06076514031 22453.38583347651 85948.724 35046.961 55090.59200381496 8388
stats: users_count 0 11353
stats: finish_users_count 677 9065
stats: request 1260 321.26688968253967 2482.57045032654 61739.133 3.081 274.28854444139057 40019
stats: connect 253 3.2539051383399222 15.27207030672174 405.276 0.488 1.5497127277476659 15313
stats: page 1259 321.6762533756948 2487.851110234606 120323.552 5.908 383.4736315936565 28626
stats: 302 308 15270
stats: 200 946 25938
stats: size_rcv 2688687 87443696
stats: newphase 0 10
stats: size_sent 1157334 32112596
stats: connected -712 2052
stats: 500 3 68
# stats: dump at 1575160725
stats: users 1716 3441
stats: {freemem,"tsung_controller@ip-172-31-29-214"} 1 3310.0859375 0.0 3521.8359375 3294.74609375 3434.534263392857 35
stats: {load,"tsung_controller@ip-172-31-29-214"} 1 0.109375 0.0 0.12890625 0.0 0.035825892857142855 35
stats: {recvpackets,"tsung_controller@ip-172-31-29-214"} 1 5274.0 0.0 8337 545 4327.588235294118 34
stats: {sentpackets,"tsung_controller@ip-172-31-29-214"} 1 5693.0 0.0 8762 634 4907.8823529411775 34
stats: {cpu,"tsung_controller@ip-172-31-29-214"} 1 6.116207951070336 0.0 12.344398340248963 0.8072653884964682 5.848882711796083 35
stats: session 572 58083.925111888166 23529.02829405387 262079.543 35046.961 55260.23175576392 9065
stats: users_count 0 11353
stats: finish_users_count 572 9637
stats: request 1133 38.68469373345101 32.69983497113113 61739.133 3.081 275.7225112284699 41279
stats: connect 280 1.1721964285714281 0.9386215999242656 405.276 0.488 1.5774116022099454 15566
stats: page 1133 38.68469373345101 32.69983497113113 120323.552 5.908 380.8702218838886 29885
stats: 302 277 15547
stats: 200 854 26792
stats: size_rcv 2410424 89854120
stats: newphase 0 10
stats: size_sent 1160518 33273114
stats: connected -568 1484
stats: 500 1 69
# stats: dump at 1575160735
stats: users 1206 3441
stats: {freemem,"tsung_controller@ip-172-31-29-214"} 1 3309.34765625 0.0 3521.8359375 3294.74609375 3431.0773654513887 36
stats: {load,"tsung_controller@ip-172-31-29-214"} 1 0.08984375 0.0 0.12890625 0.0 0.03786892361111111 36
stats: {recvpackets,"tsung_controller@ip-172-31-29-214"} 1 4689.0 0.0 8337 545 4354.628571428571 35
stats: {sentpackets,"tsung_controller@ip-172-31-29-214"} 1 5397.0 0.0 8762 634 4930.314285714287 35
stats: {cpu,"tsung_controller@ip-172-31-29-214"} 1 4.545454545454546 0.0 12.344398340248963 0.8072653884964682 5.856308412887035 36
stats: session 510 61047.93402352934 21720.013823669 262079.543 35046.961 55427.83086333921 9637
stats: users_count 0 11353
stats: finish_users_count 510 10147
stats: request 877 95.02290079817548 2043.1902548532755 61739.133 3.081 269.3902503772519 42412
stats: connect 256 2.0690664062500006 2.939519436084998 405.276 0.488 1.5702514199166988 15846
stats: page 877 95.02290079817548 2043.1902548532755 120323.552 5.908 368.37115026758687 31018
stats: 302 279 15826
stats: 200 595 27387
stats: size_rcv 1767208 91621328
stats: newphase 0 10
stats: size_sent 906019 34179133
stats: connected -520 964
stats: 500 2 71
# stats: dump at 1575160745
stats: users 951 3441
stats: {freemem,"tsung_controller@ip-172-31-29-214"} 1 3309.25390625 0.0 3521.8359375 3294.74609375 3427.787373310811 37
stats: {load,"tsung_controller@ip-172-31-29-214"} 1 0.078125 0.0 0.12890625 0.0 0.03927364864864865 37
stats: {recvpackets,"tsung_controller@ip-172-31-29-214"} 1 3662.0 0.0 8337 545 4363.916666666667 36
stats: {sentpackets,"tsung_controller@ip-172-31-29-214"} 1 4306.0 0.0 8762 634 4943.277777777778 36
stats: {cpu,"tsung_controller@ip-172-31-29-214"} 1 6.3072227873855535 0.0 12.344398340248963 0.8072653884964682 5.8208799299834535 37
stats: session 255 80352.69468627452 148.62261482758495 262079.543 35046.961 55710.303772740706 10147
stats: users_count 0 11353
stats: finish_users_count 255 10402
stats: request 521 144.2586007677541 2677.7622605685992 61739.133 3.081 265.85770941809716 43289
stats: connect 262 1.5023740458015267 1.6629415574362552 405.276 0.488 1.5781819028692095 16102
stats: page 521 144.2586007677541 2677.7622605685992 120323.552 5.908 360.8550375607465 31895
stats: 302 257 16083
stats: 200 263 27650
stats: size_rcv 956154 92577482
stats: newphase 0 10
stats: size_sent 538167 34717300
stats: connected -231 733
stats: 500 0 71
# stats: dump at 1575160755
stats: users 687 3441
stats: {freemem,"tsung_controller@ip-172-31-29-214"} 1 3309.8984375 0.0 3521.8359375 3294.74609375 3424.6680715460525 38
stats: {load,"tsung_controller@ip-172-31-29-214"} 1 0.0703125 0.0 0.12890625 0.0 0.04029605263157895 38
stats: {recvpackets,"tsung_controller@ip-172-31-29-214"} 1 2582.0 0.0 8337 545 4344.945945945946 37
stats: {sentpackets,"tsung_controller@ip-172-31-29-214"} 1 2965.0 0.0 8762 634 4926.054054054055 37
stats: {cpu,"tsung_controller@ip-172-31-29-214"} 1 2.540650406504065 0.0 12.344398340248963 0.8072653884964682 5.833678426230877 38
stats: session 264 81324.41274621207 11112.465777130023 262079.543 35046.961 56314.4000698904 10402
stats: users_count 0 11353
stats: finish_users_count 264 10666
stats: request 498 22.04944779116467 36.59244225139902 61739.133 3.081 264.4116209541203 43810
stats: connect 236 8.183673728813565 33.75480371512974 405.276 0.488 1.5769681618186269 16364
stats: page 498 22.04944779116467 36.59244225139902 120323.552 5.908 357.3738324901287 32416
stats: 302 262 16345
stats: 200 230 27880
stats: size_rcv 907362 93484844
stats: newphase 0 10
stats: size_sent 511208 35228508
stats: connected -278 455
stats: 500 5 76
# stats: dump at 1575160765
stats: users 454 3441
stats: {freemem,"tsung_controller@ip-172-31-29-214"} 1 3311.79296875 0.0 3521.8359375 3294.74609375 3421.7252604166665 39
stats: {load,"tsung_controller@ip-172-31-29-214"} 1 0.05859375 0.0 0.12890625 0.0 0.04106570512820513 39
stats: {recvpackets,"tsung_controller@ip-172-31-29-214"} 1 2555.0 0.0 8337 545 4298.5526315789475 38
stats: {sentpackets,"tsung_controller@ip-172-31-29-214"} 1 2999.0 0.0 8762 634 4874.447368421053 38
stats: {cpu,"tsung_controller@ip-172-31-29-214"} 1 5.172413793103448 0.0 12.344398340248963 0.8072653884964682 5.749241810340446 39
stats: session 233 82181.4349742489 1616.417963722549 262079.543 35046.961 56933.436573410836 10666
stats: users_count 0 11353
stats: finish_users_count 233 10899
stats: request 486 23.00956172839508 46.209957921360676 61739.133 3.081 261.6875900288889 44308
stats: connect 252 14.370837301587313 52.860360890834286 405.276 0.488 1.6708948192771091 16600
stats: page 486 23.00956172839508 46.209957921360676 120323.552 5.908 352.3002606489643 32914
stats: 302 235 16580
stats: 200 246 28126
stats: size_rcv 872038 94356882
stats: newphase 0 10
stats: size_sent 496281 35724789
stats: connected -202 253
stats: 500 5 81
# stats: dump at 1575160775
stats: users 200 3441
stats: {freemem,"tsung_controller@ip-172-31-29-214"} 1 3333.87890625 0.0 3521.8359375 3294.74609375 3418.976953125 40
stats: {load,"tsung_controller@ip-172-31-29-214"} 1 0.05078125 0.0 0.12890625 0.0 0.04150390625 40
stats: {recvpackets,"tsung_controller@ip-172-31-29-214"} 1 2284.0 0.0 8337 545 4253.846153846154 39
stats: {sentpackets,"tsung_controller@ip-172-31-29-214"} 1 2663.0 0.0 8762 634 4826.3589743589755 39
stats: {cpu,"tsung_controller@ip-172-31-29-214"} 1 2.344546381243629 0.0 12.344398340248963 0.8072653884964682 5.734821109909521 40
stats: session 254 84449.69070078741 2932.9221546228346 262079.543 35046.961 57473.1910121112 10899
stats: users_count 0 11353
stats: finish_users_count 254 11153
stats: request 455 14.43042637362637 6.7124124516824955 61739.133 3.081 259.0980128142164 44794
stats: connect 202 1.3925445544554447 1.0999369516112507 405.276 0.488 1.860806135770236 16852
stats: page 455 14.43042637362637 6.7124124516824955 120323.552 5.908 347.50878520958116 33400
stats: 302 252 16832
stats: 200 203 28329
stats: size_rcv 804637 95161519
stats: newphase 0 10
stats: size_sent 466789 36191578
stats: connected -51 202
stats: 500 0 81
# stats: dump at 1575160785
stats: users 1 3441
stats: {freemem,"tsung_controller@ip-172-31-29-214"} 1 3350.29296875 0.0 3521.8359375 3294.74609375 3416.9013910060976 41
stats: {load,"tsung_controller@ip-172-31-29-214"} 1 0.0390625 0.0 0.12890625 0.0 0.04173018292682927 41
stats: {recvpackets,"tsung_controller@ip-172-31-29-214"} 1 1624.0 0.0 8337 545 4204.6 40
stats: {sentpackets,"tsung_controller@ip-172-31-29-214"} 1 2194.0 0.0 8762 634 4772.2750000000015 40
stats: {cpu,"tsung_controller@ip-172-31-29-214"} 1 2.1341463414634148 0.0 12.344398340248963 0.8072653884964682 5.652131482381084 41
stats: session 199 87353.71661306538 2582.348809379518 262079.543 35046.961 58087.55763283421 11153
stats: users_count 0 11353
stats: finish_users_count 199 11352
stats: request 203 10.636832512315271 2.6484882650626336 61739.133 3.081 256.6377650334817 45249
stats: connect 1 1.258 0.0 405.276 0.488 1.8552597044681607 17054
stats: page 203 10.636832512315271 2.6484882650626336 120323.552 5.908 343.03232225668324 33855
stats: 302 202 17034
stats: 200 1 28330
stats: size_rcv 310366 95471885
stats: newphase 0 10
stats: size_sent 211064 36402642
stats: connected -201 1
stats: 500 0 81
# stats: dump at 1575160795
stats: users 0 3441
stats: {freemem,"tsung_controller@ip-172-31-29-214"} 1 3352.32421875 0.0 3521.8359375 3294.74609375 3415.315476190476 42
stats: {load,"tsung_controller@ip-172-31-29-214"} 1 0.03125 0.0 0.12890625 0.0 0.041666666666666664 42
stats: {recvpackets,"tsung_controller@ip-172-31-29-214"} 1 747.0 0.0 8337 545 4141.658536585366 41
stats: {sentpackets,"tsung_controller@ip-172-31-29-214"} 1 1384.0 0.0 8762 634 4709.3902439024405 41
stats: {cpu,"tsung_controller@ip-172-31-29-214"} 1 6.934673366834171 0.0 12.344398340248963 0.8072653884964682 5.5683699314068535 42
stats: session 1 141454.602 0.0 262079.543 35046.961 58600.59195604299 11352
stats: users_count 0 11353
stats: finish_users_count 1 11353
stats: request 1 9.375 0.0 61739.133 3.081 255.53906334154743 45452
stats: connect 0 0 0 405.276 0.488 1.8552246848431553 17055
stats: page 1 9.375 0.0 120323.552 5.908 341.0511053790596 34058
stats: 302 1 17035
stats: 200 0 28330
stats: size_rcv 1535 95473420
stats: newphase 0 10
stats: size_sent 1043 36403685
stats: connected -1 0
stats: 500 0 81
# stats: dump at 1575160797
stats: users 0 3441
stats: {freemem,"tsung_controller@ip-172-31-29-214"} 1 3354.6328125 0.0 3521.8359375 3294.74609375 3413.8505632267443 43
stats: {load,"tsung_controller@ip-172-31-29-214"} 1 0.03125 0.0 0.12890625 0.0 0.04142441860465116 43
stats: {recvpackets,"tsung_controller@ip-172-31-29-214"} 1 4.0 0.0 8337 4 4060.8333333333335 42
stats: {sentpackets,"tsung_controller@ip-172-31-29-214"} 1 6.0 0.0 8762 6 4630.214285714287 42
stats: {cpu,"tsung_controller@ip-172-31-29-214"} 1 0.10010010010010009 0.0 12.344398340248963 0.10010010010010009 5.600144429905163 43
stats: session 0 0 0 262079.543 35046.961 58607.88993983969 11353
stats: users_count 0 11353
stats: finish_users_count 0 11353
stats: request 0 0 0 61739.133 3.081 255.53364754801694 45453
stats: connect 0 0 0 405.276 0.488 1.8552246848431553 17055
stats: page 0 0 0 120323.552 5.908 341.041367098271 34059
stats: 302 0 17035
stats: 200 0 28330
stats: size_rcv 0 95473420
stats: newphase 0 10
stats: size_sent 0 36403685
stats: connected 0 0
stats: 500 0 81
EndMonitor:{1575,160797,460111}
