
=INFO REPORT==== 18-Nov-2019::00:18:44 ===
    ts_config_server:(5:<0.102.0>) Config server started, logdir is "/home/ec2-user/.tsung/log/20191118-0018"
 
=INFO REPORT==== 18-Nov-2019::00:18:44 ===
              ts_mon:(5:<0.83.0>) starting monitor, global 

=INFO REPORT==== 18-Nov-2019::00:18:44 ===
           ts_config:(5:<0.102.0>) Reading config file: simple.xml

=INFO REPORT==== 18-Nov-2019::00:18:44 ===
      ts_config_http:(4:<0.102.0>) Get user agent: 100 "Mozilla/5.0 (Windows; U; Windows NT 5.2; fr-FR; rv:1.7.8) Gecko/20050511 Firefox/1.0.4" 

=INFO REPORT==== 18-Nov-2019::00:18:44 ===
           ts_config:(5:<0.102.0>) Session name for id 1 is "recommendee"

=INFO REPORT==== 18-Nov-2019::00:18:44 ===
           ts_config:(5:<0.102.0>) Session name for id 2 is "recommender"

=INFO REPORT==== 18-Nov-2019::00:18:44 ===
    ts_config_server:(4:<0.102.0>) SYSINFO:Tsung version: 1.7.0

=INFO REPORT==== 18-Nov-2019::00:18:44 ===
    ts_config_server:(4:<0.102.0>) SYSINFO:Erlang version: Erlang/OTP 20 [erts-9.1] [source] [64-bit] [smp:1:1] [ds:1:1:10] [async-threads:8] [hipe] [kernel-poll:true]


=INFO REPORT==== 18-Nov-2019::00:18:44 ===
    ts_config_server:(4:<0.102.0>) SYSINFO:System architecture x86_64-unknown-linux-gnu

=INFO REPORT==== 18-Nov-2019::00:18:44 ===
    ts_config_server:(4:<0.102.0>) SYSINFO:Current path: /usr/local/lib/tsung/tsung-1.7.0/ebin/tsung.beam

=INFO REPORT==== 18-Nov-2019::00:18:44 ===
              ts_mon:(5:<0.103.0>) Activate clients with text backend

=INFO REPORT==== 18-Nov-2019::00:18:44 ===
              ts_mon:(5:<0.103.0>) Starting tsung clients on hosts: [localhost]

=INFO REPORT==== 18-Nov-2019::00:18:44 ===
    ts_config_server:(5:<0.102.0>) Start a launcher on the controller beam localhost

=INFO REPORT==== 18-Nov-2019::00:18:44 ===
  ts_launcher_static:(5:<0.154.0>) Launch msg receive ("localhost")

=INFO REPORT==== 18-Nov-2019::00:18:44 ===
         ts_launcher:(5:<0.155.0>) Launch msg receive ("localhost")

=INFO REPORT==== 18-Nov-2019::00:18:44 ===
    ts_config_server:(5:<0.102.0>) New arrival phase 1 for client "localhost" (last ? true): will start 120 users

=INFO REPORT==== 18-Nov-2019::00:18:44 ===
    ts_config_server:(5:<0.102.0>) New arrival phase 2 for client "localhost" (last ? true): will start 100 users

=INFO REPORT==== 18-Nov-2019::00:18:44 ===
         ts_launcher:(5:<0.155.0>) Expected duration of first phase: 120.0 sec (120 users) 

=INFO REPORT==== 18-Nov-2019::00:18:44 ===
  ts_launcher_static:(5:<0.154.0>) Activate launcher (2 static users) in 1000 msec, first user after 5000 ms 

=INFO REPORT==== 18-Nov-2019::00:18:44 ===
         ts_launcher:(5:<0.155.0>) Activate launcher (120 users) in 3326 msec 

=INFO REPORT==== 18-Nov-2019::00:20:47 ===
         ts_launcher:(5:<0.155.0>) Phase duration exceeded, but not all users were launched (14 users, 11.7% of phase)

=INFO REPORT==== 18-Nov-2019::00:20:47 ===
         ts_launcher:(5:<0.155.0>) Start a new arrival phase (100 users, 0.01); expected duration=10.0 sec

=INFO REPORT==== 18-Nov-2019::00:20:58 ===
         ts_launcher:(5:<0.155.0>) Phase duration exceeded, but not all users were launched (6 users, 6.0% of phase)

=INFO REPORT==== 18-Nov-2019::00:20:58 ===
         ts_launcher:(5:<0.155.0>) This was the last phase, wait for connected users to finish their session

=INFO REPORT==== 18-Nov-2019::00:22:38 ===
     ts_launcher_mgr:(5:<0.149.0>) No more active users 'tsung_controller@ip-172-31-16-50' "3624"
