# stats: dump at 1575458834
stats: users 15 15
stats: {load,"tsung_controller@ip-172-31-27-7"} 1 0.0 0 0.0 0.0 0 0
stats: {cpu,"tsung_controller@ip-172-31-27-7"} 1 0.8815561875774435 0 0.8815561875774435 0.8815561875774435 0 0
stats: {freemem,"tsung_controller@ip-172-31-27-7"} 1 3516.66796875 0 3516.66796875 3516.66796875 0 0
stats: users_count 15 15
stats: finish_users_count 0 0
stats: request 26 68.27684615384617 43.919646178423044 146.536 13.845 0 0
stats: connect 14 2.316642857142857 2.893274136612678 12.656 1.127 0 0
stats: page 14 127.23200000000001 99.28589427362924 376.222 13.93 0 0
stats: 302 14 14
stats: 200 12 12
stats: size_rcv 49058 49058
stats: size_sent 14256 14256
stats: connected 14 14
# stats: dump at 1575458844
stats: users 22 22
stats: {load,"tsung_controller@ip-172-31-27-7"} 1 0.0 0.0 0.0 0.0 0.0 1
stats: {recvpackets,"tsung_controller@ip-172-31-27-7"} 1 111 0 111 111 0 0
stats: {sentpackets,"tsung_controller@ip-172-31-27-7"} 1 113 0 113 113 0 0
stats: {cpu,"tsung_controller@ip-172-31-27-7"} 1 0.4008016032064128 0.0 0.8815561875774435 0.4008016032064128 0.8815561875774435 1
stats: {freemem,"tsung_controller@ip-172-31-27-7"} 1 3517.76171875 0.0 3517.76171875 3516.66796875 3516.66796875 1
stats: users_count 7 22
stats: finish_users_count 0 0
stats: request 22 53.885409090909086 39.23451209384074 146.536 13.845 68.27684615384617 26
stats: connect 8 2.9127500000000004 2.8911500631236695 12.656 1.127 2.316642857142857 14
stats: page 8 148.29787499999998 78.86692990955954 376.222 13.93 127.23200000000001 14
stats: 302 8 22
stats: 200 14 26
stats: size_rcv 43981 93039
stats: size_sent 15049 29305
stats: connected 8 22
# stats: dump at 1575458854
stats: users 35 35
stats: {load,"tsung_controller@ip-172-31-27-7"} 1 0.0 0.0 0.0 0.0 0.0 2
stats: {recvpackets,"tsung_controller@ip-172-31-27-7"} 1 52.0 0.0 111 52 111.0 1
stats: {sentpackets,"tsung_controller@ip-172-31-27-7"} 1 50.0 0.0 113 50 113.0 1
stats: {cpu,"tsung_controller@ip-172-31-27-7"} 1 0.0 0.0 0.8815561875774435 0.0 0.6411788953919282 2
stats: {freemem,"tsung_controller@ip-172-31-27-7"} 1 3517.76953125 0.0 3517.76953125 3516.66796875 3517.21484375 2
stats: users_count 13 35
stats: finish_users_count 0 0
stats: request 18 59.58166666666668 36.509463296825146 146.536 13.845 61.680770833333334 48
stats: connect 10 1.3302 0.17442006765277893 12.656 1.102 2.5334090909090907 22
stats: page 10 107.30649999999999 70.86085692997227 376.222 13.93 134.89231818181818 22
stats: 302 10 32
stats: 200 8 34
stats: size_rcv 33722 126761
stats: newphase 1 1
stats: size_sent 9654 38959
stats: connected 10 32
# stats: dump at 1575458864
stats: users 45 46
stats: {load,"tsung_controller@ip-172-31-27-7"} 1 0.0 0.0 0.0 0.0 0.0 3
stats: {recvpackets,"tsung_controller@ip-172-31-27-7"} 1 89.0 0.0 111 52 81.5 2
stats: {sentpackets,"tsung_controller@ip-172-31-27-7"} 1 94.0 0.0 113 50 81.5 2
stats: {cpu,"tsung_controller@ip-172-31-27-7"} 1 0.3003003003003003 0.0 0.8815561875774435 0.0 0.4274525969279521 3
stats: {freemem,"tsung_controller@ip-172-31-27-7"} 1 3517.53515625 0.0 3517.76953125 3516.66796875 3517.3997395833335 3
stats: session 2 36047.6855 98.95249999999942 36146.638 35948.733 0 0
stats: users_count 12 47
stats: finish_users_count 2 2
stats: request 42 73.66240476190475 87.10695160604618 361.835 13.035 61.108287878787884 66
stats: connect 14 1.3215 0.19438538672294423 12.656 1.102 2.15740625 32
stats: page 23 117.237 172.81001638743655 869.576 13.035 126.27175 32
stats: 302 14 46
stats: 200 28 62
stats: size_rcv 89775 216536
stats: newphase 0 1
stats: size_sent 30984 69943
stats: connected 13 45
# stats: dump at 1575458874
stats: users 55 55
stats: {load,"tsung_controller@ip-172-31-27-7"} 1 0.0 0.0 0.0 0.0 0.0 4
stats: {recvpackets,"tsung_controller@ip-172-31-27-7"} 1 139.0 0.0 139 52 84.0 3
stats: {sentpackets,"tsung_controller@ip-172-31-27-7"} 1 134.0 0.0 134 50 85.66666666666667 3
stats: {cpu,"tsung_controller@ip-172-31-27-7"} 1 0.499001996007984 0.0 0.8815561875774435 0.0 0.39566452277103914 4
stats: {freemem,"tsung_controller@ip-172-31-27-7"} 1 3515.484375 0.0 3517.76953125 3515.484375 3517.43359375 4
stats: session 7 35937.18885714286 42.13952852956339 36146.638 35884.325 36047.6855 2
stats: users_count 17 64
stats: finish_users_count 7 9
stats: request 81 91.97727160493828 132.6055557107557 420.415 13.035 65.99044444444445 108
stats: connect 17 1.3343529411764707 0.16345891413133923 12.656 1.099 1.9030000000000002 46
stats: page 32 245.35871875 324.7063825678934 869.576 13.035 122.49358181818182 55
stats: 302 17 63
stats: 200 64 126
stats: size_rcv 179069 395605
stats: newphase 1 2
stats: size_sent 67210 137153
stats: connected 9 54
# stats: dump at 1575458884
stats: users 80 80
stats: {load,"tsung_controller@ip-172-31-27-7"} 1 0.0 0.0 0.0 0.0 0.0 5
stats: {recvpackets,"tsung_controller@ip-172-31-27-7"} 1 259.0 0.0 259 52 97.75 4
stats: {sentpackets,"tsung_controller@ip-172-31-27-7"} 1 251.0 0.0 251 50 97.75 4
stats: {cpu,"tsung_controller@ip-172-31-27-7"} 1 0.6 0.0 0.8815561875774435 0.0 0.41633201741842807 5
stats: {freemem,"tsung_controller@ip-172-31-27-7"} 1 3514.76953125 0.0 3517.76953125 3514.76953125 3517.04375 5
stats: session 6 51032.67316666667 79.67995238539997 51147.16 35884.325 35961.74366666666 9
stats: users_count 31 95
stats: finish_users_count 6 15
stats: request 109 60.963321100917405 105.52406655563546 420.415 8.571 77.12765608465608 189
stats: connect 32 1.3363749999999999 0.24946401919916228 12.656 0.947 1.7495555555555558 63
stats: page 51 130.3642352941176 235.241829121304 869.576 12.947 167.6853563218391 87
stats: 302 38 101
stats: 200 71 197
stats: size_rcv 227192 622797
stats: newphase 0 2
stats: size_sent 82631 219784
stats: connected 26 80
# stats: dump at 1575458894
stats: users 94 94
stats: {load,"tsung_controller@ip-172-31-27-7"} 1 0.0 0.0 0.0 0.0 0.0 6
stats: {recvpackets,"tsung_controller@ip-172-31-27-7"} 1 343.0 0.0 343 52 130.0 5
stats: {sentpackets,"tsung_controller@ip-172-31-27-7"} 1 328.0 0.0 328 50 128.4 5
stats: {cpu,"tsung_controller@ip-172-31-27-7"} 1 0.4008016032064128 0.0 0.8815561875774435 0.0 0.4469433478486901 6
stats: {freemem,"tsung_controller@ip-172-31-27-7"} 1 3513.08203125 0.0 3517.76953125 3513.08203125 3516.6647135416665 6
stats: session 18 41747.990722222225 7337.279025313449 51147.16 35811.975 41990.11546666666 15
stats: users_count 32 127
stats: finish_users_count 18 33
stats: request 157 98.35138216560516 144.1070013313283 420.415 8.571 71.21519798657717 298
stats: connect 31 1.6171290322580643 2.0479095043945144 12.784 0.85 1.610378947368421 95
stats: page 61 253.2189508196721 345.45395670341765 895.582 9.154 153.89276811594203 138
stats: 302 38 139
stats: 200 119 316
stats: size_rcv 346341 969138
stats: newphase 1 3
stats: size_sent 133997 353781
stats: connected 13 93
# stats: dump at 1575458904
stats: users 126 126
stats: {load,"tsung_controller@ip-172-31-27-7"} 1 0.0 0.0 0.0 0.0 0.0 7
stats: {recvpackets,"tsung_controller@ip-172-31-27-7"} 1 467.0 0.0 467 52 165.5 6
stats: {sentpackets,"tsung_controller@ip-172-31-27-7"} 1 452.0 0.0 452 50 161.66666666666666 6
stats: {cpu,"tsung_controller@ip-172-31-27-7"} 1 0.5020080321285141 0.0 0.8815561875774435 0.0 0.44035167004265047 7
stats: {freemem,"tsung_controller@ip-172-31-27-7"} 1 3510.546875 0.0 3517.76953125 3510.546875 3516.152901785714 7
stats: session 7 42321.497428571434 7492.42141464882 51147.16 35811.975 41858.047424242424 33
stats: users_count 39 166
stats: finish_users_count 7 40
stats: request 118 58.872271186440656 109.80893472559745 420.415 8.524 80.57867252747255 455
stats: connect 36 1.2220555555555555 0.2022399488567485 12.784 0.85 1.6120396825396826 126
stats: page 56 123.60824999999996 245.58762007880856 895.582 9.154 184.3394874371859 199
stats: 302 40 179
stats: 200 78 394
stats: size_rcv 247496 1216634
stats: newphase 0 3
stats: size_sent 90919 444700
stats: connected 29 122
# stats: dump at 1575458914
stats: users 144 144
stats: {load,"tsung_controller@ip-172-31-27-7"} 1 0.0 0.0 0.0 0.0 0.0 8
stats: {recvpackets,"tsung_controller@ip-172-31-27-7"} 1 415.0 0.0 467 52 208.57142857142858 7
stats: {sentpackets,"tsung_controller@ip-172-31-27-7"} 1 431.0 0.0 452 50 203.14285714285714 7
stats: {cpu,"tsung_controller@ip-172-31-27-7"} 1 0.4020100502512563 0.0 0.8815561875774435 0.0 0.4480587153033834 8
stats: {freemem,"tsung_controller@ip-172-31-27-7"} 1 3509.828125 0.0 3517.76953125 3509.828125 3515.4521484375 8
stats: session 23 40422.00873913044 6951.970341161901 51147.16 35765.373 41939.151175 40
stats: users_count 41 207
stats: finish_users_count 23 63
stats: request 225 87.74624888888877 136.51370563296828 420.415 7.761 76.10859336823736 573
stats: connect 43 1.2966976744186047 0.38220045482575027 12.784 0.85 1.5253765432098765 162
stats: page 91 217.34367032967032 319.5027595423677 895.582 9.154 171.002431372549 255
stats: 302 49 228
stats: 200 176 570
stats: size_rcv 499292 1715926
stats: newphase 1 4
stats: size_sent 189806 634506
stats: connected 20 142
# stats: dump at 1575458924
stats: users 170 170
stats: {load,"tsung_controller@ip-172-31-27-7"} 1 0.0 0.0 0.0 0.0 0.0 9
stats: {recvpackets,"tsung_controller@ip-172-31-27-7"} 1 615.0 0.0 615 52 234.375 8
stats: {sentpackets,"tsung_controller@ip-172-31-27-7"} 1 602.0 0.0 602 50 231.625 8
stats: {cpu,"tsung_controller@ip-172-31-27-7"} 1 0.6018054162487462 0.0 0.8815561875774435 0.0 0.4429421969642582 9
stats: {freemem,"tsung_controller@ip-172-31-27-7"} 1 3508.13671875 0.0 3517.76953125 3508.13671875 3514.8272569444443 9
stats: session 19 43727.174210526326 7512.23689609221 51147.16 35752.184 41385.27377777778 63
stats: users_count 45 252
stats: finish_users_count 19 82
stats: request 212 79.8456981132076 129.46836243910545 420.415 7.761 79.38988721804509 798
stats: connect 46 1.2564565217391306 0.28049643154528875 12.784 0.815 1.4774097560975608 205
stats: page 101 163.65782178217822 285.36261522096834 895.582 9.154 183.19044508670518 346
stats: 302 56 284
stats: 200 156 726
stats: size_rcv 457637 2173563
stats: newphase 0 4
stats: size_sent 176848 811354
stats: connected 27 169
# stats: dump at 1575458934
stats: users 187 190
stats: {load,"tsung_controller@ip-172-31-27-7"} 1 0.0 0.0 0.0 0.0 0.0 10
stats: {recvpackets,"tsung_controller@ip-172-31-27-7"} 1 649.0 0.0 649 52 276.6666666666667 9
stats: {sentpackets,"tsung_controller@ip-172-31-27-7"} 1 652.0 0.0 652 50 272.77777777777777 9
stats: {cpu,"tsung_controller@ip-172-31-27-7"} 1 0.802407221664995 0.0 0.8815561875774435 0.0 0.4588285188927069 10
stats: {freemem,"tsung_controller@ip-172-31-27-7"} 1 3507.63671875 0.0 3517.76953125 3507.63671875 3514.158203125 10
stats: session 41 42050.49456097562 7417.810216821427 51147.16 35745.915 41927.90924390244 82
stats: users_count 58 310
stats: finish_users_count 41 123
stats: request 335 96.10791044776114 142.2672757248311 428.405 7.356 79.48556237623761 1010
stats: connect 55 1.2741818181818174 0.2248289119962588 12.784 0.815 1.4369163346613545 251
stats: page 125 251.8791999999999 336.62150223285494 895.582 8.639 178.77703355704696 447
stats: 302 72 356
stats: 200 263 989
stats: size_rcv 732065 2905628
stats: newphase 1 5
stats: size_sent 296933 1108287
stats: connected 17 186
# stats: dump at 1575458944
stats: users 219 219
stats: {load,"tsung_controller@ip-172-31-27-7"} 1 0.0 0.0 0.0 0.0 0.0 11
stats: {recvpackets,"tsung_controller@ip-172-31-27-7"} 1 1025.0 0.0 1025 52 313.9 10
stats: {sentpackets,"tsung_controller@ip-172-31-27-7"} 1 981.0 0.0 981 50 310.7 10
stats: {cpu,"tsung_controller@ip-172-31-27-7"} 1 1.2048192771084338 0.0 1.2048192771084338 0.0 0.49006294641746045 11
stats: {freemem,"tsung_controller@ip-172-31-27-7"} 1 3506.13671875 0.0 3517.76953125 3506.13671875 3513.565340909091 11
stats: session 32 41435.30759375 7268.966178469742 51147.16 35745.915 41968.77101626017 123
stats: users_count 64 374
stats: finish_users_count 32 155
stats: request 321 88.39192834890966 135.2103453180719 428.405 7.212 83.62570111524161 1345
stats: connect 67 1.227089552238806 0.24932019401680167 12.784 0.788 1.4076666666666666 306
stats: page 139 212.1541942446042 316.4253306105083 895.582 8.639 194.7521573426573 572
stats: 302 79 435
stats: 200 242 1231
stats: size_rcv 650093 3555721
stats: newphase 0 5
stats: size_sent 268124 1376411
stats: connected 32 218
# stats: dump at 1575458954
stats: users 255 258
stats: {load,"tsung_controller@ip-172-31-27-7"} 1 0.0 0.0 0.0 0.0 0.0 12
stats: {recvpackets,"tsung_controller@ip-172-31-27-7"} 1 994.0 0.0 1025 52 378.54545454545456 11
stats: {sentpackets,"tsung_controller@ip-172-31-27-7"} 1 955.0 0.0 981 50 371.6363636363636 11
stats: {cpu,"tsung_controller@ip-172-31-27-7"} 1 1.2036108324974923 0.0 1.2048192771084338 0.0 0.5496259739750415 12
stats: {freemem,"tsung_controller@ip-172-31-27-7"} 1 3504.34375 0.0 3517.76953125 3504.34375 3512.9462890625 12
stats: session 40 41060.1479 7166.7455850803635 51147.16 35734.76 41858.63663225807 155
stats: users_count 76 450
stats: finish_users_count 40 195
stats: request 406 85.2246724137932 133.36389805218457 431.427 7.212 84.544043817527 1666
stats: connect 77 1.5830129870129879 2.3013733307795903 15.595 0.788 1.375230563002681 373
stats: page 169 200.47089940828408 308.3742439503667 895.582 8.639 198.15424331926857 711
stats: 302 93 528
stats: 200 313 1544
stats: size_rcv 898435 4454156
stats: newphase 1 6
stats: size_sent 350220 1726631
stats: connected 37 255
# stats: dump at 1575458964
stats: users 261 263
stats: {load,"tsung_controller@ip-172-31-27-7"} 1 0.0 0.0 0.0 0.0 0.0 13
stats: {recvpackets,"tsung_controller@ip-172-31-27-7"} 1 1161.0 0.0 1161 52 429.8333333333333 12
stats: {sentpackets,"tsung_controller@ip-172-31-27-7"} 1 1128.0 0.0 1128 50 420.25 12
stats: {cpu,"tsung_controller@ip-172-31-27-7"} 1 1.1088709677419355 0.0 1.2048192771084338 0.0 0.5999325015536916 13
stats: {freemem,"tsung_controller@ip-172-31-27-7"} 1 3501.23046875 0.0 3517.76953125 3501.23046875 3512.2845552884614 13
stats: session 49 42837.08624489795 7499.956985065575 51147.16 35728.398 41694.844071794876 195
stats: users_count 55 505
stats: finish_users_count 49 244
stats: request 381 98.20440419947512 140.2798718103303 431.427 7.033 84.67741023166023 2072
stats: connect 53 1.1974905660377357 0.23365832357344202 15.595 0.788 1.4107844444444446 450
stats: page 144 255.44738888888872 331.6608404775985 895.582 8.639 198.59914659090904 880
stats: 302 75 603
stats: 200 306 1850
stats: size_rcv 857999 5312155
stats: newphase 0 6
stats: size_sent 342381 2069012
stats: connected 7 262
# stats: dump at 1575458974
stats: users 298 298
stats: {load,"tsung_controller@ip-172-31-27-7"} 1 0.0 0.0 0.0 0.0 0.0 14
stats: {recvpackets,"tsung_controller@ip-172-31-27-7"} 1 1270.0 0.0 1270 52 486.0769230769231 13
stats: {sentpackets,"tsung_controller@ip-172-31-27-7"} 1 1213.0 0.0 1213 50 474.6923076923077 13
stats: {cpu,"tsung_controller@ip-172-31-27-7"} 1 1.2072434607645874 0.0 1.2072434607645874 0.0 0.6362852491385661 14
stats: {freemem,"tsung_controller@ip-172-31-27-7"} 1 3499.6015625 0.0 3517.76953125 3499.6015625 3511.4949776785716 14
stats: session 53 40326.763452830186 6884.03900825697 51147.16 35728.398 41924.228770491805 244
stats: users_count 90 595
stats: finish_users_count 53 297
stats: request 519 87.27668593448941 132.52355288175858 434.657 7.033 86.77842315532003 2453
stats: connect 88 1.3978749999999998 0.7269171800471682 15.595 0.772 1.3883101391650101 503
stats: page 210 221.9289047619048 315.04321218600563 895.582 8.639 206.59343066406242 1024
stats: 302 104 707
stats: 200 415 2265
stats: size_rcv 1135091 6447246
stats: newphase 1 7
stats: size_sent 454502 2523514
stats: connected 32 294
# stats: dump at 1575458984
stats: users 327 327
stats: {load,"tsung_controller@ip-172-31-27-7"} 1 0.0 0.0 0.0 0.0 0.0 15
stats: {recvpackets,"tsung_controller@ip-172-31-27-7"} 1 1520.0 0.0 1520 52 542.0714285714286 14
stats: {sentpackets,"tsung_controller@ip-172-31-27-7"} 1 1477.0 0.0 1477 50 527.4285714285714 14
stats: {cpu,"tsung_controller@ip-172-31-27-7"} 1 1.5120967741935485 0.0 1.5120967741935485 0.0 0.6743491299136343 15
stats: {freemem,"tsung_controller@ip-172-31-27-7"} 1 3498.66796875 0.0 3517.76953125 3498.66796875 3510.702083333333 15
stats: session 64 41907.27290625001 7370.683313818428 51147.16 35728.398 41639.1592020202 297
stats: users_count 93 688
stats: finish_users_count 64 361
stats: request 576 94.76576562500014 139.469717869954 754.447 7.033 86.86543472409153 2972
stats: connect 93 1.2900322580645165 0.8468823717893703 15.595 0.772 1.38973434856176 591
stats: page 226 236.9908849557523 328.4496239219143 1172.957 8.639 209.20319529983786 1234
stats: 302 119 826
stats: 200 457 2722
stats: size_rcv 1232019 7679265
stats: newphase 0 7
stats: size_sent 502952 3026466
stats: connected 29 323
# stats: dump at 1575458994
stats: users 379 379
stats: {load,"tsung_controller@ip-172-31-27-7"} 1 0.0 0.0 0.0 0.0 0.0 16
stats: {recvpackets,"tsung_controller@ip-172-31-27-7"} 1 1717.0 0.0 1717 52 607.2666666666667 15
stats: {sentpackets,"tsung_controller@ip-172-31-27-7"} 1 1625.0 0.0 1625 50 590.7333333333333 15
stats: {cpu,"tsung_controller@ip-172-31-27-7"} 1 1.513622603430878 0.0 1.513622603430878 0.0 0.7267083576811288 16
stats: {freemem,"tsung_controller@ip-172-31-27-7"} 1 3497.84375 0.0 3517.76953125 3497.84375 3509.949951171875 16
stats: session 65 41368.41687692309 7258.827616779839 51199.561 35728.398 41686.69182548476 361
stats: users_count 117 805
stats: finish_users_count 65 426
stats: request 630 88.76484603174609 135.90918979366887 754.447 7.033 88.14801381059755 3548
stats: connect 121 1.2536280991735533 0.7713520289717698 15.595 0.772 1.3761783625730997 684
stats: page 249 227.76710441767057 328.4058667673433 1172.957 8.639 213.50457739726025 1460
stats: 302 146 972
stats: 200 484 3206
stats: size_rcv 1382697 9061962
stats: newphase 1 8
stats: size_sent 540134 3566600
stats: connected 56 379
# stats: dump at 1575459004
stats: users 462 465
stats: {load,"tsung_controller@ip-172-31-27-7"} 1 0.0 0.0 0.0 0.0 0.0 17
stats: {recvpackets,"tsung_controller@ip-172-31-27-7"} 1 1952.0 0.0 1952 52 676.625 16
stats: {sentpackets,"tsung_controller@ip-172-31-27-7"} 1 1893.0 0.0 1893 50 655.375 16
stats: {cpu,"tsung_controller@ip-172-31-27-7"} 1 1.5197568389057752 0.0 1.5197568389057752 0.0 0.7729974309605259 17
stats: {freemem,"tsung_controller@ip-172-31-27-7"} 1 3496.96875 0.0 3517.76953125 3496.96875 3509.2378216911766 17
stats: session 69 43564.381028985496 7501.872948809781 51739.499 35728.398 41638.12874647888 426
stats: users_count 152 957
stats: finish_users_count 69 495
stats: request 707 110.00963507779355 162.88652935186764 1037.305 7.033 88.24102584968888 4178
stats: connect 149 1.8118053691275164 1.9341512044258353 15.595 0.764 1.3577577639751555 805
stats: page 282 273.1802234042553 392.2368258023094 1827.907 8.487 215.58261673493266 1709
stats: 302 181 1153
stats: 200 516 3722
stats: size_rcv 1464443 10526405
stats: newphase 0 8
stats: size_sent 592119 4158719
stats: connected 81 460
stats: 500 10 10
# stats: dump at 1575459014
stats: users 573 574
stats: {load,"tsung_controller@ip-172-31-27-7"} 1 0.0 0.0 0.0 0.0 0.0 18
stats: {recvpackets,"tsung_controller@ip-172-31-27-7"} 1 2145.0 0.0 2145 52 751.6470588235294 17
stats: {sentpackets,"tsung_controller@ip-172-31-27-7"} 1 2092.0 0.0 2092 50 728.1764705882352 17
stats: {cpu,"tsung_controller@ip-172-31-27-7"} 1 2.131979695431472 0.0 2.131979695431472 0.0 0.8144840647352619 18
stats: {freemem,"tsung_controller@ip-172-31-27-7"} 1 3490.61328125 0.0 3517.76953125 3490.61328125 3508.556206597222 18
stats: session 70 41419.02732857143 7254.016865389102 51739.499 35457.162 41906.636640404045 495
stats: users_count 181 1138
stats: finish_users_count 70 565
stats: request 801 75.8755780274657 124.31664520705705 1037.305 4.382 91.39156970317302 4885
stats: connect 180 1.352655555555555 0.811754439622546 15.595 0.764 1.428672955974843 954
stats: page 346 176.77789595375737 289.1646683724795 1827.907 8.487 223.7405901557006 1991
stats: 302 203 1356
stats: 200 592 4314
stats: size_rcv 1673057 12199462
stats: newphase 1 9
stats: size_sent 661227 4819946
stats: connected 110 570
stats: 500 6 16
# stats: dump at 1575459024
stats: users 667 672
stats: {load,"tsung_controller@ip-172-31-27-7"} 1 0.0 0.0 0.0 0.0 0.0 19
stats: {recvpackets,"tsung_controller@ip-172-31-27-7"} 1 2722.0 0.0 2722 52 829.0555555555555 18
stats: {sentpackets,"tsung_controller@ip-172-31-27-7"} 1 2732.0 0.0 2732 50 803.9444444444445 18
stats: {cpu,"tsung_controller@ip-172-31-27-7"} 1 4.632426988922457 0.0 4.632426988922457 0.0 0.8838259400350624 19
stats: {freemem,"tsung_controller@ip-172-31-27-7"} 1 3485.2890625 0.0 3517.76953125 3485.2890625 3507.6118421052633 19
stats: session 90 43158.07671111112 7525.484286203545 51739.499 35457.162 41846.22486725664 565
stats: users_count 184 1322
stats: finish_users_count 90 655
stats: request 938 87.42014392324087 132.25095971191425 1037.305 4.046 89.20579599015129 5686
stats: connect 185 1.3694108108108118 1.1940053709381182 15.595 0.764 1.4166067019400352 1134
stats: page 381 210.94087139107614 311.0184385867018 1827.907 8.487 216.78761959777492 2337
stats: 302 229 1585
stats: 200 696 5010
stats: size_rcv 1976031 14175493
stats: newphase 0 9
stats: size_sent 803840 5623786
stats: connected 94 664
stats: 500 13 29
# stats: dump at 1575459034
stats: users 764 766
stats: {load,"tsung_controller@ip-172-31-27-7"} 1 0.0 0.0 0.0 0.0 0.0 20
stats: {recvpackets,"tsung_controller@ip-172-31-27-7"} 1 2951.0 0.0 2951 52 928.6842105263158 19
stats: {sentpackets,"tsung_controller@ip-172-31-27-7"} 1 2819.0 0.0 2819 50 905.421052631579 19
stats: {cpu,"tsung_controller@ip-172-31-27-7"} 1 3.4274193548387095 0.0 4.632426988922457 0.0 1.0712559924794323 20
stats: {freemem,"tsung_controller@ip-172-31-27-7"} 1 3476.46484375 0.0 3517.76953125 3476.46484375 3506.495703125 20
stats: session 115 41855.41003478261 7370.792024553601 51739.499 35448.631 42026.47931908398 655
stats: users_count 212 1534
stats: finish_users_count 115 770
stats: request 1150 91.37616869565205 134.0753226733237 1037.305 3.192 88.95293644323674 6624
stats: connect 214 1.554850467289719 1.9048521114314927 19.285 0.764 1.4099871114480669 1319
stats: page 464 228.33299999999969 326.0346579231025 1827.907 8.487 215.96804231052243 2718
stats: 302 257 1842
stats: 200 870 5880
stats: size_rcv 2259427 16434920
stats: newphase 1 10
stats: size_sent 973460 6597246
stats: connected 99 763
stats: 500 23 52
# stats: dump at 1575459044
stats: users 852 858
stats: {load,"tsung_controller@ip-172-31-27-7"} 1 0.0 0.0 0.0 0.0 0.0 21
stats: {recvpackets,"tsung_controller@ip-172-31-27-7"} 1 3660.0 0.0 3660 52 1029.8 20
stats: {sentpackets,"tsung_controller@ip-172-31-27-7"} 1 3454.0 0.0 3454 50 1001.1 20
stats: {cpu,"tsung_controller@ip-172-31-27-7"} 1 3.7449392712550607 0.0 4.632426988922457 0.0 1.183454247829874 21
stats: {freemem,"tsung_controller@ip-172-31-27-7"} 1 3474.95703125 0.0 3517.76953125 3474.95703125 3505.0656622023807 21
stats: session 144 42050.79129166669 7381.028996197882 51739.499 35448.631 42000.93001038962 770
stats: users_count 232 1766
stats: finish_users_count 144 914
stats: request 1372 101.95387827988337 141.11479928920275 1037.305 3.192 89.31140275276563 7774
stats: connect 232 1.2956508620689666 0.8364841515900499 19.285 0.764 1.4302093933463795 1533
stats: page 543 255.02572375690613 342.7400847724041 1827.907 8.487 217.7711033940917 3182
stats: 302 286 2128
stats: 200 1014 6894
stats: size_rcv 2684686 19119606
stats: newphase 0 10
stats: size_sent 1184142 7781388
stats: connected 88 851
stats: 500 72 124
# stats: dump at 1575459054
stats: users 953 953
stats: {load,"tsung_controller@ip-172-31-27-7"} 1 0.0 0.0 0.0 0.0 0.0 22
stats: {recvpackets,"tsung_controller@ip-172-31-27-7"} 1 4592.0 0.0 4592 52 1155.047619047619 21
stats: {sentpackets,"tsung_controller@ip-172-31-27-7"} 1 4220.0 0.0 4220 50 1117.904761904762 21
stats: {cpu,"tsung_controller@ip-172-31-27-7"} 1 3.783231083844581 0.0 4.632426988922457 0.0 1.2998853852582914 22
stats: {freemem,"tsung_controller@ip-172-31-27-7"} 1 3468.0625 0.0 3517.76953125 3468.0625 3503.697088068182 22
stats: session 166 42590.86849397591 7500.89490357887 51876.921 35399.816 42008.78561706785 914
stats: users_count 267 2033
stats: finish_users_count 166 1080
stats: request 1544 120.76403950777207 158.98842711859305 1037.305 3.083 91.20791231139296 9146
stats: connect 267 1.361419475655431 1.070376896445672 19.285 0.764 1.4125223796033997 1765
stats: page 613 305.5977455138666 386.19281135279425 1827.907 8.487 223.20177691275163 3725
stats: 302 328 2456
stats: 200 1081 7975
stats: size_rcv 3227948 22347554
stats: newphase 1 11
stats: size_sent 1314981 9096369
stats: connected 101 952
stats: 500 135 259
# stats: dump at 1575459064
stats: users 1099 1101
stats: {load,"tsung_controller@ip-172-31-27-7"} 1 0.0 0.0 0.0 0.0 0.0 23
stats: {recvpackets,"tsung_controller@ip-172-31-27-7"} 1 5141.0 0.0 5141 52 1311.2727272727273 22
stats: {sentpackets,"tsung_controller@ip-172-31-27-7"} 1 4708.0 0.0 4708 50 1258.909090909091 22
stats: {cpu,"tsung_controller@ip-172-31-27-7"} 1 6.471183013144591 0.0 6.471183013144591 0.0 1.4078569373707388 23
stats: {freemem,"tsung_controller@ip-172-31-27-7"} 1 3459.484375 0.0 3517.76953125 3459.484375 3502.147758152174 23
stats: session 176 43723.57663636363 7491.24117093839 51876.921 35399.816 42098.253911111125 1080
stats: users_count 322 2355
stats: finish_users_count 176 1256
stats: request 1652 121.79943523002424 157.59499252509752 1037.305 3.083 95.47682347988774 10690
stats: connect 305 1.3275475409836057 1.1339261628615076 19.285 0.761 1.4058075787401578 2032
stats: page 654 307.9524266055046 399.13660159912405 1827.907 8.487 234.84509843245735 4338
stats: 302 360 2816
stats: 200 1075 9050
stats: size_rcv 3523334 25870888
stats: newphase 0 11
stats: size_sent 1373504 10469873
stats: connected 135 1087
stats: 500 217 476
# stats: dump at 1575459074
stats: users 972 1115
stats: {load,"tsung_controller@ip-172-31-27-7"} 1 0.0 0.0 0.0 0.0 0.0 24
stats: {recvpackets,"tsung_controller@ip-172-31-27-7"} 1 5525.0 0.0 5525 52 1477.7826086956522 23
stats: {sentpackets,"tsung_controller@ip-172-31-27-7"} 1 5030.0 0.0 5030 50 1408.8695652173913 23
stats: {cpu,"tsung_controller@ip-172-31-27-7"} 1 5.182926829268292 0.0 6.471183013144591 0.0 1.6188288571946492 24
stats: {freemem,"tsung_controller@ip-172-31-27-7"} 1 3457.44921875 0.0 3517.76953125 3457.44921875 3500.3701171875 24
stats: session 192 42922.01752083336 7486.190331578415 51876.921 35399.816 42326.0061401274 1256
stats: users_count 65 2420
stats: finish_users_count 192 1448
stats: request 1367 133.85992538405267 161.9892910025406 1037.305 3.083 99.00015475611731 12342
stats: connect 83 1.4118795180722892 1.2278940674609482 19.285 0.761 1.3955939238339752 2337
stats: page 503 363.8954532803179 400.9149787013336 1827.907 8.487 244.42286137820514 4992
stats: 302 174 2990
stats: 200 1091 10141
stats: size_rcv 2999383 28870271
stats: newphase 0 11
stats: size_sent 1290584 11760457
stats: connected -111 976
stats: 500 102 578
# stats: dump at 1575459084
stats: users 745 1115
stats: {load,"tsung_controller@ip-172-31-27-7"} 1 0.0 0.0 0.0 0.0 0.0 25
stats: {recvpackets,"tsung_controller@ip-172-31-27-7"} 1 4158.0 0.0 5525 52 1646.4166666666667 24
stats: {sentpackets,"tsung_controller@ip-172-31-27-7"} 1 3426.0 0.0 5030 50 1559.75 24
stats: {cpu,"tsung_controller@ip-172-31-27-7"} 1 4.208416833667335 0.0 6.471183013144591 0.0 1.761392776077595 25
stats: {freemem,"tsung_controller@ip-172-31-27-7"} 1 3457.203125 0.0 3517.76953125 3457.203125 3498.65328125 25
stats: session 227 42819.19973127752 7463.681156228169 52009.958 35399.816 42405.03527348068 1448
stats: users_count 0 2420
stats: finish_users_count 227 1675
stats: request 1387 172.3499581831288 192.17844921792843 1100.677 3.083 102.47621474943466 13709
stats: connect 0 0 0 19.285 0.761 1.3961524793388431 2420
stats: page 471 495.31859447983 487.5321963778578 2241.196 8.487 255.3591150136488 5495
stats: 302 118 3108
stats: 200 1079 11220
stats: size_rcv 3150374 32020645
stats: newphase 0 11
stats: size_sent 1396216 13156673
stats: connected -221 755
stats: 500 190 768
# stats: dump at 1575459094
stats: users 487 1115
stats: {load,"tsung_controller@ip-172-31-27-7"} 1 0.0 0.0 0.0 0.0 0.0 26
stats: {recvpackets,"tsung_controller@ip-172-31-27-7"} 1 4548.0 0.0 5525 52 1746.88 25
stats: {sentpackets,"tsung_controller@ip-172-31-27-7"} 1 3753.0 0.0 5030 50 1634.4 25
stats: {cpu,"tsung_controller@ip-172-31-27-7"} 1 6.580259222333002 0.0 6.580259222333002 0.0 1.8555090859848926 26
stats: {freemem,"tsung_controller@ip-172-31-27-7"} 1 3456.6640625 0.0 3517.76953125 3456.6640625 3497.059044471154 26
stats: session 258 43235.08754263565 7498.969844426449 52358.688 35315.498 42461.16382985076 1675
stats: users_count 0 2420
stats: finish_users_count 258 1933
stats: request 1597 205.31815090795251 219.3297567193064 1228.96 3.083 108.89611950185476 15096
stats: connect 0 0 0 19.285 0.761 1.3961524793388431 2420
stats: page 541 569.8225046210725 561.3447583523074 2527.817 8.487 274.30328444518943 5966
stats: 302 129 3237
stats: 200 1096 12316
stats: size_rcv 3531914 35552559
stats: newphase 0 11
stats: size_sent 1554185 14710858
stats: connected -254 501
stats: 500 372 1140
# stats: dump at 1575459104
stats: users 215 1115
stats: {load,"tsung_controller@ip-172-31-27-7"} 1 0.0 0.0 0.0 0.0 0.0 27
stats: {recvpackets,"tsung_controller@ip-172-31-27-7"} 1 5097.0 0.0 5525 52 1854.6153846153845 26
stats: {sentpackets,"tsung_controller@ip-172-31-27-7"} 1 4008.0 0.0 5030 50 1715.8846153846155 26
stats: {cpu,"tsung_controller@ip-172-31-27-7"} 1 3.939393939393939 0.0 6.580259222333002 0.0 2.0304998317755634 27
stats: {freemem,"tsung_controller@ip-172-31-27-7"} 1 3456.4609375 0.0 3517.76953125 3456.4609375 3495.562934027778 27
stats: session 272 44284.8314632353 7467.643388362344 52739.569 35315.498 42564.46042472841 1933
stats: users_count 0 2420
stats: finish_users_count 272 2205
stats: request 1530 203.62227058823518 221.83419787575377 1228.96 3.083 118.12070370814112 16693
stats: connect 0 0 0 19.285 0.761 1.3961524793388431 2420
stats: page 484 691.4269483471077 604.7869008866496 2527.817 8.487 298.87311664361465 6507
stats: 302 180 3417
stats: 200 1063 13379
stats: size_rcv 3325362 38877921
stats: newphase 0 11
stats: size_sent 1424912 16135770
stats: connected -276 225
stats: 500 287 1427
# stats: dump at 1575459114
stats: users 52 1115
stats: {load,"tsung_controller@ip-172-31-27-7"} 1 0.0703125 0.0 0.0703125 0.0 0.0 28
stats: {recvpackets,"tsung_controller@ip-172-31-27-7"} 1 4430.0 0.0 5525 52 1974.7037037037037 27
stats: {sentpackets,"tsung_controller@ip-172-31-27-7"} 1 3494.0 0.0 5030 50 1800.7777777777778 27
stats: {cpu,"tsung_controller@ip-172-31-27-7"} 1 6.380857427716849 0.0 6.580259222333002 0.0 2.0986746213333625 28
stats: {freemem,"tsung_controller@ip-172-31-27-7"} 1 3456.76171875 0.0 3517.76953125 3456.4609375 3494.166434151786 28
stats: session 163 51057.68765644173 166.17387326563514 52739.569 35315.498 42776.678530158744 2205
stats: users_count 0 2420
stats: finish_users_count 163 2368
stats: request 874 159.895899313501 179.2348945030855 1228.96 3.083 125.29940081216044 18223
stats: connect 0 0 0 19.285 0.761 1.3961524793388431 2420
stats: page 212 663.7882735849058 339.7066439829672 2527.817 8.487 326.0503523101131 6991
stats: 302 206 3623
stats: 200 641 14020
stats: size_rcv 1535101 40413022
stats: newphase 0 11
stats: size_sent 822829 16958599
stats: connected -168 57
stats: 500 27 1454
# stats: dump at 1575459124
stats: users 0 1115
stats: {load,"tsung_controller@ip-172-31-27-7"} 1 0.05859375 0.0 0.0703125 0.0 0.0024245689655172415 29
stats: {recvpackets,"tsung_controller@ip-172-31-27-7"} 1 2840.0 0.0 5525 52 2062.3928571428573 28
stats: {sentpackets,"tsung_controller@ip-172-31-27-7"} 1 2062.0 0.0 5030 50 1861.25 28
stats: {cpu,"tsung_controller@ip-172-31-27-7"} 1 2.4072216649949847 0.0 6.580259222333002 0.0 2.2463360974155515 29
stats: {freemem,"tsung_controller@ip-172-31-27-7"} 1 3457.84375 0.0 3517.76953125 3456.4609375 3492.8766163793102 29
stats: session 52 50958.48990384616 99.9969509706822 52739.569 35315.498 43346.69731714528 2368
stats: users_count 0 2420
stats: finish_users_count 52 2420
stats: request 259 165.46042471042472 176.59193050184336 1228.96 3.083 126.88275629680052 19097
stats: connect 0 0 0 19.285 0.761 1.3961524793388431 2420
stats: page 57 814.4039649122809 97.9608909575232 2527.817 8.487 335.9907159516869 7203
stats: 302 57 3680
stats: 200 199 14219
stats: size_rcv 396167 40809189
stats: newphase 0 11
stats: size_sent 230466 17189065
stats: connected -57 0
stats: 500 3 1457
# stats: dump at 1575459128
stats: users 0 1115
stats: {load,"tsung_controller@ip-172-31-27-7"} 1 0.05078125 0.0 0.0703125 0.0 0.004296875 30
stats: {recvpackets,"tsung_controller@ip-172-31-27-7"} 1 470.0 0.0 5525 52 2089.206896551724 29
stats: {sentpackets,"tsung_controller@ip-172-31-27-7"} 1 340.0 0.0 5030 50 1868.1724137931035 29
stats: {cpu,"tsung_controller@ip-172-31-27-7"} 1 0.5005005005005005 0.0 6.580259222333002 0.0 2.251698949668199 30
stats: {freemem,"tsung_controller@ip-172-31-27-7"} 1 3460.3359375 0.0 3517.76953125 3456.4609375 3491.7088541666667 30
stats: session 0 0 0 52739.569 35315.498 43510.25649669422 2420
stats: users_count 0 2420
stats: finish_users_count 0 2420
stats: request 0 0 0 1228.96 3.083 127.3989588241372 19356
stats: connect 0 0 0 19.285 0.761 1.3961524793388431 2420
stats: page 0 0 0 2527.817 8.487 339.74685303030316 7260
stats: 302 0 3680
stats: 200 0 14219
stats: size_rcv 0 40809189
stats: newphase 0 11
stats: size_sent 0 17189065
stats: connected 0 0
stats: 500 0 1457
EndMonitor:{1575,459128,10117}
