# stats: dump at 1575156852
stats: users 95 95
stats: {cpu,"tsung_controller@ip-172-31-19-35"} 1 9.447687080756163 0 9.447687080756163 9.447687080756163 0 0
stats: {load,"tsung_controller@ip-172-31-19-35"} 1 0.140625 0 0.140625 0.140625 0 0
stats: {freemem,"tsung_controller@ip-172-31-19-35"} 1 3515.50390625 0 3515.50390625 3515.50390625 0 0
stats: users_count 95 95
stats: finish_users_count 0 0
stats: request 182 16.430043956043978 11.15350507112873 149.959 10.245 0 0
stats: connect 90 1.4390999999999998 2.5776106293749383 25.319 0.792 0 0
stats: page 90 33.30121111111112 25.81667570281505 210.078 10.245 0 0
stats: 302 90 90
stats: 200 92 92
stats: size_rcv 106185 106185
stats: size_sent 105894 105894
stats: connected 90 90
# stats: dump at 1575156862
stats: users 206 206
stats: {recvpackets,"tsung_controller@ip-172-31-19-35"} 1 777 0 777 777 0 0
stats: {sentpackets,"tsung_controller@ip-172-31-19-35"} 1 827 0 827 827 0 0
stats: {cpu,"tsung_controller@ip-172-31-19-35"} 1 1.310483870967742 0.0 9.447687080756163 1.310483870967742 9.447687080756163 1
stats: {load,"tsung_controller@ip-172-31-19-35"} 1 0.12109375 0.0 0.140625 0.12109375 0.140625 1
stats: {freemem,"tsung_controller@ip-172-31-19-35"} 1 3514.43359375 0.0 3515.50390625 3514.43359375 3515.50390625 1
stats: users_count 111 206
stats: finish_users_count 0 0
stats: request 216 14.972648148148146 3.664902266937043 149.959 6.616 16.430043956043978 182
stats: connect 112 1.2135624999999988 0.8384171607138445 25.319 0.744 1.4390999999999998 90
stats: page 111 29.08490990990991 17.800481658909714 210.078 6.616 33.30121111111112 90
stats: 302 112 202
stats: 200 104 196
stats: size_rcv 121228 227413
stats: size_sent 122844 228738
stats: connected 112 202
# stats: dump at 1575156872
stats: users 302 302
stats: {recvpackets,"tsung_controller@ip-172-31-19-35"} 1 750.0 0.0 777 750 777.0 1
stats: {sentpackets,"tsung_controller@ip-172-31-19-35"} 1 791.0 0.0 827 791 827.0 1
stats: {cpu,"tsung_controller@ip-172-31-19-35"} 1 0.6072874493927125 0.0 9.447687080756163 0.6072874493927125 5.379085475861952 2
stats: {load,"tsung_controller@ip-172-31-19-35"} 1 0.1015625 0.0 0.140625 0.1015625 0.130859375 2
stats: {freemem,"tsung_controller@ip-172-31-19-35"} 1 3511.62109375 0.0 3515.50390625 3511.62109375 3514.96875 2
stats: users_count 96 302
stats: finish_users_count 0 0
stats: request 196 14.767484693877552 3.8590952736876516 149.959 6.49 15.639095477386945 398
stats: connect 100 1.0458400000000003 0.23910737002443064 25.319 0.741 1.3140495049504943 202
stats: page 101 28.823237623762374 18.08015094574054 210.078 6.49 30.97280597014926 201
stats: 302 100 302
stats: 200 96 292
stats: size_rcv 111456 338869
stats: size_sent 111234 339972
stats: connected 100 302
# stats: dump at 1575156882
stats: users 402 403
stats: {recvpackets,"tsung_controller@ip-172-31-19-35"} 1 719.0 0.0 777 719 763.5 2
stats: {sentpackets,"tsung_controller@ip-172-31-19-35"} 1 753.0 0.0 827 753 809.0 2
stats: {cpu,"tsung_controller@ip-172-31-19-35"} 1 0.9054325955734407 0.0 9.447687080756163 0.6072874493927125 3.7884861337055393 3
stats: {load,"tsung_controller@ip-172-31-19-35"} 1 0.078125 0.0 0.140625 0.078125 0.12109375 3
stats: {freemem,"tsung_controller@ip-172-31-19-35"} 1 3509.5546875 0.0 3515.50390625 3509.5546875 3513.8528645833335 3
stats: session 21 35072.99142857142 39.43858936501372 35231.901 35049.845 0 0
stats: users_count 121 423
stats: finish_users_count 21 21
stats: request 296 22.86139864864863 40.70127532088503 410.96 6.49 15.351493265993273 594
stats: connect 117 1.2320170940170945 1.302113974706745 25.319 0.702 1.2252384105960263 302
stats: page 179 37.67049162011172 53.16314217737433 410.96 6.49 30.253910596026493 302
stats: 302 117 419
stats: 200 179 471
stats: size_rcv 205348 544217
stats: newphase 1 1
stats: size_sent 196982 536954
stats: connected 98 400
# stats: dump at 1575156892
stats: users 505 505
stats: {recvpackets,"tsung_controller@ip-172-31-19-35"} 1 1217.0 0.0 1217 719 748.6666666666666 3
stats: {sentpackets,"tsung_controller@ip-172-31-19-35"} 1 1463.0 0.0 1463 753 790.3333333333334 3
stats: {cpu,"tsung_controller@ip-172-31-19-35"} 1 3.118712273641851 0.0 9.447687080756163 0.6072874493927125 3.0677227491725145 4
stats: {load,"tsung_controller@ip-172-31-19-35"} 1 0.0703125 0.0 0.140625 0.0703125 0.1103515625 4
stats: {freemem,"tsung_controller@ip-172-31-19-35"} 1 3498.58984375 0.0 3515.50390625 3498.58984375 3512.7783203125 4
stats: session 58 35071.89749999999 50.38882681988414 35356.164 35046.545 35072.99142857142 21
stats: users_count 161 584
stats: finish_users_count 58 79
stats: request 405 17.076787654320974 7.366533855973624 410.96 6.49 17.849169662921348 890
stats: connect 158 1.0480126582278477 0.5279924599977284 25.319 0.702 1.2271312649164678 419
stats: page 276 25.19210507246378 15.551890428212696 410.96 6.49 33.01392723492723 481
stats: 302 158 577
stats: 200 247 718
stats: size_rcv 277927 822144
stats: newphase 0 1
stats: size_sent 273343 810297
stats: connected 100 500
# stats: dump at 1575156902
stats: users 584 585
stats: {recvpackets,"tsung_controller@ip-172-31-19-35"} 1 1457.0 0.0 1457 719 865.75 4
stats: {sentpackets,"tsung_controller@ip-172-31-19-35"} 1 1702.0 0.0 1702 753 958.5 4
stats: {cpu,"tsung_controller@ip-172-31-19-35"} 1 1.5228426395939088 0.0 9.447687080756163 0.6072874493927125 3.0779206540663817 5
stats: {load,"tsung_controller@ip-172-31-19-35"} 1 0.140625 0.0 0.140625 0.0703125 0.10234375 5
stats: {freemem,"tsung_controller@ip-172-31-19-35"} 1 3491.1328125 0.0 3515.50390625 3491.1328125 3509.940625 5
stats: session 63 35057.404761904756 8.704074699350425 35356.164 35046.545 35072.18829113923 79
stats: users_count 142 726
stats: finish_users_count 63 142
stats: request 413 17.011447941888623 5.5501889595760066 410.96 6.472 17.607613899613895 1295
stats: connect 144 1.1063333333333345 1.1587557682944045 25.319 0.702 1.1780831889081453 577
stats: page 258 27.20173255813953 15.977732326966677 410.96 6.49 30.16211360634082 757
stats: 302 144 721
stats: 200 269 987
stats: size_rcv 296818 1118962
stats: newphase 0 1
stats: size_sent 294127 1104424
stats: connected 82 582
# stats: dump at 1575156912
stats: users 723 723
stats: {recvpackets,"tsung_controller@ip-172-31-19-35"} 1 1526.0 0.0 1526 719 984.0 5
stats: {sentpackets,"tsung_controller@ip-172-31-19-35"} 1 1721.0 0.0 1721 753 1107.2 5
stats: {cpu,"tsung_controller@ip-172-31-19-35"} 1 1.6177957532861478 0.0 9.447687080756163 0.6072874493927125 2.8187409849876364 6
stats: {load,"tsung_controller@ip-172-31-19-35"} 1 0.12109375 0.0 0.140625 0.0703125 0.10872395833333333 6
stats: {freemem,"tsung_controller@ip-172-31-19-35"} 1 3489.4296875 0.0 3515.50390625 3489.4296875 3506.8059895833335 6
stats: session 44 35055.57665909091 4.657031072100899 35356.164 35046.545 35065.629401408434 142
stats: users_count 183 909
stats: finish_users_count 44 186
stats: request 467 16.682700214132762 4.7734827848522166 410.96 6.472 17.46345901639344 1708
stats: connect 182 1.4282087912087906 1.9075861797909188 25.319 0.702 1.163753120665742 721
stats: page 286 27.333248251748223 16.1589025647076 410.96 6.49 29.40962266009852 1015
stats: 302 182 903
stats: 200 285 1272
stats: size_rcv 321860 1440822
stats: newphase 1 2
stats: size_sent 313191 1417615
stats: connected 122 704
# stats: dump at 1575156922
stats: users 841 841
stats: {recvpackets,"tsung_controller@ip-172-31-19-35"} 1 1.8e3 0.0 1800 719 1074.3333333333333 6
stats: {sentpackets,"tsung_controller@ip-172-31-19-35"} 1 1998.0 0.0 1998 753 1209.5 6
stats: {cpu,"tsung_controller@ip-172-31-19-35"} 1 2.327935222672065 0.0 9.447687080756163 0.6072874493927125 2.6471773804588525 7
stats: {load,"tsung_controller@ip-172-31-19-35"} 1 0.1015625 0.0 0.140625 0.0703125 0.11049107142857142 7
stats: {freemem,"tsung_controller@ip-172-31-19-35"} 1 3482.8046875 0.0 3515.50390625 3482.8046875 3504.323660714286 7
stats: session 80 35075.75732500003 71.21115927064626 35468.322 35046.545 35063.25133333332 186
stats: users_count 198 1107
stats: finish_users_count 80 266
stats: request 612 20.545516339869277 21.415103169786722 410.96 6.472 17.295820229885056 2175
stats: connect 243 3.973004115226333 22.115346049214917 227.354 0.702 1.2170542635658914 903
stats: page 415 30.216860240963854 28.883774041020974 410.96 6.49 28.953171406610295 1301
stats: 302 195 1098
stats: 200 417 1689
stats: size_rcv 501688 1942510
stats: newphase 0 2
stats: size_sent 453758 1871373
stats: connected 103 807
# stats: dump at 1575156932
stats: users 905 905
stats: {recvpackets,"tsung_controller@ip-172-31-19-35"} 1 2502.0 0.0 2502 719 1178.0 7
stats: {sentpackets,"tsung_controller@ip-172-31-19-35"} 1 2792.0 0.0 2792 753 1322.142857142857 7
stats: {cpu,"tsung_controller@ip-172-31-19-35"} 1 2.9292929292929295 0.0 9.447687080756163 0.6072874493927125 2.607272110735504 8
stats: {load,"tsung_controller@ip-172-31-19-35"} 1 0.078125 0.0 0.140625 0.0703125 0.109375 8
stats: {freemem,"tsung_controller@ip-172-31-19-35"} 1 3473.50390625 0.0 3515.50390625 3473.50390625 3501.6337890625 8
stats: session 128 52296.72853906248 21887.448219703652 80332.079 35046.545 35067.01253383458 266
stats: users_count 192 1299
stats: finish_users_count 128 394
stats: request 622 17.10511736334405 5.501874450014084 410.96 5.905 18.00942411194833 2787
stats: connect 246 0.9850325203252032 0.33678115098365524 227.354 0.702 1.8014310645724247 1146
stats: page 443 24.137819413092522 15.65626215878311 410.96 5.905 29.258783799533795 1716
stats: 302 241 1339
stats: 200 381 2070
stats: size_rcv 470394 2412904
stats: newphase 0 2
stats: size_sent 463012 2334385
stats: connected 72 879
# stats: dump at 1575156942
stats: users 1048 1048
stats: {recvpackets,"tsung_controller@ip-172-31-19-35"} 1 2542.0 0.0 2542 719 1343.5 8
stats: {sentpackets,"tsung_controller@ip-172-31-19-35"} 1 2884.0 0.0 2884 753 1505.875 8
stats: {cpu,"tsung_controller@ip-172-31-19-35"} 1 3.4274193548387095 0.0 9.447687080756163 0.6072874493927125 2.643052201686329 9
stats: {load,"tsung_controller@ip-172-31-19-35"} 1 0.0703125 0.0 0.140625 0.0703125 0.10590277777777778 9
stats: {freemem,"tsung_controller@ip-172-31-19-35"} 1 3472.51171875 0.0 3515.50390625 3472.51171875 3498.508246527778 9
stats: session 124 53576.986604838705 22152.825029738466 80332.079 35046.545 40664.48372335025 394
stats: users_count 267 1566
stats: finish_users_count 124 518
stats: request 787 18.11703811944089 6.54531843993266 410.96 5.905 17.84442593135817 3409
stats: connect 313 0.9382939297124594 0.653800139852004 227.354 0.588 1.657153735632183 1392
stats: page 528 27.00883522727273 17.22068830357796 410.96 5.905 28.208025474756823 2159
stats: 302 320 1659
stats: 200 467 2537
stats: size_rcv 569138 2982042
stats: newphase 1 3
stats: size_sent 568777 2903162
stats: connected 135 1014
# stats: dump at 1575156952
stats: users 1150 1151
stats: {recvpackets,"tsung_controller@ip-172-31-19-35"} 1 3202.0 0.0 3202 719 1476.6666666666667 9
stats: {sentpackets,"tsung_controller@ip-172-31-19-35"} 1 3593.0 0.0 3593 753 1659.0 9
stats: {cpu,"tsung_controller@ip-172-31-19-35"} 1 3.9235412474849096 0.0 9.447687080756163 0.6072874493927125 2.721488917001567 10
stats: {load,"tsung_controller@ip-172-31-19-35"} 1 0.140625 0.0 0.140625 0.0703125 0.10234375 10
stats: {freemem,"tsung_controller@ip-172-31-19-35"} 1 3469.52734375 0.0 3515.50390625 3469.52734375 3495.90859375 10
stats: session 147 49155.831625850326 20870.73120266436 80332.079 35046.545 43755.50757915058 518
stats: users_count 249 1815
stats: finish_users_count 147 665
stats: request 798 19.09148496240598 7.795387465578328 410.96 5.905 17.895556959008577 4196
stats: connect 306 0.8611732026143791 0.1635320102208354 227.354 0.588 1.5251870967741927 1705
stats: page 549 27.79383242258653 18.828283542089448 410.96 5.905 27.972382582806098 2687
stats: 302 293 1952
stats: 200 505 3042
stats: size_rcv 612826 3594868
stats: newphase 0 3
stats: size_sent 595230 3498392
stats: connected 99 1113
# stats: dump at 1575156962
stats: users 1207 1207
stats: {recvpackets,"tsung_controller@ip-172-31-19-35"} 1 3252.0 0.0 3252 719 1649.2 10
stats: {sentpackets,"tsung_controller@ip-172-31-19-35"} 1 3693.0 0.0 3693 753 1852.4 10
stats: {cpu,"tsung_controller@ip-172-31-19-35"} 1 3.7449392712550607 0.0 9.447687080756163 0.6072874493927125 2.830766401590962 11
stats: {load,"tsung_controller@ip-172-31-19-35"} 1 0.12109375 0.0 0.140625 0.0703125 0.10582386363636363 11
stats: {freemem,"tsung_controller@ip-172-31-19-35"} 1 3467.75390625 0.0 3515.50390625 3467.75390625 3493.5102982954545 11
stats: session 170 50954.40479411761 21514.758910345332 80332.079 35046.545 44949.26342105263 665
stats: users_count 227 2042
stats: finish_users_count 170 835
stats: request 775 18.926024516129047 7.241220055508751 410.96 5.237 18.08665638766519 4994
stats: connect 295 0.9168847457627123 0.32295891579693536 227.354 0.588 1.4241486822476375 2011
stats: page 565 25.979619469026556 16.50921204410262 410.96 5.905 27.942090852904816 3236
stats: 302 287 2239
stats: 200 488 3530
stats: size_rcv 600427 4195295
stats: newphase 0 3
stats: size_sent 592280 4090672
stats: connected 53 1166
# stats: dump at 1575156972
stats: users 1299 1303
stats: {recvpackets,"tsung_controller@ip-172-31-19-35"} 1 3051.0 0.0 3252 719 1794.909090909091 11
stats: {sentpackets,"tsung_controller@ip-172-31-19-35"} 1 3484.0 0.0 3693 753 2019.7272727272727 11
stats: {cpu,"tsung_controller@ip-172-31-19-35"} 1 3.0395136778115504 0.0 9.447687080756163 0.6072874493927125 2.9069474740629704 12
stats: {load,"tsung_controller@ip-172-31-19-35"} 1 0.1015625 0.0 0.140625 0.0703125 0.10709635416666667 12
stats: {freemem,"tsung_controller@ip-172-31-19-35"} 1 3466.9609375 0.0 3515.50390625 3466.9609375 3491.3639322916665 12
stats: session 181 51234.05227071826 21595.489986771412 80332.079 35046.545 46171.86705389221 835
stats: users_count 273 2315
stats: finish_users_count 181 1016
stats: request 952 21.26034978991597 8.606314607815436 410.96 5.237 18.19941601664066 5769
stats: connect 351 0.9545897435897432 0.6581130388167509 227.354 0.588 1.3592558542931479 2306
stats: page 672 30.140977678571442 19.53138848098203 410.96 5.905 27.650379110760323 3801
stats: 302 339 2578
stats: 200 613 4143
stats: size_rcv 751523 4946818
stats: newphase 1 4
stats: size_sent 727844 4818516
stats: connected 91 1257
# stats: dump at 1575156982
stats: users 1384 1384
stats: {recvpackets,"tsung_controller@ip-172-31-19-35"} 1 4065.0 0.0 4065 719 1899.5833333333333 12
stats: {sentpackets,"tsung_controller@ip-172-31-19-35"} 1 4664.0 0.0 4664 753 2141.75 12
stats: {cpu,"tsung_controller@ip-172-31-19-35"} 1 6.834170854271357 0.0 9.447687080756163 0.6072874493927125 2.9171448743513224 13
stats: {load,"tsung_controller@ip-172-31-19-35"} 1 0.078125 0.0 0.140625 0.0703125 0.10667067307692307 13
stats: {freemem,"tsung_controller@ip-172-31-19-35"} 1 3450.0390625 0.0 3515.50390625 3450.0390625 3489.486778846154 13
stats: session 202 52452.246163366304 21918.26222085927 80332.079 35045.937 47073.69335728346 1016
stats: users_count 287 2602
stats: finish_users_count 202 1218
stats: request 976 19.403908811475436 7.0338595861117 410.96 5.237 18.63298378217527 6721
stats: connect 379 0.8572295514511868 0.14282469861926092 227.354 0.576 1.305797892359804 2657
stats: page 704 26.921107954545462 17.08965973615147 410.96 5.905 28.02455354348312 4473
stats: 302 365 2943
stats: 200 611 4754
stats: size_rcv 762002 5708820
stats: newphase 0 4
stats: size_sent 743776 5562292
stats: connected 79 1336
# stats: dump at 1575156992
stats: users 1448 1459
stats: {recvpackets,"tsung_controller@ip-172-31-19-35"} 1 4052.0 0.0 4065 719 2066.153846153846 13
stats: {sentpackets,"tsung_controller@ip-172-31-19-35"} 1 4599.0 0.0 4664 753 2335.769230769231 13
stats: {cpu,"tsung_controller@ip-172-31-19-35"} 1 4.65587044534413 0.0 9.447687080756163 0.6072874493927125 3.1969324443456104 14
stats: {load,"tsung_controller@ip-172-31-19-35"} 1 0.0703125 0.0 0.140625 0.0703125 0.10463169642857142 14
stats: {freemem,"tsung_controller@ip-172-31-19-35"} 1 3447.42578125 0.0 3515.50390625 3447.42578125 3486.6690848214284 14
stats: session 215 54339.775 22272.204428159795 80338.625 35045.937 47965.70293596059 1218
stats: users_count 279 2881
stats: finish_users_count 215 1433
stats: request 983 28.235217700915598 35.688229777939725 410.96 5.237 18.73073911913733 7697
stats: connect 379 6.921255936675462 28.5475376680391 240.585 0.576 1.2498007246376808 3036
stats: page 717 38.7302273361227 50.28250872710247 410.96 5.905 27.874500289743093 5177
stats: 302 372 3315
stats: 200 611 5365
stats: size_rcv 770011 6478831
stats: newphase 0 4
stats: size_sent 757621 6319913
stats: connected 75 1411
# stats: dump at 1575157002
stats: users 1552 1553
stats: {recvpackets,"tsung_controller@ip-172-31-19-35"} 1 4182.0 0.0 4182 719 2208.0 14
stats: {sentpackets,"tsung_controller@ip-172-31-19-35"} 1 4706.0 0.0 4706 753 2497.4285714285716 14
stats: {cpu,"tsung_controller@ip-172-31-19-35"} 1 4.476093591047812 0.0 9.447687080756163 0.6072874493927125 3.2941949777455117 15
stats: {load,"tsung_controller@ip-172-31-19-35"} 1 0.05859375 0.0 0.140625 0.05859375 0.10234375 15
stats: {freemem,"tsung_controller@ip-172-31-19-35"} 1 3446.0546875 0.0 3515.50390625 3446.0546875 3484.0528645833333 15
stats: session 224 54975.16153571428 22358.84931549662 80339.271 35045.937 48922.03614863922 1433
stats: users_count 328 3209
stats: finish_users_count 224 1657
stats: request 1107 20.812495934959326 8.052038646666944 410.96 5.237 19.8071103686636 8680
stats: connect 418 1.044129186602871 0.693003422846072 240.585 0.576 1.879224304538799 3415
stats: page 775 29.692440000000012 19.641237810969173 410.96 5.905 29.195090091618592 5894
stats: 302 428 3743
stats: 200 679 6044
stats: size_rcv 838175 7317006
stats: newphase 1 5
stats: size_sent 844568 7164481
stats: connected 89 1500
# stats: dump at 1575157012
stats: users 1644 1644
stats: {recvpackets,"tsung_controller@ip-172-31-19-35"} 1 4586.0 0.0 4586 719 2339.6 15
stats: {sentpackets,"tsung_controller@ip-172-31-19-35"} 1 5126.0 0.0 5126 753 2644.6666666666665 15
stats: {cpu,"tsung_controller@ip-172-31-19-35"} 1 4.582484725050916 0.0 9.447687080756163 0.6072874493927125 3.3680636410769056 16
stats: {load,"tsung_controller@ip-172-31-19-35"} 1 0.05078125 0.0 0.140625 0.05078125 0.099609375 16
stats: {freemem,"tsung_controller@ip-172-31-19-35"} 1 3444.984375 0.0 3515.50390625 3444.984375 3481.677978515625 16
stats: session 237 51789.487320675136 21749.620928559543 80339.271 35045.937 49740.32226010863 1657
stats: users_count 329 3538
stats: finish_users_count 237 1894
stats: request 1156 22.146799307958503 11.137522630062549 410.96 5.237 19.92082875242669 9787
stats: connect 458 1.0059497816593888 0.6258367252314486 240.585 0.576 1.788154709105139 3833
stats: page 846 30.28181087470449 21.386881082943297 410.96 5.905 29.252886789623627 6669
stats: 302 416 4159
stats: 200 740 6784
stats: size_rcv 935351 8252357
stats: newphase 0 5
stats: size_sent 890994 8055475
stats: connected 76 1576
# stats: dump at 1575157022
stats: users 1714 1723
stats: {recvpackets,"tsung_controller@ip-172-31-19-35"} 1 5020.0 0.0 5020 719 2480.0 16
stats: {sentpackets,"tsung_controller@ip-172-31-19-35"} 1 5537.0 0.0 5537 753 2799.75 16
stats: {cpu,"tsung_controller@ip-172-31-19-35"} 1 5.583756345177665 0.0 9.447687080756163 0.6072874493927125 3.439500175428318 17
stats: {load,"tsung_controller@ip-172-31-19-35"} 1 0.0390625 0.0 0.140625 0.0390625 0.09673713235294118 17
stats: {freemem,"tsung_controller@ip-172-31-19-35"} 1 3443.6484375 0.0 3515.50390625 3443.6484375 3479.51953125 17
stats: session 277 56203.228097472915 22466.22695196232 80339.271 35045.937 49996.73837381204 1894
stats: users_count 347 3885
stats: finish_users_count 277 2171
stats: request 1239 22.644185633575496 10.073216616286546 410.96 5.237 20.155976514666914 10943
stats: connect 473 1.0925539112050726 1.4180872616894515 240.585 0.576 1.7046660452109064 4291
stats: page 895 31.342170949720696 21.097937710883965 410.96 5.905 29.368717764471057 7515
stats: 302 478 4637
stats: 200 761 7545
stats: size_rcv 962040 9214397
stats: newphase 0 5
stats: size_sent 959704 9015179
stats: connected 88 1664
# stats: dump at 1575157032
stats: users 1832 1832
stats: {recvpackets,"tsung_controller@ip-172-31-19-35"} 1 5229.0 0.0 5229 719 2629.4117647058824 17
stats: {sentpackets,"tsung_controller@ip-172-31-19-35"} 1 5831.0 0.0 5831 753 2960.764705882353 17
stats: {cpu,"tsung_controller@ip-172-31-19-35"} 1 5.595116988809766 0.0 9.447687080756163 0.6072874493927125 3.5586255181921707 18
stats: {load,"tsung_controller@ip-172-31-19-35"} 1 0.03125 0.0 0.140625 0.03125 0.0935329861111111 18
stats: {freemem,"tsung_controller@ip-172-31-19-35"} 1 3442.43359375 0.0 3515.50390625 3442.43359375 3477.5266927083335 18
stats: session 269 55840.94457992562 22432.590614942706 80339.271 35045.937 50788.630429755875 2171
stats: users_count 387 4272
stats: finish_users_count 269 2440
stats: request 1319 24.5899605761941 11.313225407080422 410.96 5.237 20.409045887374823 12182
stats: connect 492 1.1466158536585376 1.0857902749291757 240.585 0.576 1.6438916876574303 4764
stats: page 931 34.93617615467245 23.52867205718493 410.96 5.905 29.578734482758623 8410
stats: 302 515 5152
stats: 200 804 8349
stats: size_rcv 995709 10210106
stats: newphase 1 6
stats: size_sent 998410 10013589
stats: connected 104 1768
# stats: dump at 1575157042
stats: users 1946 1947
stats: {recvpackets,"tsung_controller@ip-172-31-19-35"} 1 5529.0 0.0 5529 719 2773.8333333333335 18
stats: {sentpackets,"tsung_controller@ip-172-31-19-35"} 1 6185.0 0.0 6185 753 3120.222222222222 18
stats: {cpu,"tsung_controller@ip-172-31-19-35"} 1 7.50256937307297 0.0 9.447687080756163 0.6072874493927125 3.665809279803623 19
stats: {load,"tsung_controller@ip-172-31-19-35"} 1 0.25 0.0 0.25 0.03125 0.09025493421052631 19
stats: {freemem,"tsung_controller@ip-172-31-19-35"} 1 3427.984375 0.0 3515.50390625 3427.984375 3475.6796875 19
stats: session 276 52211.412076086934 21852.032042929197 80339.271 35045.937 51345.62735860656 2440
stats: users_count 390 4662
stats: finish_users_count 276 2716
stats: request 1337 25.22002393418104 13.273355569381451 410.96 5.237 20.817506481001413 13501
stats: connect 528 1.0802727272727268 0.5791416335236497 240.585 0.576 1.5973430365296801 5256
stats: page 974 34.62320739219717 24.24768383562243 410.96 5.905 30.112700674446 9341
stats: 302 492 5644
stats: 200 845 9194
stats: size_rcv 1063395 11273501
stats: newphase 0 6
stats: size_sent 1024904 11038493
stats: connected 105 1873
# stats: dump at 1575157052
stats: users 2028 2028
stats: {recvpackets,"tsung_controller@ip-172-31-19-35"} 1 5676.0 0.0 5676 719 2918.842105263158 19
stats: {sentpackets,"tsung_controller@ip-172-31-19-35"} 1 6227.0 0.0 6227 753 3281.5263157894738 19
stats: {cpu,"tsung_controller@ip-172-31-19-35"} 1 5.737704918032787 0.0 9.447687080756163 0.6072874493927125 3.8576472844670904 20
stats: {load,"tsung_controller@ip-172-31-19-35"} 1 0.2109375 0.0 0.25 0.03125 0.0982421875 20
stats: {freemem,"tsung_controller@ip-172-31-19-35"} 1 3426.85546875 0.0 3515.50390625 3426.85546875 3473.294921875 20
stats: session 322 54385.48018322988 22274.539130021167 80339.271 35045.937 51433.60842709867 2716
stats: users_count 404 5066
stats: finish_users_count 322 3038
stats: request 1448 27.105364640884 14.50024893102834 410.96 5.237 21.214201846610067 14838
stats: connect 544 1.033045955882355 0.9194234804979687 240.585 0.576 1.5501415975103732 5784
stats: page 1045 37.59556459330142 27.072109969414385 410.96 5.905 30.538607949587995 10315
stats: 302 546 6190
stats: 200 902 10096
stats: size_rcv 1124596 12398097
stats: newphase 0 6
stats: size_sent 1120849 12159342
stats: connected 90 1963
# stats: dump at 1575157062
stats: users 2144 2147
stats: {recvpackets,"tsung_controller@ip-172-31-19-35"} 1 6281.0 0.0 6281 719 3056.7 20
stats: {sentpackets,"tsung_controller@ip-172-31-19-35"} 1 6867.0 0.0 6867 753 3428.8 20
stats: {cpu,"tsung_controller@ip-172-31-19-35"} 1 6.147540983606557 0.0 9.447687080756163 0.6072874493927125 3.9471738384464095 21
stats: {load,"tsung_controller@ip-172-31-19-35"} 1 0.1796875 0.0 0.25 0.03125 0.10360863095238096 21
stats: {freemem,"tsung_controller@ip-172-31-19-35"} 1 3425.6484375 0.0 3515.50390625 3425.6484375 3471.083519345238 21
stats: session 319 54578.44860501568 22291.55469750033 80339.271 35045.937 51746.47962705727 3038
stats: users_count 435 5501
stats: finish_users_count 319 3357
stats: request 1437 43.46508211551845 52.45176147579724 492.84 5.237 21.737989377379357 16286
stats: connect 536 4.088216417910445 19.72440982067799 240.585 0.576 1.5056883691529708 6328
stats: page 1015 61.260735960591106 83.6955985901221 719.107 5.905 31.18777341549297 11360
stats: 302 536 6726
stats: 200 901 10997
stats: size_rcv 1118442 13516539
stats: newphase 1 7
stats: size_sent 1115872 13275214
stats: connected 88 2051
# stats: dump at 1575157072
stats: users 2233 2240
stats: {recvpackets,"tsung_controller@ip-172-31-19-35"} 1 6935.0 0.0 6935 719 3210.2380952380954 21
stats: {sentpackets,"tsung_controller@ip-172-31-19-35"} 1 7431.0 0.0 7431 753 3592.5238095238096 21
stats: {cpu,"tsung_controller@ip-172-31-19-35"} 1 9.081632653061225 0.0 9.447687080756163 0.6072874493927125 4.04719052686278 22
stats: {load,"tsung_controller@ip-172-31-19-35"} 1 0.1484375 0.0 0.25 0.03125 0.10706676136363637 22
stats: {freemem,"tsung_controller@ip-172-31-19-35"} 1 3407.93359375 0.0 3515.50390625 3407.93359375 3469.0182883522725 22
stats: session 336 52818.41964880949 21983.233436595692 80438.246 35045.937 52015.588386058975 3357
stats: users_count 425 5926
stats: finish_users_count 336 3693
stats: request 1596 35.09711215538847 31.021625620095403 492.84 5.237 23.49964554533658 17723
stats: connect 599 3.003672787979961 19.41626214025095 260.005 0.576 1.7073543123543122 6864
stats: page 1150 49.01287043478262 43.219223424382484 719.107 5.905 33.65436387878789 12375
stats: 302 576 7302
stats: 200 1020 12017
stats: size_rcv 1278119 14794658
stats: newphase 0 7
stats: size_sent 1230896 14506110
stats: connected 101 2152
# stats: dump at 1575157082
stats: users 2323 2329
stats: {recvpackets,"tsung_controller@ip-172-31-19-35"} 1 6.8e3 0.0 6935 719 3379.5454545454545 22
stats: {sentpackets,"tsung_controller@ip-172-31-19-35"} 1 7257.0 0.0 7431 753 3767.0 22
stats: {cpu,"tsung_controller@ip-172-31-19-35"} 1 7.926829268292683 0.0 9.447687080756163 0.6072874493927125 4.266079314958364 23
stats: {load,"tsung_controller@ip-172-31-19-35"} 1 0.12890625 0.0 0.25 0.03125 0.10886548913043478 23
stats: {freemem,"tsung_controller@ip-172-31-19-35"} 1 3406.375 0.0 3515.50390625 3406.375 3466.3624320652175 23
stats: session 352 56212.83249431822 22454.705476836447 80444.517 35045.937 52088.63233522881 3693
stats: users_count 442 6368
stats: finish_users_count 352 4045
stats: request 1579 32.789135528815684 22.3789588044721 492.84 5.237 24.457746726021025 19319
stats: connect 592 0.9021587837837838 0.34048589851124145 260.005 0.576 1.8114002411898695 7463
stats: page 1143 45.31571391076117 37.14311958296884 719.107 5.905 34.96026277264327 13525
stats: 302 594 7896
stats: 200 985 13002
stats: size_rcv 1240540 16035198
stats: newphase 0 7
stats: size_sent 1228214 15734324
stats: connected 82 2234
# stats: dump at 1575157092
stats: users 2483 2486
stats: {recvpackets,"tsung_controller@ip-172-31-19-35"} 1 7209.0 0.0 7209 719 3528.2608695652175 23
stats: {sentpackets,"tsung_controller@ip-172-31-19-35"} 1 7668.0 0.0 7668 753 3918.7391304347825 23
stats: {cpu,"tsung_controller@ip-172-31-19-35"} 1 7.637474541751528 0.0 9.447687080756163 0.6072874493927125 4.41861056301396 24
stats: {load,"tsung_controller@ip-172-31-19-35"} 1 0.109375 0.0 0.25 0.03125 0.10970052083333333 24
stats: {freemem,"tsung_controller@ip-172-31-19-35"} 1 3405.2265625 0.0 3515.50390625 3405.2265625 3463.8629557291665 24
stats: session 364 54168.46502197809 22225.97774118788 80444.517 35045.937 52447.52441334981 4045
stats: users_count 524 6892
stats: finish_users_count 364 4409
stats: request 1829 40.083422635319906 23.927374181181854 492.84 5.237 25.087245382333247 20898
stats: connect 697 1.0392137733142033 1.0447867487117903 260.005 0.576 1.7445757914338915 8055
stats: page 1268 57.81565063091494 43.55707360523927 719.107 5.905 35.767208549222815 14668
stats: 302 682 8578
stats: 200 1147 14149
stats: size_rcv 1429542 17464740
stats: newphase 1 8
stats: size_sent 1408236 17142560
stats: connected 156 2390
# stats: dump at 1575157102
stats: users 2590 2591
stats: {recvpackets,"tsung_controller@ip-172-31-19-35"} 1 8095.0 0.0 8095 719 3681.625 24
stats: {sentpackets,"tsung_controller@ip-172-31-19-35"} 1 8425.0 0.0 8425 753 4074.9583333333335 24
stats: {cpu,"tsung_controller@ip-172-31-19-35"} 1 8.478038815117467 0.0 9.447687080756163 0.6072874493927125 4.547365122163463 25
stats: {load,"tsung_controller@ip-172-31-19-35"} 1 0.08984375 0.0 0.25 0.03125 0.1096875 25
stats: {freemem,"tsung_controller@ip-172-31-19-35"} 1 3402.37890625 0.0 3515.50390625 3402.37890625 3461.5175 25
stats: session 403 54242.85506203479 22225.39217961382 80444.517 35045.937 52589.60252211387 4409
stats: users_count 510 7402
stats: finish_users_count 403 4812
stats: request 1861 43.973859215475585 26.962164083949187 492.84 5.237 26.294092225106713 22727
stats: connect 702 0.8871866096866096 0.7305175355425967 260.005 0.576 1.6884015082266906 8752
stats: page 1326 61.66238009049772 48.32921991739423 719.107 5.905 37.521565010040185 15936
stats: 302 677 9255
stats: 200 1184 15333
stats: size_rcv 1484817 18949557
stats: newphase 0 8
stats: size_sent 1461967 18604527
stats: connected 59 2449
# stats: dump at 1575157112
stats: users 2677 2681
stats: {recvpackets,"tsung_controller@ip-172-31-19-35"} 1 8706.0 0.0 8706 719 3858.16 25
stats: {sentpackets,"tsung_controller@ip-172-31-19-35"} 1 8844.0 0.0 8844 753 4248.96 25
stats: {cpu,"tsung_controller@ip-172-31-19-35"} 1 9.687184661957618 0.0 9.687184661957618 0.6072874493927125 4.69854487958477 26
stats: {load,"tsung_controller@ip-172-31-19-35"} 1 0.16015625 0.0 0.25 0.03125 0.10892427884615384 26
stats: {freemem,"tsung_controller@ip-172-31-19-35"} 1 3400.62890625 0.0 3515.50390625 3400.62890625 3459.242938701923 26
stats: session 392 57410.82961989796 22495.1708017747 80444.517 35045.937 52728.060704488795 4812
stats: users_count 479 7881
stats: finish_users_count 392 5204
stats: request 1783 39.182865956253444 24.948999330164266 492.84 5.237 27.632226533268273 24588
stats: connect 661 0.8605945537065045 0.2797339273425645 260.005 0.576 1.6289078696847892 9454
stats: page 1276 54.868695141065835 42.14624728044919 719.107 5.905 39.375968949136855 17262
stats: 302 685 9940
stats: 200 1098 16431
stats: size_rcv 1388784 20338341
stats: newphase 0 8
stats: size_sent 1381495 19986022
stats: connected 58 2507
# stats: dump at 1575157122
stats: users 2822 2824
stats: {recvpackets,"tsung_controller@ip-172-31-19-35"} 1 8269.0 0.0 8706 719 4044.6153846153848 26
stats: {sentpackets,"tsung_controller@ip-172-31-19-35"} 1 8716.0 0.0 8844 753 4425.692307692308 26
stats: {cpu,"tsung_controller@ip-172-31-19-35"} 1 11.866125760649087 0.0 11.866125760649087 0.6072874493927125 4.88330931596895 27
stats: {load,"tsung_controller@ip-172-31-19-35"} 1 0.12890625 0.0 0.25 0.03125 0.11082175925925926 27
stats: {freemem,"tsung_controller@ip-172-31-19-35"} 1 3398.546875 0.0 3515.50390625 3398.546875 3457.0720486111113 27
stats: session 413 54678.79666101693 22273.510991974726 80444.517 35045.937 53080.798101652596 5204
stats: users_count 558 8439
stats: finish_users_count 413 5617
stats: request 1911 60.825885400314036 43.13048034102892 492.84 5.237 28.413190095180322 26371
stats: connect 759 1.1374598155467717 1.317798556784761 260.005 0.576 1.578699752842313 10115
stats: page 1388 81.61596469740637 67.39648954740593 719.107 5.905 40.44235791347504 18538
stats: 302 718 10658
stats: 200 1193 17624
stats: size_rcv 1513233 21851574
stats: newphase 1 9
stats: size_sent 1489506 21475528
stats: connected 56 2563
# stats: dump at 1575157132
stats: users 2960 2962
stats: {recvpackets,"tsung_controller@ip-172-31-19-35"} 1 9471.0 0.0 9471 719 4201.074074074074 27
stats: {sentpackets,"tsung_controller@ip-172-31-19-35"} 1 9452.0 0.0 9452 753 4584.592592592592 27
stats: {cpu,"tsung_controller@ip-172-31-19-35"} 1 9.528688524590164 0.0 11.866125760649087 0.6072874493927125 5.13269561756467 28
stats: {load,"tsung_controller@ip-172-31-19-35"} 1 0.19140625 0.0 0.25 0.03125 0.11146763392857142 28
stats: {freemem,"tsung_controller@ip-172-31-19-35"} 1 3382.0859375 0.0 3515.50390625 3382.0859375 3454.981863839286 28
stats: session 446 55558.28210762331 22341.887791161113 80611.912 35045.937 53198.2938119993 5617
stats: users_count 584 9023
stats: finish_users_count 446 6063
stats: request 2043 130.30997307880574 100.4305060664944 601.692 5.237 30.603299024114293 28282
stats: connect 805 1.031387577639751 0.4570917260866412 260.005 0.576 1.5479014162221807 10874
stats: page 1488 180.06447311827964 167.28398855317067 1195.617 5.905 43.31041804677308 19926
stats: 302 791 11449
stats: 200 1252 18876
stats: size_rcv 1595282 23446856
stats: newphase 0 9
stats: size_sent 1573616 23049144
stats: connected 67 2630
# stats: dump at 1575157142
stats: users 3033 3076
stats: {recvpackets,"tsung_controller@ip-172-31-19-35"} 1 9733.0 0.0 9733 719 4389.285714285715 28
stats: {sentpackets,"tsung_controller@ip-172-31-19-35"} 1 9719.0 0.0 9719 753 4758.428571428572 28
stats: {cpu,"tsung_controller@ip-172-31-19-35"} 1 8.515057113187954 0.0 11.866125760649087 0.6072874493927125 5.284281579875893 29
stats: {load,"tsung_controller@ip-172-31-19-35"} 1 0.16015625 0.0 0.25 0.03125 0.11422413793103449 29
stats: {freemem,"tsung_controller@ip-172-31-19-35"} 1 3380.3828125 0.0 3515.50390625 3380.3828125 3452.4682112068967 29
stats: session 452 57553.22496238938 22467.945097418986 81352.919 35045.937 53371.896777502894 6063
stats: users_count 525 9548
stats: finish_users_count 452 6515
stats: request 1983 113.9660721129603 65.53232363421884 601.692 5.237 37.32055327287718 30325
stats: connect 767 0.9763376792698822 0.8057660761130938 260.005 0.576 1.5122995975682845 11679
stats: page 1451 155.2180820124053 109.31744273471978 1195.617 5.905 52.81308144204728 21414
stats: 302 766 12215
stats: 200 1217 20093
stats: size_rcv 1565950 25012806
stats: newphase 0 9
stats: size_sent 1537707 24586851
stats: connected 106 2736
# stats: dump at 1575157152
stats: users 3234 3236
stats: {recvpackets,"tsung_controller@ip-172-31-19-35"} 1 9205.0 0.0 9733 719 4573.551724137931 29
stats: {sentpackets,"tsung_controller@ip-172-31-19-35"} 1 9319.0 0.0 9719 753 4929.482758620689 29
stats: {cpu,"tsung_controller@ip-172-31-19-35"} 1 13.272543059777103 0.0 13.272543059777103 0.6072874493927125 5.391974097652962 30
stats: {load,"tsung_controller@ip-172-31-19-35"} 1 0.140625 0.0 0.25 0.03125 0.11575520833333333 30
stats: {freemem,"tsung_controller@ip-172-31-19-35"} 1 3363.6484375 0.0 3515.50390625 3363.6484375 3450.065364583333 30
stats: session 432 56517.29081712962 22344.139734022618 81352.919 35045.937 53661.99045970837 6515
stats: users_count 633 10181
stats: finish_users_count 432 6947
stats: request 1958 429.24517620020464 247.91093205378505 1047.662 5.237 42.02490092237219 32308
stats: connect 830 0.9530253012048201 1.2177416399916243 260.005 0.56 1.4792702876426156 12446
stats: page 1443 545.409555786555 427.5903941240907 2317.055 5.905 59.31164500328014 22865
stats: 302 785 13000
stats: 200 1173 21266
stats: size_rcv 1508108 26520914
stats: newphase 1 10
stats: size_sent 1608808 26195659
stats: connected -69 2667
# stats: dump at 1575157162
stats: users 3370 3375
stats: {recvpackets,"tsung_controller@ip-172-31-19-35"} 1 10618.0 0.0 10618 719 4727.933333333333 30
stats: {sentpackets,"tsung_controller@ip-172-31-19-35"} 1 10402.0 0.0 10402 753 5075.8 30
stats: {cpu,"tsung_controller@ip-172-31-19-35"} 1 11.269035532994923 0.0 13.272543059777103 0.6072874493927125 5.646185999656967 31
stats: {load,"tsung_controller@ip-172-31-19-35"} 1 0.12109375 0.0 0.25 0.03125 0.11655745967741936 31
stats: {freemem,"tsung_controller@ip-172-31-19-35"} 1 3347.609375 0.0 3515.50390625 3347.609375 3447.2777217741937 31
stats: session 450 56404.197691111134 22005.47832945327 82210.552 35045.937 53839.54764329927 6947
stats: users_count 586 10767
stats: finish_users_count 450 7397
stats: request 2123 1064.4554234573725 361.9712334812542 1557.045 0.363 64.15112805696613 34266
stats: connect 895 0.8539441340782109 0.23616614075902165 260.005 0.56 1.4463700662850252 13276
stats: page 1583 1391.1407751105492 865.057799875077 4105.497 0.45 88.16795919038996 24308
stats: 302 698 13698
stats: 200 1252 22518
stats: size_rcv 1689365 28210279
stats: newphase 0 10
stats: 502 171 171
stats: size_sent 1687885 27883544
stats: connected 104 2771
stats: 500 2 2
# stats: dump at 1575157172
stats: users 3376 3393
stats: {recvpackets,"tsung_controller@ip-172-31-19-35"} 1 10265.0 0.0 10618 719 4917.935483870968 31
stats: {sentpackets,"tsung_controller@ip-172-31-19-35"} 1 10288.0 0.0 10402 753 5247.612903225807 31
stats: {cpu,"tsung_controller@ip-172-31-19-35"} 1 11.156186612576064 0.0 13.272543059777103 0.6072874493927125 5.821900047573778 32
stats: {load,"tsung_controller@ip-172-31-19-35"} 1 0.171875 0.0 0.25 0.03125 0.11669921875 32
stats: {freemem,"tsung_controller@ip-172-31-19-35"} 1 3317.92578125 0.0 3515.50390625 3317.92578125 3444.1630859375 32
stats: session 568 58067.06506161969 22302.751501239763 82878.521 35045.937 53995.5693441936 7397
stats: users_count 574 11341
stats: finish_users_count 568 7965
stats: request 2272 1114.9799625880253 495.01763745977445 1709.738 0.363 122.51068779026637 36389
stats: connect 918 0.9571230936819167 0.5291304177697269 260.005 0.56 1.4089541316773688 14171
stats: page 1690 1496.184196449702 1072.536200821167 4246.534 0.45 167.8329380479703 25891
stats: 302 719 14417
stats: 200 1188 23706
stats: size_rcv 1641511 29851790
stats: newphase 0 10
stats: 502 362 533
stats: size_sent 1760530 29644074
stats: connected 36 2807
stats: 500 3 5
# stats: dump at 1575157182
stats: users 2782 3393
stats: {recvpackets,"tsung_controller@ip-172-31-19-35"} 1 10488.0 0.0 10618 719 5085.03125 32
stats: {sentpackets,"tsung_controller@ip-172-31-19-35"} 1 10594.0 0.0 10594 753 5405.125 32
stats: {cpu,"tsung_controller@ip-172-31-19-35"} 1 10.725229826353422 0.0 13.272543059777103 0.6072874493927125 5.983545094998091 33
stats: {load,"tsung_controller@ip-172-31-19-35"} 1 0.140625 0.0 0.25 0.03125 0.11837121212121213 33
stats: {freemem,"tsung_controller@ip-172-31-19-35"} 1 3313.5703125 0.0 3515.50390625 3313.5703125 3440.337713068182 33
stats: session 601 58685.7951813644 22453.035476095098 82878.521 35045.937 54285.915805900826 7965
stats: users_count 7 11348
stats: finish_users_count 601 8566
stats: request 1449 697.709663216011 493.17994955697634 1709.738 0.363 180.83536103566894 38661
stats: connect 309 1.1125307443365693 1.294817925196733 260.005 0.56 1.3814651733050562 15089
stats: page 1335 845.6880224719102 936.2359048196149 4246.534 0.45 249.22642003553153 27581
stats: 302 371 14788
stats: 200 1072 24778
stats: size_rcv 1425475 31277265
stats: newphase 0 10
stats: 502 6 539
stats: size_sent 1255149 30899223
stats: connected -420 2387
stats: 500 0 5
# stats: dump at 1575157192
stats: users 2159 3393
stats: {recvpackets,"tsung_controller@ip-172-31-19-35"} 1 6962.0 0.0 10618 719 5248.757575757576 33
stats: {sentpackets,"tsung_controller@ip-172-31-19-35"} 1 7316.0 0.0 10594 753 5562.363636363636 33
stats: {cpu,"tsung_controller@ip-172-31-19-35"} 1 5.775075987841945 0.0 13.272543059777103 0.6072874493927125 6.123006410626188 34
stats: {load,"tsung_controller@ip-172-31-19-35"} 1 0.12109375 0.0 0.25 0.03125 0.11902573529411764 34
stats: {freemem,"tsung_controller@ip-172-31-19-35"} 1 3312.67578125 0.0 3515.50390625 3312.67578125 3436.609260110294 34
stats: session 623 56484.27582182991 22277.529830303676 82878.521 35045.937 54594.616191688074 8566
stats: users_count 0 11348
stats: finish_users_count 623 9189
stats: request 1208 89.61474172185443 138.96454363810167 1709.738 0.363 199.50778347045616 40110
stats: connect 259 0.921243243243243 0.3068877379268639 260.005 0.56 1.3760683205611115 15398
stats: page 1208 89.61474172185443 138.96454363810167 4246.534 0.45 276.7639853714205 28916
stats: 302 284 15072
stats: 200 896 25674
stats: size_rcv 1242519 32519784
stats: newphase 0 10
stats: 502 0 539
stats: size_sent 1165117 32064340
stats: connected -536 1851
stats: 500 28 33
# stats: dump at 1575157202
stats: users 1589 3393
stats: {recvpackets,"tsung_controller@ip-172-31-19-35"} 1 6103.0 0.0 10618 719 5299.14705882353 34
stats: {sentpackets,"tsung_controller@ip-172-31-19-35"} 1 6635.0 0.0 10594 753 5613.941176470588 34
stats: {cpu,"tsung_controller@ip-172-31-19-35"} 1 4.601226993865031 0.0 13.272543059777103 0.6072874493927125 6.113065541403781 35
stats: {load,"tsung_controller@ip-172-31-19-35"} 1 0.1015625 0.0 0.25 0.03125 0.11908482142857142 35
stats: {freemem,"tsung_controller@ip-172-31-19-35"} 1 3312.06640625 0.0 3515.50390625 3312.06640625 3433.0683035714287 35
stats: session 570 56653.23877368413 22002.795030005862 82878.521 35032.312 54722.73219447165 9189
stats: users_count 0 11348
stats: finish_users_count 570 9759
stats: request 1139 32.658964003511876 20.30472708447466 1709.738 0.363 196.2948788179485 41318
stats: connect 278 1.2243525179856116 1.4097609081603562 260.005 0.548 1.3685445487641306 15657
stats: page 1139 32.658964003511876 20.30472708447466 4246.534 0.45 269.25912923250553 30124
stats: 302 266 15338
stats: 200 820 26494
stats: size_rcv 1079363 33599147
stats: newphase 0 10
stats: 502 0 539
stats: size_sent 1078740 33143080
stats: connected -465 1386
stats: 500 53 86
# stats: dump at 1575157212
stats: users 1138 3393
stats: {recvpackets,"tsung_controller@ip-172-31-19-35"} 1 5796.0 0.0 10618 719 5322.114285714286 35
stats: {sentpackets,"tsung_controller@ip-172-31-19-35"} 1 6599.0 0.0 10594 753 5643.114285714286 35
stats: {cpu,"tsung_controller@ip-172-31-19-35"} 1 5.273833671399594 0.0 13.272543059777103 0.6072874493927125 6.071070026194372 36
stats: {load,"tsung_controller@ip-172-31-19-35"} 1 0.08984375 0.0 0.25 0.03125 0.11859809027777778 36
stats: {freemem,"tsung_controller@ip-172-31-19-35"} 1 3312.16796875 0.0 3515.50390625 3312.06640625 3429.7071397569443 36
stats: session 451 63450.666432372454 21522.952685567958 82878.521 35032.312 54835.48849636233 9759
stats: users_count 0 11348
stats: finish_users_count 451 10210
stats: request 758 22.462638522427422 15.712774812551949 1709.738 0.363 191.90499477118016 42457
stats: connect 267 1.1488501872659178 1.6845841527861753 260.005 0.548 1.3660289927831812 15935
stats: page 758 22.462638522427422 15.712774812551949 4246.534 0.45 260.6391123372676 31263
stats: 302 280 15618
stats: 200 477 26971
stats: size_rcv 572306 34171453
stats: newphase 0 10
stats: 502 0 539
stats: size_sent 776610 33919690
stats: connected -349 1037
stats: 500 1 87
# stats: dump at 1575157222
stats: users 873 3393
stats: {recvpackets,"tsung_controller@ip-172-31-19-35"} 1 3707.0 0.0 10618 719 5335.277777777777 36
stats: {sentpackets,"tsung_controller@ip-172-31-19-35"} 1 4318.0 0.0 10594 753 5669.666666666667 36
stats: {cpu,"tsung_controller@ip-172-31-19-35"} 1 5.555555555555555 0.0 13.272543059777103 0.6072874493927125 6.0495230976864045 37
stats: {load,"tsung_controller@ip-172-31-19-35"} 1 0.1484375 0.0 0.25 0.03125 0.11782094594594594 37
stats: {freemem,"tsung_controller@ip-172-31-19-35"} 1 3311.8359375 0.0 3515.50390625 3311.8359375 3426.5304054054054 37
stats: session 265 80357.59908679248 110.82325149980852 82878.521 35032.312 55216.04141008814 10210
stats: users_count 0 11348
stats: finish_users_count 265 10475
stats: request 493 13.285403651115626 5.5060251649429155 1709.738 0.363 188.93294094643053 43215
stats: connect 224 1.0652812500000006 0.6087990346973603 260.005 0.548 1.362450006172077 16202
stats: page 493 13.285403651115626 5.5060251649429155 4246.534 0.45 255.00100712032716 32021
stats: 302 265 15883
stats: 200 228 27199
stats: size_rcv 228423 34399876
stats: newphase 0 10
stats: 502 0 539
stats: size_sent 509233 34428923
stats: connected -284 753
stats: 500 0 87
# stats: dump at 1575157232
stats: users 645 3393
stats: {recvpackets,"tsung_controller@ip-172-31-19-35"} 1 2984.0 0.0 10618 719 5291.27027027027 37
stats: {sentpackets,"tsung_controller@ip-172-31-19-35"} 1 3344.0 0.0 10594 753 5633.135135135135 37
stats: {cpu,"tsung_controller@ip-172-31-19-35"} 1 2.9381965552178317 0.0 13.272543059777103 0.6072874493927125 6.036523951840856 38
stats: {load,"tsung_controller@ip-172-31-19-35"} 1 0.12109375 0.0 0.25 0.03125 0.1186266447368421 38
stats: {freemem,"tsung_controller@ip-172-31-19-35"} 1 3328.10546875 0.0 3515.50390625 3311.8359375 3423.5121299342104 38
stats: session 228 81289.23060964922 602.0837785136138 82878.521 35032.312 55852.08081670644 10475
stats: users_count 0 11348
stats: finish_users_count 228 10703
stats: request 486 13.457039094650197 5.4617753320973375 1709.738 0.363 186.95174217534537 43708
stats: connect 260 1.0888499999999999 1.1193033155116552 260.005 0.548 1.358397540484597 16426
stats: page 486 13.457039094650197 5.4617753320973375 4246.534 0.45 251.33594614627532 32514
stats: 302 226 16109
stats: 200 238 27437
stats: size_rcv 256861 34656737
stats: newphase 0 10
stats: 502 0 539
stats: size_sent 483456 34912379
stats: connected -249 504
stats: 500 22 109
# stats: dump at 1575157242
stats: users 391 3393
stats: {recvpackets,"tsung_controller@ip-172-31-19-35"} 1 3081.0 0.0 10618 719 5230.5526315789475 38
stats: {sentpackets,"tsung_controller@ip-172-31-19-35"} 1 3399.0 0.0 10594 753 5572.894736842105 38
stats: {cpu,"tsung_controller@ip-172-31-19-35"} 1 2.5432349949135302 0.0 13.272543059777103 0.6072874493927125 5.957079659619753 39
stats: {load,"tsung_controller@ip-172-31-19-35"} 1 0.1015625 0.0 0.25 0.03125 0.11868990384615384 39
stats: {freemem,"tsung_controller@ip-172-31-19-35"} 1 3329.59765625 0.0 3515.50390625 3311.8359375 3421.0658052884614 39
stats: session 254 82985.33879921252 1036.6849738317114 84144.323 35032.312 56393.95413753153 10703
stats: users_count 0 11348
stats: finish_users_count 254 10957
stats: request 554 13.642918772563185 5.630740884195833 1709.738 0.363 185.04382649228393 44194
stats: connect 294 0.9694319727891162 0.2549790983794433 260.005 0.548 1.3541974709337161 16686
stats: page 554 13.642918772563185 5.630740884195833 4246.534 0.45 247.8326386060605 33000
stats: 302 260 16369
stats: 200 259 27696
stats: size_rcv 298640 34955377
stats: newphase 0 10
stats: 502 0 539
stats: size_sent 524885 35437264
stats: connected -210 294
stats: 500 35 144
# stats: dump at 1575157252
stats: users 96 3393
stats: {recvpackets,"tsung_controller@ip-172-31-19-35"} 1 3101.0 0.0 10618 719 5175.4358974358975 39
stats: {sentpackets,"tsung_controller@ip-172-31-19-35"} 1 3563.0 0.0 10594 753 5517.153846153846 39
stats: {cpu,"tsung_controller@ip-172-31-19-35"} 1 3.0425963488843815 0.0 13.272543059777103 0.6072874493927125 5.8717335430020965 40
stats: {load,"tsung_controller@ip-172-31-19-35"} 1 0.08984375 0.0 0.25 0.03125 0.11826171875 40
stats: {freemem,"tsung_controller@ip-172-31-19-35"} 1 3351.84765625 0.0 3515.50390625 3311.8359375 3418.7791015625 40
stats: session 295 83323.13683728814 1278.3806093500928 84272.551 35032.312 57010.383060052925 10957
stats: users_count 0 11348
stats: finish_users_count 295 11252
stats: request 392 10.929145408163269 5.460812698989803 1709.738 0.363 182.92180756681856 44748
stats: connect 98 1.018765306122449 0.3643683884063 260.005 0.548 1.3475354534746753 16980
stats: page 392 10.929145408163269 5.460812698989803 4246.534 0.45 243.9660025928353 33554
stats: 302 294 16663
stats: 200 98 27794
stats: size_rcv 113778 35069155
stats: newphase 0 10
stats: 502 0 539
stats: size_sent 377811 35815075
stats: connected -196 98
stats: 500 0 144
# stats: dump at 1575157257
stats: users 0 3393
stats: {recvpackets,"tsung_controller@ip-172-31-19-35"} 1 1506.0 0.0 10618 719 5123.575 40
stats: {sentpackets,"tsung_controller@ip-172-31-19-35"} 1 2022.0 0.0 10594 753 5468.299999999999 40
stats: {cpu,"tsung_controller@ip-172-31-19-35"} 1 1.411290322580645 0.0 13.272543059777103 0.6072874493927125 5.802730196804104 41
stats: {load,"tsung_controller@ip-172-31-19-35"} 1 0.0703125 0.0 0.25 0.03125 0.11756859756097561 41
stats: {freemem,"tsung_controller@ip-172-31-19-35"} 1 3352.5703125 0.0 3515.50390625 3311.8359375 3417.1466272865855 41
stats: session 96 83671.67670833335 282.5433576252175 84272.551 35032.312 57700.23929576963 11252
stats: users_count 0 11348
stats: finish_users_count 96 11348
stats: request 98 8.346204081632653 1.5820876801677082 1709.738 0.363 181.4282071333628 45140
stats: connect 0 0 0 260.005 0.548 1.3456488464691407 17078
stats: page 98 8.346204081632653 1.5820876801677082 4246.534 0.45 241.2749506863841 33946
stats: 302 98 16761
stats: 200 0 27794
stats: size_rcv 12936 35082091
stats: newphase 0 10
stats: 502 0 539
stats: size_sent 102222 35917297
stats: connected -98 0
stats: 500 0 144
EndMonitor:{1575,157257,865415}
