
=INFO REPORT==== 4-Dec-2019::10:48:23 ===
    ts_config_server:(5:<0.102.0>) Config server started, logdir is "/home/ec2-user/.tsung/log/20191204-1048"
 
=INFO REPORT==== 4-Dec-2019::10:48:23 ===
              ts_mon:(5:<0.83.0>) starting monitor, global 

=INFO REPORT==== 4-Dec-2019::10:48:23 ===
           ts_config:(5:<0.102.0>) Reading config file: simple.xml

=INFO REPORT==== 4-Dec-2019::10:48:23 ===
      ts_config_http:(4:<0.102.0>) Get user agent: 100 "Mozilla/5.0 (Windows; U; Windows NT 5.2; fr-FR; rv:1.7.8) Gecko/20050511 Firefox/1.0.4" 

=INFO REPORT==== 4-Dec-2019::10:48:23 ===
           ts_config:(5:<0.102.0>) Session name for id 1 is "recommendee"

=INFO REPORT==== 4-Dec-2019::10:48:23 ===
           ts_config:(5:<0.102.0>) Session name for id 2 is "recommender"

=INFO REPORT==== 4-Dec-2019::10:48:23 ===
    ts_config_server:(4:<0.102.0>) SYSINFO:Tsung version: 1.7.0

=INFO REPORT==== 4-Dec-2019::10:48:23 ===
    ts_config_server:(4:<0.102.0>) SYSINFO:Erlang version: Erlang/OTP 20 [erts-9.1] [source] [64-bit] [smp:1:1] [ds:1:1:10] [async-threads:8] [hipe] [kernel-poll:true]


=INFO REPORT==== 4-Dec-2019::10:48:23 ===
    ts_config_server:(4:<0.102.0>) SYSINFO:System architecture x86_64-unknown-linux-gnu

=INFO REPORT==== 4-Dec-2019::10:48:23 ===
    ts_config_server:(4:<0.102.0>) SYSINFO:Current path: /usr/local/lib/tsung/tsung-1.7.0/ebin/tsung.beam

=INFO REPORT==== 4-Dec-2019::10:48:24 ===
              ts_mon:(5:<0.103.0>) Activate clients with text backend

=INFO REPORT==== 4-Dec-2019::10:48:24 ===
              ts_mon:(5:<0.103.0>) Starting tsung clients on hosts: [localhost]

=INFO REPORT==== 4-Dec-2019::10:48:24 ===
    ts_config_server:(5:<0.102.0>) Start a launcher on the controller beam localhost

=INFO REPORT==== 4-Dec-2019::10:48:24 ===
  ts_launcher_static:(5:<0.154.0>) Launch msg receive ("localhost")

=INFO REPORT==== 4-Dec-2019::10:48:24 ===
         ts_launcher:(5:<0.155.0>) Launch msg receive ("localhost")

=INFO REPORT==== 4-Dec-2019::10:48:24 ===
    ts_config_server:(5:<0.102.0>) New arrival phase 1 for client "localhost" (last ? true): will start 20 users

=INFO REPORT==== 4-Dec-2019::10:48:24 ===
    ts_config_server:(5:<0.102.0>) New arrival phase 2 for client "localhost" (last ? true): will start 40 users

=INFO REPORT==== 4-Dec-2019::10:48:24 ===
    ts_config_server:(5:<0.102.0>) New arrival phase 3 for client "localhost" (last ? true): will start 60 users

=INFO REPORT==== 4-Dec-2019::10:48:24 ===
    ts_config_server:(5:<0.102.0>) New arrival phase 4 for client "localhost" (last ? true): will start 80 users

=INFO REPORT==== 4-Dec-2019::10:48:24 ===
    ts_config_server:(5:<0.102.0>) New arrival phase 5 for client "localhost" (last ? true): will start 100 users

=INFO REPORT==== 4-Dec-2019::10:48:24 ===
    ts_config_server:(5:<0.102.0>) New arrival phase 6 for client "localhost" (last ? true): will start 120 users

=INFO REPORT==== 4-Dec-2019::10:48:24 ===
    ts_config_server:(5:<0.102.0>) New arrival phase 7 for client "localhost" (last ? true): will start 140 users

=INFO REPORT==== 4-Dec-2019::10:48:24 ===
    ts_config_server:(5:<0.102.0>) New arrival phase 8 for client "localhost" (last ? true): will start 200 users

=INFO REPORT==== 4-Dec-2019::10:48:24 ===
         ts_launcher:(5:<0.155.0>) Expected duration of first phase: 20.0 sec (20 users) 

=INFO REPORT==== 4-Dec-2019::10:48:24 ===
  ts_launcher_static:(5:<0.154.0>) Activate launcher (2 static users) in 1000 msec, first user after 5000 ms 

=INFO REPORT==== 4-Dec-2019::10:48:24 ===
         ts_launcher:(5:<0.155.0>) Activate launcher (20 users) in 2624 msec 

=INFO REPORT==== 4-Dec-2019::10:48:47 ===
         ts_launcher:(5:<0.155.0>) Phase duration exceeded, but not all users were launched (4 users, 20.0% of phase)

=INFO REPORT==== 4-Dec-2019::10:48:47 ===
         ts_launcher:(5:<0.155.0>) Start a new arrival phase (40 users, 0.002); expected duration=20.0 sec

=INFO REPORT==== 4-Dec-2019::10:49:06 ===
         ts_launcher:(4:<0.155.0>) Need to wait 0.594 sec before changing phase, going to sleep

=INFO REPORT==== 4-Dec-2019::10:49:07 ===
         ts_launcher:(5:<0.155.0>) Waking up

=INFO REPORT==== 4-Dec-2019::10:49:07 ===
         ts_launcher:(5:<0.155.0>) Start a new arrival phase (60 users, 0.003); expected duration=20.0 sec

=INFO REPORT==== 4-Dec-2019::10:49:27 ===
         ts_launcher:(5:<0.155.0>) Phase duration exceeded, but not all users were launched (2 users, 3.3% of phase)

=INFO REPORT==== 4-Dec-2019::10:49:27 ===
         ts_launcher:(5:<0.155.0>) Start a new arrival phase (80 users, 0.004); expected duration=20.0 sec

=INFO REPORT==== 4-Dec-2019::10:49:48 ===
         ts_launcher:(5:<0.155.0>) Phase duration exceeded, but not all users were launched (5 users, 6.3% of phase)

=INFO REPORT==== 4-Dec-2019::10:49:48 ===
         ts_launcher:(5:<0.155.0>) Start a new arrival phase (100 users, 0.005); expected duration=20.0 sec

=INFO REPORT==== 4-Dec-2019::10:50:06 ===
         ts_launcher:(4:<0.155.0>) Need to wait 1.862 sec before changing phase, going to sleep

=INFO REPORT==== 4-Dec-2019::10:50:08 ===
         ts_launcher:(5:<0.155.0>) Waking up

=INFO REPORT==== 4-Dec-2019::10:50:08 ===
         ts_launcher:(5:<0.155.0>) Start a new arrival phase (120 users, 0.006); expected duration=20.0 sec

=INFO REPORT==== 4-Dec-2019::10:50:25 ===
         ts_launcher:(4:<0.155.0>) Need to wait 2.484 sec before changing phase, going to sleep

=INFO REPORT==== 4-Dec-2019::10:50:28 ===
         ts_launcher:(5:<0.155.0>) Waking up

=INFO REPORT==== 4-Dec-2019::10:50:28 ===
         ts_launcher:(5:<0.155.0>) Start a new arrival phase (140 users, 0.007); expected duration=20.0 sec

=INFO REPORT==== 4-Dec-2019::10:50:46 ===
         ts_launcher:(4:<0.155.0>) Need to wait 1.238 sec before changing phase, going to sleep

=INFO REPORT==== 4-Dec-2019::10:50:48 ===
         ts_launcher:(5:<0.155.0>) Waking up

=INFO REPORT==== 4-Dec-2019::10:50:48 ===
         ts_launcher:(5:<0.155.0>) Start a new arrival phase (200 users, 0.01); expected duration=20.0 sec

=INFO REPORT==== 4-Dec-2019::10:51:08 ===
         ts_launcher:(5:<0.155.0>) Phase duration exceeded, but not all users were launched (6 users, 3.0% of phase)

=INFO REPORT==== 4-Dec-2019::10:51:08 ===
         ts_launcher:(5:<0.155.0>) This was the last phase, wait for connected users to finish their session

=INFO REPORT==== 4-Dec-2019::10:53:18 ===
     ts_launcher_mgr:(5:<0.149.0>) No more active users 'tsung_controller@ip-172-31-27-7' "8717"
