# stats: dump at 1575157488
stats: users 103 103
stats: {cpu,"tsung_controller@ip-172-31-19-35"} 1 6.714397312117466 0 6.714397312117466 6.714397312117466 0 0
stats: {load,"tsung_controller@ip-172-31-19-35"} 1 0.0 0 0.0 0.0 0 0
stats: {freemem,"tsung_controller@ip-172-31-19-35"} 1 3521.65234375 0 3521.65234375 3521.65234375 0 0
stats: users_count 103 103
stats: finish_users_count 0 0
stats: request 196 25.661045918367336 35.43929353972552 257.386 11.342 0 0
stats: connect 98 9.704030612244894 36.15123868441343 240.159 1.196 0 0
stats: page 98 51.3982857142857 56.24752013998449 298.008 11.434 0 0
stats: 302 98 98
stats: 200 98 98
stats: size_rcv 113141 113141
stats: size_sent 113327 113327
stats: connected 98 98
# stats: dump at 1575157498
stats: users 194 194
stats: {recvpackets,"tsung_controller@ip-172-31-19-35"} 1 837 0 837 837 0 0
stats: {sentpackets,"tsung_controller@ip-172-31-19-35"} 1 881 0 881 881 0 0
stats: {cpu,"tsung_controller@ip-172-31-19-35"} 1 2.589641434262948 0.0 6.714397312117466 2.589641434262948 6.714397312117466 1
stats: {load,"tsung_controller@ip-172-31-19-35"} 1 0.0 0.0 0.0 0.0 0.0 1
stats: {freemem,"tsung_controller@ip-172-31-19-35"} 1 3520.07421875 0.0 3521.65234375 3520.07421875 3521.65234375 1
stats: users_count 91 194
stats: finish_users_count 0 0
stats: request 194 17.866170103092777 6.322481979276923 257.386 11.342 25.661045918367336 196
stats: connect 93 1.6850430107526886 0.675867565349907 240.159 1.165 9.704030612244894 98
stats: page 92 37.336663043478254 23.124256576664617 298.008 11.381 51.3982857142857 98
stats: 302 93 191
stats: 200 101 199
stats: size_rcv 115298 228439
stats: size_sent 116445 229772
stats: connected 93 191
# stats: dump at 1575157508
stats: users 299 299
stats: {recvpackets,"tsung_controller@ip-172-31-19-35"} 1 691.0 0.0 837 691 837.0 1
stats: {sentpackets,"tsung_controller@ip-172-31-19-35"} 1 718.0 0.0 881 718 881.0 1
stats: {cpu,"tsung_controller@ip-172-31-19-35"} 1 1.103309929789368 0.0 6.714397312117466 1.103309929789368 4.652019373190207 2
stats: {load,"tsung_controller@ip-172-31-19-35"} 1 0.0 0.0 0.0 0.0 0.0 2
stats: {freemem,"tsung_controller@ip-172-31-19-35"} 1 3518.03125 0.0 3521.65234375 3518.03125 3520.86328125 2
stats: users_count 105 299
stats: finish_users_count 0 0
stats: request 184 18.038978260869552 5.708643864462605 257.386 10.211 21.783594871794865 390
stats: connect 103 1.741174757281553 0.6542771365420315 240.159 1.165 5.799497382198951 191
stats: page 104 32.31786538461539 22.30274741184355 298.008 11.381 44.58949999999999 190
stats: 302 103 294
stats: 200 81 280
stats: size_rcv 96798 325237
stats: size_sent 96756 326528
stats: connected 103 294
# stats: dump at 1575157518
stats: users 416 416
stats: {recvpackets,"tsung_controller@ip-172-31-19-35"} 1 614.0 0.0 837 614 764.0 2
stats: {sentpackets,"tsung_controller@ip-172-31-19-35"} 1 661.0 0.0 881 661 799.5 2
stats: {cpu,"tsung_controller@ip-172-31-19-35"} 1 1.402805611222445 0.0 6.714397312117466 1.103309929789368 3.4691162253899273 3
stats: {load,"tsung_controller@ip-172-31-19-35"} 1 0.0 0.0 0.0 0.0 0.0 3
stats: {freemem,"tsung_controller@ip-172-31-19-35"} 1 3515.22265625 0.0 3521.65234375 3515.22265625 3519.9192708333335 3
stats: session 24 35082.78479166666 56.0246617593384 35309.387 35056.035 0 0
stats: users_count 141 440
stats: finish_users_count 24 24
stats: request 340 18.718450000000022 5.504413677209676 257.386 10.211 20.583229965156782 574
stats: connect 141 1.4550921985815606 0.7224386783538731 240.159 1.123 4.377704081632651 294
stats: page 211 30.129492890995223 17.600837723322876 298.008 11.358 40.24851360544217 294
stats: 302 141 435
stats: 200 199 479
stats: size_rcv 229478 554715
stats: newphase 1 1
stats: size_sent 220544 547072
stats: connected 119 413
# stats: dump at 1575157528
stats: users 499 499
stats: {recvpackets,"tsung_controller@ip-172-31-19-35"} 1 1292.0 0.0 1292 614 714.0 3
stats: {sentpackets,"tsung_controller@ip-172-31-19-35"} 1 1464.0 0.0 1464 661 753.3333333333334 3
stats: {cpu,"tsung_controller@ip-172-31-19-35"} 1 2.2977022977022976 0.0 6.714397312117466 1.103309929789368 2.9525385718480566 4
stats: {load,"tsung_controller@ip-172-31-19-35"} 1 0.0 0.0 0.0 0.0 0.0 4
stats: {freemem,"tsung_controller@ip-172-31-19-35"} 1 3505.0859375 0.0 3521.65234375 3505.0859375 3518.7451171875 4
stats: session 44 35070.17118181819 31.11574928923493 35309.387 35052.789 35082.78479166666 24
stats: users_count 127 567
stats: finish_users_count 44 68
stats: request 347 19.957723342939474 7.725193932158281 257.386 9.05 19.88954814004376 914
stats: connect 126 1.4383412698412699 0.3809372768996503 240.159 1.123 3.430374712643677 435
stats: page 214 32.461378504672865 20.380944645815607 298.008 11.358 36.02056633663365 505
stats: 302 126 561
stats: 200 221 700
stats: size_rcv 245112 799827
stats: newphase 0 1
stats: size_sent 240770 787842
stats: connected 81 494
# stats: dump at 1575157538
stats: users 590 590
stats: {recvpackets,"tsung_controller@ip-172-31-19-35"} 1 1347.0 0.0 1347 614 858.5 4
stats: {sentpackets,"tsung_controller@ip-172-31-19-35"} 1 1613.0 0.0 1613 661 931.0 4
stats: {cpu,"tsung_controller@ip-172-31-19-35"} 1 4.491017964071856 0.0 6.714397312117466 1.103309929789368 2.821571317018905 5
stats: {load,"tsung_controller@ip-172-31-19-35"} 1 0.0 0.0 0.0 0.0 0.0 5
stats: {freemem,"tsung_controller@ip-172-31-19-35"} 1 3499.83984375 0.0 3521.65234375 3499.83984375 3516.01328125 5
stats: session 55 35067.21774545452 15.256535646573028 35309.387 35052.789 35074.623044117645 68
stats: users_count 146 713
stats: finish_users_count 55 123
stats: request 424 20.478952830188696 8.257522973516474 257.386 8.386 19.9083084853291 1261
stats: connect 149 1.9734899328859057 5.102711035746408 240.159 1.117 2.9829661319073075 561
stats: page 266 32.67397744360902 20.870463052951266 298.008 8.386 34.96122531293461 719
stats: 302 149 710
stats: 200 275 975
stats: size_rcv 306871 1106698
stats: newphase 0 1
stats: size_sent 299262 1087104
stats: connected 95 589
# stats: dump at 1575157548
stats: users 708 708
stats: {recvpackets,"tsung_controller@ip-172-31-19-35"} 1 1517.0 0.0 1517 614 956.2 5
stats: {sentpackets,"tsung_controller@ip-172-31-19-35"} 1 1728.0 0.0 1728 661 1067.4 5
stats: {cpu,"tsung_controller@ip-172-31-19-35"} 1 2.108433734939759 0.0 6.714397312117466 1.103309929789368 3.0998124248610637 6
stats: {load,"tsung_controller@ip-172-31-19-35"} 1 0.0 0.0 0.0 0.0 0.0 6
stats: {freemem,"tsung_controller@ip-172-31-19-35"} 1 3493.1484375 0.0 3521.65234375 3493.1484375 3513.3177083333335 6
stats: session 62 35066.980951612895 10.094224360153857 35309.387 35050.999 35071.311731707305 123
stats: users_count 180 893
stats: finish_users_count 62 185
stats: request 503 20.275328031809146 6.139287990602832 257.386 7.87 20.051900890207715 1685
stats: connect 176 1.3961704545454545 0.6868562229064014 240.159 1.117 2.7711183098591543 710
stats: page 315 32.406234920634944 19.058834214303463 298.008 7.87 34.34355228426394 985
stats: 302 176 886
stats: 200 327 1302
stats: size_rcv 364412 1471110
stats: newphase 1 2
stats: size_sent 353948 1441052
stats: connected 93 682
# stats: dump at 1575157558
stats: users 832 832
stats: {recvpackets,"tsung_controller@ip-172-31-19-35"} 1 1907.0 0.0 1907 614 1049.6666666666667 6
stats: {sentpackets,"tsung_controller@ip-172-31-19-35"} 1 2165.0 0.0 2165 661 1177.5 6
stats: {cpu,"tsung_controller@ip-172-31-19-35"} 1 2.5176233635448138 0.0 6.714397312117466 1.103309929789368 2.9581868977294485 7
stats: {load,"tsung_controller@ip-172-31-19-35"} 1 0.0 0.0 0.0 0.0 0.0 7
stats: {freemem,"tsung_controller@ip-172-31-19-35"} 1 3483.19140625 0.0 3521.65234375 3483.19140625 3510.4363839285716 7
stats: session 72 35068.253444444446 11.060097794284484 35309.387 35050.999 35069.86033513513 185
stats: users_count 196 1089
stats: finish_users_count 72 257
stats: request 576 20.611835069444435 8.233847806688 257.386 6.943 20.10326462522852 2188
stats: connect 246 1.3469715447154482 0.3955073144401536 240.159 1.117 2.4979909706546266 886
stats: page 376 31.60409308510638 20.72796842854712 298.008 7.87 33.874125384615375 1300
stats: 302 197 1083
stats: 200 379 1681
stats: size_rcv 458540 1929650
stats: newphase 0 2
stats: size_sent 413703 1854755
stats: connected 116 798
# stats: dump at 1575157568
stats: users 915 918
stats: {recvpackets,"tsung_controller@ip-172-31-19-35"} 1 2460.0 0.0 2460 614 1172.142857142857 7
stats: {sentpackets,"tsung_controller@ip-172-31-19-35"} 1 2693.0 0.0 2693 661 1318.5714285714287 7
stats: {cpu,"tsung_controller@ip-172-31-19-35"} 1 2.8197381671701915 0.0 6.714397312117466 1.103309929789368 2.9031164559563694 8
stats: {load,"tsung_controller@ip-172-31-19-35"} 1 0.0 0.0 0.0 0.0 0.0 8
stats: {freemem,"tsung_controller@ip-172-31-19-35"} 1 3481.34375 0.0 3521.65234375 3481.34375 3507.03076171875 8
stats: session 121 55167.98025619835 22390.99547636152 80336.491 35050.999 35069.410155642014 257
stats: users_count 204 1293
stats: finish_users_count 121 378
stats: request 641 20.127461778471137 7.403738779263199 257.386 6.943 20.20924746743849 2764
stats: connect 257 1.4493307392996102 0.524231788842042 240.159 1.117 2.24785777385159 1132
stats: page 444 29.052353603603596 19.536507728572378 298.008 7.578 33.36485799522673 1676
stats: 302 254 1337
stats: 200 387 2068
stats: size_rcv 478832 2408482
stats: newphase 0 2
stats: size_sent 474443 2329198
stats: connected 98 896
# stats: dump at 1575157578
stats: users 1012 1016
stats: {recvpackets,"tsung_controller@ip-172-31-19-35"} 1 2602.0 0.0 2602 614 1333.125 8
stats: {sentpackets,"tsung_controller@ip-172-31-19-35"} 1 2948.0 0.0 2948 661 1490.375 8
stats: {cpu,"tsung_controller@ip-172-31-19-35"} 1 3.91566265060241 0.0 6.714397312117466 1.103309929789368 2.8938522016467942 9
stats: {load,"tsung_controller@ip-172-31-19-35"} 1 0.0 0.0 0.0 0.0 0.0 9
stats: {freemem,"tsung_controller@ip-172-31-19-35"} 1 3479.58203125 0.0 3521.65234375 3479.58203125 3504.1766493055557 9
stats: session 134 51205.03660447764 21582.692214175335 80336.491 35050.999 41503.07942063492 378
stats: users_count 231 1524
stats: finish_users_count 134 512
stats: request 704 23.812242897727298 12.640581741608448 257.386 6.943 20.19385110132158 3405
stats: connect 273 1.7352197802197806 2.0758924580729614 240.159 1.117 2.100110151187905 1389
stats: page 491 34.194678207739294 25.729671076819002 298.008 7.513 32.46167311320754 2120
stats: 302 284 1621
stats: 200 420 2488
stats: size_rcv 506822 2915304
stats: newphase 1 3
stats: size_sent 514227 2843425
stats: connected 81 977
# stats: dump at 1575157588
stats: users 1174 1175
stats: {recvpackets,"tsung_controller@ip-172-31-19-35"} 1 2931.0 0.0 2931 614 1474.111111111111 9
stats: {sentpackets,"tsung_controller@ip-172-31-19-35"} 1 3249.0 0.0 3249 661 1652.3333333333333 9
stats: {cpu,"tsung_controller@ip-172-31-19-35"} 1 5.089820359281437 0.0 6.714397312117466 1.103309929789368 2.996033246542356 10
stats: {load,"tsung_controller@ip-172-31-19-35"} 1 0.0 0.0 0.0 0.0 0.0 10
stats: {freemem,"tsung_controller@ip-172-31-19-35"} 1 3474.7578125 0.0 3521.65234375 3474.7578125 3501.7171875 10
stats: session 117 51235.86661538458 21598.086630274112 80336.491 35050.999 44042.263527343755 512
stats: users_count 279 1803
stats: finish_users_count 117 629
stats: request 829 22.418992762364315 8.678169801431677 257.386 6.943 20.813794597225602 4109
stats: connect 340 1.4732441176470592 0.6094100105797489 240.159 1.117 2.040173285198556 1662
stats: page 549 33.59190346083784 22.43245826734107 298.008 7.513 32.7875656836461 2611
stats: 302 314 1935
stats: 200 515 3003
stats: size_rcv 632062 3547366
stats: newphase 0 3
stats: size_sent 603870 3447295
stats: connected 164 1141
# stats: dump at 1575157598
stats: users 1219 1220
stats: {recvpackets,"tsung_controller@ip-172-31-19-35"} 1 3353.0 0.0 3353 614 1619.8 10
stats: {sentpackets,"tsung_controller@ip-172-31-19-35"} 1 3823.0 0.0 3823 661 1812.0 10
stats: {cpu,"tsung_controller@ip-172-31-19-35"} 1 6.206206206206207 0.0 6.714397312117466 1.103309929789368 3.1863775295186367 11
stats: {load,"tsung_controller@ip-172-31-19-35"} 1 0.0 0.0 0.0 0.0 0.0 11
stats: {freemem,"tsung_controller@ip-172-31-19-35"} 1 3464.8671875 0.0 3521.65234375 3464.8671875 3499.2663352272725 11
stats: session 174 51376.44558045976 21636.086856615526 80336.491 35050.999 45380.34232114467 629
stats: users_count 219 2022
stats: finish_users_count 174 803
stats: request 790 23.617655696202533 10.034058601743716 257.386 6.943 21.083278047792632 4938
stats: connect 286 1.3980139860139853 0.8408129140586199 240.159 1.111 1.9438916083916087 2002
stats: page 570 33.030647368421 23.547520985926912 298.008 7.513 32.9273066455696 3160
stats: 302 285 2220
stats: 200 505 3508
stats: size_rcv 617910 4165276
stats: newphase 0 3
stats: size_sent 611308 4058603
stats: connected 35 1176
# stats: dump at 1575157608
stats: users 1326 1328
stats: {recvpackets,"tsung_controller@ip-172-31-19-35"} 1 3363.0 0.0 3363 614 1777.3636363636363 11
stats: {sentpackets,"tsung_controller@ip-172-31-19-35"} 1 3717.0 0.0 3823 661 1994.8181818181818 11
stats: {cpu,"tsung_controller@ip-172-31-19-35"} 1 3.8383838383838382 0.0 6.714397312117466 1.103309929789368 3.4380299192426005 12
stats: {load,"tsung_controller@ip-172-31-19-35"} 1 0.0 0.0 0.0 0.0 0.0 12
stats: {freemem,"tsung_controller@ip-172-31-19-35"} 1 3462.56640625 0.0 3521.65234375 3462.56640625 3496.3997395833335 12
stats: session 183 51323.273322404355 21613.837175088654 80336.491 35050.999 46679.62247945205 803
stats: users_count 290 2312
stats: finish_users_count 183 986
stats: request 963 27.79121806853585 13.841154799848166 257.386 6.943 21.432816864525144 5728
stats: connect 368 1.3019565217391322 0.5250712511286588 240.159 1.084 1.875656905594406 2288
stats: page 679 39.43535640648019 28.62127963729461 298.008 7.513 32.9430986595174 3730
stats: 302 358 2578
stats: 200 605 4113
stats: size_rcv 743579 4908855
stats: newphase 1 4
stats: size_sent 720607 4779210
stats: connected 106 1282
# stats: dump at 1575157618
stats: users 1442 1445
stats: {recvpackets,"tsung_controller@ip-172-31-19-35"} 1 4048.0 0.0 4048 614 1909.5 12
stats: {sentpackets,"tsung_controller@ip-172-31-19-35"} 1 4457.0 0.0 4457 661 2138.3333333333335 12
stats: {cpu,"tsung_controller@ip-172-31-19-35"} 1 3.5860655737704916 0.0 6.714397312117466 1.103309929789368 3.4688263745611576 13
stats: {load,"tsung_controller@ip-172-31-19-35"} 1 0.0 0.0 0.0 0.0 0.0 13
stats: {freemem,"tsung_controller@ip-172-31-19-35"} 1 3447.17578125 0.0 3521.65234375 3447.17578125 3493.797175480769 13
stats: session 197 52690.60441624363 21964.22133793645 80336.491 35050.999 47541.47654056795 986
stats: users_count 313 2625
stats: finish_users_count 197 1183
stats: request 1042 29.984761036468292 15.352381318644658 257.386 6.943 22.34794769092812 6691
stats: connect 412 1.3671723300970893 0.39974099249268474 240.159 0.986 1.7961682981927716 2656
stats: page 737 42.156668928086845 30.906948424918852 298.008 7.18 33.942926967566336 4409
stats: 302 390 2968
stats: 200 652 4765
stats: size_rcv 809965 5718820
stats: newphase 0 4
stats: size_sent 793568 5572778
stats: connected 99 1381
# stats: dump at 1575157628
stats: users 1533 1533
stats: {recvpackets,"tsung_controller@ip-172-31-19-35"} 1 4559.0 0.0 4559 614 2074.0 13
stats: {sentpackets,"tsung_controller@ip-172-31-19-35"} 1 4877.0 0.0 4877 661 2316.6923076923076 13
stats: {cpu,"tsung_controller@ip-172-31-19-35"} 1 5.065856129685916 0.0 6.714397312117466 1.103309929789368 3.47720060307611 14
stats: {load,"tsung_controller@ip-172-31-19-35"} 1 0.0 0.0 0.0 0.0 0.0 14
stats: {freemem,"tsung_controller@ip-172-31-19-35"} 1 3443.51953125 0.0 3521.65234375 3443.51953125 3490.4670758928573 14
stats: session 223 54883.1344170404 22336.297043050658 80336.491 35050.999 48398.939086221464 1183
stats: users_count 314 2939
stats: finish_users_count 223 1406
stats: request 1081 30.96575300647546 17.775499527377058 257.386 6.943 23.376986809776284 7733
stats: connect 408 1.455607843137255 0.7729131949949539 240.159 0.986 1.7385586701434166 3068
stats: page 749 44.95554339118823 35.64426505997855 298.008 7.18 35.11928293820443 5146
stats: 302 409 3377
stats: 200 672 5437
stats: size_rcv 834411 6553231
stats: newphase 0 4
stats: size_sent 823112 6395890
stats: connected 91 1472
# stats: dump at 1575157638
stats: users 1613 1614
stats: {recvpackets,"tsung_controller@ip-172-31-19-35"} 1 4588.0 0.0 4588 614 2251.5 14
stats: {sentpackets,"tsung_controller@ip-172-31-19-35"} 1 4984.0 0.0 4984 661 2499.5714285714284 14
stats: {cpu,"tsung_controller@ip-172-31-19-35"} 1 7.381193124368049 0.0 7.381193124368049 1.103309929789368 3.583110971516764 15
stats: {load,"tsung_controller@ip-172-31-19-35"} 1 0.0 0.0 0.0 0.0 0.0 15
stats: {freemem,"tsung_controller@ip-172-31-19-35"} 1 3441.55078125 0.0 3521.65234375 3441.55078125 3487.3372395833335 15
stats: session 227 54345.51393832597 22263.090540496032 80336.491 35050.999 49427.37120483642 1406
stats: users_count 307 3246
stats: finish_users_count 227 1633
stats: request 1114 39.38901166965888 23.026129106030478 257.386 6.943 24.30771704107102 8814
stats: connect 410 1.46789268292683 0.6189732554174456 240.159 0.986 1.7053469505178371 3476
stats: page 784 55.93906632653064 44.527744160078406 298.008 7.18 36.3690469889737 5895
stats: 302 410 3787
stats: 200 704 6141
stats: size_rcv 872808 7426039
stats: newphase 1 5
stats: size_sent 860492 7256382
stats: connected 87 1559
# stats: dump at 1575157648
stats: users 1695 1702
stats: {recvpackets,"tsung_controller@ip-172-31-19-35"} 1 5054.0 0.0 5054 614 2407.266666666667 15
stats: {sentpackets,"tsung_controller@ip-172-31-19-35"} 1 5296.0 0.0 5296 661 2665.2 15
stats: {cpu,"tsung_controller@ip-172-31-19-35"} 1 5.734406438631791 0.0 7.381193124368049 1.103309929789368 3.820491106069969 16
stats: {load,"tsung_controller@ip-172-31-19-35"} 1 0.0 0.0 0.0 0.0 0.0 16
stats: {freemem,"tsung_controller@ip-172-31-19-35"} 1 3440.2421875 0.0 3521.65234375 3440.2421875 3484.4755859375 16
stats: session 270 51645.348307407454 21674.892778110345 80336.491 35050.999 50111.03219718309 1633
stats: users_count 352 3598
stats: finish_users_count 270 1903
stats: request 1236 53.461749999999974 37.573415724553904 257.386 6.943 25.999957393231263 9928
stats: connect 459 1.6042745098039215 1.74747605443106 240.159 0.986 1.6802938754503352 3886
stats: page 888 74.47869594594594 66.41310238574836 380.86 7.18 38.666231471777216 6679
stats: 302 450 4237
stats: 200 786 6927
stats: size_rcv 968366 8394405
stats: newphase 0 5
stats: size_sent 953443 8209825
stats: connected 69 1628
# stats: dump at 1575157658
stats: users 1819 1821
stats: {recvpackets,"tsung_controller@ip-172-31-19-35"} 1 5845.0 0.0 5845 614 2572.6875 16
stats: {sentpackets,"tsung_controller@ip-172-31-19-35"} 1 6017.0 0.0 6017 661 2829.625 16
stats: {cpu,"tsung_controller@ip-172-31-19-35"} 1 8.450704225352112 0.0 8.450704225352112 1.103309929789368 3.9330743609265464 17
stats: {load,"tsung_controller@ip-172-31-19-35"} 1 0.0 0.0 0.0 0.0 0.0 17
stats: {freemem,"tsung_controller@ip-172-31-19-35"} 1 3438.2734375 0.0 3521.65234375 3438.2734375 3481.8736213235293 17
stats: session 240 55020.41868750004 22344.97850611806 80336.491 35050.999 50328.722869679455 1903
stats: users_count 364 3962
stats: finish_users_count 240 2143
stats: request 1233 41.5497437145174 26.339067327413705 257.386 6.943 29.040335005374413 11164
stats: connect 507 1.636145956607494 1.438600258770633 240.159 0.986 1.672263291139241 4345
stats: page 891 57.51992143658807 46.97098264673269 380.86 7.18 42.86888357341087 7567
stats: 302 470 4707
stats: 200 763 7690
stats: size_rcv 977330 9371735
stats: newphase 0 5
stats: size_sent 943105 9152930
stats: connected 143 1771
# stats: dump at 1575157668
stats: users 1933 1937
stats: {recvpackets,"tsung_controller@ip-172-31-19-35"} 1 5492.0 0.0 5845 614 2765.176470588235 17
stats: {sentpackets,"tsung_controller@ip-172-31-19-35"} 1 5715.0 0.0 6017 661 3017.1176470588234 17
stats: {cpu,"tsung_controller@ip-172-31-19-35"} 1 6.559031281533804 0.0 8.450704225352112 1.103309929789368 4.184053797839078 18
stats: {load,"tsung_controller@ip-172-31-19-35"} 1 0.0 0.0 0.0 0.0 0.0 18
stats: {freemem,"tsung_controller@ip-172-31-19-35"} 1 3436.6640625 0.0 3521.65234375 3436.6640625 3479.4513888888887 18
stats: session 280 58124.38711428568 22491.50625130807 80336.491 35050.999 50854.157772281855 2143
stats: users_count 394 4356
stats: finish_users_count 280 2423
stats: request 1328 46.59623945783142 30.968578085220045 257.386 6.943 30.284515124626918 12397
stats: connect 502 1.5625358565737058 1.3995148041236714 240.159 0.986 1.6684892827699922 4852
stats: page 933 66.28956913183279 57.86557155676781 383.586 7.18 44.41228328209979 8458
stats: 302 537 5244
stats: 200 791 8481
stats: size_rcv 987564 10359299
stats: newphase 1 6
stats: size_sent 999053 10151983
stats: connected 53 1824
# stats: dump at 1575157678
stats: users 2046 2049
stats: {recvpackets,"tsung_controller@ip-172-31-19-35"} 1 6292.0 0.0 6292 614 2916.6666666666665 18
stats: {sentpackets,"tsung_controller@ip-172-31-19-35"} 1 6295.0 0.0 6295 661 3167.0 18
stats: {cpu,"tsung_controller@ip-172-31-19-35"} 1 6.435137895812053 0.0 8.450704225352112 1.103309929789368 4.30905261277038 19
stats: {load,"tsung_controller@ip-172-31-19-35"} 1 0.0 0.0 0.0 0.0 0.0 19
stats: {freemem,"tsung_controller@ip-172-31-19-35"} 1 3423.0546875 0.0 3521.65234375 3423.0546875 3477.1994243421054 19
stats: session 288 51769.37635763891 21674.085329590114 80361.761 35050.999 51694.29983408997 2423
stats: users_count 401 4757
stats: finish_users_count 288 2711
stats: request 1381 77.4081093410574 52.4229039425801 289.558 6.943 31.862800728597453 13725
stats: connect 541 1.3701940850277259 0.6112586127990509 240.159 0.986 1.6585549122151666 5354
stats: page 990 105.11488989899 89.89225741286508 553.615 7.18 46.585801299116184 9391
stats: 302 502 5746
stats: 200 879 9360
stats: size_rcv 1096833 11456132
stats: newphase 0 6
stats: size_sent 1084853 11236836
stats: connected -9 1815
# stats: dump at 1575157688
stats: users 2168 2173
stats: {recvpackets,"tsung_controller@ip-172-31-19-35"} 1 6541.0 0.0 6541 614 3094.315789473684 19
stats: {sentpackets,"tsung_controller@ip-172-31-19-35"} 1 6512.0 0.0 6512 661 3331.6315789473683 19
stats: {cpu,"tsung_controller@ip-172-31-19-35"} 1 6.49746192893401 0.0 8.450704225352112 1.103309929789368 4.415356876922463 20
stats: {load,"tsung_controller@ip-172-31-19-35"} 1 0.0703125 0.0 0.0703125 0.0 0.0 20
stats: {freemem,"tsung_controller@ip-172-31-19-35"} 1 3419.3046875 0.0 3521.65234375 3419.3046875 3474.4921875 20
stats: session 281 56973.903765124545 22304.73736037943 81201.749 35050.999 51702.27550313537 2711
stats: users_count 403 5160
stats: finish_users_count 281 2992
stats: request 1361 737.6730095518006 234.9739019813384 1169.56 6.943 36.02658142459952 15106
stats: connect 561 10.61111764705882 33.66752914285645 253.274 0.986 1.632091263782867 5895
stats: page 964 1013.4538952282157 684.4184467595537 2827.963 7.18 52.16751767652443 10381
stats: 302 516 6262
stats: 200 845 10205
stats: size_rcv 1062553 12518685
stats: newphase 0 6
stats: size_sent 1119646 12356482
stats: connected -25 1790
# stats: dump at 1575157698
stats: users 2267 2268
stats: {recvpackets,"tsung_controller@ip-172-31-19-35"} 1 7.1e3 0.0 7100 614 3266.65 20
stats: {sentpackets,"tsung_controller@ip-172-31-19-35"} 1 6899.0 0.0 6899 661 3490.65 20
stats: {cpu,"tsung_controller@ip-172-31-19-35"} 1 6.550665301944729 0.0 8.450704225352112 1.103309929789368 4.514504736542061 21
stats: {load,"tsung_controller@ip-172-31-19-35"} 1 0.05859375 0.0 0.0703125 0.0 0.0033482142857142855 21
stats: {freemem,"tsung_controller@ip-172-31-19-35"} 1 3389.37109375 0.0 3521.65234375 3389.37109375 3471.864211309524 21
stats: session 327 54286.63151070339 21872.80565159426 82052.991 35050.999 52197.37160661765 2992
stats: users_count 426 5586
stats: finish_users_count 327 3319
stats: request 1445 829.4351764705887 95.69927531821635 1169.56 6.943 94.01776310196156 16467
stats: connect 621 1.3922109500805124 0.7952756673393571 253.274 0.986 2.4123319392812888 6456
stats: page 1055 1139.4243895734608 655.8503372222027 2903.273 7.18 133.8493218157779 11345
stats: 302 516 6778
stats: 200 929 11134
stats: size_rcv 1181787 13700472
stats: newphase 1 7
stats: size_sent 1118112 13474594
stats: connected -12 1778
# stats: dump at 1575157708
stats: users 2347 2351
stats: {recvpackets,"tsung_controller@ip-172-31-19-35"} 1 7899.0 0.0 7899 614 3449.190476190476 21
stats: {sentpackets,"tsung_controller@ip-172-31-19-35"} 1 7672.0 0.0 7672 661 3652.9523809523807 21
stats: {cpu,"tsung_controller@ip-172-31-19-35"} 1 6.864754098360656 0.0 8.450704225352112 1.103309929789368 4.607057489514909 22
stats: {load,"tsung_controller@ip-172-31-19-35"} 1 0.05078125 0.0 0.0703125 0.0 0.005859375 22
stats: {freemem,"tsung_controller@ip-172-31-19-35"} 1 3384.9375 0.0 3521.65234375 3384.9375 3468.1145241477275 22
stats: session 358 58621.3060558659 22438.869596292756 82256.64 35050.999 52403.21312172341 3319
stats: users_count 438 6024
stats: finish_users_count 358 3677
stats: request 1554 942.4639954954944 165.20959392454324 1323.15 6.943 153.34548542876294 17912
stats: connect 734 1.284336512261581 0.44155993585269243 253.274 0.979 2.3228172954641795 7077
stats: page 1131 1239.8603934571152 696.738820301496 3520.711 7.18 219.4042973387098 12400
stats: 302 610 7388
stats: 200 944 12078
stats: size_rcv 1196868 14897340
stats: newphase 0 7
stats: size_sent 1244358 14718952
stats: connected 21 1799
# stats: dump at 1575157718
stats: users 2456 2458
stats: {recvpackets,"tsung_controller@ip-172-31-19-35"} 1 8122.0 0.0 8122 614 3651.4545454545455 22
stats: {sentpackets,"tsung_controller@ip-172-31-19-35"} 1 8020.0 0.0 8020 661 3835.6363636363635 22
stats: {cpu,"tsung_controller@ip-172-31-19-35"} 1 6.035379812695109 0.0 8.450704225352112 1.103309929789368 4.705218211638637 23
stats: {load,"tsung_controller@ip-172-31-19-35"} 1 0.0390625 0.0 0.0703125 0.0 0.0078125 23
stats: {freemem,"tsung_controller@ip-172-31-19-35"} 1 3371.0703125 0.0 3521.65234375 3371.0703125 3464.4981317934785 23
stats: session 342 58326.701245614015 22323.17736174065 82559.206 35050.999 53008.61896083764 3677
stats: users_count 451 6475
stats: finish_users_count 342 4019
stats: request 1586 1123.6827622950818 174.1156468436357 1393.804 0.873 216.34200061645944 19466
stats: connect 730 1.2869520547945184 0.8297125969826349 253.274 0.963 2.2252312123927793 7811
stats: page 1141 1567.9598317265538 916.9906120883675 3860.4 0.885 304.6999772374546 13531
stats: 302 590 7978
stats: 200 963 13041
stats: size_rcv 1234323 16131663
stats: newphase 0 7
stats: 502 30 30
stats: size_sent 1215711 15934663
stats: connected 38 1837
stats: 500 3 3
# stats: dump at 1575157728
stats: users 2564 2581
stats: {recvpackets,"tsung_controller@ip-172-31-19-35"} 1 8114.0 0.0 8122 614 3845.8260869565215 23
stats: {sentpackets,"tsung_controller@ip-172-31-19-35"} 1 7981.0 0.0 8020 661 4017.5652173913045 23
stats: {cpu,"tsung_controller@ip-172-31-19-35"} 1 6.6115702479338845 0.0 8.450704225352112 1.103309929789368 4.760641611682657 24
stats: {load,"tsung_controller@ip-172-31-19-35"} 1 0.0390625 0.0 0.0703125 0.0 0.009114583333333334 24
stats: {freemem,"tsung_controller@ip-172-31-19-35"} 1 3367.265625 0.0 3521.65234375 3367.265625 3460.6053059895835 24
stats: session 363 58821.25450688713 22109.88483656797 82655.501 35050.999 53461.165400597165 4019
stats: users_count 471 6946
stats: finish_users_count 363 4382
stats: request 1657 1023.6921285455624 199.21512694256748 1393.804 0.863 284.6985675945278 21052
stats: connect 782 1.4416086956521759 1.1596911994505061 253.274 0.963 2.1450364125980563 8541
stats: page 1211 1389.9016069364134 829.6951917346387 3860.4 0.885 402.94012813522335 14672
stats: 302 637 8615
stats: 200 975 14016
stats: size_rcv 1264817 17396480
stats: newphase 1 8
stats: 502 43 73
stats: size_sent 1284488 17219151
stats: connected -54 1783
stats: 500 2 5
# stats: dump at 1575157738
stats: users 2643 2644
stats: {recvpackets,"tsung_controller@ip-172-31-19-35"} 1 8779.0 0.0 8779 614 4023.6666666666665 24
stats: {sentpackets,"tsung_controller@ip-172-31-19-35"} 1 8774.0 0.0 8774 661 4182.708333333333 24
stats: {cpu,"tsung_controller@ip-172-31-19-35"} 1 10.256410256410255 0.0 10.256410256410255 1.103309929789368 4.834678757132706 25
stats: {load,"tsung_controller@ip-172-31-19-35"} 1 0.1015625 0.0 0.1015625 0.0 0.0103125 25
stats: {freemem,"tsung_controller@ip-172-31-19-35"} 1 3365.5 0.0 3521.65234375 3365.5 3456.87171875 25
stats: session 396 57666.2788181818 21936.014981065033 82655.501 35050.999 53905.189212916484 4382
stats: users_count 475 7421
stats: finish_users_count 396 4778
stats: request 1769 1063.0204827586208 342.56459888890294 1441.381 0.838 338.6204633405256 22709
stats: connect 818 1.455151589242056 1.5051269062492914 253.274 0.963 2.0860338946690975 9323
stats: page 1285 1467.2794739299627 934.3223773346186 3860.4 0.88 478.19104740917925 15883
stats: 302 602 9217
stats: 200 1002 15018
stats: size_rcv 1328698 18725178
stats: newphase 0 8
stats: 502 161 234
stats: size_sent 1368407 18587558
stats: connected 7 1790
stats: 500 4 9
# stats: dump at 1575157748
stats: users 2723 2737
stats: {recvpackets,"tsung_controller@ip-172-31-19-35"} 1 8796.0 0.0 8796 614 4213.88 25
stats: {sentpackets,"tsung_controller@ip-172-31-19-35"} 1 8755.0 0.0 8774 661 4366.36 25
stats: {cpu,"tsung_controller@ip-172-31-19-35"} 1 8.11088295687885 0.0 10.256410256410255 1.103309929789368 5.0432068917203035 26
stats: {load,"tsung_controller@ip-172-31-19-35"} 1 0.08984375 0.0 0.1015625 0.0 0.013822115384615384 26
stats: {freemem,"tsung_controller@ip-172-31-19-35"} 1 3364.9921875 0.0 3521.65234375 3364.9921875 3453.357421875 26
stats: session 392 59365.279808673535 21998.69414780912 82713.88 35050.999 54216.90781561324 4778
stats: users_count 472 7893
stats: finish_users_count 392 5170
stats: request 1754 1065.547313568981 335.7996429396769 1441.381 0.838 390.97211112018937 24478
stats: connect 790 1.415418987341773 0.6816416263170031 253.274 0.963 2.0351452519475397 10141
stats: page 1280 1464.2960593750024 940.6137746642131 3887.305 0.88 552.2228873485552 17168
stats: 302 627 9844
stats: 200 968 15986
stats: size_rcv 1300485 20025663
stats: newphase 0 8
stats: 502 152 386
stats: size_sent 1316793 19904351
stats: connected 18 1808
stats: 500 7 16
# stats: dump at 1575157758
stats: users 2797 2798
stats: {recvpackets,"tsung_controller@ip-172-31-19-35"} 1 8834.0 0.0 8834 614 4390.115384615385 26
stats: {sentpackets,"tsung_controller@ip-172-31-19-35"} 1 8818.0 0.0 8818 661 4535.153846153846 26
stats: {cpu,"tsung_controller@ip-172-31-19-35"} 1 9.406952965235174 0.0 10.256410256410255 1.103309929789368 5.156824523763213 27
stats: {load,"tsung_controller@ip-172-31-19-35"} 1 0.1484375 0.0 0.1484375 0.0 0.016637731481481483 27
stats: {freemem,"tsung_controller@ip-172-31-19-35"} 1 3364.28515625 0.0 3521.65234375 3364.28515625 3450.0846354166665 27
stats: session 447 57511.51131767338 21872.344551433802 82862.304 35050.999 54607.26793578338 5170
stats: users_count 521 8414
stats: finish_users_count 447 5617
stats: request 1892 997.0863208245222 426.7268503809216 1441.381 0.838 436.07751311375375 26232
stats: connect 874 1.455957665903888 1.4224746202019145 253.274 0.963 1.9903566919769462 10931
stats: page 1389 1362.9496573074134 946.3103281902777 3887.305 0.876 615.5063684952297 18448
stats: 302 618 10462
stats: 200 975 16961
stats: size_rcv 1332046 21357709
stats: newphase 1 9
stats: 502 289 675
stats: size_sent 1430634 21334985
stats: connected 9 1817
stats: 500 10 26
# stats: dump at 1575157768
stats: users 2899 2911
stats: {recvpackets,"tsung_controller@ip-172-31-19-35"} 1 9370.0 0.0 9370 614 4554.7037037037035 27
stats: {sentpackets,"tsung_controller@ip-172-31-19-35"} 1 9460.0 0.0 9460 661 4693.777777777777 27
stats: {cpu,"tsung_controller@ip-172-31-19-35"} 1 8.8659793814433 0.0 10.256410256410255 1.103309929789368 5.308614825244354 28
stats: {load,"tsung_controller@ip-172-31-19-35"} 1 0.12890625 0.0 0.1484375 0.0 0.021344866071428572 28
stats: {freemem,"tsung_controller@ip-172-31-19-35"} 1 3350.578125 0.0 3521.65234375 3350.578125 3447.0203683035716 28
stats: session 418 57215.9802392344 22490.53885785026 85121.544 35050.999 54838.38717945523 5617
stats: users_count 520 8934
stats: finish_users_count 418 6035
stats: request 1875 1000.2836794666666 412.09556203037005 1441.381 0.837 473.8185408547854 28124
stats: connect 883 1.375158550396376 0.46604836921669474 253.274 0.963 1.9507916984328673 11805
stats: page 1374 1362.2612663755472 941.6980706826694 3887.305 0.85 667.8428472047182 19837
stats: 302 624 11086
stats: 200 960 17921
stats: size_rcv 1359392 22717101
stats: newphase 0 9
stats: 502 265 940
stats: size_sent 1368842 22703827
stats: connected -9 1808
stats: 500 26 52
# stats: dump at 1575157778
stats: users 2995 3005
stats: {recvpackets,"tsung_controller@ip-172-31-19-35"} 1 9173.0 0.0 9370 614 4726.678571428572 28
stats: {sentpackets,"tsung_controller@ip-172-31-19-35"} 1 9284.0 0.0 9460 661 4864.0 28
stats: {cpu,"tsung_controller@ip-172-31-19-35"} 1 8.60655737704918 0.0 10.256410256410255 1.103309929789368 5.431282568561559 29
stats: {load,"tsung_controller@ip-172-31-19-35"} 1 0.109375 0.0 0.1484375 0.0 0.025053879310344827 29
stats: {freemem,"tsung_controller@ip-172-31-19-35"} 1 3347.90625 0.0 3521.65234375 3347.90625 3443.6947737068967 29
stats: session 441 60066.22830612243 23172.55721584539 85322.839 35050.999 55003.06553885668 6035
stats: users_count 537 9471
stats: finish_users_count 441 6476
stats: request 1992 950.5349116465878 462.27521153025094 1441.381 0.835 506.72370885696137 29999
stats: connect 903 1.8150675526024367 3.8683560601164606 253.274 0.963 1.910731478562421 12688
stats: page 1418 1327.2993265162208 991.1156013111658 3887.305 0.85 712.8256819574748 21211
stats: 302 627 11713
stats: 200 966 18887
stats: size_rcv 1372676 24089777
stats: newphase 0 9
stats: 502 377 1317
stats: size_sent 1456269 24160096
stats: connected 12 1820
stats: 500 22 74
# stats: dump at 1575157788
stats: users 3155 3156
stats: {recvpackets,"tsung_controller@ip-172-31-19-35"} 1 9732.0 0.0 9732 614 4880.0 29
stats: {sentpackets,"tsung_controller@ip-172-31-19-35"} 1 9767.0 0.0 9767 661 5016.413793103448 29
stats: {cpu,"tsung_controller@ip-172-31-19-35"} 1 8.695652173913043 0.0 10.256410256410255 1.103309929789368 5.537125062177813 30
stats: {load,"tsung_controller@ip-172-31-19-35"} 1 0.08984375 0.0 0.1484375 0.0 0.027864583333333335 30
stats: {freemem,"tsung_controller@ip-172-31-19-35"} 1 3347.25 0.0 3521.65234375 3347.25 3440.5018229166667 30
stats: session 434 58656.8968502304 23095.65598042646 85591.923 35011.931 55347.854726683145 6476
stats: users_count 594 10065
stats: finish_users_count 434 6910
stats: request 2099 914.49386183897 518.7754642225993 1515.035 0.802 534.3587285799127 31991
stats: connect 966 1.4174896480331278 0.9911704999836116 253.274 0.963 1.9043754690604076 13591
stats: page 1514 1273.8624663143976 1021.0736692276 3950.971 0.85 751.3304160590393 22629
stats: 302 621 12334
stats: 200 943 19830
stats: size_rcv 1404878 25494655
stats: newphase 1 10
stats: 502 505 1822
stats: size_sent 1471501 25631597
stats: connected -20 1800
stats: 500 30 104
# stats: dump at 1575157798
stats: users 3262 3262
stats: {recvpackets,"tsung_controller@ip-172-31-19-35"} 1 9973.0 0.0 9973 614 5041.733333333334 30
stats: {sentpackets,"tsung_controller@ip-172-31-19-35"} 1 10119.0 0.0 10119 661 5174.766666666666 30
stats: {cpu,"tsung_controller@ip-172-31-19-35"} 1 8.645833333333334 0.0 10.256410256410255 1.103309929789368 5.639013033524111 31
stats: {load,"tsung_controller@ip-172-31-19-35"} 1 0.078125 0.0 0.1484375 0.0 0.029863911290322582 31
stats: {freemem,"tsung_controller@ip-172-31-19-35"} 1 3346.625 0.0 3521.65234375 3346.625 3437.493699596774 31
stats: session 492 59599.44558333338 23560.536174657504 86131.335 35008.746 55555.68747366136 6910
stats: users_count 599 10664
stats: finish_users_count 492 7402
stats: request 2203 863.0480531093962 532.3735151966347 1515.035 0.802 557.7645263127013 34090
stats: connect 1009 1.362771060455896 0.5259791493255584 253.274 0.963 1.8720658102631036 14557
stats: page 1587 1203.3702028985538 985.9750298927848 3950.971 0.85 784.0982379571717 24143
stats: 302 638 12972
stats: 200 925 20755
stats: size_rcv 1407796 26902451
stats: newphase 0 10
stats: 502 602 2424
stats: size_sent 1535299 27166896
stats: connected 33 1833
stats: 500 38 142
# stats: dump at 1575157808
stats: users 3340 3344
stats: {recvpackets,"tsung_controller@ip-172-31-19-35"} 1 9894.0 0.0 9973 614 5200.806451612903 31
stats: {sentpackets,"tsung_controller@ip-172-31-19-35"} 1 10122.0 0.0 10122 661 5334.258064516129 31
stats: {cpu,"tsung_controller@ip-172-31-19-35"} 1 9.743589743589745 0.0 10.256410256410255 1.103309929789368 5.732976167893149 32
stats: {load,"tsung_controller@ip-172-31-19-35"} 1 0.05859375 0.0 0.1484375 0.0 0.0313720703125 32
stats: {freemem,"tsung_controller@ip-172-31-19-35"} 1 3346.1484375 0.0 3521.65234375 3346.1484375 3434.654052734375 32
stats: session 485 58828.74782061854 23406.630032648576 86152.582 35008.746 55824.470098622 7402
stats: users_count 563 11227
stats: finish_users_count 485 7887
stats: request 2088 918.0010502873545 531.2833822994264 1701.274 0.802 576.2953617226459 36293
stats: connect 960 1.611392708333333 1.5708073139806702 253.274 0.963 1.8390529358859051 15566
stats: page 1532 1246.423790469974 977.5964589456128 4099.35 0.85 809.9585025650991 25730
stats: 302 630 13602
stats: 200 884 21639
stats: size_rcv 1361232 28263683
stats: newphase 0 10
stats: 502 508 2932
stats: size_sent 1435554 28602450
stats: connected -27 1806
stats: 500 66 208
# stats: dump at 1575157818
stats: users 2855 3356
stats: {recvpackets,"tsung_controller@ip-172-31-19-35"} 1 9838.0 0.0 9973 614 5347.46875 32
stats: {sentpackets,"tsung_controller@ip-172-31-19-35"} 1 10089.0 0.0 10122 661 5483.875 32
stats: {cpu,"tsung_controller@ip-172-31-19-35"} 1 10.510204081632653 0.0 10.510204081632653 1.103309929789368 5.854509912611228 33
stats: {load,"tsung_controller@ip-172-31-19-35"} 1 0.05078125 0.0 0.1484375 0.0 0.032196969696969696 33
stats: {freemem,"tsung_controller@ip-172-31-19-35"} 1 3344.81640625 0.0 3521.65234375 3344.81640625 3431.9720643939395 33
stats: session 554 59307.72997653425 23506.424139637187 86152.582 35008.746 56009.21394231013 7887
stats: users_count 69 11296
stats: finish_users_count 554 8441
stats: request 1502 653.8272343541952 494.23372795735844 1701.274 0.802 594.8848064406864 38381
stats: connect 511 1.437821917808218 0.9331815335447674 253.274 0.963 1.8258280890717655 16526
stats: page 1327 802.7047264506399 874.7390154960798 4099.35 0.85 834.4858600983055 27262
stats: 302 367 13969
stats: 200 924 22563
stats: size_rcv 1265058 29528741
stats: newphase 0 10
stats: 502 112 3044
stats: size_sent 1091732 29694182
stats: connected -144 1662
stats: 500 99 307
# stats: dump at 1575157828
stats: users 2268 3356
stats: {recvpackets,"tsung_controller@ip-172-31-19-35"} 1 6439.0 0.0 9973 614 5483.545454545455 33
stats: {sentpackets,"tsung_controller@ip-172-31-19-35"} 1 7099.0 0.0 10122 661 5623.424242424242 33
stats: {cpu,"tsung_controller@ip-172-31-19-35"} 1 5.708460754332314 0.0 10.510204081632653 1.103309929789368 5.991442094053035 34
stats: {load,"tsung_controller@ip-172-31-19-35"} 1 0.05078125 0.0 0.1484375 0.0 0.03274356617647059 34
stats: {freemem,"tsung_controller@ip-172-31-19-35"} 1 3344.6796875 0.0 3521.65234375 3344.6796875 3429.4086626838234 34
stats: session 587 57576.394160136275 23703.740131672857 86152.582 35008.746 56225.70225921099 8441
stats: users_count 0 11296
stats: finish_users_count 587 9028
stats: request 1134 54.14164109347445 37.57961323522509 1701.274 0.802 597.1045874683444 39883
stats: connect 364 1.4549505494505504 1.239192801686826 253.274 0.963 1.8141904091095848 17037
stats: page 1134 54.14164109347445 37.57961323522509 4099.35 0.85 833.010692574067 28589
stats: 302 262 14231
stats: 200 764 23327
stats: size_rcv 1003056 30531797
stats: newphase 0 10
stats: 502 0 3044
stats: size_sent 981311 30675493
stats: connected -227 1435
stats: 500 108 415
# stats: dump at 1575157838
stats: users 1718 3356
stats: {recvpackets,"tsung_controller@ip-172-31-19-35"} 1 5303.0 0.0 9973 614 5511.64705882353 34
stats: {sentpackets,"tsung_controller@ip-172-31-19-35"} 1 6081.0 0.0 10122 661 5666.823529411765 34
stats: {cpu,"tsung_controller@ip-172-31-19-35"} 1 5.544354838709677 0.0 10.510204081632653 1.103309929789368 5.983356912918158 35
stats: {load,"tsung_controller@ip-172-31-19-35"} 1 0.0390625 0.0 0.1484375 0.0 0.03325892857142857 35
stats: {freemem,"tsung_controller@ip-172-31-19-35"} 1 3344.75 0.0 3521.65234375 3344.6796875 3426.9878348214284 35
stats: session 550 57683.69736363636 23432.713493233474 86152.582 35008.746 56313.524162826754 9028
stats: users_count 0 11296
stats: finish_users_count 550 9578
stats: request 1081 39.414125809435625 25.041059407217404 1701.274 0.802 582.0932511641511 41017
stats: connect 247 1.5545141700404854 1.1851620120213442 253.274 0.963 1.8066757082926266 17401
stats: page 1081 39.414125809435625 25.041059407217404 4099.35 0.85 803.2950681627024 29723
stats: 302 251 14482
stats: 200 731 24058
stats: size_rcv 933587 31465384
stats: newphase 0 10
stats: 502 0 3044
stats: size_sent 940589 31616082
stats: connected -299 1136
stats: 500 99 514
# stats: dump at 1575157848
stats: users 1286 3356
stats: {recvpackets,"tsung_controller@ip-172-31-19-35"} 1 5008.0 0.0 9973 614 5505.685714285714 35
stats: {sentpackets,"tsung_controller@ip-172-31-19-35"} 1 5994.0 0.0 10122 661 5678.657142857143 35
stats: {cpu,"tsung_controller@ip-172-31-19-35"} 1 7.3219658976930795 0.0 10.510204081632653 1.103309929789368 5.97116241085681 36
stats: {load,"tsung_controller@ip-172-31-19-35"} 1 0.03125 0.0 0.1484375 0.0 0.03342013888888889 36
stats: {freemem,"tsung_controller@ip-172-31-19-35"} 1 3344.7578125 0.0 3521.65234375 3344.6796875 3424.703450520833 36
stats: session 432 62576.64643287038 23293.49991259978 86152.582 35008.746 56392.20397703069 9578
stats: users_count 0 11296
stats: finish_users_count 432 10010
stats: request 792 29.451397727272752 21.710575166034758 1701.274 0.802 568.1582391800081 42098
stats: connect 286 1.5991503496503507 1.3934087053166873 253.274 0.963 1.8031464755213054 17648
stats: page 792 29.451397727272752 21.710575166034758 4099.35 0.85 776.4883125892741 30804
stats: 302 249 14731
stats: 200 483 24541
stats: size_rcv 562983 32028367
stats: newphase 0 10
stats: 502 0 3044
stats: size_sent 718350 32334432
stats: connected -208 928
stats: 500 60 574
# stats: dump at 1575157858
stats: users 997 3356
stats: {recvpackets,"tsung_controller@ip-172-31-19-35"} 1 3771.0 0.0 9973 614 5491.861111111111 36
stats: {sentpackets,"tsung_controller@ip-172-31-19-35"} 1 4476.0 0.0 10122 661 5687.416666666668 36
stats: {cpu,"tsung_controller@ip-172-31-19-35"} 1 4.334677419354839 0.0 10.510204081632653 1.103309929789368 6.007670613203737 37
stats: {load,"tsung_controller@ip-172-31-19-35"} 1 0.03125 0.0 0.1484375 0.0 0.033361486486486486 37
stats: {freemem,"tsung_controller@ip-172-31-19-35"} 1 3344.640625 0.0 3521.65234375 3344.640625 3422.542757601351 37
stats: session 289 82782.96709688583 1238.271098686514 86152.582 35008.746 56659.10499010989 10010
stats: users_count 0 11296
stats: finish_users_count 289 10299
stats: request 584 16.931554794520533 8.290943986383802 1701.274 0.802 558.2105633014684 42890
stats: connect 299 1.4218494983277594 0.3970042089169102 253.274 0.963 1.7998932753429238 17934
stats: page 584 16.931554794520533 8.290943986383802 4099.35 0.85 757.762738574503 31596
stats: 302 286 15017
stats: 200 239 24780
stats: size_rcv 459437 32487804
stats: newphase 0 10
stats: 502 0 3044
stats: size_sent 516592 32851024
stats: connected -94 834
stats: 500 59 633
# stats: dump at 1575157868
stats: users 699 3356
stats: {recvpackets,"tsung_controller@ip-172-31-19-35"} 1 3146.0 0.0 9973 614 5445.351351351352 37
stats: {sentpackets,"tsung_controller@ip-172-31-19-35"} 1 3696.0 0.0 10122 661 5654.675675675678 37
stats: {cpu,"tsung_controller@ip-172-31-19-35"} 1 3.1313131313131315 0.0 10.510204081632653 1.103309929789368 5.963644476523503 38
stats: {load,"tsung_controller@ip-172-31-19-35"} 1 0.01953125 0.0 0.1484375 0.0 0.03330592105263158 38
stats: {freemem,"tsung_controller@ip-172-31-19-35"} 1 3344.6484375 0.0 3521.65234375 3344.640625 3420.492701480263 38
stats: session 298 82723.21136241608 1351.7791784703513 86152.582 35008.746 57392.166078454225 10299
stats: users_count 0 11296
stats: finish_users_count 298 10597
stats: request 607 17.331397034596375 8.311345141322134 1701.274 0.802 550.9393910843258 43474
stats: connect 309 1.3758414239482188 0.24813318032310866 253.274 0.963 1.7936937969615532 18233
stats: page 607 17.331397034596375 8.311345141322134 4099.35 0.85 744.3181950279677 32180
stats: 302 298 15315
stats: 200 243 25023
stats: size_rcv 378834 32866638
stats: newphase 0 10
stats: 502 0 3044
stats: size_sent 520626 33371650
stats: connected -277 557
stats: 500 66 699
# stats: dump at 1575157878
stats: users 391 3356
stats: {recvpackets,"tsung_controller@ip-172-31-19-35"} 1 3389.0 0.0 9973 614 5384.8421052631575 38
stats: {sentpackets,"tsung_controller@ip-172-31-19-35"} 1 3865.0 0.0 10122 661 5603.131578947371 38
stats: {cpu,"tsung_controller@ip-172-31-19-35"} 1 3.4378159757330633 0.0 10.510204081632653 1.103309929789368 5.891020595877083 39
stats: {load,"tsung_controller@ip-172-31-19-35"} 1 0.01953125 0.0 0.1484375 0.0 0.03295272435897436 39
stats: {freemem,"tsung_controller@ip-172-31-19-35"} 1 3392.953125 0.0 3521.65234375 3344.640625 3418.5479767628203 39
stats: session 308 82489.66460389615 1358.5574258710083 86152.582 35008.746 58104.5046171558 10597
stats: users_count 0 11296
stats: finish_users_count 308 10905
stats: request 587 16.572155025553656 8.095439386897917 1701.274 0.802 543.5915529593244 44081
stats: connect 277 1.3089819494584853 0.24173353254608762 253.274 0.963 1.786730341926437 18542
stats: page 587 16.572155025553656 8.095439386897917 4099.35 0.85 730.8591720498978 32787
stats: 302 309 15624
stats: 200 214 25237
stats: size_rcv 353188 33219826
stats: newphase 0 10
stats: 502 0 3044
stats: size_sent 494213 33865863
stats: connected -279 278
stats: 500 64 763
# stats: dump at 1575157888
stats: users 114 3356
stats: {recvpackets,"tsung_controller@ip-172-31-19-35"} 1 3172.0 0.0 9973 614 5333.666666666666 39
stats: {sentpackets,"tsung_controller@ip-172-31-19-35"} 1 3725.0 0.0 10122 661 5558.564102564104 39
stats: {cpu,"tsung_controller@ip-172-31-19-35"} 1 3.91566265060241 0.0 10.510204081632653 1.103309929789368 5.829690480373483 40
stats: {load,"tsung_controller@ip-172-31-19-35"} 1 0.01953125 0.0 0.1484375 0.0 0.0326171875 40
stats: {freemem,"tsung_controller@ip-172-31-19-35"} 1 3396.96875 0.0 3521.65234375 3344.640625 3417.90810546875 40
stats: session 277 82611.30425631774 1378.9530273878772 86152.582 35008.746 58793.23724218248 10905
stats: users_count 0 11296
stats: finish_users_count 277 11182
stats: request 396 12.802780303030305 6.94559782205777 1701.274 0.802 536.6657808945997 44668
stats: connect 118 1.30235593220339 0.19786845165342606 253.274 0.963 1.7796982836495032 18819
stats: page 396 12.802780303030305 6.94559782205777 4099.35 0.85 718.2959048660633 33374
stats: 302 278 15902
stats: 200 108 25345
stats: size_rcv 139067 33358893
stats: newphase 0 10
stats: 502 0 3044
stats: size_sent 346524 34212387
stats: connected -160 118
stats: 500 10 773
# stats: dump at 1575157895
stats: users 0 3356
stats: {recvpackets,"tsung_controller@ip-172-31-19-35"} 1 1464.0 0.0 9973 614 5279.624999999999 40
stats: {sentpackets,"tsung_controller@ip-172-31-19-35"} 1 1987.0 0.0 10122 661 5512.725000000001 40
stats: {cpu,"tsung_controller@ip-172-31-19-35"} 1 1.6080402010050252 0.0 10.510204081632653 1.103309929789368 5.78300687476931 41
stats: {load,"tsung_controller@ip-172-31-19-35"} 1 0.01171875 0.0 0.1484375 0.0 0.032298018292682924 41
stats: {freemem,"tsung_controller@ip-172-31-19-35"} 1 3398.23046875 0.0 3521.65234375 3344.640625 3417.3973894817073 41
stats: session 114 83058.74798245612 813.5187045501604 86152.582 35008.746 59383.257324718295 11182
stats: users_count 0 11296
stats: finish_users_count 114 11296
stats: request 118 9.305220338983052 1.9255114184645001 1701.274 0.802 532.0623336144147 45064
stats: connect 0 0 0 253.274 0.963 1.7767238738976607 18937
stats: page 118 9.305220338983052 1.9255114184645001 4099.35 0.85 710.0230213206988 33770
stats: 302 118 16020
stats: 200 0 25345
stats: size_rcv 15458 33374351
stats: newphase 0 10
stats: 502 0 3044
stats: size_sent 114302 34326689
stats: connected -118 0
stats: 500 0 773
EndMonitor:{1575,157895,160576}
