# stats: dump at 1574037343
stats: users 16 16
stats: {cpu,"tsung_controller@ip-172-31-16-50"} 1 0.641399416909621 0 0.641399416909621 0.641399416909621 0 0
stats: {load,"tsung_controller@ip-172-31-16-50"} 1 0.0 0 0.0 0.0 0 0
stats: {freemem,"tsung_controller@ip-172-31-16-50"} 1 3523.1484375 0 3523.1484375 3523.1484375 0 0
stats: users_count 16 16
stats: finish_users_count 0 0
stats: request 34 19.22302941176471 12.961314520038862 81.38 12.276 0 0
stats: connect 16 2.3761249999999996 3.0887340221156947 13.747 1.084 0 0
stats: page 16 41.004124999999995 25.364996160740397 104.786 12.724 0 0
stats: 302 16 16
stats: 200 18 18
stats: size_rcv 20603 20603
stats: size_sent 20237 20237
stats: connected 16 16
# stats: dump at 1574037353
stats: users 23 23
stats: {recvpackets,"tsung_controller@ip-172-31-16-50"} 1 133 0 133 133 0 0
stats: {sentpackets,"tsung_controller@ip-172-31-16-50"} 1 140 0 140 140 0 0
stats: {cpu,"tsung_controller@ip-172-31-16-50"} 1 0.7976071784646062 0.0 0.7976071784646062 0.641399416909621 0.641399416909621 1
stats: {load,"tsung_controller@ip-172-31-16-50"} 1 0.078125 0.0 0.078125 0.0 0.0 1
stats: {freemem,"tsung_controller@ip-172-31-16-50"} 1 3524.140625 0.0 3524.140625 3523.1484375 3523.1484375 1
stats: users_count 7 23
stats: finish_users_count 0 0
stats: request 11 18.310181818181817 3.7431503216646953 81.38 12.276 19.22302941176471 34
stats: connect 7 2.96 2.8789786879576384 13.747 1.084 2.3761249999999996 16
stats: page 7 28.805857142857143 13.50034398957059 104.786 12.724 41.004124999999995 16
stats: 302 7 23
stats: 200 4 22
stats: size_rcv 4883 25486
stats: size_sent 5228 25465
stats: connected 7 23
# stats: dump at 1574037363
stats: users 32 32
stats: {recvpackets,"tsung_controller@ip-172-31-16-50"} 1 44.0 0.0 133 44 133.0 1
stats: {sentpackets,"tsung_controller@ip-172-31-16-50"} 1 48.0 0.0 140 48 140.0 1
stats: {cpu,"tsung_controller@ip-172-31-16-50"} 1 0.1998001998001998 0.0 0.7976071784646062 0.1998001998001998 0.7195032976871136 2
stats: {load,"tsung_controller@ip-172-31-16-50"} 1 0.0703125 0.0 0.078125 0.0 0.0390625 2
stats: {freemem,"tsung_controller@ip-172-31-16-50"} 1 3524.171875 0.0 3524.171875 3523.1484375 3523.64453125 2
stats: users_count 9 32
stats: finish_users_count 0 0
stats: request 18 16.448055555555555 4.825468848518731 81.38 12.276 18.99988888888889 45
stats: connect 8 1.651875 0.7383351944577747 13.747 1.084 2.5538260869565215 23
stats: page 8 37.0865 16.898118038704784 104.786 12.724 37.291608695652165 23
stats: 302 8 31
stats: 200 10 32
stats: size_rcv 11288 36774
stats: size_sent 11199 36664
stats: connected 8 31
# stats: dump at 1574037373
stats: users 32 34
stats: {recvpackets,"tsung_controller@ip-172-31-16-50"} 1 71.0 0.0 133 44 88.5 2
stats: {sentpackets,"tsung_controller@ip-172-31-16-50"} 1 76.0 0.0 140 48 94.0 2
stats: {cpu,"tsung_controller@ip-172-31-16-50"} 1 0.2997002997002997 0.0 0.7976071784646062 0.1998001998001998 0.546268931724809 3
stats: {load,"tsung_controller@ip-172-31-16-50"} 1 0.05859375 0.0 0.078125 0.0 0.049479166666666664 3
stats: {freemem,"tsung_controller@ip-172-31-16-50"} 1 3524.05859375 0.0 3524.171875 3523.1484375 3523.8203125 3
stats: session 7 30071.028 31.82853338033043 30141.989 30048.857 0 0
stats: users_count 7 39
stats: finish_users_count 7 7
stats: request 29 18.95389655172414 7.484710444471069 81.38 12.276 18.27079365079365 63
stats: connect 7 1.2474285714285716 0.08713184942185875 13.747 1.084 2.3210645161290318 31
stats: page 14 39.33157142857143 15.18424541007782 104.786 12.724 37.238677419354836 31
stats: 302 7 38
stats: 200 22 54
stats: size_rcv 23028 59802
stats: size_sent 23215 59879
stats: connected 0 31
# stats: dump at 1574037383
stats: users 37 38
stats: {recvpackets,"tsung_controller@ip-172-31-16-50"} 1 111.0 0.0 133 44 82.66666666666667 3
stats: {sentpackets,"tsung_controller@ip-172-31-16-50"} 1 115.0 0.0 140 48 88.0 3
stats: {cpu,"tsung_controller@ip-172-31-16-50"} 1 0.4985044865403789 0.0 0.7976071784646062 0.1998001998001998 0.4846267737186817 4
stats: {load,"tsung_controller@ip-172-31-16-50"} 1 0.05078125 0.0 0.078125 0.0 0.0517578125 4
stats: {freemem,"tsung_controller@ip-172-31-16-50"} 1 3523.4609375 0.0 3524.171875 3523.1484375 3523.8798828125 4
stats: session 5 30058.95 2.3740028643610174 30141.989 30048.857 30071.028 7
stats: users_count 10 49
stats: finish_users_count 5 12
stats: request 30 15.166699999999999 2.939142042047872 81.38 12.276 18.48611956521739 92
stats: connect 10 1.2075 0.1036978784739592 13.747 1.057 2.1232894736842103 38
stats: page 15 30.386533333333333 12.763366488335105 104.786 12.383 37.8898 45
stats: 302 10 48
stats: 200 20 74
stats: size_rcv 21585 81387
stats: size_sent 21650 81529
stats: connected 5 36
# stats: dump at 1574037393
stats: users 43 44
stats: {recvpackets,"tsung_controller@ip-172-31-16-50"} 1 127.0 0.0 133 44 89.75 4
stats: {sentpackets,"tsung_controller@ip-172-31-16-50"} 1 134.0 0.0 140 48 94.75 4
stats: {cpu,"tsung_controller@ip-172-31-16-50"} 1 0.4 0.0 0.7976071784646062 0.1998001998001998 0.4874023162830211 5
stats: {load,"tsung_controller@ip-172-31-16-50"} 1 0.0390625 0.0 0.078125 0.0 0.0515625 5
stats: {freemem,"tsung_controller@ip-172-31-16-50"} 1 3523.9375 0.0 3524.171875 3523.1484375 3523.79609375 5
stats: session 4 30060.754 7.768731717595368 30141.989 30048.857 30065.9955 12
stats: users_count 10 59
stats: finish_users_count 4 16
stats: request 31 16.33235483870968 4.552671768195923 81.38 12.15 17.669868852459018 122
stats: connect 11 1.6282727272727273 1.0712466901112834 13.747 1.057 1.9324999999999999 48
stats: page 14 36.237857142857145 16.432135166266402 104.786 12.383 36.013983333333336 60
stats: 302 11 59
stats: 200 20 94
stats: size_rcv 21798 103185
stats: size_sent 21676 103205
stats: connected 8 44
# stats: dump at 1574037403
stats: users 46 46
stats: {recvpackets,"tsung_controller@ip-172-31-16-50"} 1 142.0 0.0 142 44 97.2 5
stats: {sentpackets,"tsung_controller@ip-172-31-16-50"} 1 148.0 0.0 148 48 102.6 5
stats: {cpu,"tsung_controller@ip-172-31-16-50"} 1 0.19940179461615154 0.0 0.7976071784646062 0.19940179461615154 0.4728352635691842 6
stats: {load,"tsung_controller@ip-172-31-16-50"} 1 0.03125 0.0 0.078125 0.0 0.049479166666666664 6
stats: {freemem,"tsung_controller@ip-172-31-16-50"} 1 3523.84765625 0.0 3524.171875 3523.1484375 3523.8196614583335 6
stats: session 3 30052.57633333333 3.553712268725712 30141.989 30048.857 30064.685125 16
stats: users_count 6 65
stats: finish_users_count 3 19
stats: request 19 25.850789473684216 38.026790934784174 185.936 12.15 17.39886928104575 153
stats: connect 5 3.0851999999999995 3.870175882308193 13.747 1.057 1.875779661016949 59
stats: page 8 61.470375 59.53074832163942 215.857 12.383 36.05633783783784 74
stats: 302 5 64
stats: 200 14 108
stats: size_rcv 14738 117923
stats: size_sent 14825 118030
stats: connected -2 42
# stats: dump at 1574037413
stats: users 55 55
stats: {recvpackets,"tsung_controller@ip-172-31-16-50"} 1 64.0 0.0 142 44 104.66666666666667 6
stats: {sentpackets,"tsung_controller@ip-172-31-16-50"} 1 63.0 0.0 148 48 110.16666666666667 6
stats: {cpu,"tsung_controller@ip-172-31-16-50"} 1 0.1 0.0 0.7976071784646062 0.1 0.4337733394330367 7
stats: {load,"tsung_controller@ip-172-31-16-50"} 1 0.03125 0.0 0.078125 0.0 0.046875 7
stats: {freemem,"tsung_controller@ip-172-31-16-50"} 1 3523.61328125 0.0 3524.171875 3523.1484375 3523.823660714286 7
stats: session 4 30051.67975 2.436781932692089 30141.989 30048.857 30062.773210526317 19
stats: users_count 13 78
stats: finish_users_count 4 23
stats: request 33 15.049575757575756 3.3844610513192728 185.936 7.95 18.332511627906978 172
stats: connect 13 1.5053076923076922 0.9890273687288309 13.747 0.834 1.970265625 64
stats: page 18 27.634333333333334 12.988788041144478 215.857 7.95 38.53575609756097 82
stats: 302 13 77
stats: 200 20 128
stats: size_rcv 21978 139901
stats: size_sent 22252 140282
stats: connected 2 44
# stats: dump at 1574037423
stats: users 60 60
stats: {recvpackets,"tsung_controller@ip-172-31-16-50"} 1 231.0 0.0 231 44 98.85714285714286 7
stats: {sentpackets,"tsung_controller@ip-172-31-16-50"} 1 301.0 0.0 301 48 103.42857142857143 7
stats: {cpu,"tsung_controller@ip-172-31-16-50"} 1 2.0874751491053676 0.0 2.0874751491053676 0.1 0.3920516720039071 8
stats: {load,"tsung_controller@ip-172-31-16-50"} 1 0.1015625 0.0 0.1015625 0.0 0.044921875 8
stats: {freemem,"tsung_controller@ip-172-31-16-50"} 1 3522.3984375 0.0 3524.171875 3522.3984375 3523.79736328125 8
stats: session 4 30060.561499999996 11.039654263153588 30141.989 30048.836 30060.843913043478 23
stats: users_count 9 87
stats: finish_users_count 4 27
stats: request 30 17.511266666666664 5.707612991629882 185.936 7.95 17.804039024390246 205
stats: connect 10 1.8305 1.286138503427994 13.747 0.834 1.8917662337662338 77
stats: page 14 37.58878571428573 17.895274077566526 215.857 7.95 36.573499999999996 100
stats: 302 10 87
stats: 200 20 148
stats: size_rcv 21626 161527
stats: size_sent 21668 161950
stats: connected 2 46
# stats: dump at 1574037433
stats: users 70 70
stats: {recvpackets,"tsung_controller@ip-172-31-16-50"} 1 379.0 0.0 379 44 115.375 8
stats: {sentpackets,"tsung_controller@ip-172-31-16-50"} 1 456.0 0.0 456 48 128.125 8
stats: {cpu,"tsung_controller@ip-172-31-16-50"} 1 3.306613226452906 0.0 3.306613226452906 0.1 0.5804320583485139 9
stats: {load,"tsung_controller@ip-172-31-16-50"} 1 0.08984375 0.0 0.1015625 0.0 0.051215277777777776 9
stats: {freemem,"tsung_controller@ip-172-31-16-50"} 1 3520.546875 0.0 3524.171875 3520.546875 3523.6419270833335 9
stats: session 1 30058.067 0.0 30141.989 30048.836 30060.802074074072 27
stats: users_count 11 98
stats: finish_users_count 1 28
stats: request 29 15.520689655172417 3.9717845993565764 185.936 7.95 17.766663829787234 235
stats: connect 11 2.761454545454545 3.317940691114304 13.747 0.834 1.8847241379310344 87
stats: page 12 37.589999999999996 14.333296934062313 215.857 7.95 36.698184210526314 114
stats: 302 11 98
stats: 200 18 166
stats: size_rcv 19702 181229
stats: size_sent 19581 181531
stats: connected 7 53
# stats: dump at 1574037443
stats: users 62 72
stats: {recvpackets,"tsung_controller@ip-172-31-16-50"} 1 203.0 0.0 379 44 144.66666666666666 9
stats: {sentpackets,"tsung_controller@ip-172-31-16-50"} 1 226.0 0.0 456 48 164.55555555555554 9
stats: {cpu,"tsung_controller@ip-172-31-16-50"} 1 0.5970149253731344 0.0 3.306613226452906 0.1 0.853050175158953 10
stats: {load,"tsung_controller@ip-172-31-16-50"} 1 0.0703125 0.0 0.1015625 0.0 0.055078125 10
stats: {freemem,"tsung_controller@ip-172-31-16-50"} 1 3520.578125 0.0 3524.171875 3520.546875 3523.332421875 10
stats: session 18 65069.97705555553 35013.92140677107 100138.72 30046.066 30060.704392857144 28
stats: users_count 10 108
stats: finish_users_count 18 46
stats: request 60 16.847500000000007 6.1577162879864265 185.936 6.822 17.51994696969697 264
stats: connect 19 1.7324736842105268 1.7995891451697366 13.747 0.834 1.9831326530612245 98
stats: page 27 37.507851851851854 12.118344813343494 215.857 7.95 36.783119047619046 126
stats: 302 19 117
stats: 200 41 207
stats: size_rcv 52343 233572
stats: size_sent 51885 233416
stats: connected -5 48
# stats: dump at 1574037453
stats: users 63 72
stats: {recvpackets,"tsung_controller@ip-172-31-16-50"} 1 389.0 0.0 389 44 150.5 10
stats: {sentpackets,"tsung_controller@ip-172-31-16-50"} 1 441.0 0.0 456 48 170.7 10
stats: {cpu,"tsung_controller@ip-172-31-16-50"} 1 2.1868787276341948 0.0 3.306613226452906 0.1 0.8297742433602422 11
stats: {load,"tsung_controller@ip-172-31-16-50"} 1 0.05859375 0.0 0.1015625 0.0 0.056463068181818184 11
stats: {freemem,"tsung_controller@ip-172-31-16-50"} 1 3519.859375 0.0 3524.171875 3519.859375 3523.08203125 11
stats: session 5 58065.8174 34306.402648806 100138.72 30046.066 43759.98499999999 46
stats: users_count 6 114
stats: finish_users_count 5 51
stats: request 26 17.185000000000002 5.421454651517574 185.936 6.822 17.395419753086422 324
stats: connect 8 1.2541250000000002 0.09705853581730986 13.747 0.834 1.9424273504273506 117
stats: page 12 37.29141666666666 13.893607597610814 215.857 7.95 36.911013071895425 153
stats: 302 8 125
stats: 200 18 225
stats: size_rcv 21140 254712
stats: size_sent 21078 254494
stats: connected -3 45
# stats: dump at 1574037463
stats: users 135 135
stats: {recvpackets,"tsung_controller@ip-172-31-16-50"} 1 97.0 0.0 389 44 172.1818181818182 11
stats: {sentpackets,"tsung_controller@ip-172-31-16-50"} 1 96.0 0.0 456 48 195.27272727272728 11
stats: {cpu,"tsung_controller@ip-172-31-16-50"} 1 0.1998001998001998 0.0 3.306613226452906 0.1 0.9428662837164049 12
stats: {load,"tsung_controller@ip-172-31-16-50"} 1 0.05078125 0.0 0.1015625 0.0 0.056640625 12
stats: {freemem,"tsung_controller@ip-172-31-16-50"} 1 3520.33203125 0.0 3524.171875 3519.859375 3522.8134765625 12
stats: session 8 73818.655375 33898.855371861275 100138.72 30046.066 45162.517588235285 51
stats: users_count 80 194
stats: finish_users_count 8 59
stats: request 173 16.942815028901737 8.679724475556009 185.936 6.551 17.379788571428573 350
stats: connect 84 1.5724166666666672 2.6840902964032387 25.014 0.787 1.8983760000000003 125
stats: page 87 33.74317241379311 20.564738070051213 215.857 7.95 36.93867878787879 165
stats: 302 84 209
stats: 200 89 314
stats: size_rcv 105797 360509
stats: newphase 1 1
stats: size_sent 106963 361457
stats: connected 72 117
# stats: dump at 1574037473
stats: users 142 148
stats: {recvpackets,"tsung_controller@ip-172-31-16-50"} 1 731.0 0.0 731 44 165.91666666666666 12
stats: {sentpackets,"tsung_controller@ip-172-31-16-50"} 1 774.0 0.0 774 48 187.0 12
stats: {cpu,"tsung_controller@ip-172-31-16-50"} 1 1.1964107676969093 0.0 3.306613226452906 0.1 0.8857073541843891 13
stats: {load,"tsung_controller@ip-172-31-16-50"} 1 0.0390625 0.0 0.1015625 0.0 0.05618990384615385 13
stats: {freemem,"tsung_controller@ip-172-31-16-50"} 1 3519.19140625 0.0 3524.171875 3519.19140625 3522.622596153846 13
stats: session 6 76742.3605 33005.504620929896 100138.72 30046.066 49048.095593220336 59
stats: users_count 13 207
stats: finish_users_count 6 65
stats: request 40 16.662124999999993 5.3096815120471215 185.936 6.551 17.235244741873807 523
stats: connect 18 1.2141111111111114 0.37765841251481463 25.014 0.787 1.7673684210526321 209
stats: page 20 33.37545 17.983862439629036 215.857 7.95 35.83546825396826 252
stats: 302 18 227
stats: 200 22 336
stats: size_rcv 28192 388701
stats: newphase 0 1
stats: size_sent 28491 389948
stats: connected 7 124
# stats: dump at 1574037483
stats: users 134 148
stats: {recvpackets,"tsung_controller@ip-172-31-16-50"} 1 113.0 0.0 731 44 209.3846153846154 13
stats: {sentpackets,"tsung_controller@ip-172-31-16-50"} 1 115.0 0.0 774 48 232.15384615384616 13
stats: {cpu,"tsung_controller@ip-172-31-16-50"} 1 0.1998001998001998 0.0 3.306613226452906 0.1 0.9079004551495691 14
stats: {load,"tsung_controller@ip-172-31-16-50"} 1 0.0390625 0.0 0.1015625 0.0 0.054966517857142856 14
stats: {freemem,"tsung_controller@ip-172-31-16-50"} 1 3518.47265625 0.0 3524.171875 3518.47265625 3522.377511160714 14
stats: session 8 82564.99974999999 30318.75813461403 100138.72 30046.066 51604.489276923065 65
stats: users_count 0 207
stats: finish_users_count 8 73
stats: request 14 13.724142857142857 5.617224414463871 185.936 6.551 17.19452575488455 563
stats: connect 5 1.7614 0.6767867019970177 25.014 0.787 1.7234977973568286 227
stats: page 7 27.497857142857146 5.735513513653866 215.857 7.95 35.65458455882353 272
stats: 302 5 232
stats: 200 9 345
stats: size_rcv 10836 399537
stats: newphase 0 1
stats: size_sent 14391 404339
stats: connected -8 116
# stats: dump at 1574037493
stats: users 88 148
stats: {recvpackets,"tsung_controller@ip-172-31-16-50"} 1 89.0 0.0 731 44 202.5 14
stats: {sentpackets,"tsung_controller@ip-172-31-16-50"} 1 93.0 0.0 774 48 223.78571428571428 14
stats: {cpu,"tsung_controller@ip-172-31-16-50"} 1 0.1 0.0 3.306613226452906 0.1 0.860693771459611 15
stats: {load,"tsung_controller@ip-172-31-16-50"} 1 0.03125 0.0 0.1015625 0.0 0.05390625 15
stats: {freemem,"tsung_controller@ip-172-31-16-50"} 1 3518.23828125 0.0 3524.171875 3518.23828125 3522.1171875 15
stats: session 46 39192.977869565206 23580.114742775833 100138.72 30046.066 54997.42193150683 73
stats: users_count 0 207
stats: finish_users_count 46 119
stats: request 94 19.145819148936155 6.152679566682439 185.936 6.551 17.110322357019065 577
stats: connect 7 1.7930000000000004 1.3337491732491749 25.014 0.787 1.7243146551724142 232
stats: page 47 38.34910638297872 8.968822805730836 215.857 7.95 35.44993548387097 279
stats: 302 7 239
stats: 200 87 432
stats: size_rcv 91236 490773
stats: newphase 0 1
stats: size_sent 95583 499922
stats: connected -47 69
# stats: dump at 1574037503
stats: users 77 148
stats: {recvpackets,"tsung_controller@ip-172-31-16-50"} 1 400.0 0.0 731 44 194.93333333333334 15
stats: {sentpackets,"tsung_controller@ip-172-31-16-50"} 1 436.0 0.0 774 48 215.06666666666666 15
stats: {cpu,"tsung_controller@ip-172-31-16-50"} 1 0.3996003996003996 0.0 3.306613226452906 0.1 0.8131504107433853 16
stats: {load,"tsung_controller@ip-172-31-16-50"} 1 0.01953125 0.0 0.1015625 0.0 0.052490234375 16
stats: {freemem,"tsung_controller@ip-172-31-16-50"} 1 3517.3984375 0.0 3524.171875 3517.3984375 3521.874755859375 16
stats: session 11 55537.93045454545 33702.91024295159 100256.877 30046.066 48888.14103361343 119
stats: users_count 0 207
stats: finish_users_count 11 130
stats: request 22 19.62722727272728 7.5092406826632825 185.936 6.551 17.3954739195231 671
stats: connect 4 1.22375 0.044538606848441006 25.014 0.787 1.7263263598326364 239
stats: page 11 39.30554545454546 10.92275492524779 215.857 7.95 35.867914110429446 326
stats: 302 4 243
stats: 200 18 450
stats: size_rcv 22317 513090
stats: newphase 0 1
stats: size_sent 22487 522409
stats: connected -18 51
# stats: dump at 1574037513
stats: users 72 148
stats: {recvpackets,"tsung_controller@ip-172-31-16-50"} 1 72.0 0.0 731 44 207.75 16
stats: {sentpackets,"tsung_controller@ip-172-31-16-50"} 1 65.0 0.0 774 48 228.875 16
stats: {cpu,"tsung_controller@ip-172-31-16-50"} 1 0.3980099502487562 0.0 3.306613226452906 0.1 0.7888239394996803 17
stats: {load,"tsung_controller@ip-172-31-16-50"} 1 0.01953125 0.0 0.1015625 0.0 0.050551470588235295 17
stats: {freemem,"tsung_controller@ip-172-31-16-50"} 1 3516.9375 0.0 3524.171875 3516.9375 3521.611443014706 17
stats: session 5 100077.4976 5.709283338565299 100256.877 30046.066 49450.81552307691 130
stats: users_count 0 207
stats: finish_users_count 5 135
stats: request 10 15.413499999999999 8.933150085496157 185.936 6.551 17.466323232323234 693
stats: connect 5 2.1292 1.5036720919136595 25.014 0.787 1.7180534979423872 243
stats: page 5 30.880000000000003 6.304023445387873 215.857 7.95 35.980121661721064 337
stats: 302 5 248
stats: 200 5 455
stats: size_rcv 10335 523425
stats: newphase 0 1
stats: size_sent 10373 532782
stats: connected -4 47
# stats: dump at 1574037523
stats: users 66 148
stats: {recvpackets,"tsung_controller@ip-172-31-16-50"} 1 63.0 0.0 731 44 199.76470588235293 17
stats: {sentpackets,"tsung_controller@ip-172-31-16-50"} 1 65.0 0.0 774 48 219.23529411764707 17
stats: {cpu,"tsung_controller@ip-172-31-16-50"} 1 0.1998001998001998 0.0 3.306613226452906 0.1 0.7671120512079623 18
stats: {load,"tsung_controller@ip-172-31-16-50"} 1 0.01953125 0.0 0.1015625 0.0 0.048828125 18
stats: {freemem,"tsung_controller@ip-172-31-16-50"} 1 3516.734375 0.0 3524.171875 3516.734375 3521.3517795138887 18
stats: session 6 100083.5445 13.145271973221025 100256.877 30046.066 51325.87782222221 135
stats: users_count 0 207
stats: finish_users_count 6 141
stats: request 12 15.484500000000002 8.321896433506007 185.936 6.551 17.437122332859175 703
stats: connect 6 2.316 2.276395542665348 25.014 0.787 1.7263427419354842 248
stats: page 6 31.0235 5.804027990686008 215.857 7.95 35.90555847953216 342
stats: 302 6 254
stats: 200 6 461
stats: size_rcv 12402 535827
stats: newphase 0 1
stats: size_sent 12436 545218
stats: connected -16 31
# stats: dump at 1574037533
stats: users 58 148
stats: {recvpackets,"tsung_controller@ip-172-31-16-50"} 1 221.0 0.0 731 44 192.16666666666666 18
stats: {sentpackets,"tsung_controller@ip-172-31-16-50"} 1 249.0 0.0 774 48 210.66666666666666 18
stats: {cpu,"tsung_controller@ip-172-31-16-50"} 1 1.7982017982017984 0.0 3.306613226452906 0.1 0.7372535327128169 19
stats: {load,"tsung_controller@ip-172-31-16-50"} 1 0.01171875 0.0 0.1015625 0.0 0.047286184210526314 19
stats: {freemem,"tsung_controller@ip-172-31-16-50"} 1 3516.2734375 0.0 3524.171875 3516.2734375 3521.108758223684 19
stats: session 8 100077.64649999999 8.293261903502792 100256.877 30046.066 53400.67214893616 141
stats: users_count 0 207
stats: finish_users_count 8 149
stats: request 16 14.642125 7.932557728083357 185.936 6.551 17.40435104895105 715
stats: connect 8 1.231875 0.09366087430191962 25.014 0.787 1.7402716535433076 254
stats: page 8 29.339125 3.8933910167584003 215.857 7.95 35.82138505747126 348
stats: 302 8 262
stats: 200 8 469
stats: size_rcv 16536 552363
stats: newphase 0 1
stats: size_sent 16636 561854
stats: connected -31 0
# stats: dump at 1574037543
stats: users 50 148
stats: {recvpackets,"tsung_controller@ip-172-31-16-50"} 1 315.0 0.0 731 44 193.68421052631578 19
stats: {sentpackets,"tsung_controller@ip-172-31-16-50"} 1 323.0 0.0 774 48 212.68421052631578 19
stats: {cpu,"tsung_controller@ip-172-31-16-50"} 1 2.091633466135458 0.0 3.306613226452906 0.1 0.790300945987266 20
stats: {load,"tsung_controller@ip-172-31-16-50"} 1 0.01171875 0.0 0.1015625 0.0 0.0455078125 20
stats: {freemem,"tsung_controller@ip-172-31-16-50"} 1 3515.0234375 0.0 3524.171875 3515.0234375 3520.8669921875 20
stats: session 8 100079.43800000001 9.915062972571203 100256.877 30046.066 55906.81842281878 149
stats: users_count 0 207
stats: finish_users_count 8 157
stats: request 16 13.225687499999998 5.549332772040596 185.936 6.551 17.34389192886457 731
stats: connect 8 1.1165 0.1537733722072843 25.014 0.746 1.724748091603054 262
stats: page 8 26.500249999999994 2.286879956950081 215.857 7.95 35.67571629213483 356
stats: 302 8 270
stats: 200 8 477
stats: size_rcv 16536 568899
stats: newphase 0 1
stats: size_sent 16550 578404
stats: connected 0 0
# stats: dump at 1574037553
stats: users 46 148
stats: {recvpackets,"tsung_controller@ip-172-31-16-50"} 1 90.0 0.0 731 44 199.75 20
stats: {sentpackets,"tsung_controller@ip-172-31-16-50"} 1 94.0 0.0 774 48 218.2 20
stats: {cpu,"tsung_controller@ip-172-31-16-50"} 1 0.2997002997002997 0.0 3.306613226452906 0.1 0.852269161232418 21
stats: {load,"tsung_controller@ip-172-31-16-50"} 1 0.01171875 0.0 0.1015625 0.0 0.04389880952380952 21
stats: {freemem,"tsung_controller@ip-172-31-16-50"} 1 3515.0234375 0.0 3524.171875 3515.0234375 3520.5887276785716 21
stats: session 4 100088.635 11.066069808199728 100256.877 30046.066 58157.652541401265 157
stats: users_count 0 207
stats: finish_users_count 4 161
stats: request 8 17.30275 9.105440636646863 185.936 6.551 17.25568406961178 747
stats: connect 4 2.17725 1.582056316159447 25.014 0.746 1.7067259259259264 270
stats: page 4 34.653000000000006 7.740116148999315 215.857 7.95 35.47405769230769 364
stats: 302 4 274
stats: 200 4 481
stats: size_rcv 8268 577167
stats: newphase 0 1
stats: size_sent 8322 586726
stats: connected 0 0
# stats: dump at 1574037563
stats: users 7 148
stats: {recvpackets,"tsung_controller@ip-172-31-16-50"} 1 99.0 0.0 731 44 194.52380952380952 21
stats: {sentpackets,"tsung_controller@ip-172-31-16-50"} 1 153.0 0.0 774 48 212.28571428571428 21
stats: {cpu,"tsung_controller@ip-172-31-16-50"} 1 1.4000000000000001 0.0 3.306613226452906 0.1 0.8271523947991398 22
stats: {load,"tsung_controller@ip-172-31-16-50"} 1 0.01171875 0.0 0.1015625 0.0 0.04243607954545454 22
stats: {freemem,"tsung_controller@ip-172-31-16-50"} 1 3514.890625 0.0 3524.171875 3514.890625 3520.335759943182 22
stats: session 39 100078.43535897434 14.845460722935746 100256.877 30046.066 59199.41608074533 161
stats: users_count 0 207
stats: finish_users_count 39 200
stats: request 72 12.103458333333329 5.633225901188364 185.936 6.551 17.256182781456957 755
stats: connect 36 1.2342222222222223 0.6824946524459249 25.014 0.723 1.7135948905109495 274
stats: page 36 24.25252777777777 7.446694432528475 215.857 7.95 35.465133152173905 368
stats: 302 36 310
stats: 200 36 517
stats: size_rcv 35769 612936
stats: newphase 0 1
stats: size_sent 74784 661510
stats: connected 0 0
# stats: dump at 1574037570
stats: users 0 148
stats: {recvpackets,"tsung_controller@ip-172-31-16-50"} 1 714.0 0.0 731 44 190.1818181818182 22
stats: {sentpackets,"tsung_controller@ip-172-31-16-50"} 1 821.0 0.0 821 48 209.5909090909091 22
stats: {cpu,"tsung_controller@ip-172-31-16-50"} 1 2.579365079365079 0.0 3.306613226452906 0.1 0.8520588124165684 23
stats: {load,"tsung_controller@ip-172-31-16-50"} 1 0.01171875 0.0 0.1015625 0.0 0.04110054347826086 23
stats: {freemem,"tsung_controller@ip-172-31-16-50"} 1 3514.57421875 0.0 3524.171875 3514.57421875 3520.099014945652 23
stats: session 7 100077.80428571429 12.203149145249744 100256.877 30046.066 67170.82483999999 200
stats: users_count 0 207
stats: finish_users_count 7 207
stats: request 20 10.905450000000002 3.32704423587965 185.936 6.551 16.807577992744864 827
stats: connect 10 1.4815000000000003 1.1775715052598716 25.014 0.723 1.6579258064516134 310
stats: page 10 21.856099999999998 2.6231024169864203 215.857 7.95 34.4659900990099 404
stats: 302 10 320
stats: 200 10 527
stats: size_rcv 8960 621896
stats: newphase 0 1
stats: size_sent 20784 682294
stats: connected 0 0
EndMonitor:{1574,37570,634778}
