# stats: dump at 1575467151
stats: users 6 6
stats: {cpu,"tsung_controller@ip-172-31-23-21"} 1 1.5186743160928784 0 1.5186743160928784 1.5186743160928784 0 0
stats: {load,"tsung_controller@ip-172-31-23-21"} 1 0.0 0 0.0 0.0 0 0
stats: {freemem,"tsung_controller@ip-172-31-23-21"} 1 3515.66015625 0 3515.66015625 3515.66015625 0 0
stats: users_count 6 6
stats: finish_users_count 0 0
stats: request 12 39.163916666666665 33.84147929060414 119.959 11.373 0 0
stats: connect 6 3.310333333333334 3.6719952190721723 11.519 1.565 0 0
stats: page 6 78.39466666666668 41.31545698108101 136.65 12.002 0 0
stats: 302 6 6
stats: 200 6 6
stats: size_rcv 6990 6990
stats: size_sent 6973 6973
stats: connected 6 6
# stats: dump at 1575467161
stats: users 15 15
stats: {recvpackets,"tsung_controller@ip-172-31-23-21"} 1 61 0 61 61 0 0
stats: {sentpackets,"tsung_controller@ip-172-31-23-21"} 1 57 0 57 57 0 0
stats: {cpu,"tsung_controller@ip-172-31-23-21"} 1 0.3003003003003003 0.0 1.5186743160928784 0.3003003003003003 1.5186743160928784 1
stats: {load,"tsung_controller@ip-172-31-23-21"} 1 0.0 0.0 0.0 0.0 0.0 1
stats: {freemem,"tsung_controller@ip-172-31-23-21"} 1 3516.90234375 0.0 3516.90234375 3515.66015625 3515.66015625 1
stats: users_count 9 15
stats: finish_users_count 0 0
stats: request 15 23.61326666666667 21.240949769934705 119.959 11.084 39.163916666666665 12
stats: connect 9 2.1654444444444447 1.2064948414598113 11.519 1.565 3.310333333333334 6
stats: page 9 39.39933333333334 46.613544526600144 164.627 12.002 78.39466666666668 6
stats: 302 9 15
stats: 200 6 12
stats: size_rcv 7383 14373
stats: size_sent 7481 14454
stats: connected 9 15
# stats: dump at 1575467171
stats: users 39 39
stats: {recvpackets,"tsung_controller@ip-172-31-23-21"} 1 93.0 0.0 93 61 61.0 1
stats: {sentpackets,"tsung_controller@ip-172-31-23-21"} 1 87.0 0.0 87 57 57.0 1
stats: {cpu,"tsung_controller@ip-172-31-23-21"} 1 0.6024096385542169 0.0 1.5186743160928784 0.3003003003003003 0.9094873081965893 2
stats: {load,"tsung_controller@ip-172-31-23-21"} 1 0.0 0.0 0.0 0.0 0.0 2
stats: {freemem,"tsung_controller@ip-172-31-23-21"} 1 3516.45703125 0.0 3516.90234375 3515.66015625 3516.28125 2
stats: users_count 24 39
stats: finish_users_count 0 0
stats: request 43 26.23258139534883 54.21083135196583 271.034 8.758 30.52466666666667 27
stats: connect 23 1.6769999999999998 0.16299719922907197 11.519 1.265 2.6234000000000006 15
stats: page 23 49.101260869565195 76.12412652584759 311.046 11.228 54.997466666666675 15
stats: 302 23 38
stats: 200 20 32
stats: size_rcv 23693 38066
stats: newphase 1 1
stats: size_sent 23740 38194
stats: connected 23 38
# stats: dump at 1575467181
stats: users 57 57
stats: {recvpackets,"tsung_controller@ip-172-31-23-21"} 1 149.0 0.0 149 61 77.0 2
stats: {sentpackets,"tsung_controller@ip-172-31-23-21"} 1 158.0 0.0 158 57 72.0 2
stats: {cpu,"tsung_controller@ip-172-31-23-21"} 1 0.5994005994005994 0.0 1.5186743160928784 0.3003003003003003 0.8071280849824651 3
stats: {load,"tsung_controller@ip-172-31-23-21"} 1 0.078125 0.0 0.078125 0.0 0.0 3
stats: {freemem,"tsung_controller@ip-172-31-23-21"} 1 3516.22265625 0.0 3516.90234375 3515.66015625 3516.33984375 3
stats: session 1 35793.004 0 35793.004 35793.004 0 0
stats: users_count 19 58
stats: finish_users_count 1 1
stats: request 53 24.771 55.54875981564849 304.476 8.737 27.888099999999998 70
stats: connect 20 1.8815499999999996 0.5451950545447014 11.519 1.265 2.050578947368421 38
stats: page 24 54.06612499999998 123.82862628962674 643.61 11.228 51.42871052631578 38
stats: 302 20 58
stats: 200 33 65
stats: size_rcv 621321 659387
stats: newphase 0 1
stats: size_sent 37117 75311
stats: connected 19 57
# stats: dump at 1575467191
stats: users 76 76
stats: {recvpackets,"tsung_controller@ip-172-31-23-21"} 1 998.0 0.0 998 61 101.0 3
stats: {sentpackets,"tsung_controller@ip-172-31-23-21"} 1 496.0 0.0 496 57 100.66666666666667 3
stats: {cpu,"tsung_controller@ip-172-31-23-21"} 1 0.7014028056112225 0.0 1.5186743160928784 0.3003003003003003 0.7551962135869987 4
stats: {load,"tsung_controller@ip-172-31-23-21"} 1 0.0703125 0.0 0.078125 0.0 0.01953125 4
stats: {freemem,"tsung_controller@ip-172-31-23-21"} 1 3513.9296875 0.0 3516.90234375 3513.9296875 3516.310546875 4
stats: session 7 35697.83642857142 27.865346055920803 35793.004 35660.009 35793.004 1
stats: users_count 26 84
stats: finish_users_count 7 8
stats: request 91 58.63465934065934 107.37180237654228 369.693 8.72 26.544959349593494 123
stats: connect 25 2.2917599999999996 1.9856515762842182 11.519 1.183 1.9922931034482758 58
stats: page 38 140.97742105263157 244.7058617893856 694.7 11.228 52.44964516129031 62
stats: 302 25 83
stats: 200 66 131
stats: size_rcv 4169568 4828955
stats: newphase 1 2
stats: size_sent 69469 144780
stats: connected 18 75
# stats: dump at 1575467201
stats: users 92 95
stats: {recvpackets,"tsung_controller@ip-172-31-23-21"} 1 2767.0 0.0 2767 61 325.25 4
stats: {sentpackets,"tsung_controller@ip-172-31-23-21"} 1 1315.0 0.0 1315 57 199.5 4
stats: {cpu,"tsung_controller@ip-172-31-23-21"} 1 1.2036108324974923 0.0 1.5186743160928784 0.3003003003003003 0.7444375319918435 5
stats: {load,"tsung_controller@ip-172-31-23-21"} 1 0.05859375 0.0 0.078125 0.0 0.0296875 5
stats: {freemem,"tsung_controller@ip-172-31-23-21"} 1 3511.40625 0.0 3516.90234375 3511.40625 3515.834375 5
stats: session 6 35719.91583333333 36.00936782938896 35793.004 35660.009 35709.73237499999 8
stats: users_count 22 106
stats: finish_users_count 6 14
stats: request 94 52.33882978723405 103.02075657419704 369.693 8.706 40.19057943925233 214
stats: connect 23 1.6982173913043481 0.1561682360738319 11.519 1.183 2.0824939759036143 83
stats: page 42 117.23150000000003 229.13938058394254 707.467 11.228 86.09019999999998 100
stats: 302 23 106
stats: 200 71 202
stats: size_rcv 3602981 8431936
stats: newphase 0 2
stats: size_sent 74719 219499
stats: connected 17 92
# stats: dump at 1575467211
stats: users 127 128
stats: {recvpackets,"tsung_controller@ip-172-31-23-21"} 1 3403.0 0.0 3403 61 813.6 5
stats: {sentpackets,"tsung_controller@ip-172-31-23-21"} 1 1435.0 0.0 1435 57 422.6 5
stats: {cpu,"tsung_controller@ip-172-31-23-21"} 1 1.5045135406218655 0.0 1.5186743160928784 0.3003003003003003 0.8209664154094516 6
stats: {load,"tsung_controller@ip-172-31-23-21"} 1 0.05078125 0.0 0.078125 0.0 0.034505208333333336 6
stats: {freemem,"tsung_controller@ip-172-31-23-21"} 1 3508.984375 0.0 3516.90234375 3508.984375 3515.0963541666665 6
stats: session 12 35751.09374999999 70.75993029147104 35939.491 35660.009 35714.09671428571 14
stats: users_count 47 153
stats: finish_users_count 12 26
stats: request 161 59.8680931677019 113.10099266638537 398.814 8.611 43.898162337662335 308
stats: connect 46 2.0681956521739138 1.554012934582805 11.519 1.183 1.9991132075471696 106
stats: page 65 148.38519999999997 261.1456081527168 751.713 11.228 95.30100704225352 142
stats: 302 45 151
stats: 200 116 318
stats: size_rcv 7193751 15625687
stats: newphase 1 3
stats: size_sent 125068 344567
stats: connected 34 126
# stats: dump at 1575467221
stats: users 162 164
stats: {recvpackets,"tsung_controller@ip-172-31-23-21"} 1 5474.0 0.0 5474 61 1245.1666666666667 6
stats: {sentpackets,"tsung_controller@ip-172-31-23-21"} 1 2266.0 0.0 2266 57 591.3333333333334 6
stats: {cpu,"tsung_controller@ip-172-31-23-21"} 1 2.002002002002002 0.0 2.002002002002002 0.3003003003003003 0.9186160047255107 7
stats: {load,"tsung_controller@ip-172-31-23-21"} 1 0.0390625 0.0 0.078125 0.0 0.036830357142857144 7
stats: {freemem,"tsung_controller@ip-172-31-23-21"} 1 3505.95703125 0.0 3516.90234375 3505.95703125 3514.223214285714 7
stats: session 6 35708.2395 46.12328186772703 35939.491 35657.135 35731.17226923076 26
stats: users_count 41 194
stats: finish_users_count 6 32
stats: request 147 38.20467346938774 82.80970441127351 398.814 8.562 49.38037739872069 469
stats: connect 45 1.6424444444444444 0.19109806156997636 11.519 1.183 2.020019736842105 152
stats: page 64 87.60076562500002 189.25382572699672 763.37 11.228 111.9699565217391 207
stats: 302 43 194
stats: 200 104 422
stats: size_rcv 3669127 19294814
stats: newphase 0 3
stats: size_sent 111528 456095
stats: connected 33 159
# stats: dump at 1575467231
stats: users 201 201
stats: {recvpackets,"tsung_controller@ip-172-31-23-21"} 1 3592.0 0.0 5474 61 1849.2857142857142 7
stats: {sentpackets,"tsung_controller@ip-172-31-23-21"} 1 1478.0 0.0 2266 57 830.5714285714286 7
stats: {cpu,"tsung_controller@ip-172-31-23-21"} 1 1.9019019019019021 0.0 2.002002002002002 0.3003003003003003 1.054039254385072 8
stats: {load,"tsung_controller@ip-172-31-23-21"} 1 0.03125 0.0 0.078125 0.0 0.037109375 8
stats: {freemem,"tsung_controller@ip-172-31-23-21"} 1 3504.578125 0.0 3516.90234375 3504.578125 3513.18994140625 8
stats: session 18 43260.320555555554 16802.581122353375 80871.334 35657.135 35726.87237499999 32
stats: users_count 57 251
stats: finish_users_count 18 50
stats: request 228 64.35556140350882 119.47510877999586 403.766 8.562 46.713448051948056 616
stats: connect 58 1.7595172413793105 0.6039359477735031 11.519 1.183 1.9337715736040608 197
stats: page 85 172.92457647058822 281.2820046051074 822.864 11.228 106.21487084870847 271
stats: 302 58 252
stats: 200 170 592
stats: size_rcv 10896312 30191126
stats: newphase 1 4
stats: size_sent 182906 639001
stats: connected 35 194
# stats: dump at 1575467241
stats: users 230 232
stats: {recvpackets,"tsung_controller@ip-172-31-23-21"} 1 7106.0 0.0 7106 61 2067.125 8
stats: {sentpackets,"tsung_controller@ip-172-31-23-21"} 1 2908.0 0.0 2908 57 911.5 8
stats: {cpu,"tsung_controller@ip-172-31-23-21"} 1 3.5856573705179287 0.0 3.5856573705179287 0.3003003003003003 1.1482462152202753 9
stats: {load,"tsung_controller@ip-172-31-23-21"} 1 0.03125 0.0 0.078125 0.0 0.036458333333333336 9
stats: {freemem,"tsung_controller@ip-172-31-23-21"} 1 3503.5390625 0.0 3516.90234375 3503.5390625 3512.2330729166665 9
stats: session 14 45430.65292857144 18490.52476124129 80871.334 35657.135 38438.91372 50
stats: users_count 43 294
stats: finish_users_count 14 64
stats: request 197 61.102340101522834 119.96991479584756 598.722 8.562 51.47932701421802 844
stats: connect 55 1.7175272727272732 0.40883519037940197 11.519 1.183 1.8941372549019608 255
stats: page 91 132.02013186813187 261.4092664589341 954.144 11.228 122.14274999999999 356
stats: 302 48 300
stats: 200 149 741
stats: size_rcv 8555919 38747045
stats: newphase 0 4
stats: size_sent 162078 801079
stats: connected 32 226
# stats: dump at 1575467251
stats: users 243 244
stats: {recvpackets,"tsung_controller@ip-172-31-23-21"} 1 9032.0 0.0 9032 61 2627.0 9
stats: {sentpackets,"tsung_controller@ip-172-31-23-21"} 1 3334.0 0.0 3334 57 1133.3333333333333 9
stats: {cpu,"tsung_controller@ip-172-31-23-21"} 1 3.48605577689243 0.0 3.5856573705179287 0.3003003003003003 1.3919873307500406 10
stats: {load,"tsung_controller@ip-172-31-23-21"} 1 0.01953125 0.0 0.078125 0.0 0.0359375 10
stats: {freemem,"tsung_controller@ip-172-31-23-21"} 1 3496.0703125 0.0 3516.90234375 3496.0703125 3511.363671875 10
stats: session 32 49892.62006249998 20890.86898812989 81073.48 35657.135 39968.356671875 64
stats: users_count 45 339
stats: finish_users_count 32 96
stats: request 269 97.51140892193308 153.75124515013107 598.722 8.562 53.300396733909714 1041
stats: connect 57 1.6506842105263158 0.17961256138375425 11.519 1.183 1.8628032258064517 310
stats: page 100 259.38411999999994 354.343904795448 957.908 11.228 124.15358165548098 447
stats: 302 54 354
stats: 200 215 956
stats: size_rcv 19175729 57922774
stats: newphase 1 5
stats: size_sent 236178 1037257
stats: connected 14 240
# stats: dump at 1575467261
stats: users 285 286
stats: {recvpackets,"tsung_controller@ip-172-31-23-21"} 1 13267.0 0.0 13267 61 3267.5 10
stats: {sentpackets,"tsung_controller@ip-172-31-23-21"} 1 5228.0 0.0 5228 57 1353.4 10
stats: {cpu,"tsung_controller@ip-172-31-23-21"} 1 3.726082578046324 0.0 3.726082578046324 0.3003003003003003 1.582357189490258 11
stats: {load,"tsung_controller@ip-172-31-23-21"} 1 0.01953125 0.0 0.078125 0.0 0.03444602272727273 11
stats: {freemem,"tsung_controller@ip-172-31-23-21"} 1 3494.84375 0.0 3516.90234375 3494.84375 3509.9733664772725 11
stats: session 24 58392.134791666664 22494.062209094485 81170.28 35657.135 43276.44446874999 96
stats: users_count 66 405
stats: finish_users_count 24 120
stats: request 290 84.34126551724134 147.42069467728385 602.877 8.562 62.37884122137405 1310
stats: connect 77 17.477999999999998 66.29316625630211 390.827 1.183 1.829858310626703 367
stats: page 120 201.88027500000004 327.06588794364666 1093.247 11.228 148.87580073126142 547
stats: 302 77 431
stats: 200 213 1169
stats: size_rcv 14769655 72692429
stats: newphase 0 5
stats: size_sent 238561 1275818
stats: connected 33 273
# stats: dump at 1575467271
stats: users 329 330
stats: {recvpackets,"tsung_controller@ip-172-31-23-21"} 1 10785.0 0.0 13267 61 4176.545454545455 11
stats: {sentpackets,"tsung_controller@ip-172-31-23-21"} 1 4721.0 0.0 5228 57 1705.6363636363637 11
stats: {cpu,"tsung_controller@ip-172-31-23-21"} 1 6.030150753768844 0.0 6.030150753768844 0.3003003003003003 1.7610009718699302 12
stats: {load,"tsung_controller@ip-172-31-23-21"} 1 0.01953125 0.0 0.078125 0.0 0.033203125 12
stats: {freemem,"tsung_controller@ip-172-31-23-21"} 1 3490.953125 0.0 3516.90234375 3490.953125 3508.7125651041665 12
stats: session 36 52352.697000000015 21633.885967433936 81539.736 35657.135 46299.58253333333 120
stats: users_count 80 485
stats: finish_users_count 36 156
stats: request 366 112.89249453551906 200.41178631425524 825.294 8.562 66.35953062499999 1600
stats: connect 96 1.9920208333333338 2.411972653845667 390.827 1.183 4.543612612612612 444
stats: page 153 273.9222679738563 446.6182947767963 1479.57 11.228 158.4118380809595 667
stats: 302 93 524
stats: 200 273 1442
stats: size_rcv 22578966 95271395
stats: newphase 1 6
stats: size_sent 302190 1578008
stats: connected 45 318
# stats: dump at 1575467281
stats: users 360 360
stats: {recvpackets,"tsung_controller@ip-172-31-23-21"} 1 19293.0 0.0 19293 61 4727.250000000001 12
stats: {sentpackets,"tsung_controller@ip-172-31-23-21"} 1 7692.0 0.0 7692 57 1956.9166666666667 12
stats: {cpu,"tsung_controller@ip-172-31-23-21"} 1 5.460060667340748 0.0 6.030150753768844 0.3003003003003003 2.0893971089390773 13
stats: {load,"tsung_controller@ip-172-31-23-21"} 1 0.01171875 0.0 0.078125 0.0 0.032151442307692304 13
stats: {freemem,"tsung_controller@ip-172-31-23-21"} 1 3489.6328125 0.0 3516.90234375 3489.6328125 3507.346454326923 13
stats: session 33 55112.72984848485 22217.663836577525 81539.736 35657.135 47696.4551025641 156
stats: users_count 64 549
stats: finish_users_count 33 189
stats: request 357 105.08363585434176 181.90948857742544 825.294 8.562 75.02233062054931 1966
stats: connect 88 1.653068181818182 0.4594180556929539 390.827 1.176 4.089996296296295 540
stats: page 146 254.52939726027392 403.0341307256417 1479.57 9.268 179.96439390243904 820
stats: 302 79 603
stats: 200 278 1720
stats: size_rcv 20907539 116178934
stats: newphase 0 6
stats: size_sent 307117 1885125
stats: connected 28 346
# stats: dump at 1575467291
stats: users 417 417
stats: {recvpackets,"tsung_controller@ip-172-31-23-21"} 1 15651.0 0.0 19293 61 5847.6923076923085 13
stats: {sentpackets,"tsung_controller@ip-172-31-23-21"} 1 6514.0 0.0 7692 57 2398.076923076923 13
stats: {cpu,"tsung_controller@ip-172-31-23-21"} 1 4.7283702213279675 0.0 6.030150753768844 0.3003003003003003 2.3301587916820536 14
stats: {load,"tsung_controller@ip-172-31-23-21"} 1 0.01171875 0.0 0.078125 0.0 0.03069196428571428 14
stats: {freemem,"tsung_controller@ip-172-31-23-21"} 1 3488.4453125 0.0 3516.90234375 3488.4453125 3506.0811941964284 14
stats: session 42 57069.758785714264 22429.570540597615 82731.189 35657.135 48991.36021693122 189
stats: users_count 99 648
stats: finish_users_count 42 231
stats: request 482 241.50990663900393 275.1258570472898 1300.851 8.562 79.64216960826515 2323
stats: connect 127 1.530921259842519 0.302133375311555 390.827 1.176 3.748515923566878 628
stats: page 194 569.7687628865975 721.8187652980473 2705.303 9.268 191.23405279503106 966
stats: 302 122 725
stats: 200 360 2080
stats: size_rcv 27677445 143856379
stats: newphase 1 7
stats: size_sent 417260 2302385
stats: connected 49 395
# stats: dump at 1575467301
stats: users 472 472
stats: {recvpackets,"tsung_controller@ip-172-31-23-21"} 1 23314.0 0.0 23314 61 6547.9285714285725 14
stats: {sentpackets,"tsung_controller@ip-172-31-23-21"} 1 8905.0 0.0 8905 57 2692.0714285714284 14
stats: {cpu,"tsung_controller@ip-172-31-23-21"} 1 6.458123107971746 0.0 6.458123107971746 0.3003003003003003 2.4900395536584483 15
stats: {load,"tsung_controller@ip-172-31-23-21"} 1 0.078125 0.0 0.078125 0.0 0.02942708333333333 15
stats: {freemem,"tsung_controller@ip-172-31-23-21"} 1 3478.234375 0.0 3516.90234375 3478.234375 3504.90546875 15
stats: session 48 60303.21160416667 22346.363672328403 83599.761 35657.135 50460.159956709955 231
stats: users_count 103 751
stats: finish_users_count 48 279
stats: request 519 460.16906551059736 324.35061539114173 1482.013 8.562 107.45687522281635 2805
stats: connect 140 1.656235714285715 0.44859265026006284 390.827 1.176 3.375490066225164 755
stats: page 214 997.4786682242991 944.6137222172553 3544.937 9.268 254.54071982758614 1160
stats: 302 120 845
stats: 200 399 2479
stats: size_rcv 34263106 178119485
stats: newphase 0 7
stats: size_sent 478977 2781362
stats: connected 64 459
# stats: dump at 1575467311
stats: users 553 553
stats: {recvpackets,"tsung_controller@ip-172-31-23-21"} 1 25479.0 0.0 25479 61 7665.666666666668 15
stats: {sentpackets,"tsung_controller@ip-172-31-23-21"} 1 9546.0 0.0 9546 57 3106.266666666667 15
stats: {cpu,"tsung_controller@ip-172-31-23-21"} 1 6.802030456852792 0.0 6.802030456852792 0.3003003003003003 2.7380447758030293 16
stats: {load,"tsung_controller@ip-172-31-23-21"} 1 0.0703125 0.0 0.078125 0.0 0.032470703125 16
stats: {freemem,"tsung_controller@ip-172-31-23-21"} 1 3468.69140625 0.0 3516.90234375 3468.69140625 3503.238525390625 16
stats: session 40 53308.388725000004 19460.728639956204 87834.709 35657.135 52153.588197132616 279
stats: users_count 121 872
stats: finish_users_count 40 319
stats: request 513 1393.8212027290458 542.2123791190129 2902.001 8.562 162.52836341756915 3324
stats: connect 141 1.6553829787234045 0.3542926357786931 390.827 1.176 3.1065564245810044 895
stats: page 181 2692.782657458564 1971.8448364581047 7894.388 9.268 370.25303493449775 1374
stats: 302 133 978
stats: 200 380 2859
stats: size_rcv 33945779 212065264
stats: newphase 1 8
stats: size_sent 475717 3257079
stats: connected 80 539
# stats: dump at 1575467321
stats: users 636 636
stats: {recvpackets,"tsung_controller@ip-172-31-23-21"} 1 26163.0 0.0 26163 61 8779.0 16
stats: {sentpackets,"tsung_controller@ip-172-31-23-21"} 1 10312.0 0.0 10312 57 3508.75 16
stats: {cpu,"tsung_controller@ip-172-31-23-21"} 1 8.140703517587939 0.0 8.140703517587939 0.3003003003003003 2.9771027570412505 17
stats: {load,"tsung_controller@ip-172-31-23-21"} 1 0.05859375 0.0 0.078125 0.0 0.03469669117647059 17
stats: {freemem,"tsung_controller@ip-172-31-23-21"} 1 3454.91015625 0.0 3516.90234375 3454.91015625 3501.206341911765 17
stats: session 49 73112.0133877551 21929.704245828827 91746.504 35657.135 52298.39077115988 319
stats: users_count 132 1004
stats: finish_users_count 49 368
stats: request 535 2059.111912149537 378.1351019066115 3205.833 8.562 327.15000182434204 3837
stats: connect 155 14.467748387096778 62.08947479249328 418.53 1.176 2.9090511583011573 1036
stats: page 224 4597.747736607147 3285.04385743332 11324.755 9.268 640.5924958199357 1555
stats: 302 150 1128
stats: 200 385 3244
stats: size_rcv 33095212 245160476
stats: newphase 0 8
stats: size_sent 455857 3712936
stats: connected 71 610
# stats: dump at 1575467331
stats: users 735 735
stats: {recvpackets,"tsung_controller@ip-172-31-23-21"} 1 26881.0 0.0 26881 61 9801.588235294117 17
stats: {sentpackets,"tsung_controller@ip-172-31-23-21"} 1 10848.0 0.0 10848 57 3908.9411764705883 17
stats: {cpu,"tsung_controller@ip-172-31-23-21"} 1 8.241206030150753 0.0 8.241206030150753 0.3003003003003003 3.263969465960511 18
stats: {load,"tsung_controller@ip-172-31-23-21"} 1 0.05078125 0.0 0.078125 0.0 0.03602430555555555 18
stats: {freemem,"tsung_controller@ip-172-31-23-21"} 1 3437.61328125 0.0 3516.90234375 3437.61328125 3498.634331597222 18
stats: session 68 66933.4118382353 23037.32241058086 93155.893 35657.135 55069.76986956522 368
stats: users_count 167 1171
stats: finish_users_count 68 436
stats: request 775 1677.7523767741932 865.5982270175766 3416.192 0.838 539.0895311070456 4372
stats: connect 205 1.7316292682926824 0.8915843607388471 418.53 1.176 4.413331654072208 1191
stats: page 333 3995.087183183184 3513.4206712737287 11648.69 0.917 1138.851503091625 1779
stats: 302 169 1297
stats: 200 467 3711
stats: size_rcv 33024871 278185347
stats: newphase 1 9
stats: 502 139 139
stats: size_sent 615564 4328500
stats: connected 105 715
# stats: dump at 1575467341
stats: users 832 835
stats: {recvpackets,"tsung_controller@ip-172-31-23-21"} 1 25972.0 0.0 26881 61 10750.444444444445 18
stats: {sentpackets,"tsung_controller@ip-172-31-23-21"} 1 10101.0 0.0 10848 57 4294.444444444444 18
stats: {cpu,"tsung_controller@ip-172-31-23-21"} 1 8.206686930091186 0.0 8.241206030150753 0.3003003003003003 3.5259292851284183 19
stats: {load,"tsung_controller@ip-172-31-23-21"} 1 0.0390625 0.0 0.078125 0.0 0.03680098684210526 19
stats: {freemem,"tsung_controller@ip-172-31-23-21"} 1 3433.58203125 0.0 3516.90234375 3433.58203125 3495.4226973684213 19
stats: session 86 55333.16839534885 20036.537454765326 94271.426 35393.584 56920.06265366973 436
stats: users_count 183 1354
stats: finish_users_count 86 522
stats: request 878 1428.9750455580845 1176.5264209847385 3752.55 0.812 710.541581892365 5147
stats: connect 220 1.534986363636364 0.3483385954596142 418.53 1.176 4.019528653295128 1396
stats: page 351 3416.343207977208 3555.8326443312235 12381.514 0.894 1589.1954810606069 2112
stats: 302 158 1455
stats: 200 386 4097
stats: size_rcv 33798354 311983701
stats: newphase 0 9
stats: 502 333 472
stats: size_sent 682281 5010781
stats: connected 104 819
stats: 500 1 1
# stats: dump at 1575467351
stats: users 978 979
stats: {recvpackets,"tsung_controller@ip-172-31-23-21"} 1 26418.0 0.0 26881 61 11551.578947368422 19
stats: {sentpackets,"tsung_controller@ip-172-31-23-21"} 1 10449.0 0.0 10848 57 4600.0526315789475 19
stats: {cpu,"tsung_controller@ip-172-31-23-21"} 1 8.080808080808081 0.0 8.241206030150753 0.3003003003003003 3.7599671673765562 20
stats: {load,"tsung_controller@ip-172-31-23-21"} 1 0.03125 0.0 0.078125 0.0 0.0369140625 20
stats: {freemem,"tsung_controller@ip-172-31-23-21"} 1 3427.828125 0.0 3516.90234375 3427.828125 3492.3306640625 20
stats: session 99 63240.712727272745 23458.210320482038 95208.001 35393.584 56658.62030459771 522
stats: users_count 245 1599
stats: finish_users_count 99 621
stats: request 1077 1263.6141420612814 1221.9067837072685 3870.808 0.812 815.236118174274 6025
stats: connect 281 1.494281138790035 0.5370336304639003 418.53 1.163 3.68128650990099 1616
stats: page 438 3207.484260273972 3835.484616828634 13354.04 0.894 1849.5807235079178 2463
stats: 302 155 1610
stats: 200 439 4536
stats: size_rcv 32333192 344316893
stats: newphase 1 10
stats: 502 485 957
stats: size_sent 805397 5816178
stats: connected 143 962
stats: 500 0 1
# stats: dump at 1575467361
stats: users 1121 1122
stats: {recvpackets,"tsung_controller@ip-172-31-23-21"} 1 26363.0 0.0 26881 61 12294.9 20
stats: {sentpackets,"tsung_controller@ip-172-31-23-21"} 1 11464.0 0.0 11464 57 4892.5 20
stats: {cpu,"tsung_controller@ip-172-31-23-21"} 1 8.240081383519836 0.0 8.241206030150753 0.3003003003003003 3.9657214965875816 21
stats: {load,"tsung_controller@ip-172-31-23-21"} 1 0.03125 0.0 0.078125 0.0 0.03664434523809524 21
stats: {freemem,"tsung_controller@ip-172-31-23-21"} 1 3423.23046875 0.0 3516.90234375 3423.23046875 3489.2591145833335 21
stats: session 98 59798.12171428573 21492.679838467353 96843.407 35393.584 57707.93938647344 621
stats: users_count 241 1840
stats: finish_users_count 98 719
stats: request 1189 1152.4810958788914 1338.4890709306933 4439.34 0.812 883.2314901436216 7102
stats: connect 293 1.5429249146757666 0.5879154310690923 418.53 1.158 3.3573284132841326 1897
stats: page 484 2637.1733285123996 3583.7280608566716 14239.444 0.888 2054.6002854188214 2901
stats: 302 138 1748
stats: 200 396 4932
stats: size_rcv 33086684 377403577
stats: newphase 0 10
stats: 502 646 1603
stats: size_sent 859884 6676062
stats: connected -14 948
stats: 500 7 8
# stats: dump at 1575467371
stats: users 1267 1267
stats: {recvpackets,"tsung_controller@ip-172-31-23-21"} 1 27049.0 0.0 27049 61 12964.809523809523 21
stats: {sentpackets,"tsung_controller@ip-172-31-23-21"} 1 11917.0 0.0 11917 57 5205.428571428572 21
stats: {cpu,"tsung_controller@ip-172-31-23-21"} 1 8.119218910585817 0.0 8.241206030150753 0.3003003003003003 4.16001058235723 22
stats: {load,"tsung_controller@ip-172-31-23-21"} 1 0.01953125 0.0 0.078125 0.0 0.03639914772727273 22
stats: {freemem,"tsung_controller@ip-172-31-23-21"} 1 3422.90625 0.0 3516.90234375 3422.90625 3486.2578125 22
stats: session 119 58411.112941176514 21024.5082549019 96905.009 35011.681 57992.832109874835 719
stats: users_count 265 2105
stats: finish_users_count 119 838
stats: request 1215 1042.69087489712 1349.8860654935938 4439.34 0.81 921.8441763357861 8291
stats: connect 332 1.5698343373493968 0.5977534595964299 418.53 1.057 3.114579452054794 2190
stats: page 499 2533.474583166333 3816.3089921083993 14577.331 0.883 2137.8987648449047 3385
stats: 302 138 1886
stats: 200 316 5248
stats: size_rcv 33024043 410427620
stats: newphase 1 11
stats: 502 746 2349
stats: size_sent 815601 7491663
stats: connected 15 963
stats: 500 14 22
# stats: dump at 1575467381
stats: users 1392 1393
stats: {recvpackets,"tsung_controller@ip-172-31-23-21"} 1 27612.0 0.0 27612 61 13605.0 22
stats: {sentpackets,"tsung_controller@ip-172-31-23-21"} 1 12217.0 0.0 12217 57 5510.5 22
stats: {cpu,"tsung_controller@ip-172-31-23-21"} 1 9.703779366700715 0.0 9.703779366700715 0.3003003003003003 4.332150074888908 23
stats: {load,"tsung_controller@ip-172-31-23-21"} 1 0.01953125 0.0 0.078125 0.0 0.035665760869565216 23
stats: {freemem,"tsung_controller@ip-172-31-23-21"} 1 3421.67578125 0.0 3516.90234375 3421.67578125 3483.5033967391305 23
stats: session 150 57794.98366666668 21887.54280047883 96905.009 35011.681 58052.22998448689 838
stats: users_count 275 2380
stats: finish_users_count 150 988
stats: request 1395 931.7691541218646 1489.2485566260439 4737.958 0.81 937.290077740375 9506
stats: connect 417 1.3691342925659478 0.37831680885837904 418.53 1.057 2.911226804123711 2522
stats: page 559 2167.791654740611 3974.8654375400365 15633.734 0.883 2188.7206838311026 3884
stats: 302 95 1981
stats: 200 280 5528
stats: size_rcv 33739346 444166966
stats: newphase 0 11
stats: 502 994 3343
stats: size_sent 890074 8381737
stats: connected 8 971
stats: 500 26 48
# stats: dump at 1575467391
stats: users 1313 1400
stats: {recvpackets,"tsung_controller@ip-172-31-23-21"} 1 27511.0 0.0 27612 61 14214.0 23
stats: {sentpackets,"tsung_controller@ip-172-31-23-21"} 1 13154.0 0.0 13154 57 5802.086956521739 23
stats: {cpu,"tsung_controller@ip-172-31-23-21"} 1 8.135942327497425 0.0 9.703779366700715 0.3003003003003003 4.555967962047733 24
stats: {load,"tsung_controller@ip-172-31-23-21"} 1 0.01953125 0.0 0.078125 0.0 0.034993489583333336 24
stats: {freemem,"tsung_controller@ip-172-31-23-21"} 1 3421.38671875 0.0 3516.90234375 3421.38671875 3480.92724609375 24
stats: session 115 56279.69646956522 20568.149234923814 100004.088 35011.459 58013.17436943322 988
stats: users_count 36 2416
stats: finish_users_count 115 1103
stats: request 932 1449.319080472106 1577.6744193552447 4737.958 0.81 936.5835656361807 10901
stats: connect 177 1.4674237288135585 0.9880026853858236 418.53 1.057 2.6924270159918335 2939
stats: page 365 3653.138057534245 5076.073928087818 17144.984 0.883 2186.0874794058077 4443
stats: 302 91 2072
stats: 200 287 5815
stats: size_rcv 34601193 478768159
stats: newphase 0 11
stats: 502 498 3841
stats: size_sent 672776 9054513
stats: connected -40 931
stats: 500 56 104
# stats: dump at 1575467401
stats: users 1158 1400
stats: {recvpackets,"tsung_controller@ip-172-31-23-21"} 1 26454.0 0.0 27612 61 14768.041666666666 24
stats: {sentpackets,"tsung_controller@ip-172-31-23-21"} 1 10864.0 0.0 13154 57 6108.416666666667 24
stats: {cpu,"tsung_controller@ip-172-31-23-21"} 1 9.164149043303121 0.0 9.703779366700715 0.3003003003003003 4.699166936665721 25
stats: {load,"tsung_controller@ip-172-31-23-21"} 1 0.16015625 0.0 0.16015625 0.0 0.034375 25
stats: {freemem,"tsung_controller@ip-172-31-23-21"} 1 3403.125 0.0 3516.90234375 3403.125 3478.545625 25
stats: session 155 56294.333935483904 22223.425087702202 101607.858 35011.459 57832.440046237556 1103
stats: users_count 0 2416
stats: finish_users_count 155 1258
stats: request 1028 1236.1070749027228 2024.586637969875 5759.895 0.81 976.968041240599 11833
stats: connect 91 1.628725274725274 0.5694344421148785 418.53 1.057 2.622842426187419 3116
stats: page 379 2831.232854881268 5021.35320245822 19066.012 0.883 2297.4588315307824 4808
stats: 302 33 2105
stats: 200 213 6028
stats: size_rcv 34613033 513381192
stats: newphase 0 11
stats: 502 746 4587
stats: size_sent 750312 9804825
stats: connected -72 859
stats: 500 37 141
# stats: dump at 1575467411
stats: users 929 1400
stats: {recvpackets,"tsung_controller@ip-172-31-23-21"} 1 25868.0 0.0 27612 61 15235.48 25
stats: {sentpackets,"tsung_controller@ip-172-31-23-21"} 1 10126.0 0.0 13154 57 6298.64 25
stats: {cpu,"tsung_controller@ip-172-31-23-21"} 1 7.08502024291498 0.0 9.703779366700715 0.3003003003003003 4.870897017690236 26
stats: {load,"tsung_controller@ip-172-31-23-21"} 1 0.140625 0.0 0.16015625 0.0 0.039212740384615384 26
stats: {freemem,"tsung_controller@ip-172-31-23-21"} 1 3386.91015625 0.0 3516.90234375 3386.91015625 3475.644831730769 26
stats: session 229 57511.33296506549 22634.95078043776 106020.581 35011.333 57642.927767090645 1258
stats: users_count 0 2416
stats: finish_users_count 229 1487
stats: request 1345 1076.4284884758333 1939.3234231525134 5759.895 0.81 997.6814326257684 12861
stats: connect 84 1.7141785714285709 0.9286202407042279 418.53 1.057 2.5946339257873396 3207
stats: page 474 3294.1385400843833 6016.881423387328 22125.84 0.883 2336.460249469829 5187
stats: 302 47 2152
stats: 200 209 6237
stats: size_rcv 35090775 548471967
stats: newphase 0 11
stats: 502 1025 5612
stats: size_sent 888065 10692890
stats: connected -155 704
stats: 500 63 204
# stats: dump at 1575467421
stats: users 708 1400
stats: {recvpackets,"tsung_controller@ip-172-31-23-21"} 1 26449.0 0.0 27612 61 15644.423076923076 26
stats: {sentpackets,"tsung_controller@ip-172-31-23-21"} 1 11159.0 0.0 13154 57 6445.846153846154 26
stats: {cpu,"tsung_controller@ip-172-31-23-21"} 1 8.450704225352112 0.0 9.703779366700715 0.3003003003003003 4.95290158158745 27
stats: {load,"tsung_controller@ip-172-31-23-21"} 1 0.26953125 0.0 0.26953125 0.0 0.04296875 27
stats: {freemem,"tsung_controller@ip-172-31-23-21"} 1 3384.1328125 0.0 3516.90234375 3384.1328125 3472.3583622685187 27
stats: session 221 63975.996334841584 24416.955417274763 110573.915 35011.311 57622.66199058509 1487
stats: users_count 0 2416
stats: finish_users_count 221 1708
stats: request 1321 967.4863959121875 1979.1224665673371 6406.905 0.81 1005.137070392792 14206
stats: connect 132 1.521780303030303 0.27216495428196136 418.53 1.057 2.5721610452749917 3291
stats: page 400 2644.430685000001 5549.766355932823 24451.306 0.883 2416.64740893835 5661
stats: 302 37 2189
stats: 200 171 6408
stats: size_rcv 35025804 583497771
stats: newphase 0 11
stats: 502 1061 6673
stats: size_sent 871463 11564353
stats: connected -95 609
stats: 500 52 256
# stats: dump at 1575467431
stats: users 575 1400
stats: {recvpackets,"tsung_controller@ip-172-31-23-21"} 1 26823.0 0.0 27612 61 16044.592592592593 27
stats: {sentpackets,"tsung_controller@ip-172-31-23-21"} 1 11501.0 0.0 13154 57 6620.407407407408 27
stats: {cpu,"tsung_controller@ip-172-31-23-21"} 1 7.64525993883792 0.0 9.703779366700715 0.3003003003003003 5.077823104579045 28
stats: {load,"tsung_controller@ip-172-31-23-21"} 1 0.23046875 0.0 0.26953125 0.0 0.051060267857142856 28
stats: {freemem,"tsung_controller@ip-172-31-23-21"} 1 3382.4453125 0.0 3516.90234375 3382.4453125 3469.207449776786 28
stats: session 133 75442.34055639099 20015.017410840646 115163.039 35011.311 58444.72691451992 1708
stats: users_count 0 2416
stats: finish_users_count 133 1841
stats: request 821 1714.99347137637 2464.250859798408 6778.607 0.81 1001.9338411154764 15527
stats: connect 143 1.5649790209790213 0.27895154524548843 418.53 1.057 2.5316555652936015 3423
stats: page 277 4461.611765342959 7379.940324257811 25108.265 0.883 2431.6801280316777 6061
stats: 302 47 2236
stats: 200 182 6590
stats: size_rcv 34872645 618370416
stats: newphase 0 11
stats: 502 546 7219
stats: size_sent 586029 12150382
stats: connected -88 521
stats: 500 47 303
# stats: dump at 1575467441
stats: users 434 1400
stats: {recvpackets,"tsung_controller@ip-172-31-23-21"} 1 26194.0 0.0 27612 61 16429.535714285714 28
stats: {sentpackets,"tsung_controller@ip-172-31-23-21"} 1 9190.0 0.0 13154 57 6794.714285714285 28
stats: {cpu,"tsung_controller@ip-172-31-23-21"} 1 7.250755287009064 0.0 9.703779366700715 0.3003003003003003 5.166355409208661 29
stats: {load,"tsung_controller@ip-172-31-23-21"} 1 0.19921875 0.0 0.26953125 0.0 0.05724676724137931 29
stats: {freemem,"tsung_controller@ip-172-31-23-21"} 1 3382.46484375 0.0 3516.90234375 3382.4453125 3466.2156519396553 29
stats: session 141 83140.66299290776 13870.107913770918 115163.039 35011.311 59672.69139815319 1841
stats: users_count 0 2416
stats: finish_users_count 141 1982
stats: request 835 1544.8705017964069 2187.4459611139164 6778.607 0.81 1037.7438457915343 16348
stats: connect 130 1.5898307692307685 0.23832976954894755 418.53 1.057 2.4928909141895677 3566
stats: page 268 5102.042264925376 8408.173716402296 25526.192 0.883 2520.3975568002525 6338
stats: 302 40 2276
stats: 200 156 6746
stats: size_rcv 34921046 653291462
stats: newphase 0 11
stats: 502 551 7770
stats: size_sent 516134 12666516
stats: connected -153 368
stats: 500 88 391
# stats: dump at 1575467451
stats: users 306 1400
stats: {recvpackets,"tsung_controller@ip-172-31-23-21"} 1 26131.0 0.0 27612 61 16766.241379310344 29
stats: {sentpackets,"tsung_controller@ip-172-31-23-21"} 1 8789.0 0.0 13154 57 6877.310344827586 29
stats: {cpu,"tsung_controller@ip-172-31-23-21"} 1 7.2434607645875255 0.0 9.703779366700715 0.3003003003003003 5.235835405135342 30
stats: {load,"tsung_controller@ip-172-31-23-21"} 1 0.25 0.0 0.26953125 0.0 0.06197916666666667 30
stats: {freemem,"tsung_controller@ip-172-31-23-21"} 1 3382.07421875 0.0 3516.90234375 3382.07421875 3463.4239583333333 30
stats: session 128 89227.17878125001 12555.626756059517 115163.039 35011.311 61342.20905449042 1982
stats: users_count 0 2416
stats: finish_users_count 128 2110
stats: request 771 1778.9023826199746 2397.4923019013304 6778.607 0.81 1062.387432927894 17183
stats: connect 121 1.658752066115703 0.6037503901200489 418.53 1.057 2.4611274350649346 3696
stats: page 247 5241.225619433195 8333.187521874093 25526.192 0.883 2625.1327644565545 6606
stats: 302 39 2315
stats: 200 163 6909
stats: size_rcv 35227272 688518734
stats: newphase 0 11
stats: 502 495 8265
stats: size_sent 462431 13128947
stats: connected -89 279
stats: 500 73 464
# stats: dump at 1575467461
stats: users 197 1400
stats: {recvpackets,"tsung_controller@ip-172-31-23-21"} 1 26255.0 0.0 27612 61 17078.4 30
stats: {sentpackets,"tsung_controller@ip-172-31-23-21"} 1 9724.0 0.0 13154 57 6941.033333333334 30
stats: {cpu,"tsung_controller@ip-172-31-23-21"} 1 7.422266800401204 0.0 9.703779366700715 0.3003003003003003 5.3005975135047665 31
stats: {load,"tsung_controller@ip-172-31-23-21"} 1 0.2109375 0.0 0.26953125 0.0 0.06804435483870967 31
stats: {freemem,"tsung_controller@ip-172-31-23-21"} 1 3382.01953125 0.0 3516.90234375 3382.01953125 3460.799773185484 31
stats: session 109 97087.6131651376 11778.78992851595 116280.507 35011.311 63033.809113744086 2110
stats: users_count 0 2416
stats: finish_users_count 109 2219
stats: request 577 2501.1519809358724 2325.864065626643 6778.607 0.81 1093.1567894062605 17954
stats: connect 54 1.717814814814815 0.31336714203382454 418.53 1.057 2.435691904637149 3817
stats: page 173 8955.380398843925 10030.86307820668 25526.192 0.883 2719.4235765358235 6853
stats: 302 58 2373
stats: 200 159 7068
stats: size_rcv 34142986 722661720
stats: newphase 0 11
stats: 502 262 8527
stats: size_sent 303901 13432848
stats: connected -76 203
stats: 500 98 562
# stats: dump at 1575467471
stats: users 147 1400
stats: {recvpackets,"tsung_controller@ip-172-31-23-21"} 1 25086.0 0.0 27612 61 17374.41935483871 31
stats: {sentpackets,"tsung_controller@ip-172-31-23-21"} 1 8727.0 0.0 13154 57 7030.806451612903 31
stats: {cpu,"tsung_controller@ip-172-31-23-21"} 1 5.870445344129554 0.0 9.703779366700715 0.3003003003003003 5.36689967872028 32
stats: {load,"tsung_controller@ip-172-31-23-21"} 1 0.171875 0.0 0.26953125 0.0 0.072509765625 32
stats: {freemem,"tsung_controller@ip-172-31-23-21"} 1 3382.24609375 0.0 3516.90234375 3382.01953125 3458.337890625 32
stats: session 50 99801.86352 10157.36518237883 116925.278 35011.311 64706.573711131154 2219
stats: users_count 0 2416
stats: finish_users_count 50 2269
stats: request 396 3257.394906565658 2564.989608409138 6778.607 0.81 1136.997554907992 18531
stats: connect 3 1.8083333333333333 0.09923820948718402 418.53 1.057 2.425677602686644 3871
stats: page 74 10656.623945945948 10586.924381343295 25526.192 0.883 2872.970478081412 7026
stats: 302 57 2430
stats: 200 139 7207
stats: size_rcv 35046997 757708717
stats: newphase 0 11
stats: 502 148 8675
stats: size_sent 267966 13700814
stats: connected -55 148
stats: 500 52 614
# stats: dump at 1575467481
stats: users 93 1400
stats: {recvpackets,"tsung_controller@ip-172-31-23-21"} 1 24753.0 0.0 27612 61 17615.40625 32
stats: {sentpackets,"tsung_controller@ip-172-31-23-21"} 1 9674.0 0.0 13154 57 7083.8125 32
stats: {cpu,"tsung_controller@ip-172-31-23-21"} 1 5.622489959839357 0.0 9.703779366700715 0.3003003003003003 5.3821586382781375 33
stats: {load,"tsung_controller@ip-172-31-23-21"} 1 0.1484375 0.0 0.26953125 0.0 0.07552083333333333 33
stats: {freemem,"tsung_controller@ip-172-31-23-21"} 1 3381.55859375 0.0 3516.90234375 3381.55859375 3456.032078598485 33
stats: session 54 108946.06616666667 4897.047980334394 119352.0 35011.311 65479.93840502425 2269
stats: users_count 0 2416
stats: finish_users_count 54 2323
stats: request 238 5702.0223487394915 631.2345207845831 7167.169 0.81 1181.3615508532785 18927
stats: connect 0 0 0 418.53 1.057 2.4251995353639644 3874
stats: page 52 25368.519038461553 3139.0171918240503 26851.627 0.883 2954.095880422535 7100
stats: 302 78 2508
stats: 200 131 7338
stats: size_rcv 35304100 793012817
stats: newphase 0 11
stats: 502 0 8675
stats: size_sent 158286 13859100
stats: connected -52 96
stats: 500 29 643
# stats: dump at 1575467491
stats: users 0 1400
stats: {recvpackets,"tsung_controller@ip-172-31-23-21"} 1 25289.0 0.0 27612 61 17831.696969696968 33
stats: {sentpackets,"tsung_controller@ip-172-31-23-21"} 1 9475.0 0.0 13154 57 7162.30303030303 33
stats: {cpu,"tsung_controller@ip-172-31-23-21"} 1 6.093906093906094 0.0 9.703779366700715 0.3003003003003003 5.389227206559349 34
stats: {load,"tsung_controller@ip-172-31-23-21"} 1 0.12109375 0.0 0.26953125 0.0 0.07766544117647059 34
stats: {freemem,"tsung_controller@ip-172-31-23-21"} 1 3380.93359375 0.0 3516.90234375 3380.93359375 3453.841681985294 34
stats: session 93 110451.48737634408 4028.7977692497175 119791.525 35011.311 66490.34344123979 2323
stats: users_count 0 2416
stats: finish_users_count 93 2416
stats: request 221 3520.6899999999987 1723.2614226264016 7167.169 0.81 1237.5012466475346 19165
stats: connect 0 0 0 418.53 1.057 2.4251995353639644 3874
stats: page 96 22941.449895833317 3950.550997226009 27407.38 0.883 3117.064281459732 7152
stats: 302 54 2562
stats: 200 165 7503
stats: size_rcv 30781122 823793939
stats: newphase 0 11
stats: 502 0 8675
stats: size_sent 111408 13970508
stats: connected -96 0
stats: 500 2 645
# stats: dump at 1575467493
stats: users 0 1400
stats: {recvpackets,"tsung_controller@ip-172-31-23-21"} 1 18488.0 0.0 27612 61 18051.029411764706 34
stats: {sentpackets,"tsung_controller@ip-172-31-23-21"} 1 6635.0 0.0 13154 57 7230.323529411765 34
stats: {cpu,"tsung_controller@ip-172-31-23-21"} 1 4.112337011033099 0.0 9.703779366700715 0.3003003003003003 5.4093608890549705 35
stats: {load,"tsung_controller@ip-172-31-23-21"} 1 0.1015625 0.0 0.26953125 0.0 0.07890625 35
stats: {freemem,"tsung_controller@ip-172-31-23-21"} 1 3387.58984375 0.0 3516.90234375 3380.93359375 3451.75859375 35
stats: session 0 0 0 119791.525 35011.311 68182.55634933777 2416
stats: users_count 0 2416
stats: finish_users_count 0 2416
stats: request 0 0 0 7167.169 0.81 1263.529551325699 19386
stats: connect 0 0 0 418.53 1.057 2.4251995353639644 3874
stats: page 0 0 0 27407.38 0.883 3379.6389253587195 7248
stats: 302 0 2562
stats: 200 0 7503
stats: size_rcv 0 823793939
stats: newphase 0 11
stats: 502 0 8675
stats: size_sent 0 13970508
stats: connected 0 0
stats: 500 0 645
EndMonitor:{1575,467493,723556}
