
=INFO REPORT==== 2-Dec-2019::02:41:26 ===
    ts_config_server:(5:<0.102.0>) Config server started, logdir is "/home/ec2-user/.tsung/log/20191202-0241"
 
=INFO REPORT==== 2-Dec-2019::02:41:26 ===
              ts_mon:(5:<0.83.0>) starting monitor, global 

=INFO REPORT==== 2-Dec-2019::02:41:26 ===
           ts_config:(5:<0.102.0>) Reading config file: simple.xml

=INFO REPORT==== 2-Dec-2019::02:41:26 ===
      ts_config_http:(4:<0.102.0>) Get user agent: 100 "Mozilla/5.0 (Windows; U; Windows NT 5.2; fr-FR; rv:1.7.8) Gecko/20050511 Firefox/1.0.4" 

=INFO REPORT==== 2-Dec-2019::02:41:26 ===
           ts_config:(5:<0.102.0>) Session name for id 1 is "recommendee"

=INFO REPORT==== 2-Dec-2019::02:41:26 ===
           ts_config:(5:<0.102.0>) Session name for id 2 is "recommender"

=INFO REPORT==== 2-Dec-2019::02:41:26 ===
    ts_config_server:(4:<0.102.0>) SYSINFO:Tsung version: 1.7.0

=INFO REPORT==== 2-Dec-2019::02:41:26 ===
    ts_config_server:(4:<0.102.0>) SYSINFO:Erlang version: Erlang/OTP 20 [erts-9.1] [source] [64-bit] [smp:1:1] [ds:1:1:10] [async-threads:8] [hipe] [kernel-poll:true]


=INFO REPORT==== 2-Dec-2019::02:41:26 ===
    ts_config_server:(4:<0.102.0>) SYSINFO:System architecture x86_64-unknown-linux-gnu

=INFO REPORT==== 2-Dec-2019::02:41:26 ===
    ts_config_server:(4:<0.102.0>) SYSINFO:Current path: /usr/local/lib/tsung/tsung-1.7.0/ebin/tsung.beam

=INFO REPORT==== 2-Dec-2019::02:41:26 ===
              ts_mon:(5:<0.103.0>) Activate clients with text backend

=INFO REPORT==== 2-Dec-2019::02:41:26 ===
              ts_mon:(5:<0.103.0>) Starting tsung clients on hosts: [localhost]

=INFO REPORT==== 2-Dec-2019::02:41:26 ===
    ts_config_server:(5:<0.102.0>) Start a launcher on the controller beam localhost

=INFO REPORT==== 2-Dec-2019::02:41:26 ===
  ts_launcher_static:(5:<0.154.0>) Launch msg receive ("localhost")

=INFO REPORT==== 2-Dec-2019::02:41:26 ===
         ts_launcher:(5:<0.155.0>) Launch msg receive ("localhost")

=INFO REPORT==== 2-Dec-2019::02:41:26 ===
    ts_config_server:(5:<0.102.0>) New arrival phase 1 for client "localhost" (last ? true): will start 300 users

=INFO REPORT==== 2-Dec-2019::02:41:26 ===
    ts_config_server:(5:<0.102.0>) New arrival phase 2 for client "localhost" (last ? true): will start 450 users

=INFO REPORT==== 2-Dec-2019::02:41:26 ===
    ts_config_server:(5:<0.102.0>) New arrival phase 3 for client "localhost" (last ? true): will start 600 users

=INFO REPORT==== 2-Dec-2019::02:41:26 ===
    ts_config_server:(5:<0.102.0>) New arrival phase 4 for client "localhost" (last ? true): will start 750 users

=INFO REPORT==== 2-Dec-2019::02:41:26 ===
    ts_config_server:(5:<0.102.0>) New arrival phase 5 for client "localhost" (last ? true): will start 900 users

=INFO REPORT==== 2-Dec-2019::02:41:26 ===
    ts_config_server:(5:<0.102.0>) New arrival phase 6 for client "localhost" (last ? true): will start 1050 users

=INFO REPORT==== 2-Dec-2019::02:41:26 ===
    ts_config_server:(5:<0.102.0>) New arrival phase 7 for client "localhost" (last ? true): will start 1200 users

=INFO REPORT==== 2-Dec-2019::02:41:26 ===
    ts_config_server:(5:<0.102.0>) New arrival phase 8 for client "localhost" (last ? true): will start 1350 users

=INFO REPORT==== 2-Dec-2019::02:41:26 ===
    ts_config_server:(5:<0.102.0>) New arrival phase 9 for client "localhost" (last ? true): will start 1500 users

=INFO REPORT==== 2-Dec-2019::02:41:26 ===
    ts_config_server:(5:<0.102.0>) New arrival phase 10 for client "localhost" (last ? true): will start 1650 users

=INFO REPORT==== 2-Dec-2019::02:41:26 ===
    ts_config_server:(5:<0.102.0>) New arrival phase 11 for client "localhost" (last ? true): will start 1800 users

=INFO REPORT==== 2-Dec-2019::02:41:26 ===
         ts_launcher:(5:<0.155.0>) Expected duration of first phase: 30.0 sec (300 users) 

=INFO REPORT==== 2-Dec-2019::02:41:26 ===
  ts_launcher_static:(5:<0.154.0>) Activate launcher (2 static users) in 1000 msec, first user after 5000 ms 

=INFO REPORT==== 2-Dec-2019::02:41:26 ===
         ts_launcher:(5:<0.155.0>) Activate launcher (300 users) in 1004 msec 

=INFO REPORT==== 2-Dec-2019::02:41:57 ===
         ts_launcher:(5:<0.155.0>) Start a new arrival phase (450 users, 0.015); expected duration=30.0 sec

=INFO REPORT==== 2-Dec-2019::02:42:27 ===
         ts_launcher:(5:<0.155.0>) Start a new arrival phase (600 users, 0.02); expected duration=30.0 sec

=INFO REPORT==== 2-Dec-2019::02:42:57 ===
         ts_launcher:(4:<0.155.0>) Need to wait 0.14 sec before changing phase, going to sleep

=INFO REPORT==== 2-Dec-2019::02:42:57 ===
         ts_launcher:(5:<0.155.0>) Waking up

=INFO REPORT==== 2-Dec-2019::02:42:57 ===
         ts_launcher:(5:<0.155.0>) Start a new arrival phase (750 users, 0.025); expected duration=30.0 sec

=INFO REPORT==== 2-Dec-2019::02:43:27 ===
         ts_launcher:(5:<0.155.0>) Phase duration exceeded, but not all users were launched (37 users, 4.9% of phase)

=INFO REPORT==== 2-Dec-2019::02:43:27 ===
         ts_launcher:(5:<0.155.0>) Start a new arrival phase (900 users, 0.03); expected duration=30.0 sec

=INFO REPORT==== 2-Dec-2019::02:43:57 ===
         ts_launcher:(4:<0.155.0>) Need to wait 0.426 sec before changing phase, going to sleep

=INFO REPORT==== 2-Dec-2019::02:43:57 ===
         ts_launcher:(5:<0.155.0>) Waking up

=INFO REPORT==== 2-Dec-2019::02:43:57 ===
         ts_launcher:(5:<0.155.0>) Start a new arrival phase (1050 users, 0.035); expected duration=30.0 sec

=INFO REPORT==== 2-Dec-2019::02:44:27 ===
         ts_launcher:(4:<0.155.0>) Need to wait 0.784 sec before changing phase, going to sleep

=INFO REPORT==== 2-Dec-2019::02:44:27 ===
         ts_launcher:(5:<0.155.0>) Waking up

=INFO REPORT==== 2-Dec-2019::02:44:27 ===
         ts_launcher:(5:<0.155.0>) Start a new arrival phase (1200 users, 0.04); expected duration=30.0 sec

=INFO REPORT==== 2-Dec-2019::02:44:57 ===
         ts_launcher:(4:<0.155.0>) Need to wait 0.015 sec before changing phase, going to sleep

=INFO REPORT==== 2-Dec-2019::02:44:57 ===
         ts_launcher:(5:<0.155.0>) Waking up

=INFO REPORT==== 2-Dec-2019::02:44:57 ===
         ts_launcher:(5:<0.155.0>) Start a new arrival phase (1350 users, 0.045); expected duration=30.0 sec

=INFO REPORT==== 2-Dec-2019::02:45:27 ===
         ts_launcher:(4:<0.155.0>) Need to wait 0.263 sec before changing phase, going to sleep

=INFO REPORT==== 2-Dec-2019::02:45:27 ===
         ts_launcher:(5:<0.155.0>) Waking up

=INFO REPORT==== 2-Dec-2019::02:45:27 ===
         ts_launcher:(5:<0.155.0>) Start a new arrival phase (1500 users, 0.05); expected duration=30.0 sec

=INFO REPORT==== 2-Dec-2019::02:45:58 ===
         ts_launcher:(5:<0.155.0>) Phase duration exceeded, but not all users were launched (64 users, 4.3% of phase)

=INFO REPORT==== 2-Dec-2019::02:45:58 ===
         ts_launcher:(5:<0.155.0>) Start a new arrival phase (1650 users, 0.055); expected duration=30.0 sec

=INFO REPORT==== 2-Dec-2019::02:46:28 ===
         ts_launcher:(5:<0.155.0>) Phase duration exceeded, but not all users were launched (32 users, 1.9% of phase)

=INFO REPORT==== 2-Dec-2019::02:46:28 ===
         ts_launcher:(5:<0.155.0>) Start a new arrival phase (1800 users, 0.06); expected duration=30.0 sec

=INFO REPORT==== 2-Dec-2019::02:46:58 ===
         ts_launcher:(5:<0.155.0>) Phase duration exceeded, but not all users were launched (117 users, 6.5% of phase)

=INFO REPORT==== 2-Dec-2019::02:46:58 ===
         ts_launcher:(5:<0.155.0>) This was the last phase, wait for connected users to finish their session

=INFO REPORT==== 2-Dec-2019::02:46:58 ===
     ts_launcher_mgr:(5:<0.149.0>) Still 3220 active client(s)

=INFO REPORT==== 2-Dec-2019::02:48:23 ===
     ts_launcher_mgr:(5:<0.149.0>) No more active users 'tsung_controller@ip-172-31-31-18' "5928"
