# stats: dump at 1575254496
stats: users 92 92
stats: {freemem,"tsung_controller@ip-172-31-31-18"} 1 3519.4765625 0 3519.4765625 3519.4765625 0 0
stats: {cpu,"tsung_controller@ip-172-31-31-18"} 1 2.028140667574722 0 2.028140667574722 2.028140667574722 0 0
stats: {load,"tsung_controller@ip-172-31-31-18"} 1 0.0 0 0.0 0.0 0 0
stats: users_count 92 92
stats: finish_users_count 0 0
stats: request 172 17.470418604651147 11.590606900623028 95.603 6.01 0 0
stats: connect 88 1.186215909090909 1.372831061652456 13.644 0.805 0 0
stats: page 88 34.24538636363638 27.940808733671833 193.362 6.01 0 0
stats: 302 88 88
stats: 200 84 84
stats: size_rcv 97591 97591
stats: size_sent 98014 98014
stats: connected 88 88
# stats: dump at 1575254506
stats: users 182 182
stats: {freemem,"tsung_controller@ip-172-31-31-18"} 1 3519.03125 0.0 3519.4765625 3519.03125 3519.4765625 1
stats: {recvpackets,"tsung_controller@ip-172-31-31-18"} 1 760 0 760 760 0 0
stats: {sentpackets,"tsung_controller@ip-172-31-31-18"} 1 898 0 898 898 0 0
stats: {cpu,"tsung_controller@ip-172-31-31-18"} 1 3.493013972055888 0.0 3.493013972055888 2.028140667574722 2.028140667574722 1
stats: {load,"tsung_controller@ip-172-31-31-18"} 1 0.0 0.0 0.0 0.0 0.0 1
stats: users_count 90 182
stats: finish_users_count 0 0
stats: request 177 15.45778531073446 5.898749320587275 95.603 6.01 17.470418604651147 172
stats: connect 91 1.08265934065934 0.1469410601568018 13.644 0.805 1.186215909090909 88
stats: page 91 30.115164835164826 20.40524866074646 193.362 6.01 34.24538636363638 88
stats: 302 91 179
stats: 200 86 170
stats: size_rcv 100176 197767
stats: size_sent 100446 198460
stats: connected 91 179
# stats: dump at 1575254516
stats: users 283 283
stats: {freemem,"tsung_controller@ip-172-31-31-18"} 1 3515.6953125 0.0 3519.4765625 3515.6953125 3519.25390625 2
stats: {recvpackets,"tsung_controller@ip-172-31-31-18"} 1 680.0 0.0 760 680 760.0 1
stats: {sentpackets,"tsung_controller@ip-172-31-31-18"} 1 712.0 0.0 898 712 898.0 1
stats: {cpu,"tsung_controller@ip-172-31-31-18"} 1 1.5968063872255487 0.0 3.493013972055888 1.5968063872255487 2.760577319815305 2
stats: {load,"tsung_controller@ip-172-31-31-18"} 1 0.0 0.0 0.0 0.0 0.0 2
stats: users_count 101 283
stats: finish_users_count 0 0
stats: request 212 15.473896226415091 5.249420506974307 95.603 6.01 16.449684813753574 349
stats: connect 100 1.1060399999999997 0.30201685118549265 13.644 0.805 1.1335698324022343 179
stats: page 100 32.86174999999999 19.60268363177603 193.362 6.01 32.14566480446928 179
stats: 302 100 279
stats: 200 112 282
stats: size_rcv 127701 325468
stats: size_sent 127594 326054
stats: connected 100 279
# stats: dump at 1575254526
stats: users 402 403
stats: {freemem,"tsung_controller@ip-172-31-31-18"} 1 3512.296875 0.0 3519.4765625 3512.296875 3518.0677083333335 3
stats: {recvpackets,"tsung_controller@ip-172-31-31-18"} 1 824.0 0.0 824 680 720.0 2
stats: {sentpackets,"tsung_controller@ip-172-31-31-18"} 1 866.0 0.0 898 712 805.0 2
stats: {cpu,"tsung_controller@ip-172-31-31-18"} 1 1.2024048096192386 0.0 3.493013972055888 1.2024048096192386 2.3726536756187193 3
stats: {load,"tsung_controller@ip-172-31-31-18"} 1 0.0 0.0 0.0 0.0 0.0 3
stats: session 23 35064.5276521739 22.837007168203264 35154.523 35045.94 0 0
stats: users_count 142 425
stats: finish_users_count 23 23
stats: request 364 17.143947802197808 5.341495252033385 95.603 6.01 16.080937611408196 561
stats: connect 139 0.9985755395683454 0.15607648827755635 13.644 0.805 1.1237025089605732 279
stats: page 204 30.628877450980383 16.738162210235572 193.362 6.01 32.40232616487455 279
stats: 302 139 418
stats: 200 225 507
stats: size_rcv 255778 581246
stats: newphase 1 1
stats: size_sent 244224 570278
stats: connected 120 399
# stats: dump at 1575254536
stats: users 507 507
stats: {freemem,"tsung_controller@ip-172-31-31-18"} 1 3503.15625 0.0 3519.4765625 3503.15625 3516.625 4
stats: {recvpackets,"tsung_controller@ip-172-31-31-18"} 1 1341.0 0.0 1341 680 754.6666666666666 3
stats: {sentpackets,"tsung_controller@ip-172-31-31-18"} 1 1486.0 0.0 1486 712 825.3333333333334 3
stats: {cpu,"tsung_controller@ip-172-31-31-18"} 1 2.2977022977022976 0.0 3.493013972055888 1.2024048096192386 2.080091459118849 4
stats: {load,"tsung_controller@ip-172-31-31-18"} 1 0.0 0.0 0.0 0.0 0.0 4
stats: session 47 35058.23563829787 7.357322904155837 35154.523 35045.94 35064.5276521739 23
stats: users_count 152 577
stats: finish_users_count 47 70
stats: request 417 16.578179856115085 5.039407895901354 95.603 6.01 16.499246486486488 925
stats: connect 155 1.0176193548387096 0.17070734326544076 13.644 0.804 1.0820933014354066 418
stats: page 253 27.356185770750983 16.20141449324997 193.362 6.01 31.653291925465833 483
stats: 302 155 573
stats: 200 262 769
stats: size_rcv 291422 872668
stats: newphase 0 1
stats: size_sent 287773 858051
stats: connected 105 504
# stats: dump at 1575254546
stats: users 616 616
stats: {freemem,"tsung_controller@ip-172-31-31-18"} 1 3495.9453125 0.0 3519.4765625 3495.9453125 3513.93125 5
stats: {recvpackets,"tsung_controller@ip-172-31-31-18"} 1 1468.0 0.0 1468 680 901.25 4
stats: {sentpackets,"tsung_controller@ip-172-31-31-18"} 1 1673.0 0.0 1673 712 990.5 4
stats: {cpu,"tsung_controller@ip-172-31-31-18"} 1 2.2022022022022023 0.0 3.493013972055888 1.2024048096192386 2.123613626835539 5
stats: {load,"tsung_controller@ip-172-31-31-18"} 1 0.0 0.0 0.0 0.0 0.0 5
stats: session 45 35057.248799999994 12.321285401201047 35154.523 35045.94 35060.3030142857 70
stats: users_count 154 731
stats: finish_users_count 45 115
stats: request 389 16.7484730077121 6.885817273522127 95.603 6.01 16.523773472429205 1342
stats: connect 151 0.9376026490066227 0.1721008898418991 13.644 0.793 1.064652705061082 573
stats: page 239 27.290686192468627 17.956062958002065 193.362 6.01 30.176161684782603 736
stats: 302 150 723
stats: 200 239 1008
stats: size_rcv 267124 1139792
stats: newphase 0 1
stats: size_sent 264329 1122380
stats: connected 106 610
# stats: dump at 1575254556
stats: users 746 746
stats: {freemem,"tsung_controller@ip-172-31-31-18"} 1 3491.28125 0.0 3519.4765625 3491.28125 3510.93359375 6
stats: {recvpackets,"tsung_controller@ip-172-31-31-18"} 1 1464.0 0.0 1468 680 1014.6 5
stats: {sentpackets,"tsung_controller@ip-172-31-31-18"} 1 1667.0 0.0 1673 712 1127.0 5
stats: {cpu,"tsung_controller@ip-172-31-31-18"} 1 1.5151515151515151 0.0 3.493013972055888 1.2024048096192386 2.1367117227299826 6
stats: {load,"tsung_controller@ip-172-31-31-18"} 1 0.0 0.0 0.0 0.0 0.0 6
stats: session 57 35056.90710526314 7.0701559442943935 35154.523 35045.94 35059.10788695651 115
stats: users_count 187 918
stats: finish_users_count 57 172
stats: request 480 16.94089999999999 6.435735496235061 95.603 6.01 16.57426920854997 1731
stats: connect 188 1.0639574468085113 1.6035231119412192 22.844 0.793 1.0381546961325967 724
stats: page 304 26.777111842105253 17.696631033100672 193.362 6.01 29.468850256410253 975
stats: 302 189 912
stats: 200 291 1299
stats: size_rcv 327650 1467442
stats: newphase 1 2
stats: size_sent 321656 1444036
stats: connected 117 727
# stats: dump at 1575254566
stats: users 885 885
stats: {freemem,"tsung_controller@ip-172-31-31-18"} 1 3482.4609375 0.0 3519.4765625 3482.4609375 3508.1261160714284 7
stats: {recvpackets,"tsung_controller@ip-172-31-31-18"} 1 1858.0 0.0 1858 680 1089.5 6
stats: {sentpackets,"tsung_controller@ip-172-31-31-18"} 1 2098.0 0.0 2098 712 1217.0 6
stats: {cpu,"tsung_controller@ip-172-31-31-18"} 1 2.4120603015075375 0.0 3.493013972055888 1.2024048096192386 2.04791740736163 7
stats: {load,"tsung_controller@ip-172-31-31-18"} 1 0.0 0.0 0.0 0.0 0.0 7
stats: session 67 35057.826402985054 6.632514491459587 35154.523 35045.94 35058.37855813952 172
stats: users_count 206 1124
stats: finish_users_count 67 239
stats: request 599 17.5668247078464 5.525826873151558 95.603 6.01 16.653863410221618 2211
stats: connect 249 0.9297991967871482 0.5140178061697821 22.844 0.759 1.0434736842105266 912
stats: page 389 27.07631105398461 16.397035851114406 193.362 6.01 28.829062548866297 1279
stats: 302 207 1119
stats: 200 392 1691
stats: size_rcv 470816 1938258
stats: newphase 0 2
stats: size_sent 427465 1871501
stats: connected 135 862
# stats: dump at 1575254576
stats: users 970 971
stats: {freemem,"tsung_controller@ip-172-31-31-18"} 1 3479.890625 0.0 3519.4765625 3479.890625 3504.91796875 8
stats: {recvpackets,"tsung_controller@ip-172-31-31-18"} 1 2333.0 0.0 2333 680 1199.2857142857142 7
stats: {sentpackets,"tsung_controller@ip-172-31-31-18"} 1 2584.0 0.0 2584 712 1342.857142857143 7
stats: {cpu,"tsung_controller@ip-172-31-31-18"} 1 2.3255813953488373 0.0 3.493013972055888 1.2024048096192386 2.0934352691298685 8
stats: {load,"tsung_controller@ip-172-31-31-18"} 1 0.0 0.0 0.0 0.0 0.0 8
stats: session 112 52346.54452678573 21898.676790083216 80221.2 35045.94 35058.223769874465 239
stats: users_count 197 1321
stats: finish_users_count 112 351
stats: request 650 17.281649230769247 5.792827356179313 95.603 6.01 16.8484768683274 2810
stats: connect 241 0.9023112033195024 0.18391107877241253 22.844 0.699 1.0190938845822568 1161
stats: page 426 26.394199530516442 16.457865424575182 193.362 6.01 28.420297362110315 1668
stats: 302 240 1359
stats: 200 410 2101
stats: size_rcv 495414 2433672
stats: newphase 0 2
stats: size_sent 486293 2357794
stats: connected 82 944
# stats: dump at 1575254586
stats: users 1068 1076
stats: {freemem,"tsung_controller@ip-172-31-31-18"} 1 3478.66015625 0.0 3519.4765625 3478.66015625 3502.137152777778 9
stats: {recvpackets,"tsung_controller@ip-172-31-31-18"} 1 2657.0 0.0 2657 680 1341.0 8
stats: {sentpackets,"tsung_controller@ip-172-31-31-18"} 1 3011.0 0.0 3011 712 1498.0 8
stats: {cpu,"tsung_controller@ip-172-31-31-18"} 1 2.233502538071066 0.0 3.493013972055888 1.2024048096192386 2.1192292831541986 9
stats: {load,"tsung_controller@ip-172-31-31-18"} 1 0.0 0.0 0.0 0.0 0.0 9
stats: session 143 48916.72737762236 20776.8700798747 80221.2 35045.94 40574.72498005698 351
stats: users_count 241 1562
stats: finish_users_count 143 494
stats: request 780 19.53735256410255 8.59087487993055 95.603 6.01 16.92985317919075 3460
stats: connect 297 1.123602693602693 0.7860664143723429 22.844 0.699 0.9990192582025679 1402
stats: page 538 28.347418215613356 18.57731286030039 193.362 6.01 28.008111270296087 2094
stats: 302 284 1643
stats: 200 496 2597
stats: size_rcv 601289 3034961
stats: newphase 1 3
stats: size_sent 583894 2941688
stats: connected 89 1033
# stats: dump at 1575254596
stats: users 1137 1140
stats: {freemem,"tsung_controller@ip-172-31-31-18"} 1 3469.3359375 0.0 3519.4765625 3469.3359375 3499.789453125 10
stats: {recvpackets,"tsung_controller@ip-172-31-31-18"} 1 3108.0 0.0 3108 680 1487.2222222222222 9
stats: {sentpackets,"tsung_controller@ip-172-31-31-18"} 1 3522.0 0.0 3522 712 1666.111111111111 9
stats: {cpu,"tsung_controller@ip-172-31-31-18"} 1 3.807615230460922 0.0 3.807615230460922 1.2024048096192386 2.130656608645885 10
stats: {load,"tsung_controller@ip-172-31-31-18"} 1 0.0 0.0 0.0 0.0 0.0 10
stats: session 157 51406.98136942673 21649.75992561496 80221.2 35045.94 42989.51514777327 494
stats: users_count 226 1788
stats: finish_users_count 157 651
stats: request 814 18.15069656019658 6.200387863754618 95.603 6.01 17.409534669811315 4240
stats: connect 304 0.9356611842105265 0.14959959829198727 22.844 0.699 1.0207975279576222 1699
stats: page 565 26.149888495575226 16.507605224279626 193.362 6.01 28.077468085106382 2632
stats: 302 279 1922
stats: 200 535 3132
stats: size_rcv 661445 3696406
stats: newphase 0 3
stats: size_sent 633159 3574847
stats: connected 62 1095
# stats: dump at 1575254606
stats: users 1207 1207
stats: {freemem,"tsung_controller@ip-172-31-31-18"} 1 3467.4453125 0.0 3519.4765625 3467.4453125 3497.0209517045455 11
stats: {recvpackets,"tsung_controller@ip-172-31-31-18"} 1 3433.0 0.0 3433 680 1649.3 10
stats: {sentpackets,"tsung_controller@ip-172-31-31-18"} 1 3872.0 0.0 3872 712 1851.7 10
stats: {cpu,"tsung_controller@ip-172-31-31-18"} 1 3.3468559837728193 0.0 3.807615230460922 1.2024048096192386 2.2831073924472522 11
stats: {load,"tsung_controller@ip-172-31-31-18"} 1 0.0 0.0 0.0 0.0 0.0 11
stats: session 171 56142.29136257308 22450.58297959059 80314.601 35045.94 45019.53388325652 651
stats: users_count 241 2029
stats: finish_users_count 171 822
stats: request 824 27.21239320388352 44.2159596855955 425.13 6.01 17.52890660862683 5054
stats: connect 324 7.062194444444437 28.185515304673228 210.962 0.699 1.007876185721418 2003
stats: page 583 38.502855917667254 59.57929352403528 506.353 6.01 27.73681044729434 3197
stats: 302 322 2244
stats: 200 502 3634
stats: size_rcv 633115 4329521
stats: newphase 0 3
stats: size_sent 629680 4204527
stats: connected 72 1167
# stats: dump at 1575254616
stats: users 1319 1321
stats: {freemem,"tsung_controller@ip-172-31-31-18"} 1 3466.1875 0.0 3519.4765625 3466.1875 3494.5563151041665 12
stats: {recvpackets,"tsung_controller@ip-172-31-31-18"} 1 3446.0 0.0 3446 680 1811.4545454545455 11
stats: {sentpackets,"tsung_controller@ip-172-31-31-18"} 1 3848.0 0.0 3872 712 2035.3636363636363 11
stats: {cpu,"tsung_controller@ip-172-31-31-18"} 1 4.814443329989969 0.0 4.814443329989969 1.2024048096192386 2.3717531083910495 12
stats: {load,"tsung_controller@ip-172-31-31-18"} 1 0.16015625 0.0 0.16015625 0.0 0.0 12
stats: session 180 55828.36821111115 22443.112674328615 80405.884 35045.94 47333.392190997554 822
stats: users_count 292 2321
stats: finish_users_count 180 1002
stats: request 994 21.093087525150963 9.903989782458961 425.13 6.01 18.88637393671317 5878
stats: connect 366 1.1146120218579245 0.7592455143840533 210.962 0.699 1.8508495917490322 2327
stats: page 666 31.506603603603622 23.422308489066232 506.353 6.01 29.397287830687834 3780
stats: 302 375 2619
stats: 200 619 4253
stats: size_rcv 758160 5087681
stats: newphase 1 4
stats: size_sent 752969 4957496
stats: connected 103 1270
# stats: dump at 1575254626
stats: users 1442 1445
stats: {freemem,"tsung_controller@ip-172-31-31-18"} 1 3451.67578125 0.0 3519.4765625 3451.67578125 3492.3740985576924 13
stats: {recvpackets,"tsung_controller@ip-172-31-31-18"} 1 4072.0 0.0 4072 680 1947.6666666666667 12
stats: {sentpackets,"tsung_controller@ip-172-31-31-18"} 1 4502.0 0.0 4502 712 2186.4166666666665 12
stats: {cpu,"tsung_controller@ip-172-31-31-18"} 1 3.7678207739307537 0.0 4.814443329989969 1.2024048096192386 2.5596523562063513 13
stats: {load,"tsung_controller@ip-172-31-31-18"} 1 0.12890625 0.0 0.16015625 0.0 0.012319711538461538 13
stats: session 180 53325.56069444448 22103.33679995277 80405.884 35045.94 48859.435787425144 1002
stats: users_count 303 2624
stats: finish_users_count 180 1182
stats: request 965 19.07896373056994 6.990257027728696 425.13 6.01 19.20556388242143 6872
stats: connect 393 0.9807099236641218 0.24977393815492274 210.962 0.699 1.7507890828072774 2693
stats: page 669 27.541723467862454 18.121888687170465 506.353 6.01 29.713258209626634 4446
stats: 302 379 2998
stats: 200 586 4839
stats: size_rcv 732465 5820146
stats: newphase 0 4
stats: size_sent 717233 5674729
stats: connected 108 1378
# stats: dump at 1575254636
stats: users 1552 1552
stats: {freemem,"tsung_controller@ip-172-31-31-18"} 1 3446.68359375 0.0 3519.4765625 3446.68359375 3489.4670758928573 14
stats: {recvpackets,"tsung_controller@ip-172-31-31-18"} 1 4212.0 0.0 4212 680 2111.076923076923 13
stats: {sentpackets,"tsung_controller@ip-172-31-31-18"} 1 4709.0 0.0 4709 712 2364.5384615384614 13
stats: {cpu,"tsung_controller@ip-172-31-31-18"} 1 4.641775983854692 0.0 4.814443329989969 1.2024048096192386 2.6459501003295225 14
stats: {load,"tsung_controller@ip-172-31-31-18"} 1 0.109375 0.0 0.16015625 0.0 0.020647321428571428 14
stats: session 202 54908.944534653456 22344.885905280633 80405.884 35045.94 49539.55633164129 1182
stats: users_count 312 2936
stats: finish_users_count 202 1384
stats: request 1059 20.404135033050064 8.315227872407162 425.13 6.01 19.189975118029864 7837
stats: connect 413 0.9354842615012106 0.5803678994075319 210.962 0.699 1.652720025923525 3086
stats: page 735 29.419948299319756 19.508377825427722 506.353 6.01 29.429239296187678 5115
stats: 302 393 3391
stats: 200 666 5505
stats: size_rcv 836082 6656228
stats: newphase 0 4
stats: size_sent 810795 6485524
stats: connected 110 1488
# stats: dump at 1575254646
stats: users 1703 1703
stats: {freemem,"tsung_controller@ip-172-31-31-18"} 1 3445.203125 0.0 3519.4765625 3445.203125 3486.61484375 15
stats: {recvpackets,"tsung_controller@ip-172-31-31-18"} 1 4372.0 0.0 4372 680 2261.142857142857 14
stats: {sentpackets,"tsung_controller@ip-172-31-31-18"} 1 4922.0 0.0 4922 712 2532.0 14
stats: {cpu,"tsung_controller@ip-172-31-31-18"} 1 3.6772216547497445 0.0 4.814443329989969 1.2024048096192386 2.779005159231201 15
stats: {load,"tsung_controller@ip-172-31-31-18"} 1 0.1015625 0.0 0.16015625 0.0 0.0265625 15
stats: session 221 56460.308212669675 22480.32092344095 80405.884 35045.94 50323.23871387283 1384
stats: users_count 372 3308
stats: finish_users_count 221 1605
stats: request 1213 21.702889530090687 10.300855995661776 425.13 6.01 19.334511465827347 8896
stats: connect 484 1.0211136363636357 0.7755973953871977 210.962 0.699 1.5680620177193476 3499
stats: page 835 31.519597604790437 22.79329915296164 506.353 6.01 29.428071965811963 5850
stats: 302 481 3872
stats: 200 732 6237
stats: size_rcv 918793 7575021
stats: newphase 1 5
stats: size_sent 908655 7394179
stats: connected 144 1632
# stats: dump at 1575254656
stats: users 1802 1802
stats: {freemem,"tsung_controller@ip-172-31-31-18"} 1 3443.48046875 0.0 3519.4765625 3443.48046875 3484.026611328125 16
stats: {recvpackets,"tsung_controller@ip-172-31-31-18"} 1 5017.0 0.0 5017 680 2401.866666666667 15
stats: {sentpackets,"tsung_controller@ip-172-31-31-18"} 1 5589.0 0.0 5589 712 2691.3333333333335 15
stats: {cpu,"tsung_controller@ip-172-31-31-18"} 1 5.0761421319796955 0.0 5.0761421319796955 1.2024048096192386 2.8351436902011096 16
stats: {load,"tsung_controller@ip-172-31-31-18"} 1 0.1484375 0.0 0.16015625 0.0 0.03125 16
stats: session 259 54024.37841698844 22228.233666519267 80405.884 35045.94 51168.280682242985 1605
stats: users_count 358 3666
stats: finish_users_count 259 1864
stats: request 1225 25.504720816326547 29.483530186280635 425.13 6.01 19.618698090810177 10109
stats: connect 474 3.3600210970464133 17.285247545843074 221.728 0.699 1.501598794878232 3983
stats: page 885 35.35097514124295 39.22930134209902 506.353 6.01 29.68931712789828 6685
stats: 302 454 4326
stats: 200 771 7008
stats: size_rcv 966809 8541830
stats: newphase 0 5
stats: size_sent 947354 8341533
stats: connected 93 1725
# stats: dump at 1575254666
stats: users 1859 1861
stats: {freemem,"tsung_controller@ip-172-31-31-18"} 1 3442.03125 0.0 3519.4765625 3442.03125 3481.641544117647 17
stats: {recvpackets,"tsung_controller@ip-172-31-31-18"} 1 5303.0 0.0 5303 680 2565.3125 16
stats: {sentpackets,"tsung_controller@ip-172-31-31-18"} 1 5903.0 0.0 5903 712 2872.4375 16
stats: {cpu,"tsung_controller@ip-172-31-31-18"} 1 5.300713557594292 0.0 5.300713557594292 1.2024048096192386 2.966967127952791 17
stats: {load,"tsung_controller@ip-172-31-31-18"} 1 0.12890625 0.0 0.16015625 0.0 0.03814338235294118 17
stats: session 274 55128.33737226277 22370.48998686303 80405.884 35045.94 51565.1311722103 1864
stats: users_count 331 3997
stats: finish_users_count 274 2138
stats: request 1242 24.759314814814857 16.828013148894847 425.13 6.01 20.254870478207174 11334
stats: connect 466 0.9473776824034339 0.5637367387131038 221.728 0.683 1.6992411936280003 4457
stats: page 887 34.630832018038454 29.79122440991863 506.353 6.01 30.35121505944518 7570
stats: 302 471 4797
stats: 200 771 7779
stats: size_rcv 968924 9510754
stats: newphase 0 5
stats: size_sent 962395 9303928
stats: connected 77 1802
# stats: dump at 1575254676
stats: users 1949 1950
stats: {freemem,"tsung_controller@ip-172-31-31-18"} 1 3441.11328125 0.0 3519.4765625 3441.11328125 3479.440972222222 18
stats: {recvpackets,"tsung_controller@ip-172-31-31-18"} 1 4963.0 0.0 5303 680 2726.3529411764707 17
stats: {sentpackets,"tsung_controller@ip-172-31-31-18"} 1 5582.0 0.0 5903 712 3050.705882352941 17
stats: {cpu,"tsung_controller@ip-172-31-31-18"} 1 5.146316851664985 0.0 5.300713557594292 1.2024048096192386 3.096619707377319 18
stats: {load,"tsung_controller@ip-172-31-31-18"} 1 0.109375 0.0 0.16015625 0.0 0.04318576388888889 18
stats: session 283 55123.25456183745 22370.579055544567 80405.884 35045.94 52021.78154583723 2138
stats: users_count 373 4370
stats: finish_users_count 283 2421
stats: request 1364 25.09664736070381 12.094383864772148 425.13 6.01 20.69972733778627 12576
stats: connect 491 1.0262810590631346 0.6484234573709833 221.728 0.683 1.6280715011172044 4923
stats: page 959 35.77081751824814 24.38983433822275 506.353 6.01 30.800076386425463 8457
stats: 302 495 5292
stats: 200 869 8648
stats: size_rcv 1075326 10586080
stats: newphase 1 6
stats: size_sent 1058977 10362905
stats: connected 61 1863
# stats: dump at 1575254686
stats: users 2042 2042
stats: {freemem,"tsung_controller@ip-172-31-31-18"} 1 3429.8046875 0.0 3519.4765625 3429.8046875 3477.4237253289475 19
stats: {recvpackets,"tsung_controller@ip-172-31-31-18"} 1 5864.0 0.0 5864 680 2850.6111111111113 18
stats: {sentpackets,"tsung_controller@ip-172-31-31-18"} 1 6473.0 0.0 6473 712 3191.3333333333335 18
stats: {cpu,"tsung_controller@ip-172-31-31-18"} 1 5.888324873096447 0.0 5.888324873096447 1.2024048096192386 3.2044985044450907 19
stats: {load,"tsung_controller@ip-172-31-31-18"} 1 0.171875 0.0 0.171875 0.0 0.04666940789473684 19
stats: session 309 52284.0891779935 21881.419222156168 80568.61 35045.94 52384.32465344898 2421
stats: users_count 402 4772
stats: finish_users_count 309 2730
stats: request 1433 25.635606420097734 15.42394611314953 425.13 6.01 21.1299568149211 13940
stats: connect 568 1.0061021126760554 0.6892084305199421 221.728 0.683 1.5734946435168076 5414
stats: page 1057 34.772025543992505 27.045797100731143 506.353 6.01 31.306336023789303 9416
stats: 302 525 5817
stats: 200 908 9556
stats: size_rcv 1152815 11738895
stats: newphase 0 6
stats: size_sent 1113904 11476809
stats: connected 101 1964
# stats: dump at 1575254696
stats: users 2089 2092
stats: {freemem,"tsung_controller@ip-172-31-31-18"} 1 3422.55859375 0.0 3519.4765625 3422.55859375 3475.0427734375 20
stats: {recvpackets,"tsung_controller@ip-172-31-31-18"} 1 6336.0 0.0 6336 680 3009.2105263157896 19
stats: {sentpackets,"tsung_controller@ip-172-31-31-18"} 1 7033.0 0.0 7033 712 3364.0526315789475 19
stats: {cpu,"tsung_controller@ip-172-31-31-18"} 1 5.441478439425051 0.0 5.888324873096447 1.2024048096192386 3.338689822877659 20
stats: {load,"tsung_controller@ip-172-31-31-18"} 1 0.1484375 0.0 0.171875 0.0 0.0529296875 20
stats: session 342 56815.62780116956 22488.816452718533 80568.61 35045.94 52372.979319413906 2730
stats: users_count 389 5161
stats: finish_users_count 342 3072
stats: request 1430 23.806532167832177 11.94047862085599 425.13 6.01 21.54995264424642 15373
stats: connect 537 1.0250540037243947 1.5655062813700589 221.728 0.666 1.5196198595787354 5982
stats: page 1049 32.459226882745455 22.537154412997072 506.353 6.01 31.65611486680036 10473
stats: 302 554 6371
stats: 200 876 10432
stats: size_rcv 1108053 12846948
stats: newphase 0 6
stats: size_sent 1116901 12593710
stats: connected 40 2004
# stats: dump at 1575254706
stats: users 2216 2220
stats: {freemem,"tsung_controller@ip-172-31-31-18"} 1 3421.859375 0.0 3519.4765625 3421.859375 3472.543526785714 21
stats: {recvpackets,"tsung_controller@ip-172-31-31-18"} 1 6215.0 0.0 6336 680 3175.55 20
stats: {sentpackets,"tsung_controller@ip-172-31-31-18"} 1 6899.0 0.0 7033 712 3547.5 20
stats: {cpu,"tsung_controller@ip-172-31-31-18"} 1 5.81039755351682 0.0 5.888324873096447 1.2024048096192386 3.4388226141418206 21
stats: {load,"tsung_controller@ip-172-31-31-18"} 1 0.12109375 0.0 0.171875 0.0 0.05747767857142857 21
stats: session 303 57078.90592409244 22496.26058784892 80568.61 35045.94 52867.57104492185 3072
stats: users_count 430 5591
stats: finish_users_count 303 3375
stats: request 1509 31.045699801192846 19.90534946848621 425.13 6.01 21.74199625066954 16803
stats: connect 592 1.2203885135135133 1.0201220686114292 221.728 0.666 1.4788801963491325 6519
stats: page 1062 44.10431261770249 34.69506499731349 506.353 6.01 31.729232772088192 11522
stats: 302 578 6949
stats: 200 931 11363
stats: size_rcv 1184948 14031896
stats: newphase 1 7
stats: size_sent 1161669 13755379
stats: connected 116 2120
# stats: dump at 1575254716
stats: users 2297 2301
stats: {freemem,"tsung_controller@ip-172-31-31-18"} 1 3419.84765625 0.0 3519.4765625 3419.84765625 3470.2397017045455 22
stats: {recvpackets,"tsung_controller@ip-172-31-31-18"} 1 6568.0 0.0 6568 680 3320.285714285714 21
stats: {sentpackets,"tsung_controller@ip-172-31-31-18"} 1 7082.0 0.0 7082 712 3707.095238095238 21
stats: {cpu,"tsung_controller@ip-172-31-31-18"} 1 7.947686116700201 0.0 7.947686116700201 1.2024048096192386 3.5466214750225022 22
stats: {load,"tsung_controller@ip-172-31-31-18"} 1 0.1015625 0.0 0.171875 0.0 0.060369318181818184 22
stats: session 379 54232.2206622691 22243.390352216775 80568.61 35045.94 53245.655331851834 3375
stats: users_count 460 6051
stats: finish_users_count 379 3754
stats: request 1660 42.42662289156631 56.781127858816134 569.774 6.01 22.508667758846673 18312
stats: connect 655 14.683262595419853 57.187650098838915 435.678 0.617 1.457360427506679 7111
stats: page 1250 56.34367600000006 82.0701077666639 749.482 6.01 32.773601398601414 12584
stats: 302 622 7571
stats: 200 1038 12401
stats: size_rcv 1328174 15360070
stats: newphase 0 7
stats: size_sent 1290615 15045994
stats: connected 101 2221
# stats: dump at 1575254726
stats: users 2391 2403
stats: {freemem,"tsung_controller@ip-172-31-31-18"} 1 3402.98828125 0.0 3519.4765625 3402.98828125 3468.0487432065215 23
stats: {recvpackets,"tsung_controller@ip-172-31-31-18"} 1 7452.0 0.0 7452 680 3467.909090909091 22
stats: {sentpackets,"tsung_controller@ip-172-31-31-18"} 1 8046.0 0.0 8046 712 3860.5 22
stats: {cpu,"tsung_controller@ip-172-31-31-18"} 1 9.67098703888335 0.0 9.67098703888335 1.2024048096192386 3.737972111617185 23
stats: {load,"tsung_controller@ip-172-31-31-18"} 1 0.08984375 0.0 0.171875 0.0 0.06216032608695652 23
stats: session 377 58159.16506896558 22509.61744393687 80568.61 35045.94 53345.25795844431 3754
stats: users_count 471 6522
stats: finish_users_count 377 4131
stats: request 1675 29.44055164179109 16.037818229483705 569.774 6.01 24.16417574604448 19972
stats: connect 641 1.015457098283934 0.40457581081051314 435.678 0.617 2.572859515838269 7766
stats: page 1216 40.564355263157964 29.443750817048084 749.482 6.01 34.90332477952872 13834
stats: 302 667 8238
stats: 200 1008 13409
stats: size_rcv 1281403 16641473
stats: newphase 0 7
stats: size_sent 1295844 16341838
stats: connected 71 2292
# stats: dump at 1575254736
stats: users 2465 2474
stats: {freemem,"tsung_controller@ip-172-31-31-18"} 1 3401.33984375 0.0 3519.4765625 3401.33984375 3465.337890625 24
stats: {recvpackets,"tsung_controller@ip-172-31-31-18"} 1 7403.0 0.0 7452 680 3641.1304347826085 23
stats: {sentpackets,"tsung_controller@ip-172-31-31-18"} 1 8010.0 0.0 8046 712 4042.478260869565 23
stats: {cpu,"tsung_controller@ip-172-31-31-18"} 1 8.291203235591507 0.0 9.67098703888335 1.2024048096192386 3.985181066919942 24
stats: {load,"tsung_controller@ip-172-31-31-18"} 1 0.0703125 0.0 0.171875 0.0 0.06331380208333333 24
stats: session 368 55539.6589592391 22408.669110049326 80568.61 35045.94 53784.580877995635 4131
stats: users_count 442 6964
stats: finish_users_count 368 4499
stats: request 1518 35.5030065876153 27.563744684988738 569.774 6.01 24.572450778398878 21647
stats: connect 587 1.059732538330493 0.6726551359139468 435.678 0.617 2.4541138337100037 8407
stats: page 1120 47.861600000000024 43.41329305683012 749.482 6.01 35.36072099667776 15050
stats: 302 580 8818
stats: 200 938 14347
stats: size_rcv 1197336 17838809
stats: newphase 1 8
stats: size_sent 1189078 17530916
stats: connected 85 2377
# stats: dump at 1575254746
stats: users 2541 2552
stats: {freemem,"tsung_controller@ip-172-31-31-18"} 1 3399.3125 0.0 3519.4765625 3399.3125 3462.77796875 25
stats: {recvpackets,"tsung_controller@ip-172-31-31-18"} 1 7268.0 0.0 7452 680 3797.875 24
stats: {sentpackets,"tsung_controller@ip-172-31-31-18"} 1 7774.0 0.0 8046 712 4207.791666666667 24
stats: {cpu,"tsung_controller@ip-172-31-31-18"} 1 7.3319755600814664 0.0 9.67098703888335 1.2024048096192386 4.1574219536668044 25
stats: {load,"tsung_controller@ip-172-31-31-18"} 1 0.05859375 0.0 0.171875 0.0 0.06359375 25
stats: session 414 54533.36591545894 22240.642118682965 80568.61 35045.94 53928.1391651478 4499
stats: users_count 490 7454
stats: finish_users_count 414 4913
stats: request 1843 57.93183939229518 45.585941584788074 569.774 6.01 25.28872894452841 23165
stats: connect 686 1.1204985422740534 0.59531275007851 435.678 0.617 2.3631085167889703 8994
stats: page 1364 78.57515909090903 68.47113550715844 749.482 6.01 36.226582745825624 16170
stats: 302 665 9483
stats: 200 1178 15525
stats: size_rcv 1484641 19323450
stats: newphase 0 8
stats: size_sent 1436468 18967384
stats: connected 55 2432
# stats: dump at 1575254756
stats: users 2594 2615
stats: {freemem,"tsung_controller@ip-172-31-31-18"} 1 3397.80859375 0.0 3519.4765625 3397.80859375 3460.3369891826924 26
stats: {recvpackets,"tsung_controller@ip-172-31-31-18"} 1 8393.0 0.0 8393 680 3936.68 25
stats: {sentpackets,"tsung_controller@ip-172-31-31-18"} 1 8607.0 0.0 8607 712 4350.44 25
stats: {cpu,"tsung_controller@ip-172-31-31-18"} 1 9.06344410876133 0.0 9.67098703888335 1.2024048096192386 4.279520169298137 26
stats: {load,"tsung_controller@ip-172-31-31-18"} 1 0.05078125 0.0 0.171875 0.0 0.0634014423076923 26
stats: session 428 56358.18304672895 22408.33972753276 80568.61 35045.94 53979.13934317116 4913
stats: users_count 481 7935
stats: finish_users_count 428 5341
stats: request 1833 87.75460774686317 78.33570855967 569.774 6.01 27.694409229046727 25008
stats: connect 677 15.080940915805009 54.9463543780223 435.678 0.617 2.275047520661157 9680
stats: page 1349 119.22902668643468 113.97879485479227 920.089 6.01 39.520951294627594 17534
stats: 302 678 10161
stats: 200 1155 16680
stats: size_rcv 1463441 20786891
stats: newphase 0 8
stats: size_sent 1442755 20410139
stats: connected 44 2476
# stats: dump at 1575254766
stats: users 2695 2703
stats: {freemem,"tsung_controller@ip-172-31-31-18"} 1 3396.62109375 0.0 3519.4765625 3396.62109375 3458.021122685185 27
stats: {recvpackets,"tsung_controller@ip-172-31-31-18"} 1 8785.0 0.0 8785 680 4108.076923076923 26
stats: {sentpackets,"tsung_controller@ip-172-31-31-18"} 1 8907.0 0.0 8907 712 4514.153846153846 26
stats: {cpu,"tsung_controller@ip-172-31-31-18"} 1 9.738955823293173 0.0 9.738955823293173 1.2024048096192386 4.456702537426403 27
stats: {load,"tsung_controller@ip-172-31-31-18"} 1 0.0390625 0.0 0.171875 0.0 0.06293402777777778 27
stats: session 441 54382.20391156458 22257.409860427804 80744.579 35045.94 54169.78354933531 5341
stats: users_count 542 8477
stats: finish_users_count 441 5782
stats: request 1918 59.93850729927007 40.58677952977084 569.774 6.01 31.79598308557806 26841
stats: connect 734 1.021264305177113 0.7772636789407692 435.678 0.617 3.112122912040165 10357
stats: page 1389 82.02491360691144 69.80706505395294 920.089 6.01 45.21528978446225 18883
stats: 302 730 10891
stats: 200 1188 17868
stats: size_rcv 1493642 22280533
stats: newphase 1 9
stats: size_sent 1508912 21919051
stats: connected 44 2520
# stats: dump at 1575254776
stats: users 2779 2789
stats: {freemem,"tsung_controller@ip-172-31-31-18"} 1 3395.3984375 0.0 3519.4765625 3395.3984375 3455.8282645089284 28
stats: {recvpackets,"tsung_controller@ip-172-31-31-18"} 1 9312.0 0.0 9312 680 4281.2962962962965 27
stats: {sentpackets,"tsung_controller@ip-172-31-31-18"} 1 9405.0 0.0 9405 712 4676.851851851851 27
stats: {cpu,"tsung_controller@ip-172-31-31-18"} 1 8.384458077709612 0.0 9.738955823293173 1.2024048096192386 4.645354440493073 28
stats: {load,"tsung_controller@ip-172-31-31-18"} 1 0.0390625 0.0 0.171875 0.0 0.06208147321428571 28
stats: session 430 54876.67220232556 22285.405606045555 80744.579 35045.94 54185.985102386694 5782
stats: users_count 514 8991
stats: finish_users_count 430 6212
stats: request 1937 65.12514868353128 44.626806983831024 569.774 6.01 33.672868980145374 28759
stats: connect 732 0.9166707650273236 0.22136496474207856 435.678 0.617 2.973750338111982 11091
stats: page 1434 88.40402859135291 70.46495464602434 920.089 6.01 47.7374172257301 20272
stats: 302 710 11601
stats: 200 1227 19095
stats: size_rcv 1568046 23848579
stats: newphase 0 9
stats: size_sent 1508118 23427169
stats: connected 69 2589
# stats: dump at 1575254786
stats: users 2855 2857
stats: {freemem,"tsung_controller@ip-172-31-31-18"} 1 3394.3046875 0.0 3519.4765625 3394.3046875 3453.7444773706898 29
stats: {recvpackets,"tsung_controller@ip-172-31-31-18"} 1 9238.0 0.0 9312 680 4460.964285714285 28
stats: {sentpackets,"tsung_controller@ip-172-31-31-18"} 1 9325.0 0.0 9405 712 4845.714285714285 28
stats: {cpu,"tsung_controller@ip-172-31-31-18"} 1 8.375893769152196 0.0 9.738955823293173 1.2024048096192386 4.774289048672954 29
stats: {load,"tsung_controller@ip-172-31-31-18"} 1 0.03125 0.0 0.171875 0.0 0.06128771551724138 29
stats: session 467 56746.33005781583 22414.191235045575 80744.579 35045.94 54233.795059401134 6212
stats: users_count 543 9534
stats: finish_users_count 467 6679
stats: request 1929 75.73618403317796 50.8659292873355 569.774 6.01 35.657592259577825 30696
stats: connect 747 0.9879651941097717 0.784552314036847 435.678 0.617 2.846389917956525 11823
stats: page 1445 101.2851820069205 80.59803210496203 920.089 6.01 50.424043997051534 21706
stats: 302 754 12355
stats: 200 1175 20270
stats: size_rcv 1505720 25354299
stats: newphase 0 9
stats: size_sent 1514923 24942092
stats: connected 65 2654
# stats: dump at 1575254796
stats: users 2988 2990
stats: {freemem,"tsung_controller@ip-172-31-31-18"} 1 3393.30078125 0.0 3519.4765625 3393.30078125 3451.763151041667 30
stats: {recvpackets,"tsung_controller@ip-172-31-31-18"} 1 9380.0 0.0 9380 680 4625.689655172414 29
stats: {sentpackets,"tsung_controller@ip-172-31-31-18"} 1 9532.0 0.0 9532 712 5000.172413793103 29
stats: {cpu,"tsung_controller@ip-172-31-31-18"} 1 9.494949494949495 0.0 9.738955823293173 1.2024048096192386 4.894342539355595 30
stats: {load,"tsung_controller@ip-172-31-31-18"} 1 0.01953125 0.0 0.171875 0.0 0.060286458333333334 30
stats: session 433 55758.18833487301 22314.170741640926 80930.469 35045.94 54409.47313160651 6679
stats: users_count 566 10100
stats: finish_users_count 433 7112
stats: request 1939 247.15519855595693 170.72200606845445 951.005 6.01 38.02729658237552 32625
stats: connect 797 1.092126725219574 1.0210561524717023 435.678 0.617 2.7359489260143195 12570
stats: page 1409 317.0987558552169 240.82089532022178 1866.258 6.01 53.59860856982422 23151
stats: 302 734 13089
stats: 200 1205 21475
stats: size_rcv 1537265 26891564
stats: newphase 1 10
stats: size_sent 1592825 26534917
stats: connected -11 2643
# stats: dump at 1575254806
stats: users 3132 3135
stats: {freemem,"tsung_controller@ip-172-31-31-18"} 1 3365.99609375 0.0 3519.4765625 3365.99609375 3449.8772681451615 31
stats: {recvpackets,"tsung_controller@ip-172-31-31-18"} 1 9622.0 0.0 9622 680 4784.166666666667 30
stats: {sentpackets,"tsung_controller@ip-172-31-31-18"} 1 9526.0 0.0 9532 712 5151.233333333334 30
stats: {cpu,"tsung_controller@ip-172-31-31-18"} 1 9.072375127421 0.0 9.738955823293173 1.2024048096192386 5.042749215342495 31
stats: {load,"tsung_controller@ip-172-31-31-18"} 1 0.01953125 0.0 0.171875 0.0 0.05897177419354839 31
stats: session 442 56368.24749321268 22139.651457120806 81751.597 35045.94 54491.58697904948 7112
stats: users_count 586 10686
stats: finish_users_count 442 7554
stats: request 1965 807.9349613231548 142.1726126848565 1265.969 6.01 49.759127444740244 34564
stats: connect 800 1.0333000000000019 0.7187940960386362 435.678 0.617 2.6379369342410413 13367
stats: page 1452 1062.7649869145996 572.9558158518608 3041.99 6.01 68.71553477198702 24560
stats: 302 768 13857
stats: 200 1197 22672
stats: size_rcv 1530570 28422134
stats: newphase 0 10
stats: size_sent 1577806 28112723
stats: connected 55 2698
# stats: dump at 1575254816
stats: users 3215 3229
stats: {freemem,"tsung_controller@ip-172-31-31-18"} 1 3347.265625 0.0 3519.4765625 3347.265625 3447.2559814453125 32
stats: {recvpackets,"tsung_controller@ip-172-31-31-18"} 1 9929.0 0.0 9929 680 4940.225806451613 31
stats: {sentpackets,"tsung_controller@ip-172-31-31-18"} 1 9879.0 0.0 9879 712 5292.354838709677 31
stats: {cpu,"tsung_controller@ip-172-31-31-18"} 1 9.591836734693878 0.0 9.738955823293173 1.2024048096192386 5.168675025094948 32
stats: {load,"tsung_controller@ip-172-31-31-18"} 1 0.01953125 0.0 0.171875 0.0 0.0577392578125 32
stats: session 460 57579.586326086916 22195.660683118727 82577.65 35045.94 54601.3942265025 7554
stats: users_count 543 11229
stats: finish_users_count 460 8014
stats: request 2071 1186.4722834379556 407.3467210179788 1779.394 0.504 90.54358673930304 36529
stats: connect 821 0.9889902557856265 0.8020355299978068 435.678 0.617 2.5473242747229476 14167
stats: page 1510 1593.9705814569554 1031.2527232537839 4387.534 0.563 124.20376345532831 26012
stats: 302 694 14551
stats: 200 1175 23847
stats: size_rcv 1573781 29995915
stats: newphase 0 10
stats: 502 198 198
stats: size_sent 1618570 29731293
stats: connected 23 2721
stats: 500 4 4
# stats: dump at 1575254826
stats: users 2699 3232
stats: {freemem,"tsung_controller@ip-172-31-31-18"} 1 3330.2890625 0.0 3519.4765625 3330.2890625 3444.2259706439395 33
stats: {recvpackets,"tsung_controller@ip-172-31-31-18"} 1 9862.0 0.0 9929 680 5096.125 32
stats: {sentpackets,"tsung_controller@ip-172-31-31-18"} 1 9955.0 0.0 9955 712 5435.6875 32
stats: {cpu,"tsung_controller@ip-172-31-31-18"} 1 9.740932642487046 0.0 9.740932642487046 1.2024048096192386 5.302710228416128 33
stats: {load,"tsung_controller@ip-172-31-31-18"} 1 0.01171875 0.0 0.171875 0.0 0.05658143939393939 33
stats: session 589 56472.21469439726 22212.8555975099 82871.617 35045.94 54772.34111517343 8014
stats: users_count 73 11302
stats: finish_users_count 589 8603
stats: request 1533 891.0996542726689 565.6768185777164 1779.394 0.499 149.343284430052 38600
stats: connect 344 1.1350319767441848 1.2064959673891682 435.678 0.617 2.461963170536429 14988
stats: page 1377 1084.6880769789427 1044.9864975967287 4405.278 0.559 204.84281204127615 27522
stats: 302 389 14940
stats: 200 1100 24947
stats: size_rcv 1330803 31326718
stats: newphase 0 10
stats: 502 43 241
stats: size_sent 1230694 30961987
stats: connected -416 2305
stats: 500 2 6
# stats: dump at 1575254836
stats: users 2136 3232
stats: {freemem,"tsung_controller@ip-172-31-31-18"} 1 3328.44921875 0.0 3519.4765625 3328.44921875 3440.874885110294 34
stats: {recvpackets,"tsung_controller@ip-172-31-31-18"} 1 6714.0 0.0 9929 680 5240.545454545455 33
stats: {sentpackets,"tsung_controller@ip-172-31-31-18"} 1 7015.0 0.0 9955 712 5572.636363636364 33
stats: {cpu,"tsung_controller@ip-172-31-31-18"} 1 6.338028169014084 0.0 9.740932642487046 1.2024048096192386 5.433246181771155 34
stats: {load,"tsung_controller@ip-172-31-31-18"} 1 0.01171875 0.0 0.171875 0.0 0.05526194852941176 34
stats: session 563 57507.98423978684 22609.196767491827 82871.617 35045.94 54888.72209136347 8603
stats: users_count 0 11302
stats: finish_users_count 563 9166
stats: request 1126 39.23321580817049 25.6883272878163 1779.394 0.499 177.67688807216027 40133
stats: connect 261 0.9718122605363988 0.16862938346697834 435.678 0.617 2.4321911687972864 15332
stats: page 1126 39.23321580817049 25.6883272878163 4405.278 0.559 246.76630177514815 28899
stats: 302 268 15208
stats: 200 858 25805
stats: size_rcv 1037857 32364575
stats: newphase 0 10
stats: 502 0 241
stats: size_sent 1155219 32117206
stats: connected -462 1843
stats: 500 0 6
# stats: dump at 1575254846
stats: users 1576 3232
stats: {freemem,"tsung_controller@ip-172-31-31-18"} 1 3336.0546875 0.0 3519.4765625 3328.44921875 3437.6627232142855 35
stats: {recvpackets,"tsung_controller@ip-172-31-31-18"} 1 5983.0 0.0 9929 680 5283.882352941177 34
stats: {sentpackets,"tsung_controller@ip-172-31-31-18"} 1 6628.0 0.0 9955 712 5615.058823529412 34
stats: {cpu,"tsung_controller@ip-172-31-31-18"} 1 4.684317718940937 0.0 9.740932642487046 1.2024048096192386 5.459097095692381 35
stats: {load,"tsung_controller@ip-172-31-31-18"} 1 0.01171875 0.0 0.171875 0.0 0.054017857142857145 35
stats: session 560 57125.787512500036 22063.69758019735 82871.617 35035.916 55049.60411073531 9166
stats: users_count 0 11302
stats: finish_users_count 560 9726
stats: request 1081 36.69635430157259 30.87124760803038 1779.394 0.499 173.898619695097 41259
stats: connect 254 0.9232440944881889 0.13670574275764788 435.678 0.617 2.4077469377284677 15593
stats: page 1081 36.69635430157259 30.87124760803038 4405.278 0.559 238.9833790507912 30025
stats: 302 261 15469
stats: 200 789 26594
stats: size_rcv 860333 33224908
stats: newphase 0 10
stats: 502 0 241
stats: size_sent 1069271 33186477
stats: connected -442 1401
stats: 500 31 37
# stats: dump at 1575254856
stats: users 1115 3232
stats: {freemem,"tsung_controller@ip-172-31-31-18"} 1 3335.234375 0.0 3519.4765625 3328.44921875 3434.840277777778 36
stats: {recvpackets,"tsung_controller@ip-172-31-31-18"} 1 5324.0 0.0 9929 680 5303.857142857143 35
stats: {sentpackets,"tsung_controller@ip-172-31-31-18"} 1 6239.0 0.0 9955 712 5644.0 35
stats: {cpu,"tsung_controller@ip-172-31-31-18"} 1 4.843592330978809 0.0 9.740932642487046 1.2024048096192386 5.437575446338175 36
stats: {load,"tsung_controller@ip-172-31-31-18"} 1 0.01171875 0.0 0.171875 0.0 0.05284288194444445 36
stats: session 461 60012.82227765733 21898.20808449003 82871.617 35034.338 55169.14582418259 9726
stats: users_count 0 11302
stats: finish_users_count 461 10187
stats: request 798 28.557543859649147 21.776668910488777 1779.394 0.499 170.39565207841304 42340
stats: connect 241 1.6014439834024896 3.7183836321812964 435.678 0.617 2.383952924843819 15847
stats: page 798 28.557543859649147 21.776668910488777 4405.278 0.559 231.9534724811935 31106
stats: 302 254 15723
stats: 200 540 27134
stats: size_rcv 532680 33757588
stats: newphase 0 10
stats: 502 0 241
stats: size_sent 814517 34000994
stats: connected -413 988
stats: 500 4 41
# stats: dump at 1575254866
stats: users 878 3232
stats: {freemem,"tsung_controller@ip-172-31-31-18"} 1 3351.01171875 0.0 3519.4765625 3328.44921875 3432.1482263513512 37
stats: {recvpackets,"tsung_controller@ip-172-31-31-18"} 1 3837.0 0.0 9929 680 5304.416666666667 36
stats: {sentpackets,"tsung_controller@ip-172-31-31-18"} 1 4.5e3 0.0 9955 712 5660.527777777777 36
stats: {cpu,"tsung_controller@ip-172-31-31-18"} 1 3.3299697275479314 0.0 9.740932642487046 1.2024048096192386 5.42152184862576 37
stats: {load,"tsung_controller@ip-172-31-31-18"} 1 0.01171875 0.0 0.171875 0.0 0.05173141891891892 37
stats: session 237 80249.26102109706 100.96177466946862 82871.617 35034.338 55388.34037066849 10187
stats: users_count 0 11302
stats: finish_users_count 237 10424
stats: request 485 13.022694845360812 4.91695853498031 1779.394 0.499 167.7718213408134 43138
stats: connect 244 0.9656967213114753 0.2681180125947803 435.678 0.617 2.3722308552958724 16088
stats: page 485 13.022694845360812 4.91695853498031 4405.278 0.559 226.8660241662489 31904
stats: 302 241 15964
stats: 200 244 27378
stats: size_rcv 218472 33976060
stats: newphase 0 10
stats: 502 0 241
stats: size_sent 502829 34503823
stats: connected -225 763
stats: 500 0 41
# stats: dump at 1575254876
stats: users 633 3232
stats: {freemem,"tsung_controller@ip-172-31-31-18"} 1 3351.0625 0.0 3519.4765625 3328.44921875 3430.013055098684 38
stats: {recvpackets,"tsung_controller@ip-172-31-31-18"} 1 2916.0 0.0 9929 680 5264.756756756757 37
stats: {sentpackets,"tsung_controller@ip-172-31-31-18"} 1 3311.0 0.0 9955 712 5629.1621621621625 37
stats: {cpu,"tsung_controller@ip-172-31-31-18"} 1 2.327935222672065 0.0 9.740932642487046 1.2024048096192386 5.366481003334238 38
stats: {load,"tsung_controller@ip-172-31-31-18"} 1 0.0 0.0 0.171875 0.0 0.05067845394736842 38
stats: session 245 80696.864432653 375.9723812561348 82871.617 35034.338 55953.5781099386 10424
stats: users_count 0 11302
stats: finish_users_count 245 10669
stats: request 484 13.198188016528919 5.355287540005428 1779.394 0.499 166.0513223758111 43623
stats: connect 243 0.9809670781893008 0.10854594022061159 435.678 0.617 2.351217242223855 16332
stats: page 484 13.198188016528919 5.355287540005428 4405.278 0.559 223.66388718392065 32389
stats: 302 244 16208
stats: 200 240 27618
stats: size_rcv 215809 34191869
stats: newphase 0 10
stats: 502 0 241
stats: size_sent 504624 35008447
stats: connected -261 502
stats: 500 0 41
# stats: dump at 1575254886
stats: users 392 3232
stats: {freemem,"tsung_controller@ip-172-31-31-18"} 1 3352.09375 0.0 3519.4765625 3328.44921875 3427.988681891026 39
stats: {recvpackets,"tsung_controller@ip-172-31-31-18"} 1 2940.0 0.0 9929 680 5202.9473684210525 38
stats: {sentpackets,"tsung_controller@ip-172-31-31-18"} 1 3308.0 0.0 9955 712 5568.1578947368425 38
stats: {cpu,"tsung_controller@ip-172-31-31-18"} 1 2.620967741935484 0.0 9.740932642487046 1.2024048096192386 5.288569573060849 39
stats: {load,"tsung_controller@ip-172-31-31-18"} 1 0.0 0.0 0.171875 0.0 0.04937900641025641 39
stats: session 241 82340.31094190871 266.8472055836365 83193.36 35034.338 56521.77617433686 10669
stats: users_count 0 11302
stats: finish_users_count 241 10910
stats: request 512 15.469828125000003 8.303414061687755 1779.394 0.499 164.37401680005462 44107
stats: connect 268 1.1182574626865662 0.3454172862255343 435.678 0.617 2.33112850678733 16575
stats: page 512 15.469828125000003 8.303414061687755 4405.278 0.559 220.5651314148391 32873
stats: 302 241 16449
stats: 200 251 27869
stats: size_rcv 261648 34453517
stats: newphase 0 10
stats: 502 0 241
stats: size_sent 512383 35520830
stats: connected -229 273
stats: 500 20 61
# stats: dump at 1575254896
stats: users 119 3232
stats: {freemem,"tsung_controller@ip-172-31-31-18"} 1 3374.1015625 0.0 3519.4765625 3328.44921875 3426.09130859375 40
stats: {recvpackets,"tsung_controller@ip-172-31-31-18"} 1 3030.0 0.0 9929 680 5144.923076923077 39
stats: {sentpackets,"tsung_controller@ip-172-31-31-18"} 1 3464.0 0.0 9955 712 5510.205128205129 39
stats: {cpu,"tsung_controller@ip-172-31-31-18"} 1 4.191616766467066 0.0 9.740932642487046 1.2024048096192386 5.221879527282715 40
stats: {load,"tsung_controller@ip-172-31-31-18"} 1 0.0 0.0 0.171875 0.0 0.04814453125 40
stats: session 273 83703.45971428571 3959.177980329152 146683.955 35034.338 57092.10311099908 10910
stats: users_count 0 11302
stats: finish_users_count 273 11183
stats: request 396 175.2025707070707 3263.754121329639 65040.965 0.499 162.66535133015103 44619
stats: connect 125 0.9420800000000001 0.12748324438921377 435.678 0.617 2.3118297215460424 16843
stats: page 396 175.2025707070707 3263.754121329639 65040.965 0.559 217.41974290849203 33385
stats: 302 270 16719
stats: 200 119 27988
stats: size_rcv 138021 34591538
stats: newphase 0 10
stats: 502 0 241
stats: size_sent 386096 35906926
stats: connected -148 125
stats: 500 6 67
# stats: dump at 1575254903
stats: users 0 3232
stats: {freemem,"tsung_controller@ip-172-31-31-18"} 1 3374.5234375 0.0 3519.4765625 3328.44921875 3424.8232660060976 41
stats: {recvpackets,"tsung_controller@ip-172-31-31-18"} 1 1587.0 0.0 9929 680 5092.05 40
stats: {sentpackets,"tsung_controller@ip-172-31-31-18"} 1 2140.0 0.0 9955 712 5459.050000000001 40
stats: {cpu,"tsung_controller@ip-172-31-31-18"} 1 1.706827309236948 0.0 9.740932642487046 1.2024048096192386 5.196751167262821 41
stats: {load,"tsung_controller@ip-172-31-31-18"} 1 0.0 0.0 0.171875 0.0 0.0469702743902439 41
stats: session 119 83832.16011764707 686.2977639122771 146683.955 35034.338 57741.740985692566 11183
stats: users_count 0 11302
stats: finish_users_count 119 11302
stats: request 125 7.986288 1.6337253224015347 65040.965 0.499 162.77564209707896 45015
stats: connect 0 0 0 435.678 0.617 2.301739038189533 16968
stats: page 125 7.986288 1.6337253224015347 65040.965 0.559 216.92484932358445 33781
stats: 302 125 16844
stats: 200 0 27988
stats: size_rcv 16501 34608039
stats: newphase 0 10
stats: 502 0 241
stats: size_sent 125073 36031999
stats: connected -125 0
stats: 500 0 67
EndMonitor:{1575,254903,596201}
