# stats: dump at 1575164545
stats: users 86 86
stats: {freemem,"tsung_controller@ip-172-31-29-214"} 1 3523.45703125 0 3523.45703125 3523.45703125 0 0
stats: {load,"tsung_controller@ip-172-31-29-214"} 1 0.078125 0 0.078125 0.078125 0 0
stats: {cpu,"tsung_controller@ip-172-31-29-214"} 1 1.5254126338429888 0 1.5254126338429888 1.5254126338429888 0 0
stats: users_count 86 86
stats: finish_users_count 0 0
stats: request 167 20.558586826347312 12.64342857703483 103.297 12.31 0 0
stats: connect 83 1.5404939759036143 1.4948516416977982 14.999 1.159 0 0
stats: page 83 41.41939759036145 27.66410765609812 137.239 12.547 0 0
stats: 302 83 83
stats: 200 84 84
stats: size_rcv 96799 96799
stats: size_sent 97371 97371
stats: connected 83 83
# stats: dump at 1575164555
stats: users 192 192
stats: {freemem,"tsung_controller@ip-172-31-29-214"} 1 3523.19921875 0.0 3523.45703125 3523.19921875 3523.45703125 1
stats: {load,"tsung_controller@ip-172-31-29-214"} 1 0.0703125 0.0 0.078125 0.0703125 0.078125 1
stats: {recvpackets,"tsung_controller@ip-172-31-29-214"} 1 706 0 706 706 0 0
stats: {sentpackets,"tsung_controller@ip-172-31-29-214"} 1 744 0 744 744 0 0
stats: {cpu,"tsung_controller@ip-172-31-29-214"} 1 2.952755905511811 0.0 2.952755905511811 1.5254126338429888 1.5254126338429888 1
stats: users_count 106 192
stats: finish_users_count 0 0
stats: request 209 18.11785645933015 3.9896153246555275 103.297 9.369 20.558586826347312 167
stats: connect 105 1.6043714285714286 1.1016889566837418 14.999 1.159 1.5404939759036143 83
stats: page 104 36.31571153846153 20.86162277856762 137.239 9.369 41.41939759036145 83
stats: 302 105 188
stats: 200 104 188
stats: size_rcv 120174 216973
stats: size_sent 121887 219258
stats: connected 105 188
# stats: dump at 1575164565
stats: users 295 295
stats: {freemem,"tsung_controller@ip-172-31-29-214"} 1 3519.76171875 0.0 3523.45703125 3519.76171875 3523.328125 2
stats: {load,"tsung_controller@ip-172-31-29-214"} 1 0.05859375 0.0 0.078125 0.05859375 0.07421875 2
stats: {recvpackets,"tsung_controller@ip-172-31-29-214"} 1 763.0 0.0 763 706 706.0 1
stats: {sentpackets,"tsung_controller@ip-172-31-29-214"} 1 808.0 0.0 808 744 744.0 1
stats: {cpu,"tsung_controller@ip-172-31-29-214"} 1 1.7964071856287425 0.0 2.952755905511811 1.5254126338429888 2.2390842696774 2
stats: users_count 103 295
stats: finish_users_count 0 0
stats: request 214 17.490116822429897 3.845497110700851 103.297 7.37 19.201904255319153 376
stats: connect 104 1.413798076923077 0.1683965317914199 14.999 1.159 1.5761702127659574 188
stats: page 104 36.072932692307695 19.960414904478597 137.239 9.369 38.580983957219246 187
stats: 302 104 292
stats: 200 110 298
stats: size_rcv 126194 343167
stats: size_sent 126113 345371
stats: connected 104 292
# stats: dump at 1575164575
stats: users 434 434
stats: {freemem,"tsung_controller@ip-172-31-29-214"} 1 3516.33984375 0.0 3523.45703125 3516.33984375 3522.1393229166665 3
stats: {load,"tsung_controller@ip-172-31-29-214"} 1 0.05078125 0.0 0.078125 0.05078125 0.06901041666666667 3
stats: {recvpackets,"tsung_controller@ip-172-31-29-214"} 1 752.0 0.0 763 706 734.5 2
stats: {sentpackets,"tsung_controller@ip-172-31-29-214"} 1 785.0 0.0 808 744 776.0 2
stats: {cpu,"tsung_controller@ip-172-31-29-214"} 1 2.4777006937561943 0.0 2.952755905511811 1.5254126338429888 2.0915252416611807 3
stats: session 19 35078.735526315795 29.27664039247707 35174.124 35057.145 0 0
stats: users_count 158 453
stats: finish_users_count 19 19
stats: request 365 19.879769863013717 7.636923949474071 110.283 7.37 18.581018644067797 590
stats: connect 154 1.3773506493506487 0.17656342565434996 14.999 1.159 1.5183390410958906 292
stats: page 211 34.42715165876776 20.273038205256416 137.239 7.627 37.684635738831616 291
stats: 302 154 446
stats: 200 211 509
stats: size_rcv 242396 585563
stats: newphase 1 1
stats: size_sent 233795 579166
stats: connected 138 430
# stats: dump at 1575164585
stats: users 538 540
stats: {freemem,"tsung_controller@ip-172-31-29-214"} 1 3506.14453125 0.0 3523.45703125 3506.14453125 3520.689453125 4
stats: {load,"tsung_controller@ip-172-31-29-214"} 1 0.0390625 0.0 0.078125 0.0390625 0.064453125 4
stats: {recvpackets,"tsung_controller@ip-172-31-29-214"} 1 1411.0 0.0 1411 706 740.3333333333334 3
stats: {sentpackets,"tsung_controller@ip-172-31-29-214"} 1 1585.0 0.0 1585 744 779.0 3
stats: {cpu,"tsung_controller@ip-172-31-29-214"} 1 3.9603960396039604 0.0 3.9603960396039604 1.5254126338429888 2.188069104684934 4
stats: session 48 35075.47691666666 16.403620494464302 35174.124 35057.145 35078.735526315795 19
stats: users_count 152 605
stats: finish_users_count 48 67
stats: request 414 27.019454106280193 29.344064189476306 354.72 7.37 19.077400000000004 955
stats: connect 155 1.4982451612903225 0.2652984039185841 14.999 1.159 1.4696569506726458 446
stats: page 253 44.305865612648226 45.46352556592071 400.709 7.627 36.31545418326693 502
stats: 302 154 600
stats: 200 260 769
stats: size_rcv 289949 875512
stats: newphase 0 1
stats: size_sent 286079 865245
stats: connected 109 539
# stats: dump at 1575164595
stats: users 631 631
stats: {freemem,"tsung_controller@ip-172-31-29-214"} 1 3497.76953125 0.0 3523.45703125 3497.76953125 3517.78046875 5
stats: {load,"tsung_controller@ip-172-31-29-214"} 1 0.109375 0.0 0.109375 0.0390625 0.059375 5
stats: {recvpackets,"tsung_controller@ip-172-31-29-214"} 1 1522.0 0.0 1522 706 908.0 4
stats: {sentpackets,"tsung_controller@ip-172-31-29-214"} 1 1688.0 0.0 1688 744 980.5 4
stats: {cpu,"tsung_controller@ip-172-31-29-214"} 1 4.532019704433497 0.0 4.532019704433497 1.5254126338429888 2.5425344916687393 5
stats: session 54 35074.2868888889 13.25216258336033 35174.124 35057.145 35076.40099999999 67
stats: users_count 147 752
stats: finish_users_count 54 121
stats: request 403 22.335196029776675 7.686832726393715 354.72 7.37 21.479160701241785 1369
stats: connect 148 1.5172364864864871 0.17165074383155327 14.999 1.159 1.4770299500831945 601
stats: page 257 35.05712062256808 21.63369068492059 400.709 7.627 38.993035761589404 755
stats: 302 149 749
stats: 200 254 1023
stats: size_rcv 280775 1156287
stats: newphase 0 1
stats: size_sent 278271 1143516
stats: connected 89 628
# stats: dump at 1575164605
stats: users 717 718
stats: {freemem,"tsung_controller@ip-172-31-29-214"} 1 3495.2265625 0.0 3523.45703125 3495.2265625 3514.4453125 6
stats: {load,"tsung_controller@ip-172-31-29-214"} 1 0.1015625 0.0 0.109375 0.0390625 0.06770833333333333 6
stats: {recvpackets,"tsung_controller@ip-172-31-29-214"} 1 1311.0 0.0 1522 706 1030.8 5
stats: {sentpackets,"tsung_controller@ip-172-31-29-214"} 1 1516.0 0.0 1688 744 1122.0 5
stats: {cpu,"tsung_controller@ip-172-31-29-214"} 1 3.9603960396039604 0.0 4.532019704433497 1.5254126338429888 2.874115360462866 6
stats: session 62 35070.52409677419 9.904061282820741 35174.124 35057.11 35075.457512396686 121
stats: users_count 148 900
stats: finish_users_count 62 183
stats: request 424 22.399818396226443 7.041114747287739 354.72 7.37 21.673845936794585 1772
stats: connect 143 1.5383006993007 0.8253910371002252 14.999 1.159 1.4849746328437918 749
stats: page 276 34.300855072463754 20.169981741260063 400.709 7.627 37.99349999999999 1012
stats: 302 142 891
stats: 200 282 1305
stats: size_rcv 314241 1470528
stats: newphase 1 2
stats: size_sent 307354 1450870
stats: connected 72 700
# stats: dump at 1575164615
stats: users 838 838
stats: {freemem,"tsung_controller@ip-172-31-29-214"} 1 3486.6015625 0.0 3523.45703125 3486.6015625 3511.699776785714 7
stats: {load,"tsung_controller@ip-172-31-29-214"} 1 0.078125 0.0 0.109375 0.0390625 0.07254464285714286 7
stats: {recvpackets,"tsung_controller@ip-172-31-29-214"} 1 1795.0 0.0 1795 706 1077.5 6
stats: {sentpackets,"tsung_controller@ip-172-31-29-214"} 1 2057.0 0.0 2057 744 1187.6666666666667 6
stats: {cpu,"tsung_controller@ip-172-31-29-214"} 1 4.856293359762141 0.0 4.856293359762141 1.5254126338429888 3.0292983146258794 7
stats: session 68 35083.447176470574 47.73174728378721 35410.76 35056.413 35073.786081967206 183
stats: users_count 189 1089
stats: finish_users_count 68 251
stats: request 549 22.69274681238615 7.945182120314617 354.72 7.37 21.814015482695822 2196
stats: connect 230 1.3034956521739134 0.11067338346315873 14.999 1.046 1.493523542600897 892
stats: page 377 33.17377188328911 20.23597179882703 400.709 7.627 37.202218944099364 1288
stats: 302 189 1080
stats: 200 360 1665
stats: size_rcv 435282 1905810
stats: newphase 0 2
stats: size_sent 389741 1840611
stats: connected 107 807
# stats: dump at 1575164625
stats: users 898 902
stats: {freemem,"tsung_controller@ip-172-31-29-214"} 1 3484.0 0.0 3523.45703125 3484.0 3508.5625 8
stats: {load,"tsung_controller@ip-172-31-29-214"} 1 0.0703125 0.0 0.109375 0.0390625 0.0732421875 8
stats: {recvpackets,"tsung_controller@ip-172-31-29-214"} 1 2295.0 0.0 2295 706 1180.0 7
stats: {sentpackets,"tsung_controller@ip-172-31-29-214"} 1 2534.0 0.0 2534 744 1311.857142857143 7
stats: {cpu,"tsung_controller@ip-172-31-29-214"} 1 4.8466864490603365 0.0 4.856293359762141 1.5254126338429888 3.257672695267912 8
stats: session 120 51586.03845000002 21695.249283334157 80175.845 35056.413 35076.40343027887 251
stats: users_count 180 1269
stats: finish_users_count 120 371
stats: request 609 22.219362889983564 8.219170431733405 354.72 7.37 21.98976174863389 2745
stats: connect 238 1.2916848739495799 0.1017649162263889 14.999 1.046 1.4545695187165777 1122
stats: page 426 31.588100938967152 19.892943944311053 400.709 7.627 36.29007207207206 1665
stats: 302 226 1306
stats: 200 383 2048
stats: size_rcv 470670 2376480
stats: newphase 0 2
stats: size_sent 463908 2304519
stats: connected 66 873
# stats: dump at 1575164635
stats: users 997 998
stats: {freemem,"tsung_controller@ip-172-31-29-214"} 1 3481.9453125 0.0 3523.45703125 3481.9453125 3505.8333333333335 9
stats: {load,"tsung_controller@ip-172-31-29-214"} 1 0.05859375 0.0 0.109375 0.0390625 0.07291666666666667 9
stats: {recvpackets,"tsung_controller@ip-172-31-29-214"} 1 2519.0 0.0 2519 706 1319.375 8
stats: {sentpackets,"tsung_controller@ip-172-31-29-214"} 1 2869.0 0.0 2869 744 1464.625 8
stats: {cpu,"tsung_controller@ip-172-31-29-214"} 1 5.517241379310345 0.0 5.517241379310345 1.5254126338429888 3.4342297790226257 9
stats: session 125 53809.049576000005 22186.963648371227 80175.845 35056.413 40416.447102425875 371
stats: users_count 224 1493
stats: finish_users_count 125 496
stats: request 711 24.690465541490866 12.00327540465904 354.72 7.37 22.03145140131187 3354
stats: connect 277 1.3279494584837546 0.2205029800990425 14.999 1.046 1.4260647058823532 1360
stats: page 474 37.24151054852323 27.82026677597064 400.709 7.627 35.3321382113821 2091
stats: 302 275 1581
stats: 200 436 2484
stats: size_rcv 534167 2910647
stats: newphase 1 3
stats: size_sent 528534 2833053
stats: connected 84 957
# stats: dump at 1575164645
stats: users 1089 1090
stats: {freemem,"tsung_controller@ip-172-31-29-214"} 1 3480.13671875 0.0 3523.45703125 3480.13671875 3503.44453125 10
stats: {load,"tsung_controller@ip-172-31-29-214"} 1 0.2109375 0.0 0.2109375 0.0390625 0.071484375 10
stats: {recvpackets,"tsung_controller@ip-172-31-29-214"} 1 3037.0 0.0 3037 706 1452.6666666666667 9
stats: {sentpackets,"tsung_controller@ip-172-31-29-214"} 1 3336.0 0.0 3336 744 1620.6666666666667 9
stats: {cpu,"tsung_controller@ip-172-31-29-214"} 1 5.4563492063492065 0.0 5.517241379310345 1.5254126338429888 3.6425309390513974 10
stats: session 149 52003.94661744968 21799.15725576696 80175.845 35056.413 43791.598935483875 496
stats: users_count 241 1734
stats: finish_users_count 149 645
stats: request 808 27.16708663366338 11.487925116943206 354.72 7.37 22.496533579335797 4065
stats: connect 321 1.4815295950155765 0.6386718548837957 14.999 1.046 1.4094624312767259 1637
stats: page 574 38.075756097560976 25.41722916367223 400.709 7.627 35.6849812865497 2565
stats: 302 301 1882
stats: 200 507 2991
stats: size_rcv 629712 3540359
stats: newphase 0 3
stats: size_sent 608564 3441617
stats: connected 94 1051
# stats: dump at 1575164655
stats: users 1147 1148
stats: {freemem,"tsung_controller@ip-172-31-29-214"} 1 3471.28515625 0.0 3523.45703125 3471.28515625 3501.3256392045455 11
stats: {load,"tsung_controller@ip-172-31-29-214"} 1 0.171875 0.0 0.2109375 0.0390625 0.08416193181818182 11
stats: {recvpackets,"tsung_controller@ip-172-31-29-214"} 1 3331.0 0.0 3331 706 1611.1 10
stats: {sentpackets,"tsung_controller@ip-172-31-29-214"} 1 3683.0 0.0 3683 744 1792.2 10
stats: {cpu,"tsung_controller@ip-172-31-29-214"} 1 7.632093933463796 0.0 7.632093933463796 1.5254126338429888 3.8074235088057438 11
stats: session 175 54382.66396571427 22276.269274121205 80175.845 35056.413 45688.71491162791 645
stats: users_count 233 1967
stats: finish_users_count 175 820
stats: request 808 26.95792079207922 12.895438756357747 354.72 7.37 23.270965524317674 4873
stats: connect 309 1.362281553398059 0.7649065143818985 14.999 1.046 1.421277323799796 1958
stats: page 575 37.911575652173944 27.007090720915397 400.709 7.627 36.12216024211532 3139
stats: 302 305 2187
stats: 200 503 3494
stats: size_rcv 628273 4168632
stats: newphase 0 3
stats: size_sent 624227 4065844
stats: connected 60 1111
# stats: dump at 1575164665
stats: users 1283 1283
stats: {freemem,"tsung_controller@ip-172-31-29-214"} 1 3468.828125 0.0 3523.45703125 3468.828125 3498.822265625 12
stats: {load,"tsung_controller@ip-172-31-29-214"} 1 0.1484375 0.0 0.2109375 0.0390625 0.09147135416666667 12
stats: {recvpackets,"tsung_controller@ip-172-31-29-214"} 1 3626.0 0.0 3626 706 1767.4545454545455 11
stats: {sentpackets,"tsung_controller@ip-172-31-29-214"} 1 4032.0 0.0 4032 744 1964.090909090909 11
stats: {cpu,"tsung_controller@ip-172-31-29-214"} 1 6.521739130434782 0.0 7.632093933463796 1.5254126338429888 4.1261460441939155 12
stats: session 164 57342.32529268296 22510.46535365171 80447.911 35056.413 47544.13086829268 820
stats: users_count 300 2267
stats: finish_users_count 164 984
stats: request 959 34.4897132429614 25.261332747409245 354.72 7.37 23.79535557120226 5681
stats: connect 375 1.5009946666666663 1.928172562118052 23.544 1.046 1.413235994706661 2267
stats: page 646 51.3875588235293 46.95846806390813 400.709 7.627 36.399196822832536 3714
stats: 302 381 2568
stats: 200 578 4072
stats: size_rcv 714215 4882847
stats: newphase 1 4
stats: size_sent 708691 4774535
stats: connected 143 1254
# stats: dump at 1575164675
stats: users 1370 1370
stats: {freemem,"tsung_controller@ip-172-31-29-214"} 1 3466.671875 0.0 3523.45703125 3466.671875 3496.5150240384614 13
stats: {load,"tsung_controller@ip-172-31-29-214"} 1 0.12109375 0.0 0.2109375 0.0390625 0.09585336538461539 13
stats: {recvpackets,"tsung_controller@ip-172-31-29-214"} 1 3970.0 0.0 3970 706 1922.3333333333333 12
stats: {sentpackets,"tsung_controller@ip-172-31-29-214"} 1 4292.0 0.0 4292 744 2136.4166666666665 12
stats: {cpu,"tsung_controller@ip-172-31-29-214"} 1 6.9238377843719086 0.0 7.632093933463796 1.5254126338429888 4.310422435443213 13
stats: session 199 51848.39969346735 21753.64433611448 80447.911 35056.413 49177.16327235773 984
stats: users_count 286 2553
stats: finish_users_count 199 1183
stats: request 952 32.08157037815125 16.974824232926377 354.72 7.37 25.339917168674702 6640
stats: connect 356 1.3932134831460674 0.3160867901689794 23.544 1.046 1.4256922785768358 2642
stats: page 683 44.711775988287 32.01911333769643 400.709 7.627 38.61994954128439 4360
stats: 302 357 2925
stats: 200 595 4667
stats: size_rcv 726646 5609493
stats: newphase 0 4
stats: size_sent 723501 5498036
stats: connected 60 1314
# stats: dump at 1575164685
stats: users 1478 1485
stats: {freemem,"tsung_controller@ip-172-31-29-214"} 1 3453.7890625 0.0 3523.45703125 3453.7890625 3494.383370535714 14
stats: {load,"tsung_controller@ip-172-31-29-214"} 1 0.1015625 0.0 0.2109375 0.0390625 0.09765625 14
stats: {recvpackets,"tsung_controller@ip-172-31-29-214"} 1 4324.0 0.0 4324 706 2079.846153846154 13
stats: {sentpackets,"tsung_controller@ip-172-31-29-214"} 1 4644.0 0.0 4644 744 2302.230769230769 13
stats: {cpu,"tsung_controller@ip-172-31-29-214"} 1 8.46456692913386 0.0 8.46456692913386 1.5254126338429888 4.497094960366691 14
stats: session 195 52663.499866666694 21945.42460090598 80447.911 35056.413 49626.50904395605 1183
stats: users_count 303 2856
stats: finish_users_count 195 1378
stats: request 1002 38.49932235528946 24.206114782285358 354.72 7.37 26.185287802950477 7592
stats: connect 397 1.5273173803526443 0.9912108210229731 23.544 1.046 1.4218355570380254 2998
stats: page 696 55.40923563218401 45.09404743430888 400.709 7.627 39.444997620464 5043
stats: 302 381 3306
stats: 200 621 5288
stats: size_rcv 769157 6378650
stats: newphase 0 4
stats: size_sent 755020 6253056
stats: connected 126 1440
# stats: dump at 1575164695
stats: users 1588 1593
stats: {freemem,"tsung_controller@ip-172-31-29-214"} 1 3452.51171875 0.0 3523.45703125 3452.51171875 3491.6770833333335 15
stats: {load,"tsung_controller@ip-172-31-29-214"} 1 0.171875 0.0 0.2109375 0.0390625 0.09791666666666667 15
stats: {recvpackets,"tsung_controller@ip-172-31-29-214"} 1 4365.0 0.0 4365 706 2240.1428571428573 14
stats: {sentpackets,"tsung_controller@ip-172-31-29-214"} 1 4634.0 0.0 4644 744 2469.5 14
stats: {cpu,"tsung_controller@ip-172-31-29-214"} 1 8.571428571428571 0.0 8.571428571428571 1.5254126338429888 4.7615930916178355 15
stats: session 206 54147.95809223302 22225.176722329757 80447.911 35056.413 50056.27189622642 1378
stats: users_count 316 3172
stats: finish_users_count 206 1584
stats: request 1067 60.901127460168766 63.691709674716286 486.963 7.37 27.62101768675821 8594
stats: connect 407 10.158914004914001 39.244985439385346 241.524 1.046 1.4341702503681883 3395
stats: page 760 85.59139868421049 102.5980775226435 854.119 7.627 41.38106830458268 5739
stats: 302 403 3709
stats: 200 664 5952
stats: size_rcv 825043 7203693
stats: newphase 1 5
stats: size_sent 806281 7059337
stats: connected 91 1531
# stats: dump at 1575164705
stats: users 1712 1713
stats: {freemem,"tsung_controller@ip-172-31-29-214"} 1 3435.47265625 0.0 3523.45703125 3435.47265625 3489.229248046875 16
stats: {load,"tsung_controller@ip-172-31-29-214"} 1 0.359375 0.0 0.359375 0.0390625 0.1025390625 16
stats: {recvpackets,"tsung_controller@ip-172-31-29-214"} 1 4661.0 0.0 4661 706 2381.8 15
stats: {sentpackets,"tsung_controller@ip-172-31-29-214"} 1 4834.0 0.0 4834 744 2613.8 15
stats: {cpu,"tsung_controller@ip-172-31-29-214"} 1 8.768472906403941 0.0 8.768472906403941 1.5254126338429888 4.999707809106006 16
stats: session 242 51648.0309256198 21610.98805294966 80721.767 35056.413 50588.397752525256 1584
stats: users_count 366 3538
stats: finish_users_count 242 1826
stats: request 1234 146.26208995137753 92.54249398845776 486.963 7.37 31.296607908084066 9661
stats: connect 468 7.1030512820512675 32.959999516143945 310.236 0.938 2.3681446607048917 3802
stats: page 862 209.412011600928 183.029525760424 888.075 7.627 46.55107154946915 6499
stats: 302 445 4154
stats: 200 790 6742
stats: size_rcv 977086 8180779
stats: newphase 0 5
stats: size_sent 947051 8006388
stats: connected 106 1637
# stats: dump at 1575164715
stats: users 1806 1810
stats: {freemem,"tsung_controller@ip-172-31-29-214"} 1 3422.08203125 0.0 3523.45703125 3422.08203125 3486.067095588235 17
stats: {load,"tsung_controller@ip-172-31-29-214"} 1 0.30859375 0.0 0.359375 0.0390625 0.11764705882352941 17
stats: {recvpackets,"tsung_controller@ip-172-31-29-214"} 1 5927.0 0.0 5927 706 2524.25 16
stats: {sentpackets,"tsung_controller@ip-172-31-29-214"} 1 5883.0 0.0 5883 744 2752.5625 16
stats: {cpu,"tsung_controller@ip-172-31-29-214"} 1 11.844660194174757 0.0 11.844660194174757 1.5254126338429888 5.221399873652944 17
stats: session 271 54511.92491881923 22200.018178020524 80887.88 35056.413 50728.83106462213 1826
stats: users_count 365 3903
stats: finish_users_count 271 2097
stats: request 1299 169.34157582755972 138.90962155640352 844.453 7.37 44.31793923818265 10895
stats: connect 499 18.230300601202394 75.0574758418728 503.651 0.938 2.8870992974238856 4270
stats: page 921 238.69113137893632 239.95541972691169 1330.846 7.627 65.6226827876647 7361
stats: 302 496 4650
stats: 200 803 7545
stats: size_rcv 998828 9179607
stats: newphase 0 5
stats: size_sent 995875 9002263
stats: connected 112 1749
# stats: dump at 1575164725
stats: users 1934 1940
stats: {freemem,"tsung_controller@ip-172-31-29-214"} 1 3404.7265625 0.0 3523.45703125 3404.7265625 3482.5123697916665 18
stats: {load,"tsung_controller@ip-172-31-29-214"} 1 0.26171875 0.0 0.359375 0.0390625 0.12825520833333334 18
stats: {recvpackets,"tsung_controller@ip-172-31-29-214"} 1 6116.0 0.0 6116 706 2724.4117647058824 17
stats: {sentpackets,"tsung_controller@ip-172-31-29-214"} 1 6085.0 0.0 6085 744 2936.705882352941 17
stats: {cpu,"tsung_controller@ip-172-31-29-214"} 1 10.773751224289912 0.0 11.844660194174757 1.5254126338429888 5.5893587803486 18
stats: session 271 54896.54002952024 22335.074275233022 80994.329 35056.413 51217.728744396765 2097
stats: users_count 399 4302
stats: finish_users_count 271 2368
stats: request 1348 110.67026261127586 71.43537061247963 844.453 7.37 57.63643226176809 12194
stats: connect 516 1.3610465116279067 0.6914700536147397 503.651 0.938 4.492521283287899 4769
stats: page 943 157.9070657476138 131.9208917064044 1330.846 7.627 84.86876358367546 8282
stats: 302 513 5163
stats: 200 835 8380
stats: size_rcv 1033413 10213020
stats: newphase 1 6
stats: size_sent 1036817 10039080
stats: connected 21 1770
# stats: dump at 1575164735
stats: users 2047 2047
stats: {freemem,"tsung_controller@ip-172-31-29-214"} 1 3402.25 0.0 3523.45703125 3402.25 3478.4183799342104 19
stats: {load,"tsung_controller@ip-172-31-29-214"} 1 0.37109375 0.0 0.37109375 0.0390625 0.13527960526315788 19
stats: {recvpackets,"tsung_controller@ip-172-31-29-214"} 1 6669.0 0.0 6669 706 2912.8333333333335 18
stats: {sentpackets,"tsung_controller@ip-172-31-29-214"} 1 6557.0 0.0 6557 744 3111.6111111111113 18
stats: {cpu,"tsung_controller@ip-172-31-29-214"} 1 11.609756097560977 0.0 11.844660194174757 1.5254126338429888 5.862221540556037 19
stats: session 274 54453.20618613136 22158.067490231777 80994.329 35056.413 51638.74135346284 2368
stats: users_count 387 4689
stats: finish_users_count 274 2642
stats: request 1373 141.74041369264387 96.05078979987195 844.453 7.37 62.915534559149314 13542
stats: connect 542 1.4800867158671585 0.7754739973233395 503.651 0.918 4.186780321665088 5285
stats: page 976 198.62169672131168 170.19236487243222 1330.846 7.627 92.33490113821138 9225
stats: 302 495 5658
stats: 200 878 9258
stats: size_rcv 1109614 11322634
stats: newphase 0 6
stats: size_sent 1070744 11109824
stats: connected 45 1815
# stats: dump at 1575164745
stats: users 2088 2103
stats: {freemem,"tsung_controller@ip-172-31-29-214"} 1 3399.63671875 0.0 3523.45703125 3399.63671875 3474.6099609375 20
stats: {load,"tsung_controller@ip-172-31-29-214"} 1 0.5390625 0.0 0.5390625 0.0390625 0.14707031249999997 20
stats: {recvpackets,"tsung_controller@ip-172-31-29-214"} 1 6867.0 0.0 6867 706 3110.5263157894738 19
stats: {sentpackets,"tsung_controller@ip-172-31-29-214"} 1 6858.0 0.0 6858 744 3292.9473684210525 19
stats: {cpu,"tsung_controller@ip-172-31-29-214"} 1 15.23625843780135 0.0 15.23625843780135 1.5254126338429888 6.149598268406284 20
stats: session 332 55815.447412650625 22213.97388429319 80994.329 35056.413 51930.62756245269 2642
stats: users_count 373 5062
stats: finish_users_count 332 2974
stats: request 1401 384.26190221270525 139.94670740615058 844.453 7.37 70.17175709017768 14915
stats: connect 510 6.0376627450980385 27.144123842923825 503.651 0.918 3.935016475030031 5827
stats: page 1002 527.7458932135736 347.4168408254174 1794.278 7.627 102.50409165768063 10201
stats: 302 516 6174
stats: 200 885 10143
stats: size_rcv 1098857 12421491
stats: newphase 0 6
stats: size_sent 1142749 12252573
stats: connected -22 1793
# stats: dump at 1575164755
stats: users 2217 2217
stats: {freemem,"tsung_controller@ip-172-31-29-214"} 1 3398.5078125 0.0 3523.45703125 3398.5078125 3471.0398065476193 21
stats: {load,"tsung_controller@ip-172-31-29-214"} 1 0.53125 0.0 0.5390625 0.0390625 0.1657366071428571 21
stats: {recvpackets,"tsung_controller@ip-172-31-29-214"} 1 6934.0 0.0 6934 706 3298.35 20
stats: {sentpackets,"tsung_controller@ip-172-31-29-214"} 1 6872.0 0.0 6872 744 3471.2 20
stats: {cpu,"tsung_controller@ip-172-31-29-214"} 1 14.396887159533073 0.0 15.23625843780135 1.5254126338429888 6.582296371710811 21
stats: session 287 56147.852766550524 22283.666546365068 81664.094 35056.413 52364.306173839956 2974
stats: users_count 416 5478
stats: finish_users_count 287 3261
stats: request 1420 577.6125000000009 234.66008985005197 1058.041 7.37 97.14162061779848 16316
stats: connect 575 1.2827026086956526 0.1410978331333754 503.651 0.918 4.104236862868864 6337
stats: page 1019 777.0021059862615 536.8553793010126 2673.64 7.627 140.53785807373032 11203
stats: 302 542 6716
stats: 200 878 11021
stats: size_rcv 1115430 13536921
stats: newphase 1 7
stats: size_sent 1113578 13366151
stats: connected 2 1795
# stats: dump at 1575164765
stats: users 2342 2342
stats: {freemem,"tsung_controller@ip-172-31-29-214"} 1 3397.26953125 0.0 3523.45703125 3397.26953125 3467.7428977272725 22
stats: {load,"tsung_controller@ip-172-31-29-214"} 1 0.6015625 0.0 0.6015625 0.0390625 0.18235085227272724 22
stats: {recvpackets,"tsung_controller@ip-172-31-29-214"} 1 7107.0 0.0 7107 706 3471.4761904761904 21
stats: {sentpackets,"tsung_controller@ip-172-31-29-214"} 1 7003.0 0.0 7003 744 3633.1428571428573 21
stats: {cpu,"tsung_controller@ip-172-31-29-214"} 1 10.85883514313919 0.0 15.23625843780135 1.5254126338429888 6.93750504388455 22
stats: session 325 56311.37658769225 22120.055039736893 82425.02 35056.413 52697.29540171727 3261
stats: users_count 450 5928
stats: finish_users_count 325 3586
stats: request 1447 1002.4816551485825 313.7046191208606 1573.635 0.862 135.60963193504745 17736
stats: connect 669 1.464236173393125 0.8446561295030248 503.651 0.918 3.8695172164351836 6912
stats: page 1042 1307.4199193857962 794.2413121069394 4136.424 0.951 193.6025830469646 12222
stats: 302 544 7260
stats: 200 841 11862
stats: size_rcv 1081282 14618203
stats: newphase 0 7
stats: 502 62 62
stats: size_sent 1155268 14521419
stats: connected -32 1763
# stats: dump at 1575164775
stats: users 2454 2454
stats: {freemem,"tsung_controller@ip-172-31-29-214"} 1 3382.59375 0.0 3523.45703125 3382.59375 3464.6788383152175 23
stats: {load,"tsung_controller@ip-172-31-29-214"} 1 0.6484375 0.0 0.6484375 0.0390625 0.20057744565217386 23
stats: {recvpackets,"tsung_controller@ip-172-31-29-214"} 1 7457.0 0.0 7457 706 3636.7272727272725 22
stats: {sentpackets,"tsung_controller@ip-172-31-29-214"} 1 7476.0 0.0 7476 744 3786.318181818182 22
stats: {cpu,"tsung_controller@ip-172-31-29-214"} 1 13.859480269489893 0.0 15.23625843780135 1.5254126338429888 7.107997656895622 23
stats: session 317 57735.10117350154 22723.038447063223 145232.431 35056.413 53024.84040602342 3586
stats: users_count 429 6357
stats: finish_users_count 317 3903
stats: request 1428 1295.7325070028 1720.571917280926 65116.428 0.862 200.99897758431945 19183
stats: connect 675 1.369002962962965 0.5347549275918961 503.651 0.918 3.6572585410895644 7581
stats: page 1036 1820.960761583011 2249.9835406665457 65116.428 0.951 281.10240696622446 13264
stats: 302 509 7769
stats: 200 826 12688
stats: size_rcv 1099450 15717653
stats: newphase 0 7
stats: 502 86 148
stats: size_sent 1083457 15604876
stats: connected 55 1818
stats: 500 6 6
# stats: dump at 1575164785
stats: users 2575 2577
stats: {freemem,"tsung_controller@ip-172-31-29-214"} 1 3379.88671875 0.0 3523.45703125 3379.88671875 3461.2586263020835 24
stats: {load,"tsung_controller@ip-172-31-29-214"} 1 0.55078125 0.0 0.6484375 0.0390625 0.21923828124999997 24
stats: {recvpackets,"tsung_controller@ip-172-31-29-214"} 1 7845.0 0.0 7845 706 3802.8260869565215 23
stats: {sentpackets,"tsung_controller@ip-172-31-29-214"} 1 7772.0 0.0 7772 744 3946.7391304347825 23
stats: {cpu,"tsung_controller@ip-172-31-29-214"} 1 13.565891472868216 0.0 15.23625843780135 1.5254126338429888 7.389309432420383 24
stats: session 365 60643.272654794535 22424.904173061474 145232.431 35056.413 53407.4057822188 3903
stats: users_count 486 6843
stats: finish_users_count 365 4268
stats: request 1735 1090.0137469740637 504.39345233037204 65116.428 0.857 276.84583023628153 20611
stats: connect 810 1.3722876543209892 0.8827197211708144 503.651 0.918 3.470173691860464 8256
stats: page 1244 1514.7614895498405 1127.7586443244572 65116.428 0.897 392.66137587412595 14300
stats: 302 568 8337
stats: 200 861 13549
stats: size_rcv 1213494 16931147
stats: newphase 1 8
stats: 502 301 449
stats: size_sent 1289019 16893895
stats: connected 1 1819
stats: 500 5 11
# stats: dump at 1575164795
stats: users 2674 2675
stats: {freemem,"tsung_controller@ip-172-31-29-214"} 1 3379.05078125 0.0 3523.45703125 3379.05078125 3458.00375 25
stats: {load,"tsung_controller@ip-172-31-29-214"} 1 0.609375 0.0 0.6484375 0.0390625 0.23249999999999996 25
stats: {recvpackets,"tsung_controller@ip-172-31-29-214"} 1 8536.0 0.0 8536 706 3971.25 24
stats: {sentpackets,"tsung_controller@ip-172-31-29-214"} 1 8702.0 0.0 8702 744 4106.125 24
stats: {cpu,"tsung_controller@ip-172-31-29-214"} 1 15.18375241779497 0.0 15.23625843780135 1.5254126338429888 7.636372714038296 25
stats: session 402 59810.26718159198 22423.430151499684 145232.431 35056.413 54026.21820220243 4268
stats: users_count 501 7344
stats: finish_users_count 402 4670
stats: request 1831 1039.6260699071534 539.8622143679311 65116.428 0.857 339.98224550255077 22346
stats: connect 834 12.591227817745791 43.369465071973785 503.651 0.918 3.282738473417162 9066
stats: page 1314 1462.9135319634713 1116.9869153026057 65116.428 0.897 482.4640355120948 15544
stats: 302 585 8922
stats: 200 855 14404
stats: size_rcv 1227863 18159010
stats: newphase 0 8
stats: 502 386 835
stats: size_sent 1339900 18233795
stats: connected -63 1756
stats: 500 5 16
# stats: dump at 1575164805
stats: users 2751 2757
stats: {freemem,"tsung_controller@ip-172-31-29-214"} 1 3365.6875 0.0 3523.45703125 3365.6875 3454.967097355769 26
stats: {load,"tsung_controller@ip-172-31-29-214"} 1 0.51953125 0.0 0.6484375 0.0390625 0.24699519230769226 26
stats: {recvpackets,"tsung_controller@ip-172-31-29-214"} 1 8795.0 0.0 8795 706 4153.84 25
stats: {sentpackets,"tsung_controller@ip-172-31-29-214"} 1 8840.0 0.0 8840 744 4289.96 25
stats: {cpu,"tsung_controller@ip-172-31-29-214"} 1 15.946205571565802 0.0 15.946205571565802 1.5254126338429888 7.926656548798168 26
stats: session 407 58289.25229238329 21984.77744683337 145232.431 35056.413 54524.11706509635 4670
stats: users_count 484 7828
stats: finish_users_count 407 5077
stats: request 1824 1047.317708881581 576.6110899606848 65116.428 0.857 392.9684655664473 24177
stats: connect 832 11.252873798076905 44.85037899864184 503.651 0.918 4.06690818181818 9900
stats: page 1342 1416.313529806263 1110.7267301819911 65116.428 0.897 558.8853570411676 16858
stats: 302 544 9466
stats: 200 833 15237
stats: size_rcv 1228065 19387075
stats: newphase 0 8
stats: 502 424 1259
stats: size_sent 1329752 19563547
stats: connected 59 1815
stats: 500 23 39
# stats: dump at 1575164815
stats: users 2842 2849
stats: {freemem,"tsung_controller@ip-172-31-29-214"} 1 3362.734375 0.0 3523.45703125 3362.734375 3451.6604456018517 27
stats: {load,"tsung_controller@ip-172-31-29-214"} 1 0.44140625 0.0 0.6484375 0.0390625 0.25708912037037035 27
stats: {recvpackets,"tsung_controller@ip-172-31-29-214"} 1 8443.0 0.0 8795 706 4332.346153846154 26
stats: {sentpackets,"tsung_controller@ip-172-31-29-214"} 1 8784.0 0.0 8840 744 4464.961538461538 26
stats: {cpu,"tsung_controller@ip-172-31-29-214"} 1 17.720306513409962 0.0 17.720306513409962 1.5254126338429888 8.223676882974747 27
stats: session 426 60322.19735211265 22088.631965991834 145232.431 35010.217 54825.95083257829 5077
stats: users_count 517 8345
stats: finish_users_count 426 5503
stats: request 1825 1048.3429490410929 543.1047496396675 65116.428 0.857 438.87181619937695 26001
stats: connect 864 1.4257569444444451 0.6986813281685755 503.651 0.918 4.624001304509873 10732
stats: page 1350 1425.642608148148 1120.5978134835595 65116.428 0.897 622.1089069230774 18200
stats: 302 596 10062
stats: 200 809 16046
stats: size_rcv 1215753 20602828
stats: newphase 1 9
stats: 502 382 1641
stats: size_sent 1286901 20850448
stats: connected -3 1812
stats: 500 38 77
# stats: dump at 1575164825
stats: users 2956 2958
stats: {freemem,"tsung_controller@ip-172-31-29-214"} 1 3360.8828125 0.0 3523.45703125 3360.8828125 3448.4845145089284 28
stats: {load,"tsung_controller@ip-172-31-29-214"} 1 0.37109375 0.0 0.6484375 0.0390625 0.26367187499999994 28
stats: {recvpackets,"tsung_controller@ip-172-31-29-214"} 1 8902.0 0.0 8902 706 4484.592592592593 27
stats: {sentpackets,"tsung_controller@ip-172-31-29-214"} 1 9072.0 0.0 9072 744 4624.925925925925 27
stats: {cpu,"tsung_controller@ip-172-31-29-214"} 1 14.5224171539961 0.0 17.720306513409962 1.5254126338429888 8.562842226918862 28
stats: session 431 57145.69712993039 22046.8429323624 145232.431 35008.068 55251.42802998363 5503
stats: users_count 545 8890
stats: finish_users_count 431 5934
stats: request 1946 978.3631464542664 612.0199022384504 65116.428 0.857 478.8446767411771 27826
stats: connect 907 1.3972789415656004 0.5706439914429954 503.651 0.918 4.385705070714035 11596
stats: page 1421 1347.399853624209 1099.4012428550684 65116.428 0.897 677.5958888491052 19550
stats: 302 548 10610
stats: 200 809 16855
stats: size_rcv 1243379 21846207
stats: newphase 0 9
stats: 502 542 2183
stats: size_sent 1320790 22171238
stats: connected -13 1799
stats: 500 47 124
# stats: dump at 1575164835
stats: users 3064 3064
stats: {freemem,"tsung_controller@ip-172-31-29-214"} 1 3360.35546875 0.0 3523.45703125 3360.35546875 3445.463766163793 29
stats: {load,"tsung_controller@ip-172-31-29-214"} 1 0.4609375 0.0 0.6484375 0.0390625 0.26737607758620685 29
stats: {recvpackets,"tsung_controller@ip-172-31-29-214"} 1 8863.0 0.0 8902 706 4642.357142857143 28
stats: {sentpackets,"tsung_controller@ip-172-31-29-214"} 1 9282.0 0.0 9282 744 4783.75 28
stats: {cpu,"tsung_controller@ip-172-31-29-214"} 1 15.465898174831894 0.0 17.720306513409962 1.5254126338429888 8.76834481061118 29
stats: session 425 58192.6331176471 22509.030163405583 145232.431 35008.068 55389.01312976069 5934
stats: users_count 533 9423
stats: finish_users_count 425 6359
stats: request 1916 998.8085469728619 566.3044930967196 65116.428 0.857 511.49491663307793 29772
stats: connect 854 1.5082435597189718 1.4588375675197705 503.651 0.918 4.16891689994401 12503
stats: page 1372 1370.8653163265335 1096.4048598215832 65116.428 0.89 722.9819664775171 20971
stats: 302 593 11203
stats: 200 806 17661
stats: size_rcv 1155177 23001384
stats: newphase 0 9
stats: 502 462 2645
stats: size_sent 1310640 23481878
stats: connected 15 1814
stats: 500 55 179
# stats: dump at 1575164845
stats: users 3227 3227
stats: {freemem,"tsung_controller@ip-172-31-29-214"} 1 3359.609375 0.0 3523.45703125 3359.609375 3442.6268229166667 30
stats: {load,"tsung_controller@ip-172-31-29-214"} 1 0.390625 0.0 0.6484375 0.0390625 0.2738281249999999 30
stats: {recvpackets,"tsung_controller@ip-172-31-29-214"} 1 9022.0 0.0 9022 706 4787.896551724138 29
stats: {sentpackets,"tsung_controller@ip-172-31-29-214"} 1 9315.0 0.0 9315 744 4938.862068965517 29
stats: {cpu,"tsung_controller@ip-172-31-29-214"} 1 17.613089509143407 0.0 17.720306513409962 1.5254126338429888 8.991596589418538 30
stats: session 453 56662.51671964679 22816.73540527444 145232.431 35007.342 55576.39141169995 6359
stats: users_count 616 10039
stats: finish_users_count 453 6812
stats: request 2173 876.5490271514036 619.9700859385523 65116.428 0.857 540.9601058444837 31688
stats: connect 1014 1.493422090729784 0.5324287206279116 503.651 0.918 3.998802725162833 13357
stats: page 1573 1217.89605403687 1082.7481716087632 65116.428 0.89 762.7660579599881 22343
stats: 302 548 11751
stats: 200 837 18498
stats: size_rcv 1241030 24242414
stats: newphase 1 10
stats: 502 721 3366
stats: size_sent 1418469 24900347
stats: connected 17 1831
stats: 500 67 246
# stats: dump at 1575164855
stats: users 3257 3257
stats: {freemem,"tsung_controller@ip-172-31-29-214"} 1 3346.3828125 0.0 3523.45703125 3346.3828125 3439.9488407258063 31
stats: {load,"tsung_controller@ip-172-31-29-214"} 1 0.41015625 0.0 0.6484375 0.0390625 0.2775957661290322 31
stats: {recvpackets,"tsung_controller@ip-172-31-29-214"} 1 9656.0 0.0 9656 706 4929.033333333334 30
stats: {sentpackets,"tsung_controller@ip-172-31-29-214"} 1 10072.0 0.0 10072 744 5084.733333333334 30
stats: {cpu,"tsung_controller@ip-172-31-29-214"} 1 18.346007604562736 0.0 18.346007604562736 1.5254126338429888 9.269709264248373 31
stats: session 498 59321.397447791154 23631.180165663958 145232.431 35007.342 55648.6190635643 6812
stats: users_count 528 10567
stats: finish_users_count 498 7310
stats: request 2077 924.3522296581589 591.7731180132286 65116.428 0.845 562.496230766959 33861
stats: connect 945 1.3569153439153439 0.4424352895350236 503.651 0.918 3.8220261638020987 14371
stats: page 1542 1264.502556420233 1054.328725344259 65116.428 0.89 792.7008080782745 23916
stats: 302 587 12338
stats: 200 813 19311
stats: size_rcv 1226585 25468999
stats: newphase 0 10
stats: 502 600 3966
stats: size_sent 1398019 26298366
stats: connected -31 1800
stats: 500 77 323
# stats: dump at 1575164865
stats: users 3335 3348
stats: {freemem,"tsung_controller@ip-172-31-29-214"} 1 3343.11328125 0.0 3523.45703125 3343.11328125 3437.02490234375 32
stats: {load,"tsung_controller@ip-172-31-29-214"} 1 0.3515625 0.0 0.6484375 0.0390625 0.28173828124999994 32
stats: {recvpackets,"tsung_controller@ip-172-31-29-214"} 1 9457.0 0.0 9656 706 5081.5161290322585 31
stats: {sentpackets,"tsung_controller@ip-172-31-29-214"} 1 10004.0 0.0 10072 744 5245.612903225807 31
stats: {cpu,"tsung_controller@ip-172-31-29-214"} 1 17.411988582302566 0.0 18.346007604562736 1.5254126338429888 9.553343587383196 32
stats: session 516 59657.57441860468 23630.031618887188 145232.431 35007.342 55898.83023119015 7310
stats: users_count 594 11161
stats: finish_users_count 516 7826
stats: request 2266 842.2278323036198 621.1686603016498 65116.428 0.821 583.409328593689 35938
stats: connect 1042 1.3358301343570071 0.6115199440500688 503.651 0.918 3.669928375554973 15316
stats: page 1642 1155.8226187576124 1076.14775577767 65116.428 0.89 821.2780056563756 25458
stats: 302 598 12936
stats: 200 802 20113
stats: size_rcv 1333052 26802051
stats: newphase 0 10
stats: 502 795 4761
stats: size_sent 1457748 27756114
stats: connected 22 1822
stats: 500 72 395
# stats: dump at 1575164875
stats: users 2850 3348
stats: {freemem,"tsung_controller@ip-172-31-29-214"} 1 3342.609375 0.0 3523.45703125 3342.609375 3434.1790956439395 33
stats: {load,"tsung_controller@ip-172-31-29-214"} 1 0.37109375 0.0 0.6484375 0.0390625 0.28385416666666663 33
stats: {recvpackets,"tsung_controller@ip-172-31-29-214"} 1 9745.0 0.0 9745 706 5218.25 32
stats: {sentpackets,"tsung_controller@ip-172-31-29-214"} 1 10313.0 0.0 10313 744 5394.3125 32
stats: {cpu,"tsung_controller@ip-172-31-29-214"} 1 16.634429400386846 0.0 18.346007604562736 1.5254126338429888 9.791484344804996 33
stats: session 548 61571.4440510949 23467.858352659514 145232.431 35007.342 56146.659518272434 7826
stats: users_count 63 11224
stats: finish_users_count 548 8374
stats: request 1496 869.7036350267379 523.5339896261944 65116.428 0.821 598.7606721547481 38204
stats: connect 511 1.3197886497064573 0.13367151060672258 503.651 0.918 3.5212469739576946 16358
stats: page 1318 1040.2572966616094 962.6356252174267 65116.428 0.89 841.5481995571959 27100
stats: 302 398 13334
stats: 200 861 20974
stats: size_rcv 1255634 28057685
stats: newphase 0 10
stats: 502 82 4843
stats: size_sent 1036888 28793002
stats: connected -144 1678
stats: 500 157 552
# stats: dump at 1575164885
stats: users 2247 3348
stats: {freemem,"tsung_controller@ip-172-31-29-214"} 1 3342.08203125 0.0 3523.45703125 3342.08203125 3431.4858685661766 34
stats: {load,"tsung_controller@ip-172-31-29-214"} 1 0.30859375 0.0 0.6484375 0.0390625 0.28642003676470584 34
stats: {recvpackets,"tsung_controller@ip-172-31-29-214"} 1 6437.0 0.0 9745 706 5355.424242424242 33
stats: {sentpackets,"tsung_controller@ip-172-31-29-214"} 1 7185.0 0.0 10313 744 5543.363636363636 33
stats: {cpu,"tsung_controller@ip-172-31-29-214"} 1 9.83284169124877 0.0 18.346007604562736 1.5254126338429888 9.992747434675051 34
stats: session 603 56579.418645107864 23458.189734446863 145232.431 35007.342 56501.660942202056 8374
stats: users_count 0 11224
stats: finish_users_count 603 8977
stats: request 1116 134.5324758064516 145.76353816607858 65116.428 0.821 608.9705127707808 39700
stats: connect 383 1.56753002610966 1.297795790906557 503.651 0.918 3.454559843499909 16869
stats: page 1116 134.5324758064516 145.76353816607858 65116.428 0.89 850.7641398057573 28418
stats: 302 257 13591
stats: 200 743 21717
stats: size_rcv 977527 29035212
stats: newphase 0 10
stats: 502 0 4843
stats: size_sent 925289 29718291
stats: connected -221 1457
stats: 500 117 669
# stats: dump at 1575164895
stats: users 1734 3348
stats: {freemem,"tsung_controller@ip-172-31-29-214"} 1 3341.81640625 0.0 3523.45703125 3341.81640625 3428.9314732142857 35
stats: {load,"tsung_controller@ip-172-31-29-214"} 1 0.26171875 0.0 0.6484375 0.0390625 0.28705357142857135 35
stats: {recvpackets,"tsung_controller@ip-172-31-29-214"} 1 5452.0 0.0 9745 706 5387.235294117647 34
stats: {sentpackets,"tsung_controller@ip-172-31-29-214"} 1 6387.0 0.0 10313 744 5591.64705882353 34
stats: {cpu,"tsung_controller@ip-172-31-29-214"} 1 9.930486593843098 0.0 18.346007604562736 1.5254126338429888 9.988178699148584 35
stats: session 513 58388.60420077973 23592.003668669688 145232.431 35007.342 56506.88405625488 8977
stats: users_count 0 11224
stats: finish_users_count 513 9490
stats: request 1070 53.75156728971962 40.61457203451005 65116.428 0.821 595.9983241865934 40816
stats: connect 261 1.6564674329501912 1.776697484122947 503.651 0.918 3.4126671690238792 17252
stats: page 1070 53.75156728971962 40.61457203451005 65116.428 0.89 823.6999244260855 29534
stats: 302 245 13836
stats: 200 657 22374
stats: size_rcv 984701 30019913
stats: newphase 0 10
stats: 502 0 4843
stats: size_sent 853710 30572001
stats: connected -276 1181
stats: 500 168 837
# stats: dump at 1575164905
stats: users 1265 3348
stats: {freemem,"tsung_controller@ip-172-31-29-214"} 1 3341.578125 0.0 3523.45703125 3341.578125 3426.5116102430557 36
stats: {load,"tsung_controller@ip-172-31-29-214"} 1 0.21875 0.0 0.6484375 0.0390625 0.2863498263888888 36
stats: {recvpackets,"tsung_controller@ip-172-31-29-214"} 1 5002.0 0.0 9745 706 5389.085714285714 35
stats: {sentpackets,"tsung_controller@ip-172-31-29-214"} 1 5937.0 0.0 10313 744 5614.371428571429 35
stats: {cpu,"tsung_controller@ip-172-31-29-214"} 1 9.172482552342972 0.0 18.346007604562736 1.5254126338429888 9.986576140667877 36
stats: session 469 62496.986232409385 23273.799032464955 145232.431 35007.342 56608.60401770285 9490
stats: users_count 0 11224
stats: finish_users_count 469 9959
stats: request 793 31.1729281210592 20.552804423257165 65116.428 0.821 582.1463442916487 41886
stats: connect 264 1.3477424242424247 0.6360721516774472 503.651 0.918 3.3864941472049317 17513
stats: page 793 31.1729281210592 20.552804423257165 65116.428 0.89 796.7804125277745 30604
stats: 302 262 14098
stats: 200 470 22844
stats: size_rcv 560903 30580816
stats: newphase 0 10
stats: 502 0 4843
stats: size_sent 666139 31238140
stats: connected -290 891
stats: 500 61 898
# stats: dump at 1575164915
stats: users 999 3348
stats: {freemem,"tsung_controller@ip-172-31-29-214"} 1 3341.6953125 0.0 3523.45703125 3341.578125 3424.216110641892 37
stats: {load,"tsung_controller@ip-172-31-29-214"} 1 0.19140625 0.0 0.6484375 0.0390625 0.28452280405405395 37
stats: {recvpackets,"tsung_controller@ip-172-31-29-214"} 1 3671.0 0.0 9745 706 5378.333333333333 36
stats: {sentpackets,"tsung_controller@ip-172-31-29-214"} 1 4408.0 0.0 10313 744 5623.333333333333 36
stats: {cpu,"tsung_controller@ip-172-31-29-214"} 1 5.383848454636091 0.0 18.346007604562736 1.5254126338429888 9.96457361125369 37
stats: session 266 82882.50222932326 1504.9237604319028 145232.431 35007.342 56885.90608203635 9959
stats: users_count 0 11224
stats: finish_users_count 266 10225
stats: request 567 17.782957671957657 8.733319624467626 65116.428 0.821 571.9089460624662 42679
stats: connect 308 1.330694805194806 0.17004387622947156 503.651 0.918 3.356217359509477 17777
stats: page 567 17.782957671957657 8.733319624467626 65116.428 0.89 777.4433186928691 31397
stats: 302 263 14361
stats: 200 221 23065
stats: size_rcv 360735 30941551
stats: newphase 0 10
stats: 502 0 4843
stats: size_sent 474170 31712310
stats: connected -58 833
stats: 500 83 981
# stats: dump at 1575164925
stats: users 694 3348
stats: {freemem,"tsung_controller@ip-172-31-29-214"} 1 3341.58203125 0.0 3523.45703125 3341.578125 3422.04451069079 38
stats: {load,"tsung_controller@ip-172-31-29-214"} 1 0.16015625 0.0 0.6484375 0.0390625 0.28207236842105254 38
stats: {recvpackets,"tsung_controller@ip-172-31-29-214"} 1 2990.0 0.0 9745 706 5332.189189189189 37
stats: {sentpackets,"tsung_controller@ip-172-31-29-214"} 1 3630.0 0.0 10313 744 5590.486486486487 37
stats: {cpu,"tsung_controller@ip-172-31-29-214"} 1 5.06454816285998 0.0 18.346007604562736 1.5254126338429888 9.844028212395331 38
stats: session 305 82742.56050819682 4253.934163442067 151624.182 35007.342 57562.198950024445 10225
stats: users_count 0 11224
stats: finish_users_count 305 10530
stats: request 582 131.2617920962199 2743.8834703529824 66269.337 0.821 564.6437785228691 43246
stats: connect 274 1.435799270072992 0.2641245279727718 503.651 0.918 3.3217213160077397 18085
stats: page 582 131.2617920962199 2743.8834703529824 66269.337 0.89 763.9679268552125 31964
stats: 302 305 14666
stats: 200 209 23274
stats: size_rcv 328601 31270152
stats: newphase 0 10
stats: 502 0 4843
stats: size_sent 471184 32183494
stats: connected -283 550
stats: 500 68 1049
# stats: dump at 1575164935
stats: users 423 3348
stats: {freemem,"tsung_controller@ip-172-31-29-214"} 1 3357.84375 0.0 3523.45703125 3341.578125 3419.9813701923085 39
stats: {load,"tsung_controller@ip-172-31-29-214"} 1 0.12890625 0.0 0.6484375 0.0390625 0.278946314102564 39
stats: {recvpackets,"tsung_controller@ip-172-31-29-214"} 1 3206.0 0.0 9745 706 5270.5526315789475 38
stats: {sentpackets,"tsung_controller@ip-172-31-29-214"} 1 3684.0 0.0 10313 744 5538.894736842105 38
stats: {cpu,"tsung_controller@ip-172-31-29-214"} 1 5.189620758483033 0.0 18.346007604562736 1.5254126338429888 9.721477441894425 39
stats: session 271 82958.73698523984 4443.216058087833 151624.182 35007.342 58291.54465517569 10530
stats: users_count 0 11224
stats: finish_users_count 271 10801
stats: request 586 158.1109726962457 2732.4019075342385 66269.337 0.821 558.8888201378114 43828
stats: connect 306 32.22539215686273 94.92280564996273 503.651 0.918 3.293574758973799 18359
stats: page 586 158.1109726962457 2732.4019075342385 66269.337 0.89 752.6536341485901 32546
stats: 302 277 14943
stats: 200 218 23492
stats: size_rcv 373524 31643676
stats: newphase 0 10
stats: 502 0 4843
stats: size_sent 466493 32649987
stats: connected -237 313
stats: 500 90 1139
# stats: dump at 1575164945
stats: users 114 3348
stats: {freemem,"tsung_controller@ip-172-31-29-214"} 1 3362.609375 0.0 3523.45703125 3341.578125 3418.4279296875006 40
stats: {load,"tsung_controller@ip-172-31-29-214"} 1 0.109375 0.0 0.6484375 0.0390625 0.27519531249999984 40
stats: {recvpackets,"tsung_controller@ip-172-31-29-214"} 1 3082.0 0.0 9745 706 5217.615384615385 39
stats: {sentpackets,"tsung_controller@ip-172-31-29-214"} 1 3610.0 0.0 10313 744 5491.333333333333 39
stats: {cpu,"tsung_controller@ip-172-31-29-214"} 1 5.3731343283582085 0.0 18.346007604562736 1.5254126338429888 9.60818102480914 40
stats: session 309 82956.28044983819 5666.102091871405 151624.182 35007.342 58910.45115655958 10801
stats: users_count 0 11224
stats: finish_users_count 309 11110
stats: request 424 320.7635377358491 4454.523706341995 66269.337 0.821 553.6009420227856 44414
stats: connect 115 1.4983130434782614 0.3304340588092758 503.651 0.918 3.767892258237341 18665
stats: page 424 320.7635377358491 4454.523706341995 66269.337 0.89 742.1380600929618 33132
stats: 302 307 15250
stats: 200 105 23597
stats: size_rcv 140887 31784563
stats: newphase 0 10
stats: 502 0 4843
stats: size_sent 353195 33003182
stats: connected -197 116
stats: 500 10 1149
# stats: dump at 1575164955
stats: users 1 3348
stats: {freemem,"tsung_controller@ip-172-31-29-214"} 1 3379.2890625 0.0 3523.45703125 3341.578125 3417.066501524391 41
stats: {load,"tsung_controller@ip-172-31-29-214"} 1 0.08984375 0.0 0.6484375 0.0390625 0.27115091463414615 41
stats: {recvpackets,"tsung_controller@ip-172-31-29-214"} 1 1598.0 0.0 9745 706 5164.225 40
stats: {sentpackets,"tsung_controller@ip-172-31-29-214"} 1 2116.0 0.0 10313 744 5444.3 40
stats: {cpu,"tsung_controller@ip-172-31-29-214"} 1 3.865213082259663 0.0 18.346007604562736 1.5254126338429888 9.504887202944483 41
stats: session 113 83546.78337168139 893.0738063995618 151624.182 35007.342 59579.23254734474 11110
stats: users_count 0 11224
stats: finish_users_count 113 11223
stats: request 115 10.470095652173903 2.571552811127138 66269.337 0.821 551.3991698782282 44838
stats: connect 0 0 0 503.651 0.918 3.7539944089456854 18780
stats: page 115 10.470095652173903 2.571552811127138 66269.337 0.89 736.8137426093697 33556
stats: 302 115 15365
stats: 200 0 23597
stats: size_rcv 15180 31799743
stats: newphase 0 10
stats: 502 0 4843
stats: size_sent 110997 33114179
stats: connected -115 1
stats: 500 0 1149
# stats: dump at 1575164965
stats: users 1 3348
stats: {freemem,"tsung_controller@ip-172-31-29-214"} 1 3381.05859375 0.0 3523.45703125 3341.578125 3416.167038690477 42
stats: {load,"tsung_controller@ip-172-31-29-214"} 1 0.078125 0.0 0.6484375 0.0390625 0.26683407738095216 42
stats: {recvpackets,"tsung_controller@ip-172-31-29-214"} 1 463.0 0.0 9745 463 5077.243902439024 41
stats: {sentpackets,"tsung_controller@ip-172-31-29-214"} 1 789.0 0.0 10313 744 5363.121951219512 41
stats: {cpu,"tsung_controller@ip-172-31-29-214"} 1 4.795204795204795 0.0 18.346007604562736 1.5254126338429888 9.370609247690082 42
stats: session 0 0 0 151624.182 35007.342 59820.552447830356 11223
stats: users_count 0 11224
stats: finish_users_count 0 11223
stats: request 0 0 0 66269.337 0.821 550.0153502547105 44953
stats: connect 0 0 0 503.651 0.918 3.7539944089456854 18780
stats: page 0 0 0 66269.337 0.89 734.332987080871 33671
stats: 302 0 15365
stats: 200 0 23597
stats: size_rcv 0 31799743
stats: newphase 0 10
stats: 502 0 4843
stats: size_sent 0 33114179
stats: connected 0 1
stats: 500 0 1149
# stats: dump at 1575164975
stats: users 1 3348
stats: {freemem,"tsung_controller@ip-172-31-29-214"} 1 3381.171875 0.0 3523.45703125 3341.578125 3415.3505632267447 43
stats: {load,"tsung_controller@ip-172-31-29-214"} 1 0.0703125 0.0 0.6484375 0.0390625 0.2624454941860463 43
stats: {recvpackets,"tsung_controller@ip-172-31-29-214"} 1 111.0 0.0 9745 111 4967.380952380952 42
stats: {sentpackets,"tsung_controller@ip-172-31-29-214"} 1 331.0 0.0 10313 331 5254.214285714285 42
stats: {cpu,"tsung_controller@ip-172-31-29-214"} 1 3.8114343029087263 0.0 18.346007604562736 1.5254126338429888 9.264204492981122 43
stats: session 0 0 0 151624.182 35007.342 59820.552447830356 11223
stats: users_count 0 11224
stats: finish_users_count 0 11223
stats: request 0 0 0 66269.337 0.821 550.0153502547105 44953
stats: connect 0 0 0 503.651 0.918 3.7539944089456854 18780
stats: page 0 0 0 66269.337 0.89 734.332987080871 33671
stats: 302 0 15365
stats: 200 0 23597
stats: size_rcv 0 31799743
stats: newphase 0 10
stats: 502 0 4843
stats: size_sent 0 33114179
stats: connected 0 1
stats: 500 0 1149
# stats: dump at 1575164985
stats: users 0 3348
stats: {freemem,"tsung_controller@ip-172-31-29-214"} 1 3381.1953125 0.0 3523.45703125 3341.578125 3414.5737748579554 44
stats: {load,"tsung_controller@ip-172-31-29-214"} 1 0.05859375 0.0 0.6484375 0.0390625 0.25807883522727254 44
stats: {recvpackets,"tsung_controller@ip-172-31-29-214"} 1 5.0 0.0 9745 5 4854.441860465116 43
stats: {sentpackets,"tsung_controller@ip-172-31-29-214"} 1 11.0 0.0 10313 11 5139.720930232557 43
stats: {cpu,"tsung_controller@ip-172-31-29-214"} 1 0.2 0.0 18.346007604562736 0.2 9.140277897752204 44
stats: session 1 149059.242 0.0 151624.182 35007.342 59820.552447830356 11223
stats: users_count 0 11224
stats: finish_users_count 1 11224
stats: request 1 65040.986 0.0 66269.337 0.821 550.0153502547105 44953
stats: connect 0 0 0 503.651 0.918 3.7539944089456854 18780
stats: page 1 65040.986 0.0 66269.337 0.89 734.332987080871 33671
stats: 302 0 15365
stats: 200 0 23597
stats: size_rcv 0 31799743
stats: newphase 0 10
stats: 502 0 4843
stats: size_sent 0 33114179
stats: connected -1 0
stats: 500 0 1149
# stats: dump at 1575164987
stats: users 0 3348
stats: {freemem,"tsung_controller@ip-172-31-29-214"} 1 3398.1328125 0.0 3523.45703125 3341.578125 3413.8320312500005 45
stats: {load,"tsung_controller@ip-172-31-29-214"} 1 0.05078125 0.0 0.6484375 0.0390625 0.2536458333333331 45
stats: {recvpackets,"tsung_controller@ip-172-31-29-214"} 1 56.0 0.0 9745 5 4744.227272727273 44
stats: {sentpackets,"tsung_controller@ip-172-31-29-214"} 1 123.0 0.0 10313 11 5023.15909090909 44
stats: {cpu,"tsung_controller@ip-172-31-29-214"} 1 0.40040040040040037 0.0 18.346007604562736 0.2 8.941605055579933 45
stats: session 0 0 0 151624.182 35007.342 59828.5031507484 11224
stats: users_count 0 11224
stats: finish_users_count 0 11224
stats: request 0 0 0 66269.337 0.821 551.4499494149575 44954
stats: connect 0 0 0 503.651 0.918 3.7539944089456854 18780
stats: page 0 0 0 66269.337 0.89 736.2427831432648 33672
stats: 302 0 15365
stats: 200 0 23597
stats: size_rcv 0 31799743
stats: newphase 0 10
stats: 502 0 4843
stats: size_sent 0 33114179
stats: connected 0 0
stats: 500 0 1149
EndMonitor:{1575,164987,514952}
