# stats: dump at 1573767402
stats: users 3 3
stats: {load,"tsung_controller@ip-172-31-20-90"} 1 0.0 0 0.0 0.0 0 0
stats: {freemem,"tsung_controller@ip-172-31-20-90"} 1 3516.76953125 0 3516.76953125 3516.76953125 0 0
stats: {cpu,"tsung_controller@ip-172-31-20-90"} 1 1.2470593507046357 0 1.2470593507046357 1.2470593507046357 0 0
stats: session 3 36.50333333333333 7.207726610304311 45.651 28.035 0 0
stats: users_count 6 6
stats: finish_users_count 3 3
stats: request 15 10.6984 2.8358203939365882 19.99 7.322 0 0
stats: connect 6 3.130333333333333 3.095100895860352 10.046 1.631 0 0
stats: page 6 27.13466666666667 6.850614587190134 38.64 20.537 0 0
stats: 302 6 6
stats: 200 9 9
stats: size_rcv 9468 9468
stats: size_sent 9684 9684
stats: connected 3 3
# stats: dump at 1573767412
stats: users 8 8
stats: {load,"tsung_controller@ip-172-31-20-90"} 1 0.0 0.0 0.0 0.0 0.0 1
stats: {freemem,"tsung_controller@ip-172-31-20-90"} 1 3518.35546875 0.0 3518.35546875 3516.76953125 3516.76953125 1
stats: {recvpackets,"tsung_controller@ip-172-31-20-90"} 1 207 0 207 207 0 0
stats: {sentpackets,"tsung_controller@ip-172-31-20-90"} 1 184 0 184 184 0 0
stats: {cpu,"tsung_controller@ip-172-31-20-90"} 1 1.2987012987012987 0.0 1.2987012987012987 1.2470593507046357 1.2470593507046357 1
stats: session 4 31.609499999999997 0.24330484993111012 45.651 28.035 36.50333333333333 3
stats: users_count 9 15
stats: finish_users_count 4 7
stats: request 22 10.302954545454545 1.50966219813551 19.99 7.267 10.6984 15
stats: connect 9 1.7112222222222222 0.2295637300900112 10.046 1.207 3.130333333333333 6
stats: page 9 25.26422222222222 4.096597498135299 38.64 19.985 27.13466666666667 6
stats: 302 9 15
stats: 200 13 22
stats: size_rcv 14716 24184
stats: size_sent 14073 23757
stats: connected 5 8
# stats: dump at 1573767422
stats: users 13 13
stats: {load,"tsung_controller@ip-172-31-20-90"} 1 0.0 0.0 0.0 0.0 0.0 2
stats: {freemem,"tsung_controller@ip-172-31-20-90"} 1 3518.28515625 0.0 3518.35546875 3516.76953125 3517.5625 2
stats: {recvpackets,"tsung_controller@ip-172-31-20-90"} 1 75.0 0.0 207 75 207.0 1
stats: {sentpackets,"tsung_controller@ip-172-31-20-90"} 1 72.0 0.0 184 72 184.0 1
stats: {cpu,"tsung_controller@ip-172-31-20-90"} 1 0.3 0.0 1.2987012987012987 0.3 1.2728803247029672 2
stats: session 6 32.046 2.5670816764048108 45.651 28.035 33.70685714285714 7
stats: users_count 11 26
stats: finish_users_count 6 13
stats: request 23 10.627086956521739 3.073730744240741 19.99 6.933 10.46327027027027 37
stats: connect 9 2.578666666666667 2.483174581055468 10.046 1.207 2.2788666666666666 15
stats: page 9 27.240111111111105 4.357884793858506 38.64 19.985 26.012400000000003 15
stats: 302 9 24
stats: 200 14 36
stats: size_rcv 16380 40564
stats: size_sent 15043 38800
stats: connected 4 12
# stats: dump at 1573767432
stats: users 18 19
stats: {load,"tsung_controller@ip-172-31-20-90"} 1 0.0 0.0 0.0 0.0 0.0 3
stats: {freemem,"tsung_controller@ip-172-31-20-90"} 1 3518.40625 0.0 3518.40625 3516.76953125 3517.8033854166665 3
stats: {recvpackets,"tsung_controller@ip-172-31-20-90"} 1 112.0 0.0 207 75 141.0 2
stats: {sentpackets,"tsung_controller@ip-172-31-20-90"} 1 112.0 0.0 184 72 128.0 2
stats: {cpu,"tsung_controller@ip-172-31-20-90"} 1 0.2004008016032064 0.0 1.2987012987012987 0.2004008016032064 0.9485868831353114 3
stats: session 10 9033.998 13752.009928902366 30041.506 28.035 32.94030769230769 13
stats: users_count 15 41
stats: finish_users_count 10 23
stats: request 48 10.049666666666669 1.7709599366508044 19.99 6.906 10.526066666666667 60
stats: connect 17 1.8252941176470594 0.12344027596414323 10.046 1.207 2.391291666666667 24
stats: page 20 24.20825 4.889441224465226 38.64 16.47 26.472791666666666 24
stats: 302 17 41
stats: 200 31 67
stats: size_rcv 34689 75253
stats: size_sent 33130 71930
stats: connected 6 18
# stats: dump at 1573767442
stats: users 18 20
stats: {load,"tsung_controller@ip-172-31-20-90"} 1 0.0 0.0 0.0 0.0 0.0 4
stats: {freemem,"tsung_controller@ip-172-31-20-90"} 1 3518.2890625 0.0 3518.40625 3516.76953125 3517.9541015625 4
stats: {recvpackets,"tsung_controller@ip-172-31-20-90"} 1 158.0 0.0 207 75 131.33333333333334 3
stats: {sentpackets,"tsung_controller@ip-172-31-20-90"} 1 156.0 0.0 184 72 122.66666666666667 3
stats: {cpu,"tsung_controller@ip-172-31-20-90"} 1 0.4995004995004995 0.0 1.2987012987012987 0.2004008016032064 0.7615403627522852 4
stats: session 10 15040.6591 15000.473269934868 30042.796 28.035 3946.443652173913 23
stats: users_count 10 51
stats: finish_users_count 10 33
stats: request 35 10.853399999999997 6.812694722564423 49.252 6.906 10.314333333333334 108
stats: connect 10 1.7136 0.1906295884693664 10.046 1.207 2.1566097560975614 41
stats: page 15 25.396933333333337 13.031059335125272 69.689 16.319 25.443454545454543 44
stats: 302 10 51
stats: 200 25 92
stats: size_rcv 27530 102783
stats: size_sent 26411 98341
stats: connected 0 18
# stats: dump at 1573767452
stats: users 24 26
stats: {load,"tsung_controller@ip-172-31-20-90"} 1 0.0 0.0 0.0 0.0 0.0 5
stats: {freemem,"tsung_controller@ip-172-31-20-90"} 1 3518.2421875 0.0 3518.40625 3516.76953125 3518.02109375 5
stats: {recvpackets,"tsung_controller@ip-172-31-20-90"} 1 128.0 0.0 207 75 138.0 4
stats: {sentpackets,"tsung_controller@ip-172-31-20-90"} 1 122.0 0.0 184 72 131.0 4
stats: {cpu,"tsung_controller@ip-172-31-20-90"} 1 0.4995004995004995 0.0 1.2987012987012987 0.2004008016032064 0.7091323901019281 5
stats: session 12 12535.733333333335 14794.976987214797 30046.394 28.035 7308.327121212122 33
stats: users_count 18 69
stats: finish_users_count 12 45
stats: request 49 9.838061224489794 1.706696348160091 49.252 6.619 10.446272727272728 143
stats: connect 17 1.6924117647058825 0.18302814274876503 10.046 1.207 2.069745098039216 51
stats: page 21 23.024333333333338 5.266693770273839 69.689 15.479 25.431627118644066 59
stats: 302 17 68
stats: 200 32 124
stats: size_rcv 35078 137861
stats: size_sent 34179 132520
stats: connected 6 24
# stats: dump at 1573767462
stats: users 26 26
stats: {load,"tsung_controller@ip-172-31-20-90"} 1 0.0 0.0 0.0 0.0 0.0 6
stats: {freemem,"tsung_controller@ip-172-31-20-90"} 1 3518.11328125 0.0 3518.40625 3516.76953125 3518.0579427083335 6
stats: {recvpackets,"tsung_controller@ip-172-31-20-90"} 1 211.0 0.0 211 75 136.0 5
stats: {sentpackets,"tsung_controller@ip-172-31-20-90"} 1 205.0 0.0 205 72 129.2 5
stats: {cpu,"tsung_controller@ip-172-31-20-90"} 1 0.4008016032064128 0.0 1.2987012987012987 0.2004008016032064 0.6741937416683567 6
stats: session 14 17180.54435714286 14851.057690249818 30048.873 28.035 8702.302111111112 45
stats: users_count 16 85
stats: finish_users_count 14 59
stats: request 58 11.227258620689655 11.891105175516039 99.823 6.619 10.291052083333332 192
stats: connect 17 2.1575294117647057 2.065248969969112 10.392 1.207 1.9754117647058829 68
stats: page 26 25.11015384615384 17.912498156513532 110.638 15.479 24.7997125 80
stats: 302 17 85
stats: 200 41 165
stats: size_rcv 43669 181530
stats: size_sent 43496 176016
stats: connected 2 26
# stats: dump at 1573767472
stats: users 27 27
stats: {load,"tsung_controller@ip-172-31-20-90"} 1 0.0 0.0 0.0 0.0 0.0 7
stats: {freemem,"tsung_controller@ip-172-31-20-90"} 1 3518.1328125 0.0 3518.40625 3516.76953125 3518.065848214286 7
stats: {recvpackets,"tsung_controller@ip-172-31-20-90"} 1 175.0 0.0 211 75 148.5 6
stats: {sentpackets,"tsung_controller@ip-172-31-20-90"} 1 167.0 0.0 205 72 141.83333333333334 6
stats: {cpu,"tsung_controller@ip-172-31-20-90"} 1 0.3003003003003003 0.0 1.2987012987012987 0.2004008016032064 0.635137721888079 7
stats: session 12 12536.881999999998 14793.8765285267 30048.873 28.035 10714.088406779661 59
stats: users_count 13 98
stats: finish_users_count 12 71
stats: request 43 9.962720930232555 2.025855344196233 99.823 6.619 10.508251999999999 250
stats: connect 13 1.8396153846153847 0.5028025363227041 10.392 1.207 2.0118352941176476 85
stats: page 18 23.876666666666672 5.904813930646381 110.638 15.479 24.87585849056603 106
stats: 302 13 98
stats: 200 30 195
stats: size_rcv 33544 215074
stats: size_sent 31902 207918
stats: connected 1 27
# stats: dump at 1573767482
stats: users 22 28
stats: {load,"tsung_controller@ip-172-31-20-90"} 1 0.0 0.0 0.0 0.0 0.0 8
stats: {freemem,"tsung_controller@ip-172-31-20-90"} 1 3517.06640625 0.0 3518.40625 3516.76953125 3518.07421875 8
stats: {recvpackets,"tsung_controller@ip-172-31-20-90"} 1 370.0 0.0 370 75 152.28571428571428 7
stats: {sentpackets,"tsung_controller@ip-172-31-20-90"} 1 326.0 0.0 326 72 145.42857142857142 7
stats: {cpu,"tsung_controller@ip-172-31-20-90"} 1 1.7999999999999998 0.0 1.7999999999999998 0.2004008016032064 0.5932830441896066 8
stats: session 16 20664.196625 13909.494086775463 30051.896 28.035 11022.1661971831 71
stats: users_count 11 109
stats: finish_users_count 16 87
stats: request 47 10.121808510638298 2.5399301099305522 99.823 6.619 10.428191126279861 293
stats: connect 11 1.9138181818181819 0.14957443764458625 10.392 1.207 1.9889897959183678 98
stats: page 21 22.734523809523814 6.123867060382893 110.638 15.479 24.73081451612903 124
stats: 302 11 109
stats: 200 36 231
stats: size_rcv 38681 253755
stats: size_sent 37929 245847
stats: connected -4 23
# stats: dump at 1573767492
stats: users 16 28
stats: {load,"tsung_controller@ip-172-31-20-90"} 1 0.0 0.0 0.0 0.0 0.0 9
stats: {freemem,"tsung_controller@ip-172-31-20-90"} 1 3516.60546875 0.0 3518.40625 3516.60546875 3517.9622395833335 9
stats: {recvpackets,"tsung_controller@ip-172-31-20-90"} 1 282.0 0.0 370 75 179.5 8
stats: {sentpackets,"tsung_controller@ip-172-31-20-90"} 1 249.0 0.0 326 72 168.0 8
stats: {cpu,"tsung_controller@ip-172-31-20-90"} 1 1.9019019019019021 0.0 1.9019019019019021 0.2004008016032064 0.727362705946317 9
stats: session 14 21475.940642857142 13556.276049107859 30129.597 28.035 12795.413172413793 87
stats: users_count 8 117
stats: finish_users_count 14 101
stats: request 42 10.223809523809521 4.2652861972757705 99.823 6.619 10.385838235294115 340
stats: connect 8 2.0885000000000007 0.4152791230004225 10.392 1.207 1.981403669724771 109
stats: page 19 22.670263157894734 10.535168216587742 110.638 15.479 24.441696551724135 145
stats: 302 8 117
stats: 200 34 265
stats: size_rcv 36381 290136
stats: size_sent 35585 281432
stats: connected -7 16
# stats: dump at 1573767502
stats: users 13 28
stats: {load,"tsung_controller@ip-172-31-20-90"} 1 0.0 0.0 0.0 0.0 0.0 10
stats: {freemem,"tsung_controller@ip-172-31-20-90"} 1 3516.375 0.0 3518.40625 3516.375 3517.8265625 10
stats: {recvpackets,"tsung_controller@ip-172-31-20-90"} 1 259.0 0.0 370 75 190.88888888888889 9
stats: {sentpackets,"tsung_controller@ip-172-31-20-90"} 1 227.0 0.0 326 72 177.0 9
stats: {cpu,"tsung_controller@ip-172-31-20-90"} 1 0.30060120240480964 0.0 1.9019019019019021 0.2004008016032064 0.8448166255418755 10
stats: session 8 22538.8555 12993.112891129189 30129.597 28.035 13998.654603960396 101
stats: users_count 5 122
stats: finish_users_count 8 109
stats: request 24 9.859416666666666 2.5282327806306832 99.823 6.619 10.368023560209421 382
stats: connect 5 1.734 0.10779795916435514 10.392 1.207 1.988726495726496 117
stats: page 11 21.57645454545455 6.94164344391725 110.638 15.264 24.236469512195118 164
stats: 302 5 122
stats: 200 19 284
stats: size_rcv 20112 310248
stats: size_sent 20027 301459
stats: connected -3 13
# stats: dump at 1573767512
stats: users 7 28
stats: {load,"tsung_controller@ip-172-31-20-90"} 1 0.0 0.0 0.0 0.0 0.0 11
stats: {freemem,"tsung_controller@ip-172-31-20-90"} 1 3515.53515625 0.0 3518.40625 3515.53515625 3517.6946022727275 11
stats: {recvpackets,"tsung_controller@ip-172-31-20-90"} 1 538.0 0.0 538 75 197.7 10
stats: {sentpackets,"tsung_controller@ip-172-31-20-90"} 1 441.0 0.0 441 72 182.0 10
stats: {cpu,"tsung_controller@ip-172-31-20-90"} 1 3.5999999999999996 0.0 3.5999999999999996 0.2004008016032064 0.7953424961657786 11
stats: session 6 30042.371 3.063483909973365 30129.597 28.035 14625.458339449542 109
stats: users_count 0 122
stats: finish_users_count 6 115
stats: request 12 8.34925 1.234008854979034 99.823 6.6 10.337958128078814 406
stats: connect 0 0 0 10.392 1.207 1.978286885245902 122
stats: page 6 16.756833333333333 0.6194140824646752 110.638 15.264 24.06926857142857 175
stats: 302 0 122
stats: 200 12 296
stats: size_rcv 12306 322554
stats: size_sent 12372 313831
stats: connected -6 7
# stats: dump at 1573767522
stats: users 7 28
stats: {load,"tsung_controller@ip-172-31-20-90"} 1 0.0 0.0 0.0 0.0 0.0 12
stats: {freemem,"tsung_controller@ip-172-31-20-90"} 1 3515.54296875 0.0 3518.40625 3515.53515625 3517.5146484375 12
stats: {recvpackets,"tsung_controller@ip-172-31-20-90"} 1 35.0 0.0 538 35 228.63636363636363 11
stats: {sentpackets,"tsung_controller@ip-172-31-20-90"} 1 32.0 0.0 441 32 205.54545454545453 11
stats: {cpu,"tsung_controller@ip-172-31-20-90"} 1 0.2 0.0 3.5999999999999996 0.2 1.0290639548186304 12
stats: session 10 12038.295600000003 14700.722681310544 30129.597 28.035 15429.819000000001 115
stats: users_count 10 132
stats: finish_users_count 10 125
stats: request 34 10.484235294117648 4.295840594717745 99.823 6.6 10.28086602870813 418
stats: connect 10 3.8669000000000002 6.791086326207318 24.234 1.207 1.978286885245902 122
stats: page 14 25.536142857142863 8.692605263400965 110.638 15.264 23.826867403314914 181
stats: 302 10 132
stats: 200 24 320
stats: size_rcv 27142 349696
stats: newphase 1 1
stats: size_sent 25508 339339
stats: connected 0 7
# stats: dump at 1573767532
stats: users 4 28
stats: {load,"tsung_controller@ip-172-31-20-90"} 1 0.0 0.0 0.0 0.0 0.0 13
stats: {freemem,"tsung_controller@ip-172-31-20-90"} 1 3515.265625 0.0 3518.40625 3515.265625 3517.362980769231 13
stats: {recvpackets,"tsung_controller@ip-172-31-20-90"} 1 347.0 0.0 538 35 212.5 12
stats: {sentpackets,"tsung_controller@ip-172-31-20-90"} 1 302.0 0.0 441 32 191.08333333333334 12
stats: {cpu,"tsung_controller@ip-172-31-20-90"} 1 1.9019019019019021 0.0 3.5999999999999996 0.2 0.9652898044479665 13
stats: session 3 30046.827333333335 8.570120198819211 30129.597 28.035 15158.497128 125
stats: users_count 0 132
stats: finish_users_count 3 128
stats: request 6 8.404833333333334 1.064784863507909 99.823 6.6 10.296163716814155 452
stats: connect 0 0 0 24.234 1.207 2.1213636363636366 132
stats: page 3 16.872 0.1686198881112967 110.638 15.264 23.949584615384616 195
stats: 302 0 132
stats: 200 6 326
stats: size_rcv 6153 355849
stats: newphase 0 1
stats: size_sent 6151 345490
stats: connected -3 4
# stats: dump at 1573767542
stats: users 4 28
stats: {load,"tsung_controller@ip-172-31-20-90"} 1 0.0 0.0 0.0 0.0 0.0 14
stats: {freemem,"tsung_controller@ip-172-31-20-90"} 1 3515.29296875 0.0 3518.40625 3515.265625 3517.2131696428573 14
stats: {recvpackets,"tsung_controller@ip-172-31-20-90"} 1 144.0 0.0 538 35 222.84615384615384 13
stats: {sentpackets,"tsung_controller@ip-172-31-20-90"} 1 121.0 0.0 441 32 199.6153846153846 13
stats: {cpu,"tsung_controller@ip-172-31-20-90"} 1 0.20020020020020018 0.0 3.5999999999999996 0.2 1.032190668551819 14
stats: session 0 0 0 30129.597 28.035 15507.442367187501 128
stats: users_count 0 132
stats: finish_users_count 0 128
stats: request 0 0 0 99.823 6.6 10.271386462882091 458
stats: connect 0 0 0 24.234 1.207 2.1213636363636366 132
stats: page 0 0 0 110.638 15.264 23.842348484848483 198
stats: 302 0 132
stats: 200 0 326
stats: size_rcv 0 355849
stats: newphase 0 1
stats: size_sent 0 345490
stats: connected 0 4
# stats: dump at 1573767552
stats: users 0 28
stats: {load,"tsung_controller@ip-172-31-20-90"} 1 0.0 0.0 0.0 0.0 0.0 15
stats: {freemem,"tsung_controller@ip-172-31-20-90"} 1 3515.1796875 0.0 3518.40625 3515.1796875 3517.08515625 15
stats: {recvpackets,"tsung_controller@ip-172-31-20-90"} 1 115.0 0.0 538 35 217.21428571428572 14
stats: {sentpackets,"tsung_controller@ip-172-31-20-90"} 1 104.0 0.0 441 32 194.0 14
stats: {cpu,"tsung_controller@ip-172-31-20-90"} 1 0.2997002997002997 0.0 3.5999999999999996 0.2 0.9767246373283777 15
stats: session 4 30039.82625 0.5619481181559279 30129.597 28.035 15507.442367187501 128
stats: users_count 0 132
stats: finish_users_count 4 132
stats: request 8 8.23625 1.0194630633328503 99.823 6.6 10.271386462882091 458
stats: connect 0 0 0 24.234 1.207 2.1213636363636366 132
stats: page 4 16.53125 0.19475032092399644 110.638 15.264 23.842348484848483 198
stats: 302 0 132
stats: 200 8 334
stats: size_rcv 8204 364053
stats: newphase 0 1
stats: size_sent 8260 353750
stats: connected -4 0
EndMonitor:{1573,767552,154113}
