# stats: dump at 1575468547
stats: users 10 10
stats: {cpu,"tsung_controller@ip-172-31-23-21"} 1 1.644763000387003 0 1.644763000387003 1.644763000387003 0 0
stats: {load,"tsung_controller@ip-172-31-23-21"} 1 0.0 0 0.0 0.0 0 0
stats: {freemem,"tsung_controller@ip-172-31-23-21"} 1 3517.03515625 0 3517.03515625 3517.03515625 0 0
stats: users_count 10 10
stats: finish_users_count 0 0
stats: request 22 24.403227272727268 31.643120422687627 168.552 13.261 0 0
stats: connect 10 2.6986999999999997 3.442632685896071 13.007 1.376 0 0
stats: page 10 54.31669999999999 54.0942065105867 205.053 14.168 0 0
stats: 302 10 10
stats: 200 12 12
stats: size_rcv 13728 13728
stats: size_sent 13496 13496
stats: connected 10 10
# stats: dump at 1575468557
stats: users 19 19
stats: {recvpackets,"tsung_controller@ip-172-31-23-21"} 1 78 0 78 78 0 0
stats: {sentpackets,"tsung_controller@ip-172-31-23-21"} 1 80 0 80 80 0 0
stats: {cpu,"tsung_controller@ip-172-31-23-21"} 1 0.6986027944111777 0.0 1.644763000387003 0.6986027944111777 1.644763000387003 1
stats: {load,"tsung_controller@ip-172-31-23-21"} 1 0.0 0.0 0.0 0.0 0.0 1
stats: {freemem,"tsung_controller@ip-172-31-23-21"} 1 3516.671875 0.0 3517.03515625 3516.671875 3517.03515625 1
stats: users_count 9 19
stats: finish_users_count 0 0
stats: request 16 16.4516875 5.23754155972473 168.552 12.158 24.403227272727268 22
stats: connect 8 1.33325 0.09347693565794721 13.007 1.129 2.6986999999999997 10
stats: page 8 32.960125 19.94205522531153 205.053 13.261 54.31669999999999 10
stats: 302 8 18
stats: 200 8 20
stats: size_rcv 9328 23056
stats: size_sent 9256 22752
stats: connected 8 18
# stats: dump at 1575468567
stats: users 40 40
stats: {recvpackets,"tsung_controller@ip-172-31-23-21"} 1 82.0 0.0 82 78 78.0 1
stats: {sentpackets,"tsung_controller@ip-172-31-23-21"} 1 86.0 0.0 86 80 80.0 1
stats: {cpu,"tsung_controller@ip-172-31-23-21"} 1 0.3 0.0 1.644763000387003 0.3 1.1716828973990903 2
stats: {load,"tsung_controller@ip-172-31-23-21"} 1 0.0 0.0 0.0 0.0 0.0 2
stats: {freemem,"tsung_controller@ip-172-31-23-21"} 1 3516.328125 0.0 3517.03515625 3516.328125 3516.853515625 2
stats: users_count 21 40
stats: finish_users_count 0 0
stats: request 44 16.181545454545457 2.8266918140416806 168.552 10.876 21.055210526315786 38
stats: connect 20 1.41055 0.1492459295927363 13.007 0.892 2.0918333333333328 18
stats: page 20 35.66955 17.955593664579848 205.053 13.261 44.824888888888886 18
stats: 302 20 38
stats: 200 24 44
stats: size_rcv 27456 50512
stats: newphase 1 1
stats: size_sent 27078 49830
stats: connected 20 38
# stats: dump at 1575468577
stats: users 52 52
stats: {recvpackets,"tsung_controller@ip-172-31-23-21"} 1 156.0 0.0 156 78 80.0 2
stats: {sentpackets,"tsung_controller@ip-172-31-23-21"} 1 160.0 0.0 160 80 83.0 2
stats: {cpu,"tsung_controller@ip-172-31-23-21"} 1 0.6 0.0 1.644763000387003 0.3 0.8811219315993934 3
stats: {load,"tsung_controller@ip-172-31-23-21"} 1 0.0 0.0 0.0 0.0 0.0 3
stats: {freemem,"tsung_controller@ip-172-31-23-21"} 1 3515.609375 0.0 3517.03515625 3515.609375 3516.6783854166665 3
stats: session 4 35637.65375 54.71021761689145 35719.52 35565.835 0 0
stats: users_count 16 56
stats: finish_users_count 4 4
stats: request 64 48.693296874999994 84.71253742191138 334.363 10.876 18.440073170731704 82
stats: connect 18 1.3613333333333335 0.1386370160607268 13.007 0.892 1.7332631578947366 38
stats: page 26 119.95030769230769 204.11578116292597 676.518 12.622 40.00628947368421 38
stats: 302 18 56
stats: 200 46 90
stats: size_rcv 50634 101146
stats: newphase 0 1
stats: size_sent 49243 99073
stats: connected 14 52
# stats: dump at 1575468587
stats: users 83 84
stats: {recvpackets,"tsung_controller@ip-172-31-23-21"} 1 282.0 0.0 282 78 105.33333333333333 3
stats: {sentpackets,"tsung_controller@ip-172-31-23-21"} 1 325.0 0.0 325 80 108.66666666666667 3
stats: {cpu,"tsung_controller@ip-172-31-23-21"} 1 2.3023023023023024 0.0 2.3023023023023024 0.3 0.8108414486995451 4
stats: {load,"tsung_controller@ip-172-31-23-21"} 1 0.0 0.0 0.0 0.0 0.0 4
stats: {freemem,"tsung_controller@ip-172-31-23-21"} 1 3513.1171875 0.0 3517.03515625 3513.1171875 3516.4111328125 4
stats: session 4 35567.028750000005 67.13583114617296 35719.52 35523.764 35637.65375 4
stats: users_count 35 91
stats: finish_users_count 4 8
stats: request 89 33.984505617977554 60.8173607918674 334.363 9.481 31.7017602739726 146
stats: connect 34 1.2633529411764706 0.18091026087911508 13.007 0.883 1.6137142857142857 56
stats: page 41 67.73131707317076 134.68262187851184 676.518 9.481 72.483546875 64
stats: 302 34 90
stats: 200 55 145
stats: size_rcv 61719 162865
stats: newphase 1 2
stats: size_sent 62000 161073
stats: connected 31 83
# stats: dump at 1575468597
stats: users 105 105
stats: {recvpackets,"tsung_controller@ip-172-31-23-21"} 1 493.0 0.0 493 78 149.5 4
stats: {sentpackets,"tsung_controller@ip-172-31-23-21"} 1 450.0 0.0 450 80 162.75 4
stats: {cpu,"tsung_controller@ip-172-31-23-21"} 1 1.2 0.0 2.3023023023023024 0.3 1.1091336194200967 5
stats: {load,"tsung_controller@ip-172-31-23-21"} 1 0.0 0.0 0.0 0.0 0.0 5
stats: {freemem,"tsung_controller@ip-172-31-23-21"} 1 3512.3203125 0.0 3517.03515625 3512.3203125 3515.75234375 5
stats: session 3 35564.87466666667 39.511396029779775 35719.52 35515.987 35602.34125 8
stats: users_count 25 116
stats: finish_users_count 3 11
stats: request 81 35.94249382716048 60.59724781676155 334.363 9.481 32.56628936170213 235
stats: connect 26 1.2526153846153845 0.1612065270970696 13.007 0.883 1.4813555555555555 90
stats: page 38 82.75944736842104 149.5811906050563 676.518 9.481 70.6279142857143 105
stats: 302 26 116
stats: 200 55 200
stats: size_rcv 62034 224899
stats: newphase 0 2
stats: size_sent 59206 220279
stats: connected 22 105
# stats: dump at 1575468607
stats: users 117 117
stats: {recvpackets,"tsung_controller@ip-172-31-23-21"} 1 316.0 0.0 493 78 218.2 5
stats: {sentpackets,"tsung_controller@ip-172-31-23-21"} 1 289.0 0.0 450 80 220.2 5
stats: {cpu,"tsung_controller@ip-172-31-23-21"} 1 0.501002004008016 0.0 2.3023023023023024 0.3 1.1242780161834138 6
stats: {load,"tsung_controller@ip-172-31-23-21"} 1 0.0 0.0 0.0 0.0 0.0 6
stats: {freemem,"tsung_controller@ip-172-31-23-21"} 1 3510.1484375 0.0 3517.03515625 3510.1484375 3515.1803385416665 6
stats: session 9 35573.53599999999 56.19015979293597 35719.52 35505.894 35592.12309090909 11
stats: users_count 21 137
stats: finish_users_count 9 20
stats: request 92 61.82710869565219 88.04693604283835 334.363 9.481 33.43170886075949 316
stats: connect 21 2.069714285714286 2.3531366330082584 13.007 0.883 1.4300862068965516 116
stats: page 37 154.3826216216216 215.5290253263516 676.518 9.481 73.85167832167832 143
stats: 302 21 137
stats: 200 71 271
stats: size_rcv 77639 302538
stats: newphase 1 3
stats: size_sent 74478 294757
stats: connected 7 112
# stats: dump at 1575468617
stats: users 155 158
stats: {recvpackets,"tsung_controller@ip-172-31-23-21"} 1 345.0 0.0 493 78 234.5 6
stats: {sentpackets,"tsung_controller@ip-172-31-23-21"} 1 303.0 0.0 450 80 231.66666666666666 6
stats: {cpu,"tsung_controller@ip-172-31-23-21"} 1 0.6012024048096193 0.0 2.3023023023023024 0.3 1.0352385858726427 7
stats: {load,"tsung_controller@ip-172-31-23-21"} 1 0.0 0.0 0.0 0.0 0.0 7
stats: {freemem,"tsung_controller@ip-172-31-23-21"} 1 3508.82421875 0.0 3517.03515625 3508.82421875 3514.461495535714 7
stats: session 13 35601.20884615385 77.36772195555264 35719.52 35487.532 35583.75889999999 20
stats: users_count 51 188
stats: finish_users_count 13 33
stats: request 175 47.1609885714286 78.5993174988172 391.274 8.841 39.834593137254906 408
stats: connect 56 1.20025 0.1946122747927273 13.007 0.88 1.5281313868613138 137
stats: page 82 86.07537804878046 165.6676742809223 676.518 8.841 90.4052611111111 180
stats: 302 50 187
stats: 200 125 396
stats: size_rcv 143658 446196
stats: newphase 0 3
stats: size_sent 139801 434558
stats: connected 44 156
# stats: dump at 1575468627
stats: users 186 188
stats: {recvpackets,"tsung_controller@ip-172-31-23-21"} 1 753.0 0.0 753 78 250.28571428571428 7
stats: {sentpackets,"tsung_controller@ip-172-31-23-21"} 1 674.0 0.0 674 80 241.85714285714286 7
stats: {cpu,"tsung_controller@ip-172-31-23-21"} 1 1.2048192771084338 0.0 2.3023023023023024 0.3 0.9809840632397648 8
stats: {load,"tsung_controller@ip-172-31-23-21"} 1 0.0 0.0 0.0 0.0 0.0 8
stats: {freemem,"tsung_controller@ip-172-31-23-21"} 1 3505.41796875 0.0 3517.03515625 3505.41796875 3513.7568359375 8
stats: session 22 47907.02263636363 20062.627256445652 80886.71 35487.532 35590.63312121212 33
stats: users_count 53 241
stats: finish_users_count 22 55
stats: request 228 67.08645175438588 99.41761748942685 421.337 8.841 42.03376843910807 583
stats: connect 56 1.199696428571429 0.17512668064278264 13.007 0.847 1.4329948186528496 193
stats: page 92 172.73110869565215 242.9512846549451 783.81 8.841 89.050106870229 262
stats: 302 58 245
stats: 200 170 566
stats: size_rcv 192970 639166
stats: newphase 1 4
stats: size_sent 185437 619995
stats: connected 23 179
# stats: dump at 1575468637
stats: users 223 225
stats: {recvpackets,"tsung_controller@ip-172-31-23-21"} 1 891.0 0.0 891 78 313.125 8
stats: {sentpackets,"tsung_controller@ip-172-31-23-21"} 1 757.0 0.0 757 80 295.875 8
stats: {cpu,"tsung_controller@ip-172-31-23-21"} 1 1.0090817356205852 0.0 2.3023023023023024 0.3 1.005854642558506 9
stats: {load,"tsung_controller@ip-172-31-23-21"} 1 0.0 0.0 0.0 0.0 0.0 9
stats: {freemem,"tsung_controller@ip-172-31-23-21"} 1 3503.83984375 0.0 3517.03515625 3503.83984375 3512.8302951388887 9
stats: session 10 53615.65260000001 22036.05005108527 80886.71 35487.532 40517.18892727273 55
stats: users_count 47 288
stats: finish_users_count 10 65
stats: request 170 44.803358823529436 74.19169444974408 421.337 7.93 49.076939580764474 811
stats: connect 60 1.2105500000000002 0.19515049107462346 13.007 0.847 1.3805261044176709 249
stats: page 81 94.49692592592592 170.77610673409137 783.81 8.841 110.79771186440678 354
stats: 302 52 297
stats: 200 118 684
stats: size_rcv 143672 782838
stats: newphase 0 4
stats: size_sent 129879 749874
stats: connected 41 220
# stats: dump at 1575468647
stats: users 240 240
stats: {recvpackets,"tsung_controller@ip-172-31-23-21"} 1 712.0 0.0 891 78 377.3333333333333 9
stats: {sentpackets,"tsung_controller@ip-172-31-23-21"} 1 638.0 0.0 757 80 347.1111111111111 9
stats: {cpu,"tsung_controller@ip-172-31-23-21"} 1 1.2012012012012012 0.0 2.3023023023023024 0.3 1.006177351864714 10
stats: {load,"tsung_controller@ip-172-31-23-21"} 1 0.0 0.0 0.0 0.0 0.0 10
stats: {freemem,"tsung_controller@ip-172-31-23-21"} 1 3503.26953125 0.0 3517.03515625 3503.26953125 3511.93125 10
stats: session 35 51117.05888571429 21388.376228016026 80942.936 35487.532 42532.33718461538 65
stats: users_count 52 340
stats: finish_users_count 35 100
stats: request 329 79.05692401215806 113.51057101804328 442.197 6.916 48.33635983690111 981
stats: connect 61 1.1856721311475416 0.2284639169638712 13.007 0.847 1.3475210355987055 309
stats: page 125 207.67160800000002 275.46594218224203 873.028 8.841 107.76239310344826 435
stats: 302 62 359
stats: 200 267 951
stats: size_rcv 306610 1089448
stats: newphase 1 5
stats: size_sent 291582 1041456
stats: connected 11 231
# stats: dump at 1575468657
stats: users 276 276
stats: {recvpackets,"tsung_controller@ip-172-31-23-21"} 1 1372.0 0.0 1372 78 410.8 10
stats: {sentpackets,"tsung_controller@ip-172-31-23-21"} 1 1120.0 0.0 1120 80 376.2 10
stats: {cpu,"tsung_controller@ip-172-31-23-21"} 1 1.6112789526686808 0.0 2.3023023023023024 0.3 1.0239067927134855 11
stats: {load,"tsung_controller@ip-172-31-23-21"} 1 0.0 0.0 0.0 0.0 0.0 11
stats: {freemem,"tsung_controller@ip-172-31-23-21"} 1 3498.2578125 0.0 3517.03515625 3498.2578125 3511.1438210227275 11
stats: session 30 52165.67530000001 21688.249661874732 80942.936 35487.532 45536.98978 100
stats: users_count 66 406
stats: finish_users_count 30 130
stats: request 320 66.90873125000003 102.5184488689244 473.061 6.916 56.05167709923663 1310
stats: connect 82 1.1741585365853662 0.15473237868168546 13.007 0.847 1.320837837837838 370
stats: page 141 154.8190496453901 241.8142688339098 873.028 8.841 130.06355714285715 560
stats: 302 76 435
stats: 200 244 1195
stats: size_rcv 289280 1378728
stats: newphase 0 5
stats: size_sent 267703 1309159
stats: connected 37 268
# stats: dump at 1575468667
stats: users 300 300
stats: {recvpackets,"tsung_controller@ip-172-31-23-21"} 1 1249.0 0.0 1372 78 498.1818181818182 11
stats: {sentpackets,"tsung_controller@ip-172-31-23-21"} 1 1076.0 0.0 1120 80 443.8181818181818 11
stats: {cpu,"tsung_controller@ip-172-31-23-21"} 1 1.2096774193548387 0.0 2.3023023023023024 0.3 1.0728544727097518 12
stats: {load,"tsung_controller@ip-172-31-23-21"} 1 0.0 0.0 0.0 0.0 0.0 12
stats: {freemem,"tsung_controller@ip-172-31-23-21"} 1 3496.95703125 0.0 3517.03515625 3496.95703125 3510.0699869791665 12
stats: session 53 50257.87160377358 21009.945746883735 81040.115 35487.532 47066.68643846154 130
stats: users_count 77 483
stats: finish_users_count 53 183
stats: request 474 96.9962869198312 142.53378767866712 606.114 6.675 58.18312331288343 1630
stats: connect 93 1.310870967741936 0.7755245359956846 13.007 0.847 1.294227876106195 452
stats: page 170 271.8533294117647 345.15732530212216 1044.244 8.841 135.04290727532097 701
stats: 302 96 531
stats: 200 378 1573
stats: size_rcv 430537 1809265
stats: newphase 1 6
stats: size_sent 415953 1725112
stats: connected 28 296
# stats: dump at 1575468677
stats: users 331 332
stats: {recvpackets,"tsung_controller@ip-172-31-23-21"} 1 2021.0 0.0 2021 78 560.75 12
stats: {sentpackets,"tsung_controller@ip-172-31-23-21"} 1 1715.0 0.0 1715 80 496.5 12
stats: {cpu,"tsung_controller@ip-172-31-23-21"} 1 4.413239719157472 0.0 4.413239719157472 0.3 1.0833793147593738 13
stats: {load,"tsung_controller@ip-172-31-23-21"} 1 0.0 0.0 0.0 0.0 0.0 13
stats: {freemem,"tsung_controller@ip-172-31-23-21"} 1 3489.15625 0.0 3517.03515625 3489.15625 3509.061298076923 13
stats: session 34 52926.50317647058 21882.66697839784 81040.115 35487.532 47990.90946448087 183
stats: users_count 65 548
stats: finish_users_count 34 217
stats: request 328 78.81367073170729 118.73171129386466 606.114 6.675 66.92715351711026 2104
stats: connect 76 1.3347499999999994 0.5989763004932928 13.007 0.847 1.2970678899082573 545
stats: page 128 193.30321874999993 278.73667032848687 1044.244 8.841 161.7452858783008 871
stats: 302 80 611
stats: 200 248 1821
stats: size_rcv 286280 2095545
stats: newphase 0 6
stats: size_sent 280713 2005825
stats: connected 19 315
# stats: dump at 1575468687
stats: users 366 369
stats: {recvpackets,"tsung_controller@ip-172-31-23-21"} 1 1248.0 0.0 2021 78 673.0769230769231 13
stats: {sentpackets,"tsung_controller@ip-172-31-23-21"} 1 1038.0 0.0 1715 80 590.2307692307693 13
stats: {cpu,"tsung_controller@ip-172-31-23-21"} 1 1.5090543259557343 0.0 4.413239719157472 0.3 1.321226486502095 14
stats: {load,"tsung_controller@ip-172-31-23-21"} 1 0.0 0.0 0.0 0.0 0.0 14
stats: {freemem,"tsung_controller@ip-172-31-23-21"} 1 3488.1328125 0.0 3517.03515625 3488.1328125 3507.6395089285716 14
stats: session 37 47926.68081081082 19992.27180704006 81040.115 35487.532 48764.22829493087 217
stats: users_count 72 620
stats: finish_users_count 37 254
stats: request 392 77.67796428571424 120.93174724059017 606.114 6.675 68.53026932565788 2432
stats: connect 96 1.2766875000000002 0.32151407150711675 13.007 0.842 1.301679549114332 621
stats: page 168 187.53932142857144 287.6215520213713 1068.817 8.841 165.78874474474475 999
stats: 302 83 694
stats: 200 309 2130
stats: size_rcv 363144 2458689
stats: newphase 1 7
stats: size_sent 338195 2344020
stats: connected 46 361
# stats: dump at 1575468697
stats: users 405 407
stats: {recvpackets,"tsung_controller@ip-172-31-23-21"} 1 1677.0 0.0 2021 78 714.1428571428571 14
stats: {sentpackets,"tsung_controller@ip-172-31-23-21"} 1 1402.0 0.0 1715 80 622.2142857142857 14
stats: {cpu,"tsung_controller@ip-172-31-23-21"} 1 2.318548387096774 0.0 4.413239719157472 0.3 1.333748342465671 15
stats: {load,"tsung_controller@ip-172-31-23-21"} 1 0.0 0.0 0.0 0.0 0.0 15
stats: {freemem,"tsung_controller@ip-172-31-23-21"} 1 3487.41796875 0.0 3517.03515625 3487.41796875 3506.3390625 15
stats: session 56 54475.67866071431 22147.302244282113 81403.486 35487.532 48642.223346456696 254
stats: users_count 95 715
stats: finish_users_count 56 310
stats: request 511 118.59380626223091 166.68634934587192 676.175 6.675 69.8000626770538 2824
stats: connect 114 1.308798245614035 0.3842733899745548 13.007 0.842 1.2983333333333336 717
stats: page 204 291.19754411764706 405.30736432230674 1327.452 8.841 168.91993316195374 1167
stats: 302 114 808
stats: 200 397 2527
stats: size_rcv 465547 2924236
stats: newphase 0 7
stats: size_sent 437124 2781144
stats: connected 33 394
# stats: dump at 1575468707
stats: users 475 476
stats: {recvpackets,"tsung_controller@ip-172-31-23-21"} 1 2158.0 0.0 2158 78 778.3333333333334 15
stats: {sentpackets,"tsung_controller@ip-172-31-23-21"} 1 1785.0 0.0 1785 80 674.2 15
stats: {cpu,"tsung_controller@ip-172-31-23-21"} 1 2.721774193548387 0.0 4.413239719157472 0.3 1.395298345255115 16
stats: {load,"tsung_controller@ip-172-31-23-21"} 1 0.0 0.0 0.0 0.0 0.0 16
stats: {freemem,"tsung_controller@ip-172-31-23-21"} 1 3486.78515625 0.0 3517.03515625 3486.78515625 3505.156494140625 16
stats: session 54 55130.62437037036 22318.211253742393 81496.474 35487.532 49696.00882258065 310
stats: users_count 124 839
stats: finish_users_count 54 364
stats: request 571 101.17883362521903 149.86267193809772 859.287 6.675 77.27640539730133 3335
stats: connect 151 1.432721854304637 1.4280439275662398 14.027 0.842 1.2997689530685923 831
stats: page 238 246.34007983193283 365.2550195933645 1415.263 8.841 187.11441356673961 1371
stats: 302 147 955
stats: 200 424 2951
stats: size_rcv 499198 3423434
stats: newphase 1 8
stats: size_sent 476865 3258009
stats: connected 71 465
# stats: dump at 1575468717
stats: users 581 581
stats: {recvpackets,"tsung_controller@ip-172-31-23-21"} 1 2557.0 0.0 2557 78 864.5625 16
stats: {sentpackets,"tsung_controller@ip-172-31-23-21"} 1 2.2e3 0.0 2200 80 743.625 16
stats: {cpu,"tsung_controller@ip-172-31-23-21"} 1 4.954499494438827 0.0 4.954499494438827 0.3 1.47332633633119 17
stats: {load,"tsung_controller@ip-172-31-23-21"} 1 0.0 0.0 0.0 0.0 0.0 17
stats: {freemem,"tsung_controller@ip-172-31-23-21"} 1 3485.59765625 0.0 3517.03515625 3485.59765625 3504.0758272058824 17
stats: session 47 54126.28255319149 22127.651494760816 81746.648 35487.532 50502.24299725275 364
stats: users_count 153 992
stats: finish_users_count 47 411
stats: request 637 108.95400156985872 154.33501765846063 859.287 6.675 80.77059037378393 3906
stats: connect 182 1.2472692307692308 0.8295723703358754 14.027 0.842 1.3202128309572305 982
stats: page 260 229.82402692307699 339.8990545523819 1645.602 8.841 195.87495338719705 1609
stats: 302 174 1129
stats: 200 463 3414
stats: size_rcv 544261 3967695
stats: newphase 0 8
stats: size_sent 537021 3795030
stats: connected 97 562
# stats: dump at 1575468727
stats: users 674 676
stats: {recvpackets,"tsung_controller@ip-172-31-23-21"} 1 2682.0 0.0 2682 78 964.1176470588235 17
stats: {sentpackets,"tsung_controller@ip-172-31-23-21"} 1 2257.0 0.0 2257 80 829.2941176470588 17
stats: {cpu,"tsung_controller@ip-172-31-23-21"} 1 2.839756592292089 0.0 4.954499494438827 0.3 1.6667248451149477 18
stats: {load,"tsung_controller@ip-172-31-23-21"} 1 0.0 0.0 0.0 0.0 0.0 18
stats: {freemem,"tsung_controller@ip-172-31-23-21"} 1 3481.30859375 0.0 3517.03515625 3481.30859375 3503.049262152778 18
stats: session 63 54951.6706984127 22017.728567615417 82969.556 35487.532 50916.6708783455 411
stats: users_count 156 1148
stats: finish_users_count 63 474
stats: request 711 337.11314908579413 228.06223607179024 1215.856 6.675 84.72234756768657 4543
stats: connect 188 1.449675531914894 1.6886003665497502 22.553 0.833 1.3088075601374571 1164
stats: page 290 737.6592586206893 730.0064089416393 2878.637 8.841 200.59767094703054 1869
stats: 302 180 1309
stats: 200 531 3945
stats: size_rcv 621138 4588833
stats: newphase 1 9
stats: size_sent 611491 4406521
stats: connected 91 653
# stats: dump at 1575468737
stats: users 786 793
stats: {recvpackets,"tsung_controller@ip-172-31-23-21"} 1 3186.0 0.0 3186 78 1059.5555555555557 18
stats: {sentpackets,"tsung_controller@ip-172-31-23-21"} 1 2502.0 0.0 2502 80 908.6111111111111 18
stats: {cpu,"tsung_controller@ip-172-31-23-21"} 1 3.353658536585366 0.0 4.954499494438827 0.3 1.7284633581242708 19
stats: {load,"tsung_controller@ip-172-31-23-21"} 1 0.0 0.0 0.0 0.0 0.0 19
stats: {freemem,"tsung_controller@ip-172-31-23-21"} 1 3472.29296875 0.0 3517.03515625 3472.29296875 3501.9050164473683 19
stats: session 69 59384.85153623189 22400.889219458702 86025.434 35487.532 51452.968322784815 474
stats: users_count 181 1329
stats: finish_users_count 69 543
stats: request 814 914.2581265356271 275.4510438618491 1786.091 6.675 118.87725047582788 5254
stats: connect 227 1.1951982378854629 1.2387784057995643 22.553 0.833 1.3283957100591717 1352
stats: page 337 1973.5535786350147 1490.1769061043674 5701.262 8.841 272.7365595182955 2159
stats: 302 216 1525
stats: 200 598 4543
stats: size_rcv 711317 5300150
stats: newphase 0 9
stats: size_sent 702918 5109439
stats: connected 116 769
# stats: dump at 1575468747
stats: users 958 958
stats: {recvpackets,"tsung_controller@ip-172-31-23-21"} 1 3495.0 0.0 3495 78 1171.4736842105262 19
stats: {sentpackets,"tsung_controller@ip-172-31-23-21"} 1 2777.0 0.0 2777 80 992.4736842105264 19
stats: {cpu,"tsung_controller@ip-172-31-23-21"} 1 3.2586558044806515 0.0 4.954499494438827 0.3 1.8097231170473254 20
stats: {load,"tsung_controller@ip-172-31-23-21"} 1 0.0 0.0 0.0 0.0 0.0 20
stats: {freemem,"tsung_controller@ip-172-31-23-21"} 1 3452.5390625 0.0 3517.03515625 3452.5390625 3500.4244140625 20
stats: session 76 58299.15685526316 21019.38899616943 88819.761 35487.532 52460.88718416207 543
stats: users_count 248 1577
stats: finish_users_count 76 619
stats: request 1007 1145.1662840119145 729.630008258135 2355.798 0.501 225.5746850692156 6068
stats: connect 279 1.098810035842294 0.46205449310078395 22.553 0.833 1.3092469917669414 1579
stats: page 399 2316.016112781959 2175.7287537514558 8274.399 0.573 502.37411378205127 2496
stats: 302 204 1729
stats: 200 565 5108
stats: size_rcv 727381 6027531
stats: newphase 1 10
stats: 502 238 238
stats: size_sent 825027 5934466
stats: connected 176 945
# stats: dump at 1575468757
stats: users 1096 1097
stats: {recvpackets,"tsung_controller@ip-172-31-23-21"} 1 3941.0 0.0 3941 78 1287.65 20
stats: {sentpackets,"tsung_controller@ip-172-31-23-21"} 1 3366.0 0.0 3366 80 1081.7 20
stats: {cpu,"tsung_controller@ip-172-31-23-21"} 1 3.6772216547497445 0.0 4.954499494438827 0.3 1.8787199116870077 21
stats: {load,"tsung_controller@ip-172-31-23-21"} 1 0.0 0.0 0.0 0.0 0.0 21
stats: {freemem,"tsung_controller@ip-172-31-23-21"} 1 3436.203125 0.0 3517.03515625 3436.203125 3498.1441592261904 21
stats: session 116 56032.57380172417 21905.095542497966 91183.873 35025.116 53177.70220032311 619
stats: users_count 254 1831
stats: finish_users_count 116 735
stats: request 1191 1078.6083576826215 934.7139986311798 3119.751 0.501 356.4621395053001 7075
stats: connect 290 1.074227586206896 0.5561719499037064 22.553 0.833 1.277647470398278 1858
stats: page 483 2683.620590062108 3052.0190256831092 9807.347 0.573 752.3372079447329 2895
stats: 302 183 1912
stats: 200 540 5648
stats: size_rcv 768517 6796048
stats: newphase 0 10
stats: 502 466 704
stats: size_sent 902139 6836605
stats: connected 134 1079
stats: 500 2 2
# stats: dump at 1575468767
stats: users 1225 1227
stats: {recvpackets,"tsung_controller@ip-172-31-23-21"} 1 4109.0 0.0 4109 78 1414.0 21
stats: {sentpackets,"tsung_controller@ip-172-31-23-21"} 1 3579.0 0.0 3579 80 1190.4761904761904 21
stats: {cpu,"tsung_controller@ip-172-31-23-21"} 1 4.766734279918864 0.0 4.954499494438827 0.3 1.9604699909171321 22
stats: {load,"tsung_controller@ip-172-31-23-21"} 1 0.0 0.0 0.0 0.0 0.0 22
stats: {freemem,"tsung_controller@ip-172-31-23-21"} 1 3429.421875 0.0 3517.03515625 3429.421875 3495.3286576704545 22
stats: session 99 57929.37670707071 20972.867926331408 91830.506 35025.116 53628.266970068034 735
stats: users_count 228 2059
stats: finish_users_count 99 834
stats: request 1028 1169.816939688712 912.5301064874764 3119.751 0.5 460.5119998790226 8266
stats: connect 252 1.2235436507936497 0.7490582884683805 22.553 0.833 1.2501838919925514 2148
stats: page 427 2790.895302107725 3273.3964603626173 10606.192 0.57 1028.4798584961516 3378
stats: 302 153 2065
stats: 200 505 6153
stats: size_rcv 694464 7490512
stats: newphase 1 11
stats: 502 369 1073
stats: size_sent 799297 7635902
stats: connected -44 1035
stats: 500 1 3
# stats: dump at 1575468777
stats: users 1361 1362
stats: {recvpackets,"tsung_controller@ip-172-31-23-21"} 1 4234.0 0.0 4234 78 1536.5 22
stats: {sentpackets,"tsung_controller@ip-172-31-23-21"} 1 3591.0 0.0 3591 80 1299.0454545454543 22
stats: {cpu,"tsung_controller@ip-172-31-23-21"} 1 4.568527918781726 0.0 4.954499494438827 0.3 2.082481481743294 23
stats: {load,"tsung_controller@ip-172-31-23-21"} 1 0.0 0.0 0.0 0.0 0.0 23
stats: {freemem,"tsung_controller@ip-172-31-23-21"} 1 3426.421875 0.0 3517.03515625 3426.421875 3492.463145380435 23
stats: session 138 55062.43435507245 20475.57258627102 92359.578 35025.116 54138.83035611511 834
stats: users_count 274 2333
stats: finish_users_count 138 972
stats: request 1400 1042.5834664285703 1016.2160628154256 3119.751 0.488 538.9675064557775 9294
stats: connect 402 1.0717462686567156 0.5129559738835232 22.553 0.744 1.2473866666666666 2400
stats: page 587 2643.549143100513 3416.1293701967215 11007.724 0.57 1226.259462812089 3805
stats: 302 159 2224
stats: 200 560 6713
stats: size_rcv 902789 8393301
stats: newphase 0 11
stats: 502 659 1732
stats: size_sent 1041504 8677406
stats: connected 10 1045
stats: 500 22 25
# stats: dump at 1575468787
stats: users 1302 1383
stats: {recvpackets,"tsung_controller@ip-172-31-23-21"} 1 5249.0 0.0 5249 78 1653.7826086956522 23
stats: {sentpackets,"tsung_controller@ip-172-31-23-21"} 1 4680.0 0.0 4680 80 1398.6956521739128 23
stats: {cpu,"tsung_controller@ip-172-31-23-21"} 1 4.620123203285421 0.0 4.954499494438827 0.3 2.1860667499532287 24
stats: {load,"tsung_controller@ip-172-31-23-21"} 1 0.0 0.0 0.0 0.0 0.0 24
stats: {freemem,"tsung_controller@ip-172-31-23-21"} 1 3424.8359375 0.0 3517.03515625 3424.8359375 3489.71142578125 24
stats: session 142 56566.30339436619 21583.648758965377 92359.578 35009.703 54269.95931893004 972
stats: users_count 83 2416
stats: finish_users_count 142 1114
stats: request 1222 999.7645752864149 992.606395244245 3119.751 0.488 604.8981539180844 10694
stats: connect 227 1.3482599118942729 1.7080360719828802 23.494 0.733 1.2221877230549607 2802
stats: page 467 2387.4709528907943 2963.5317582177627 11007.724 0.57 1415.6831974043714 4392
stats: 302 116 2340
stats: 200 512 7225
stats: size_rcv 797390 9190691
stats: newphase 0 11
stats: 502 575 2307
stats: size_sent 972649 9650055
stats: connected -22 1023
stats: 500 19 44
# stats: dump at 1575468797
stats: users 1124 1383
stats: {recvpackets,"tsung_controller@ip-172-31-23-21"} 1 3652.0 0.0 5249 78 1803.5833333333333 24
stats: {sentpackets,"tsung_controller@ip-172-31-23-21"} 1 3152.0 0.0 4680 80 1535.4166666666663 24
stats: {cpu,"tsung_controller@ip-172-31-23-21"} 1 4.435483870967742 0.0 4.954499494438827 0.3 2.2834290080865163 25
stats: {load,"tsung_controller@ip-172-31-23-21"} 1 0.0 0.0 0.0 0.0 0.0 25
stats: {freemem,"tsung_controller@ip-172-31-23-21"} 1 3422.75390625 0.0 3517.03515625 3422.75390625 3487.11640625 25
stats: session 178 55502.9502808989 19975.286874094687 96568.825 35008.045 54562.67104129265 1114
stats: users_count 0 2416
stats: finish_users_count 178 1292
stats: request 1129 1245.961315323297 1555.2764082836222 4228.048 0.488 645.3921759818726 11916
stats: connect 72 1.364541666666666 0.38662359449397876 23.494 0.733 1.2316358534169691 3029
stats: page 375 2998.5085066666647 4759.980993163455 14653.082 0.57 1509.0820205803664 4859
stats: 302 71 2411
stats: 200 355 7580
stats: size_rcv 663219 9853910
stats: newphase 0 11
stats: 502 678 2985
stats: size_sent 977889 10627944
stats: connected -117 906
stats: 500 25 69
# stats: dump at 1575468807
stats: users 928 1383
stats: {recvpackets,"tsung_controller@ip-172-31-23-21"} 1 2893.0 0.0 5249 78 1877.52 25
stats: {sentpackets,"tsung_controller@ip-172-31-23-21"} 1 2550.0 0.0 4680 80 1600.0799999999997 25
stats: {cpu,"tsung_controller@ip-172-31-23-21"} 1 4.3043043043043046 0.0 4.954499494438827 0.3 2.3662003489665633 26
stats: {load,"tsung_controller@ip-172-31-23-21"} 1 0.0 0.0 0.0 0.0 0.0 26
stats: {freemem,"tsung_controller@ip-172-31-23-21"} 1 3410.296875 0.0 3517.03515625 3410.296875 3484.640925480769 26
stats: session 196 59628.29592346939 23422.64773901173 98619.226 35007.771 54692.21415634676 1292
stats: users_count 0 2416
stats: finish_users_count 196 1488
stats: request 1195 1061.7834058577394 1440.8571804123026 4228.048 0.488 697.3693747796087 13045
stats: connect 76 1.4002894736842106 1.3010196893185202 23.494 0.733 1.2347217026765558 3101
stats: page 407 3167.6742850122855 5376.2435242855445 16693.232 0.57 1615.7948467711117 5234
stats: 302 49 2460
stats: 200 342 7922
stats: size_rcv 700720 10554630
stats: newphase 0 11
stats: 502 764 3749
stats: size_sent 919044 11546988
stats: connected -127 779
stats: 500 40 109
# stats: dump at 1575468817
stats: users 720 1383
stats: {recvpackets,"tsung_controller@ip-172-31-23-21"} 1 3080.0 0.0 5249 78 1916.576923076923 26
stats: {sentpackets,"tsung_controller@ip-172-31-23-21"} 1 2706.0 0.0 4680 80 1636.6153846153843 26
stats: {cpu,"tsung_controller@ip-172-31-23-21"} 1 3.5246727089627394 0.0 4.954499494438827 0.3 2.4379819769420354 27
stats: {load,"tsung_controller@ip-172-31-23-21"} 1 0.0 0.0 0.0 0.0 0.0 27
stats: {freemem,"tsung_controller@ip-172-31-23-21"} 1 3409.5625 0.0 3517.03515625 3409.5625 3481.8874421296296 27
stats: session 208 60926.73440865388 24044.56826382552 99358.863 35007.771 55342.396969758076 1488
stats: users_count 0 2416
stats: finish_users_count 208 1696
stats: request 1204 1167.1562026578085 1533.1968868092256 4228.048 0.488 727.9504679775276 14240
stats: connect 104 1.2392499999999993 0.7032959322143354 23.494 0.733 1.2386824047843876 3177
stats: page 377 3511.300986737399 5610.2276513854895 16693.232 0.57 1727.7634571884414 5641
stats: 302 68 2528
stats: 200 363 8285
stats: size_rcv 677762 11232392
stats: newphase 0 11
stats: 502 757 4506
stats: size_sent 949276 12496264
stats: connected -111 668
stats: 500 16 125
# stats: dump at 1575468827
stats: users 600 1383
stats: {recvpackets,"tsung_controller@ip-172-31-23-21"} 1 3060.0 0.0 5249 78 1959.6666666666667 27
stats: {sentpackets,"tsung_controller@ip-172-31-23-21"} 1 2856.0 0.0 4680 80 1676.222222222222 27
stats: {cpu,"tsung_controller@ip-172-31-23-21"} 1 5.342741935483871 0.0 5.342741935483871 0.3 2.4767923602284894 28
stats: {load,"tsung_controller@ip-172-31-23-21"} 1 0.0 0.0 0.0 0.0 0.0 28
stats: {freemem,"tsung_controller@ip-172-31-23-21"} 1 3409.11328125 0.0 3517.03515625 3409.11328125 3479.3044084821427 28
stats: session 120 70271.70871666666 19775.54956997365 100812.056 35007.771 56027.26854245284 1696
stats: users_count 0 2416
stats: finish_users_count 120 1816
stats: request 764 1742.3470994764414 1608.6539668743117 4438.937 0.488 762.1905420875418 15444
stats: connect 138 1.1455072463768117 0.7248328267670306 23.494 0.733 1.2387003962206642 3281
stats: page 252 5317.661154761905 6788.311157919243 16900.329 0.57 1839.4938740445327 6018
stats: 302 94 2622
stats: 200 317 8602
stats: size_rcv 499592 11731984
stats: newphase 0 11
stats: 502 340 4846
stats: size_sent 630209 13126473
stats: connected -123 545
stats: 500 13 138
# stats: dump at 1575468837
stats: users 484 1383
stats: {recvpackets,"tsung_controller@ip-172-31-23-21"} 1 2583.0 0.0 5249 78 1998.9642857142858 28
stats: {sentpackets,"tsung_controller@ip-172-31-23-21"} 1 2069.0 0.0 4680 80 1718.3571428571427 28
stats: {cpu,"tsung_controller@ip-172-31-23-21"} 1 3.006012024048096 0.0 5.342741935483871 0.3 2.5756182076510887 29
stats: {load,"tsung_controller@ip-172-31-23-21"} 1 0.0 0.0 0.0 0.0 0.0 29
stats: {freemem,"tsung_controller@ip-172-31-23-21"} 1 3409.2265625 0.0 3517.03515625 3409.11328125 3476.884024784483 29
stats: session 116 82946.18938793102 18139.059917915787 101942.699 35007.771 56968.531109030846 1816
stats: users_count 0 2416
stats: finish_users_count 116 1932
stats: request 696 1924.1185531609199 1379.8390717060752 4438.937 0.488 808.3923936327737 16208
stats: connect 115 1.3706695652173926 1.0065796991857396 23.494 0.733 1.2349388710149165 3419
stats: page 239 6060.741447698743 6393.490293845323 16900.329 0.57 1979.2862432216903 6270
stats: 302 107 2729
stats: 200 330 8932
stats: size_rcv 542295 12274279
stats: newphase 0 11
stats: 502 221 5067
stats: size_sent 561597 13688070
stats: connected -134 411
stats: 500 38 176
# stats: dump at 1575468847
stats: users 355 1383
stats: {recvpackets,"tsung_controller@ip-172-31-23-21"} 1 2713.0 0.0 5249 78 2019.103448275862 29
stats: {sentpackets,"tsung_controller@ip-172-31-23-21"} 1 2150.0 0.0 4680 80 1730.4482758620686 29
stats: {cpu,"tsung_controller@ip-172-31-23-21"} 1 2.9116465863453818 0.0 5.342741935483871 0.3 2.589964668197655 30
stats: {load,"tsung_controller@ip-172-31-23-21"} 1 0.0 0.0 0.0 0.0 0.0 30
stats: {freemem,"tsung_controller@ip-172-31-23-21"} 1 3409.078125 0.0 3517.03515625 3409.078125 3474.6287760416667 30
stats: session 129 93800.18932558139 6875.348644708781 102989.804 35007.771 58528.266285196696 1932
stats: users_count 0 2416
stats: finish_users_count 129 2061
stats: request 751 1821.970663115846 1506.5568843061244 4438.937 0.488 854.3309529697111 16904
stats: connect 138 1.3690797101449277 0.9917741682926964 23.494 0.733 1.239355687606112 3534
stats: page 257 5252.468396887161 6031.6162175414 16900.329 0.57 2129.150706867414 6509
stats: 302 115 2844
stats: 200 300 9232
stats: size_rcv 511198 12785477
stats: newphase 0 11
stats: 502 290 5357
stats: size_sent 566313 14254383
stats: connected -121 290
stats: 500 46 222
# stats: dump at 1575468857
stats: users 237 1383
stats: {recvpackets,"tsung_controller@ip-172-31-23-21"} 1 2694.0 0.0 5249 78 2042.2333333333333 30
stats: {sentpackets,"tsung_controller@ip-172-31-23-21"} 1 2170.0 0.0 4680 80 1744.4333333333332 30
stats: {cpu,"tsung_controller@ip-172-31-23-21"} 1 2.43161094224924 0.0 5.342741935483871 0.3 2.600341504266937 31
stats: {load,"tsung_controller@ip-172-31-23-21"} 1 0.0 0.0 0.0 0.0 0.0 31
stats: {freemem,"tsung_controller@ip-172-31-23-21"} 1 3418.12890625 0.0 3517.03515625 3409.078125 3472.5142389112902 31
stats: session 118 94063.31953389829 7618.5039604952535 103813.323 35007.771 60735.970347404174 2061
stats: users_count 0 2416
stats: finish_users_count 118 2179
stats: request 741 1723.4768825910905 1485.299889764629 4438.937 0.488 895.4919511186631 17655
stats: connect 92 1.269326086956522 0.7680786744787514 23.494 0.733 1.244230936819172 3672
stats: page 229 5182.045855895193 6141.769285617888 16900.329 0.57 2247.786924179722 6766
stats: 302 128 2972
stats: 200 279 9511
stats: size_rcv 443664 13229141
stats: newphase 0 11
stats: 502 310 5667
stats: size_sent 530853 14785236
stats: connected -49 241
stats: 500 24 246
# stats: dump at 1575468867
stats: users 144 1383
stats: {recvpackets,"tsung_controller@ip-172-31-23-21"} 1 2237.0 0.0 5249 78 2063.2580645161293 31
stats: {sentpackets,"tsung_controller@ip-172-31-23-21"} 1 1902.0 0.0 4680 80 1758.1612903225805 31
stats: {cpu,"tsung_controller@ip-172-31-23-21"} 1 4.229607250755287 0.0 5.342741935483871 0.3 2.5950686742038838 32
stats: {load,"tsung_controller@ip-172-31-23-21"} 1 0.0 0.0 0.0 0.0 0.0 32
stats: {freemem,"tsung_controller@ip-172-31-23-21"} 1 3426.12109375 0.0 3517.03515625 3409.078125 3470.814697265625 32
stats: session 93 94892.5206451613 7410.5050905779335 106239.691 35007.771 62540.75566360717 2179
stats: users_count 0 2416
stats: finish_users_count 93 2272
stats: request 541 2315.0361072088713 1599.180094662845 4725.451 0.488 928.843594640139 18396
stats: connect 0 0 0 23.494 0.733 1.2448443145589798 3764
stats: page 109 9627.707743119267 7039.334347133367 17905.656 0.57 2343.8477240886345 6995
stats: 302 150 3122
stats: 200 229 9740
stats: size_rcv 301793 13530934
stats: newphase 0 11
stats: 502 162 5829
stats: size_sent 417056 15202292
stats: connected -97 144
stats: 500 0 246
# stats: dump at 1575468877
stats: users 41 1383
stats: {recvpackets,"tsung_controller@ip-172-31-23-21"} 1 1433.0 0.0 5249 78 2068.6875 32
stats: {sentpackets,"tsung_controller@ip-172-31-23-21"} 1 1023.0 0.0 4680 80 1762.6562499999998 32
stats: {cpu,"tsung_controller@ip-172-31-23-21"} 1 1.7051153460381143 0.0 5.342741935483871 0.3 2.644600146220593 33
stats: {load,"tsung_controller@ip-172-31-23-21"} 1 0.0 0.0 0.0 0.0 0.0 33
stats: {freemem,"tsung_controller@ip-172-31-23-21"} 1 3426.21875 0.0 3517.03515625 3409.078125 3469.4603456439395 33
stats: session 103 101790.98658252423 3168.6419636730243 107593.795 35007.771 63865.013649207765 2272
stats: users_count 0 2416
stats: finish_users_count 103 2375
stats: request 367 3555.534220708444 1185.5926075436666 6091.01 0.488 968.444912129693 18937
stats: connect 0 0 0 23.494 0.733 1.2448443145589798 3764
stats: page 103 16891.731883495137 1568.6102654481283 19386.827 0.57 2455.6074006193694 7104
stats: 302 104 3226
stats: 200 263 10003
stats: size_rcv 294359 13825293
stats: newphase 0 11
stats: 502 0 5829
stats: size_sent 243485 15445777
stats: connected -103 41
stats: 500 0 246
# stats: dump at 1575468881
stats: users 0 1383
stats: {recvpackets,"tsung_controller@ip-172-31-23-21"} 1 1610.0 0.0 5249 78 2049.4242424242425 33
stats: {sentpackets,"tsung_controller@ip-172-31-23-21"} 1 1094.0 0.0 4680 80 1740.242424242424 33
stats: {cpu,"tsung_controller@ip-172-31-23-21"} 1 3.2160804020100504 0.0 5.342741935483871 0.3 2.616968240332873 34
stats: {load,"tsung_controller@ip-172-31-23-21"} 1 0.0 0.0 0.0 0.0 0.0 34
stats: {freemem,"tsung_controller@ip-172-31-23-21"} 1 3426.48046875 0.0 3517.03515625 3409.078125 3468.188534007353 34
stats: session 41 100060.99992682927 1727.2703905959472 107593.795 35007.771 65509.80321221054 2375
stats: users_count 0 2416
stats: finish_users_count 41 2416
stats: request 70 1144.208242857143 743.684048982255 6091.01 0.488 1017.6296290924158 19304
stats: connect 0 0 0 23.494 0.733 1.2448443145589798 3764
stats: page 41 13185.782097560977 2437.1588146118797 19386.827 0.57 2661.9235962258913 7207
stats: 302 9 3235
stats: 200 61 10064
stats: size_rcv 71349 13896642
stats: newphase 0 11
stats: 502 0 5829
stats: size_sent 29660 15475437
stats: connected -41 0
stats: 500 0 246
EndMonitor:{1575,468881,229600}
