# stats: dump at 1575250598
stats: users 88 88
stats: {freemem,"tsung_controller@ip-172-31-31-18"} 1 3517.60546875 0 3517.60546875 3517.60546875 0 0
stats: {cpu,"tsung_controller@ip-172-31-31-18"} 1 1.9295074925641669 0 1.9295074925641669 1.9295074925641669 0 0
stats: {load,"tsung_controller@ip-172-31-31-18"} 1 0.01171875 0 0.01171875 0.01171875 0 0
stats: users_count 88 88
stats: finish_users_count 0 0
stats: request 153 21.079712418300648 13.05411970316215 121.575 7.413 0 0
stats: connect 82 1.3371585365853655 2.478795126617809 22.994 0.804 0 0
stats: page 81 39.87956790123456 32.77446418088562 227.986 11.877 0 0
stats: 302 81 81
stats: 200 72 72
stats: size_rcv 83146 83146
stats: size_sent 84988 84988
stats: connected 82 82
# stats: dump at 1575250608
stats: users 188 188
stats: {freemem,"tsung_controller@ip-172-31-31-18"} 1 3518.2578125 0.0 3518.2578125 3517.60546875 3517.60546875 1
stats: {recvpackets,"tsung_controller@ip-172-31-31-18"} 1 623 0 623 623 0 0
stats: {sentpackets,"tsung_controller@ip-172-31-31-18"} 1 671 0 671 671 0 0
stats: {cpu,"tsung_controller@ip-172-31-31-18"} 1 1.3013013013013013 0.0 1.9295074925641669 1.3013013013013013 1.9295074925641669 1
stats: {load,"tsung_controller@ip-172-31-31-18"} 1 0.0 0.0 0.01171875 0.0 0.01171875 1
stats: users_count 100 188
stats: finish_users_count 0 0
stats: request 190 100.46235263157901 85.93599231935647 405.304 7.413 21.079712418300648 153
stats: connect 104 2.5560961538461533 2.7116317983799365 22.994 0.788 1.3371585365853655 82
stats: page 104 183.5802596153846 203.41548468164643 980.956 11.877 39.87956790123456 81
stats: 302 104 185
stats: 200 86 158
stats: size_rcv 100865 184011
stats: size_sent 102951 187939
stats: connected 104 186
# stats: dump at 1575250618
stats: users 302 302
stats: {freemem,"tsung_controller@ip-172-31-31-18"} 1 3517.01953125 0.0 3518.2578125 3517.01953125 3517.931640625 2
stats: {recvpackets,"tsung_controller@ip-172-31-31-18"} 1 795.0 0.0 795 623 623.0 1
stats: {sentpackets,"tsung_controller@ip-172-31-31-18"} 1 786.0 0.0 786 671 671.0 1
stats: {cpu,"tsung_controller@ip-172-31-31-18"} 1 1.0050251256281406 0.0 1.9295074925641669 1.0050251256281406 1.615404396932734 2
stats: {load,"tsung_controller@ip-172-31-31-18"} 1 0.0 0.0 0.01171875 0.0 0.005859375 2
stats: users_count 114 302
stats: finish_users_count 0 0
stats: request 233 94.38640772532187 256.1983242455932 1671.305 7.413 65.05260349854231 343
stats: connect 116 97.93624137931039 305.13903112978045 1479.212 0.788 2.0187150537634406 186
stats: page 117 188.0193247863249 366.7843430740146 1873.968 9.823 120.66265945945945 185
stats: 302 117 302
stats: 200 116 274
stats: size_rcv 133403 317414
stats: size_sent 133934 321873
stats: connected 116 302
# stats: dump at 1575250628
stats: users 419 419
stats: {freemem,"tsung_controller@ip-172-31-31-18"} 1 3513.71484375 0.0 3518.2578125 3513.71484375 3517.6276041666665 3
stats: {recvpackets,"tsung_controller@ip-172-31-31-18"} 1 757.0 0.0 795 623 709.0 2
stats: {sentpackets,"tsung_controller@ip-172-31-31-18"} 1 760.0 0.0 786 671 728.5 2
stats: {cpu,"tsung_controller@ip-172-31-31-18"} 1 0.9036144578313252 0.0 1.9295074925641669 0.9036144578313252 1.411944639831203 3
stats: {load,"tsung_controller@ip-172-31-31-18"} 1 0.0 0.0 0.01171875 0.0 0.00390625 3
stats: session 19 35169.93305263158 63.776853061010414 35316.599 35062.873 0 0
stats: users_count 136 438
stats: finish_users_count 19 19
stats: request 326 50.81482208588957 40.30007524181508 1671.305 7.413 76.91853472222223 576
stats: connect 134 2.0853582089552236 2.2135137846129207 1479.212 0.788 38.861208609271536 302
stats: page 198 83.70037373737377 77.82577145098617 1873.968 9.823 146.7577913907285 302
stats: 302 134 436
stats: 200 192 466
stats: size_rcv 220583 537997
stats: newphase 1 1
stats: size_sent 212151 534024
stats: connected 116 418
# stats: dump at 1575250638
stats: users 517 518
stats: {freemem,"tsung_controller@ip-172-31-31-18"} 1 3503.15234375 0.0 3518.2578125 3503.15234375 3516.6494140625 4
stats: {recvpackets,"tsung_controller@ip-172-31-31-18"} 1 1420.0 0.0 1420 623 725.0 3
stats: {sentpackets,"tsung_controller@ip-172-31-31-18"} 1 1449.0 0.0 1449 671 739.0 3
stats: {cpu,"tsung_controller@ip-172-31-31-18"} 1 1.8163471241170535 0.0 1.9295074925641669 0.9036144578313252 1.2848620943312334 4
stats: {load,"tsung_controller@ip-172-31-31-18"} 1 0.0 0.0 0.01171875 0.0 0.0029296875 4
stats: session 55 35152.715218181846 83.25713956339492 35491.522 35054.604 35169.93305263158 19
stats: users_count 153 591
stats: finish_users_count 55 74
stats: request 403 41.26272456575683 29.587283541763547 1671.305 7.413 67.48415521064302 902
stats: connect 149 2.04281879194631 2.0152195379053834 1479.212 0.788 27.5585389908257 436
stats: page 255 65.24116078431372 54.331907489618125 1873.968 8.64 121.78705400000003 500
stats: 302 144 580
stats: 200 259 725
stats: size_rcv 288192 826189
stats: newphase 0 1
stats: size_sent 284263 818287
stats: connected 98 516
# stats: dump at 1575250648
stats: users 611 611
stats: {freemem,"tsung_controller@ip-172-31-31-18"} 1 3496.03515625 0.0 3518.2578125 3496.03515625 3513.95 5
stats: {recvpackets,"tsung_controller@ip-172-31-31-18"} 1 1692.0 0.0 1692 623 898.75 4
stats: {sentpackets,"tsung_controller@ip-172-31-31-18"} 1 1734.0 0.0 1734 671 916.5 4
stats: {cpu,"tsung_controller@ip-172-31-31-18"} 1 2.1105527638190953 0.0 2.1105527638190953 0.9036144578313252 1.3911591002883974 5
stats: {load,"tsung_controller@ip-172-31-31-18"} 1 0.0 0.0 0.01171875 0.0 0.00234375 5
stats: session 47 35193.883851063816 100.03829382323039 35610.8 35054.604 35157.13601351353 74
stats: users_count 141 732
stats: finish_users_count 47 121
stats: request 394 89.37871319796953 95.68733585637568 1671.305 7.413 59.386655938697324 1305
stats: connect 140 3.4877499999999992 8.078582351877797 1479.212 0.788 21.05966324786326 585
stats: page 254 138.48508267716537 156.00972839143319 1873.968 8.64 102.68877218543048 755
stats: 302 144 724
stats: 200 250 975
stats: size_rcv 277960 1104149
stats: newphase 0 1
stats: size_sent 270311 1088598
stats: connected 88 604
# stats: dump at 1575250658
stats: users 763 763
stats: {freemem,"tsung_controller@ip-172-31-31-18"} 1 3492.48828125 0.0 3518.2578125 3492.48828125 3510.9641927083335 6
stats: {recvpackets,"tsung_controller@ip-172-31-31-18"} 1 1551.0 0.0 1692 623 1057.4 5
stats: {sentpackets,"tsung_controller@ip-172-31-31-18"} 1 1581.0 0.0 1734 671 1080.0 5
stats: {cpu,"tsung_controller@ip-172-31-31-18"} 1 1.6161616161616161 0.0 2.1105527638190953 0.9036144578313252 1.5110580442101804 6
stats: {load,"tsung_controller@ip-172-31-31-18"} 1 0.0 0.0 0.01171875 0.0 0.001953125 6
stats: session 61 35699.082983606546 386.87720063927316 37193.401 35054.604 35171.409966942156 121
stats: users_count 213 945
stats: finish_users_count 61 182
stats: request 478 365.9586150627612 239.94553255073723 1671.305 7.413 66.3418475573867 1699
stats: connect 213 2.909638497652581 2.835675826877545 1479.212 0.788 17.666466206896562 725
stats: page 307 531.7783843648208 454.38858258405304 1925.344 8.64 111.69993458870171 1009
stats: 302 198 922
stats: 200 280 1255
stats: size_rcv 313709 1417858
stats: newphase 1 2
stats: size_sent 342473 1431071
stats: connected 137 741
# stats: dump at 1575250668
stats: users 896 896
stats: {freemem,"tsung_controller@ip-172-31-31-18"} 1 3484.18359375 0.0 3518.2578125 3484.18359375 3508.324776785714 7
stats: {recvpackets,"tsung_controller@ip-172-31-31-18"} 1 2166.0 0.0 2166 623 1139.6666666666667 6
stats: {sentpackets,"tsung_controller@ip-172-31-31-18"} 1 2176.0 0.0 2176 671 1163.5 6
stats: {cpu,"tsung_controller@ip-172-31-31-18"} 1 2.318548387096774 0.0 2.318548387096774 0.9036144578313252 1.5260728402032426 7
stats: {load,"tsung_controller@ip-172-31-31-18"} 1 0.0 0.0 0.01171875 0.0 0.0016741071428571428 7
stats: session 76 36617.34606578947 314.8798825345295 37301.261 35054.604 35348.267406593404 182
stats: users_count 209 1154
stats: finish_users_count 76 258
stats: request 523 901.1411969407266 202.16593245009489 1671.305 7.413 132.1281658245291 2177
stats: connect 247 3.573919028340082 3.267866674258767 1479.212 0.788 14.31550213219617 938
stats: page 357 1204.8690112044821 693.7223534552979 3225.251 8.64 209.69695896656532 1316
stats: 302 199 1121
stats: 200 324 1579
stats: size_rcv 386724 1804582
stats: newphase 0 2
stats: size_sent 392143 1823214
stats: connected 130 871
# stats: dump at 1575250678
stats: users 1008 1009
stats: {freemem,"tsung_controller@ip-172-31-31-18"} 1 3475.1875 0.0 3518.2578125 3475.1875 3505.30712890625 8
stats: {recvpackets,"tsung_controller@ip-172-31-31-18"} 1 2453.0 0.0 2453 623 1286.2857142857142 7
stats: {sentpackets,"tsung_controller@ip-172-31-31-18"} 1 2490.0 0.0 2490 671 1308.142857142857 7
stats: {cpu,"tsung_controller@ip-172-31-31-18"} 1 2.5201612903225805 0.0 2.5201612903225805 0.9036144578313252 1.625132283564934 8
stats: {load,"tsung_controller@ip-172-31-31-18"} 1 0.0 0.0 0.01171875 0.0 0.00146484375 8
stats: session 84 52103.5363452381 20679.271630059215 83500.869 35054.604 35722.104531007746 258
stats: users_count 196 1350
stats: finish_users_count 84 342
stats: request 527 1892.388540796964 301.6548605045078 2514.357 7.413 281.0888381481481 2700
stats: connect 238 2.936512605042017 3.0734382926808106 1479.212 0.788 12.076539240506335 1185
stats: page 352 2634.839772727273 1391.53989792558 6358.834 8.64 422.05584877465634 1673
stats: 302 199 1320
stats: 200 328 1907
stats: size_rcv 394147 2198729
stats: newphase 0 2
stats: size_sent 421555 2244769
stats: connected -19 852
# stats: dump at 1575250688
stats: users 1133 1133
stats: {freemem,"tsung_controller@ip-172-31-31-18"} 1 3460.49609375 0.0 3518.2578125 3460.49609375 3501.960503472222 9
stats: {recvpackets,"tsung_controller@ip-172-31-31-18"} 1 2762.0 0.0 2762 623 1432.125 8
stats: {sentpackets,"tsung_controller@ip-172-31-31-18"} 1 2648.0 0.0 2648 671 1455.875 8
stats: {cpu,"tsung_controller@ip-172-31-31-18"} 1 2.9145728643216082 0.0 2.9145728643216082 0.9036144578313252 1.7245799509824502 9
stats: {load,"tsung_controller@ip-172-31-31-18"} 1 0.078125 0.0 0.078125 0.0 0.0013020833333333333 9
stats: session 109 54588.136853211035 21194.89672016458 85918.182 35054.604 39745.6140994152 342
stats: users_count 234 1584
stats: finish_users_count 109 451
stats: request 718 1991.1105167130893 1330.1048780296112 3423.874 0.519 544.2295085218468 3227
stats: connect 294 7.594823129251698 21.07155831201404 1479.212 0.788 10.547848910751938 1423
stats: page 487 2724.246180698149 2330.8862869150717 9146.733 0.619 806.6977950617285 2025
stats: 302 201 1521
stats: 200 298 2205
stats: size_rcv 439270 2637999
stats: newphase 1 3
stats: 502 217 217
stats: size_sent 490341 2735110
stats: connected -6 846
stats: 500 2 2
# stats: dump at 1575250698
stats: users 1226 1226
stats: {freemem,"tsung_controller@ip-172-31-31-18"} 1 3456.8515625 0.0 3518.2578125 3456.8515625 3497.8140625 10
stats: {recvpackets,"tsung_controller@ip-172-31-31-18"} 1 3420.0 0.0 3420 623 1579.888888888889 9
stats: {sentpackets,"tsung_controller@ip-172-31-31-18"} 1 3430.0 0.0 3430 671 1588.3333333333333 9
stats: {cpu,"tsung_controller@ip-172-31-31-18"} 1 4.016064257028113 0.0 4.016064257028113 0.9036144578313252 1.8435792423163662 10
stats: {load,"tsung_controller@ip-172-31-31-18"} 1 0.0703125 0.0 0.078125 0.0 0.008984375 10
stats: session 168 52153.36091071429 20291.461163581018 86782.991 35054.604 43332.8313503326 451
stats: users_count 261 1845
stats: finish_users_count 168 619
stats: request 887 1805.3492525366394 1648.4899954671848 3732.415 0.519 807.5655196451198 3945
stats: connect 428 8.30461682242991 29.853027938957908 1479.212 0.732 10.042205591147354 1717
stats: page 626 2596.5573354632593 2837.2566512715143 10304.599 0.574 1178.4518013535028 2512
stats: 302 174 1695
stats: 200 295 2500
stats: size_rcv 516713 3154712
stats: newphase 0 3
stats: 502 404 621
stats: size_sent 569347 3304457
stats: connected -1 845
stats: 500 14 16
# stats: dump at 1575250708
stats: users 1314 1320
stats: {freemem,"tsung_controller@ip-172-31-31-18"} 1 3443.24609375 0.0 3518.2578125 3443.24609375 3494.0901988636365 11
stats: {recvpackets,"tsung_controller@ip-172-31-31-18"} 1 3770.0 0.0 3770 623 1763.9 10
stats: {sentpackets,"tsung_controller@ip-172-31-31-18"} 1 3963.0 0.0 3963 671 1772.5 10
stats: {cpu,"tsung_controller@ip-172-31-31-18"} 1 4.618473895582329 0.0 4.618473895582329 0.9036144578313252 2.041077880017434 11
stats: {load,"tsung_controller@ip-172-31-31-18"} 1 0.12890625 0.0 0.12890625 0.0 0.01455965909090909 11
stats: session 169 57108.59110650891 21239.35303164001 87265.282 35054.604 45726.77152180938 619
stats: users_count 257 2102
stats: finish_users_count 169 788
stats: request 827 1958.016669891171 1640.2140712699827 3732.415 0.502 990.7265649834429 4832
stats: connect 428 3.417778037383174 3.1593934677260704 1479.212 0.732 9.695497902097905 2145
stats: page 595 2825.946136134454 2943.867737733225 10308.783 0.574 1461.3498460803055 3138
stats: 302 207 1902
stats: 200 272 2772
stats: size_rcv 458980 3613692
stats: newphase 0 3
stats: 502 340 961
stats: size_sent 529061 3833518
stats: connected 9 854
stats: 500 8 24
# stats: dump at 1575250718
stats: users 1393 1401
stats: {freemem,"tsung_controller@ip-172-31-31-18"} 1 3443.47265625 0.0 3518.2578125 3443.24609375 3489.8531901041665 12
stats: {recvpackets,"tsung_controller@ip-172-31-31-18"} 1 3579.0 0.0 3770 623 1946.2727272727273 11
stats: {sentpackets,"tsung_controller@ip-172-31-31-18"} 1 3773.0 0.0 3963 671 1971.6363636363637 11
stats: {cpu,"tsung_controller@ip-172-31-31-18"} 1 4.124748490945674 0.0 4.618473895582329 0.9036144578313252 2.2558608813145087 12
stats: {load,"tsung_controller@ip-172-31-31-18"} 1 0.109375 0.0 0.12890625 0.0 0.024088541666666668 12
stats: session 170 61137.032888235306 21376.00718175898 87265.282 35012.824 48167.79628045687 788
stats: users_count 249 2351
stats: finish_users_count 170 958
stats: request 831 1900.234920577615 1522.172444313439 3732.415 0.502 1132.0852708959171 5659
stats: connect 433 3.4613140877598148 3.2189691439008605 1479.212 0.732 8.651244461717841 2573
stats: page 588 2591.95775510204 2706.703099339183 10308.783 0.574 1678.8517996249664 3733
stats: 302 210 2112
stats: 200 286 3058
stats: size_rcv 475191 4088883
stats: newphase 1 4
stats: 502 325 1286
stats: size_sent 535654 4369172
stats: connected 3 857
stats: 500 10 34
# stats: dump at 1575250728
stats: users 1521 1522
stats: {freemem,"tsung_controller@ip-172-31-31-18"} 1 3441.609375 0.0 3518.2578125 3441.609375 3486.285456730769 13
stats: {recvpackets,"tsung_controller@ip-172-31-31-18"} 1 4254.0 0.0 4254 623 2082.3333333333335 12
stats: {sentpackets,"tsung_controller@ip-172-31-31-18"} 1 4505.0 0.0 4505 671 2121.75 12
stats: {cpu,"tsung_controller@ip-172-31-31-18"} 1 7.385229540918163 0.0 7.385229540918163 0.9036144578313252 2.399621466670752 13
stats: {load,"tsung_controller@ip-172-31-31-18"} 1 0.23828125 0.0 0.23828125 0.0 0.03064903846153846 13
stats: session 190 53973.56071052629 20554.469250875933 87265.282 35009.637 50469.22657620044 958
stats: users_count 318 2669
stats: finish_users_count 190 1148
stats: request 1043 1589.7485254074813 1542.7865341777244 3732.415 0.502 1230.4415665639433 6490
stats: connect 522 3.3058697318007684 3.1817848671594064 1479.212 0.732 7.903659680638724 3006
stats: page 729 2287.03482441701 2564.0857065539562 10308.783 0.563 1803.1069030317055 4321
stats: 302 218 2330
stats: 200 274 3332
stats: size_rcv 585495 4674378
stats: newphase 0 4
stats: 502 505 1791
stats: size_sent 558165 4927337
stats: connected -21 836
stats: 500 46 80
# stats: dump at 1575250738
stats: users 1630 1633
stats: {freemem,"tsung_controller@ip-172-31-31-18"} 1 3440.9375 0.0 3518.2578125 3440.9375 3483.094308035714 14
stats: {recvpackets,"tsung_controller@ip-172-31-31-18"} 1 4498.0 0.0 4498 623 2249.3846153846152 13
stats: {sentpackets,"tsung_controller@ip-172-31-31-18"} 1 4784.0 0.0 4784 671 2305.076923076923 13
stats: {cpu,"tsung_controller@ip-172-31-31-18"} 1 4.646464646464646 0.0 7.385229540918163 0.9036144578313252 2.7557363291169956 14
stats: {load,"tsung_controller@ip-172-31-31-18"} 1 0.19921875 0.0 0.23828125 0.0 0.04547991071428571 14
stats: session 211 57104.07274407581 21540.53089555552 87265.282 35009.167 51049.212190766564 1148
stats: users_count 320 2989
stats: finish_users_count 211 1359
stats: request 1050 1492.2610266666663 1472.7415864396492 3732.415 0.502 1280.1902932430633 7533
stats: connect 536 3.2890261194029837 3.170899108460281 1479.212 0.695 7.223374433106578 3528
stats: page 736 2114.5673342391274 2443.3163198115253 10308.783 0.563 1872.965012871287 5050
stats: 302 231 2561
stats: 200 257 3589
stats: size_rcv 559475 5233853
stats: newphase 0 4
stats: 502 518 2309
stats: size_sent 565313 5492650
stats: connected 8 844
stats: 500 44 124
# stats: dump at 1575250748
stats: users 1727 1727
stats: {freemem,"tsung_controller@ip-172-31-31-18"} 1 3440.55078125 0.0 3518.2578125 3440.55078125 3480.2838541666665 15
stats: {recvpackets,"tsung_controller@ip-172-31-31-18"} 1 4328.0 0.0 4498 623 2410.0 14
stats: {sentpackets,"tsung_controller@ip-172-31-31-18"} 1 4643.0 0.0 4784 671 2482.1428571428573 14
stats: {cpu,"tsung_controller@ip-172-31-31-18"} 1 3.951367781155015 0.0 7.385229540918163 0.9036144578313252 2.881784883606839 15
stats: {load,"tsung_controller@ip-172-31-31-18"} 1 0.171875 0.0 0.23828125 0.0 0.05572916666666667 15
stats: session 198 56201.784868686904 21587.140705406084 88292.123 35009.167 51989.29723620309 1359
stats: users_count 295 3284
stats: finish_users_count 198 1557
stats: request 973 1664.0561849948588 1556.1954702686105 3732.415 0.502 1306.1339341722003 8583
stats: connect 500 3.349339999999998 3.0473428229196675 1479.212 0.695 6.704474163385828 4064
stats: page 696 2391.5398821839094 2569.380588145394 10308.783 0.563 1903.697696681645 5786
stats: 302 210 2771
stats: 200 270 3859
stats: size_rcv 556196 5790049
stats: newphase 1 5
stats: 502 453 2762
stats: size_sent 541012 6033662
stats: connected 11 855
stats: 500 40 164
# stats: dump at 1575250758
stats: users 1823 1829
stats: {freemem,"tsung_controller@ip-172-31-31-18"} 1 3439.296875 0.0 3518.2578125 3439.296875 3477.800537109375 16
stats: {recvpackets,"tsung_controller@ip-172-31-31-18"} 1 4519.0 0.0 4519 623 2537.866666666667 15
stats: {sentpackets,"tsung_controller@ip-172-31-31-18"} 1 4795.0 0.0 4795 671 2626.2 15
stats: {cpu,"tsung_controller@ip-172-31-31-18"} 1 5.511022044088176 0.0 7.385229540918163 0.9036144578313252 2.9486338147035998 16
stats: {load,"tsung_controller@ip-172-31-31-18"} 1 0.140625 0.0 0.23828125 0.0 0.06298828125 16
stats: session 240 56170.89587916668 22850.363903943267 90771.367 35006.713 52524.989305073876 1557
stats: users_count 336 3620
stats: finish_users_count 240 1797
stats: request 1204 1341.3036129568109 1513.002512424737 3732.415 0.502 1342.5778803892833 9556
stats: connect 606 3.904590759075904 5.462722325796859 1479.212 0.695 6.33690907099036 4564
stats: page 852 1894.4228122065726 2467.4975846499447 10308.783 0.563 1956.0793938599197 6482
stats: 302 196 2967
stats: 200 271 4130
stats: size_rcv 658422 6448471
stats: newphase 0 5
stats: 502 674 3436
stats: size_sent 616181 6649843
stats: connected -16 839
stats: 500 63 227
# stats: dump at 1575250768
stats: users 1911 1919
stats: {freemem,"tsung_controller@ip-172-31-31-18"} 1 3438.640625 0.0 3518.2578125 3438.640625 3475.5356158088234 17
stats: {recvpackets,"tsung_controller@ip-172-31-31-18"} 1 5157.0 0.0 5157 623 2661.6875 16
stats: {sentpackets,"tsung_controller@ip-172-31-31-18"} 1 5533.0 0.0 5533 671 2761.75 16
stats: {cpu,"tsung_controller@ip-172-31-31-18"} 1 5.454545454545454 0.0 7.385229540918163 0.9036144578313252 3.0993625340791633 17
stats: {load,"tsung_controller@ip-172-31-31-18"} 1 0.12109375 0.0 0.23828125 0.0 0.06755514705882353 17
stats: session 264 57689.26489393941 23668.47850008752 93724.514 35006.713 53011.92173567058 1797
stats: users_count 352 3972
stats: finish_users_count 264 2061
stats: request 1261 1281.3253362410778 1497.7566621256155 3732.415 0.502 1342.4352950743487 10760
stats: connect 661 3.5343177004538573 3.222671836056083 1479.212 0.695 6.051805609284332 5170
stats: page 921 1738.2701053203043 2255.3422543590204 10308.783 0.563 1948.9166712571582 7334
stats: 302 213 3180
stats: 200 249 4379
stats: size_rcv 655976 7104447
stats: newphase 0 5
stats: 502 729 4165
stats: size_sent 617199 7267042
stats: connected 15 854
stats: 500 70 297
# stats: dump at 1575250778
stats: users 1990 1995
stats: {freemem,"tsung_controller@ip-172-31-31-18"} 1 3438.0234375 0.0 3518.2578125 3438.0234375 3473.485894097222 18
stats: {recvpackets,"tsung_controller@ip-172-31-31-18"} 1 5209.0 0.0 5209 623 2808.470588235294 17
stats: {sentpackets,"tsung_controller@ip-172-31-31-18"} 1 5730.0 0.0 5730 671 2924.764705882353 17
stats: {cpu,"tsung_controller@ip-172-31-31-18"} 1 5.182926829268292 0.0 7.385229540918163 0.9036144578313252 3.2302060296606236 18
stats: {load,"tsung_controller@ip-172-31-31-18"} 1 0.1015625 0.0 0.23828125 0.0 0.0705295138888889 18
stats: session 299 61874.699448160514 24384.32898901764 95878.845 35006.713 53611.057394953925 2061
stats: users_count 378 4350
stats: finish_users_count 299 2360
stats: request 1330 1197.3953285714292 1415.2026190375639 3732.415 0.502 1336.0248751351794 12021
stats: connect 650 3.4052415384615347 3.229885613854187 1479.212 0.695 5.766424112502143 5831
stats: page 949 1690.9839747102228 2287.617162390734 10308.783 0.554 1925.4150980012114 8255
stats: 302 243 3423
stats: 200 242 4621
stats: size_rcv 662908 7767355
stats: newphase 1 6
stats: 502 776 4941
stats: size_sent 645295 7912337
stats: connected -3 851
stats: 500 69 366
# stats: dump at 1575250788
stats: users 2083 2085
stats: {freemem,"tsung_controller@ip-172-31-31-18"} 1 3423.90625 0.0 3518.2578125 3423.90625 3471.619449013158 19
stats: {recvpackets,"tsung_controller@ip-172-31-31-18"} 1 5364.0 0.0 5364 623 2941.8333333333335 18
stats: {sentpackets,"tsung_controller@ip-172-31-31-18"} 1 5989.0 0.0 5989 671 3080.6111111111113 18
stats: {cpu,"tsung_controller@ip-172-31-31-18"} 1 8.756218905472638 0.0 8.756218905472638 0.9036144578313252 3.332980808587343 19
stats: {load,"tsung_controller@ip-172-31-31-18"} 1 0.08984375 0.0 0.23828125 0.0 0.07216282894736842 19
stats: session 270 60463.51141851854 24442.26938105131 96166.388 35006.713 54658.018824576284 2360
stats: users_count 363 4713
stats: finish_users_count 270 2630
stats: request 1348 1222.6948234421386 1471.4545525021324 3732.415 0.502 1322.2148761141482 13351
stats: connect 637 9.17891993720565 33.34226724015863 1479.212 0.695 5.52961363987039 6481
stats: page 929 1786.856331539289 2449.3826360683597 10308.783 0.554 1901.2435273794006 9204
stats: 302 231 3654
stats: 200 258 4879
stats: size_rcv 664867 8432222
stats: newphase 0 6
stats: 502 799 5740
stats: size_sent 612009 8524346
stats: connected -20 831
stats: 500 60 426
# stats: dump at 1575250798
stats: users 2183 2183
stats: {freemem,"tsung_controller@ip-172-31-31-18"} 1 3422.7890625 0.0 3518.2578125 3422.7890625 3469.2337890625 20
stats: {recvpackets,"tsung_controller@ip-172-31-31-18"} 1 5360.0 0.0 5364 623 3069.315789473684 19
stats: {sentpackets,"tsung_controller@ip-172-31-31-18"} 1 5822.0 0.0 5989 671 3233.684210526316 19
stats: {cpu,"tsung_controller@ip-172-31-31-18"} 1 7.164179104477612 0.0 8.756218905472638 0.9036144578313252 3.604142713431608 20
stats: {load,"tsung_controller@ip-172-31-31-18"} 1 0.0703125 0.0 0.23828125 0.0 0.073046875 20
stats: session 277 58562.172588447655 24768.31131800151 96166.388 35006.713 55254.01996539925 2630
stats: users_count 377 5090
stats: finish_users_count 277 2907
stats: request 1341 1200.003618195375 1426.1197911824393 3732.415 0.502 1313.0881987210012 14699
stats: connect 710 3.843564788732398 3.7670981865636137 1479.212 0.695 5.856195279572914 7118
stats: page 975 1650.4587210256407 2093.401676186293 10308.783 0.554 1890.7564352116847 10133
stats: 302 229 3883
stats: 200 242 5121
stats: size_rcv 701679 9133901
stats: newphase 0 6
stats: 502 785 6525
stats: size_sent 590184 9114530
stats: connected 18 849
stats: 500 85 511
# stats: dump at 1575250808
stats: users 2281 2286
stats: {freemem,"tsung_controller@ip-172-31-31-18"} 1 3422.01953125 0.0 3518.2578125 3422.01953125 3467.0221354166665 21
stats: {recvpackets,"tsung_controller@ip-172-31-31-18"} 1 5754.0 0.0 5754 623 3183.85 20
stats: {sentpackets,"tsung_controller@ip-172-31-31-18"} 1 6289.0 0.0 6289 671 3363.1 20
stats: {cpu,"tsung_controller@ip-172-31-31-18"} 1 7.199999999999999 0.0 8.756218905472638 0.9036144578313252 3.77366825586237 21
stats: {load,"tsung_controller@ip-172-31-31-18"} 1 0.140625 0.0 0.23828125 0.0 0.07291666666666667 21
stats: session 346 61972.747294797664 24268.802202255247 96166.388 35006.713 55569.24469074649 2907
stats: users_count 444 5534
stats: finish_users_count 346 3253
stats: request 1565 1024.0008664536733 1418.8307774271805 3732.415 0.502 1303.6339329800494 16040
stats: connect 850 8.28253764705881 31.430144965159407 1479.212 0.695 5.673649591211038 7828
stats: page 1135 1441.2001074889897 2049.697116900932 10308.783 0.554 1869.6644050234065 11108
stats: 302 263 4146
stats: 200 197 5318
stats: size_rcv 702626 9836527
stats: newphase 1 7
stats: 502 1032 7557
stats: size_sent 652166 9766696
stats: connected -8 841
stats: 500 73 584
# stats: dump at 1575250818
stats: users 2413 2414
stats: {freemem,"tsung_controller@ip-172-31-31-18"} 1 3421.5859375 0.0 3518.2578125 3421.5859375 3464.9765625 22
stats: {recvpackets,"tsung_controller@ip-172-31-31-18"} 1 6425.0 0.0 6425 623 3306.2380952380954 21
stats: {sentpackets,"tsung_controller@ip-172-31-31-18"} 1 7212.0 0.0 7212 671 3502.4285714285716 21
stats: {cpu,"tsung_controller@ip-172-31-31-18"} 1 7.653575025176234 0.0 8.756218905472638 0.9036144578313252 3.929410607868626 22
stats: {load,"tsung_controller@ip-172-31-31-18"} 1 0.12109375 0.0 0.23828125 0.0 0.07599431818181818 22
stats: session 347 58575.10859365994 24122.069893309817 96166.388 35006.713 56250.342723639726 3253
stats: users_count 479 6013
stats: finish_users_count 347 3600
stats: request 1539 981.0899740090967 1369.1301767562693 3732.415 0.48 1278.775895541039 17605
stats: connect 861 3.3614668989547067 3.579978693398568 1479.212 0.695 5.929187139893983 8678
stats: page 1098 1347.0402850637508 2085.830545247399 10308.783 0.541 1829.9431783876505 12243
stats: 302 231 4377
stats: 200 205 5523
stats: size_rcv 723559 10560086
stats: newphase 0 7
stats: 502 1018 8575
stats: size_sent 622982 10389678
stats: connected 14 855
stats: 500 85 669
# stats: dump at 1575250828
stats: users 2558 2563
stats: {freemem,"tsung_controller@ip-172-31-31-18"} 1 3421.02734375 0.0 3518.2578125 3421.02734375 3463.0900135869565 23
stats: {recvpackets,"tsung_controller@ip-172-31-31-18"} 1 6540.0 0.0 6540 623 3448.0 22
stats: {sentpackets,"tsung_controller@ip-172-31-31-18"} 1 7194.0 0.0 7212 671 3671.0454545454545 22
stats: {cpu,"tsung_controller@ip-172-31-31-18"} 1 7.669021190716448 0.0 8.756218905472638 0.9036144578313252 4.091330799925479 23
stats: {load,"tsung_controller@ip-172-31-31-18"} 1 0.1015625 0.0 0.23828125 0.0 0.07795516304347826 23
stats: session 324 61228.580833333326 24338.07523590867 96166.388 35006.713 56474.424322777784 3600
stats: users_count 469 6482
stats: finish_users_count 324 3924
stats: request 1614 1008.3864361833947 1424.0508547101572 3732.415 0.48 1254.8447090994562 19144
stats: connect 975 3.351615384615383 3.1044646075048914 1479.212 0.695 5.697422056819373 9539
stats: page 1136 1426.5177500000004 2165.0625326354884 10308.783 0.541 1790.1989780376286 13341
stats: 302 246 4623
stats: 200 209 5732
stats: size_rcv 753181 11313267
stats: newphase 0 7
stats: 502 1076 9651
stats: size_sent 649076 11038754
stats: connected -19 836
stats: 500 83 752
# stats: dump at 1575250838
stats: users 2643 2643
stats: {freemem,"tsung_controller@ip-172-31-31-18"} 1 3419.37890625 0.0 3518.2578125 3419.37890625 3461.33740234375 24
stats: {recvpackets,"tsung_controller@ip-172-31-31-18"} 1 6868.0 0.0 6868 623 3582.4347826086955 23
stats: {sentpackets,"tsung_controller@ip-172-31-31-18"} 1 7477.0 0.0 7477 671 3824.217391304348 23
stats: {cpu,"tsung_controller@ip-172-31-31-18"} 1 7.777777777777778 0.0 8.756218905472638 0.9036144578313252 4.240401232875103 24
stats: {load,"tsung_controller@ip-172-31-31-18"} 1 0.078125 0.0 0.23828125 0.0 0.07893880208333333 24
stats: session 360 59422.607402777816 23919.38431702542 96166.388 35006.713 56866.96935575944 3924
stats: users_count 445 6927
stats: finish_users_count 360 4284
stats: request 1671 975.406078994614 1422.7817606769036 3732.415 0.48 1235.6818007033428 20758
stats: connect 1005 3.3850049751243816 3.0854155173012114 1479.212 0.695 5.479887198021685 10514
stats: page 1220 1383.6315901639355 2171.2750231828586 10308.783 0.541 1761.6611680596811 14477
stats: 302 209 4832
stats: 200 212 5944
stats: size_rcv 822764 12136031
stats: newphase 1 8
stats: 502 1138 10789
stats: size_sent 651615 11690369
stats: connected 3 839
stats: 500 112 864
# stats: dump at 1575250848
stats: users 2725 2725
stats: {freemem,"tsung_controller@ip-172-31-31-18"} 1 3416.60546875 0.0 3518.2578125 3416.60546875 3459.6590625 25
stats: {recvpackets,"tsung_controller@ip-172-31-31-18"} 1 7560.0 0.0 7560 623 3719.3333333333335 24
stats: {sentpackets,"tsung_controller@ip-172-31-31-18"} 1 8375.0 0.0 8375 671 3976.4166666666665 24
stats: {cpu,"tsung_controller@ip-172-31-31-18"} 1 9.59040959040959 0.0 9.59040959040959 0.9036144578313252 4.3818962946712094 25
stats: {load,"tsung_controller@ip-172-31-31-18"} 1 0.0703125 0.0 0.23828125 0.0 0.07890625 25
stats: session 404 58688.46029702977 23719.737432180053 96166.388 35006.713 57081.72885550888 4284
stats: users_count 486 7413
stats: finish_users_count 404 4688
stats: request 1800 887.743752222223 1408.0632953056552 3732.415 0.48 1216.2908010611256 22429
stats: connect 1092 3.5336520146520147 3.375412022572896 1479.212 0.695 5.297114680093758 11519
stats: page 1312 1192.1602416158569 1991.9076823911983 10308.783 0.541 1732.280007007709 15697
stats: 302 215 5047
stats: 200 197 6141
stats: size_rcv 821161 12957192
stats: newphase 0 8
stats: 502 1290 12079
stats: size_sent 700183 12390552
stats: connected 15 854
stats: 500 98 962
# stats: dump at 1575250858
stats: users 2802 2803
stats: {freemem,"tsung_controller@ip-172-31-31-18"} 1 3403.875 0.0 3518.2578125 3403.875 3458.003155048077 26
stats: {recvpackets,"tsung_controller@ip-172-31-31-18"} 1 7499.0 0.0 7560 623 3872.96 25
stats: {sentpackets,"tsung_controller@ip-172-31-31-18"} 1 8339.0 0.0 8375 671 4152.36 25
stats: {cpu,"tsung_controller@ip-172-31-31-18"} 1 9.760956175298805 0.0 9.760956175298805 0.9036144578313252 4.582223729122686 26
stats: {load,"tsung_controller@ip-172-31-31-18"} 1 0.05859375 0.0 0.23828125 0.0 0.07857572115384616 26
stats: session 432 58782.672541666725 23710.895213447144 96166.388 35006.713 57220.19291318261 4688
stats: users_count 509 7922
stats: finish_users_count 432 5120
stats: request 1890 866.2256582010589 1369.642210771739 3732.415 0.48 1191.8826666804237 24229
stats: connect 1138 3.608247803163446 3.313606463694593 1479.212 0.692 5.144414558718579 12611
stats: page 1385 1187.627628880867 1957.7205449213059 10308.783 0.541 1690.6175264271862 17009
stats: 302 231 5278
stats: 200 200 6341
stats: size_rcv 863575 13820767
stats: newphase 0 8
stats: 502 1352 13431
stats: size_sent 729773 13120325
stats: connected 3 857
stats: 500 107 1069
# stats: dump at 1575250868
stats: users 2897 2907
stats: {freemem,"tsung_controller@ip-172-31-31-18"} 1 3401.88671875 0.0 3518.2578125 3401.88671875 3455.998408564815 27
stats: {recvpackets,"tsung_controller@ip-172-31-31-18"} 1 7868.0 0.0 7868 623 4012.423076923077 26
stats: {sentpackets,"tsung_controller@ip-172-31-31-18"} 1 8790.0 0.0 8790 671 4313.384615384615 26
stats: {cpu,"tsung_controller@ip-172-31-31-18"} 1 10.059760956175298 0.0 10.059760956175298 0.9036144578313252 4.774028634536616 27
stats: {load,"tsung_controller@ip-172-31-31-18"} 1 0.12890625 0.0 0.23828125 0.0 0.07783564814814815 27
stats: session 425 60249.20416941172 23783.086616003126 96166.388 35006.584 57352.02713183597 5120
stats: users_count 520 8442
stats: finish_users_count 425 5545
stats: request 1863 863.1760198604406 1437.8418815618188 3743.569 0.48 1168.3177619740416 26119
stats: connect 1130 3.3394061946902687 3.138916737296238 1479.212 0.692 5.017266564841079 13749
stats: page 1352 1167.4393491124256 2000.1900020262437 10308.783 0.541 1652.7442520930742 18394
stats: 302 225 5503
stats: 200 169 6510
stats: size_rcv 815551 14636318
stats: newphase 1 9
stats: 502 1370 14801
stats: size_sent 673739 13794064
stats: connected -24 833
stats: 500 99 1168
# stats: dump at 1575250878
stats: users 2977 2994
stats: {freemem,"tsung_controller@ip-172-31-31-18"} 1 3402.0546875 0.0 3518.2578125 3401.88671875 3454.065848214286 28
stats: {recvpackets,"tsung_controller@ip-172-31-31-18"} 1 7996.0 0.0 7996 623 4155.222222222223 27
stats: {sentpackets,"tsung_controller@ip-172-31-31-18"} 1 8960.0 0.0 8960 671 4479.185185185185 27
stats: {cpu,"tsung_controller@ip-172-31-31-18"} 1 10.615079365079366 0.0 10.615079365079366 0.9036144578313252 4.962804788880854 28
stats: {load,"tsung_controller@ip-172-31-31-18"} 1 0.109375 0.0 0.23828125 0.0 0.07965959821428571 28
stats: session 430 59218.36345348838 23645.05942902728 96166.388 35006.584 57574.083081514895 5545
stats: users_count 510 8952
stats: finish_users_count 430 5975
stats: request 1848 872.8586390692623 1398.9962292795874 3743.569 0.48 1148.0018779929953 27982
stats: connect 1154 3.5462487001733103 3.2387821174827502 1479.212 0.692 4.88983984138719 14879
stats: page 1385 1193.4566606498151 1966.213402247169 10308.783 0.541 1619.5156372429865 19746
stats: 302 218 5721
stats: 200 194 6704
stats: size_rcv 827329 15463647
stats: newphase 0 9
stats: 502 1333 16134
stats: size_sent 684401 14478465
stats: connected 24 857
stats: 500 103 1271
# stats: dump at 1575250888
stats: users 3052 3057
stats: {freemem,"tsung_controller@ip-172-31-31-18"} 1 3401.3203125 0.0 3518.2578125 3401.3203125 3452.272359913793 29
stats: {recvpackets,"tsung_controller@ip-172-31-31-18"} 1 8044.0 0.0 8044 623 4292.392857142858 28
stats: {sentpackets,"tsung_controller@ip-172-31-31-18"} 1 8991.0 0.0 8991 671 4639.214285714285 28
stats: {cpu,"tsung_controller@ip-172-31-31-18"} 1 9.770687936191425 0.0 10.615079365079366 0.9036144578313252 5.157710808749768 29
stats: {load,"tsung_controller@ip-172-31-31-18"} 1 0.08984375 0.0 0.23828125 0.0 0.08068426724137931 29
stats: session 461 60060.06100216915 23332.698196770696 96166.388 35006.584 57692.41622962345 5975
stats: users_count 536 9488
stats: finish_users_count 461 6436
stats: request 1997 810.7758607911842 1315.0595997810783 3743.569 0.48 1130.9564637948372 29830
stats: connect 1246 10.978474317817028 35.86295915124701 1479.212 0.682 4.793132788623465 16033
stats: page 1485 1110.3712451178478 1881.8914027355813 10308.783 0.541 1591.590234631584 21131
stats: 302 231 5952
stats: 200 192 6896
stats: size_rcv 904212 16367859
stats: newphase 0 9
stats: 502 1456 17590
stats: size_sent 710613 15189078
stats: connected -24 833
stats: 500 118 1389
# stats: dump at 1575250898
stats: users 3165 3165
stats: {freemem,"tsung_controller@ip-172-31-31-18"} 1 3400.9375 0.0 3518.2578125 3400.9375 3450.5739583333334 30
stats: {recvpackets,"tsung_controller@ip-172-31-31-18"} 1 8359.0 0.0 8359 623 4421.758620689656 29
stats: {sentpackets,"tsung_controller@ip-172-31-31-18"} 1 9388.0 0.0 9388 671 4789.275862068966 29
stats: {cpu,"tsung_controller@ip-172-31-31-18"} 1 8.56269113149847 0.0 10.615079365079366 0.9036144578313252 5.311476712997824 30
stats: {load,"tsung_controller@ip-172-31-31-18"} 1 0.078125 0.0 0.23828125 0.0 0.08098958333333334 30
stats: session 476 58123.22183193281 23273.022129555717 96166.388 35006.584 57862.00669577379 6436
stats: users_count 589 10077
stats: finish_users_count 476 6912
stats: request 2170 747.0967562211989 1327.3126061655653 3743.569 0.48 1110.8665821158131 31827
stats: connect 1317 3.378119969627944 3.1990998749499733 1479.212 0.554 5.2391618149198464 17279
stats: page 1589 985.2111510383897 1787.6301493051749 10308.783 0.541 1559.9926842500886 22616
stats: 302 209 6161
stats: 200 185 7081
stats: size_rcv 962994 17330853
stats: newphase 1 10
stats: 502 1651 19241
stats: size_sent 760965 15950043
stats: connected 8 841
stats: 500 125 1514
# stats: dump at 1575250908
stats: users 3233 3235
stats: {freemem,"tsung_controller@ip-172-31-31-18"} 1 3400.3984375 0.0 3518.2578125 3400.3984375 3448.9727822580644 31
stats: {recvpackets,"tsung_controller@ip-172-31-31-18"} 1 8949.0 0.0 8949 623 4553.0 30
stats: {sentpackets,"tsung_controller@ip-172-31-31-18"} 1 10047.0 0.0 10047 671 4942.566666666667 30
stats: {cpu,"tsung_controller@ip-172-31-31-18"} 1 8.597748208802457 0.0 10.615079365079366 0.9036144578313252 5.4163545974655865 31
stats: {load,"tsung_controller@ip-172-31-31-18"} 1 0.0703125 0.0 0.23828125 0.0 0.08089717741935484 31
stats: session 523 60080.15548565968 23549.771423445687 96166.388 35006.584 57879.99546961807 6912
stats: users_count 591 10668
stats: finish_users_count 523 7435
stats: request 2206 738.5531219401624 1305.5605171519314 3743.569 0.48 1087.647459187575 33997
stats: connect 1328 3.3263840361445802 3.26489007201399 1479.212 0.554 5.107359701010972 18596
stats: page 1600 1040.8478481250017 1923.7530150315326 10308.783 0.541 1522.259659822351 24205
stats: 302 236 6397
stats: 200 190 7271
stats: size_rcv 945635 18276488
stats: newphase 0 10
stats: 502 1674 20915
stats: size_sent 759388 16709431
stats: connected 5 846
stats: 500 106 1620
# stats: dump at 1575250918
stats: users 3331 3331
stats: {freemem,"tsung_controller@ip-172-31-31-18"} 1 3399.49609375 0.0 3518.2578125 3399.49609375 3447.454833984375 32
stats: {recvpackets,"tsung_controller@ip-172-31-31-18"} 1 9198.0 0.0 9198 623 4694.806451612903 31
stats: {sentpackets,"tsung_controller@ip-172-31-31-18"} 1 10363.0 0.0 10363 671 5107.225806451613 31
stats: {cpu,"tsung_controller@ip-172-31-31-18"} 1 9.7165991902834 0.0 10.615079365079366 0.9036144578313252 5.515773147819864 32
stats: {load,"tsung_controller@ip-172-31-31-18"} 1 0.05859375 0.0 0.23828125 0.0 0.08056640625 32
stats: session 503 58762.728471173024 23540.150757779447 96166.388 35006.584 58034.761264963025 7435
stats: users_count 601 11269
stats: finish_users_count 503 7938
stats: request 2241 710.1246131191451 1263.370360640691 3743.569 0.48 1066.3756831478051 36203
stats: connect 1361 3.3546282145481254 3.1078787509406705 1479.212 0.554 4.988651826942383 19924
stats: page 1636 954.0800372860656 1738.0463195855582 10308.783 0.541 1492.4104484789773 25805
stats: 302 245 6642
stats: 200 169 7440
stats: size_rcv 960299 19236787
stats: newphase 0 10
stats: 502 1706 22621
stats: size_sent 778123 17487554
stats: connected -4 842
stats: 500 121 1741
# stats: dump at 1575250928
stats: users 2922 3343
stats: {freemem,"tsung_controller@ip-172-31-31-18"} 1 3399.00390625 0.0 3518.2578125 3399.00390625 3446.0015388257575 33
stats: {recvpackets,"tsung_controller@ip-172-31-31-18"} 1 9330.0 0.0 9330 623 4835.53125 32
stats: {sentpackets,"tsung_controller@ip-172-31-31-18"} 1 10507.0 0.0 10507 671 5271.46875 32
stats: {cpu,"tsung_controller@ip-172-31-31-18"} 1 8.539094650205762 0.0 10.615079365079366 0.9036144578313252 5.643070906682396 33
stats: {load,"tsung_controller@ip-172-31-31-18"} 1 0.12109375 0.0 0.23828125 0.0 0.07990056818181818 33
stats: session 481 59134.83624532223 23233.285135614857 96166.388 35006.584 58080.88969841271 7938
stats: users_count 72 11341
stats: finish_users_count 481 8419
stats: request 1346 1209.548907132242 1558.0819801895882 3743.569 0.48 1045.6088886432212 38444
stats: connect 823 3.2929465370595388 3.173126251212394 1479.212 0.554 4.88416950904393 21285
stats: page 1171 1457.791829205806 2154.0961643131036 10308.783 0.541 1460.315825370796 27441
stats: 302 159 6801
stats: 200 218 7658
stats: size_rcv 743621 19980408
stats: newphase 0 10
stats: 502 841 23462
stats: size_sent 544125 18031679
stats: connected -14 828
stats: 500 128 1869
# stats: dump at 1575250938
stats: users 2394 3343
stats: {freemem,"tsung_controller@ip-172-31-31-18"} 1 3398.12109375 0.0 3518.2578125 3398.12109375 3444.619255514706 34
stats: {recvpackets,"tsung_controller@ip-172-31-31-18"} 1 4976.0 0.0 9330 623 4971.727272727273 33
stats: {sentpackets,"tsung_controller@ip-172-31-31-18"} 1 5965.0 0.0 10507 671 5430.121212121212 33
stats: {cpu,"tsung_controller@ip-172-31-31-18"} 1 5.516549648946841 0.0 10.615079365079366 0.9036144578313252 5.728248075609553 34
stats: {load,"tsung_controller@ip-172-31-31-18"} 1 0.1015625 0.0 0.23828125 0.0 0.08111213235294118 34
stats: session 528 59363.76638825755 23371.016878909973 96166.388 35006.584 58141.10448509325 8419
stats: users_count 0 11341
stats: finish_users_count 528 8947
stats: request 1070 1527.0760411214947 1532.5053102307415 3743.569 0.48 1051.1545851721535 39790
stats: connect 539 3.3718163265306154 3.1623971470705947 1479.212 0.554 4.824934096254752 22108
stats: page 1070 1570.5316962616812 1665.014910509749 10308.783 0.541 1460.2125260729767 28612
stats: 302 127 6928
stats: 200 223 7881
stats: size_rcv 750610 20731018
stats: newphase 0 10
stats: 502 538 24000
stats: size_sent 427141 18458820
stats: connected 14 842
stats: 500 182 2051
# stats: dump at 1575250948
stats: users 1867 3343
stats: {freemem,"tsung_controller@ip-172-31-31-18"} 1 3398.72265625 0.0 3518.2578125 3398.12109375 3443.2907366071427 35
stats: {recvpackets,"tsung_controller@ip-172-31-31-18"} 1 4280.0 0.0 9330 623 4971.85294117647 34
stats: {sentpackets,"tsung_controller@ip-172-31-31-18"} 1 5484.0 0.0 10507 671 5445.85294117647 34
stats: {cpu,"tsung_controller@ip-172-31-31-18"} 1 4.814443329989969 0.0 10.615079365079366 0.9036144578313252 5.722199549133475 35
stats: {load,"tsung_controller@ip-172-31-31-18"} 1 0.08984375 0.0 0.23828125 0.0 0.08169642857142857 35
stats: session 527 59381.03569829221 23228.472696127224 96166.388 35006.584 58213.25889270147 8947
stats: users_count 0 11341
stats: finish_users_count 527 9474
stats: request 1069 1475.6257072029953 1528.0439923763447 3743.569 0.48 1063.6175307880565 40860
stats: connect 489 3.2614539877300617 3.1923493977524946 1479.212 0.554 4.790349803505985 22647
stats: page 1069 1475.6257072029953 1528.0439923763447 10308.783 0.541 1464.1893979853114 29682
stats: 302 110 7038
stats: 200 227 8108
stats: size_rcv 764762 21495780
stats: newphase 0 10
stats: 502 553 24553
stats: size_sent 427415 18886235
stats: connected -75 767
stats: 500 179 2230
# stats: dump at 1575250958
stats: users 1386 3343
stats: {freemem,"tsung_controller@ip-172-31-31-18"} 1 3399.5546875 0.0 3518.2578125 3398.12109375 3442.052734375 36
stats: {recvpackets,"tsung_controller@ip-172-31-31-18"} 1 4107.0 0.0 9330 623 4952.085714285714 35
stats: {sentpackets,"tsung_controller@ip-172-31-31-18"} 1 5215.0 0.0 10507 671 5446.942857142857 35
stats: {cpu,"tsung_controller@ip-172-31-31-18"} 1 4.819277108433735 0.0 10.615079365079366 0.9036144578313252 5.696984098601711 36
stats: {load,"tsung_controller@ip-172-31-31-18"} 1 0.0703125 0.0 0.23828125 0.0 0.08192274305555555 36
stats: session 481 62329.275320166365 23528.205024479703 96175.709 35006.584 58278.217556048134 9474
stats: users_count 0 11341
stats: finish_users_count 481 9955
stats: request 807 2026.110130111526 1332.855000562095 3743.569 0.48 1074.1218771971664 41929
stats: connect 265 3.4717924528301873 3.137105549487025 1479.212 0.554 4.758035226486863 23136
stats: page 807 2026.110130111526 1332.855000562095 10308.783 0.541 1464.5869595135123 30751
stats: 302 174 7212
stats: 200 227 8335
stats: size_rcv 631323 22127103
stats: newphase 0 10
stats: 502 243 24796
stats: size_sent 352446 19238681
stats: connected -222 545
stats: 500 163 2393
# stats: dump at 1575250968
stats: users 1069 3343
stats: {freemem,"tsung_controller@ip-172-31-31-18"} 1 3399.61328125 0.0 3518.2578125 3398.12109375 3440.9041385135133 37
stats: {recvpackets,"tsung_controller@ip-172-31-31-18"} 1 2999.0 0.0 9330 623 4928.611111111111 36
stats: {sentpackets,"tsung_controller@ip-172-31-31-18"} 1 3727.0 0.0 10507 671 5440.5 36
stats: {cpu,"tsung_controller@ip-172-31-31-18"} 1 3.406813627254509 0.0 10.615079365079366 0.9036144578313252 5.673262288056631 37
stats: {load,"tsung_controller@ip-172-31-31-18"} 1 0.05859375 0.0 0.23828125 0.0 0.0816089527027027 37
stats: session 317 80246.83292113575 15034.772576699605 96175.709 35006.584 58473.95424962331 9955
stats: users_count 0 11341
stats: finish_users_count 317 10272
stats: request 671 1641.2222622950824 925.3995088721437 3743.569 0.48 1092.0986302882814 42736
stats: connect 288 3.0997326388888875 2.986681156036511 1479.212 0.554 4.7434694243835756 23401
stats: page 671 1641.2222622950824 925.3995088721437 10308.783 0.541 1478.9462091070416 31558
stats: 302 271 7483
stats: 200 118 8453
stats: size_rcv 697090 22824193
stats: newphase 0 10
stats: 502 0 24796
stats: size_sent 196048 19434729
stats: connected -27 518
stats: 500 282 2675
# stats: dump at 1575250978
stats: users 715 3343
stats: {freemem,"tsung_controller@ip-172-31-31-18"} 1 3399.65625 0.0 3518.2578125 3398.12109375 3439.8175370065787 38
stats: {recvpackets,"tsung_controller@ip-172-31-31-18"} 1 2698.0 0.0 9330 623 4876.459459459459 37
stats: {sentpackets,"tsung_controller@ip-172-31-31-18"} 1 3285.0 0.0 10507 671 5394.189189189189 37
stats: {cpu,"tsung_controller@ip-172-31-31-18"} 1 2.8084252758274824 0.0 10.615079365079366 0.9036144578313252 5.613618902246049 38
stats: {load,"tsung_controller@ip-172-31-31-18"} 1 0.05078125 0.0 0.23828125 0.0 0.08100328947368421 38
stats: session 354 83685.80440677966 3014.22825486185 96175.709 35006.584 59145.87817279985 10272
stats: users_count 0 11341
stats: finish_users_count 354 10626
stats: request 651 87.98706912442388 96.75407977658121 3743.569 0.48 1100.5871680143755 43407
stats: connect 295 3.2085559322033923 7.928756960482332 1479.212 0.554 4.72348562624003 23689
stats: page 651 87.98706912442388 96.75407977658121 10308.783 0.541 1482.3247573613833 32229
stats: 302 356 7839
stats: 200 71 8524
stats: size_rcv 567058 23391251
stats: newphase 0 10
stats: 502 0 24796
stats: size_sent 245067 19679796
stats: connected -61 457
stats: 500 224 2899
# stats: dump at 1575250988
stats: users 419 3343
stats: {freemem,"tsung_controller@ip-172-31-31-18"} 1 3399.421875 0.0 3518.2578125 3398.12109375 3438.7877604166665 39
stats: {recvpackets,"tsung_controller@ip-172-31-31-18"} 1 2741.0 0.0 9330 623 4819.131578947368 38
stats: {sentpackets,"tsung_controller@ip-172-31-31-18"} 1 3393.0 0.0 10507 671 5338.684210526316 38
stats: {cpu,"tsung_controller@ip-172-31-31-18"} 1 3.1124497991967868 0.0 10.615079365079366 0.9036144578313252 5.541690860543009 39
stats: {load,"tsung_controller@ip-172-31-31-18"} 1 0.0390625 0.0 0.23828125 0.0 0.08022836538461539 39
stats: session 296 82417.09396283777 3200.4675241818013 96175.709 35006.584 59963.41382938077 10626
stats: users_count 0 11341
stats: finish_users_count 296 10922
stats: request 603 117.42755721393027 111.90913864030598 3743.569 0.48 1085.6250121203868 44058
stats: connect 313 2.5639712460063873 2.86681284707106 1479.212 0.554 4.7048521931287555 23984
stats: page 603 117.42755721393027 111.90913864030598 10308.783 0.541 1454.7178888990275 32880
stats: 302 295 8134
stats: 200 70 8594
stats: size_rcv 559038 23950289
stats: newphase 0 10
stats: 502 0 24796
stats: size_sent 233153 19912949
stats: connected -112 345
stats: 500 238 3137
# stats: dump at 1575250998
stats: users 109 3343
stats: {freemem,"tsung_controller@ip-172-31-31-18"} 1 3400.16015625 0.0 3518.2578125 3398.12109375 3437.80361328125 40
stats: {recvpackets,"tsung_controller@ip-172-31-31-18"} 1 2866.0 0.0 9330 623 4765.846153846154 39
stats: {sentpackets,"tsung_controller@ip-172-31-31-18"} 1 3.4e3 0.0 10507 671 5288.794871794872 39
stats: {cpu,"tsung_controller@ip-172-31-31-18"} 1 3.4170854271356785 0.0 10.615079365079366 0.9036144578313252 5.4809598340093535 40
stats: {load,"tsung_controller@ip-172-31-31-18"} 1 0.0390625 0.0 0.23828125 0.0 0.07919921875000001 40
stats: session 310 82264.75060645159 2781.6053290230398 96175.709 35006.584 60571.93693133126 10922
stats: users_count 0 11341
stats: finish_users_count 310 11232
stats: request 419 20.628704057279244 17.573112322930367 3743.569 0.48 1072.5526880499765 44661
stats: connect 106 1.7485188679245276 1.9382467044676872 1479.212 0.554 4.67727283203688 24297
stats: page 419 20.628704057279244 17.573112322930367 10308.783 0.541 1430.6344414777654 33483
stats: 302 308 8442
stats: 200 51 8645
stats: size_rcv 192823 24143112
stats: newphase 0 10
stats: 502 0 24796
stats: size_sent 180855 20093804
stats: connected -234 111
stats: 500 60 3197
# stats: dump at 1575251008
stats: users 5 3343
stats: {freemem,"tsung_controller@ip-172-31-31-18"} 1 3401.546875 0.0 3518.2578125 3398.12109375 3436.885480182927 41
stats: {recvpackets,"tsung_controller@ip-172-31-31-18"} 1 1434.0 0.0 9330 623 4718.35 40
stats: {sentpackets,"tsung_controller@ip-172-31-31-18"} 1 1876.0 0.0 10507 671 5241.575 40
stats: {cpu,"tsung_controller@ip-172-31-31-18"} 1 1.507537688442211 0.0 10.615079365079366 0.9036144578313252 5.430621433841703 41
stats: {load,"tsung_controller@ip-172-31-31-18"} 1 0.03125 0.0 0.23828125 0.0 0.07822027439024391 41
stats: session 104 85312.88076923075 3600.2387142807765 96175.709 35006.584 61170.652408475784 11232
stats: users_count 0 11341
stats: finish_users_count 104 11336
stats: request 116 11.19608620689654 4.530586710443166 3743.569 0.48 1062.7754886424136 45080
stats: connect 5 1.0746000000000002 0.06015180795287864 1479.212 0.554 4.664551120763843 24403
stats: page 116 11.19608620689654 4.530586710443166 10308.783 0.541 1413.2079650463106 33902
stats: 302 111 8553
stats: 200 5 8650
stats: size_rcv 18366 24161478
stats: newphase 0 10
stats: 502 0 24796
stats: size_sent 69800 20163604
stats: connected -106 5
stats: 500 0 3197
# stats: dump at 1575251010
stats: users 0 3343
stats: {freemem,"tsung_controller@ip-172-31-31-18"} 1 3403.09765625 0.0 3518.2578125 3398.12109375 3436.0440848214284 42
stats: {recvpackets,"tsung_controller@ip-172-31-31-18"} 1 239.0 0.0 9330 239 4638.243902439024 41
stats: {sentpackets,"tsung_controller@ip-172-31-31-18"} 1 369.0 0.0 10507 369 5159.487804878048 41
stats: {cpu,"tsung_controller@ip-172-31-31-18"} 1 0.2008032128514056 0.0 10.615079365079366 0.2008032128514056 5.337214677998858 42
stats: {load,"tsung_controller@ip-172-31-31-18"} 1 0.01953125 0.0 0.23828125 0.0 0.07710193452380953 42
stats: session 5 89759.55919999999 85.26207993568754 96175.709 35006.584 61392.14074206069 11336
stats: users_count 0 11341
stats: finish_users_count 5 11341
stats: request 5 9.882200000000001 0.2323337254898651 3743.569 0.48 1060.0765061952386 45196
stats: connect 0 0 0 1479.212 0.554 4.663815716158639 24408
stats: page 5 9.882200000000001 0.2323337254898651 10308.783 0.541 1408.427161414546 34018
stats: 302 5 8558
stats: 200 0 8650
stats: size_rcv 655 24162133
stats: newphase 0 10
stats: 502 0 24796
stats: size_sent 5176 20168780
stats: connected -5 0
stats: 500 0 3197
EndMonitor:{1575,251010,589814}
