
=INFO REPORT==== 4-Dec-2019::22:48:38 ===
    ts_config_server:(5:<0.102.0>) Config server started, logdir is "/home/ec2-user/.tsung/log/20191204-2248"
 
=INFO REPORT==== 4-Dec-2019::22:48:38 ===
              ts_mon:(5:<0.83.0>) starting monitor, global 

=INFO REPORT==== 4-Dec-2019::22:48:38 ===
           ts_config:(5:<0.102.0>) Reading config file: simple.xml

=INFO REPORT==== 4-Dec-2019::22:48:38 ===
      ts_config_http:(4:<0.102.0>) Get user agent: 100 "Mozilla/5.0 (Windows; U; Windows NT 5.2; fr-FR; rv:1.7.8) Gecko/20050511 Firefox/1.0.4" 

=INFO REPORT==== 4-Dec-2019::22:48:38 ===
           ts_config:(5:<0.102.0>) Session name for id 1 is "recommendee"

=INFO REPORT==== 4-Dec-2019::22:48:38 ===
           ts_config:(5:<0.102.0>) Session name for id 2 is "recommender"

=INFO REPORT==== 4-Dec-2019::22:48:38 ===
    ts_config_server:(4:<0.102.0>) SYSINFO:Tsung version: 1.7.0

=INFO REPORT==== 4-Dec-2019::22:48:38 ===
    ts_config_server:(4:<0.102.0>) SYSINFO:Erlang version: Erlang/OTP 20 [erts-9.1] [source] [64-bit] [smp:1:1] [ds:1:1:10] [async-threads:8] [hipe] [kernel-poll:true]


=INFO REPORT==== 4-Dec-2019::22:48:38 ===
    ts_config_server:(4:<0.102.0>) SYSINFO:System architecture x86_64-unknown-linux-gnu

=INFO REPORT==== 4-Dec-2019::22:48:38 ===
    ts_config_server:(4:<0.102.0>) SYSINFO:Current path: /usr/local/lib/tsung/tsung-1.7.0/ebin/tsung.beam

=INFO REPORT==== 4-Dec-2019::22:48:38 ===
              ts_mon:(5:<0.103.0>) Activate clients with text backend

=INFO REPORT==== 4-Dec-2019::22:48:38 ===
              ts_mon:(5:<0.103.0>) Starting tsung clients on hosts: [localhost]

=INFO REPORT==== 4-Dec-2019::22:48:38 ===
    ts_config_server:(5:<0.102.0>) Start a launcher on the controller beam localhost

=INFO REPORT==== 4-Dec-2019::22:48:38 ===
  ts_launcher_static:(5:<0.154.0>) Launch msg receive ("localhost")

=INFO REPORT==== 4-Dec-2019::22:48:38 ===
         ts_launcher:(5:<0.155.0>) Launch msg receive ("localhost")

=INFO REPORT==== 4-Dec-2019::22:48:38 ===
    ts_config_server:(5:<0.102.0>) New arrival phase 1 for client "localhost" (last ? true): will start 20 users

=INFO REPORT==== 4-Dec-2019::22:48:38 ===
    ts_config_server:(5:<0.102.0>) New arrival phase 2 for client "localhost" (last ? true): will start 40 users

=INFO REPORT==== 4-Dec-2019::22:48:38 ===
    ts_config_server:(5:<0.102.0>) New arrival phase 3 for client "localhost" (last ? true): will start 60 users

=INFO REPORT==== 4-Dec-2019::22:48:38 ===
    ts_config_server:(5:<0.102.0>) New arrival phase 4 for client "localhost" (last ? true): will start 80 users

=INFO REPORT==== 4-Dec-2019::22:48:38 ===
    ts_config_server:(5:<0.102.0>) New arrival phase 5 for client "localhost" (last ? true): will start 100 users

=INFO REPORT==== 4-Dec-2019::22:48:38 ===
    ts_config_server:(5:<0.102.0>) New arrival phase 6 for client "localhost" (last ? true): will start 120 users

=INFO REPORT==== 4-Dec-2019::22:48:38 ===
    ts_config_server:(5:<0.102.0>) New arrival phase 7 for client "localhost" (last ? true): will start 140 users

=INFO REPORT==== 4-Dec-2019::22:48:38 ===
    ts_config_server:(5:<0.102.0>) New arrival phase 8 for client "localhost" (last ? true): will start 200 users

=INFO REPORT==== 4-Dec-2019::22:48:38 ===
    ts_config_server:(5:<0.102.0>) New arrival phase 9 for client "localhost" (last ? true): will start 300 users

=INFO REPORT==== 4-Dec-2019::22:48:38 ===
    ts_config_server:(5:<0.102.0>) New arrival phase 10 for client "localhost" (last ? true): will start 360 users

=INFO REPORT==== 4-Dec-2019::22:48:38 ===
    ts_config_server:(5:<0.102.0>) New arrival phase 11 for client "localhost" (last ? true): will start 480 users

=INFO REPORT==== 4-Dec-2019::22:48:38 ===
    ts_config_server:(5:<0.102.0>) New arrival phase 12 for client "localhost" (last ? true): will start 560 users

=INFO REPORT==== 4-Dec-2019::22:48:38 ===
    ts_config_server:(5:<0.102.0>) New arrival phase 13 for client "localhost" (last ? true): will start 700 users

=INFO REPORT==== 4-Dec-2019::22:48:38 ===
    ts_config_server:(5:<0.102.0>) New arrival phase 14 for client "localhost" (last ? true): will start 800 users

=INFO REPORT==== 4-Dec-2019::22:48:38 ===
    ts_config_server:(5:<0.102.0>) New arrival phase 15 for client "localhost" (last ? true): will start 900 users

=INFO REPORT==== 4-Dec-2019::22:48:38 ===
    ts_config_server:(5:<0.102.0>) New arrival phase 16 for client "localhost" (last ? true): will start 1000 users

=INFO REPORT==== 4-Dec-2019::22:48:38 ===
    ts_config_server:(5:<0.102.0>) New arrival phase 17 for client "localhost" (last ? true): will start 1100 users

=INFO REPORT==== 4-Dec-2019::22:48:38 ===
    ts_config_server:(5:<0.102.0>) New arrival phase 18 for client "localhost" (last ? true): will start 1200 users

=INFO REPORT==== 4-Dec-2019::22:48:38 ===
    ts_config_server:(5:<0.102.0>) New arrival phase 19 for client "localhost" (last ? true): will start 1300 users

=INFO REPORT==== 4-Dec-2019::22:48:38 ===
    ts_config_server:(5:<0.102.0>) New arrival phase 20 for client "localhost" (last ? true): will start 1400 users

=INFO REPORT==== 4-Dec-2019::22:48:38 ===
    ts_config_server:(5:<0.102.0>) New arrival phase 21 for client "localhost" (last ? true): will start 1500 users

=INFO REPORT==== 4-Dec-2019::22:48:38 ===
    ts_config_server:(5:<0.102.0>) New arrival phase 22 for client "localhost" (last ? true): will start 1600 users

=INFO REPORT==== 4-Dec-2019::22:48:38 ===
  ts_launcher_static:(5:<0.154.0>) Activate launcher (2 static users) in 1000 msec, first user after 5000 ms 

=INFO REPORT==== 4-Dec-2019::22:48:38 ===
         ts_launcher:(5:<0.155.0>) Expected duration of first phase: 20.0 sec (20 users) 

=INFO REPORT==== 4-Dec-2019::22:48:38 ===
         ts_launcher:(5:<0.155.0>) Activate launcher (20 users) in 1563 msec 

=INFO REPORT==== 4-Dec-2019::22:48:59 ===
         ts_launcher:(5:<0.155.0>) Phase duration exceeded, but not all users were launched (5 users, 25.0% of phase)

=INFO REPORT==== 4-Dec-2019::22:48:59 ===
         ts_launcher:(5:<0.155.0>) Start a new arrival phase (40 users, 0.002); expected duration=20.0 sec

=INFO REPORT==== 4-Dec-2019::22:49:19 ===
         ts_launcher:(5:<0.155.0>) Phase duration exceeded, but not all users were launched (4 users, 10.0% of phase)

=INFO REPORT==== 4-Dec-2019::22:49:19 ===
         ts_launcher:(5:<0.155.0>) Start a new arrival phase (60 users, 0.003); expected duration=20.0 sec

=INFO REPORT==== 4-Dec-2019::22:49:38 ===
         ts_launcher:(4:<0.155.0>) Need to wait 1.415 sec before changing phase, going to sleep

=INFO REPORT==== 4-Dec-2019::22:49:39 ===
         ts_launcher:(5:<0.155.0>) Waking up

=INFO REPORT==== 4-Dec-2019::22:49:39 ===
         ts_launcher:(5:<0.155.0>) Start a new arrival phase (80 users, 0.004); expected duration=20.0 sec

=INFO REPORT==== 4-Dec-2019::22:50:00 ===
         ts_launcher:(5:<0.155.0>) Start a new arrival phase (100 users, 0.005); expected duration=20.0 sec

=INFO REPORT==== 4-Dec-2019::22:50:20 ===
         ts_launcher:(5:<0.155.0>) Phase duration exceeded, but not all users were launched (5 users, 5.0% of phase)

=INFO REPORT==== 4-Dec-2019::22:50:20 ===
         ts_launcher:(5:<0.155.0>) Start a new arrival phase (120 users, 0.006); expected duration=20.0 sec

=INFO REPORT==== 4-Dec-2019::22:50:40 ===
         ts_launcher:(5:<0.155.0>) Start a new arrival phase (140 users, 0.007); expected duration=20.0 sec

=INFO REPORT==== 4-Dec-2019::22:51:00 ===
         ts_launcher:(5:<0.155.0>) Start a new arrival phase (200 users, 0.01); expected duration=20.0 sec

=INFO REPORT==== 4-Dec-2019::22:51:20 ===
         ts_launcher:(4:<0.155.0>) Need to wait 0.667 sec before changing phase, going to sleep

=INFO REPORT==== 4-Dec-2019::22:51:20 ===
         ts_launcher:(5:<0.155.0>) Waking up

=INFO REPORT==== 4-Dec-2019::22:51:20 ===
         ts_launcher:(5:<0.155.0>) Start a new arrival phase (300 users, 0.015); expected duration=20.0 sec

=INFO REPORT==== 4-Dec-2019::22:51:39 ===
         ts_launcher:(4:<0.155.0>) Need to wait 0.799 sec before changing phase, going to sleep

=INFO REPORT==== 4-Dec-2019::22:51:40 ===
         ts_launcher:(5:<0.155.0>) Waking up

=INFO REPORT==== 4-Dec-2019::22:51:40 ===
         ts_launcher:(5:<0.155.0>) Start a new arrival phase (360 users, 0.018); expected duration=20.0 sec

=INFO REPORT==== 4-Dec-2019::22:51:58 ===
         ts_launcher:(4:<0.155.0>) Need to wait 2.213 sec before changing phase, going to sleep

=INFO REPORT==== 4-Dec-2019::22:52:00 ===
         ts_launcher:(5:<0.155.0>) Waking up

=INFO REPORT==== 4-Dec-2019::22:52:00 ===
         ts_launcher:(5:<0.155.0>) Start a new arrival phase (480 users, 0.024); expected duration=20.0 sec

=INFO REPORT==== 4-Dec-2019::22:52:20 ===
         ts_launcher:(4:<0.155.0>) Need to wait 0.638 sec before changing phase, going to sleep

=INFO REPORT==== 4-Dec-2019::22:52:20 ===
         ts_launcher:(5:<0.155.0>) Waking up

=INFO REPORT==== 4-Dec-2019::22:52:20 ===
         ts_launcher:(5:<0.155.0>) Start a new arrival phase (560 users, 0.028); expected duration=20.0 sec

=INFO REPORT==== 4-Dec-2019::22:52:39 ===
         ts_launcher:(4:<0.155.0>) Need to wait 1.104 sec before changing phase, going to sleep

=INFO REPORT==== 4-Dec-2019::22:52:40 ===
         ts_launcher:(5:<0.155.0>) Waking up

=INFO REPORT==== 4-Dec-2019::22:52:40 ===
         ts_launcher:(5:<0.155.0>) Start a new arrival phase (700 users, 0.035); expected duration=20.0 sec

=INFO REPORT==== 4-Dec-2019::22:53:00 ===
         ts_launcher:(4:<0.155.0>) Need to wait 0.211 sec before changing phase, going to sleep

=INFO REPORT==== 4-Dec-2019::22:53:00 ===
         ts_launcher:(5:<0.155.0>) Waking up

=INFO REPORT==== 4-Dec-2019::22:53:00 ===
         ts_launcher:(5:<0.155.0>) Start a new arrival phase (800 users, 0.04); expected duration=20.0 sec

=INFO REPORT==== 4-Dec-2019::22:53:19 ===
         ts_launcher:(4:<0.155.0>) Need to wait 1.099 sec before changing phase, going to sleep

=INFO REPORT==== 4-Dec-2019::22:53:20 ===
         ts_launcher:(5:<0.155.0>) Waking up

=INFO REPORT==== 4-Dec-2019::22:53:20 ===
         ts_launcher:(5:<0.155.0>) Start a new arrival phase (900 users, 0.045); expected duration=20.0 sec

=INFO REPORT==== 4-Dec-2019::22:53:40 ===
         ts_launcher:(4:<0.155.0>) Need to wait 0.182 sec before changing phase, going to sleep

=INFO REPORT==== 4-Dec-2019::22:53:40 ===
         ts_launcher:(5:<0.155.0>) Waking up

=INFO REPORT==== 4-Dec-2019::22:53:40 ===
         ts_launcher:(5:<0.155.0>) Start a new arrival phase (1000 users, 0.05); expected duration=20.0 sec

=INFO REPORT==== 4-Dec-2019::22:53:59 ===
           ts_client:(5:<0.4559.0>) connection close while sending message!

=INFO REPORT==== 4-Dec-2019::22:53:59 ===
           ts_client:(5:<0.4559.0>) Server must have closed connection upon us, waiting 10 msec

=INFO REPORT==== 4-Dec-2019::22:54:00 ===
         ts_launcher:(5:<0.155.0>) Phase duration exceeded, but not all users were launched (22 users, 2.2% of phase)

=INFO REPORT==== 4-Dec-2019::22:54:00 ===
         ts_launcher:(5:<0.155.0>) Start a new arrival phase (1100 users, 0.055); expected duration=20.0 sec

=INFO REPORT==== 4-Dec-2019::22:54:20 ===
         ts_launcher:(4:<0.155.0>) Need to wait 0.731 sec before changing phase, going to sleep

=INFO REPORT==== 4-Dec-2019::22:54:20 ===
         ts_launcher:(5:<0.155.0>) Waking up

=INFO REPORT==== 4-Dec-2019::22:54:20 ===
         ts_launcher:(5:<0.155.0>) Start a new arrival phase (1200 users, 0.06); expected duration=20.0 sec

=INFO REPORT==== 4-Dec-2019::22:54:40 ===
         ts_launcher:(5:<0.155.0>) Phase duration exceeded, but not all users were launched (17 users, 1.4% of phase)

=INFO REPORT==== 4-Dec-2019::22:54:40 ===
         ts_launcher:(5:<0.155.0>) Start a new arrival phase (1300 users, 0.065); expected duration=20.0 sec

=INFO REPORT==== 4-Dec-2019::22:55:00 ===
         ts_launcher:(5:<0.155.0>) Phase duration exceeded, but not all users were launched (45 users, 3.5% of phase)

=INFO REPORT==== 4-Dec-2019::22:55:00 ===
         ts_launcher:(5:<0.155.0>) Start a new arrival phase (1400 users, 0.07); expected duration=20.0 sec

=INFO REPORT==== 4-Dec-2019::22:55:20 ===
         ts_launcher:(5:<0.155.0>) Phase duration exceeded, but not all users were launched (18 users, 1.3% of phase)

=INFO REPORT==== 4-Dec-2019::22:55:20 ===
         ts_launcher:(5:<0.155.0>) Start a new arrival phase (1500 users, 0.075); expected duration=20.0 sec

=INFO REPORT==== 4-Dec-2019::22:55:40 ===
         ts_launcher:(5:<0.155.0>) Phase duration exceeded, but not all users were launched (49 users, 3.3% of phase)

=INFO REPORT==== 4-Dec-2019::22:55:40 ===
         ts_launcher:(5:<0.155.0>) Start a new arrival phase (1600 users, 0.08); expected duration=20.0 sec

=INFO REPORT==== 4-Dec-2019::22:56:00 ===
         ts_launcher:(5:<0.155.0>) Phase duration exceeded, but not all users were launched (18 users, 1.1% of phase)

=INFO REPORT==== 4-Dec-2019::22:56:00 ===
         ts_launcher:(5:<0.155.0>) This was the last phase, wait for connected users to finish their session

=INFO REPORT==== 4-Dec-2019::22:56:00 ===
     ts_launcher_mgr:(5:<0.149.0>) Still 4409 active client(s)

=INFO REPORT==== 4-Dec-2019::22:57:25 ===
     ts_launcher_mgr:(5:<0.149.0>) No more active users 'tsung_controller@ip-172-31-17-202' "3070"
