# stats: dump at 1575499728
stats: users 10 10
stats: {load,"tsung_controller@ip-172-31-17-202"} 1 0.0 0 0.0 0.0 0 0
stats: {cpu,"tsung_controller@ip-172-31-17-202"} 1 2.5801736357193477 0 2.5801736357193477 2.5801736357193477 0 0
stats: {freemem,"tsung_controller@ip-172-31-17-202"} 1 3525.02734375 0 3525.02734375 3525.02734375 0 0
stats: users_count 10 10
stats: finish_users_count 0 0
stats: request 22 42.938181818181825 29.613736394444885 107.065 14.196 0 0
stats: connect 10 2.9677999999999995 5.434122427770651 19.261 0.941 0 0
stats: page 10 94.54469999999999 65.41365865176782 215.413 19.347 0 0
stats: 302 10 10
stats: 200 12 12
stats: size_rcv 13718 13718
stats: size_sent 13514 13514
stats: connected 10 10
# stats: dump at 1575499738
stats: users 16 16
stats: {load,"tsung_controller@ip-172-31-17-202"} 1 0.0 0.0 0.0 0.0 0.0 1
stats: {recvpackets,"tsung_controller@ip-172-31-17-202"} 1 92 0 92 92 0 0
stats: {sentpackets,"tsung_controller@ip-172-31-17-202"} 1 88 0 88 88 0 0
stats: {cpu,"tsung_controller@ip-172-31-17-202"} 1 0.5994005994005994 0.0 2.5801736357193477 0.5994005994005994 2.5801736357193477 1
stats: {freemem,"tsung_controller@ip-172-31-17-202"} 1 3525.140625 0.0 3525.140625 3525.02734375 3525.02734375 1
stats: users_count 6 16
stats: finish_users_count 0 0
stats: request 12 33.93625 23.38841492108504 107.065 14.196 42.938181818181825 22
stats: connect 6 13.165666666666668 26.853125806050134 73.211 0.941 2.9677999999999995 10
stats: page 6 67.928 23.551300034888374 215.413 17.601 94.54469999999999 10
stats: 302 6 16
stats: 200 6 18
stats: size_rcv 6990 20708
stats: size_sent 6957 20471
stats: connected 6 16
# stats: dump at 1575499748
stats: users 33 33
stats: {load,"tsung_controller@ip-172-31-17-202"} 1 0.0 0.0 0.0 0.0 0.0 2
stats: {recvpackets,"tsung_controller@ip-172-31-17-202"} 1 39.0 0.0 92 39 92.0 1
stats: {sentpackets,"tsung_controller@ip-172-31-17-202"} 1 41.0 0.0 88 41 88.0 1
stats: {cpu,"tsung_controller@ip-172-31-17-202"} 1 0.0 0.0 2.5801736357193477 0.0 1.5897871175599736 2
stats: {freemem,"tsung_controller@ip-172-31-17-202"} 1 3525.1796875 0.0 3525.1796875 3525.02734375 3525.083984375 2
stats: users_count 17 33
stats: finish_users_count 0 0
stats: request 33 33.96184848484848 56.63153748528058 310.835 12.687 39.7610294117647 34
stats: connect 17 1.2292941176470586 0.32737400175368464 73.211 0.941 6.792000000000001 16
stats: page 17 65.98882352941176 72.87415450280209 310.835 16.37 84.56343749999999 16
stats: 302 17 33
stats: 200 16 34
stats: size_rcv 18771 39479
stats: newphase 1 1
stats: size_sent 18764 39235
stats: connected 17 33
# stats: dump at 1575499758
stats: users 47 47
stats: {load,"tsung_controller@ip-172-31-17-202"} 1 0.0 0.0 0.0 0.0 0.0 3
stats: {recvpackets,"tsung_controller@ip-172-31-17-202"} 1 130.0 0.0 130 39 65.5 2
stats: {sentpackets,"tsung_controller@ip-172-31-17-202"} 1 136.0 0.0 136 41 64.5 2
stats: {cpu,"tsung_controller@ip-172-31-17-202"} 1 0.30060120240480964 0.0 2.5801736357193477 0.0 1.0598580783733158 3
stats: {freemem,"tsung_controller@ip-172-31-17-202"} 1 3524.88671875 0.0 3525.1796875 3524.88671875 3525.1158854166665 3
stats: session 2 35128.4015 26.9945000000007 35155.396 35101.407 0 0
stats: users_count 16 49
stats: finish_users_count 2 2
stats: request 47 17.912340425531916 5.645222040284196 310.835 6.821 36.90471641791045 67
stats: connect 15 1.1054666666666668 0.13004146347308698 73.211 0.941 3.9263636363636363 33
stats: page 21 40.1565238095238 16.172133253337943 310.835 15.0 74.99469696969696 33
stats: 302 15 48
stats: 200 32 66
stats: size_rcv 36303 75782
stats: newphase 0 1
stats: size_sent 34234 73469
stats: connected 13 46
# stats: dump at 1575499768
stats: users 77 77
stats: {load,"tsung_controller@ip-172-31-17-202"} 1 0.0 0.0 0.0 0.0 0.0 4
stats: {recvpackets,"tsung_controller@ip-172-31-17-202"} 1 220.0 0.0 220 39 87.0 3
stats: {sentpackets,"tsung_controller@ip-172-31-17-202"} 1 219.0 0.0 219 41 88.33333333333333 3
stats: {cpu,"tsung_controller@ip-172-31-17-202"} 1 0.3003003003003003 0.0 2.5801736357193477 0.0 0.8700438593811892 4
stats: {freemem,"tsung_controller@ip-172-31-17-202"} 1 3522.44921875 0.0 3525.1796875 3522.44921875 3525.05859375 4
stats: session 5 35143.14519999999 49.088246509322296 35222.181 35099.532 35128.4015 2
stats: users_count 35 84
stats: finish_users_count 5 7
stats: request 91 17.796131868131866 9.619785186663773 310.835 6.167 29.074526315789473 114
stats: connect 34 1.4872352941176468 1.461314095536325 73.211 0.829 3.044833333333333 48
stats: page 41 39.569878048780474 20.025014336580384 310.835 15.0 61.44651851851851 54
stats: 302 34 82
stats: 200 57 123
stats: size_rcv 64999 140781
stats: newphase 1 2
stats: size_sent 62450 135919
stats: connected 30 76
# stats: dump at 1575499778
stats: users 101 101
stats: {load,"tsung_controller@ip-172-31-17-202"} 1 0.0 0.0 0.0 0.0 0.0 5
stats: {recvpackets,"tsung_controller@ip-172-31-17-202"} 1 357.0 0.0 357 39 120.25 4
stats: {sentpackets,"tsung_controller@ip-172-31-17-202"} 1 365.0 0.0 365 41 121.0 4
stats: {cpu,"tsung_controller@ip-172-31-17-202"} 1 0.6006006006006006 0.0 2.5801736357193477 0.0 0.7560951475650114 5
stats: {freemem,"tsung_controller@ip-172-31-17-202"} 1 3521.30078125 0.0 3525.1796875 3521.30078125 3524.53671875 5
stats: session 3 35111.52766666667 21.187479263834867 35222.181 35094.699 35138.932714285715 7
stats: users_count 27 111
stats: finish_users_count 3 10
stats: request 78 19.1730641025641 12.013713719830545 310.835 6.167 24.068019512195118 205
stats: connect 27 1.1283333333333334 0.1783830667931194 73.211 0.829 2.3989999999999996 82
stats: page 39 37.792794871794875 26.608676341084486 310.835 15.0 52.00502105263157 95
stats: 302 27 109
stats: 200 51 174
stats: size_rcv 58979 199760
stats: newphase 0 2
stats: size_sent 56147 192066
stats: connected 23 99
# stats: dump at 1575499788
stats: users 123 123
stats: {load,"tsung_controller@ip-172-31-17-202"} 1 0.0 0.0 0.0 0.0 0.0 6
stats: {recvpackets,"tsung_controller@ip-172-31-17-202"} 1 360.0 0.0 360 39 167.6 5
stats: {sentpackets,"tsung_controller@ip-172-31-17-202"} 1 334.0 0.0 365 41 169.8 5
stats: {cpu,"tsung_controller@ip-172-31-17-202"} 1 1.001001001001001 0.0 2.5801736357193477 0.0 0.7301793897376095 6
stats: {freemem,"tsung_controller@ip-172-31-17-202"} 1 3519.7734375 0.0 3525.1796875 3519.7734375 3523.9973958333335 6
stats: session 9 35153.44533333333 105.47617048941012 35411.102 35092.169 35130.711200000005 10
stats: users_count 31 142
stats: finish_users_count 9 19
stats: request 103 16.20738834951456 5.666235556625337 310.835 6.167 22.718879858657242 283
stats: connect 30 1.4032000000000002 1.9886181533919471 73.211 0.776 2.084247706422018 109
stats: page 45 37.687866666666665 17.805954591527957 310.835 11.884 47.86862686567164 134
stats: 302 30 139
stats: 200 73 247
stats: size_rcv 82357 282117
stats: newphase 1 3
stats: size_sent 78001 270067
stats: connected 20 119
# stats: dump at 1575499798
stats: users 154 154
stats: {load,"tsung_controller@ip-172-31-17-202"} 1 0.078125 0.0 0.078125 0.0 0.0 7
stats: {recvpackets,"tsung_controller@ip-172-31-17-202"} 1 810.0 0.0 810 39 199.66666666666666 6
stats: {sentpackets,"tsung_controller@ip-172-31-17-202"} 1 713.0 0.0 713 41 197.16666666666666 6
stats: {cpu,"tsung_controller@ip-172-31-17-202"} 1 3.996003996003996 0.0 3.996003996003996 0.0 0.7688681913466654 7
stats: {freemem,"tsung_controller@ip-172-31-17-202"} 1 3517.31640625 0.0 3525.1796875 3517.31640625 3523.393973214286 7
stats: session 9 35092.95011111111 5.90131360978188 35411.102 35086.426 35141.48 19
stats: users_count 40 182
stats: finish_users_count 9 28
stats: request 145 16.669158620689654 7.086397033730685 310.835 5.947 20.981357512953366 386
stats: connect 48 0.9736875000000002 0.1626568673939612 73.211 0.712 1.9372589928057553 139
stats: page 72 33.61577777777777 16.763532816986192 310.835 11.884 45.309217877094966 179
stats: 302 42 181
stats: 200 103 350
stats: size_rcv 122366 404483
stats: newphase 0 3
stats: size_sent 110001 380068
stats: connected 32 151
# stats: dump at 1575499808
stats: users 184 185
stats: {load,"tsung_controller@ip-172-31-17-202"} 1 0.0703125 0.0 0.078125 0.0 0.009765625 8
stats: {recvpackets,"tsung_controller@ip-172-31-17-202"} 1 590.0 0.0 810 39 286.85714285714283 7
stats: {sentpackets,"tsung_controller@ip-172-31-17-202"} 1 607.0 0.0 713 41 270.85714285714283 7
stats: {cpu,"tsung_controller@ip-172-31-17-202"} 1 0.6024096385542169 0.0 3.996003996003996 0.0 1.1722601669288317 8
stats: {freemem,"tsung_controller@ip-172-31-17-202"} 1 3514.23046875 0.0 3525.1796875 3514.23046875 3522.63427734375 8
stats: session 24 46378.996208333345 19528.846132698513 80290.386 35086.426 35125.88110714286 28
stats: users_count 54 236
stats: finish_users_count 24 52
stats: request 235 16.315127659574443 11.80801837486501 310.835 5.947 19.803826741996232 531
stats: connect 58 1.1198448275862067 0.3874602449784536 73.211 0.704 1.6899251336898398 187
stats: page 94 40.86448936170213 23.442933399134795 310.835 11.884 41.95492430278884 251
stats: 302 61 242
stats: 200 174 524
stats: size_rcv 200602 605085
stats: newphase 1 4
stats: size_sent 190955 571023
stats: connected 29 180
# stats: dump at 1575499818
stats: users 214 214
stats: {load,"tsung_controller@ip-172-31-17-202"} 1 0.05859375 0.0 0.078125 0.0 0.016493055555555556 9
stats: {recvpackets,"tsung_controller@ip-172-31-17-202"} 1 780.0 0.0 810 39 324.75 8
stats: {sentpackets,"tsung_controller@ip-172-31-17-202"} 1 764.0 0.0 764 41 312.875 8
stats: {cpu,"tsung_controller@ip-172-31-17-202"} 1 1.0 0.0 3.996003996003996 0.0 1.1089434415538746 9
stats: {freemem,"tsung_controller@ip-172-31-17-202"} 1 3513.69921875 0.0 3525.1796875 3513.69921875 3521.7005208333335 9
stats: session 11 47382.476454545445 20062.16262313037 80290.386 35086.426 40319.62653846154 52
stats: users_count 41 277
stats: finish_users_count 11 63
stats: request 151 15.840225165562915 5.254006093332085 310.835 5.947 18.733533942558736 766
stats: connect 46 1.1900869565217393 0.4834760380774678 73.211 0.704 1.5549673469387755 245
stats: page 73 32.821931506849296 14.80447564622578 310.835 11.884 41.65782028985506 345
stats: 302 41 283
stats: 200 110 634
stats: size_rcv 133344 738429
stats: newphase 0 4
stats: size_sent 120783 691806
stats: connected 28 208
# stats: dump at 1575499828
stats: users 239 241
stats: {load,"tsung_controller@ip-172-31-17-202"} 1 0.05078125 0.0 0.078125 0.0 0.020703125 10
stats: {recvpackets,"tsung_controller@ip-172-31-17-202"} 1 617.0 0.0 810 39 375.3333333333333 9
stats: {sentpackets,"tsung_controller@ip-172-31-17-202"} 1 617.0 0.0 764 41 363.0 9
stats: {cpu,"tsung_controller@ip-172-31-17-202"} 1 0.7021063189568706 0.0 3.996003996003996 0.0 1.098049097398487 10
stats: {freemem,"tsung_controller@ip-172-31-17-202"} 1 3511.66796875 0.0 3525.1796875 3511.66796875 3520.900390625 10
stats: session 30 47111.97803333333 19911.526315381358 80290.386 35086.426 41552.822555555555 63
stats: users_count 55 332
stats: finish_users_count 30 93
stats: request 260 22.988938461538456 47.26713768485762 428.337 5.947 18.257100327153754 917
stats: connect 68 25.511441176470576 82.18262421911739 408.176 0.69 1.4972886597938144 291
stats: page 113 52.76529203539821 68.20673937722164 428.337 11.884 40.114710526315775 418
stats: 302 65 348
stats: 200 195 829
stats: size_rcv 233543 971972
stats: newphase 1 5
stats: size_sent 217903 909709
stats: connected 23 231
# stats: dump at 1575499838
stats: users 278 278
stats: {load,"tsung_controller@ip-172-31-17-202"} 1 0.0390625 0.0 0.078125 0.0 0.0234375 11
stats: {recvpackets,"tsung_controller@ip-172-31-17-202"} 1 960.0 0.0 960 39 399.5 10
stats: {sentpackets,"tsung_controller@ip-172-31-17-202"} 1 957.0 0.0 957 41 388.4 10
stats: {cpu,"tsung_controller@ip-172-31-17-202"} 1 0.8056394763343404 0.0 3.996003996003996 0.0 1.0620542993583402 11
stats: {freemem,"tsung_controller@ip-172-31-17-202"} 1 3507.5625 0.0 3525.1796875 3507.5625 3520.0610795454545 11
stats: session 26 54157.88942307693 22253.7200176692 80390.561 35085.982 43346.09851612903 93
stats: users_count 65 397
stats: finish_users_count 26 119
stats: request 293 15.750617747440272 5.614765920189783 428.337 5.947 19.302366185216645 1177
stats: connect 81 0.9563950617283951 0.17637443888404822 408.176 0.69 6.045930362116989 359
stats: page 129 36.00612403100774 16.161599356253642 428.337 11.884 42.80683050847456 531
stats: 302 74 422
stats: 200 220 1049
stats: size_rcv 268397 1240369
stats: newphase 0 5
stats: size_sent 239373 1149082
stats: connected 35 266
# stats: dump at 1575499848
stats: users 311 311
stats: {load,"tsung_controller@ip-172-31-17-202"} 1 0.03125 0.0 0.078125 0.0 0.024739583333333332 12
stats: {recvpackets,"tsung_controller@ip-172-31-17-202"} 1 1076.0 0.0 1076 39 450.45454545454544 11
stats: {sentpackets,"tsung_controller@ip-172-31-17-202"} 1 1065.0 0.0 1065 41 440.09090909090907 11
stats: {cpu,"tsung_controller@ip-172-31-17-202"} 1 1.0070493454179255 0.0 3.996003996003996 0.0 1.0406863974396734 12
stats: {freemem,"tsung_controller@ip-172-31-17-202"} 1 3505.421875 0.0 3525.1796875 3505.421875 3519.01953125 12
stats: session 38 57607.15997368421 22512.332358752486 80390.561 35085.601 45708.33854621849 119
stats: users_count 71 468
stats: finish_users_count 38 157
stats: request 338 15.224215976331358 6.704933103821915 428.337 5.947 18.59443265306122 1470
stats: connect 87 1.1425057471264368 1.3079585820146682 408.176 0.69 5.108993181818179 440
stats: page 142 36.30521830985915 16.3015236193276 428.337 11.884 41.4776015151515 660
stats: 302 90 512
stats: 200 247 1296
stats: size_rcv 300815 1541184
stats: newphase 1 6
stats: size_sent 280421 1429503
stats: connected 39 305
# stats: dump at 1575499858
stats: users 340 349
stats: {load,"tsung_controller@ip-172-31-17-202"} 1 0.03125 0.0 0.078125 0.0 0.025240384615384616 13
stats: {recvpackets,"tsung_controller@ip-172-31-17-202"} 1 1259.0 0.0 1259 39 502.5833333333333 12
stats: {sentpackets,"tsung_controller@ip-172-31-17-202"} 1 1233.0 0.0 1233 41 492.1666666666667 12
stats: {cpu,"tsung_controller@ip-172-31-17-202"} 1 1.5060240963855422 0.0 3.996003996003996 0.0 1.038098931899539 13
stats: {freemem,"tsung_controller@ip-172-31-17-202"} 1 3503.703125 0.0 3525.1796875 3503.703125 3517.9735576923076 13
stats: session 37 52170.749756756755 21813.29377209614 80390.561 35085.197 48588.30806369427 157
stats: users_count 66 534
stats: finish_users_count 37 194
stats: request 341 22.448478005865084 44.939705975827195 428.337 5.947 17.96438108407079 1808
stats: connect 82 25.86554878048781 85.19814514128763 408.176 0.69 4.454184060721061 527
stats: page 145 52.85750344827585 67.93580466761395 428.337 11.884 40.561793017456345 802
stats: 302 83 595
stats: 200 258 1554
stats: size_rcv 310711 1851895
stats: newphase 0 6
stats: size_sent 287712 1717215
stats: connected 25 330
# stats: dump at 1575499868
stats: users 390 390
stats: {load,"tsung_controller@ip-172-31-17-202"} 1 0.01953125 0.0 0.078125 0.0 0.025669642857142856 14
stats: {recvpackets,"tsung_controller@ip-172-31-17-202"} 1 1216.0 0.0 1259 39 560.7692307692307 13
stats: {sentpackets,"tsung_controller@ip-172-31-17-202"} 1 1188.0 0.0 1233 41 549.1538461538462 13
stats: {cpu,"tsung_controller@ip-172-31-17-202"} 1 1.3052208835341366 0.0 3.996003996003996 0.0 1.0715221579342535 14
stats: {freemem,"tsung_controller@ip-172-31-17-202"} 1 3503.4140625 0.0 3525.1796875 3503.4140625 3516.9542410714284 14
stats: session 39 51285.94907692308 21635.89723965568 80508.304 35083.465 49271.557252577324 194
stats: users_count 89 623
stats: finish_users_count 39 233
stats: request 370 15.695567567567554 5.343586928426524 428.337 5.947 18.675910656119118 2149
stats: connect 108 1.0036481481481478 0.14698181512708342 408.176 0.69 7.337159277504105 609
stats: page 169 34.42187573964498 16.9229708235119 428.337 11.344 42.444451953537474 947
stats: 302 99 694
stats: 200 271 1825
stats: size_rcv 333470 2185365
stats: newphase 1 7
stats: size_sent 304457 2021672
stats: connected 37 367
# stats: dump at 1575499878
stats: users 446 446
stats: {load,"tsung_controller@ip-172-31-17-202"} 1 0.01953125 0.0 0.078125 0.0 0.025260416666666667 15
stats: {recvpackets,"tsung_controller@ip-172-31-17-202"} 1 1555.0 0.0 1555 39 607.5714285714286 14
stats: {sentpackets,"tsung_controller@ip-172-31-17-202"} 1 1537.0 0.0 1537 41 594.7857142857143 14
stats: {cpu,"tsung_controller@ip-172-31-17-202"} 1 1.9095477386934674 0.0 3.996003996003996 0.0 1.0871020729742458 15
stats: {freemem,"tsung_controller@ip-172-31-17-202"} 1 3502.625 0.0 3525.1796875 3502.625 3516.0515625 15
stats: session 48 57608.70791666667 22509.78119316225 80508.304 35083.465 49608.73013304722 233
stats: users_count 104 727
stats: finish_users_count 48 281
stats: request 479 15.528025052192072 5.073208016811044 428.337 5.947 18.238146883683992 2519
stats: connect 142 1.0922887323943666 0.7895278280602223 408.176 0.69 6.3831576011157605 717
stats: page 220 33.86519090909088 15.58638990739587 428.337 11.344 41.22956362007167 1116
stats: 302 129 823
stats: 200 350 2175
stats: size_rcv 437241 2622606
stats: newphase 0 7
stats: size_sent 394398 2416070
stats: connected 67 434
# stats: dump at 1575499888
stats: users 527 527
stats: {load,"tsung_controller@ip-172-31-17-202"} 1 0.01953125 0.0 0.078125 0.0 0.02490234375 16
stats: {recvpackets,"tsung_controller@ip-172-31-17-202"} 1 1849.0 0.0 1849 39 670.7333333333333 15
stats: {sentpackets,"tsung_controller@ip-172-31-17-202"} 1 1838.0 0.0 1838 41 657.6 15
stats: {cpu,"tsung_controller@ip-172-31-17-202"} 1 1.417004048582996 0.0 3.996003996003996 0.0 1.1385049270816971 16
stats: {freemem,"tsung_controller@ip-172-31-17-202"} 1 3501.828125 0.0 3525.1796875 3501.828125 3515.21240234375 16
stats: session 64 59716.55915625 22412.3314268968 80508.304 35083.465 50975.274380782925 281
stats: users_count 145 872
stats: finish_users_count 64 345
stats: request 594 14.86711616161616 5.5164358368175845 428.337 5.947 17.805142094729813 2998
stats: connect 168 0.9758869047619043 0.22828366923202933 408.176 0.69 5.508532013969733 859
stats: page 259 34.15858687258685 16.43831571269552 428.337 11.344 40.01686751497004 1336
stats: 302 182 1005
stats: 200 413 2588
stats: size_rcv 503494 3126100
stats: newphase 1 8
stats: size_sent 480114 2896184
stats: connected 78 512
# stats: dump at 1575499898
stats: users 626 628
stats: {load,"tsung_controller@ip-172-31-17-202"} 1 0.01171875 0.0 0.078125 0.0 0.02458639705882353 17
stats: {recvpackets,"tsung_controller@ip-172-31-17-202"} 1 2138.0 0.0 2138 39 744.375 16
stats: {sentpackets,"tsung_controller@ip-172-31-17-202"} 1 2118.0 0.0 2118 41 731.375 16
stats: {cpu,"tsung_controller@ip-172-31-17-202"} 1 2.3255813953488373 0.0 3.996003996003996 0.0 1.1548872283464795 17
stats: {freemem,"tsung_controller@ip-172-31-17-202"} 1 3500.85546875 0.0 3525.1796875 3500.85546875 3514.425091911765 17
stats: session 55 53108.27187272729 22050.88020767325 80508.304 35083.465 52596.846049275366 345
stats: users_count 154 1026
stats: finish_users_count 55 400
stats: request 581 15.945913941480224 5.747610362938684 428.337 5.947 17.319288140311798 3592
stats: connect 186 1.0303655913978504 0.6397676625477834 408.176 0.69 4.767067185978578 1027
stats: page 283 32.72040282685513 16.77585769532225 428.337 11.344 39.06558557993728 1595
stats: 302 176 1181
stats: 200 404 2992
stats: size_rcv 501012 3627112
stats: newphase 0 8
stats: size_sent 458956 3355140
stats: connected 97 609
# stats: dump at 1575499908
stats: users 704 705
stats: {load,"tsung_controller@ip-172-31-17-202"} 1 0.01171875 0.0 0.078125 0.0 0.023871527777777776 18
stats: {recvpackets,"tsung_controller@ip-172-31-17-202"} 1 2169.0 0.0 2169 39 826.3529411764706 17
stats: {sentpackets,"tsung_controller@ip-172-31-17-202"} 1 2194.0 0.0 2194 41 812.9411764705883 17
stats: {cpu,"tsung_controller@ip-172-31-17-202"} 1 2.414486921529175 0.0 3.996003996003996 0.0 1.2199257931799439 18
stats: {freemem,"tsung_controller@ip-172-31-17-202"} 1 3492.25 0.0 3525.1796875 3492.25 3513.6712239583335 18
stats: session 80 53108.622825000006 22062.608868669195 80508.304 35083.003 52667.167100000006 400
stats: users_count 158 1184
stats: finish_users_count 80 480
stats: request 743 15.506616419919263 5.414512720915194 428.337 5.947 17.1280754852624 4173
stats: connect 197 0.9585126903553296 0.6427426213113009 408.176 0.687 4.194085737840067 1213
stats: page 326 35.45904601226994 15.685156716716103 428.337 11.179 38.109415867944605 1878
stats: 302 189 1370
stats: 200 554 3546
stats: size_rcv 676195 4303307
stats: newphase 1 9
stats: size_sent 617198 3972338
stats: connected 74 683
# stats: dump at 1575499918
stats: users 824 827
stats: {load,"tsung_controller@ip-172-31-17-202"} 1 0.01171875 0.0 0.078125 0.0 0.023231907894736843 19
stats: {recvpackets,"tsung_controller@ip-172-31-17-202"} 1 2844.0 0.0 2844 39 900.9444444444445 18
stats: {sentpackets,"tsung_controller@ip-172-31-17-202"} 1 2830.0 0.0 2830 41 889.6666666666666 18
stats: {cpu,"tsung_controller@ip-172-31-17-202"} 1 2.3421588594704685 0.0 3.996003996003996 0.0 1.2827974315141137 19
stats: {freemem,"tsung_controller@ip-172-31-17-202"} 1 3490.09765625 0.0 3525.1796875 3490.09765625 3512.5437911184213 19
stats: session 93 54463.98308602151 22289.690998468915 80508.304 35083.003 52740.743054166676 480
stats: users_count 213 1397
stats: finish_users_count 93 573
stats: request 914 16.33335995623634 6.3278448660132955 428.337 5.947 16.88300956061839 4916
stats: connect 256 0.9962265624999995 0.47774492597455565 408.176 0.637 3.7420234042553204 1410
stats: page 424 35.2669221698114 16.811062739466035 428.337 11.179 37.71739201451904 2204
stats: 302 255 1625
stats: 200 659 4205
stats: size_rcv 805533 5108840
stats: newphase 0 9
stats: size_sent 743002 4715340
stats: connected 117 800
# stats: dump at 1575499928
stats: users 888 889
stats: {load,"tsung_controller@ip-172-31-17-202"} 1 0.01171875 0.0 0.078125 0.0 0.02265625 20
stats: {recvpackets,"tsung_controller@ip-172-31-17-202"} 1 3533.0 0.0 3533 39 1003.2105263157895 19
stats: {sentpackets,"tsung_controller@ip-172-31-17-202"} 1 3419.0 0.0 3419 41 991.7894736842105 19
stats: {cpu,"tsung_controller@ip-172-31-17-202"} 1 4.954499494438827 0.0 4.954499494438827 0.0 1.3357655029119315 20
stats: {freemem,"tsung_controller@ip-172-31-17-202"} 1 3480.6796875 0.0 3525.1796875 3480.6796875 3511.421484375 20
stats: session 126 49756.15749206347 21090.74793969833 80508.304 35083.003 53020.4312268761 573
stats: users_count 190 1587
stats: finish_users_count 126 699
stats: request 1018 17.56748035363458 8.261836323615903 428.337 5.947 16.796838078902233 5830
stats: connect 231 1.0454632034632023 0.6279600637935565 408.176 0.637 3.320100240096039 1666
stats: page 441 40.50890476190481 19.69221710194216 428.337 11.179 37.32203462709285 2628
stats: 302 231 1856
stats: 200 787 4992
stats: size_rcv 946562 6055402
stats: newphase 1 10
stats: size_sent 875357 5590697
stats: connected 69 869
# stats: dump at 1575499938
stats: users 1027 1027
stats: {load,"tsung_controller@ip-172-31-17-202"} 1 0.0 0.0 0.078125 0.0 0.022135416666666668 21
stats: {recvpackets,"tsung_controller@ip-172-31-17-202"} 1 3774.0 0.0 3774 39 1129.7 20
stats: {sentpackets,"tsung_controller@ip-172-31-17-202"} 1 3727.0 0.0 3727 41 1113.15 20
stats: {cpu,"tsung_controller@ip-172-31-17-202"} 1 3.353658536585366 0.0 4.954499494438827 0.0 1.508086169175117 21
stats: {freemem,"tsung_controller@ip-172-31-17-202"} 1 3471.3515625 0.0 3525.1796875 3471.3515625 3509.957589285714 21
stats: session 116 51024.07560344828 21531.922149674105 80508.304 35083.003 52432.02136909872 699
stats: users_count 255 1842
stats: finish_users_count 116 815
stats: request 1099 16.52528935395812 6.469592430059854 428.337 5.947 16.911399094626173 6848
stats: connect 298 0.8664429530201347 0.36083461013760704 408.176 0.637 3.0431149182920403 1897
stats: page 485 37.52577731958763 18.062359949013672 428.337 11.179 37.779971977842955 3069
stats: 302 296 2152
stats: 200 803 5795
stats: size_rcv 968219 7023621
stats: newphase 0 10
stats: size_sent 895020 6485717
stats: connected 128 997
# stats: dump at 1575499948
stats: users 1136 1137
stats: {load,"tsung_controller@ip-172-31-17-202"} 1 0.0 0.0 0.078125 0.0 0.021129261363636364 22
stats: {recvpackets,"tsung_controller@ip-172-31-17-202"} 1 3985.0 0.0 3985 39 1255.6190476190477 21
stats: {sentpackets,"tsung_controller@ip-172-31-17-202"} 1 3977.0 0.0 3977 41 1237.6190476190477 21
stats: {cpu,"tsung_controller@ip-172-31-17-202"} 1 4.527162977867203 0.0 4.954499494438827 0.0 1.591975822239219 22
stats: {freemem,"tsung_controller@ip-172-31-17-202"} 1 3469.09375 0.0 3525.1796875 3469.09375 3508.2027698863635 22
stats: session 135 49109.50838518517 20841.807713240938 80508.304 35082.1 52231.62663435584 815
stats: users_count 244 2086
stats: finish_users_count 135 950
stats: request 1168 16.76581078767126 6.690704538145976 428.337 5.947 16.85800352334214 7947
stats: connect 288 0.8221041666666666 0.13529893439826327 408.176 0.637 2.7476031890660595 2195
stats: page 520 37.65498653846151 17.523320671811213 428.337 11.179 37.74528306133934 3554
stats: 302 273 2425
stats: 200 895 6690
stats: size_rcv 1081576 8105197
stats: newphase 1 11
stats: size_sent 986444 7472161
stats: connected 113 1110
# stats: dump at 1575499958
stats: users 1300 1300
stats: {load,"tsung_controller@ip-172-31-17-202"} 1 0.0 0.0 0.078125 0.0 0.020210597826086956 23
stats: {recvpackets,"tsung_controller@ip-172-31-17-202"} 1 4558.0 0.0 4558 39 1379.6818181818182 22
stats: {sentpackets,"tsung_controller@ip-172-31-17-202"} 1 4513.0 0.0 4513 41 1362.1363636363637 22
stats: {cpu,"tsung_controller@ip-172-31-17-202"} 1 4.550050556117291 0.0 4.954499494438827 0.0 1.71959265509261 23
stats: {freemem,"tsung_controller@ip-172-31-17-202"} 1 3460.15234375 0.0 3525.1796875 3460.15234375 3506.5023777173915 23
stats: session 138 54360.68605797102 22271.632135302716 80508.304 35082.1 51787.95719894738 950
stats: users_count 302 2388
stats: finish_users_count 138 1088
stats: request 1300 19.61045076923076 25.23933789046602 428.337 5.947 16.846189906747124 9115
stats: connect 362 5.891801104972379 31.016688984523352 408.176 0.637 2.524267015706806 2483
stats: page 592 43.23441216216215 39.33831371201773 428.337 10.336 37.73375773195877 4074
stats: 302 350 2775
stats: 200 950 7640
stats: size_rcv 1164132 9269329
stats: newphase 0 11
stats: size_sent 1069055 8541216
stats: connected 135 1245
# stats: dump at 1575499968
stats: users 1405 1411
stats: {load,"tsung_controller@ip-172-31-17-202"} 1 0.078125 0.0 0.078125 0.0 0.019368489583333332 24
stats: {recvpackets,"tsung_controller@ip-172-31-17-202"} 1 5112.0 0.0 5112 39 1517.8695652173913 23
stats: {sentpackets,"tsung_controller@ip-172-31-17-202"} 1 5087.0 0.0 5087 41 1499.1304347826087 23
stats: {cpu,"tsung_controller@ip-172-31-17-202"} 1 5.273833671399594 0.0 5.273833671399594 0.0 1.8375284009686383 24
stats: {freemem,"tsung_controller@ip-172-31-17-202"} 1 3448.91796875 0.0 3525.1796875 3448.91796875 3504.5711263020835 24
stats: session 207 50333.73768115945 21297.456806716964 80508.304 35082.1 52114.27758731618 1088
stats: users_count 312 2700
stats: finish_users_count 207 1295
stats: request 1625 17.982136615384626 7.709303618861938 428.337 5.947 17.191224867978878 10415
stats: connect 382 1.2227434554973824 1.375629920305754 408.176 0.618 2.952754657293497 2845
stats: page 705 41.511286524822744 19.547456427670138 428.337 10.336 38.43165473639092 4666
stats: 302 381 3156
stats: 200 1244 8884
stats: size_rcv 1501831 10771160
stats: newphase 1 12
stats: size_sent 1384746 9925962
stats: connected 64 1309
# stats: dump at 1575499978
stats: users 1592 1594
stats: {load,"tsung_controller@ip-172-31-17-202"} 1 0.140625 0.0 0.140625 0.0 0.02171875 25
stats: {recvpackets,"tsung_controller@ip-172-31-17-202"} 1 6168.0 0.0 6168 39 1667.625 24
stats: {sentpackets,"tsung_controller@ip-172-31-17-202"} 1 5940.0 0.0 5940 41 1648.625 24
stats: {cpu,"tsung_controller@ip-172-31-17-202"} 1 7.339449541284404 0.0 7.339449541284404 0.0 1.9749806117858766 25
stats: {freemem,"tsung_controller@ip-172-31-17-202"} 1 3446.6640625 0.0 3525.1796875 3446.6640625 3502.345 25
stats: session 174 52960.82180459768 22023.27573770812 80508.304 35082.1 51829.6661891892 1295
stats: users_count 361 3061
stats: finish_users_count 174 1469
stats: request 1641 17.43246130408287 6.733647030139297 428.337 5.947 17.297971677740865 12040
stats: connect 452 0.8624756637168146 0.206394173167461 408.176 0.603 2.7479625038735667 3227
stats: page 738 38.86048509485099 18.831827321767744 428.337 10.336 38.83588866132937 5371
stats: 302 436 3592
stats: 200 1205 10089
stats: size_rcv 1474538 12245698
stats: newphase 0 12
stats: size_sent 1354491 11280453
stats: connected 22 1331
# stats: dump at 1575499988
stats: users 1772 1772
stats: {load,"tsung_controller@ip-172-31-17-202"} 1 0.12109375 0.0 0.140625 0.0 0.026292067307692308 26
stats: {recvpackets,"tsung_controller@ip-172-31-17-202"} 1 6380.0 0.0 6380 39 1847.64 25
stats: {sentpackets,"tsung_controller@ip-172-31-17-202"} 1 6185.0 0.0 6185 41 1820.28 25
stats: {cpu,"tsung_controller@ip-172-31-17-202"} 1 6.458123107971746 0.0 7.339449541284404 0.0 2.181306339843512 26
stats: {freemem,"tsung_controller@ip-172-31-17-202"} 1 3444.69921875 0.0 3525.1796875 3444.69921875 3500.203425480769 26
stats: session 223 52492.07202690579 21900.783197142337 80508.304 35082.1 51963.64922328116 1469
stats: users_count 403 3464
stats: finish_users_count 223 1692
stats: request 1967 20.17127961362481 9.847005471439335 428.337 5.947 17.314103355017906 13681
stats: connect 509 1.25093909626719 1.5670782463178041 408.176 0.603 2.51631258494156 3679
stats: page 882 45.02054081632649 24.422211477792537 428.337 10.336 38.83886004256017 6109
stats: 302 488 4080
stats: 200 1479 11568
stats: size_rcv 1807346 14053044
stats: newphase 1 13
stats: size_sent 1655464 12935917
stats: connected 115 1446
# stats: dump at 1575499998
stats: users 1963 1963
stats: {load,"tsung_controller@ip-172-31-17-202"} 1 0.1796875 0.0 0.1796875 0.0 0.02980324074074074 27
stats: {recvpackets,"tsung_controller@ip-172-31-17-202"} 1 7516.0 0.0 7516 39 2021.9615384615386 26
stats: {sentpackets,"tsung_controller@ip-172-31-17-202"} 1 7349.0 0.0 7349 41 1988.1538461538462 26
stats: {cpu,"tsung_controller@ip-172-31-17-202"} 1 6.741573033707865 0.0 7.339449541284404 0.0 2.3397069608852985 27
stats: {freemem,"tsung_controller@ip-172-31-17-202"} 1 3427.57421875 0.0 3525.1796875 3427.57421875 3498.1477141203704 27
stats: session 239 55270.599702928805 22384.187467222735 80508.304 35082.1 52033.29359988181 1692
stats: users_count 430 3894
stats: finish_users_count 239 1931
stats: request 2063 19.181007270964553 8.09821345733895 428.337 5.947 17.673258882924333 15648
stats: connect 532 0.883840225563909 0.5126053594601966 408.176 0.576 2.362521967526265 4188
stats: page 912 43.33796600877187 20.91801635447495 428.337 10.336 39.618754541553436 6991
stats: 302 540 4620
stats: 200 1524 13092
stats: size_rcv 1859896 15912940
stats: newphase 0 13
stats: size_sent 1727571 14663488
stats: connected 51 1497
# stats: dump at 1575500008
stats: users 2099 2105
stats: {load,"tsung_controller@ip-172-31-17-202"} 1 0.1484375 0.0 0.1796875 0.0 0.03515625 28
stats: {recvpackets,"tsung_controller@ip-172-31-17-202"} 1 7865.0 0.0 7865 39 2225.4444444444443 27
stats: {sentpackets,"tsung_controller@ip-172-31-17-202"} 1 7624.0 0.0 7624 41 2186.703703703704 27
stats: {cpu,"tsung_controller@ip-172-31-17-202"} 1 7.926829268292683 0.0 7.926829268292683 0.0 2.4969164634861043 28
stats: {freemem,"tsung_controller@ip-172-31-17-202"} 1 3412.4921875 0.0 3525.1796875 3412.4921875 3495.6272321428573 28
stats: session 251 52431.08246215137 21889.43338350876 81071.306 35082.1 52433.97519419989 1931
stats: users_count 387 4281
stats: finish_users_count 251 2182
stats: request 2090 47.74498421052634 104.26783592990452 925.399 5.947 17.848883349330915 17711
stats: connect 553 20.15695660036166 82.41992610393572 533.445 0.576 2.195856991525423 4720
stats: page 957 104.50247021943561 183.6377028884787 1148.986 10.336 40.04794862710363 7903
stats: 302 485 5105
stats: 200 1604 14696
stats: size_rcv 1978568 17891508
stats: newphase 1 14
stats: size_sent 1785329 16448817
stats: connected 125 1622
# stats: dump at 1575500018
stats: users 2214 2216
stats: {load,"tsung_controller@ip-172-31-17-202"} 1 0.12890625 0.0 0.1796875 0.0 0.0390625 29
stats: {recvpackets,"tsung_controller@ip-172-31-17-202"} 1 8413.0 0.0 8413 39 2426.8571428571427 28
stats: {sentpackets,"tsung_controller@ip-172-31-17-202"} 1 8.0e3 0.0 8000 41 2380.8928571428573 28
stats: {cpu,"tsung_controller@ip-172-31-17-202"} 1 8.036622583926754 0.0 8.036622583926754 0.0 2.684154836065641 29
stats: {freemem,"tsung_controller@ip-172-31-17-202"} 1 3410.078125 0.0 3525.1796875 3410.078125 3492.760506465517 29
stats: session 335 52892.06494328355 22001.131834257365 81071.306 35082.1 52433.64243721356 2182
stats: users_count 450 4731
stats: finish_users_count 335 2517
stats: request 2552 29.71752860501565 52.73522255092193 925.399 5.947 21.004423513963935 19801
stats: connect 584 20.440958904109593 78.6561313821444 563.983 0.576 4.0795073013464815 5273
stats: page 1111 68.32632853285318 92.68927846527458 1148.986 10.336 47.009909932279896 8860
stats: 302 577 5682
stats: 200 1975 16671
stats: size_rcv 2416649 20308157
stats: newphase 0 14
stats: size_sent 2216411 18665228
stats: connected 87 1709
# stats: dump at 1575500028
stats: users 2374 2377
stats: {load,"tsung_controller@ip-172-31-17-202"} 1 0.109375 0.0 0.1796875 0.0 0.04205729166666667 30
stats: {recvpackets,"tsung_controller@ip-172-31-17-202"} 1 9904.0 0.0 9904 39 2633.2758620689656 29
stats: {sentpackets,"tsung_controller@ip-172-31-17-202"} 1 9433.0 0.0 9433 41 2574.655172413793 29
stats: {cpu,"tsung_controller@ip-172-31-17-202"} 1 9.552845528455284 0.0 9.552845528455284 0.0 2.8625704276610118 30
stats: {freemem,"tsung_controller@ip-172-31-17-202"} 1 3408.15625 0.0 3525.1796875 3408.15625 3490.004427083333 30
stats: session 352 52672.464704545426 21952.439667578452 81071.306 35082.1 52494.65615971393 2517
stats: users_count 512 5243
stats: finish_users_count 352 2869
stats: request 2823 24.284833156216795 12.987499247002951 925.399 5.947 21.999182346888556 22353
stats: connect 662 0.917519637462235 0.8117306631844997 563.983 0.576 5.710903534232543 5857
stats: page 1224 56.03878104575166 29.743619289010127 1148.986 10.336 49.38505195065688 9971
stats: 302 649 6331
stats: 200 2174 18845
stats: size_rcv 2651174 22959331
stats: newphase 1 15
stats: size_sent 2434518 21099746
stats: connected 110 1819
# stats: dump at 1575500038
stats: users 2525 2530
stats: {load,"tsung_controller@ip-172-31-17-202"} 1 0.08984375 0.0 0.1796875 0.0 0.04422883064516129 31
stats: {recvpackets,"tsung_controller@ip-172-31-17-202"} 1 10552.0 0.0 10552 39 2875.633333333333 30
stats: {sentpackets,"tsung_controller@ip-172-31-17-202"} 1 10053.0 0.0 10053 41 2803.266666666667 30
stats: {cpu,"tsung_controller@ip-172-31-17-202"} 1 10.499490316004078 0.0 10.499490316004078 0.0 3.0783857534930847 31
stats: {freemem,"tsung_controller@ip-172-31-17-202"} 1 3406.98828125 0.0 3525.1796875 3406.98828125 3487.3641633064517 31
stats: session 329 55541.247030395156 22394.121640643538 81071.306 35082.1 52516.471638201445 2869
stats: users_count 480 5723
stats: finish_users_count 329 3198
stats: request 2621 23.907683708508202 14.254369877181375 925.399 5.947 22.255473744836348 25176
stats: connect 694 0.9443487031700292 0.5322284665948805 563.983 0.563 5.224138671575395 6519
stats: page 1169 53.67803592814365 29.80186425421974 1148.986 10.336 50.11253425636443 11195
stats: 302 632 6963
stats: 200 1989 20834
stats: size_rcv 2460311 25419642
stats: newphase 0 15
stats: size_sent 2249286 23349032
stats: connected 99 1918
# stats: dump at 1575500048
stats: users 2652 2663
stats: {load,"tsung_controller@ip-172-31-17-202"} 1 0.078125 0.0 0.1796875 0.0 0.045654296875 32
stats: {recvpackets,"tsung_controller@ip-172-31-17-202"} 1 10997.0 0.0 10997 39 3123.2580645161293 31
stats: {sentpackets,"tsung_controller@ip-172-31-17-202"} 1 10323.0 0.0 10323 41 3037.1290322580644 31
stats: {cpu,"tsung_controller@ip-172-31-17-202"} 1 11.823647294589177 0.0 11.823647294589177 0.0 3.3102952710715536 32
stats: {freemem,"tsung_controller@ip-172-31-17-202"} 1 3389.47265625 0.0 3525.1796875 3389.47265625 3484.8524169921875 32
stats: session 387 53711.54654005162 22137.304506272518 81071.306 35082.1 52827.65084521574 3198
stats: users_count 514 6237
stats: finish_users_count 387 3585
stats: request 2987 40.14371476397733 54.87752569405467 925.399 5.947 22.411261862790944 27797
stats: connect 829 0.9148106151990346 0.5727610579581794 563.983 0.563 4.812357964785804 7213
stats: page 1284 92.24396495327103 107.89407944776751 1148.986 10.336 50.44964776771269 12364
stats: 302 663 7626
stats: 200 2324 23158
stats: size_rcv 2854536 28274178
stats: newphase 1 16
stats: size_sent 2627123 25976155
stats: connected 106 2024
stats: error_connection_closed 1 1
# stats: dump at 1575500058
stats: users 2809 2812
stats: {load,"tsung_controller@ip-172-31-17-202"} 1 0.1484375 0.0 0.1796875 0.0 0.046638257575757576 33
stats: {recvpackets,"tsung_controller@ip-172-31-17-202"} 1 12546.0 0.0 12546 39 3369.3125 32
stats: {sentpackets,"tsung_controller@ip-172-31-17-202"} 1 11491.0 0.0 11491 41 3264.8125 32
stats: {cpu,"tsung_controller@ip-172-31-17-202"} 1 12.474645030425965 0.0 12.474645030425965 0.0 3.5682756354205725 33
stats: {freemem,"tsung_controller@ip-172-31-17-202"} 1 3371.42578125 0.0 3525.1796875 3371.42578125 3481.962121212121 33
stats: session 419 54778.776245823356 22281.610940985804 81071.306 35082.1 52923.06720055786 3585
stats: users_count 576 6813
stats: finish_users_count 419 4004
stats: request 3299 36.26978508638974 28.128902344740037 925.399 5.947 24.131858173076928 30784
stats: connect 926 0.8159524838012955 0.20717020138678927 563.983 0.563 4.41058393434469 8042
stats: page 1457 83.00743719972556 55.15710013531655 1148.986 10.336 54.38164536928486 13648
stats: 302 760 8386
stats: 200 2539 25697
stats: size_rcv 3135075 31409253
stats: newphase 0 16
stats: size_sent 2850208 28826363
stats: connected 185 2209
stats: error_connection_closed 0 1
# stats: dump at 1575500068
stats: users 2950 2953
stats: {load,"tsung_controller@ip-172-31-17-202"} 1 0.12109375 0.0 0.1796875 0.0 0.04963235294117647 34
stats: {recvpackets,"tsung_controller@ip-172-31-17-202"} 1 14049.0 0.0 14049 39 3647.3939393939395 33
stats: {sentpackets,"tsung_controller@ip-172-31-17-202"} 1 1.26e4 0.0 12600 41 3514.090909090909 33
stats: {cpu,"tsung_controller@ip-172-31-17-202"} 1 12.474437627811861 0.0 12.474645030425965 0.0 3.8302276764501433 34
stats: {freemem,"tsung_controller@ip-172-31-17-202"} 1 3368.234375 0.0 3525.1796875 3368.234375 3478.711052389706 34
stats: session 435 56835.66135632183 22474.03588878145 81071.306 35082.1 53117.25853171825 4004
stats: users_count 576 7389
stats: finish_users_count 435 4439
stats: request 3386 36.35311606615483 25.308182165531804 925.399 5.947 25.30672602177038 34083
stats: connect 901 0.8593362930077693 0.5540023070018706 563.983 0.563 4.039416592328278 8968
stats: page 1474 83.47693147896875 49.167090829735706 1148.986 10.336 57.14283561734524 15105
stats: 302 783 9169
stats: 200 2603 28300
stats: size_rcv 3222954 34632207
stats: newphase 1 17
stats: size_sent 2950390 31776753
stats: connected 159 2368
stats: error_connection_closed 0 1
# stats: dump at 1575500078
stats: users 3071 3071
stats: {load,"tsung_controller@ip-172-31-17-202"} 1 0.1015625 0.0 0.1796875 0.0 0.05167410714285714 35
stats: {recvpackets,"tsung_controller@ip-172-31-17-202"} 1 14129.0 0.0 14129 39 3953.323529411765 34
stats: {sentpackets,"tsung_controller@ip-172-31-17-202"} 1 12630.0 0.0 12630 41 3781.323529411765 34
stats: {cpu,"tsung_controller@ip-172-31-17-202"} 1 12.061855670103093 0.0 12.474645030425965 0.0 4.077205103631907 35
stats: {freemem,"tsung_controller@ip-172-31-17-202"} 1 3365.54296875 0.0 3525.1796875 3365.54296875 3475.554575892857 35
stats: session 471 55591.80723991511 22383.24678312952 81071.306 35082.1 53481.643579860305 4439
stats: users_count 592 7981
stats: finish_users_count 471 4910
stats: request 3489 43.37390169102898 35.292368603324554 925.399 5.947 26.30496661239959 37469
stats: connect 784 1.0803660714285708 1.6227414751982043 563.983 0.563 3.7490880535008615 9869
stats: page 1478 102.83720568335593 67.98544476823866 1148.986 10.336 59.48413830749743 16579
stats: 302 794 9963
stats: 200 2695 30995
stats: size_rcv 3315051 37947258
stats: newphase 0 17
stats: size_sent 3057348 34834101
stats: connected 22 2390
stats: error_connection_closed 0 1
# stats: dump at 1575500088
stats: users 3203 3214
stats: {load,"tsung_controller@ip-172-31-17-202"} 1 0.08984375 0.0 0.1796875 0.0 0.053059895833333336 36
stats: {recvpackets,"tsung_controller@ip-172-31-17-202"} 1 14337.0 0.0 14337 39 4244.057142857143 35
stats: {sentpackets,"tsung_controller@ip-172-31-17-202"} 1 12445.0 0.0 12630 41 4034.1428571428573 35
stats: {cpu,"tsung_controller@ip-172-31-17-202"} 1 12.538540596094553 0.0 12.538540596094553 0.0 4.299000952700551 36
stats: {freemem,"tsung_controller@ip-172-31-17-202"} 1 3362.3828125 0.0 3525.1796875 3362.3828125 3472.4986979166665 36
stats: session 445 54789.52448764042 22293.323403222737 81495.048 35082.1 53684.06457454173 4910
stats: users_count 577 8558
stats: finish_users_count 445 5355
stats: request 3506 92.45233456930957 101.35132165971092 1067.553 5.947 27.758980834025106 40958
stats: connect 909 23.05505280528056 95.19396562154705 620.315 0.563 3.552685346850652 10653
stats: page 1565 206.5760115015972 188.04697434801076 1512.54 10.336 63.03266982333721 18057
stats: 302 794 10757
stats: 200 2712 33707
stats: size_rcv 3359566 41306824
stats: newphase 1 18
stats: size_sent 3056268 37890369
stats: connected 113 2503
stats: error_connection_closed 0 1
# stats: dump at 1575500098
stats: users 3350 3362
stats: {load,"tsung_controller@ip-172-31-17-202"} 1 0.0703125 0.0 0.1796875 0.0 0.05405405405405406 37
stats: {recvpackets,"tsung_controller@ip-172-31-17-202"} 1 15698.0 0.0 15698 39 4524.416666666667 36
stats: {sentpackets,"tsung_controller@ip-172-31-17-202"} 1 13289.0 0.0 13289 41 4267.777777777777 36
stats: {cpu,"tsung_controller@ip-172-31-17-202"} 1 14.747474747474747 0.0 14.747474747474747 0.0 4.521691213332821 37
stats: {freemem,"tsung_controller@ip-172-31-17-202"} 1 3345.76953125 0.0 3525.1796875 3345.76953125 3469.5225929054054 37
stats: session 489 56406.64005112474 22356.73814965108 82018.316 35082.1 53775.92819010268 5355
stats: users_count 636 9194
stats: finish_users_count 489 5844
stats: request 3700 182.17584567567542 181.52072375729747 1067.553 5.947 32.860071563512044 44464
stats: connect 951 0.8373880126182961 0.29988759166992135 620.315 0.563 5.085953987199449 11562
stats: page 1647 408.30468731026014 420.64503315084045 2162.927 10.336 74.48131571705227 19622
stats: 302 856 11613
stats: 200 2844 36551
stats: size_rcv 3554754 44861578
stats: newphase 0 18
stats: size_sent 3250320 41140689
stats: connected 93 2596
stats: error_connection_closed 0 1
# stats: dump at 1575500108
stats: users 3695 3698
stats: {load,"tsung_controller@ip-172-31-17-202"} 1 0.05859375 0.0 0.1796875 0.0 0.05448190789473684 38
stats: {recvpackets,"tsung_controller@ip-172-31-17-202"} 1 16797.0 0.0 16797 39 4826.405405405405 37
stats: {sentpackets,"tsung_controller@ip-172-31-17-202"} 1 13899.0 0.0 13899 41 4511.594594594595 37
stats: {cpu,"tsung_controller@ip-172-31-17-202"} 1 14.939024390243901 0.0 14.939024390243901 0.0 4.7907907800207665 38
stats: {freemem,"tsung_controller@ip-172-31-17-202"} 1 3328.44921875 0.0 3525.1796875 3328.44921875 3466.265933388158 38
stats: session 374 58190.48860962567 22369.344462902092 84191.739 35082.1 53996.05449058861 5844
stats: users_count 719 9913
stats: finish_users_count 374 6218
stats: request 3404 560.2614007050539 360.84624548109724 1327.361 5.947 44.33063804916533 48164
stats: connect 1050 1.089737142857141 1.8488511499619573 620.315 0.563 4.7630588987453075 12513
stats: page 1452 1098.154235537189 999.5163244716847 3798.489 10.336 100.33147759650186 21269
stats: 302 888 12501
stats: 200 2516 39067
stats: size_rcv 3140167 48001745
stats: newphase 1 19
stats: size_sent 3181425 44322114
stats: connected -83 2513
stats: error_connection_closed 0 1
# stats: dump at 1575500118
stats: users 3879 3880
stats: {load,"tsung_controller@ip-172-31-17-202"} 1 0.12890625 0.0 0.1796875 0.0 0.054587339743589744 39
stats: {recvpackets,"tsung_controller@ip-172-31-17-202"} 1 17374.0 0.0 17374 39 5141.421052631578 38
stats: {sentpackets,"tsung_controller@ip-172-31-17-202"} 1 14254.0 0.0 14254 41 4758.631578947369 38
stats: {cpu,"tsung_controller@ip-172-31-17-202"} 1 17.831813576494426 0.0 17.831813576494426 0.0 5.0510018982316165 39
stats: {freemem,"tsung_controller@ip-172-31-17-202"} 1 3255.7578125 0.0 3525.1796875 3255.7578125 3462.732171474359 39
stats: session 477 61165.02851362687 22157.275545633893 85310.412 35082.1 54248.34113589576 6218
stats: users_count 661 10574
stats: finish_users_count 477 6695
stats: request 3789 979.5162583795201 310.5670187636974 1775.194 0.385 78.38719087418559 51568
stats: connect 1081 0.9760101757631827 0.5680277700408026 620.315 0.552 4.478683182186834 13563
stats: page 1703 2135.5835596006996 1376.9728198845314 4713.789 0.448 164.09797750979254 22721
stats: 302 830 13331
stats: 200 2689 41756
stats: size_rcv 3390358 51392103
stats: newphase 0 19
stats: 502 267 267
stats: size_sent 3267837 47589951
stats: connected 45 2558
stats: error_connection_closed 0 1
stats: 500 3 3
# stats: dump at 1575500128
stats: users 3969 3984
stats: {load,"tsung_controller@ip-172-31-17-202"} 1 0.109375 0.0 0.1796875 0.0 0.0564453125 40
stats: {recvpackets,"tsung_controller@ip-172-31-17-202"} 1 17072.0 0.0 17374 39 5455.076923076922 39
stats: {sentpackets,"tsung_controller@ip-172-31-17-202"} 1 14341.0 0.0 14341 41 5002.102564102564 39
stats: {cpu,"tsung_controller@ip-172-31-17-202"} 1 15.163934426229508 0.0 17.831813576494426 0.0 5.370522190188187 40
stats: {freemem,"tsung_controller@ip-172-31-17-202"} 1 3232.66015625 0.0 3525.1796875 3232.66015625 3457.5578125 40
stats: session 579 59523.17314335061 22183.00085186542 85688.284 35059.517 54741.135740702 6695
stats: users_count 669 11243
stats: finish_users_count 579 7274
stats: request 4304 878.852654507435 396.46042630619064 1775.194 0.385 140.06643716241857 55357
stats: connect 1098 1.0532823315118385 2.164164810799651 620.315 0.536 4.220120663753075 14644
stats: page 1884 2008.0587770700622 1447.7151212046526 4713.789 0.448 301.5627640435632 24424
stats: 302 846 14177
stats: 200 2789 44545
stats: size_rcv 3419741 54811844
stats: newphase 1 20
stats: 502 664 931
stats: size_sent 3746611 51336562
stats: connected 55 2613
stats: error_connection_closed 0 1
stats: 500 5 8
# stats: dump at 1575500138
stats: users 4078 4078
stats: {load,"tsung_controller@ip-172-31-17-202"} 1 0.08984375 0.0 0.1796875 0.0 0.05773628048780488 41
stats: {recvpackets,"tsung_controller@ip-172-31-17-202"} 1 18446.0 0.0 18446 39 5745.499999999998 40
stats: {sentpackets,"tsung_controller@ip-172-31-17-202"} 1 15710.0 0.0 15710 41 5235.575 40
stats: {cpu,"tsung_controller@ip-172-31-17-202"} 1 18.069815195071868 0.0 18.069815195071868 0.0 5.609385903262366 41
stats: {freemem,"tsung_controller@ip-172-31-17-202"} 1 3230.66796875 0.0 3525.1796875 3230.66796875 3452.072503810976 41
stats: session 641 60628.62791263654 22356.5995423881 85755.991 35059.517 55121.77908083583 7274
stats: users_count 750 11993
stats: finish_users_count 641 7915
stats: request 4622 823.1033072263069 416.30902590406305 1775.194 0.383 193.3631616466369 59661
stats: connect 1177 0.8621588785046738 0.5261775201811898 620.315 0.536 3.9992345953500212 15742
stats: page 2014 1907.5964761668338 1431.8063531987318 4767.428 0.417 423.7704000684197 26308
stats: 302 704 14881
stats: 200 2882 47427
stats: size_rcv 3868501 58680345
stats: newphase 0 20
stats: 502 865 1796
stats: size_sent 3974789 55311351
stats: connected 93 2706
stats: error_connection_closed 0 1
stats: 500 171 179
# stats: dump at 1575500148
stats: users 4206 4217
stats: {load,"tsung_controller@ip-172-31-17-202"} 1 0.078125 0.0 0.1796875 0.0 0.05850074404761905 42
stats: {recvpackets,"tsung_controller@ip-172-31-17-202"} 1 18667.0 0.0 18667 39 6055.268292682926 41
stats: {sentpackets,"tsung_controller@ip-172-31-17-202"} 1 16061.0 0.0 16061 41 5491.048780487805 41
stats: {cpu,"tsung_controller@ip-172-31-17-202"} 1 15.09433962264151 0.0 18.069815195071868 0.0 5.906062791162593 42
stats: {freemem,"tsung_controller@ip-172-31-17-202"} 1 3235.96875 0.0 3525.1796875 3230.66796875 3446.8009672619046 42
stats: session 668 59990.09341766472 22081.69400073934 85921.195 35007.756 55567.75382514212 7915
stats: users_count 796 12789
stats: finish_users_count 668 8583
stats: request 4965 780.76516978852 516.5008240166306 1818.483 0.383 238.64199046404175 64283
stats: connect 1363 1.036186353631693 1.1162230561049697 620.315 0.495 3.7809984041610045 16919
stats: page 2132 1832.7075872420303 1511.505573582961 5186.071 0.417 529.2864553350748 28322
stats: 302 679 15560
stats: 200 2634 50061
stats: size_rcv 3886217 62566562
stats: newphase 1 21
stats: 502 1400 3196
stats: size_sent 4140263 59451614
stats: connected 37 2743
stats: error_connection_closed 0 1
stats: 500 251 430
# stats: dump at 1575500158
stats: users 4383 4387
stats: {load,"tsung_controller@ip-172-31-17-202"} 1 0.05859375 0.0 0.1796875 0.0 0.058957122093023256 43
stats: {recvpackets,"tsung_controller@ip-172-31-17-202"} 1 19534.0 0.0 19534 39 6355.547619047617 42
stats: {sentpackets,"tsung_controller@ip-172-31-17-202"} 1 17229.0 0.0 17229 41 5742.714285714285 42
stats: {cpu,"tsung_controller@ip-172-31-17-202"} 1 16.822429906542055 0.0 18.069815195071868 0.0 6.119743647708614 43
stats: {freemem,"tsung_controller@ip-172-31-17-202"} 1 3249.125 0.0 3525.1796875 3230.66796875 3441.8978924418607 43
stats: session 615 60746.53300975613 21921.664272684964 85921.195 35007.756 55911.936843644406 8583
stats: users_count 792 13581
stats: finish_users_count 615 9198
stats: request 4658 812.5600197509652 467.9583392419814 1818.483 0.383 277.5115835980822 69248
stats: connect 1446 0.9547800829875533 0.5699428801464165 620.315 0.495 3.5763611202275483 18282
stats: page 2064 1808.7457718023259 1452.826548843336 5186.071 0.417 620.5353504958297 30454
stats: 302 660 16220
stats: 200 2627 52688
stats: size_rcv 3868490 66435052
stats: newphase 0 21
stats: 502 1081 4277
stats: size_sent 3847965 63299579
stats: connected 73 2816
stats: error_connection_closed 0 1
stats: 500 290 720
# stats: dump at 1575500168
stats: users 3825 4416
stats: {load,"tsung_controller@ip-172-31-17-202"} 1 0.05078125 0.0 0.1796875 0.0 0.05894886363636364 44
stats: {recvpackets,"tsung_controller@ip-172-31-17-202"} 1 19328.0 0.0 19534 39 6662.023255813952 43
stats: {sentpackets,"tsung_controller@ip-172-31-17-202"} 1 16872.0 0.0 17229 41 6009.8372093023245 43
stats: {cpu,"tsung_controller@ip-172-31-17-202"} 1 17.09577754891864 0.0 18.069815195071868 0.0 6.362986517227555 44
stats: {freemem,"tsung_controller@ip-172-31-17-202"} 1 3247.8984375 0.0 3525.1796875 3230.66796875 3437.516690340909 44
stats: session 756 59928.3601878306 21874.714241824735 86325.933 35007.756 56235.189359643395 9198
stats: users_count 198 13779
stats: finish_users_count 756 9954
stats: request 4176 776.0070969827578 401.5322934289583 1818.483 0.372 311.23354954942755 73906
stats: connect 716 0.9483645251396638 0.6432742751727887 620.315 0.495 3.384207522303327 19728
stats: page 1784 2006.371823430497 1389.144653070738 5186.071 0.417 695.9540819546097 32518
stats: 302 288 16508
stats: 200 3166 55854
stats: size_rcv 4437371 70872423
stats: newphase 0 21
stats: 502 324 4601
stats: size_sent 3592824 66892403
stats: connected -375 2441
stats: error_connection_closed 0 1
stats: 500 397 1117
# stats: dump at 1575500178
stats: users 3018 4416
stats: {load,"tsung_controller@ip-172-31-17-202"} 1 0.12109375 0.0 0.1796875 0.0 0.05876736111111111 45
stats: {recvpackets,"tsung_controller@ip-172-31-17-202"} 1 17173.0 0.0 19534 39 6949.886363636362 44
stats: {sentpackets,"tsung_controller@ip-172-31-17-202"} 1 13668.0 0.0 17229 41 6256.704545454544 44
stats: {cpu,"tsung_controller@ip-172-31-17-202"} 1 12.59029927760578 0.0 18.069815195071868 0.0 6.601492984598469 45
stats: {freemem,"tsung_controller@ip-172-31-17-202"} 1 3247.68359375 0.0 3525.1796875 3230.66796875 3433.3029513888887 45
stats: session 807 55796.83940644367 21975.855436886814 86325.933 35007.756 56515.68334659433 9954
stats: users_count 0 13779
stats: finish_users_count 807 10761
stats: request 3818 146.66559638554202 172.01813010948507 1818.483 0.372 336.0906783893854 78082
stats: connect 481 0.8823471933471925 0.48300303029466346 620.315 0.495 3.2988982097436916 20444
stats: page 1482 400.99197098515566 403.632509833785 5186.071 0.417 764.1071124132706 34302
stats: 302 95 16603
stats: 200 3243 59097
stats: size_rcv 4563185 75435608
stats: newphase 0 21
stats: 502 0 4601
stats: size_sent 3536159 70428562
stats: connected -481 1960
stats: error_connection_closed 0 1
stats: 500 480 1597
# stats: dump at 1575500188
stats: users 2354 4416
stats: {load,"tsung_controller@ip-172-31-17-202"} 1 0.171875 0.0 0.1796875 0.0 0.060122282608695655 46
stats: {recvpackets,"tsung_controller@ip-172-31-17-202"} 1 15897.0 0.0 19534 39 7177.066666666666 45
stats: {sentpackets,"tsung_controller@ip-172-31-17-202"} 1 12927.0 0.0 17229 41 6421.399999999999 45
stats: {cpu,"tsung_controller@ip-172-31-17-202"} 1 11.122554067971164 0.0 18.069815195071868 0.0 6.731684425750801 46
stats: {freemem,"tsung_controller@ip-172-31-17-202"} 1 3264.41015625 0.0 3525.1796875 3230.66796875 3429.2677479619565 46
stats: session 664 54280.09443975903 22281.648113718013 86325.933 35007.756 56461.77506114673 10761
stats: users_count 0 13779
stats: finish_users_count 664 11425
stats: request 3409 56.23324552654754 61.66778704537307 1818.483 0.372 327.2600927594626 81900
stats: connect 395 0.880217721518988 0.30118936083194053 620.315 0.495 3.2433492951015546 20925
stats: page 1405 135.98126263345222 100.66689247167247 5186.071 0.417 749.0686415995978 35784
stats: 302 80 16683
stats: 200 2880 61977
stats: size_rcv 4122582 79558190
stats: newphase 0 21
stats: 502 0 4601
stats: size_sent 3213398 73641960
stats: connected -396 1564
stats: error_connection_closed 0 1
stats: 500 449 2046
# stats: dump at 1575500198
stats: users 1653 4416
stats: {load,"tsung_controller@ip-172-31-17-202"} 1 0.1484375 0.0 0.1796875 0.0 0.0625 47
stats: {recvpackets,"tsung_controller@ip-172-31-17-202"} 1 13786.0 0.0 19534 39 7366.630434782607 46
stats: {sentpackets,"tsung_controller@ip-172-31-17-202"} 1 11692.0 0.0 17229 41 6562.82608695652 46
stats: {cpu,"tsung_controller@ip-172-31-17-202"} 1 9.607438016528926 0.0 18.069815195071868 0.0 6.825107184095915 47
stats: {freemem,"tsung_controller@ip-172-31-17-202"} 1 3263.94921875 0.0 3525.1796875 3230.66796875 3425.7601396276596 47
stats: session 701 57539.46799286728 23327.491622269958 86325.933 35007.756 56334.979793522965 11425
stats: users_count 0 13779
stats: finish_users_count 701 12126
stats: request 3152 45.659605647208295 59.18779000487714 1818.483 0.372 316.42969359622066 85309
stats: connect 311 0.9424212218649507 0.40612784414217984 620.315 0.495 3.199567073170733 21320
stats: page 1138 127.90883391915649 111.24108261698683 5186.071 0.417 725.9062073462584 37189
stats: 302 80 16763
stats: 200 2673 64650
stats: size_rcv 3754595 83312785
stats: newphase 0 21
stats: 502 0 4601
stats: size_sent 2976815 76618775
stats: connected -507 1057
stats: error_connection_closed 0 1
stats: 500 399 2445
# stats: dump at 1575500208
stats: users 1322 4416
stats: {load,"tsung_controller@ip-172-31-17-202"} 1 0.12109375 0.0 0.1796875 0.0 0.06429036458333333 48
stats: {recvpackets,"tsung_controller@ip-172-31-17-202"} 1 11658.0 0.0 19534 39 7503.212765957445 47
stats: {sentpackets,"tsung_controller@ip-172-31-17-202"} 1 10021.0 0.0 17229 41 6671.957446808509 47
stats: {cpu,"tsung_controller@ip-172-31-17-202"} 1 9.562563580874874 0.0 18.069815195071868 0.0 6.883072409771604 48
stats: {freemem,"tsung_controller@ip-172-31-17-202"} 1 3263.78515625 0.0 3525.1796875 3230.66796875 3422.3890787760415 48
stats: session 331 82808.85698791537 1017.3858959709737 86325.933 35007.756 56404.610853043036 12126
stats: users_count 0 13779
stats: finish_users_count 331 12457
stats: request 1711 12.872130333138529 5.565387105397577 1818.483 0.372 306.7817434575687 88461
stats: connect 352 1.0642556818181814 1.1167332393229037 620.315 0.495 3.167114927650133 21631
stats: page 691 31.91220115774242 16.542608340603994 5186.071 0.417 708.15055177812 38327
stats: 302 40 16803
stats: 200 1280 65930
stats: size_rcv 2134101 85446886
stats: newphase 0 21
stats: 502 0 4601
stats: size_sent 1619364 78238139
stats: connected -140 917
stats: error_connection_closed 0 1
stats: 500 391 2836
# stats: dump at 1575500218
stats: users 979 4416
stats: {load,"tsung_controller@ip-172-31-17-202"} 1 0.1015625 0.0 0.1796875 0.0 0.06544961734693877 49
stats: {recvpackets,"tsung_controller@ip-172-31-17-202"} 1 6567.0 0.0 19534 39 7589.770833333332 48
stats: {sentpackets,"tsung_controller@ip-172-31-17-202"} 1 6239.0 0.0 17229 41 6741.729166666665 48
stats: {cpu,"tsung_controller@ip-172-31-17-202"} 1 7.870837537840565 0.0 18.069815195071868 0.0 6.937755903059426 49
stats: {freemem,"tsung_controller@ip-172-31-17-202"} 1 3263.58203125 0.0 3525.1796875 3230.66796875 3419.152264030612 49
stats: session 343 82589.14030612247 1100.0676294539903 86325.933 35007.756 57106.2087875893 12457
stats: users_count 0 13779
stats: finish_users_count 343 12800
stats: request 1761 13.2835099375355 5.840677812119379 1818.483 0.372 301.2048532027679 90172
stats: connect 402 1.0990323383084577 1.8184733226864764 620.315 0.495 3.13344316062412 21983
stats: page 741 31.66881646423751 16.800930464844296 5186.071 0.417 696.1745227587268 39018
stats: 302 54 16857
stats: 200 1279 67209
stats: size_rcv 2214967 87661853
stats: newphase 0 21
stats: 502 0 4601
stats: size_sent 1610560 79848699
stats: connected -108 809
stats: error_connection_closed 0 1
stats: 500 428 3264
# stats: dump at 1575500228
stats: users 578 4416
stats: {load,"tsung_controller@ip-172-31-17-202"} 1 0.08984375 0.0 0.1796875 0.0 0.066171875 50
stats: {recvpackets,"tsung_controller@ip-172-31-17-202"} 1 7002.0 0.0 19534 39 7568.897959183672 49
stats: {sentpackets,"tsung_controller@ip-172-31-17-202"} 1 6767.0 0.0 17229 41 6731.469387755101 49
stats: {cpu,"tsung_controller@ip-172-31-17-202"} 1 6.788247213779129 0.0 18.069815195071868 0.0 6.956417535755048 50
stats: {freemem,"tsung_controller@ip-172-31-17-202"} 1 3264.22265625 0.0 3525.1796875 3230.66796875 3416.040859375 50
stats: session 401 82559.28338154618 1326.2239185153562 86325.933 35007.756 57789.07171812499 12800
stats: users_count 0 13779
stats: finish_users_count 401 13201
stats: request 2032 21.925232283464656 53.698529960076286 1818.483 0.372 295.68964663396156 91933
stats: connect 382 14.25915706806282 64.36385046919894 620.315 0.495 3.0969082867991973 22385
stats: page 796 56.048400753768895 93.85245881918054 5186.071 0.417 683.7899374229734 39759
stats: 302 93 16950
stats: 200 1451 68660
stats: size_rcv 2523805 90185658
stats: newphase 0 21
stats: 502 0 4601
stats: size_sent 1775130 81623829
stats: connected -385 424
stats: error_connection_closed 0 1
stats: 500 488 3752
# stats: dump at 1575500238
stats: users 189 4416
stats: {load,"tsung_controller@ip-172-31-17-202"} 1 0.0703125 0.0 0.1796875 0.0 0.06663602941176472 51
stats: {recvpackets,"tsung_controller@ip-172-31-17-202"} 1 7608.0 0.0 19534 39 7557.559999999999 50
stats: {sentpackets,"tsung_controller@ip-172-31-17-202"} 1 7191.0 0.0 17229 41 6732.1799999999985 50
stats: {cpu,"tsung_controller@ip-172-31-17-202"} 1 7.092198581560284 0.0 18.069815195071868 0.0 6.953120078461403 51
stats: {freemem,"tsung_controller@ip-172-31-17-202"} 1 3303.61328125 0.0 3525.1796875 3230.66796875 3413.064031862745 51
stats: session 389 82545.38237275067 1260.9549771913387 86325.933 35007.756 58541.50372153624 13201
stats: users_count 0 13779
stats: finish_users_count 389 13590
stats: request 1729 13.352079814921911 8.870737620532042 1818.483 0.372 289.76947114351077 93965
stats: connect 199 1.1419195979899486 1.2127747923885557 620.315 0.495 3.284195985417491 22767
stats: page 581 39.788934595524935 26.037581666482623 5186.071 0.417 671.4688361237825 40555
stats: 302 83 17033
stats: 200 1244 69904
stats: size_rcv 2166778 92352436
stats: newphase 0 21
stats: 502 0 4601
stats: size_sent 1555827 83179656
stats: connected -223 201
stats: error_connection_closed 0 1
stats: 500 402 4154
# stats: dump at 1575500246
stats: users 0 4416
stats: {load,"tsung_controller@ip-172-31-17-202"} 1 0.05859375 0.0 0.1796875 0.0 0.06670673076923078 52
stats: {recvpackets,"tsung_controller@ip-172-31-17-202"} 1 5113.0 0.0 19534 39 7558.549019607842 51
stats: {sentpackets,"tsung_controller@ip-172-31-17-202"} 1 4912.0 0.0 17229 41 6741.176470588234 51
stats: {cpu,"tsung_controller@ip-172-31-17-202"} 1 4.632426988922457 0.0 18.069815195071868 0.0 6.955794665059458 52
stats: {freemem,"tsung_controller@ip-172-31-17-202"} 1 3352.28515625 0.0 3525.1796875 3230.66796875 3410.959209735577 52
stats: session 189 82828.44517989425 1038.9711379224432 86325.933 35007.756 59228.59046144223 13590
stats: users_count 0 13779
stats: finish_users_count 189 13779
stats: request 802 11.145006234413966 4.068857773044895 1818.483 0.372 284.7751593830333 95694
stats: connect 0 0 0 620.315 0.495 3.2656331968997656 22966
stats: page 201 44.732144278606945 6.925896370966916 5186.071 0.417 662.5470638856475 41136
stats: 302 22 17055
stats: 200 581 70485
stats: size_rcv 1064400 93416836
stats: newphase 0 21
stats: 502 0 4601
stats: size_sent 766705 83946361
stats: connected -201 0
stats: error_connection_closed 0 1
stats: 500 199 4353
EndMonitor:{1575,500246,355881}
