# stats: dump at 1575458332
stats: users 9 9
stats: {load,"tsung_controller@ip-172-31-27-7"} 1 0.0 0 0.0 0.0 0 0
stats: {cpu,"tsung_controller@ip-172-31-27-7"} 1 0.8659803938836431 0 0.8659803938836431 0.8659803938836431 0 0
stats: {freemem,"tsung_controller@ip-172-31-27-7"} 1 3516.00390625 0 3516.00390625 3516.00390625 0 0
stats: users_count 9 9
stats: finish_users_count 0 0
stats: request 19 71.97789473684207 32.05316838907494 133.615 17.122 0 0
stats: connect 9 2.603555555555556 3.5050136506664313 12.485 0.911 0 0
stats: page 9 152.03022222222225 95.54487237800045 301.527 17.122 0 0
stats: 302 9 9
stats: 200 10 10
stats: size_rcv 37041 37041
stats: size_sent 11375 11375
stats: connected 9 9
# stats: dump at 1575458342
stats: users 17 17
stats: {load,"tsung_controller@ip-172-31-27-7"} 1 0.0 0.0 0.0 0.0 0.0 1
stats: {recvpackets,"tsung_controller@ip-172-31-27-7"} 1 66 0 66 66 0 0
stats: {sentpackets,"tsung_controller@ip-172-31-27-7"} 1 65 0 65 65 0 0
stats: {cpu,"tsung_controller@ip-172-31-27-7"} 1 0.40040040040040037 0.0 0.8659803938836431 0.40040040040040037 0.8659803938836431 1
stats: {freemem,"tsung_controller@ip-172-31-27-7"} 1 3517.078125 0.0 3517.078125 3516.00390625 3516.00390625 1
stats: users_count 8 17
stats: finish_users_count 0 0
stats: request 16 46.24025 32.891654134255695 133.615 16.403 71.97789473684207 19
stats: connect 8 1.8525 1.0014764101065985 12.485 0.911 2.603555555555556 9
stats: page 8 92.54412500000001 50.0714241769632 301.527 17.122 152.03022222222225 9
stats: 302 8 17
stats: 200 8 18
stats: size_rcv 30802 67843
stats: size_sent 9228 20603
stats: connected 8 17
# stats: dump at 1575458352
stats: users 32 32
stats: {load,"tsung_controller@ip-172-31-27-7"} 1 0.0 0.0 0.0 0.0 0.0 2
stats: {recvpackets,"tsung_controller@ip-172-31-27-7"} 1 56.0 0.0 66 56 66.0 1
stats: {sentpackets,"tsung_controller@ip-172-31-27-7"} 1 61.0 0.0 65 61 65.0 1
stats: {cpu,"tsung_controller@ip-172-31-27-7"} 1 0.3996003996003996 0.0 0.8659803938836431 0.3996003996003996 0.6331903971420217 2
stats: {freemem,"tsung_controller@ip-172-31-27-7"} 1 3517.10546875 0.0 3517.10546875 3516.00390625 3516.541015625 2
stats: users_count 15 32
stats: finish_users_count 0 0
stats: request 22 30.280090909090905 22.548946356979016 133.615 10.796 60.21211428571427 35
stats: connect 14 1.382642857142857 0.21814824813246908 12.485 0.911 2.2501176470588238 17
stats: page 14 47.622428571428564 40.50757060937461 301.527 10.796 124.03676470588235 17
stats: 302 14 31
stats: 200 8 26
stats: size_rcv 39216 107059
stats: newphase 1 1
stats: size_sent 10378 30981
stats: connected 14 31
# stats: dump at 1575458362
stats: users 50 50
stats: {load,"tsung_controller@ip-172-31-27-7"} 1 0.0 0.0 0.0 0.0 0.0 3
stats: {recvpackets,"tsung_controller@ip-172-31-27-7"} 1 84.0 0.0 84 56 61.0 2
stats: {sentpackets,"tsung_controller@ip-172-31-27-7"} 1 96.0 0.0 96 61 63.0 2
stats: {cpu,"tsung_controller@ip-172-31-27-7"} 1 0.499001996007984 0.0 0.8659803938836431 0.3996003996003996 0.5553270646281477 3
stats: {freemem,"tsung_controller@ip-172-31-27-7"} 1 3516.875 0.0 3517.10546875 3516.00390625 3516.7291666666665 3
stats: session 1 35887.769 0 35887.769 35887.769 0 0
stats: users_count 19 51
stats: finish_users_count 1 1
stats: request 48 43.97241666666667 67.12222854143072 358.084 10.796 48.659403508771916 57
stats: connect 19 1.350315789473684 0.2394812491575508 12.485 0.911 1.8583548387096775 31
stats: page 24 88.00579166666665 144.4721425139864 748.214 10.796 89.52706451612903 31
stats: 302 19 50
stats: 200 29 55
stats: size_rcv 98514 205573
stats: newphase 0 1
stats: size_sent 31872 62853
stats: connected 18 49
# stats: dump at 1575458372
stats: users 74 74
stats: {load,"tsung_controller@ip-172-31-27-7"} 1 0.0 0.0 0.0 0.0 0.0 4
stats: {recvpackets,"tsung_controller@ip-172-31-27-7"} 1 157.0 0.0 157 56 68.66666666666667 3
stats: {sentpackets,"tsung_controller@ip-172-31-27-7"} 1 166.0 0.0 166 61 74.0 3
stats: {cpu,"tsung_controller@ip-172-31-27-7"} 1 0.5994005994005994 0.0 0.8659803938836431 0.3996003996003996 0.5412457974731067 4
stats: {freemem,"tsung_controller@ip-172-31-27-7"} 1 3515.06640625 0.0 3517.10546875 3515.06640625 3516.765625 4
stats: session 4 35847.4375 44.703446872138045 35914.293 35788.848 35887.769 1
stats: users_count 28 79
stats: finish_users_count 4 5
stats: request 81 56.86996296296296 96.9197712230941 369.962 10.796 46.51678095238094 105
stats: connect 26 1.2577307692307693 0.2257157091585492 12.485 0.822 1.6653 50
stats: page 39 118.17266666666666 219.72899939760683 788.547 10.796 88.86323636363635 55
stats: 302 26 76
stats: 200 55 110
stats: size_rcv 170302 375875
stats: newphase 1 2
stats: size_sent 59770 122623
stats: connected 22 71
# stats: dump at 1575458382
stats: users 93 95
stats: {load,"tsung_controller@ip-172-31-27-7"} 1 0.078125 0.0 0.078125 0.0 0.0 5
stats: {recvpackets,"tsung_controller@ip-172-31-27-7"} 1 310.0 0.0 310 56 90.75 4
stats: {sentpackets,"tsung_controller@ip-172-31-27-7"} 1 323.0 0.0 323 61 97.0 4
stats: {cpu,"tsung_controller@ip-172-31-27-7"} 1 1.2935323383084576 0.0 1.2935323383084576 0.3996003996003996 0.5528767578586053 5
stats: {freemem,"tsung_controller@ip-172-31-27-7"} 1 3513.7578125 0.0 3517.10546875 3513.7578125 3516.42578125 5
stats: session 12 42224.34258333334 7478.4471892020865 51197.156 35788.848 35855.5038 5
stats: users_count 31 110
stats: finish_users_count 12 17
stats: request 126 79.68569841269837 128.2580548654832 420.049 8.556 51.025424731182795 186
stats: connect 32 1.2752812500000001 0.25041431098968264 12.485 0.811 1.5258684210526317 76
stats: page 55 159.69530909090906 284.6825978869592 870.877 10.796 101.02353191489361 94
stats: 302 37 113
stats: 200 89 199
stats: size_rcv 270051 645926
stats: newphase 0 2
stats: size_sent 103186 225809
stats: connected 23 94
# stats: dump at 1575458392
stats: users 119 119
stats: {load,"tsung_controller@ip-172-31-27-7"} 1 0.0703125 0.0 0.078125 0.0 0.013020833333333334 6
stats: {recvpackets,"tsung_controller@ip-172-31-27-7"} 1 407.0 0.0 407 56 134.6 5
stats: {sentpackets,"tsung_controller@ip-172-31-27-7"} 1 397.0 0.0 397 61 142.2 5
stats: {cpu,"tsung_controller@ip-172-31-27-7"} 1 1.3930348258706469 0.0 1.3930348258706469 0.3996003996003996 0.6763193546002474 6
stats: {freemem,"tsung_controller@ip-172-31-27-7"} 1 3510.73828125 0.0 3517.10546875 3510.73828125 3515.9811197916665 6
stats: session 13 40478.37623076922 6937.45609447601 51197.156 35788.848 40351.154705882356 17
stats: users_count 39 149
stats: finish_users_count 13 30
stats: request 156 83.21567307692311 129.32034100998186 443.082 8.556 62.599766025641 312
stats: connect 41 1.5599999999999996 1.6295273443098948 12.485 0.811 1.4516203703703705 108
stats: page 69 205.87340579710153 316.07280784193017 925.293 10.796 122.68089932885904 149
stats: 302 45 158
stats: 200 111 310
stats: size_rcv 334653 980579
stats: newphase 1 3
stats: size_sent 121530 347339
stats: connected 25 119
# stats: dump at 1575458402
stats: users 141 141
stats: {load,"tsung_controller@ip-172-31-27-7"} 1 0.05859375 0.0 0.078125 0.0 0.021205357142857144 7
stats: {recvpackets,"tsung_controller@ip-172-31-27-7"} 1 455.0 0.0 455 56 180.0 6
stats: {sentpackets,"tsung_controller@ip-172-31-27-7"} 1 463.0 0.0 463 61 184.66666666666666 6
stats: {cpu,"tsung_controller@ip-172-31-27-7"} 1 1.294820717131474 0.0 1.3930348258706469 0.3996003996003996 0.7787072790674473 7
stats: {freemem,"tsung_controller@ip-172-31-27-7"} 1 3509.015625 0.0 3517.10546875 3509.015625 3515.2321428571427 7
stats: session 14 40159.993071428566 6776.042296306572 51197.156 35731.919 40406.28403333333 30
stats: users_count 36 185
stats: finish_users_count 14 44
stats: request 177 79.92658757062156 129.69701475577114 637.49 7.799 69.47173504273503 468
stats: connect 35 1.406342857142857 0.8628934363228056 12.485 0.785 1.481442953020134 149
stats: page 73 188.85236986301373 289.2116042541761 925.293 10.796 149.01247247706425 218
stats: 302 39 197
stats: 200 138 448
stats: size_rcv 392296 1372875
stats: newphase 0 3
stats: size_sent 149031 496370
stats: connected 21 140
# stats: dump at 1575458412
stats: users 162 163
stats: {load,"tsung_controller@ip-172-31-27-7"} 1 0.05078125 0.0 0.078125 0.0 0.02587890625 8
stats: {recvpackets,"tsung_controller@ip-172-31-27-7"} 1 505.0 0.0 505 56 219.28571428571428 7
stats: {sentpackets,"tsung_controller@ip-172-31-27-7"} 1 499.0 0.0 499 61 224.42857142857142 7
stats: {cpu,"tsung_controller@ip-172-31-27-7"} 1 1.294820717131474 0.0 1.3930348258706469 0.3996003996003996 0.8432214588254506 8
stats: {freemem,"tsung_controller@ip-172-31-27-7"} 1 3508.9296875 0.0 3517.10546875 3508.9296875 3514.455078125 8
stats: session 28 41227.41385714287 7210.156055447707 51197.156 35731.919 40327.91872727272 44
stats: users_count 49 234
stats: finish_users_count 28 72
stats: request 274 92.28642335766422 139.72608302183127 637.49 7.799 72.34074108527133 645
stats: connect 48 1.7224375 1.8039172526551992 13.197 0.785 1.4671576086956521 184
stats: page 107 229.3599626168225 326.72000724896685 925.293 10.796 159.00667353951894 291
stats: 302 58 255
stats: 200 216 664
stats: size_rcv 608329 1981204
stats: newphase 1 4
stats: size_sent 239369 735739
stats: connected 22 162
# stats: dump at 1575458422
stats: users 190 190
stats: {load,"tsung_controller@ip-172-31-27-7"} 1 0.0390625 0.0 0.078125 0.0 0.028645833333333332 9
stats: {recvpackets,"tsung_controller@ip-172-31-27-7"} 1 892.0 0.0 892 56 255.0 8
stats: {sentpackets,"tsung_controller@ip-172-31-27-7"} 1 874.0 0.0 874 61 258.75 8
stats: {cpu,"tsung_controller@ip-172-31-27-7"} 1 1.794616151545364 0.0 1.794616151545364 0.3996003996003996 0.8933991541927866 9
stats: {freemem,"tsung_controller@ip-172-31-27-7"} 1 3507.48046875 0.0 3517.10546875 3507.48046875 3513.8411458333335 9
stats: session 29 42066.90934482758 7408.185231208376 51197.156 35716.275 40677.72238888889 72
stats: users_count 57 291
stats: finish_users_count 29 101
stats: request 299 87.25640133779261 133.9573815776617 637.49 7.743 78.28754951033733 919
stats: connect 59 1.2689661016949152 0.5065369953561776 13.197 0.785 1.5199741379310345 232
stats: page 127 214.2781102362205 318.15743801871656 925.293 10.796 177.92074874371863 398
stats: 302 72 327
stats: 200 227 891
stats: size_rcv 657557 2638761
stats: newphase 0 4
stats: size_sent 253135 988874
stats: connected 28 190
# stats: dump at 1575458432
stats: users 205 205
stats: {load,"tsung_controller@ip-172-31-27-7"} 1 0.03125 0.0 0.078125 0.0 0.0296875 10
stats: {recvpackets,"tsung_controller@ip-172-31-27-7"} 1 833.0 0.0 892 56 325.77777777777777 9
stats: {sentpackets,"tsung_controller@ip-172-31-27-7"} 1 790.0 0.0 874 61 327.1111111111111 9
stats: {cpu,"tsung_controller@ip-172-31-27-7"} 1 1.7928286852589643 0.0 1.794616151545364 0.3996003996003996 0.9835208539280444 10
stats: {freemem,"tsung_controller@ip-172-31-27-7"} 1 3505.40625 0.0 3517.10546875 3505.40625 3513.205078125 10
stats: session 38 41344.41160526316 7238.340674622016 51197.156 35704.905 41076.597851485145 101
stats: users_count 53 344
stats: finish_users_count 38 139
stats: request 316 99.05654113924051 140.0721280610532 637.49 7.743 80.48926272577997 1218
stats: connect 50 1.2730399999999997 0.5174804715155924 13.197 0.785 1.4690824742268043 291
stats: page 115 265.6906869565217 340.34078142121956 1162.883 10.796 186.71576761904765 525
stats: 302 63 390
stats: 200 253 1144
stats: size_rcv 667543 3306304
stats: newphase 1 5
stats: size_sent 277808 1266682
stats: connected 13 203
# stats: dump at 1575458442
stats: users 235 235
stats: {load,"tsung_controller@ip-172-31-27-7"} 1 0.03125 0.0 0.078125 0.0 0.029829545454545456 11
stats: {recvpackets,"tsung_controller@ip-172-31-27-7"} 1 897.0 0.0 897 56 376.5 10
stats: {sentpackets,"tsung_controller@ip-172-31-27-7"} 1 868.0 0.0 874 61 373.4 10
stats: {cpu,"tsung_controller@ip-172-31-27-7"} 1 1.9900497512437811 0.0 1.9900497512437811 0.3996003996003996 1.0570942931399463 11
stats: {freemem,"tsung_controller@ip-172-31-27-7"} 1 3504.3828125 0.0 3517.10546875 3504.3828125 3512.49609375 11
stats: session 31 43084.33587096775 7511.254141613863 51197.156 35704.905 41149.813122302156 139
stats: users_count 61 405
stats: finish_users_count 31 170
stats: request 322 85.40094720496894 131.20787931254728 637.49 7.743 84.3140736636245 1534
stats: connect 60 1.2698500000000004 0.37055106823036793 13.197 0.785 1.4403372434017596 341
stats: page 135 209.67119999999989 310.9042191287953 1162.883 10.796 200.90657343750001 640
stats: 302 76 466
stats: 200 246 1390
stats: size_rcv 684278 3990582
stats: newphase 0 5
stats: size_sent 275916 1542598
stats: connected 28 231
# stats: dump at 1575458452
stats: users 244 249
stats: {load,"tsung_controller@ip-172-31-27-7"} 1 0.01953125 0.0 0.078125 0.0 0.029947916666666668 12
stats: {recvpackets,"tsung_controller@ip-172-31-27-7"} 1 984.0 0.0 984 56 423.8181818181818 11
stats: {sentpackets,"tsung_controller@ip-172-31-27-7"} 1 956.0 0.0 956 61 418.3636363636364 11
stats: {cpu,"tsung_controller@ip-172-31-27-7"} 1 1.9900497512437811 0.0 1.9900497512437811 0.3996003996003996 1.1348405813152658 12
stats: {freemem,"tsung_controller@ip-172-31-27-7"} 1 3503.9375 0.0 3517.10546875 3503.9375 3511.8199869791665 12
stats: session 50 43043.724480000004 7496.453993118098 51197.156 35704.905 41502.57903529412 170
stats: users_count 59 464
stats: finish_users_count 50 220
stats: request 440 97.66243636363635 140.10703452194085 637.49 7.188 84.50263685344827 1856
stats: connect 63 1.5595238095238102 2.7469877289071465 23.03 0.718 1.4148279301745637 401
stats: page 170 240.8887117647058 331.68344686655036 1162.883 10.796 202.43331483870966 775
stats: 302 86 552
stats: 200 354 1744
stats: size_rcv 981327 4971909
stats: newphase 1 6
stats: size_sent 400007 1942605
stats: connected 16 247
# stats: dump at 1575458462
stats: users 262 263
stats: {load,"tsung_controller@ip-172-31-27-7"} 1 0.01953125 0.0 0.078125 0.0 0.029146634615384616 13
stats: {recvpackets,"tsung_controller@ip-172-31-27-7"} 1 1303.0 0.0 1303 56 470.5 12
stats: {sentpackets,"tsung_controller@ip-172-31-27-7"} 1 1219.0 0.0 1219 61 463.1666666666667 12
stats: {cpu,"tsung_controller@ip-172-31-27-7"} 1 2.3880597014925375 0.0 2.3880597014925375 0.3996003996003996 1.2006259020789978 13
stats: {freemem,"tsung_controller@ip-172-31-27-7"} 1 3499.5390625 0.0 3517.10546875 3499.5390625 3511.213641826923 13
stats: session 51 43803.24599999999 7500.010346839698 51334.423 35704.905 41852.83936363636 220
stats: users_count 69 533
stats: finish_users_count 51 271
stats: request 443 101.09825733634317 143.00260414208938 637.49 7.188 87.02454965156794 2296
stats: connect 68 1.3158676470588235 0.3921922511912539 23.03 0.718 1.4344741379310344 464
stats: page 171 271.5217017543863 349.9865608712235 1213.129 10.796 209.3512169312169 945
stats: 302 96 648
stats: 200 347 2091
stats: size_rcv 932564 5904473
stats: newphase 0 6
stats: size_sent 388785 2331390
stats: connected 15 262
# stats: dump at 1575458472
stats: users 291 294
stats: {load,"tsung_controller@ip-172-31-27-7"} 1 0.01953125 0.0 0.078125 0.0 0.028459821428571428 14
stats: {recvpackets,"tsung_controller@ip-172-31-27-7"} 1 1327.0 0.0 1327 56 534.5384615384615 13
stats: {sentpackets,"tsung_controller@ip-172-31-27-7"} 1 1242.0 0.0 1242 61 521.3076923076923 13
stats: {cpu,"tsung_controller@ip-172-31-27-7"} 1 2.6785714285714284 0.0 2.6785714285714284 0.3996003996003996 1.2854426020371077 14
stats: {freemem,"tsung_controller@ip-172-31-27-7"} 1 3499.234375 0.0 3517.10546875 3499.234375 3510.3797433035716 14
stats: session 56 43350.674875000004 7516.6033926800055 51334.423 35704.905 42219.89005904059 271
stats: users_count 85 618
stats: finish_users_count 56 327
stats: request 501 97.79780439121758 143.08793392195426 679.997 7.188 89.3008010222709 2739
stats: connect 83 1.3362771084337355 0.37875322777273507 23.03 0.718 1.4193139097744363 532
stats: page 195 251.50878461538477 340.0788379056633 1213.129 10.796 218.8773396057348 1116
stats: 302 110 758
stats: 200 391 2482
stats: size_rcv 1111331 7015804
stats: newphase 1 7
stats: size_sent 440432 2771822
stats: connected 27 289
# stats: dump at 1575458482
stats: users 337 339
stats: {load,"tsung_controller@ip-172-31-27-7"} 1 0.01171875 0.0 0.078125 0.0 0.027864583333333335 15
stats: {recvpackets,"tsung_controller@ip-172-31-27-7"} 1 1564.0 0.0 1564 56 591.1428571428571 14
stats: {sentpackets,"tsung_controller@ip-172-31-27-7"} 1 1585.0 0.0 1585 61 572.7857142857142 14
stats: {cpu,"tsung_controller@ip-172-31-27-7"} 1 5.7312252964426875 0.0 5.7312252964426875 0.3996003996003996 1.3783178571393957 15
stats: {freemem,"tsung_controller@ip-172-31-27-7"} 1 3498.0 0.0 3517.10546875 3498.0 3509.63671875 15
stats: session 56 42802.733321428575 7499.124500875202 51334.423 35704.905 42413.54128134556 327
stats: users_count 102 720
stats: finish_users_count 56 383
stats: request 550 91.46515636363648 136.25594056984056 687.189 7.188 90.61468950617285 3240
stats: connect 103 1.2285242718446594 0.3334870732901867 23.03 0.718 1.4081073170731708 615
stats: page 218 229.04575229357812 320.5864305038289 1213.129 10.796 223.73098703279945 1311
stats: 302 128 886
stats: 200 422 2904
stats: size_rcv 1210225 8226029
stats: newphase 0 7
stats: size_sent 470849 3242671
stats: connected 47 336
# stats: dump at 1575458492
stats: users 405 406
stats: {load,"tsung_controller@ip-172-31-27-7"} 1 0.08984375 0.0 0.08984375 0.0 0.02685546875 16
stats: {recvpackets,"tsung_controller@ip-172-31-27-7"} 1 1667.0 0.0 1667 56 656.0 15
stats: {sentpackets,"tsung_controller@ip-172-31-27-7"} 1 1599.0 0.0 1599 61 640.2666666666667 15
stats: {cpu,"tsung_controller@ip-172-31-27-7"} 1 3.1746031746031744 0.0 5.7312252964426875 0.3996003996003996 1.6503745720958514 16
stats: {freemem,"tsung_controller@ip-172-31-27-7"} 1 3497.43359375 0.0 3517.10546875 3497.43359375 3508.909423828125 16
stats: session 58 43113.71091379313 7512.790096627157 51334.423 35704.905 42470.44664490861 383
stats: users_count 126 846
stats: finish_users_count 58 441
stats: request 617 87.87233549432744 136.01111696935104 701.93 6.95 90.73810817941956 3790
stats: connect 128 1.1888984375 0.2876660618191839 23.03 0.718 1.3823454038997214 718
stats: page 253 212.5929644268773 320.14842310394005 1213.129 10.796 224.4887495094834 1529
stats: 302 160 1046
stats: 200 457 3361
stats: size_rcv 1326205 9552234
stats: newphase 1 8
stats: size_sent 522528 3765199
stats: connected 70 406
# stats: dump at 1575458502
stats: users 501 502
stats: {load,"tsung_controller@ip-172-31-27-7"} 1 0.078125 0.0 0.08984375 0.0 0.03056066176470588 17
stats: {recvpackets,"tsung_controller@ip-172-31-27-7"} 1 1861.0 0.0 1861 56 719.1875 16
stats: {sentpackets,"tsung_controller@ip-172-31-27-7"} 1 1823.0 0.0 1823 61 700.1875 16
stats: {cpu,"tsung_controller@ip-172-31-27-7"} 1 3.857566765578635 0.0 5.7312252964426875 0.3996003996003996 1.740035078125694 17
stats: {freemem,"tsung_controller@ip-172-31-27-7"} 1 3496.4453125 0.0 3517.10546875 3496.4453125 3508.234375 17
stats: session 67 43699.16768656716 7502.607417101793 51334.423 35704.905 42555.04829478458 441
stats: users_count 163 1009
stats: finish_users_count 67 508
stats: request 715 86.12609790209778 133.54493122521902 701.93 6.95 90.33688699795782 4407
stats: connect 161 1.3242670807453418 0.9653672603219026 23.03 0.718 1.3530768321513003 846
stats: page 306 200.14131699346396 307.2024750405611 1213.129 9.634 222.7998417508418 1782
stats: 302 195 1241
stats: 200 520 3881
stats: size_rcv 1481706 11033940
stats: newphase 0 8
stats: size_sent 584896 4350095
stats: connected 95 501
# stats: dump at 1575458512
stats: users 584 585
stats: {load,"tsung_controller@ip-172-31-27-7"} 1 0.05859375 0.0 0.08984375 0.0 0.033203125 18
stats: {recvpackets,"tsung_controller@ip-172-31-27-7"} 1 2116.0 0.0 2116 56 786.3529411764706 17
stats: {sentpackets,"tsung_controller@ip-172-31-27-7"} 1 2082.0 0.0 2082 61 766.2352941176471 17
stats: {cpu,"tsung_controller@ip-172-31-27-7"} 1 4.446640316205533 0.0 5.7312252964426875 0.3996003996003996 1.857675727428635 18
stats: {freemem,"tsung_controller@ip-172-31-27-7"} 1 3487.93359375 0.0 3517.10546875 3487.93359375 3507.5794270833335 18
stats: session 85 42343.89242352943 7427.1660213276755 51647.904 35704.905 42705.94593110236 508
stats: users_count 168 1177
stats: finish_users_count 85 593
stats: request 853 110.796263774912 170.04392515846087 1026.041 6.95 89.74908648965248 5122
stats: connect 169 1.3105443786982258 1.0499740202961236 23.03 0.718 1.3484707050645481 1007
stats: page 343 276.4917288629731 389.8062760719232 1558.875 9.634 219.47919588122608 2088
stats: 302 205 1446
stats: 200 648 4529
stats: size_rcv 1830090 12864030
stats: newphase 1 9
stats: size_sent 725668 5075763
stats: connected 83 584
# stats: dump at 1575458522
stats: users 691 692
stats: {load,"tsung_controller@ip-172-31-27-7"} 1 0.05078125 0.0 0.08984375 0.0 0.03453947368421053 19
stats: {recvpackets,"tsung_controller@ip-172-31-27-7"} 1 2598.0 0.0 2598 56 860.2222222222222 18
stats: {sentpackets,"tsung_controller@ip-172-31-27-7"} 1 2484.0 0.0 2484 61 839.3333333333334 18
stats: {cpu,"tsung_controller@ip-172-31-27-7"} 1 4.653465346534653 0.0 5.7312252964426875 0.3996003996003996 1.9939370215747876 19
stats: {freemem,"tsung_controller@ip-172-31-27-7"} 1 3485.9921875 0.0 3517.10546875 3485.9921875 3506.5454358552633 19
stats: session 91 42223.53886813184 7403.40803560039 51647.904 35704.905 42654.049559865096 593
stats: users_count 198 1375
stats: finish_users_count 91 684
stats: request 982 100.18818228105906 148.445506894309 1026.041 6.95 92.75381322175733 5975
stats: connect 198 1.2677626262626263 0.5946905903065587 23.03 0.718 1.3430204081632655 1176
stats: page 409 231.36685574572087 345.11982187816136 1618.788 9.183 227.52333360756882 2431
stats: 302 237 1683
stats: 200 745 5274
stats: size_rcv 2125211 14989241
stats: newphase 0 9
stats: size_sent 830701 5906464
stats: connected 107 691
# stats: dump at 1575458532
stats: users 592 698
stats: {load,"tsung_controller@ip-172-31-27-7"} 1 0.0390625 0.0 0.08984375 0.0 0.0353515625 20
stats: {recvpackets,"tsung_controller@ip-172-31-27-7"} 1 3038.0 0.0 3038 56 951.6842105263158 19
stats: {sentpackets,"tsung_controller@ip-172-31-27-7"} 1 2920.0 0.0 2920 61 925.8947368421053 19
stats: {cpu,"tsung_controller@ip-172-31-27-7"} 1 5.818540433925049 0.0 5.818540433925049 0.3996003996003996 2.1269134378227808 20
stats: {freemem,"tsung_controller@ip-172-31-27-7"} 1 3476.82421875 0.0 3517.10546875 3476.82421875 3505.5177734375 20
stats: session 123 42186.240804878056 7369.794219487026 52414.312 35704.905 42596.774014619885 684
stats: users_count 24 1399
stats: finish_users_count 123 807
stats: request 840 193.2055214285713 246.0385858832475 1442.663 6.95 93.80319519908006 6957
stats: connect 25 1.3799200000000003 0.37579780946673974 23.03 0.718 1.332175400291121 1374
stats: page 297 520.0020134680136 577.7030299874727 2577.586 9.183 228.07685492957737 2840
stats: 302 80 1763
stats: 200 756 6030
stats: size_rcv 1848368 16837609
stats: newphase 0 9
stats: size_sent 849715 6756179
stats: connected -99 592
stats: 500 4 4
# stats: dump at 1575458542
stats: users 450 698
stats: {load,"tsung_controller@ip-172-31-27-7"} 1 0.0390625 0.0 0.08984375 0.0 0.03552827380952381 21
stats: {recvpackets,"tsung_controller@ip-172-31-27-7"} 1 2446.0 0.0 3038 56 1056.0 20
stats: {sentpackets,"tsung_controller@ip-172-31-27-7"} 1 2034.0 0.0 2920 61 1025.6 20
stats: {cpu,"tsung_controller@ip-172-31-27-7"} 1 2.80561122244489 0.0 5.818540433925049 0.3996003996003996 2.3027051995419363 21
stats: {freemem,"tsung_controller@ip-172-31-27-7"} 1 3468.6015625 0.0 3517.10546875 3468.6015625 3504.151413690476 21
stats: session 142 42905.02834507043 7414.426495119629 52951.131 35704.905 42534.20203841388 807
stats: users_count 0 1399
stats: finish_users_count 142 949
stats: request 862 247.76851972157783 310.90139126292036 1539.903 6.95 104.51217994100294 7797
stats: connect 0 0 0 23.03 0.718 1.3330285918513227 1399
stats: page 301 729.8432093023257 752.0650427940681 2860.128 9.183 255.7152904048453 3137
stats: 302 59 1822
stats: 200 793 6823
stats: size_rcv 2013334 18850943
stats: newphase 0 9
stats: size_sent 879327 7635506
stats: connected -141 451
stats: 500 10 14
# stats: dump at 1575458552
stats: users 286 698
stats: {load,"tsung_controller@ip-172-31-27-7"} 1 0.03125 0.0 0.08984375 0.0 0.035688920454545456 22
stats: {recvpackets,"tsung_controller@ip-172-31-27-7"} 1 2687.0 0.0 3038 56 1122.1904761904761 21
stats: {sentpackets,"tsung_controller@ip-172-31-27-7"} 1 2189.0 0.0 2920 61 1073.6190476190477 21
stats: {cpu,"tsung_controller@ip-172-31-27-7"} 1 2.905811623246493 0.0 5.818540433925049 0.3996003996003996 2.325564564219343 22
stats: {freemem,"tsung_controller@ip-172-31-27-7"} 1 3468.00390625 0.0 3517.10546875 3468.00390625 3502.5355113636365 22
stats: session 164 43117.65236585365 7351.413091262649 53078.469 35704.905 42589.68922023183 949
stats: users_count 0 1399
stats: finish_users_count 164 1113
stats: request 1027 264.28222590068157 333.7833669666603 1783.683 6.95 118.77329148862457 8659
stats: connect 0 0 0 23.03 0.718 1.3330285918513227 1399
stats: page 349 749.391873925502 794.1908746815172 3621.504 9.183 297.2256172193135 3438
stats: 302 70 1892
stats: 200 906 7729
stats: size_rcv 2349338 21200281
stats: newphase 0 9
stats: size_sent 1058421 8693927
stats: connected -165 286
stats: 500 51 65
# stats: dump at 1575458562
stats: users 123 698
stats: {load,"tsung_controller@ip-172-31-27-7"} 1 0.03125 0.0 0.08984375 0.0 0.03549592391304348 23
stats: {recvpackets,"tsung_controller@ip-172-31-27-7"} 1 3031.0 0.0 3038 56 1193.3181818181818 22
stats: {sentpackets,"tsung_controller@ip-172-31-27-7"} 1 2437.0 0.0 2920 61 1124.3181818181818 22
stats: {cpu,"tsung_controller@ip-172-31-27-7"} 1 3.3932135728542914 0.0 5.818540433925049 0.3996003996003996 2.3507926972205238 23
stats: {freemem,"tsung_controller@ip-172-31-27-7"} 1 3468.10546875 0.0 3517.10546875 3468.00390625 3501.034137228261 23
stats: session 163 45161.84424539881 7341.461618936982 55310.401 35704.905 42667.48432884097 1113
stats: users_count 0 1399
stats: finish_users_count 163 1276
stats: request 891 365.5659797979799 486.9048547782816 3119.34 6.95 134.20150495560603 9686
stats: connect 0 0 0 23.03 0.718 1.3330285918513227 1399
stats: page 273 1237.0252527472535 1213.5199235820648 5132.44 9.183 338.8960749933985 3787
stats: 302 81 1973
stats: 200 748 8477
stats: size_rcv 1993462 23193743
stats: newphase 0 9
stats: size_sent 897119 9591046
stats: connected -163 123
stats: 500 62 127
# stats: dump at 1575458572
stats: users 22 698
stats: {load,"tsung_controller@ip-172-31-27-7"} 1 0.01953125 0.0 0.08984375 0.0 0.035319010416666664 24
stats: {recvpackets,"tsung_controller@ip-172-31-27-7"} 1 2614.0 0.0 3038 56 1273.2173913043478 23
stats: {sentpackets,"tsung_controller@ip-172-31-27-7"} 1 2039.0 0.0 2920 61 1181.391304347826 23
stats: {cpu,"tsung_controller@ip-172-31-27-7"} 1 2.5974025974025974 0.0 5.818540433925049 0.3996003996003996 2.394226900371931 24
stats: {freemem,"tsung_controller@ip-172-31-27-7"} 1 3468.171875 0.0 3517.10546875 3468.00390625 3499.662109375 24
stats: session 101 50958.62591089105 1284.364332564298 55310.401 35704.905 42986.12121473355 1276
stats: users_count 0 1399
stats: finish_users_count 101 1377
stats: request 495 160.58971515151543 178.21327585055928 3119.34 6.95 153.6915065708613 10577
stats: connect 0 0 0 23.03 0.718 1.3330285918513227 1399
stats: page 112 736.0548392857141 376.30991844409687 5132.44 9.183 399.2875197044335 4060
stats: 302 93 2066
stats: 200 402 8879
stats: size_rcv 1047746 24241489
stats: newphase 0 9
stats: size_sent 504485 10095531
stats: connected -98 25
stats: 500 0 127
# stats: dump at 1575458579
stats: users 0 698
stats: {load,"tsung_controller@ip-172-31-27-7"} 1 0.01953125 0.0 0.08984375 0.0 0.0346875 25
stats: {recvpackets,"tsung_controller@ip-172-31-27-7"} 1 1594.0 0.0 3038 56 1329.0833333333333 24
stats: {sentpackets,"tsung_controller@ip-172-31-27-7"} 1 1211.0 0.0 2920 61 1217.125 24
stats: {cpu,"tsung_controller@ip-172-31-27-7"} 1 1.9940179461615155 0.0 5.818540433925049 0.3996003996003996 2.4023539282531576 25
stats: {freemem,"tsung_controller@ip-172-31-27-7"} 1 3468.546875 0.0 3517.10546875 3468.00390625 3498.4025 25
stats: session 22 50916.44481818181 143.41766243123337 55310.401 35704.905 43570.887354393606 1377
stats: users_count 0 1399
stats: finish_users_count 22 1399
stats: request 111 154.3442522522522 163.22136610283877 3119.34 6.95 153.99990733381503 11072
stats: connect 0 0 0 23.03 0.718 1.3330285918513227 1399
stats: page 25 761.5499199999999 36.4640054803857 5132.44 9.183 408.3282531160115 4172
stats: 302 19 2085
stats: 200 92 8971
stats: size_rcv 229707 24471196
stats: newphase 0 9
stats: size_sent 107011 10202542
stats: connected -25 0
stats: 500 0 127
EndMonitor:{1575,458579,13190}
