# stats: dump at 1574036334
stats: users 7 7
stats: {cpu,"tsung_controller@ip-172-31-16-50"} 1 0.6974624646232072 0 0.6974624646232072 0.6974624646232072 0 0
stats: {load,"tsung_controller@ip-172-31-16-50"} 1 0.0 0 0.0 0.0 0 0
stats: {freemem,"tsung_controller@ip-172-31-16-50"} 1 3522.76171875 0 3522.76171875 3522.76171875 0 0
stats: users_count 7 7
stats: finish_users_count 0 0
stats: request 17 23.473411764705887 22.188211411783044 90.569 11.761 0 0
stats: connect 7 2.7237142857142858 3.5002955676948893 11.296 1.222 0 0
stats: page 7 57.2987142857143 43.41575367705759 138.788 11.966 0 0
stats: 302 7 7
stats: 200 10 10
stats: size_rcv 11157 11157
stats: size_sent 10985 10985
stats: connected 7 7
# stats: dump at 1574036344
stats: users 13 13
stats: {recvpackets,"tsung_controller@ip-172-31-16-50"} 1 166 0 166 166 0 0
stats: {sentpackets,"tsung_controller@ip-172-31-16-50"} 1 240 0 240 240 0 0
stats: {cpu,"tsung_controller@ip-172-31-16-50"} 1 2.19560878243513 0.0 2.19560878243513 0.6974624646232072 0.6974624646232072 1
stats: {load,"tsung_controller@ip-172-31-16-50"} 1 0.0 0.0 0.0 0.0 0.0 1
stats: {freemem,"tsung_controller@ip-172-31-16-50"} 1 3523.33984375 0.0 3523.33984375 3522.76171875 3522.76171875 1
stats: users_count 6 13
stats: finish_users_count 0 0
stats: request 10 20.399099999999994 19.218896172517294 90.569 10.875 23.473411764705887 17
stats: connect 6 1.2408333333333332 0.11139032972190878 11.296 1.043 2.7237142857142858 7
stats: page 6 34.032999999999994 24.544591474837517 138.788 10.875 57.2987142857143 7
stats: 302 6 13
stats: 200 4 14
stats: size_rcv 4882 16039
stats: size_sent 5024 16009
stats: connected 6 13
# stats: dump at 1574036354
stats: users 22 22
stats: {recvpackets,"tsung_controller@ip-172-31-16-50"} 1 370.0 0.0 370 166 166.0 1
stats: {sentpackets,"tsung_controller@ip-172-31-16-50"} 1 505.0 0.0 505 240 240.0 1
stats: {cpu,"tsung_controller@ip-172-31-16-50"} 1 3.865213082259663 0.0 3.865213082259663 0.6974624646232072 1.4465356235291686 2
stats: {load,"tsung_controller@ip-172-31-16-50"} 1 0.0 0.0 0.0 0.0 0.0 2
stats: {freemem,"tsung_controller@ip-172-31-16-50"} 1 3519.8671875 0.0 3523.33984375 3519.8671875 3523.05078125 2
stats: users_count 9 22
stats: finish_users_count 0 0
stats: request 17 13.026647058823531 2.1902938277553345 90.569 7.761 22.334777777777777 27
stats: connect 9 1.3583333333333332 0.07932352880591118 11.296 1.043 2.039307692307692 13
stats: page 9 24.654333333333334 14.963512095167438 138.788 7.761 46.56069230769231 13
stats: 302 9 22
stats: 200 8 22
stats: size_rcv 9371 25410
stats: size_sent 9478 25487
stats: connected 9 22
# stats: dump at 1574036364
stats: users 33 33
stats: {recvpackets,"tsung_controller@ip-172-31-16-50"} 1 76.0 0.0 370 76 268.0 2
stats: {sentpackets,"tsung_controller@ip-172-31-16-50"} 1 77.0 0.0 505 77 372.5 2
stats: {cpu,"tsung_controller@ip-172-31-16-50"} 1 0.2 0.0 3.865213082259663 0.2 2.252761443106 3
stats: {load,"tsung_controller@ip-172-31-16-50"} 1 0.0 0.0 0.0 0.0 0.0 3
stats: {freemem,"tsung_controller@ip-172-31-16-50"} 1 3521.61328125 0.0 3523.33984375 3519.8671875 3521.9895833333335 3
stats: session 2 30051.734 0.3739999999997963 30052.108 30051.36 0 0
stats: users_count 13 35
stats: finish_users_count 2 2
stats: request 31 14.734774193548382 3.60228164890583 90.569 7.761 18.738454545454545 44
stats: connect 13 1.9356923076923078 1.4202465866404697 11.296 1.043 1.7607272727272723 22
stats: page 15 30.507933333333337 14.685399031993954 138.788 7.761 37.599 22
stats: 302 13 35
stats: 200 18 40
stats: size_rcv 20053 45463
stats: size_sent 19981 45468
stats: connected 11 33
# stats: dump at 1574036374
stats: users 40 40
stats: {recvpackets,"tsung_controller@ip-172-31-16-50"} 1 98.0 0.0 370 76 204.0 3
stats: {sentpackets,"tsung_controller@ip-172-31-16-50"} 1 106.0 0.0 505 77 274.0 3
stats: {cpu,"tsung_controller@ip-172-31-16-50"} 1 0.49800796812749004 0.0 3.865213082259663 0.2 1.7395710823295 4
stats: {load,"tsung_controller@ip-172-31-16-50"} 1 0.0 0.0 0.0 0.0 0.0 4
stats: {freemem,"tsung_controller@ip-172-31-16-50"} 1 3521.51953125 0.0 3523.33984375 3519.8671875 3521.8955078125 4
stats: session 4 30067.72325 26.662210808323792 30112.965 30047.266 30051.734 2
stats: users_count 11 46
stats: finish_users_count 4 6
stats: request 26 15.084230769230768 3.4380936388967775 90.569 7.761 17.083599999999997 75
stats: connect 10 1.3241999999999998 0.03629269899029281 11.296 1.043 1.8257142857142854 35
stats: page 14 28.05864285714286 14.209247268728825 138.788 7.761 34.724243243243244 37
stats: 302 10 45
stats: 200 16 56
stats: size_rcv 17530 62993
stats: size_sent 17728 63196
stats: connected 6 39
# stats: dump at 1574036384
stats: users 41 43
stats: {recvpackets,"tsung_controller@ip-172-31-16-50"} 1 117.0 0.0 370 76 177.5 4
stats: {sentpackets,"tsung_controller@ip-172-31-16-50"} 1 126.0 0.0 505 77 232.0 4
stats: {cpu,"tsung_controller@ip-172-31-16-50"} 1 0.7928642220019821 0.0 3.865213082259663 0.2 1.491258459489098 5
stats: {load,"tsung_controller@ip-172-31-16-50"} 1 0.0 0.0 0.0 0.0 0.0 5
stats: {freemem,"tsung_controller@ip-172-31-16-50"} 1 3521.41015625 0.0 3523.33984375 3519.8671875 3521.8203125 5
stats: session 5 30049.1542 1.9789671447501274 30112.965 30046.64 30062.393500000002 6
stats: users_count 6 52
stats: finish_users_count 5 11
stats: request 25 15.38992 3.0101339893101104 90.569 7.761 16.568910891089104 101
stats: connect 7 2.158 2.0176536585138405 11.296 1.043 1.7142666666666666 45
stats: page 12 32.121916666666664 12.080243916262159 138.788 7.761 32.89447058823529 51
stats: 302 7 52
stats: 200 18 74
stats: size_rcv 19140 82133
stats: size_sent 18925 82121
stats: connected 2 41
# stats: dump at 1574036394
stats: users 49 49
stats: {recvpackets,"tsung_controller@ip-172-31-16-50"} 1 274.0 0.0 370 76 165.4 5
stats: {sentpackets,"tsung_controller@ip-172-31-16-50"} 1 325.0 0.0 505 77 210.8 5
stats: {cpu,"tsung_controller@ip-172-31-16-50"} 1 1.996007984031936 0.0 3.865213082259663 0.2 1.374859419907912 6
stats: {load,"tsung_controller@ip-172-31-16-50"} 1 0.0 0.0 0.0 0.0 0.0 6
stats: {freemem,"tsung_controller@ip-172-31-16-50"} 1 3520.4765625 0.0 3523.33984375 3519.8671875 3521.751953125 6
stats: session 6 30049.757 1.6382154925403931 30112.965 30046.64 30056.375636363635 11
stats: users_count 14 66
stats: finish_users_count 6 17
stats: request 35 15.066685714285713 3.142904459903551 90.569 7.761 16.334984126984125 126
stats: connect 13 2.0243076923076933 2.5415267484364104 11.296 0.923 1.7739999999999998 52
stats: page 19 27.800105263157896 13.960428627467133 138.788 7.761 32.74731746031746 63
stats: 302 13 65
stats: 200 22 96
stats: size_rcv 23985 106118
stats: size_sent 24265 106386
stats: connected 5 46
# stats: dump at 1574036404
stats: users 47 51
stats: {recvpackets,"tsung_controller@ip-172-31-16-50"} 1 144.0 0.0 370 76 183.5 6
stats: {sentpackets,"tsung_controller@ip-172-31-16-50"} 1 154.0 0.0 505 77 229.83333333333334 6
stats: {cpu,"tsung_controller@ip-172-31-16-50"} 1 0.7960199004975124 0.0 3.865213082259663 0.2 1.4635949290684869 7
stats: {load,"tsung_controller@ip-172-31-16-50"} 1 0.0 0.0 0.0 0.0 0.0 7
stats: {freemem,"tsung_controller@ip-172-31-16-50"} 1 3521.3125 0.0 3523.33984375 3519.8671875 3521.569754464286 7
stats: session 6 30053.587 7.049445557395137 30112.965 30046.64 30054.039647058824 17
stats: users_count 4 70
stats: finish_users_count 6 23
stats: request 23 16.498826086956523 4.875073748848399 90.569 7.761 16.05926708074534 161
stats: connect 5 1.2816 0.04181196001146086 11.296 0.923 1.8240615384615386 65
stats: page 11 34.56100000000001 11.384256617244393 138.788 7.761 31.601012195121957 82
stats: 302 5 70
stats: 200 18 114
stats: size_rcv 18841 124959
stats: size_sent 18947 125333
stats: connected -6 40
# stats: dump at 1574036414
stats: users 54 55
stats: {recvpackets,"tsung_controller@ip-172-31-16-50"} 1 76.0 0.0 370 76 177.85714285714286 7
stats: {sentpackets,"tsung_controller@ip-172-31-16-50"} 1 80.0 0.0 505 77 219.0 7
stats: {cpu,"tsung_controller@ip-172-31-16-50"} 1 0.2 0.0 3.865213082259663 0.2 1.380148050497115 8
stats: {load,"tsung_controller@ip-172-31-16-50"} 1 0.0 0.0 0.0 0.0 0.0 8
stats: {freemem,"tsung_controller@ip-172-31-16-50"} 1 3521.0 0.0 3523.33984375 3519.8671875 3521.53759765625 8
stats: session 3 30048.929666666667 0.712182716879296 30112.965 30046.64 30053.92156521739 23
stats: users_count 10 80
stats: finish_users_count 3 26
stats: request 22 16.414863636363638 6.593264616226683 90.569 7.761 16.114211956521736 184
stats: connect 10 4.6624 9.370590111620505 32.732 0.923 1.7853142857142859 70
stats: page 13 27.82553846153846 18.418623888358987 138.788 7.761 31.9511182795699 93
stats: 302 10 80
stats: 200 12 126
stats: size_rcv 13475 138434
stats: size_sent 13784 139117
stats: connected 5 45
# stats: dump at 1574036424
stats: users 56 58
stats: {recvpackets,"tsung_controller@ip-172-31-16-50"} 1 92.0 0.0 370 76 165.125 8
stats: {sentpackets,"tsung_controller@ip-172-31-16-50"} 1 98.0 0.0 505 77 201.625 8
stats: {cpu,"tsung_controller@ip-172-31-16-50"} 1 0.39920159680638717 0.0 3.865213082259663 0.2 1.2490204893307688 9
stats: {load,"tsung_controller@ip-172-31-16-50"} 1 0.0 0.0 0.0 0.0 0.0 9
stats: {freemem,"tsung_controller@ip-172-31-16-50"} 1 3520.76953125 0.0 3523.33984375 3519.8671875 3521.4778645833335 9
stats: session 8 30055.453625000002 17.90895063883922 30112.965 30046.64 30053.345576923075 26
stats: users_count 10 90
stats: finish_users_count 8 34
stats: request 42 16.646023809523815 8.763782265361868 90.569 7.761 16.146320388349512 206
stats: connect 10 2.066 1.437771470018793 32.732 0.923 2.14495 80
stats: page 18 38.91316666666667 15.61401688387713 138.788 7.761 31.445150943396232 106
stats: 302 10 90
stats: 200 32 158
stats: size_rcv 33750 172184
stats: size_sent 33600 172717
stats: connected -2 43
# stats: dump at 1574036434
stats: users 58 59
stats: {recvpackets,"tsung_controller@ip-172-31-16-50"} 1 172.0 0.0 370 76 157.0 9
stats: {sentpackets,"tsung_controller@ip-172-31-16-50"} 1 177.0 0.0 505 77 190.11111111111111 9
stats: {cpu,"tsung_controller@ip-172-31-16-50"} 1 0.499001996007984 0.0 3.865213082259663 0.2 1.1640386000783307 10
stats: {load,"tsung_controller@ip-172-31-16-50"} 1 0.0 0.0 0.0 0.0 0.0 10
stats: {freemem,"tsung_controller@ip-172-31-16-50"} 1 3520.38671875 0.0 3523.33984375 3519.8671875 3521.40703125 10
stats: session 7 80093.73342857145 31643.81280367821 100173.301 30046.64 30053.841588235297 34
stats: users_count 9 99
stats: finish_users_count 7 41
stats: request 29 15.580724137931032 5.645593966470221 90.569 6.468 16.23094758064516 248
stats: connect 14 2.620642857142857 1.617991462415355 32.732 0.923 2.1361777777777777 90
stats: page 16 28.285625000000003 13.263889987834451 138.788 7.761 32.52921774193549 124
stats: 302 14 104
stats: 200 15 173
stats: size_rcv 21672 193856
stats: size_sent 21994 194711
stats: connected 1 44
# stats: dump at 1574036444
stats: users 54 59
stats: {recvpackets,"tsung_controller@ip-172-31-16-50"} 1 301.0 0.0 370 76 158.5 10
stats: {sentpackets,"tsung_controller@ip-172-31-16-50"} 1 337.0 0.0 505 77 188.8 10
stats: {cpu,"tsung_controller@ip-172-31-16-50"} 1 1.7892644135188867 0.0 3.865213082259663 0.2 1.1035807269810265 11
stats: {load,"tsung_controller@ip-172-31-16-50"} 1 0.0 0.0 0.0 0.0 0.0 11
stats: {freemem,"tsung_controller@ip-172-31-16-50"} 1 3520.171875 0.0 3523.33984375 3519.8671875 3521.314275568182 11
stats: session 9 45611.725333333336 29110.85425619386 100173.301 30046.64 38597.237756097566 41
stats: users_count 5 104
stats: finish_users_count 9 50
stats: request 31 15.334193548387097 3.459043102990403 90.569 6.468 16.162873646209388 277
stats: connect 7 1.9504285714285718 1.3091829357212361 32.732 0.923 2.201394230769231 104
stats: page 14 34.03378571428572 7.244343164335402 138.788 7.761 32.04423571428572 140
stats: 302 7 111
stats: 200 24 197
stats: size_rcv 27030 220886
stats: size_sent 26981 221692
stats: connected -8 36
# stats: dump at 1574036454
stats: users 119 119
stats: {recvpackets,"tsung_controller@ip-172-31-16-50"} 1 105.0 0.0 370 76 171.45454545454547 11
stats: {sentpackets,"tsung_controller@ip-172-31-16-50"} 1 105.0 0.0 505 77 202.27272727272728 11
stats: {cpu,"tsung_controller@ip-172-31-16-50"} 1 0.49800796812749004 0.0 3.865213082259663 0.2 1.160721034192515 12
stats: {load,"tsung_controller@ip-172-31-16-50"} 1 0.0 0.0 0.0 0.0 0.0 12
stats: {freemem,"tsung_controller@ip-172-31-16-50"} 1 3519.95703125 0.0 3523.33984375 3519.8671875 3521.2190755208335 12
stats: session 6 76729.289 33008.49451863766 100173.301 30046.64 39859.84552 50
stats: users_count 71 175
stats: finish_users_count 6 56
stats: request 172 13.88561046511627 2.8501818902597957 90.569 6.468 16.079467532467532 308
stats: connect 74 1.448527027027027 1.1426834139011008 32.732 0.868 2.185567567567568 111
stats: page 76 31.496447368421023 14.141353096685076 138.788 7.761 32.2251038961039 154
stats: 302 74 185
stats: 200 98 295
stats: size_rcv 113683 334569
stats: newphase 1 1
stats: size_sent 112531 334223
stats: connected 65 101
# stats: dump at 1574036464
stats: users 133 143
stats: {recvpackets,"tsung_controller@ip-172-31-16-50"} 1 982.0 0.0 982 76 165.91666666666669 12
stats: {sentpackets,"tsung_controller@ip-172-31-16-50"} 1 1060.0 0.0 1060 77 194.16666666666666 12
stats: {cpu,"tsung_controller@ip-172-31-16-50"} 1 3.6561264822134385 0.0 3.865213082259663 0.2 1.1097431060336669 13
stats: {load,"tsung_controller@ip-172-31-16-50"} 1 0.0 0.0 0.0 0.0 0.0 13
stats: {freemem,"tsung_controller@ip-172-31-16-50"} 1 3517.7890625 0.0 3523.33984375 3517.7890625 3521.1219951923076 13
stats: session 13 67755.38469230769 34906.07296968489 100173.301 30046.64 43810.14303571429 56
stats: users_count 27 202
stats: finish_users_count 13 69
stats: request 86 14.56825581395349 4.5894528482366095 90.569 6.468 15.293335416666661 480
stats: connect 35 1.3741714285714284 0.6204190973257759 32.732 0.868 1.8907513513513516 185
stats: page 41 30.61882926829268 10.981868635480403 138.788 7.761 31.984330434782603 230
stats: 302 35 220
stats: 200 51 346
stats: size_rcv 62947 397516
stats: newphase 0 1
stats: size_sent 62945 397168
stats: connected 16 117
# stats: dump at 1574036474
stats: users 127 143
stats: {recvpackets,"tsung_controller@ip-172-31-16-50"} 1 228.0 0.0 982 76 228.69230769230768 13
stats: {sentpackets,"tsung_controller@ip-172-31-16-50"} 1 230.0 0.0 1060 77 260.7692307692308 13
stats: {cpu,"tsung_controller@ip-172-31-16-50"} 1 0.8964143426294822 0.0 3.865213082259663 0.2 1.2916276329036507 14
stats: {load,"tsung_controller@ip-172-31-16-50"} 1 0.0 0.0 0.0 0.0 0.0 14
stats: {freemem,"tsung_controller@ip-172-31-16-50"} 1 3516.87109375 0.0 3523.33984375 3516.87109375 3520.8839285714284 14
stats: session 6 88404.17183333333 26095.498532805355 100173.301 30046.64 48321.5653768116 69
stats: users_count 0 202
stats: finish_users_count 6 75
stats: request 10 13.8677 5.671906488121961 90.569 6.468 15.18316431095406 566
stats: connect 4 2.2695 1.662036476735694 32.732 0.868 1.808568181818182 220
stats: page 5 27.7968 3.2950237267734495 138.788 7.761 31.777741697416968 271
stats: 302 4 224
stats: 200 6 352
stats: size_rcv 10275 407791
stats: newphase 0 1
stats: size_sent 10305 407473
stats: connected -2 115
# stats: dump at 1574036484
stats: users 99 143
stats: {recvpackets,"tsung_controller@ip-172-31-16-50"} 1 283.0 0.0 982 76 228.64285714285714 14
stats: {sentpackets,"tsung_controller@ip-172-31-16-50"} 1 344.0 0.0 1060 77 258.57142857142856 14
stats: {cpu,"tsung_controller@ip-172-31-16-50"} 1 1.7857142857142856 0.0 3.865213082259663 0.2 1.2652800802187059 15
stats: {load,"tsung_controller@ip-172-31-16-50"} 1 0.0 0.0 0.0 0.0 0.0 15
stats: {freemem,"tsung_controller@ip-172-31-16-50"} 1 3515.8515625 0.0 3523.33984375 3515.8515625 3520.61640625 15
stats: session 28 37552.16132142856 21656.612970080667 100173.301 30045.752 51528.17389333334 75
stats: users_count 0 202
stats: finish_users_count 28 103
stats: request 58 16.78098275862069 4.221339260812278 90.569 6.468 15.160326388888885 576
stats: connect 4 3.21875 1.9441385463747176 32.732 0.868 1.8167991071428573 224
stats: page 29 33.616241379310345 4.1962245646424154 138.788 7.761 31.70562318840579 276
stats: 302 4 228
stats: 200 54 406
stats: size_rcv 58443 466234
stats: newphase 0 1
stats: size_sent 58861 466334
stats: connected -31 84
# stats: dump at 1574036494
stats: users 82 143
stats: {recvpackets,"tsung_controller@ip-172-31-16-50"} 1 421.0 0.0 982 76 232.26666666666668 15
stats: {sentpackets,"tsung_controller@ip-172-31-16-50"} 1 469.0 0.0 1060 77 264.26666666666665 15
stats: {cpu,"tsung_controller@ip-172-31-16-50"} 1 2.0937188434695915 0.0 3.865213082259663 0.2 1.2978072180621796 16
stats: {load,"tsung_controller@ip-172-31-16-50"} 1 0.0 0.0 0.0 0.0 0.0 16
stats: {freemem,"tsung_controller@ip-172-31-16-50"} 1 3515.2578125 0.0 3523.33984375 3515.2578125 3520.318603515625 16
stats: session 17 50648.89552941177 31903.22977248318 100173.301 30045.752 47728.869504854374 103
stats: users_count 0 202
stats: finish_users_count 17 120
stats: request 34 16.05479411764705 4.503533173614661 90.569 6.468 15.308588328075707 634
stats: connect 5 1.2912 0.11654938867278543 32.732 0.868 1.8413947368421053 228
stats: page 17 32.16305882352941 5.150800103131759 138.788 7.761 31.887288524590158 305
stats: 302 5 233
stats: 200 29 435
stats: size_rcv 34411 500645
stats: newphase 0 1
stats: size_sent 34549 500883
stats: connected -16 68
# stats: dump at 1574036504
stats: users 79 143
stats: {recvpackets,"tsung_controller@ip-172-31-16-50"} 1 145.0 0.0 982 76 244.0625 16
stats: {sentpackets,"tsung_controller@ip-172-31-16-50"} 1 150.0 0.0 1060 77 277.0625 16
stats: {cpu,"tsung_controller@ip-172-31-16-50"} 1 0.3996003996003996 0.0 3.865213082259663 0.2 1.344625548968498 17
stats: {load,"tsung_controller@ip-172-31-16-50"} 1 0.0 0.0 0.0 0.0 0.0 17
stats: {freemem,"tsung_controller@ip-172-31-16-50"} 1 3515.265625 0.0 3523.33984375 3515.2578125 3520.0209099264707 17
stats: session 3 100128.72599999998 85.2561148696584 100249.296 30045.752 48142.53985833334 120
stats: users_count 0 202
stats: finish_users_count 3 123
stats: request 6 42.68216666666667 69.39031699840324 197.515 6.468 15.346568862275445 668
stats: connect 3 1.3616666666666666 0.06623359335630889 32.732 0.868 1.8295879828326183 233
stats: page 3 85.41666666666667 84.80242634238455 205.342 7.761 31.901847826086946 322
stats: 302 3 236
stats: 200 3 438
stats: size_rcv 6201 506846
stats: newphase 0 1
stats: size_sent 6201 507084
stats: connected -6 62
# stats: dump at 1574036514
stats: users 76 143
stats: {recvpackets,"tsung_controller@ip-172-31-16-50"} 1 40.0 0.0 982 40 238.23529411764707 17
stats: {sentpackets,"tsung_controller@ip-172-31-16-50"} 1 30.0 0.0 1060 30 269.5882352941176 17
stats: {cpu,"tsung_controller@ip-172-31-16-50"} 1 0.2997002997002997 0.0 3.865213082259663 0.2 1.2921241517813813 18
stats: {load,"tsung_controller@ip-172-31-16-50"} 1 0.0 0.0 0.0 0.0 0.0 18
stats: {freemem,"tsung_controller@ip-172-31-16-50"} 1 3515.140625 0.0 3523.33984375 3515.140625 3519.7567274305557 18
stats: session 3 100083.45233333333 15.553103234471351 100249.296 30045.752 49410.49561788619 123
stats: users_count 0 202
stats: finish_users_count 3 126
stats: request 6 13.439333333333332 6.065376401253997 197.515 6.468 15.58991246290801 674
stats: connect 3 3.112 2.569877169567967 32.732 0.868 1.8236398305084747 236
stats: page 3 26.923333333333336 2.1267894948855557 205.342 7.761 32.39583076923076 325
stats: 302 3 239
stats: 200 3 441
stats: size_rcv 6201 513047
stats: newphase 0 1
stats: size_sent 6215 513299
stats: connected -14 48
# stats: dump at 1574036524
stats: users 68 143
stats: {recvpackets,"tsung_controller@ip-172-31-16-50"} 1 82.0 0.0 982 40 227.22222222222223 18
stats: {sentpackets,"tsung_controller@ip-172-31-16-50"} 1 65.0 0.0 1060 30 256.27777777777777 18
stats: {cpu,"tsung_controller@ip-172-31-16-50"} 1 0.19960079840319359 0.0 3.865213082259663 0.19960079840319359 1.2398913174613242 19
stats: {load,"tsung_controller@ip-172-31-16-50"} 1 0.0 0.0 0.0 0.0 0.0 19
stats: {freemem,"tsung_controller@ip-172-31-16-50"} 1 3514.93359375 0.0 3523.33984375 3514.93359375 3519.5137746710525 19
stats: session 8 100077.37587500001 12.706802670591617 100249.296 30045.752 50616.9945873016 126
stats: users_count 0 202
stats: finish_users_count 8 134
stats: request 16 15.1855 7.772263787018554 197.515 6.468 15.57093676470588 680
stats: connect 8 1.823125 1.302085004665594 32.732 0.868 1.8398117154811717 239
stats: page 8 30.423374999999997 9.232396884578511 205.342 7.761 32.34577743902439 328
stats: 302 8 247
stats: 200 8 449
stats: size_rcv 16536 529583
stats: newphase 0 1
stats: size_sent 16522 529821
stats: connected -48 0
# stats: dump at 1574036534
stats: users 65 143
stats: {recvpackets,"tsung_controller@ip-172-31-16-50"} 1 302.0 0.0 982 40 219.57894736842104 19
stats: {sentpackets,"tsung_controller@ip-172-31-16-50"} 1 305.0 0.0 1060 30 246.21052631578948 19
stats: {cpu,"tsung_controller@ip-172-31-16-50"} 1 2.083333333333333 0.0 3.865213082259663 0.19960079840319359 1.1878767915084176 20
stats: {load,"tsung_controller@ip-172-31-16-50"} 1 0.0 0.0 0.0 0.0 0.0 20
stats: {freemem,"tsung_controller@ip-172-31-16-50"} 1 3514.19140625 0.0 3523.33984375 3514.19140625 3519.284765625 20
stats: session 3 100075.36566666666 1.8258925366945573 100249.296 30045.752 53569.8531716418 134
stats: users_count 0 202
stats: finish_users_count 3 137
stats: request 6 14.326500000000001 6.1593097759949265 197.515 6.379 15.562076149425287 696
stats: connect 3 3.888333333333333 1.7981976779233393 32.732 0.868 1.8392712550607289 247
stats: page 3 28.705333333333332 0.562310313695995 205.342 7.761 32.30000595238095 336
stats: 302 3 250
stats: 200 3 452
stats: size_rcv 6201 535784
stats: newphase 0 1
stats: size_sent 6231 536052
stats: connected 0 0
# stats: dump at 1574036544
stats: users 61 143
stats: {recvpackets,"tsung_controller@ip-172-31-16-50"} 1 47.0 0.0 982 40 223.7 20
stats: {sentpackets,"tsung_controller@ip-172-31-16-50"} 1 48.0 0.0 1060 30 249.15 20
stats: {cpu,"tsung_controller@ip-172-31-16-50"} 1 0.09970089730807577 0.0 3.865213082259663 0.09970089730807577 1.2305175792143659 21
stats: {load,"tsung_controller@ip-172-31-16-50"} 1 0.0 0.0 0.0 0.0 0.0 21
stats: {freemem,"tsung_controller@ip-172-31-16-50"} 1 3514.203125 0.0 3523.33984375 3514.19140625 3519.0422247023807 21
stats: session 4 100069.46449999999 1.022134408959696 100249.296 30045.752 54588.22205839417 137
stats: users_count 0 202
stats: finish_users_count 4 141
stats: request 8 12.600750000000001 5.597244383399746 197.515 6.379 15.55151566951567 702
stats: connect 4 1.39825 0.08130613445491064 32.732 0.868 1.86386 250
stats: page 4 25.249499999999998 1.401448982303671 205.342 7.761 32.26819469026549 339
stats: 302 4 254
stats: 200 4 456
stats: size_rcv 8268 544052
stats: newphase 0 1
stats: size_sent 8324 544376
stats: connected 0 0
# stats: dump at 1574036554
stats: users 15 143
stats: {recvpackets,"tsung_controller@ip-172-31-16-50"} 1 58.0 0.0 982 40 215.28571428571428 21
stats: {sentpackets,"tsung_controller@ip-172-31-16-50"} 1 60.0 0.0 1060 30 239.57142857142858 21
stats: {cpu,"tsung_controller@ip-172-31-16-50"} 1 0.3 0.0 3.865213082259663 0.09970089730807577 1.1791168209458982 22
stats: {load,"tsung_controller@ip-172-31-16-50"} 1 0.0 0.0 0.0 0.0 0.0 22
stats: {freemem,"tsung_controller@ip-172-31-16-50"} 1 3514.203125 0.0 3523.33984375 3514.19140625 3518.822265625 22
stats: session 46 100070.07358695655 5.9081064522598705 100249.296 30045.752 55878.470070922 141
stats: users_count 0 202
stats: finish_users_count 46 187
stats: request 92 12.292271739130436 5.602643947092925 197.515 6.29 15.518267605633804 710
stats: connect 46 1.766260869565217 1.259469012249462 32.732 0.868 1.8565275590551182 254
stats: page 46 24.634478260869564 3.845509836380778 205.342 7.761 32.18634402332362 343
stats: 302 46 300
stats: 200 46 502
stats: size_rcv 84549 628601
stats: newphase 0 1
stats: size_sent 95432 639808
stats: connected 0 0
# stats: dump at 1574036558
stats: users 0 143
stats: {recvpackets,"tsung_controller@ip-172-31-16-50"} 1 692.0 0.0 982 40 208.13636363636363 22
stats: {sentpackets,"tsung_controller@ip-172-31-16-50"} 1 769.0 0.0 1060 30 231.4090909090909 22
stats: {cpu,"tsung_controller@ip-172-31-16-50"} 1 2.5742574257425743 0.0 3.865213082259663 0.09970089730807577 1.1408943504699898 23
stats: {load,"tsung_controller@ip-172-31-16-50"} 1 0.0 0.0 0.0 0.0 0.0 23
stats: {freemem,"tsung_controller@ip-172-31-16-50"} 1 3514.08984375 0.0 3523.33984375 3514.08984375 3518.621433423913 23
stats: session 15 100063.81806666667 2.8824710109357357 100249.296 30045.752 66749.13189839573 187
stats: users_count 0 202
stats: finish_users_count 15 202
stats: request 30 10.075166666666668 2.7604380942564575 197.515 6.29 15.148203241895262 802
stats: connect 15 1.7289333333333332 1.0122168059374543 32.732 0.868 1.8426866666666668 300
stats: page 15 20.198866666666664 1.5137348013733736 205.342 7.761 31.29332133676093 389
stats: 302 15 315
stats: 200 15 517
stats: size_rcv 13440 642041
stats: newphase 0 1
stats: size_sent 31071 670879
stats: connected 0 0
EndMonitor:{1574,36558,536283}
