# stats: dump at 1575455713
stats: users 10 10
stats: {load,"tsung_controller@ip-172-31-27-7"} 1 0.0 0 0.0 0.0 0 0
stats: {cpu,"tsung_controller@ip-172-31-27-7"} 1 0.9030934844755022 0 0.9030934844755022 0.9030934844755022 0 0
stats: {freemem,"tsung_controller@ip-172-31-27-7"} 1 3514.9609375 0 3514.9609375 3514.9609375 0 0
stats: users_count 10 10
stats: finish_users_count 0 0
stats: request 14 32.57485714285715 39.47760391820214 169.495 15.852 0 0
stats: connect 10 2.3998999999999997 3.8441984196968817 13.932 1.039 0 0
stats: page 10 45.6325 50.07445567602308 169.495 15.852 0 0
stats: 302 10 10
stats: 200 4 4
stats: size_rcv 5404 5404
stats: size_sent 5768 5768
stats: connected 10 10
# stats: dump at 1575455723
stats: users 19 19
stats: {load,"tsung_controller@ip-172-31-27-7"} 1 0.0 0.0 0.0 0.0 0.0 1
stats: {recvpackets,"tsung_controller@ip-172-31-27-7"} 1 55 0 55 55 0 0
stats: {sentpackets,"tsung_controller@ip-172-31-27-7"} 1 63 0 63 63 0 0
stats: {cpu,"tsung_controller@ip-172-31-27-7"} 1 0.3996003996003996 0.0 0.9030934844755022 0.3996003996003996 0.9030934844755022 1
stats: {freemem,"tsung_controller@ip-172-31-27-7"} 1 3515.91015625 0.0 3515.91015625 3514.9609375 3514.9609375 1
stats: users_count 9 19
stats: finish_users_count 0 0
stats: request 23 20.418130434782608 4.000606402994729 169.495 15.766 32.57485714285715 14
stats: connect 9 1.1547777777777777 0.08729105564181093 13.932 0.962 2.3998999999999997 10
stats: page 9 52.25966666666667 17.535395765897803 169.495 15.811 45.6325 10
stats: 302 9 19
stats: 200 14 18
stats: size_rcv 15508 20912
stats: size_sent 15323 21091
stats: connected 9 19
# stats: dump at 1575455733
stats: users 27 27
stats: {load,"tsung_controller@ip-172-31-27-7"} 1 0.0 0.0 0.0 0.0 0.0 2
stats: {recvpackets,"tsung_controller@ip-172-31-27-7"} 1 80.0 0.0 80 55 55.0 1
stats: {sentpackets,"tsung_controller@ip-172-31-27-7"} 1 82.0 0.0 82 63 63.0 1
stats: {cpu,"tsung_controller@ip-172-31-27-7"} 1 0.2997002997002997 0.0 0.9030934844755022 0.2997002997002997 0.651346942037951 2
stats: {freemem,"tsung_controller@ip-172-31-27-7"} 1 3515.5859375 0.0 3515.91015625 3514.9609375 3515.435546875 2
stats: users_count 8 27
stats: finish_users_count 0 0
stats: request 13 32.302538461538454 26.11135227507637 169.495 15.766 25.017972972972974 37
stats: connect 7 1.2321428571428572 0.19074397842690197 13.932 0.869 1.8101052631578944 19
stats: page 7 60.04585714285714 55.660059228007526 190.322 15.811 48.77168421052632 19
stats: 302 7 26
stats: 200 6 24
stats: size_rcv 7058 27970
stats: newphase 1 1
stats: size_sent 7107 28198
stats: connected 7 26
# stats: dump at 1575455743
stats: users 56 56
stats: {load,"tsung_controller@ip-172-31-27-7"} 1 0.0 0.0 0.0 0.0 0.0 3
stats: {recvpackets,"tsung_controller@ip-172-31-27-7"} 1 100.0 0.0 100 55 67.5 2
stats: {sentpackets,"tsung_controller@ip-172-31-27-7"} 1 106.0 0.0 106 63 72.5 2
stats: {cpu,"tsung_controller@ip-172-31-27-7"} 1 0.1002004008016032 0.0 0.9030934844755022 0.1002004008016032 0.5341313945920673 3
stats: {freemem,"tsung_controller@ip-172-31-27-7"} 1 3516.78515625 0.0 3516.78515625 3514.9609375 3515.4856770833335 3
stats: users_count 29 56
stats: finish_users_count 0 0
stats: request 68 69.73422058823529 76.060599622129 361.858 15.668 26.91196 50
stats: connect 27 1.476925925925926 0.8814463251626051 13.932 0.806 1.6544999999999999 26
stats: page 34 130.51344117647056 143.00994503657498 659.657 15.811 51.80703846153846 26
stats: 302 26 52
stats: 200 42 66
stats: size_rcv 47574 75544
stats: newphase 0 1
stats: size_sent 48786 76984
stats: connected 27 53
# stats: dump at 1575455753
stats: users 82 82
stats: {load,"tsung_controller@ip-172-31-27-7"} 1 0.0 0.0 0.0 0.0 0.0 4
stats: {recvpackets,"tsung_controller@ip-172-31-27-7"} 1 267.0 0.0 267 55 78.33333333333333 3
stats: {sentpackets,"tsung_controller@ip-172-31-27-7"} 1 249.0 0.0 249 63 83.66666666666667 3
stats: {cpu,"tsung_controller@ip-172-31-27-7"} 1 0.5 0.0 0.9030934844755022 0.1002004008016032 0.4256486461444512 4
stats: {freemem,"tsung_controller@ip-172-31-27-7"} 1 3514.75390625 0.0 3516.78515625 3514.75390625 3515.810546875 4
stats: session 2 42508.2135 430.8084999999992 42939.022 42077.405 0 0
stats: users_count 28 84
stats: finish_users_count 2 2
stats: request 80 1032.62175 1395.7778749832523 7388.053 15.668 51.58919491525423 118
stats: connect 28 4.143 2.7490983327005862 13.932 0.806 1.5640377358490567 53
stats: page 32 1600.8637812500003 1835.3001593374097 7888.033 15.811 96.40733333333333 60
stats: 302 27 79
stats: 200 53 119
stats: size_rcv 58617 134161
stats: newphase 1 2
stats: size_sent 64588 141572
stats: connected 26 79
# stats: dump at 1575455763
stats: users 108 108
stats: {load,"tsung_controller@ip-172-31-27-7"} 1 0.0 0.0 0.0 0.0 0.0 5
stats: {recvpackets,"tsung_controller@ip-172-31-27-7"} 1 334.0 0.0 334 55 125.5 4
stats: {sentpackets,"tsung_controller@ip-172-31-27-7"} 1 294.0 0.0 294 63 125.0 4
stats: {cpu,"tsung_controller@ip-172-31-27-7"} 1 0.6993006993006993 0.0 0.9030934844755022 0.1002004008016032 0.44051891691556094 5
stats: {freemem,"tsung_controller@ip-172-31-27-7"} 1 3513.80078125 0.0 3516.78515625 3513.80078125 3515.59921875 5
stats: session 5 48353.2388 634.9641165150649 48903.272 42077.405 42508.2135 2
stats: users_count 31 115
stats: finish_users_count 5 7
stats: request 109 936.9644128440374 1713.9067305222613 9915.471 15.668 447.9659848484848 198
stats: connect 34 4.037176470588236 3.0318076967437433 13.932 0.738 2.455530864197531 81
stats: page 53 2145.636075471699 3720.2203031123763 13786.342 15.811 619.6965326086957 92
stats: 302 38 117
stats: 200 71 190
stats: size_rcv 85062 219223
stats: newphase 0 2
stats: size_sent 75625 217197
stats: connected 29 108
# stats: dump at 1575455773
stats: users 140 140
stats: {load,"tsung_controller@ip-172-31-27-7"} 1 0.0 0.0 0.0 0.0 0.0 6
stats: {recvpackets,"tsung_controller@ip-172-31-27-7"} 1 427.0 0.0 427 55 167.2 5
stats: {sentpackets,"tsung_controller@ip-172-31-27-7"} 1 348.0 0.0 348 63 158.8 5
stats: {cpu,"tsung_controller@ip-172-31-27-7"} 1 0.8991008991008992 0.0 0.9030934844755022 0.1002004008016032 0.48364921397975064 6
stats: {freemem,"tsung_controller@ip-172-31-27-7"} 1 3511.71875 0.0 3516.78515625 3511.71875 3515.2994791666665 6
stats: session 2 52789.2245 1405.6034999999993 54194.828 42077.405 46683.23157142857 7
stats: users_count 34 149
stats: finish_users_count 2 9
stats: request 82 1589.2874756097558 2056.6350736488807 11206.535 15.668 621.5843192182413 307
stats: connect 33 4.21960606060606 4.222192450284094 17.212 0.738 2.923147826086957 115
stats: page 31 2630.19035483871 4111.928994263009 19110.825 15.811 1177.4537448275867 145
stats: 302 32 149
stats: 200 50 240
stats: size_rcv 56874 276097
stats: newphase 1 3
stats: size_sent 86257 303454
stats: connected 31 139
# stats: dump at 1575455783
stats: users 177 177
stats: {load,"tsung_controller@ip-172-31-27-7"} 1 0.0 0.0 0.0 0.0 0.0 7
stats: {recvpackets,"tsung_controller@ip-172-31-27-7"} 1 514.0 0.0 514 55 210.5 6
stats: {sentpackets,"tsung_controller@ip-172-31-27-7"} 1 497.0 0.0 497 63 190.33333333333334 6
stats: {cpu,"tsung_controller@ip-172-31-27-7"} 1 1.394422310756972 0.0 1.394422310756972 0.1002004008016032 0.5429994547113434 7
stats: {freemem,"tsung_controller@ip-172-31-27-7"} 1 3506.91015625 0.0 3516.78515625 3506.91015625 3514.7879464285716 7
stats: session 4 62016.497 4530.593171416741 65936.657 42077.405 48040.11888888889 9
stats: users_count 41 190
stats: finish_users_count 4 13
stats: request 102 3022.1801568627466 2473.3763645883873 11206.535 15.668 825.5731593830335 389
stats: connect 40 3.42575 3.155673396836244 17.212 0.738 3.212222972972973 148
stats: page 55 4178.315545454543 4829.346145259229 25547.933 15.811 1433.333488636364 176
stats: 302 34 183
stats: 200 63 303
stats: size_rcv 90111 366208
stats: newphase 0 3
stats: size_sent 88484 391938
stats: connected 36 175
stats: 500 5 5
# stats: dump at 1575455793
stats: users 218 218
stats: {load,"tsung_controller@ip-172-31-27-7"} 1 0.0 0.0 0.0 0.0 0.0 8
stats: {recvpackets,"tsung_controller@ip-172-31-27-7"} 1 445.0 0.0 514 55 253.85714285714286 7
stats: {sentpackets,"tsung_controller@ip-172-31-27-7"} 1 401.0 0.0 497 63 234.14285714285714 7
stats: {cpu,"tsung_controller@ip-172-31-27-7"} 1 1.8867924528301887 0.0 1.8867924528301887 0.1002004008016032 0.6494273117170469 8
stats: {freemem,"tsung_controller@ip-172-31-27-7"} 1 3503.25 0.0 3516.78515625 3503.25 3513.80322265625 8
stats: session 0 0 0 65936.657 42077.405 52340.54292307692 13
stats: users_count 41 231
stats: finish_users_count 0 13
stats: request 97 7059.966030927837 3889.1902748789075 20880.094 15.668 1281.8947759674138 491
stats: connect 43 3.8318139534883726 3.899397957442017 17.212 0.738 3.2576542553191485 188
stats: page 41 7644.818926829268 3243.4993045558767 25547.933 15.811 2086.900645021645 231
stats: 302 17 200
stats: 200 40 343
stats: size_rcv 117428 483636
stats: newphase 1 4
stats: size_sent 111738 503676
stats: connected 43 218
stats: 500 40 45
# stats: dump at 1575455803
stats: users 266 266
stats: {load,"tsung_controller@ip-172-31-27-7"} 1 0.0 0.0 0.0 0.0 0.0 9
stats: {recvpackets,"tsung_controller@ip-172-31-27-7"} 1 467.0 0.0 514 55 277.75 8
stats: {sentpackets,"tsung_controller@ip-172-31-27-7"} 1 426.0 0.0 497 63 255.0 8
stats: {cpu,"tsung_controller@ip-172-31-27-7"} 1 1.6898608349900597 0.0 1.8867924528301887 0.1002004008016032 0.7869123273962848 9
stats: {freemem,"tsung_controller@ip-172-31-27-7"} 1 3497.02734375 0.0 3516.78515625 3497.02734375 3512.6306423611113 9
stats: session 5 67756.93399999998 3448.392487908763 73802.667 42077.405 52340.54292307692 13
stats: users_count 53 284
stats: finish_users_count 5 18
stats: request 131 6942.724847328245 2962.929809991078 20880.094 15.668 2235.080000000001 588
stats: connect 49 4.483244897959185 3.9108673109296945 17.212 0.721 3.3645324675324675 231
stats: page 61 10778.155704918034 7301.167433092543 33579.2 15.811 2924.675091911765 272
stats: 302 25 225
stats: 200 33 376
stats: size_rcv 175873 659509
stats: newphase 0 4
stats: size_sent 126908 630584
stats: connected 44 262
stats: 500 73 118
# stats: dump at 1575455813
stats: users 315 315
stats: {load,"tsung_controller@ip-172-31-27-7"} 1 0.0 0.0 0.0 0.0 0.0 10
stats: {recvpackets,"tsung_controller@ip-172-31-27-7"} 1 618.0 0.0 618 55 298.77777777777777 9
stats: {sentpackets,"tsung_controller@ip-172-31-27-7"} 1 600.0 0.0 600 63 274.0 9
stats: {cpu,"tsung_controller@ip-172-31-27-7"} 1 1.9821605550049552 0.0 1.9821605550049552 0.1002004008016032 0.8772071781556623 10
stats: {freemem,"tsung_controller@ip-172-31-27-7"} 1 3494.02734375 0.0 3516.78515625 3494.02734375 3511.0703125 10
stats: session 9 80530.47777777778 8969.954258142789 91330.72 42077.405 56622.87377777777 18
stats: users_count 58 342
stats: finish_users_count 9 27
stats: request 169 8743.808751479288 2884.8730046794694 20880.094 15.668 3092.801105702365 719
stats: connect 61 3.683622950819673 3.2620299179656174 17.212 0.721 3.5603071428571433 280
stats: page 64 14631.940515625 10906.283559096772 42208.661 15.811 4363.30066966967 333
stats: 302 23 248
stats: 200 34 410
stats: size_rcv 248701 908210
stats: newphase 1 5
stats: size_sent 137260 767844
stats: connected 52 314
stats: 500 112 230
# stats: dump at 1575455823
stats: users 375 377
stats: {load,"tsung_controller@ip-172-31-27-7"} 1 0.0 0.0 0.0 0.0 0.0 11
stats: {recvpackets,"tsung_controller@ip-172-31-27-7"} 1 732.0 0.0 732 55 330.7 10
stats: {sentpackets,"tsung_controller@ip-172-31-27-7"} 1 693.0 0.0 693 63 306.6 10
stats: {cpu,"tsung_controller@ip-172-31-27-7"} 1 2.5691699604743086 0.0 2.5691699604743086 0.1002004008016032 0.9776574851419617 11
stats: {freemem,"tsung_controller@ip-172-31-27-7"} 1 3486.9921875 0.0 3516.78515625 3486.9921875 3509.5209517045455 11
stats: session 9 76496.69155555555 13133.690372501773 91330.72 42077.405 64592.07511111111 27
stats: users_count 69 411
stats: finish_users_count 9 36
stats: request 170 9459.167011764706 4013.914235185009 21032.457 0.527 4168.274407657658 888
stats: connect 65 2.7452307692307683 2.6547641863651656 17.212 0.721 3.582366568914957 341
stats: page 66 14965.10242424242 9956.667935979187 54120.532 2.128 6018.698528967255 397
stats: 302 31 279
stats: 200 28 438
stats: size_rcv 222654 1130864
stats: newphase 0 5
stats: 502 12 12
stats: size_sent 142086 909930
stats: connected 58 372
stats: 500 99 329
# stats: dump at 1575455833
stats: users 418 423
stats: {load,"tsung_controller@ip-172-31-27-7"} 1 0.0 0.0 0.0 0.0 0.0 12
stats: {recvpackets,"tsung_controller@ip-172-31-27-7"} 1 738.0 0.0 738 55 367.1818181818182 11
stats: {sentpackets,"tsung_controller@ip-172-31-27-7"} 1 709.0 0.0 709 63 341.72727272727275 11
stats: {cpu,"tsung_controller@ip-172-31-27-7"} 1 1.8849206349206349 0.0 2.5691699604743086 0.1002004008016032 1.1102835247529905 12
stats: {freemem,"tsung_controller@ip-172-31-27-7"} 1 3485.23828125 0.0 3516.78515625 3485.23828125 3507.6435546875 12
stats: session 14 81605.27314285714 16134.800607982428 106514.202 42077.405 67568.22922222222 36
stats: users_count 57 468
stats: finish_users_count 14 50
stats: request 226 10133.487694690262 4990.6633679040015 23961.202 0.405 5018.4178317580345 1058
stats: connect 62 4.008903225806452 4.615868892830043 27.351 0.721 3.44834236453202 406
stats: page 105 17302.75319047619 12674.531165647677 56358.225 0.73 7293.9958444924405 463
stats: 302 39 318
stats: 200 32 470
stats: size_rcv 273233 1404097
stats: newphase 1 6
stats: 502 35 47
stats: size_sent 131181 1041111
stats: connected 51 423
stats: 500 120 449
# stats: dump at 1575455843
stats: users 463 464
stats: {load,"tsung_controller@ip-172-31-27-7"} 1 0.0 0.0 0.0 0.0 0.0 13
stats: {recvpackets,"tsung_controller@ip-172-31-27-7"} 1 788.0 0.0 788 55 398.0833333333333 12
stats: {sentpackets,"tsung_controller@ip-172-31-27-7"} 1 754.0 0.0 754 63 372.3333333333333 12
stats: {cpu,"tsung_controller@ip-172-31-27-7"} 1 2.665350444225074 0.0 2.665350444225074 0.1002004008016032 1.1698709947658863 13
stats: {freemem,"tsung_controller@ip-172-31-27-7"} 1 3469.015625 0.0 3516.78515625 3469.015625 3505.9200721153848 13
stats: session 22 72494.66122727275 17426.197622790896 106514.202 40654.746 71498.60152 50
stats: users_count 67 535
stats: finish_users_count 22 72
stats: request 348 6894.581195402292 7278.463217096949 25515.218 0.397 5918.73386682243 1284
stats: connect 66 3.919712121212123 3.13789873605441 27.351 0.721 3.5226047008547012 468
stats: page 126 14517.440174603169 13599.0514883672 56358.225 0.527 9144.206269366197 568
stats: 302 23 341
stats: 200 32 502
stats: size_rcv 312855 1716952
stats: newphase 0 6
stats: 502 176 223
stats: size_sent 204977 1246088
stats: connected 40 463
stats: 500 117 566
# stats: dump at 1575455853
stats: users 505 507
stats: {load,"tsung_controller@ip-172-31-27-7"} 1 0.0 0.0 0.0 0.0 0.0 14
stats: {recvpackets,"tsung_controller@ip-172-31-27-7"} 1 1024.0 0.0 1024 55 428.0769230769231 13
stats: {sentpackets,"tsung_controller@ip-172-31-27-7"} 1 1058.0 0.0 1058 63 401.6923076923077 13
stats: {cpu,"tsung_controller@ip-172-31-27-7"} 1 2.976190476190476 0.0 2.976190476190476 0.1002004008016032 1.2766909554415427 14
stats: {freemem,"tsung_controller@ip-172-31-27-7"} 1 3465.82421875 0.0 3516.78515625 3465.82421875 3503.2840401785716 14
stats: session 34 79100.2671764706 22179.77898823702 116209.63 40310.11 71802.95309722223 72
stats: users_count 76 611
stats: finish_users_count 34 106
stats: request 348 6881.3960459770105 7858.356090825306 29185.827 0.397 6126.818958946077 1632
stats: connect 76 3.3732499999999996 3.1770863146376582 27.351 0.721 3.571685393258427 534
stats: page 146 15508.14270547945 16721.396874111757 63510.786 0.495 10119.750177233429 694
stats: 302 26 367
stats: 200 17 519
stats: size_rcv 295681 2012633
stats: newphase 1 7
stats: 502 190 413
stats: size_sent 175065 1421153
stats: connected 41 504
stats: 500 115 681
# stats: dump at 1575455863
stats: users 555 557
stats: {load,"tsung_controller@ip-172-31-27-7"} 1 0.0 0.0 0.0 0.0 0.0 15
stats: {recvpackets,"tsung_controller@ip-172-31-27-7"} 1 880.0 0.0 1024 55 470.64285714285717 14
stats: {sentpackets,"tsung_controller@ip-172-31-27-7"} 1 896.0 0.0 1058 63 448.57142857142856 14
stats: {cpu,"tsung_controller@ip-172-31-27-7"} 1 1.694915254237288 0.0 2.976190476190476 0.1002004008016032 1.3899909234914714 15
stats: {freemem,"tsung_controller@ip-172-31-27-7"} 1 3462.7109375 0.0 3516.78515625 3462.7109375 3500.78671875 15
stats: session 38 84562.78673684213 22969.208562842865 124580.623 40310.11 74143.60100943397 106
stats: users_count 88 699
stats: finish_users_count 38 144
stats: request 426 5571.278896713622 7981.885506618977 29185.827 0.397 6259.4415984848465 1980
stats: connect 88 3.521556818181818 3.4257070333859376 27.351 0.716 3.546962295081967 610
stats: page 180 14246.067677777783 17768.74475334294 73804.752 0.466 11056.304116666664 840
stats: 302 16 383
stats: 200 19 538
stats: size_rcv 317899 2330532
stats: newphase 0 7
stats: 502 281 694
stats: size_sent 170160 1591313
stats: connected 50 554
stats: 500 110 791
# stats: dump at 1575455873
stats: users 559 575
stats: {load,"tsung_controller@ip-172-31-27-7"} 1 0.0 0.0 0.0 0.0 0.0 16
stats: {recvpackets,"tsung_controller@ip-172-31-27-7"} 1 1107.0 0.0 1107 55 497.93333333333334 15
stats: {sentpackets,"tsung_controller@ip-172-31-27-7"} 1 1150.0 0.0 1150 63 478.4 15
stats: {cpu,"tsung_controller@ip-172-31-27-7"} 1 1.4042126379137412 0.0 2.976190476190476 0.1002004008016032 1.4090486941630849 16
stats: {freemem,"tsung_controller@ip-172-31-27-7"} 1 3460.359375 0.0 3516.78515625 3460.359375 3498.406982421875 16
stats: session 32 90279.42493750002 26613.71747515407 128900.75 35024.734 76893.10835416667 144
stats: users_count 36 735
stats: finish_users_count 32 176
stats: request 303 8080.051838283824 8781.59518163197 31311.046 0.397 6137.597329592684 2406
stats: connect 37 3.6649999999999996 2.8917618495641357 27.351 0.716 3.543759312320917 698
stats: page 126 18416.477777777778 20225.746174103653 78099.754 0.466 11619.203568627452 1020
stats: 302 32 415
stats: 200 29 567
stats: size_rcv 251738 2582270
stats: newphase 0 7
stats: 502 152 846
stats: size_sent 149412 1740725
stats: connected 5 559
stats: 500 90 881
# stats: dump at 1575455883
stats: users 521 575
stats: {load,"tsung_controller@ip-172-31-27-7"} 1 0.0 0.0 0.0 0.0 0.0 17
stats: {recvpackets,"tsung_controller@ip-172-31-27-7"} 1 735.0 0.0 1107 55 536.0 16
stats: {sentpackets,"tsung_controller@ip-172-31-27-7"} 1 699.0 0.0 1150 63 520.375 16
stats: {cpu,"tsung_controller@ip-172-31-27-7"} 1 0.9018036072144289 0.0 2.976190476190476 0.1002004008016032 1.4087642202660646 17
stats: {freemem,"tsung_controller@ip-172-31-27-7"} 1 3459.2734375 0.0 3516.78515625 3459.2734375 3496.168887867647 17
stats: session 38 80162.81273684211 22499.086884529584 130100.57 35023.093 79326.98409659091 176
stats: users_count 0 735
stats: finish_users_count 38 214
stats: request 340 7271.974647058822 8808.533072179325 33943.388 0.397 6354.859683277962 2709
stats: connect 0 0 0 27.351 0.716 3.5498625850340133 735
stats: page 137 15576.854335766426 18380.131638336232 85535.274 0.466 12366.54785340314 1146
stats: 302 18 433
stats: 200 17 584
stats: size_rcv 289668 2871938
stats: newphase 0 7
stats: 502 194 1040
stats: size_sent 156511 1897236
stats: connected -38 521
stats: 500 111 992
# stats: dump at 1575455893
stats: users 471 575
stats: {load,"tsung_controller@ip-172-31-27-7"} 1 0.0 0.0 0.0 0.0 0.0 18
stats: {recvpackets,"tsung_controller@ip-172-31-27-7"} 1 878.0 0.0 1107 55 547.7058823529412 17
stats: {sentpackets,"tsung_controller@ip-172-31-27-7"} 1 871.0 0.0 1150 63 530.8823529411765 17
stats: {cpu,"tsung_controller@ip-172-31-27-7"} 1 2.3092369477911645 0.0 2.976190476190476 0.1002004008016032 1.3805997417631959 18
stats: {freemem,"tsung_controller@ip-172-31-27-7"} 1 3457.46484375 0.0 3516.78515625 3457.46484375 3494.119140625 18
stats: session 50 89261.5259 29643.191065139687 141288.739 35013.343 79475.40226635514 214
stats: users_count 0 735
stats: finish_users_count 50 264
stats: request 368 7414.502627717388 9077.217190408597 36393.849 0.393 6457.128980649392 3049
stats: connect 0 0 0 27.351 0.716 3.5498625850340133 735
stats: page 144 19535.376423611106 21156.934869452973 85535.274 0.466 12709.347532346064 1283
stats: 302 19 452
stats: 200 24 608
stats: size_rcv 308546 3180484
stats: newphase 0 7
stats: 502 210 1250
stats: size_sent 162195 2059431
stats: connected -50 471
stats: 500 115 1107
# stats: dump at 1575455903
stats: users 420 575
stats: {load,"tsung_controller@ip-172-31-27-7"} 1 0.0 0.0 0.0 0.0 0.0 19
stats: {recvpackets,"tsung_controller@ip-172-31-27-7"} 1 814.0 0.0 1107 55 566.0555555555555 18
stats: {sentpackets,"tsung_controller@ip-172-31-27-7"} 1 755.0 0.0 1150 63 549.7777777777778 18
stats: {cpu,"tsung_controller@ip-172-31-27-7"} 1 0.6036217303822937 0.0 2.976190476190476 0.1002004008016032 1.4294753841857204 19
stats: {freemem,"tsung_controller@ip-172-31-27-7"} 1 3464.01171875 0.0 3516.78515625 3457.46484375 3492.1899671052633 19
stats: session 51 84351.25268627451 28302.023951714003 154872.187 35013.343 81328.83477272728 264
stats: users_count 0 735
stats: finish_users_count 51 315
stats: request 392 7696.861229591837 8318.685946501737 36424.123 0.393 6560.235068481124 3417
stats: connect 0 0 0 27.351 0.716 3.5498625850340133 735
stats: page 159 19953.203471698103 20205.98246415164 95978.148 0.466 13398.168948142955 1427
stats: 302 42 494
stats: 200 46 654
stats: size_rcv 327186 3507670
stats: newphase 0 7
stats: 502 190 1440
stats: size_sent 163499 2222930
stats: connected -51 420
stats: 500 114 1221
# stats: dump at 1575455913
stats: users 376 575
stats: {load,"tsung_controller@ip-172-31-27-7"} 1 0.0 0.0 0.0 0.0 0.0 20
stats: {recvpackets,"tsung_controller@ip-172-31-27-7"} 1 897.0 0.0 1107 55 579.1052631578947 19
stats: {sentpackets,"tsung_controller@ip-172-31-27-7"} 1 840.0 0.0 1150 63 560.578947368421 19
stats: {cpu,"tsung_controller@ip-172-31-27-7"} 1 0.7028112449799196 0.0 2.976190476190476 0.1002004008016032 1.388182701495549 20
stats: {freemem,"tsung_controller@ip-172-31-27-7"} 1 3471.1640625 0.0 3516.78515625 3457.46484375 3490.7810546875 20
stats: session 44 88196.16543181815 29993.75748314716 154872.187 35013.343 81818.17862539685 315
stats: users_count 0 735
stats: finish_users_count 44 359
stats: request 305 6548.464577049181 7731.074753791829 36424.123 0.391 6677.20998451037 3809
stats: connect 0 0 0 27.351 0.716 3.5498625850340133 735
stats: page 121 17114.354958677675 20021.480275071863 95978.148 0.466 14055.325624842368 1586
stats: 302 10 504
stats: 200 17 671
stats: size_rcv 271907 3779577
stats: newphase 0 7
stats: 502 172 1612
stats: size_sent 131312 2354242
stats: connected -44 376
stats: 500 106 1327
# stats: dump at 1575455923
stats: users 336 575
stats: {load,"tsung_controller@ip-172-31-27-7"} 1 0.0 0.0 0.0 0.0 0.0 21
stats: {recvpackets,"tsung_controller@ip-172-31-27-7"} 1 674.0 0.0 1107 55 594.9999999999999 20
stats: {sentpackets,"tsung_controller@ip-172-31-27-7"} 1 615.0 0.0 1150 63 574.55 20
stats: {cpu,"tsung_controller@ip-172-31-27-7"} 1 0.3015075376884422 0.0 2.976190476190476 0.1002004008016032 1.3555459654709954 21
stats: {freemem,"tsung_controller@ip-172-31-27-7"} 1 3470.9296875 0.0 3516.78515625 3457.46484375 3489.8469122023807 21
stats: session 40 95038.93327499997 30135.89432954808 154872.187 35013.343 82599.8817437326 359
stats: users_count 0 735
stats: finish_users_count 40 399
stats: request 300 9106.646153333337 8797.583512069463 36424.123 0.384 6667.665174282936 4114
stats: connect 0 0 0 27.351 0.716 3.5498625850340133 735
stats: page 88 20895.237715909097 23310.996373239497 100546.179 0.466 14272.163673696541 1707
stats: 302 29 533
stats: 200 29 700
stats: size_rcv 275552 4055129
stats: newphase 0 7
stats: 502 135 1747
stats: size_sent 126343 2480585
stats: connected -40 336
stats: 500 107 1434
# stats: dump at 1575455933
stats: users 296 575
stats: {load,"tsung_controller@ip-172-31-27-7"} 1 0.0 0.0 0.0 0.0 0.0 22
stats: {recvpackets,"tsung_controller@ip-172-31-27-7"} 1 803.0 0.0 1107 55 598.7619047619047 21
stats: {sentpackets,"tsung_controller@ip-172-31-27-7"} 1 783.0 0.0 1150 63 576.4761904761905 21
stats: {cpu,"tsung_controller@ip-172-31-27-7"} 1 2.3046092184368736 0.0 2.976190476190476 0.1002004008016032 1.3076351278445157 22
stats: {freemem,"tsung_controller@ip-172-31-27-7"} 1 3470.4609375 0.0 3516.78515625 3457.46484375 3488.9870383522725 22
stats: session 40 102688.28122499998 29408.17216395155 158075.811 35013.343 83846.90445363411 399
stats: users_count 0 735
stats: finish_users_count 40 439
stats: request 248 9406.254641129037 9309.908510943693 36424.123 0.384 6833.431892387856 4414
stats: connect 0 0 0 27.351 0.716 3.5498625850340133 735
stats: page 62 28535.37643548387 28306.52806418988 100546.179 0.466 14596.860339832867 1795
stats: 302 24 557
stats: 200 18 718
stats: size_rcv 231814 4286943
stats: newphase 0 7
stats: 502 113 1860
stats: size_sent 89854 2570439
stats: connected -40 296
stats: 500 93 1527
# stats: dump at 1575455943
stats: users 271 575
stats: {load,"tsung_controller@ip-172-31-27-7"} 1 0.0 0.0 0.0 0.0 0.0 23
stats: {recvpackets,"tsung_controller@ip-172-31-27-7"} 1 528.0 0.0 1107 55 608.0454545454545 22
stats: {sentpackets,"tsung_controller@ip-172-31-27-7"} 1 465.0 0.0 1150 63 585.8636363636364 22
stats: {cpu,"tsung_controller@ip-172-31-27-7"} 1 0.5005005005005005 0.0 2.976190476190476 0.1002004008016032 1.3509818274354877 23
stats: {freemem,"tsung_controller@ip-172-31-27-7"} 1 3470.3515625 0.0 3516.78515625 3457.46484375 3488.1815557065215 23
stats: session 25 111502.38795999998 28286.415792847638 158075.811 35013.343 85563.65860136677 439
stats: users_count 0 735
stats: finish_users_count 25 464
stats: request 207 12390.495811594203 8752.603058369685 36424.123 0.384 6970.295908193908 4662
stats: connect 0 0 0 27.351 0.716 3.5498625850340133 735
stats: page 38 35965.203236842106 29352.993113685774 100546.179 0.466 15062.228136241247 1857
stats: 302 41 598
stats: 200 22 740
stats: size_rcv 211281 4498224
stats: newphase 0 7
stats: 502 55 1915
stats: size_sent 83513 2653952
stats: connected -24 272
stats: 500 89 1616
# stats: dump at 1575455953
stats: users 258 575
stats: {load,"tsung_controller@ip-172-31-27-7"} 1 0.0 0.0 0.0 0.0 0.0 24
stats: {recvpackets,"tsung_controller@ip-172-31-27-7"} 1 561.0 0.0 1107 55 604.5652173913044 23
stats: {sentpackets,"tsung_controller@ip-172-31-27-7"} 1 448.0 0.0 1150 63 580.6086956521739 23
stats: {cpu,"tsung_controller@ip-172-31-27-7"} 1 0.30181086519114686 0.0 2.976190476190476 0.1002004008016032 1.3155451054798633 24
stats: {freemem,"tsung_controller@ip-172-31-27-7"} 1 3470.1171875 0.0 3516.78515625 3457.46484375 3487.4386393229165 24
stats: session 13 140650.65538461538 20074.883667108064 175494.882 35013.343 86961.21945043106 464
stats: users_count 0 735
stats: finish_users_count 13 477
stats: request 144 16389.30922222222 5340.637304654418 36424.123 0.384 7200.729545491887 4869
stats: connect 0 0 0 27.351 0.716 3.5498625850340133 735
stats: page 27 44984.22222222222 30382.098573075364 112691.897 0.466 15481.39069762533 1895
stats: 302 40 638
stats: 200 13 753
stats: size_rcv 189658 4687882
stats: newphase 0 7
stats: 502 0 1915
stats: size_sent 59265 2713217
stats: connected -13 259
stats: 500 91 1707
# stats: dump at 1575455963
stats: users 242 575
stats: {load,"tsung_controller@ip-172-31-27-7"} 1 0.0 0.0 0.0 0.0 0.0 25
stats: {recvpackets,"tsung_controller@ip-172-31-27-7"} 1 538.0 0.0 1107 55 602.75 24
stats: {sentpackets,"tsung_controller@ip-172-31-27-7"} 1 484.0 0.0 1150 63 575.0833333333334 24
stats: {cpu,"tsung_controller@ip-172-31-27-7"} 1 2.1042084168336674 0.0 2.976190476190476 0.1002004008016032 1.2749957358683146 25
stats: {freemem,"tsung_controller@ip-172-31-27-7"} 1 3468.3125 0.0 3516.78515625 3457.46484375 3486.74578125 25
stats: session 16 131862.419625 18281.923260621574 175494.882 35013.343 88424.45355345914 477
stats: users_count 0 735
stats: finish_users_count 16 493
stats: request 158 16073.5208164557 6022.288957389862 37150.953 0.384 7464.674383602633 5013
stats: connect 0 0 0 27.351 0.716 3.5498625850340133 735
stats: page 30 46368.82943333333 28879.67984413453 112691.897 0.466 15895.842545265348 1922
stats: 302 58 696
stats: 200 15 768
stats: size_rcv 182513 4870395
stats: newphase 0 7
stats: 502 0 1915
stats: size_sent 55831 2769048
stats: connected -15 244
stats: 500 85 1792
# stats: dump at 1575455973
stats: users 219 575
stats: {load,"tsung_controller@ip-172-31-27-7"} 1 0.0 0.0 0.0 0.0 0.0 26
stats: {recvpackets,"tsung_controller@ip-172-31-27-7"} 1 463.0 0.0 1107 55 600.16 25
stats: {sentpackets,"tsung_controller@ip-172-31-27-7"} 1 319.0 0.0 1150 63 571.44 25
stats: {cpu,"tsung_controller@ip-172-31-27-7"} 1 0.3009027081243731 0.0 2.976190476190476 0.1002004008016032 1.3068885312900589 26
stats: {freemem,"tsung_controller@ip-172-31-27-7"} 1 3466.5078125 0.0 3516.78515625 3457.46484375 3486.036808894231 26
stats: session 23 131952.3842173913 18047.410803604947 175494.882 35013.343 89834.20498782964 493
stats: users_count 0 735
stats: finish_users_count 23 516
stats: request 122 15393.302729508194 6663.221714676239 37150.953 0.384 7727.7178445174995 5171
stats: connect 0 0 0 27.351 0.716 3.5498625850340133 735
stats: page 32 61256.53712500001 23748.586814583323 112691.897 0.466 16364.177384733606 1952
stats: 302 44 740
stats: 200 12 780
stats: size_rcv 141295 5011690
stats: newphase 0 7
stats: 502 0 1915
stats: size_sent 48808 2817856
stats: connected -24 220
stats: 500 66 1858
# stats: dump at 1575455983
stats: users 193 575
stats: {load,"tsung_controller@ip-172-31-27-7"} 1 0.0 0.0 0.0 0.0 0.0 27
stats: {recvpackets,"tsung_controller@ip-172-31-27-7"} 1 339.0 0.0 1107 55 594.8846153846154 26
stats: {sentpackets,"tsung_controller@ip-172-31-27-7"} 1 258.0 0.0 1150 63 561.7307692307693 26
stats: {cpu,"tsung_controller@ip-172-31-27-7"} 1 0.20020020020020018 0.0 2.976190476190476 0.1002004008016032 1.2696297970987374 27
stats: {freemem,"tsung_controller@ip-172-31-27-7"} 1 3465.89453125 0.0 3516.78515625 3457.46484375 3485.3135127314813 27
stats: session 26 149369.1806923077 23680.889626310185 198676.349 35013.343 91711.5656899225 516
stats: users_count 0 735
stats: finish_users_count 26 542
stats: request 120 18282.51069166666 7154.411933567796 38452.025 0.384 7904.404290005666 5293
stats: connect 0 0 0 27.351 0.716 3.5498625850340133 735
stats: page 27 76196.47403703706 9783.316776086458 112691.897 0.466 17088.247703125 1984
stats: 302 42 782
stats: 200 13 793
stats: size_rcv 140837 5152527
stats: newphase 0 7
stats: 502 0 1915
stats: size_sent 43784 2861640
stats: connected -27 193
stats: 500 65 1923
# stats: dump at 1575455993
stats: users 138 575
stats: {load,"tsung_controller@ip-172-31-27-7"} 1 0.0 0.0 0.0 0.0 0.0 28
stats: {recvpackets,"tsung_controller@ip-172-31-27-7"} 1 560.0 0.0 1107 55 585.4074074074074 27
stats: {sentpackets,"tsung_controller@ip-172-31-27-7"} 1 570.0 0.0 1150 63 550.4814814814815 27
stats: {cpu,"tsung_controller@ip-172-31-27-7"} 1 2.404809619238477 0.0 2.976190476190476 0.1002004008016032 1.2314358829237897 28
stats: {freemem,"tsung_controller@ip-172-31-27-7"} 1 3464.62109375 0.0 3516.78515625 3457.46484375 3484.6199776785716 28
stats: session 55 145145.12507272727 19034.445242766375 198676.349 35013.343 94477.42914022143 542
stats: users_count 0 735
stats: finish_users_count 55 597
stats: request 170 15097.30445882352 8901.031112165772 41097.008 0.384 8134.475002771105 5413
stats: connect 0 0 0 27.351 0.716 3.5498625850340133 735
stats: page 54 74917.92324074077 12544.155813027091 112691.897 0.466 17881.843979114867 2011
stats: 302 75 857
stats: 200 12 805
stats: size_rcv 178333 5330860
stats: newphase 0 7
stats: 502 0 1915
stats: size_sent 53944 2915584
stats: connected -53 140
stats: 500 83 2006
# stats: dump at 1575456003
stats: users 84 575
stats: {load,"tsung_controller@ip-172-31-27-7"} 1 0.0 0.0 0.0 0.0 0.0 29
stats: {recvpackets,"tsung_controller@ip-172-31-27-7"} 1 426.0 0.0 1107 55 584.5 28
stats: {sentpackets,"tsung_controller@ip-172-31-27-7"} 1 316.0 0.0 1150 63 551.1785714285714 28
stats: {cpu,"tsung_controller@ip-172-31-27-7"} 1 0.501002004008016 0.0 2.976190476190476 0.1002004008016032 1.2718970462449857 29
stats: {freemem,"tsung_controller@ip-172-31-27-7"} 1 3464.44921875 0.0 3516.78515625 3457.46484375 3483.9303609913795 29
stats: session 54 154757.5353888889 16916.74998000511 198676.349 35013.343 99145.30732495815 597
stats: users_count 0 735
stats: finish_users_count 54 651
stats: request 142 11830.740077464785 9892.810889424612 41097.008 0.384 8346.490228909188 5583
stats: connect 0 0 0 27.351 0.716 3.5498625850340133 735
stats: page 56 75586.00221428576 14627.378221761792 117745.399 0.466 19373.34435690073 2065
stats: 302 64 921
stats: 200 16 821
stats: size_rcv 141630 5472490
stats: newphase 0 7
stats: 502 0 1915
stats: size_sent 43517 2959101
stats: connected -56 84
stats: 500 62 2068
# stats: dump at 1575456013
stats: users 44 575
stats: {load,"tsung_controller@ip-172-31-27-7"} 1 0.0 0.0 0.0 0.0 0.0 30
stats: {recvpackets,"tsung_controller@ip-172-31-27-7"} 1 435.0 0.0 1107 55 579.0344827586207 29
stats: {sentpackets,"tsung_controller@ip-172-31-27-7"} 1 370.0 0.0 1150 63 543.0689655172414 29
stats: {cpu,"tsung_controller@ip-172-31-27-7"} 1 0.5005005005005005 0.0 2.976190476190476 0.1002004008016032 1.2462005448370868 30
stats: {freemem,"tsung_controller@ip-172-31-27-7"} 1 3464.2890625 0.0 3516.78515625 3457.46484375 3483.2809895833334 30
stats: session 40 165124.095 17945.916794271074 201205.225 35013.343 103758.3032012289 651
stats: users_count 0 735
stats: finish_users_count 40 691
stats: request 93 10982.773903225809 9271.293140196045 47492.566 0.384 8432.911797205239 5725
stats: connect 0 0 0 27.351 0.716 3.5498625850340133 735
stats: page 38 75312.0847368421 18883.338130681328 117745.399 0.466 20857.506940594063 2121
stats: 302 34 955
stats: 200 15 836
stats: size_rcv 102613 5575103
stats: newphase 0 7
stats: 502 0 1915
stats: size_sent 29885 2988986
stats: connected -38 46
stats: 500 44 2112
# stats: dump at 1575456023
stats: users 24 575
stats: {load,"tsung_controller@ip-172-31-27-7"} 1 0.0 0.0 0.0 0.0 0.0 31
stats: {recvpackets,"tsung_controller@ip-172-31-27-7"} 1 453.0 0.0 1107 55 574.2333333333333 30
stats: {sentpackets,"tsung_controller@ip-172-31-27-7"} 1 474.0 0.0 1150 63 537.3 30
stats: {cpu,"tsung_controller@ip-172-31-27-7"} 1 3.6108324974924777 0.0 3.6108324974924777 0.1002004008016032 1.2221457046971969 31
stats: {freemem,"tsung_controller@ip-172-31-27-7"} 1 3468.375 0.0 3516.78515625 3457.46484375 3482.6683467741937 31
stats: session 20 168367.21485000002 16612.34841267646 204796.252 35013.343 107310.59216208397 691
stats: users_count 0 735
stats: finish_users_count 20 711
stats: request 48 9810.62266666666 7962.633491328424 47492.566 0.384 8473.67102303197 5818
stats: connect 0 0 0 27.351 0.716 3.5498625850340133 735
stats: page 22 70953.05913636362 20148.217973177227 117745.399 0.466 21815.94786521538 2159
stats: 302 14 969
stats: 200 16 852
stats: size_rcv 52987 5628090
stats: newphase 0 7
stats: 502 0 1915
stats: size_sent 18597 3007583
stats: connected -22 24
stats: 500 18 2130
# stats: dump at 1575456033
stats: users 0 575
stats: {load,"tsung_controller@ip-172-31-27-7"} 1 0.0 0.0 0.0 0.0 0.0 32
stats: {recvpackets,"tsung_controller@ip-172-31-27-7"} 1 124.0 0.0 1107 55 570.3225806451613 31
stats: {sentpackets,"tsung_controller@ip-172-31-27-7"} 1 88.0 0.0 1150 63 535.258064516129 31
stats: {cpu,"tsung_controller@ip-172-31-27-7"} 1 0.20020020020020018 0.0 3.6108324974924777 0.1002004008016032 1.2967921669720495 32
stats: {freemem,"tsung_controller@ip-172-31-27-7"} 1 3472.203125 0.0 3516.78515625 3457.46484375 3482.2216796875 32
stats: session 24 174953.02770833333 9409.512436054574 204796.252 35013.343 109028.07803234883 711
stats: users_count 0 735
stats: finish_users_count 24 735
stats: request 45 8897.217666666666 10371.67607110872 47492.566 0.384 8484.610961472894 5866
stats: connect 0 0 0 27.351 0.716 3.5498625850340133 735
stats: page 21 65341.17999999999 11103.431160000415 117745.399 0.466 22311.599606602478 2181
stats: 302 13 982
stats: 200 31 883
stats: size_rcv 36258 5664348
stats: newphase 0 7
stats: 502 0 1915
stats: size_sent 18461 3026044
stats: connected -21 3
stats: 500 1 2131
# stats: dump at 1575456037
stats: users 0 575
stats: {load,"tsung_controller@ip-172-31-27-7"} 1 0.0 0.0 0.0 0.0 0.0 33
stats: {recvpackets,"tsung_controller@ip-172-31-27-7"} 1 156.0 0.0 1107 55 556.375 32
stats: {sentpackets,"tsung_controller@ip-172-31-27-7"} 1 101.0 0.0 1150 63 521.28125 32
stats: {cpu,"tsung_controller@ip-172-31-27-7"} 1 0.2997002997002997 0.0 3.6108324974924777 0.1002004008016032 1.2635621073729024 33
stats: {freemem,"tsung_controller@ip-172-31-27-7"} 1 3472.609375 0.0 3516.78515625 3457.46484375 3481.918087121212 33
stats: session 0 0 0 204796.252 35013.343 111180.72945034018 735
stats: users_count 0 735
stats: finish_users_count 0 735
stats: request 6 4836.7581666666665 5393.526119364104 47492.566 0.384 8487.752105396718 5911
stats: connect 0 0 0 27.351 0.716 3.5498625850340133 735
stats: page 3 55524.232333333326 16399.814935514292 117745.399 0.466 22721.96345231608 2202
stats: 302 0 982
stats: 200 6 889
stats: size_rcv 6510 5670858
stats: newphase 0 7
stats: 502 0 1915
stats: size_sent 3057 3029101
stats: connected -3 0
stats: 500 0 2131
EndMonitor:{1575,456037,698435}
