# stats: dump at 1575160822
stats: users 77 77
stats: {freemem,"tsung_controller@ip-172-31-29-214"} 1 3516.8125 0 3516.8125 3516.8125 0 0
stats: {load,"tsung_controller@ip-172-31-29-214"} 1 0.01953125 0 0.01953125 0.01953125 0 0
stats: {cpu,"tsung_controller@ip-172-31-29-214"} 1 3.0871484610371245 0 3.0871484610371245 3.0871484610371245 0 0
stats: users_count 77 77
stats: finish_users_count 0 0
stats: request 151 35.96719205298013 32.712530206119716 185.062 10.648 0 0
stats: connect 69 1.3625217391304358 1.1096745130396253 10.229 0.779 0 0
stats: page 69 78.8471884057971 79.40487154738847 422.575 11.865 0 0
stats: 302 69 69
stats: 200 82 82
stats: size_rcv 296065 296065
stats: size_sent 92560 92560
stats: connected 69 69
# stats: dump at 1575160832
stats: users 178 178
stats: {freemem,"tsung_controller@ip-172-31-29-214"} 1 3515.296875 0.0 3516.8125 3515.296875 3516.8125 1
stats: {load,"tsung_controller@ip-172-31-29-214"} 1 0.01953125 0.0 0.01953125 0.01953125 0.01953125 1
stats: {recvpackets,"tsung_controller@ip-172-31-29-214"} 1 634 0 634 634 0 0
stats: {sentpackets,"tsung_controller@ip-172-31-29-214"} 1 693 0 693 693 0 0
stats: {cpu,"tsung_controller@ip-172-31-29-214"} 1 1.8962075848303395 0.0 3.0871484610371245 1.8962075848303395 3.0871484610371245 1
stats: users_count 101 178
stats: finish_users_count 0 0
stats: request 204 19.191436274509844 7.513904011952842 185.062 10.079 35.96719205298013 151
stats: connect 106 1.407688679245283 1.3771961217620274 12.778 0.779 1.3625217391304358 69
stats: page 106 36.98740566037735 24.913777345446007 422.575 10.776 78.8471884057971 69
stats: 302 106 175
stats: 200 98 180
stats: size_rcv 387746 683811
stats: size_sent 115325 207885
stats: connected 106 175
# stats: dump at 1575160842
stats: users 279 279
stats: {freemem,"tsung_controller@ip-172-31-29-214"} 1 3513.70703125 0.0 3516.8125 3513.70703125 3516.0546875 2
stats: {load,"tsung_controller@ip-172-31-29-214"} 1 0.01171875 0.0 0.01953125 0.01171875 0.01953125 2
stats: {recvpackets,"tsung_controller@ip-172-31-29-214"} 1 557.0 0.0 634 557 634.0 1
stats: {sentpackets,"tsung_controller@ip-172-31-29-214"} 1 650.0 0.0 693 650 693.0 1
stats: {cpu,"tsung_controller@ip-172-31-29-214"} 1 1.5 0.0 3.0871484610371245 1.5 2.491678022933732 2
stats: users_count 101 279
stats: finish_users_count 0 0
stats: request 197 17.997076142131984 5.329058258084653 185.062 10.079 26.32703943661974 355
stats: connect 99 1.4130101010101008 0.9386983088561973 12.778 0.779 1.3898800000000004 175
stats: page 99 35.86900000000001 21.88532823744269 422.575 10.287 53.49211999999999 175
stats: 302 99 274
stats: 200 98 278
stats: size_rcv 379261 1063072
stats: size_sent 113912 321797
stats: connected 99 274
# stats: dump at 1575160852
stats: users 420 421
stats: {freemem,"tsung_controller@ip-172-31-29-214"} 1 3509.2265625 0.0 3516.8125 3509.2265625 3515.2721354166665 3
stats: {load,"tsung_controller@ip-172-31-29-214"} 1 0.01171875 0.0 0.01953125 0.01171875 0.016927083333333332 3
stats: {recvpackets,"tsung_controller@ip-172-31-29-214"} 1 656.0 0.0 656 557 595.5 2
stats: {sentpackets,"tsung_controller@ip-172-31-29-214"} 1 834.0 0.0 834 650 671.5 2
stats: {cpu,"tsung_controller@ip-172-31-29-214"} 1 3.510531594784353 0.0 3.510531594784353 1.5 2.1611186819558212 3
stats: session 10 35078.341 13.80250204854268 35103.868 35057.554 0 0
stats: users_count 151 430
stats: finish_users_count 10 10
stats: request 352 19.093803977272703 7.3602118946991295 185.062 8.692 23.35420833333335 552
stats: connect 153 1.2767320261437909 0.3178487330144659 12.778 0.779 1.3982372262773726 274
stats: page 189 35.52325396825397 21.948749408855836 422.575 10.01 47.124642335766424 274
stats: 302 153 427
stats: 200 199 477
stats: size_rcv 705960 1769032
stats: newphase 1 1
stats: size_sent 222189 543986
stats: connected 144 418
# stats: dump at 1575160862
stats: users 506 506
stats: {freemem,"tsung_controller@ip-172-31-29-214"} 1 3500.6015625 0.0 3516.8125 3500.6015625 3513.7607421875 4
stats: {load,"tsung_controller@ip-172-31-29-214"} 1 0.01171875 0.0 0.01953125 0.01171875 0.015625 4
stats: {recvpackets,"tsung_controller@ip-172-31-29-214"} 1 1077.0 0.0 1077 557 615.6666666666666 3
stats: {sentpackets,"tsung_controller@ip-172-31-29-214"} 1 1287.0 0.0 1287 650 725.6666666666666 3
stats: {cpu,"tsung_controller@ip-172-31-29-214"} 1 2.50501002004008 0.0 3.510531594784353 1.5 2.4984719101629542 4
stats: session 48 35074.14204166667 22.941863233471707 35159.089 35053.474 35078.341 10
stats: users_count 134 564
stats: finish_users_count 48 58
stats: request 374 20.024149732620305 8.389929615368786 185.062 8.085 21.69528982300885 904
stats: connect 132 1.2610151515151513 0.8559534908850541 12.778 0.755 1.3547002341920378 427
stats: page 237 31.700358649789024 20.359050396533373 422.575 8.085 42.38887041036717 463
stats: 302 132 559
stats: 200 242 719
stats: size_rcv 780795 2549827
stats: newphase 0 1
stats: size_sent 263253 807239
stats: connected 85 503
# stats: dump at 1575160872
stats: users 588 588
stats: {freemem,"tsung_controller@ip-172-31-29-214"} 1 3492.421875 0.0 3516.8125 3492.421875 3511.12890625 5
stats: {load,"tsung_controller@ip-172-31-29-214"} 1 0.01171875 0.0 0.01953125 0.01171875 0.01484375 5
stats: {recvpackets,"tsung_controller@ip-172-31-29-214"} 1 1136.0 0.0 1136 557 731.0 4
stats: {sentpackets,"tsung_controller@ip-172-31-29-214"} 1 1422.0 0.0 1422 650 866.0 4
stats: {cpu,"tsung_controller@ip-172-31-29-214"} 1 1.5197568389057752 0.0 3.510531594784353 1.5 2.4997795321383793 5
stats: session 55 35067.84665454547 15.14782871475495 35159.089 35048.064 35074.86600000001 58
stats: users_count 137 701
stats: finish_users_count 55 113
stats: request 380 19.824960526315817 7.576492968456676 185.062 8.085 21.206239436619715 1278
stats: connect 138 1.4110144927536221 1.2066571922050207 13.47 0.755 1.332577817531306 559
stats: page 241 31.229526970954357 19.59500175663768 422.575 8.085 38.770045714285715 700
stats: 302 138 697
stats: 200 242 961
stats: size_rcv 786002 3335829
stats: newphase 0 1
stats: size_sent 266477 1073716
stats: connected 84 587
# stats: dump at 1575160882
stats: users 726 726
stats: {freemem,"tsung_controller@ip-172-31-29-214"} 1 3490.23046875 0.0 3516.8125 3490.23046875 3508.0110677083335 6
stats: {load,"tsung_controller@ip-172-31-29-214"} 1 0.0 0.0 0.01953125 0.0 0.014322916666666666 6
stats: {recvpackets,"tsung_controller@ip-172-31-29-214"} 1 1125.0 0.0 1136 557 812.0 5
stats: {sentpackets,"tsung_controller@ip-172-31-29-214"} 1 1410.0 0.0 1422 650 977.2 5
stats: {cpu,"tsung_controller@ip-172-31-29-214"} 1 2.3115577889447234 0.0 3.510531594784353 1.5 2.336442416599612 6
stats: session 62 35104.64774193548 100.0258899932096 35483.191 35046.929 35071.449504424796 113
stats: users_count 200 901
stats: finish_users_count 62 175
stats: request 548 30.116501824817586 53.836545952137065 483.626 7.62 20.889661640530765 1658
stats: connect 194 17.199144329896903 59.07357207360894 361.352 0.755 1.3481076040172164 697
stats: page 325 50.87254769230765 73.68188745182299 483.626 8.085 36.83883953241232 941
stats: 302 194 891
stats: 200 354 1315
stats: size_rcv 1137403 4473232
stats: newphase 1 2
stats: size_sent 389212 1462928
stats: connected 95 682
# stats: dump at 1575160892
stats: users 855 855
stats: {freemem,"tsung_controller@ip-172-31-29-214"} 1 3481.69140625 0.0 3516.8125 3481.69140625 3505.4709821428573 7
stats: {load,"tsung_controller@ip-172-31-29-214"} 1 0.0 0.0 0.01953125 0.0 0.012276785714285714 7
stats: {recvpackets,"tsung_controller@ip-172-31-29-214"} 1 1679.0 0.0 1679 557 864.1666666666666 6
stats: {sentpackets,"tsung_controller@ip-172-31-29-214"} 1 1970.0 0.0 1970 650 1049.3333333333333 6
stats: {cpu,"tsung_controller@ip-172-31-29-214"} 1 2.631578947368421 0.0 3.510531594784353 1.5 2.332887469791771 7
stats: session 59 35059.81816949151 8.9513380216609 35483.191 35046.929 35083.211165714296 175
stats: users_count 188 1089
stats: finish_users_count 59 234
stats: request 551 18.586651542649715 5.652990384310864 483.626 7.62 23.18173254759748 2206
stats: connect 232 1.243728448275863 0.3430126285264533 361.352 0.755 4.799399551066217 891
stats: page 359 28.557061281337027 17.3779730014665 483.626 7.636 40.441489731437585 1266
stats: 302 191 1082
stats: 200 360 1675
stats: size_rcv 1182250 5655482
stats: newphase 0 2
stats: size_sent 386380 1849308
stats: connected 119 801
# stats: dump at 1575160902
stats: users 936 936
stats: {freemem,"tsung_controller@ip-172-31-29-214"} 1 3480.66796875 0.0 3516.8125 3480.66796875 3502.49853515625 8
stats: {load,"tsung_controller@ip-172-31-29-214"} 1 0.0 0.0 0.01953125 0.0 0.0107421875 8
stats: {recvpackets,"tsung_controller@ip-172-31-29-214"} 1 1887.0 0.0 1887 557 980.5714285714286 7
stats: {sentpackets,"tsung_controller@ip-172-31-29-214"} 1 2258.0 0.0 2258 650 1180.857142857143 7
stats: {cpu,"tsung_controller@ip-172-31-29-214"} 1 3.996003996003996 0.0 3.996003996003996 1.5 2.3702239044888525 8
stats: session 107 53600.683121495305 22183.224468942743 80461.609 35046.929 35077.312931623936 234
stats: users_count 188 1277
stats: finish_users_count 107 341
stats: request 594 17.574360269360263 5.857351412587665 483.626 7.163 22.263383025027217 2757
stats: connect 237 1.1304725738396626 0.4284435725010074 361.352 0.745 4.064835262689225 1123
stats: page 409 25.50539608801952 16.410090932570778 483.626 7.163 37.815945230769216 1625
stats: 302 228 1310
stats: 200 366 2041
stats: size_rcv 1260356 6915838
stats: newphase 0 2
stats: size_sent 443082 2292390
stats: connected 86 887
# stats: dump at 1575160912
stats: users 1035 1035
stats: {freemem,"tsung_controller@ip-172-31-29-214"} 1 3480.0 0.0 3516.8125 3480.0 3500.0729166666665 9
stats: {load,"tsung_controller@ip-172-31-29-214"} 1 0.0 0.0 0.01953125 0.0 0.009548611111111112 9
stats: {recvpackets,"tsung_controller@ip-172-31-29-214"} 1 1983.0 0.0 1983 557 1093.875 8
stats: {sentpackets,"tsung_controller@ip-172-31-29-214"} 1 2414.0 0.0 2414 650 1315.5 8
stats: {cpu,"tsung_controller@ip-172-31-29-214"} 1 3.6108324974924777 0.0 3.996003996003996 1.5 2.550866136879424 9
stats: session 132 51445.25642424244 21656.953189135857 80461.609 35045.596 40889.63143695014 341
stats: users_count 231 1508
stats: finish_users_count 132 473
stats: request 744 17.950504032258042 6.817991562098325 483.626 6.998 21.432204416592068 3351
stats: connect 277 1.0950469314079412 0.645275298453174 361.352 0.615 3.5534794117647057 1360
stats: page 491 27.205969450101833 17.746131299608283 483.626 6.998 35.34052015732545 2034
stats: 302 277 1587
stats: 200 467 2508
stats: size_rcv 1571471 8487309
stats: newphase 1 3
stats: size_sent 555846 2848236
stats: connected 66 953
# stats: dump at 1575160922
stats: users 1163 1167
stats: {freemem,"tsung_controller@ip-172-31-29-214"} 1 3472.0703125 0.0 3516.8125 3472.0703125 3498.065625 10
stats: {load,"tsung_controller@ip-172-31-29-214"} 1 0.0 0.0 0.01953125 0.0 0.00859375 10
stats: {recvpackets,"tsung_controller@ip-172-31-29-214"} 1 2425.0 0.0 2425 557 1192.6666666666667 9
stats: {sentpackets,"tsung_controller@ip-172-31-29-214"} 1 2933.0 0.0 2933 650 1437.5555555555557 9
stats: {cpu,"tsung_controller@ip-172-31-29-214"} 1 5.461767626613704 0.0 5.461767626613704 1.5 2.6568627729407295 10
stats: session 142 50605.10557746478 21402.370136586913 80461.609 35045.596 43835.3872473573 473
stats: users_count 270 1778
stats: finish_users_count 142 615
stats: request 872 19.726547018348622 8.452788729610031 483.626 6.971 20.79963174603175 4095
stats: connect 360 1.2334833333333326 1.1752810608294701 361.352 0.615 3.1374832009773974 1637
stats: page 598 28.837247491638795 19.36507815990983 483.626 6.971 33.758712475247506 2525
stats: 302 327 1914
stats: 200 545 3053
stats: size_rcv 1867653 10354962
stats: newphase 0 3
stats: size_sent 644945 3493181
stats: connected 147 1100
# stats: dump at 1575160932
stats: users 1254 1254
stats: {freemem,"tsung_controller@ip-172-31-29-214"} 1 3465.515625 0.0 3516.8125 3465.515625 3495.7024147727275 11
stats: {load,"tsung_controller@ip-172-31-29-214"} 1 0.0 0.0 0.01953125 0.0 0.0078125 11
stats: {recvpackets,"tsung_controller@ip-172-31-29-214"} 1 2919.0 0.0 2919 557 1315.9 10
stats: {sentpackets,"tsung_controller@ip-172-31-29-214"} 1 3479.0 0.0 3479 650 1587.1 10
stats: {cpu,"tsung_controller@ip-172-31-29-214"} 1 5.226130653266332 0.0 5.461767626613704 1.5 2.9118541232746367 11
stats: session 168 56777.73230952384 22498.62250638732 80461.609 35045.596 45398.47668292683 615
stats: users_count 259 2037
stats: finish_users_count 168 783
stats: request 826 19.30648426150124 8.38158141549497 483.626 6.941 20.61124239983894 4967
stats: connect 323 1.3471393188854486 0.9563090273663876 361.352 0.615 2.794248372558838 1997
stats: page 579 27.492974093264262 18.782353784699865 483.626 6.941 32.816337816202356 3123
stats: 302 336 2250
stats: 200 491 3544
stats: size_rcv 1729644 12084606
stats: newphase 0 3
stats: size_sent 625395 4118576
stats: connected 89 1189
# stats: dump at 1575160942
stats: users 1388 1388
stats: {freemem,"tsung_controller@ip-172-31-29-214"} 1 3463.7890625 0.0 3516.8125 3463.7890625 3493.1868489583335 12
stats: {load,"tsung_controller@ip-172-31-29-214"} 1 0.0 0.0 0.01953125 0.0 0.007161458333333333 12
stats: {recvpackets,"tsung_controller@ip-172-31-29-214"} 1 2779.0 0.0 2919 557 1461.6363636363637 11
stats: {sentpackets,"tsung_controller@ip-172-31-29-214"} 1 3373.0 0.0 3479 650 1759.090909090909 11
stats: {cpu,"tsung_controller@ip-172-31-29-214"} 1 5.516549648946841 0.0 5.516549648946841 1.5 3.1047105007739444 12
stats: session 167 54209.78640119763 22261.86995323538 80461.609 35045.596 47840.00279438059 783
stats: users_count 301 2338
stats: finish_users_count 167 950
stats: request 914 18.76720131291029 7.444155857444998 483.626 6.941 20.425202313136552 5793
stats: connect 372 1.253537634408603 0.8725779080247786 361.352 0.615 2.5927758620689656 2320
stats: page 646 26.574195046439613 17.57774379902393 483.626 6.941 31.983753376553203 3702
stats: 302 372 2622
stats: 200 542 4086
stats: size_rcv 1907606 13992212
stats: newphase 1 4
stats: size_sent 665740 4784316
stats: connected 88 1277
# stats: dump at 1575160952
stats: users 1498 1502
stats: {freemem,"tsung_controller@ip-172-31-29-214"} 1 3448.3984375 0.0 3516.8125 3448.3984375 3490.925480769231 13
stats: {load,"tsung_controller@ip-172-31-29-214"} 1 0.0 0.0 0.01953125 0.0 0.006610576923076923 13
stats: {recvpackets,"tsung_controller@ip-172-31-29-214"} 1 3304.0 0.0 3304 557 1571.4166666666667 12
stats: {sentpackets,"tsung_controller@ip-172-31-29-214"} 1 3961.0 0.0 3961 650 1893.5833333333333 12
stats: {cpu,"tsung_controller@ip-172-31-29-214"} 1 7.227722772277227 0.0 7.227722772277227 1.5 3.2902365890949365 13
stats: session 193 50932.139585492194 21507.597419613223 80461.609 35045.596 48959.74370210527 950
stats: users_count 303 2641
stats: finish_users_count 193 1143
stats: request 1086 19.72690883977899 7.504869795431891 483.626 6.941 20.199257343074407 6707
stats: connect 416 1.1230336538461545 0.34884151518070855 361.352 0.615 2.4077102526002974 2692
stats: page 748 28.70420721925135 17.813135974832242 483.626 6.941 31.18003334866604 4348
stats: 302 375 2997
stats: 200 711 4797
stats: size_rcv 2352131 16344343
stats: newphase 0 4
stats: size_sent 832602 5616918
stats: connected 130 1407
# stats: dump at 1575160962
stats: users 1538 1541
stats: {freemem,"tsung_controller@ip-172-31-29-214"} 1 3444.26953125 0.0 3516.8125 3444.26953125 3487.8878348214284 14
stats: {load,"tsung_controller@ip-172-31-29-214"} 1 0.0 0.0 0.01953125 0.0 0.006138392857142857 14
stats: {recvpackets,"tsung_controller@ip-172-31-29-214"} 1 3602.0 0.0 3602 557 1704.6923076923076 13
stats: {sentpackets,"tsung_controller@ip-172-31-29-214"} 1 4386.0 0.0 4386 650 2052.6153846153848 13
stats: {cpu,"tsung_controller@ip-172-31-29-214"} 1 7.263681592039801 0.0 7.263681592039801 1.5 3.571485602179386 14
stats: session 257 54696.39608560313 22336.267672563416 80471.125 35045.54 49292.79042607174 1143
stats: users_count 297 2938
stats: finish_users_count 257 1400
stats: request 1069 18.44703367633306 6.957805515866392 483.626 6.941 20.13343282432953 7793
stats: connect 392 1.140364795918367 0.40855836278491325 361.352 0.615 2.2357586872586874 3108
stats: page 779 25.33514249037232 16.68004308903598 483.626 6.941 30.81662715855572 5096
stats: 302 408 3405
stats: 200 661 5458
stats: size_rcv 2270930 18615273
stats: newphase 0 4
stats: size_sent 832044 6448962
stats: connected 42 1449
# stats: dump at 1575160972
stats: users 1675 1676
stats: {freemem,"tsung_controller@ip-172-31-29-214"} 1 3443.4609375 0.0 3516.8125 3443.4609375 3484.979947916667 15
stats: {load,"tsung_controller@ip-172-31-29-214"} 1 0.0 0.0 0.01953125 0.0 0.005729166666666666 15
stats: {recvpackets,"tsung_controller@ip-172-31-29-214"} 1 3407.0 0.0 3602 557 1840.2142857142858 14
stats: {sentpackets,"tsung_controller@ip-172-31-29-214"} 1 4224.0 0.0 4386 650 2219.285714285714 14
stats: {cpu,"tsung_controller@ip-172-31-29-214"} 1 7.455268389662027 0.0 7.455268389662027 1.5 3.8176320015034135 15
stats: session 232 53310.10520258622 22101.855436960017 80471.125 35045.54 50284.73803642857 1400
stats: users_count 369 3307
stats: finish_users_count 232 1632
stats: request 1214 20.707567545304766 9.56810118802495 483.626 5.945 19.930006883322058 8862
stats: connect 460 1.207082608695653 1.0066814690518178 361.352 0.615 2.1130745714285717 3500
stats: page 855 29.27370994152049 19.642756987506942 483.626 6.639 30.089805617021273 5875
stats: 302 457 3862
stats: 200 758 6216
stats: size_rcv 2560755 21176028
stats: newphase 1 5
stats: size_sent 923624 7372586
stats: connected 108 1557
# stats: dump at 1575160982
stats: users 1757 1757
stats: {freemem,"tsung_controller@ip-172-31-29-214"} 1 3441.77734375 0.0 3516.8125 3441.77734375 3482.385009765625 16
stats: {load,"tsung_controller@ip-172-31-29-214"} 1 0.0 0.0 0.01953125 0.0 0.00537109375 16
stats: {recvpackets,"tsung_controller@ip-172-31-29-214"} 1 4320.0 0.0 4320 557 1944.6666666666667 15
stats: {sentpackets,"tsung_controller@ip-172-31-29-214"} 1 5224.0 0.0 5224 650 2352.9333333333334 15
stats: {cpu,"tsung_controller@ip-172-31-29-214"} 1 8.208208208208207 0.0 8.208208208208207 1.5 4.044984275763327 16
stats: session 241 53202.2694771784 22076.478587981015 80471.125 35045.54 50714.81474142157 1632
stats: users_count 323 3630
stats: finish_users_count 241 1873
stats: request 1155 37.21999307359314 62.886558862668196 555.698 5.945 20.023690750297746 10076
stats: connect 450 6.229802222222222 29.72197492119996 361.352 0.615 2.0078330808080813 3960
stats: page 833 51.61071788715489 78.17091241230199 555.698 6.639 29.986126300148587 6730
stats: 302 423 4285
stats: 200 732 6948
stats: size_rcv 2479759 23655787
stats: newphase 0 5
stats: size_sent 888034 8260620
stats: connected 69 1626
# stats: dump at 1575160992
stats: users 1821 1821
stats: {freemem,"tsung_controller@ip-172-31-29-214"} 1 3440.7421875 0.0 3516.8125 3440.7421875 3479.9963235294117 17
stats: {load,"tsung_controller@ip-172-31-29-214"} 1 0.0 0.0 0.01953125 0.0 0.00505514705882353 17
stats: {recvpackets,"tsung_controller@ip-172-31-29-214"} 1 3952.0 0.0 4320 557 2093.125 16
stats: {sentpackets,"tsung_controller@ip-172-31-29-214"} 1 4647.0 0.0 5224 650 2532.375 16
stats: {cpu,"tsung_controller@ip-172-31-29-214"} 1 6.545820745216516 0.0 8.208208208208207 1.5 4.289879801201261 17
stats: session 285 54534.902624561386 22285.86025673401 80471.125 35045.54 51034.876989855846 1873
stats: users_count 349 3979
stats: finish_users_count 285 2158
stats: request 1272 69.65688679245281 1698.6260700085363 60625.431 5.945 21.792164544564166 11231
stats: connect 490 1.1450081632653053 0.7317145617885169 361.352 0.615 2.4386462585034017 4410
stats: page 932 95.24501180257502 1985.4834424338355 60671.729 6.639 32.367890784080394 7563
stats: 302 477 4762
stats: 200 793 7741
stats: size_rcv 2714169 26369956
stats: newphase 0 5
stats: size_sent 988885 9249505
stats: connected 78 1704
# stats: dump at 1575161002
stats: users 1867 1870
stats: {freemem,"tsung_controller@ip-172-31-29-214"} 1 3439.3203125 0.0 3516.8125 3439.3203125 3477.8155381944443 18
stats: {load,"tsung_controller@ip-172-31-29-214"} 1 0.0 0.0 0.01953125 0.0 0.004774305555555556 18
stats: {recvpackets,"tsung_controller@ip-172-31-29-214"} 1 4359.0 0.0 4359 557 2202.470588235294 17
stats: {sentpackets,"tsung_controller@ip-172-31-29-214"} 1 5240.0 0.0 5240 650 2656.764705882353 17
stats: {cpu,"tsung_controller@ip-172-31-29-214"} 1 8.648111332007952 0.0 8.648111332007952 1.5 4.415209853646553 18
stats: session 303 55280.38227392739 22394.87237834086 80471.125 35045.54 51497.11392493049 2158
stats: users_count 349 4328
stats: finish_users_count 303 2461
stats: request 1275 21.182164705882393 9.63484730541975 60625.431 5.898 26.661709989602503 12503
stats: connect 468 1.235514957264958 0.9491451021787745 361.352 0.615 2.3092824489795922 4900
stats: page 951 28.409317560462696 19.621962298019973 60671.729 5.898 39.266240023543254 8495
stats: 302 482 5244
stats: 200 794 8535
stats: size_rcv 2713680 29083636
stats: newphase 1 6
stats: size_sent 997909 10247414
stats: connected 33 1737
# stats: dump at 1575161012
stats: users 1995 1996
stats: {freemem,"tsung_controller@ip-172-31-29-214"} 1 3424.44140625 0.0 3516.8125 3424.44140625 3475.7894736842104 19
stats: {load,"tsung_controller@ip-172-31-29-214"} 1 0.0 0.0 0.01953125 0.0 0.004523026315789474 19
stats: {recvpackets,"tsung_controller@ip-172-31-29-214"} 1 4537.0 0.0 4537 557 2322.277777777778 18
stats: {sentpackets,"tsung_controller@ip-172-31-29-214"} 1 5504.0 0.0 5504 650 2800.277777777778 18
stats: {cpu,"tsung_controller@ip-172-31-29-214"} 1 8.032128514056225 0.0 8.648111332007952 1.5 4.6379941419813635 19
stats: session 275 55217.92390181825 22380.229707550116 80471.125 35045.54 51962.91250670459 2461
stats: users_count 403 4731
stats: finish_users_count 275 2736
stats: request 1394 22.76400717360113 12.167804455480336 60625.431 5.898 26.154639280011626 13778
stats: connect 546 1.1812326007326002 0.8934075314913513 361.352 0.615 2.215667846497765 5368
stats: page 983 32.29328585961339 22.907387968976614 60671.729 5.898 38.17319182722845 9446
stats: 302 532 5776
stats: 200 862 9397
stats: size_rcv 2945124 32028760
stats: newphase 0 6
stats: size_sent 1064086 11311500
stats: connected 98 1835
# stats: dump at 1575161022
stats: users 2086 2090
stats: {freemem,"tsung_controller@ip-172-31-29-214"} 1 3421.33984375 0.0 3516.8125 3421.33984375 3473.2220703125 20
stats: {load,"tsung_controller@ip-172-31-29-214"} 1 0.0 0.0 0.01953125 0.0 0.004296875 20
stats: {recvpackets,"tsung_controller@ip-172-31-29-214"} 1 4964.0 0.0 4964 557 2438.842105263158 19
stats: {sentpackets,"tsung_controller@ip-172-31-29-214"} 1 5857.0 0.0 5857 650 2942.5789473684213 19
stats: {cpu,"tsung_controller@ip-172-31-29-214"} 1 9.900990099009901 0.0 9.900990099009901 1.5 4.807700860585106 20
stats: session 326 53879.26723926375 22185.33257788719 80471.125 35045.54 52290.07922222222 2736
stats: users_count 417 5148
stats: finish_users_count 326 3062
stats: request 1499 28.627247498332217 37.15360929504093 60625.431 5.898 25.843108752966 15172
stats: connect 579 4.284854922279792 22.114177001700604 361.352 0.615 2.120165370307745 5914
stats: page 1088 39.47632352941175 45.693219337417965 60671.729 5.898 37.618973055901805 10429
stats: 302 540 6316
stats: 200 951 10348
stats: size_rcv 3217421 35246181
stats: newphase 0 6
stats: size_sent 1169419 12480919
stats: connected 110 1945
stats: 500 8 8
# stats: dump at 1575161032
stats: users 2151 2156
stats: {freemem,"tsung_controller@ip-172-31-29-214"} 1 3419.71484375 0.0 3516.8125 3419.71484375 3470.751488095238 21
stats: {load,"tsung_controller@ip-172-31-29-214"} 1 0.0 0.0 0.01953125 0.0 0.004092261904761905 21
stats: {recvpackets,"tsung_controller@ip-172-31-29-214"} 1 5133.0 0.0 5133 557 2565.1 20
stats: {sentpackets,"tsung_controller@ip-172-31-29-214"} 1 6105.0 0.0 6105 650 3088.3 20
stats: {cpu,"tsung_controller@ip-172-31-29-214"} 1 9.60960960960961 0.0 9.900990099009901 1.5 5.050238443367239 21
stats: session 345 56886.1283449275 22494.998252259553 80471.125 35045.54 52459.27428870019 3062
stats: users_count 410 5558
stats: finish_users_count 345 3407
stats: request 1507 66.17903052422035 1566.0417760133396 60835.858 3.971 26.093449103233166 16671
stats: connect 559 3.300232558139537 12.761586134094083 361.352 0.531 2.31319713537656 6493
stats: page 1092 35.64305860805862 29.109080862909057 60671.729 5.898 37.794435182773285 11517
stats: 302 584 6900
stats: 200 919 11267
stats: size_rcv 3192787 38438968
stats: newphase 1 7
stats: size_sent 1169161 13650080
stats: connected 32 1977
stats: 500 3 11
# stats: dump at 1575161042
stats: users 2243 2247
stats: {freemem,"tsung_controller@ip-172-31-29-214"} 1 3418.75 0.0 3516.8125 3418.75 3468.431640625 22
stats: {load,"tsung_controller@ip-172-31-29-214"} 1 0.0 0.0 0.01953125 0.0 0.00390625 22
stats: {recvpackets,"tsung_controller@ip-172-31-29-214"} 1 5334.0 0.0 5334 557 2687.3809523809523 21
stats: {sentpackets,"tsung_controller@ip-172-31-29-214"} 1 6250.0 0.0 6250 650 3231.9523809523807 21
stats: {cpu,"tsung_controller@ip-172-31-29-214"} 1 8.393039918116683 0.0 9.900990099009901 1.5 5.257482587287347 22
stats: session 340 54150.73651764709 22242.481615639383 80471.125 35045.54 52907.546859700604 3407
stats: users_count 432 5990
stats: finish_users_count 340 3747
stats: request 1578 26.08914448669204 15.685034352995919 60835.858 3.971 29.416640389481806 18178
stats: connect 618 1.4911326860841434 2.1601103992821633 361.352 0.531 2.391437748156552 7052
stats: page 1158 35.52275043177899 26.398563459713237 60671.729 5.898 37.60811563169164 12609
stats: 302 575 7475
stats: 200 998 12265
stats: size_rcv 3382374 41821342
stats: newphase 0 7
stats: size_sent 1233667 14883747
stats: connected 116 2093
stats: 500 5 16
# stats: dump at 1575161052
stats: users 2291 2309
stats: {freemem,"tsung_controller@ip-172-31-29-214"} 1 3416.18359375 0.0 3516.8125 3416.18359375 3466.2715692934785 23
stats: {load,"tsung_controller@ip-172-31-29-214"} 1 0.0703125 0.0 0.0703125 0.0 0.003736413043478261 23
stats: {recvpackets,"tsung_controller@ip-172-31-29-214"} 1 5746.0 0.0 5746 557 2807.681818181818 22
stats: {sentpackets,"tsung_controller@ip-172-31-29-214"} 1 6680.0 0.0 6680 650 3369.1363636363635 22
stats: {cpu,"tsung_controller@ip-172-31-29-214"} 1 9.485368314833503 0.0 9.900990099009901 1.5 5.393811166888622 23
stats: session 384 56663.87034895833 22486.356271686283 80471.125 35045.54 53020.35296690685 3747
stats: users_count 432 6422
stats: finish_users_count 384 4131
stats: request 1544 26.482743523316007 17.107700793106236 60835.858 3.971 29.150858422757658 19756
stats: connect 559 1.226508050089447 0.9640801762561263 361.352 0.531 2.3188968709256854 7670
stats: page 1118 36.64748926654736 27.73025967065476 60671.729 5.898 37.432706835185584 13767
stats: 302 575 8050
stats: 200 959 13224
stats: size_rcv 3266519 45087861
stats: newphase 0 7
stats: size_sent 1203975 16087722
stats: connected 42 2135
stats: 500 10 26
# stats: dump at 1575161062
stats: users 2388 2394
stats: {freemem,"tsung_controller@ip-172-31-29-214"} 1 3415.421875 0.0 3516.8125 3415.421875 3464.1845703125 24
stats: {load,"tsung_controller@ip-172-31-29-214"} 1 0.140625 0.0 0.140625 0.0 0.006510416666666667 24
stats: {recvpackets,"tsung_controller@ip-172-31-29-214"} 1 5658.0 0.0 5746 557 2935.4347826086955 23
stats: {sentpackets,"tsung_controller@ip-172-31-29-214"} 1 6705.0 0.0 6705 650 3513.086956521739 23
stats: {cpu,"tsung_controller@ip-172-31-29-214"} 1 10.657370517928287 0.0 10.657370517928287 1.5 5.5642927147196595 24
stats: session 368 54318.93344836956 22268.699081878487 80568.434 35045.54 53359.03867852819 4131
stats: users_count 465 6887
stats: finish_users_count 368 4499
stats: request 1671 63.807697187312975 1483.9304270068906 60835.858 3.971 28.957451408450712 21300
stats: connect 635 1.1141102362204713 0.9961353940509527 361.352 0.531 2.244690363349132 8229
stats: page 1216 87.71993832236848 1740.3982365400313 60744.686 5.898 37.37372979509573 14885
stats: 302 630 8680
stats: 200 1031 14255
stats: size_rcv 3528846 48616707
stats: newphase 1 8
stats: size_sent 1294482 17382204
stats: connected 107 2242
stats: 500 8 34
# stats: dump at 1575161072
stats: users 2517 2520
stats: {freemem,"tsung_controller@ip-172-31-29-214"} 1 3414.1171875 0.0 3516.8125 3414.1171875 3462.2340625 25
stats: {load,"tsung_controller@ip-172-31-29-214"} 1 0.19140625 0.0 0.19140625 0.0 0.011875 25
stats: {recvpackets,"tsung_controller@ip-172-31-29-214"} 1 5950.0 0.0 5950 557 3048.875 24
stats: {sentpackets,"tsung_controller@ip-172-31-29-214"} 1 6883.0 0.0 6883 650 3646.0833333333335 24
stats: {cpu,"tsung_controller@ip-172-31-29-214"} 1 10.38961038961039 0.0 10.657370517928287 1.5 5.768015826848004 25
stats: session 391 54834.99980818413 22693.96880390275 140723.21 35045.54 53437.554187597234 4499
stats: users_count 520 7407
stats: finish_users_count 391 4890
stats: request 1800 34.866430000000086 24.121288526656503 60835.858 3.971 31.492594009838502 22971
stats: connect 682 1.1316671554252182 0.7327584962645746 361.352 0.531 2.1636977662454884 8864
stats: page 1292 48.5708575851394 42.10145764097956 60744.686 5.898 41.176039562760074 16101
stats: 302 689 9369
stats: 200 1101 15356
stats: size_rcv 3767524 52384231
stats: newphase 0 8
stats: size_sent 1381030 18763234
stats: connected 80 2322
stats: 500 10 44
# stats: dump at 1575161082
stats: users 2663 2664
stats: {freemem,"tsung_controller@ip-172-31-29-214"} 1 3399.64453125 0.0 3516.8125 3399.64453125 3460.3834134615386 26
stats: {load,"tsung_controller@ip-172-31-29-214"} 1 0.16015625 0.0 0.19140625 0.0 0.018780048076923076 26
stats: {recvpackets,"tsung_controller@ip-172-31-29-214"} 1 6597.0 0.0 6597 557 3164.92 25
stats: {sentpackets,"tsung_controller@ip-172-31-29-214"} 1 7417.0 0.0 7417 650 3775.56 25
stats: {cpu,"tsung_controller@ip-172-31-29-214"} 1 11.869436201780417 0.0 11.869436201780417 1.5 5.945769463877327 26
stats: session 365 54981.5596657534 22337.59836271806 140723.21 35045.54 53549.29268200408 4890
stats: users_count 511 7918
stats: finish_users_count 365 5255
stats: request 1846 38.63382665222092 24.74137767370959 60835.858 3.049 31.737755883896504 24771
stats: connect 711 1.3056540084388164 1.0765784492383192 361.352 0.531 2.089965849570502 9546
stats: page 1290 55.23193953488366 43.659143686088754 60744.686 5.898 41.725347036163974 17393
stats: 302 665 10034
stats: 200 1164 16520
stats: size_rcv 3946991 56331222
stats: newphase 0 8
stats: size_sent 1432863 20196097
stats: connected 137 2459
stats: 500 17 61
# stats: dump at 1575161092
stats: users 2767 2771
stats: {freemem,"tsung_controller@ip-172-31-29-214"} 1 3393.9765625 0.0 3516.8125 3393.9765625 3458.1338252314813 27
stats: {load,"tsung_controller@ip-172-31-29-214"} 1 0.12890625 0.0 0.19140625 0.0 0.024016203703703703 27
stats: {recvpackets,"tsung_controller@ip-172-31-29-214"} 1 7082.0 0.0 7082 557 3296.923076923077 26
stats: {sentpackets,"tsung_controller@ip-172-31-29-214"} 1 7710.0 0.0 7710 650 3915.6153846153848 26
stats: {cpu,"tsung_controller@ip-172-31-29-214"} 1 11.01010101010101 0.0 11.869436201780417 1.5 6.165164528244109 27
stats: session 440 55935.764220454585 22402.058711592425 140723.21 35045.54 53648.774594291135 5255
stats: users_count 544 8462
stats: finish_users_count 440 5695
stats: request 1938 95.36741692466457 1372.6699682850356 60835.858 2.941 32.21602716309126 26617
stats: connect 753 1.3837516600265594 1.3472307362834166 361.352 0.531 2.035598518085211 10257
stats: page 1433 171.52094487089997 3202.2968430984292 121293.967 5.898 42.65793304073221 18683
stats: 302 719 10753
stats: 200 1115 17635
stats: size_rcv 4044342 60375564
stats: newphase 1 9
stats: size_sent 1473398 21669495
stats: connected 105 2564
stats: 500 103 164
# stats: dump at 1575161102
stats: users 2910 2911
stats: {freemem,"tsung_controller@ip-172-31-29-214"} 1 3392.3828125 0.0 3516.8125 3392.3828125 3455.8424944196427 28
stats: {load,"tsung_controller@ip-172-31-29-214"} 1 0.109375 0.0 0.19140625 0.0 0.027762276785714284 28
stats: {recvpackets,"tsung_controller@ip-172-31-29-214"} 1 7320.0 0.0 7320 557 3437.1111111111113 27
stats: {sentpackets,"tsung_controller@ip-172-31-29-214"} 1 8074.0 0.0 8074 650 4056.1481481481483 27
stats: {cpu,"tsung_controller@ip-172-31-29-214"} 1 11.122448979591837 0.0 11.869436201780417 1.5 6.338197974024712 28
stats: session 414 56820.112055555626 22474.468228095968 140723.21 35045.54 53825.46913959613 5695
stats: users_count 557 9019
stats: finish_users_count 414 6109
stats: request 1913 62.231417145844176 47.71323122434499 60835.858 2.883 36.50205039397654 28555
stats: connect 772 1.7394572538860096 2.223611710915125 361.352 0.531 1.9910171662125349 11010
stats: page 1388 84.23072622478381 70.46927531688756 121293.967 5.898 51.83772504474048 20116
stats: 302 721 11474
stats: 200 1103 18738
stats: size_rcv 3972127 64347691
stats: newphase 0 9
stats: size_sent 1519557 23189052
stats: connected 146 2710
stats: 500 89 253
# stats: dump at 1575161112
stats: users 3002 3005
stats: {freemem,"tsung_controller@ip-172-31-29-214"} 1 3376.56640625 0.0 3516.8125 3376.56640625 3453.654229525862 29
stats: {load,"tsung_controller@ip-172-31-29-214"} 1 0.171875 0.0 0.19140625 0.0 0.030576508620689655 29
stats: {recvpackets,"tsung_controller@ip-172-31-29-214"} 1 7882.0 0.0 7882 557 3575.785714285714 28
stats: {sentpackets,"tsung_controller@ip-172-31-29-214"} 1 8395.0 0.0 8395 650 4199.642857142857 28
stats: {cpu,"tsung_controller@ip-172-31-29-214"} 1 14.04040404040404 0.0 14.04040404040404 1.5 6.503172146630475 29
stats: session 477 54530.628828092216 22058.06221015084 140723.21 35045.54 54028.41269291209 6109
stats: users_count 569 9588
stats: finish_users_count 477 6586
stats: request 2106 204.87430674264 236.95346421398537 60835.858 2.883 38.11752494420376 30468
stats: connect 769 1.418581274382316 1.3628838091358408 361.352 0.531 1.974534034968597 11782
stats: page 1525 282.8153016393432 318.77782601604275 121293.967 5.898 53.9285679408482 21504
stats: 302 706 12180
stats: 200 996 19734
stats: size_rcv 4256906 68604597
stats: newphase 0 9
stats: size_sent 1463597 24652649
stats: connected 71 2781
stats: 500 404 657
# stats: dump at 1575161122
stats: users 3077 3077
stats: {freemem,"tsung_controller@ip-172-31-29-214"} 1 3373.2109375 0.0 3516.8125 3373.2109375 3451.0846354166665 30
stats: {load,"tsung_controller@ip-172-31-29-214"} 1 0.21875 0.0 0.21875 0.0 0.03528645833333333 30
stats: {recvpackets,"tsung_controller@ip-172-31-29-214"} 1 8162.0 0.0 8162 557 3724.2758620689656 29
stats: {sentpackets,"tsung_controller@ip-172-31-29-214"} 1 8569.0 0.0 8569 650 4344.310344827586 29
stats: {cpu,"tsung_controller@ip-172-31-29-214"} 1 11.573604060913706 0.0 14.04040404040404 1.5 6.754413209756261 30
stats: session 466 56540.935532188836 22380.92529259447 140723.21 35045.54 54064.78637898572 6586
stats: users_count 541 10129
stats: finish_users_count 466 7052
stats: request 2000 115.4798039999997 104.6060136236564 60835.858 2.883 48.898816233806095 32574
stats: connect 758 1.1366358839050126 0.6781971867736564 361.352 0.531 1.9404707991395116 12551
stats: page 1499 154.6898272181452 143.00755367982882 121293.967 5.898 69.08564245082279 23029
stats: 302 680 12860
stats: 200 1032 20766
stats: size_rcv 4129983 72734580
stats: newphase 1 10
stats: size_sent 1511482 26164131
stats: connected 65 2846
stats: 500 288 945
# stats: dump at 1575161132
stats: users 3133 3141
stats: {freemem,"tsung_controller@ip-172-31-29-214"} 1 3371.56640625 0.0 3516.8125 3371.56640625 3448.5725806451615 31
stats: {load,"tsung_controller@ip-172-31-29-214"} 1 0.19140625 0.0 0.21875 0.0 0.041204637096774195 31
stats: {recvpackets,"tsung_controller@ip-172-31-29-214"} 1 8404.0 0.0 8404 557 3872.2 30
stats: {sentpackets,"tsung_controller@ip-172-31-29-214"} 1 8796.0 0.0 8796 650 4485.133333333333 30
stats: {cpu,"tsung_controller@ip-172-31-29-214"} 1 12.7 0.0 14.04040404040404 1.5 6.909870979148436 31
stats: session 516 55066.51853100766 22058.550578637227 140723.21 35045.54 54228.4116633579 7052
stats: users_count 572 10701
stats: finish_users_count 516 7568
stats: request 2264 283.49852031802055 263.1458322057782 60835.858 2.88 52.750322438826835 34574
stats: connect 817 1.2034773561811494 0.904013871216929 361.352 0.531 1.8946892328499518 13309
stats: page 1628 394.6032745700241 352.975967135052 121293.967 5.898 74.3172419683626 24528
stats: 302 689 13549
stats: 200 942 21708
stats: size_rcv 4458845 77193425
stats: newphase 0 10
stats: size_sent 1594290 27758421
stats: connected 49 2895
stats: 500 633 1578
# stats: dump at 1575161142
stats: users 3215 3215
stats: {freemem,"tsung_controller@ip-172-31-29-214"} 1 3370.47265625 0.0 3516.8125 3370.47265625 3446.1661376953125 32
stats: {load,"tsung_controller@ip-172-31-29-214"} 1 0.16015625 0.0 0.21875 0.0 0.0458984375 32
stats: {recvpackets,"tsung_controller@ip-172-31-29-214"} 1 8775.0 0.0 8775 557 4018.3870967741937 31
stats: {sentpackets,"tsung_controller@ip-172-31-29-214"} 1 9099.0 0.0 9099 650 4624.193548387097 31
stats: {cpu,"tsung_controller@ip-172-31-29-214"} 1 13.789682539682541 0.0 14.04040404040404 1.5 7.090812511050047 32
stats: session 495 56331.17153131319 22607.41688907807 140928.385 35045.54 54285.555313424935 7568
stats: users_count 577 11278
stats: finish_users_count 495 8063
stats: request 2168 145.3260987084874 111.11722119228351 60835.858 2.88 66.93170905043698 36838
stats: connect 823 1.1668323207776412 0.61966300062059 361.352 0.531 1.854711878805041 14126
stats: page 1600 195.96565500000034 154.1955727868621 121293.967 5.898 94.25246375592587 26156
stats: 302 696 14245
stats: 200 1024 22732
stats: size_rcv 4389237 81582662
stats: newphase 0 10
stats: size_sent 1582617 29341038
stats: connected 54 2949
stats: 500 448 2026
# stats: dump at 1575161152
stats: users 2718 3225
stats: {freemem,"tsung_controller@ip-172-31-29-214"} 1 3368.76171875 0.0 3516.8125 3368.76171875 3443.8723958333335 33
stats: {load,"tsung_controller@ip-172-31-29-214"} 1 0.12890625 0.0 0.21875 0.0 0.049360795454545456 33
stats: {recvpackets,"tsung_controller@ip-172-31-29-214"} 1 8999.0 0.0 8999 557 4167.03125 32
stats: {sentpackets,"tsung_controller@ip-172-31-29-214"} 1 9328.0 0.0 9328 650 4764.03125 32
stats: {cpu,"tsung_controller@ip-172-31-29-214"} 1 12.537917087967642 0.0 14.04040404040404 1.5 7.2938085725237585 33
stats: session 560 55734.45744107141 22363.92809553548 140928.385 35045.54 54411.138846583155 8063
stats: users_count 63 11341
stats: finish_users_count 560 8623
stats: request 1311 71.33031807780318 99.32892547161576 60835.858 2.88 71.2889627236835 39006
stats: connect 361 1.3681911357340715 1.0901152240448158 361.352 0.531 1.8168414609672892 14949
stats: page 1223 78.5974766966475 126.47994258384338 121293.967 5.898 100.11574038045819 27756
stats: 302 331 14576
stats: 200 877 23609
stats: size_rcv 2715327 84297989
stats: newphase 0 10
stats: size_sent 1154596 30495634
stats: connected -455 2494
stats: 500 103 2129
# stats: dump at 1575161162
stats: users 2164 3225
stats: {freemem,"tsung_controller@ip-172-31-29-214"} 1 3369.1015625 0.0 3516.8125 3368.76171875 3441.663258272059 34
stats: {load,"tsung_controller@ip-172-31-29-214"} 1 0.109375 0.0 0.21875 0.0 0.05170036764705882 34
stats: {recvpackets,"tsung_controller@ip-172-31-29-214"} 1 4935.0 0.0 8999 557 4313.454545454545 33
stats: {sentpackets,"tsung_controller@ip-172-31-29-214"} 1 5467.0 0.0 9328 650 4902.333333333333 33
stats: {cpu,"tsung_controller@ip-172-31-29-214"} 1 6.451612903225806 0.0 14.04040404040404 1.5 7.448047058272107 34
stats: session 554 57636.57398375454 22455.770245863532 140928.385 35045.54 54497.07859062971 8623
stats: users_count 0 11341
stats: finish_users_count 554 9177
stats: request 1095 30.84914885844746 23.44351223329464 60835.858 2.88 71.29030748815632 40317
stats: connect 256 2.1555390625000013 8.863116416682205 361.352 0.531 1.8062625734813853 15310
stats: page 1095 30.84914885844746 23.44351223329464 121293.967 5.898 99.20760564546731 28979
stats: 302 279 14855
stats: 200 737 24346
stats: size_rcv 2236749 86534738
stats: newphase 0 10
stats: size_sent 1014670 31510304
stats: connected -568 1926
stats: 500 79 2208
# stats: dump at 1575161172
stats: users 1624 3225
stats: {freemem,"tsung_controller@ip-172-31-29-214"} 1 3368.359375 0.0 3516.8125 3368.359375 3439.5900669642856 35
stats: {load,"tsung_controller@ip-172-31-29-214"} 1 0.25 0.0 0.25 0.0 0.053348214285714284 35
stats: {recvpackets,"tsung_controller@ip-172-31-29-214"} 1 4499.0 0.0 8999 557 4331.735294117647 34
stats: {sentpackets,"tsung_controller@ip-172-31-29-214"} 1 5465.0 0.0 9328 650 4918.941176470588 34
stats: {cpu,"tsung_controller@ip-172-31-29-214"} 1 10.152284263959391 0.0 14.04040404040404 1.5 7.41957751098507 35
stats: session 540 57116.598807407405 22517.54100245589 140928.385 35045.54 54686.6046283099 9177
stats: users_count 0 11341
stats: finish_users_count 540 9717
stats: request 1062 28.578103578154348 18.398464689093643 60835.858 2.88 70.22097809813576 41412
stats: connect 253 1.255596837944664 0.8105540848190685 361.352 0.531 1.8120068097134785 15566
stats: page 1062 28.578103578154348 18.398464689093643 121293.967 5.898 96.71866136862397 30074
stats: 302 255 15110
stats: 200 734 25080
stats: size_rcv 2208244 88742982
stats: newphase 0 10
stats: size_sent 983435 32493739
stats: connected -557 1369
stats: 500 73 2281
# stats: dump at 1575161182
stats: users 1192 3225
stats: {freemem,"tsung_controller@ip-172-31-29-214"} 1 3367.75 0.0 3516.8125 3367.75 3437.6114366319443 36
stats: {load,"tsung_controller@ip-172-31-29-214"} 1 0.2109375 0.0 0.25 0.0 0.05881076388888889 36
stats: {recvpackets,"tsung_controller@ip-172-31-29-214"} 1 4544.0 0.0 8999 557 4336.5142857142855 35
stats: {sentpackets,"tsung_controller@ip-172-31-29-214"} 1 5240.0 0.0 9328 650 4934.542857142857 35
stats: {cpu,"tsung_controller@ip-172-31-29-214"} 1 7.221664994984955 0.0 14.04040404040404 1.5 7.495486031901024 36
stats: session 432 60832.87719444445 22300.253877505336 140928.385 35045.54 54821.64598435731 9717
stats: users_count 0 11341
stats: finish_users_count 432 10149
stats: request 795 22.44601761006288 13.540095479153603 60835.858 2.88 69.17975917031592 42474
stats: connect 299 1.163779264214045 0.8894750536176682 361.352 0.531 1.8031079082116448 15819
stats: page 795 22.44601761006288 13.540095479153603 121293.967 5.898 94.39449409044184 31136
stats: 302 252 15362
stats: 200 473 25553
stats: size_rcv 1583574 90326556
stats: newphase 0 10
stats: size_sent 725326 33219065
stats: connected -412 957
stats: 500 70 2351
# stats: dump at 1575161192
stats: users 892 3225
stats: {freemem,"tsung_controller@ip-172-31-29-214"} 1 3375.95703125 0.0 3516.8125 3367.75 3435.723289695946 37
stats: {load,"tsung_controller@ip-172-31-29-214"} 1 0.1796875 0.0 0.25 0.0 0.0629222972972973 37
stats: {recvpackets,"tsung_controller@ip-172-31-29-214"} 1 3374.0 0.0 8999 557 4342.277777777777 36
stats: {sentpackets,"tsung_controller@ip-172-31-29-214"} 1 4001.0 0.0 9328 650 4943.027777777777 36
stats: {cpu,"tsung_controller@ip-172-31-29-214"} 1 5.682951146560319 0.0 14.04040404040404 1.5 7.488085463335724 37
stats: session 300 80515.42428000011 428.8026853124484 140928.385 35045.54 55077.518669622616 10149
stats: users_count 0 11341
stats: finish_users_count 300 10449
stats: request 546 14.425373626373624 6.725629564030753 60835.858 2.88 68.32109997919984 43269
stats: connect 246 1.1940528455284551 0.763666349890656 361.352 0.531 1.79124792157836 16118
stats: page 546 14.425373626373624 6.725629564030753 121293.967 5.858 92.60316156712902 31931
stats: 302 300 15662
stats: 200 210 25763
stats: size_rcv 964430 91290986
stats: newphase 0 10
stats: size_sent 481810 33700875
stats: connected -365 592
stats: 500 36 2387
# stats: dump at 1575161202
stats: users 643 3225
stats: {freemem,"tsung_controller@ip-172-31-29-214"} 1 3376.91015625 0.0 3516.8125 3367.75 3434.1504934210525 38
stats: {load,"tsung_controller@ip-172-31-29-214"} 1 0.1484375 0.0 0.25 0.0 0.06599506578947369 38
stats: {recvpackets,"tsung_controller@ip-172-31-29-214"} 1 2838.0 0.0 8999 557 4316.108108108108 37
stats: {sentpackets,"tsung_controller@ip-172-31-29-214"} 1 3257.0 0.0 9328 650 4917.5675675675675 37
stats: {cpu,"tsung_controller@ip-172-31-29-214"} 1 4.3999999999999995 0.0 14.04040404040404 1.5 7.44058192868374 38
stats: session 249 80338.14470281122 165.2682774464084 140928.385 35045.54 55807.863361278585 10449
stats: users_count 0 11341
stats: finish_users_count 249 10698
stats: request 569 16.80130404217928 8.815238212257297 60835.858 2.88 67.64947915097565 43815
stats: connect 323 1.1237275541795668 0.5879576763499629 361.352 0.531 1.7822702884380355 16364
stats: page 569 16.80130404217928 8.815238212257297 121293.967 5.858 91.28884459771521 32477
stats: 302 246 15908
stats: 200 232 25995
stats: size_rcv 1050779 92341765
stats: newphase 0 10
stats: size_sent 478875 34179750
stats: connected -206 386
stats: 500 91 2478
# stats: dump at 1575161212
stats: users 323 3225
stats: {freemem,"tsung_controller@ip-172-31-29-214"} 1 3381.42578125 0.0 3516.8125 3367.75 3432.6827924679487 39
stats: {load,"tsung_controller@ip-172-31-29-214"} 1 0.12890625 0.0 0.25 0.0 0.06810897435897435 39
stats: {recvpackets,"tsung_controller@ip-172-31-29-214"} 1 2852.0 0.0 8999 557 4277.210526315789 38
stats: {sentpackets,"tsung_controller@ip-172-31-29-214"} 1 3308.0 0.0 9328 650 4873.868421052632 38
stats: {cpu,"tsung_controller@ip-172-31-29-214"} 1 5.450941526263628 0.0 14.04040404040404 1.5 7.36261828948672 39
stats: session 320 80722.07261874995 443.5239913725011 140928.385 35045.54 56378.81494606468 10698
stats: users_count 0 11341
stats: finish_users_count 320 11018
stats: request 603 14.589509121061354 6.716429249374785 60835.858 2.88 66.99760884552987 44384
stats: connect 280 1.4275571428571425 1.354112694568601 361.352 0.531 1.769523281596453 16687
stats: page 603 14.589509121061354 6.716429249374785 121293.967 5.858 90.00628663075703 33046
stats: 302 323 16231
stats: 200 234 26229
stats: size_rcv 1042557 93384322
stats: newphase 0 10
stats: size_sent 507528 34687278
stats: connected -105 281
stats: 500 46 2524
# stats: dump at 1575161222
stats: users 46 3225
stats: {freemem,"tsung_controller@ip-172-31-29-214"} 1 3383.4765625 0.0 3516.8125 3367.75 3431.4013671875 40
stats: {load,"tsung_controller@ip-172-31-29-214"} 1 0.109375 0.0 0.25 0.0 0.06962890624999998 40
stats: {recvpackets,"tsung_controller@ip-172-31-29-214"} 1 2354.0 0.0 8999 557 4240.666666666667 39
stats: {sentpackets,"tsung_controller@ip-172-31-29-214"} 1 3085.0 0.0 9328 650 4833.717948717948 39
stats: {cpu,"tsung_controller@ip-172-31-29-214"} 1 5.069582504970179 0.0 14.04040404040404 1.5 7.314826370406143 40
stats: session 277 80407.5332924188 158.98258437535245 140928.385 35045.54 57085.82551561082 11018
stats: users_count 0 11341
stats: finish_users_count 277 11295
stats: request 327 197.18957492354735 3343.380195486048 60835.858 2.88 66.29513737301882 44987
stats: connect 46 1.3215869565217389 0.5510534407954245 361.352 0.531 1.7638799434195798 16967
stats: page 327 197.18957492354735 3343.380195486048 121293.967 5.858 88.65479574430137 33649
stats: 302 280 16511
stats: 200 41 26270
stats: size_rcv 491855 93876177
stats: newphase 0 10
stats: size_sent 295685 34982963
stats: connected -235 46
stats: 500 5 2529
# stats: dump at 1575161229
stats: users 0 3225
stats: {freemem,"tsung_controller@ip-172-31-29-214"} 1 3386.75390625 0.0 3516.8125 3367.75 3430.232469512195 41
stats: {load,"tsung_controller@ip-172-31-29-214"} 1 0.08984375 0.0 0.25 0.0 0.07059832317073168 41
stats: {recvpackets,"tsung_controller@ip-172-31-29-214"} 1 839.0 0.0 8999 557 4193.5 40
stats: {sentpackets,"tsung_controller@ip-172-31-29-214"} 1 1283.0 0.0 9328 650 4789.999999999999 40
stats: {cpu,"tsung_controller@ip-172-31-29-214"} 1 1.0111223458038423 0.0 14.04040404040404 1.0111223458038423 7.260064324907706 41
stats: session 46 84404.47045652175 26456.427932317984 261875.125 35045.54 57657.77000911908 11295
stats: users_count 0 11341
stats: finish_users_count 46 11341
stats: request 47 10.240276595744682 1.9316794225698788 60835.858 2.88 67.23971258330752 45314
stats: connect 1 2.018 0.0 361.352 0.531 1.7626840651266686 17013
stats: page 47 10.240276595744682 1.9316794225698788 121293.967 5.858 89.69938229926997 33976
stats: 302 46 16557
stats: 200 0 26270
stats: size_rcv 67904 93944081
stats: newphase 0 10
stats: size_sent 44474 35027437
stats: connected -46 0
stats: 500 0 2529
EndMonitor:{1575,161229,357658}
