# stats: dump at 1574407462
stats: users 7 7
stats: {freemem,"tsung_controller@ip-172-31-28-236"} 1 3516.1796875 0 3516.1796875 3516.1796875 0 0
stats: {load,"tsung_controller@ip-172-31-28-236"} 1 0.0 0 0.0 0.0 0 0
stats: {cpu,"tsung_controller@ip-172-31-28-236"} 1 1.2023259398705843 0 1.2023259398705843 1.2023259398705843 0 0
stats: users_count 7 7
stats: finish_users_count 0 0
stats: request 15 39.96893333333335 35.19517531606981 131.744 13.81 0 0
stats: connect 7 3.3131428571428576 5.046260069980297 15.673 1.17 0 0
stats: page 7 85.73228571428571 29.752679685866887 131.744 48.897 0 0
stats: 302 7 7
stats: 200 8 8
stats: size_rcv 9105 9105
stats: size_sent 9072 9072
stats: connected 7 7
# stats: dump at 1574407472
stats: users 16 16
stats: {freemem,"tsung_controller@ip-172-31-28-236"} 1 3517.31640625 0.0 3517.31640625 3516.1796875 3516.1796875 1
stats: {load,"tsung_controller@ip-172-31-28-236"} 1 0.0 0.0 0.0 0.0 0.0 1
stats: {recvpackets,"tsung_controller@ip-172-31-28-236"} 1 63 0 63 63 0 0
stats: {sentpackets,"tsung_controller@ip-172-31-28-236"} 1 62 0 62 62 0 0
stats: {cpu,"tsung_controller@ip-172-31-28-236"} 1 0.39920159680638717 0.0 1.2023259398705843 0.39920159680638717 1.2023259398705843 1
stats: users_count 9 16
stats: finish_users_count 0 0
stats: request 15 18.286399999999997 6.672110488693465 131.744 13.22 39.96893333333335 15
stats: connect 9 1.290111111111111 0.09163144104320481 15.673 1.095 3.3131428571428576 7
stats: page 9 30.515444444444444 21.187957859286804 131.744 13.22 85.73228571428571 7
stats: 302 9 16
stats: 200 6 14
stats: size_rcv 7320 16425
stats: size_sent 7505 16577
stats: connected 9 16
# stats: dump at 1574407482
stats: users 26 26
stats: {freemem,"tsung_controller@ip-172-31-28-236"} 1 3517.328125 0.0 3517.328125 3516.1796875 3516.748046875 2
stats: {load,"tsung_controller@ip-172-31-28-236"} 1 0.0 0.0 0.0 0.0 0.0 2
stats: {recvpackets,"tsung_controller@ip-172-31-28-236"} 1 56.0 0.0 63 56 63.0 1
stats: {sentpackets,"tsung_controller@ip-172-31-28-236"} 1 62.0 0.0 62 62 62.0 1
stats: {cpu,"tsung_controller@ip-172-31-28-236"} 1 0.4 0.0 1.2023259398705843 0.39920159680638717 0.8007637683384857 2
stats: users_count 10 26
stats: finish_users_count 0 0
stats: request 22 19.680590909090906 11.271874211582364 131.744 13.22 29.127666666666673 30
stats: connect 10 1.2254999999999998 0.1394863792633532 15.673 0.818 2.1751875000000003 16
stats: page 10 43.361 27.66487880327691 131.744 13.22 54.6728125 16
stats: 302 10 26
stats: 200 12 26
stats: size_rcv 13592 30017
stats: size_sent 13504 30081
stats: connected 10 26
# stats: dump at 1574407492
stats: users 38 38
stats: {freemem,"tsung_controller@ip-172-31-28-236"} 1 3517.234375 0.0 3517.328125 3516.1796875 3516.94140625 3
stats: {load,"tsung_controller@ip-172-31-28-236"} 1 0.0 0.0 0.0 0.0 0.0 3
stats: {recvpackets,"tsung_controller@ip-172-31-28-236"} 1 87.0 0.0 87 56 59.5 2
stats: {sentpackets,"tsung_controller@ip-172-31-28-236"} 1 88.0 0.0 88 62 62.0 2
stats: {cpu,"tsung_controller@ip-172-31-28-236"} 1 0.3 0.0 1.2023259398705843 0.3 0.6671758455589906 3
stats: session 3 30138.440333333332 32.85389125946601 30184.833 30113.04 0 0
stats: users_count 15 41
stats: finish_users_count 3 3
stats: request 36 17.60063888888889 3.2310568803478548 131.744 13.22 25.130826923076924 52
stats: connect 14 1.3077142857142856 0.12897033356076706 15.673 0.818 1.8099230769230772 26
stats: page 17 37.338941176470584 16.35799959174711 131.744 13.22 50.32211538461539 26
stats: 302 14 40
stats: 200 22 48
stats: size_rcv 24216 54233
stats: size_sent 24203 54284
stats: connected 11 37
# stats: dump at 1574407502
stats: users 43 43
stats: {freemem,"tsung_controller@ip-172-31-28-236"} 1 3517.12109375 0.0 3517.328125 3516.1796875 3517.0146484375 4
stats: {load,"tsung_controller@ip-172-31-28-236"} 1 0.0 0.0 0.0 0.0 0.0 4
stats: {recvpackets,"tsung_controller@ip-172-31-28-236"} 1 143.0 0.0 143 56 68.66666666666667 3
stats: {sentpackets,"tsung_controller@ip-172-31-28-236"} 1 150.0 0.0 150 62 70.66666666666667 3
stats: {cpu,"tsung_controller@ip-172-31-28-236"} 1 0.30120481927710846 0.0 1.2023259398705843 0.3 0.5753818841692429 4
stats: session 6 30061.811833333337 3.1691786221179985 30184.833 30057.441 30138.440333333332 3
stats: users_count 11 52
stats: finish_users_count 6 9
stats: request 31 18.38300000000001 4.053414379141645 131.744 13.22 22.050295454545456 88
stats: connect 11 1.2580909090909087 0.12864641785314615 15.673 0.818 1.6341500000000004 40
stats: page 16 34.63087500000001 14.556199722433565 131.744 13.22 45.18923255813954 43
stats: 302 11 51
stats: 200 21 69
stats: size_rcv 21641 75874
stats: size_sent 22903 77187
stats: connected 5 42
# stats: dump at 1574407512
stats: users 52 52
stats: {freemem,"tsung_controller@ip-172-31-28-236"} 1 3516.52734375 0.0 3517.328125 3516.1796875 3517.0359375 5
stats: {load,"tsung_controller@ip-172-31-28-236"} 1 0.0 0.0 0.0 0.0 0.0 5
stats: {recvpackets,"tsung_controller@ip-172-31-28-236"} 1 112.0 0.0 143 56 87.25 4
stats: {sentpackets,"tsung_controller@ip-172-31-28-236"} 1 121.0 0.0 150 62 90.5 4
stats: {cpu,"tsung_controller@ip-172-31-28-236"} 1 0.30060120240480964 0.0 1.2023259398705843 0.3 0.520546471190816 5
stats: session 4 30060.626500000002 1.2406156737694771 30184.833 30057.441 30087.35466666667 9
stats: users_count 13 65
stats: finish_users_count 4 13
stats: request 35 20.310799999999993 9.13470742920335 131.744 9.225 21.094949579831937 119
stats: connect 13 1.1784615384615382 0.20498353231591568 15.673 0.748 1.5530392156862747 51
stats: page 18 40.492777777777775 24.234192792085125 131.744 13.204 42.32594915254238 59
stats: 302 13 64
stats: 200 21 90
stats: size_rcv 24036 99910
stats: newphase 1 1
stats: size_sent 23084 100271
stats: connected 9 51
# stats: dump at 1574407522
stats: users 67 69
stats: {freemem,"tsung_controller@ip-172-31-28-236"} 1 3516.05078125 0.0 3517.328125 3516.05078125 3516.951171875 6
stats: {load,"tsung_controller@ip-172-31-28-236"} 1 0.0 0.0 0.0 0.0 0.0 6
stats: {recvpackets,"tsung_controller@ip-172-31-28-236"} 1 124.0 0.0 143 56 92.2 5
stats: {sentpackets,"tsung_controller@ip-172-31-28-236"} 1 134.0 0.0 150 62 96.6 5
stats: {cpu,"tsung_controller@ip-172-31-28-236"} 1 0.3 0.0 1.2023259398705843 0.3 0.4838889263931483 6
stats: session 7 30063.205285714288 4.5872929058526255 30184.833 30057.441 30079.130615384616 13
stats: users_count 22 87
stats: finish_users_count 7 20
stats: request 61 19.38447540983606 9.325760282119589 131.744 9.225 20.91673376623377 154
stats: connect 23 2.6017826086956517 4.393150953537461 21.958 0.748 1.476953125 64
stats: page 29 40.84203448275862 19.25555899220428 131.744 13.204 41.89741558441558 77
stats: 302 23 87
stats: 200 38 128
stats: size_rcv 41632 141542
stats: newphase 0 1
stats: size_sent 41507 141778
stats: connected 17 68
# stats: dump at 1574407532
stats: users 94 94
stats: {freemem,"tsung_controller@ip-172-31-28-236"} 1 3515.69921875 0.0 3517.328125 3515.69921875 3516.8225446428573 7
stats: {load,"tsung_controller@ip-172-31-28-236"} 1 0.0 0.0 0.0 0.0 0.0 7
stats: {recvpackets,"tsung_controller@ip-172-31-28-236"} 1 220.0 0.0 220 56 97.5 6
stats: {sentpackets,"tsung_controller@ip-172-31-28-236"} 1 233.0 0.0 233 62 102.83333333333333 6
stats: {cpu,"tsung_controller@ip-172-31-28-236"} 1 0.3009027081243731 0.0 1.2023259398705843 0.3 0.45761907976555566 7
stats: session 5 30162.5032 174.33544638931028 30505.108 30055.083 30073.55675 20
stats: users_count 32 119
stats: finish_users_count 5 25
stats: request 65 26.602938461538457 55.12249643723638 455.6 9.225 20.482 215
stats: connect 31 1.7121935483870965 2.310614852111249 21.958 0.748 1.7743218390804596 87
stats: page 37 46.79089189189189 77.87687821509574 486.164 12.832 41.60867924528302 106
stats: 302 31 118
stats: 200 34 162
stats: size_rcv 38590 180132
stats: newphase 1 2
stats: size_sent 39215 180993
stats: connected 20 88
# stats: dump at 1574407542
stats: users 123 124
stats: {freemem,"tsung_controller@ip-172-31-28-236"} 1 3514.609375 0.0 3517.328125 3514.609375 3516.68212890625 8
stats: {load,"tsung_controller@ip-172-31-28-236"} 1 0.0 0.0 0.0 0.0 0.0 8
stats: {recvpackets,"tsung_controller@ip-172-31-28-236"} 1 245.0 0.0 245 56 115.0 7
stats: {sentpackets,"tsung_controller@ip-172-31-28-236"} 1 261.0 0.0 261 62 121.42857142857143 7
stats: {cpu,"tsung_controller@ip-172-31-28-236"} 1 0.5020080321285141 0.0 1.2023259398705843 0.3 0.43802953331040784 8
stats: session 8 30059.549249999996 2.6258081018040156 30505.108 30055.083 30091.346040000004 25
stats: users_count 37 156
stats: finish_users_count 8 33
stats: request 94 17.094510638297873 3.337435114500933 455.6 9.225 21.902932142857143 280
stats: connect 38 1.3151842105263156 0.4990754533853024 21.958 0.748 1.7579999999999996 118
stats: page 45 35.78177777777778 16.65878304864219 486.164 12.832 42.94953146853147 143
stats: 302 38 156
stats: 200 56 218
stats: size_rcv 61971 242103
stats: newphase 0 2
stats: size_sent 61920 242913
stats: connected 27 115
# stats: dump at 1574407552
stats: users 148 148
stats: {freemem,"tsung_controller@ip-172-31-28-236"} 1 3512.4296875 0.0 3517.328125 3512.4296875 3516.4518229166665 9
stats: {load,"tsung_controller@ip-172-31-28-236"} 1 0.0 0.0 0.0 0.0 0.0 9
stats: {recvpackets,"tsung_controller@ip-172-31-28-236"} 1 502.0 0.0 502 56 131.25 8
stats: {sentpackets,"tsung_controller@ip-172-31-28-236"} 1 569.0 0.0 569 62 138.875 8
stats: {cpu,"tsung_controller@ip-172-31-28-236"} 1 2.8112449799196786 0.0 2.8112449799196786 0.3 0.4451382554013085 9
stats: session 9 30068.188444444444 22.730637597310416 30505.108 30054.904 30083.63772727273 33
stats: users_count 34 190
stats: finish_users_count 9 42
stats: request 77 18.2082077922078 3.925821361119198 455.6 9.225 20.694398395721926 374
stats: connect 29 1.357448275862069 0.12405465597647336 21.958 0.748 1.650134615384615 156
stats: page 39 36.03733333333335 17.036241553626326 486.164 9.344 41.233845744680856 188
stats: 302 29 185
stats: 200 48 266
stats: size_rcv 52339 294442
stats: newphase 0 2
stats: size_sent 52792 295705
stats: connected 12 127
# stats: dump at 1574407562
stats: users 151 161
stats: {freemem,"tsung_controller@ip-172-31-28-236"} 1 3510.7109375 0.0 3517.328125 3510.7109375 3516.049609375 10
stats: {load,"tsung_controller@ip-172-31-28-236"} 1 0.078125 0.0 0.078125 0.0 0.0 10
stats: {recvpackets,"tsung_controller@ip-172-31-28-236"} 1 437.0 0.0 502 56 172.44444444444446 9
stats: {sentpackets,"tsung_controller@ip-172-31-28-236"} 1 520.0 0.0 569 62 186.66666666666666 9
stats: {cpu,"tsung_controller@ip-172-31-28-236"} 1 2.3092369477911645 0.0 2.8112449799196786 0.3 0.6817489278531456 10
stats: session 24 41732.92141666669 26108.384695486824 100155.679 30051.35 30080.327166666666 42
stats: users_count 27 217
stats: finish_users_count 24 66
stats: request 113 17.413035398230107 4.0296740221028635 455.6 7.217 20.269926829268297 451
stats: connect 35 1.219 0.15774047401620533 21.958 0.748 1.6042540540540535 185
stats: page 55 35.85183636363639 13.83088781054089 486.164 9.344 40.34105286343613 227
stats: 302 35 220
stats: 200 78 344
stats: size_rcv 86988 381430
stats: newphase 0 2
stats: size_sent 87451 383156
stats: connected 3 130
# stats: dump at 1574407572
stats: users 152 161
stats: {freemem,"tsung_controller@ip-172-31-28-236"} 1 3509.28125 0.0 3517.328125 3509.28125 3515.564275568182 11
stats: {load,"tsung_controller@ip-172-31-28-236"} 1 0.0703125 0.0 0.078125 0.0 0.007102272727272727 11
stats: {recvpackets,"tsung_controller@ip-172-31-28-236"} 1 422.0 0.0 502 56 198.9 10
stats: {sentpackets,"tsung_controller@ip-172-31-28-236"} 1 440.0 0.0 569 62 220.0 10
stats: {cpu,"tsung_controller@ip-172-31-28-236"} 1 0.6036217303822937 0.0 2.8112449799196786 0.3 0.8297023842111474 11
stats: session 20 40566.352399999996 25004.615449633176 100155.679 30051.35 34317.63416666667 66
stats: users_count 21 238
stats: finish_users_count 20 86
stats: request 76 18.803421052631588 5.529192965436318 455.6 6.879 19.697535460992913 564
stats: connect 25 1.2651599999999996 0.22396565450979308 21.958 0.748 1.542963636363636 220
stats: page 42 34.08304761904761 15.248389607325098 486.164 9.344 39.46549645390072 282
stats: 302 25 245
stats: 200 51 395
stats: size_rcv 57310 438740
stats: newphase 0 2
stats: size_sent 58123 441279
stats: connected 2 132
# stats: dump at 1574407582
stats: users 163 165
stats: {freemem,"tsung_controller@ip-172-31-28-236"} 1 3508.921875 0.0 3517.328125 3508.921875 3515.0406901041665 12
stats: {load,"tsung_controller@ip-172-31-28-236"} 1 0.05859375 0.0 0.078125 0.0 0.012369791666666666 12
stats: {recvpackets,"tsung_controller@ip-172-31-28-236"} 1 285.0 0.0 502 56 219.1818181818182 11
stats: {sentpackets,"tsung_controller@ip-172-31-28-236"} 1 307.0 0.0 569 62 240.0 11
stats: {cpu,"tsung_controller@ip-172-31-28-236"} 1 0.501002004008016 0.0 2.8112449799196786 0.3 0.8108623297254095 12
stats: session 23 48327.56665217392 30751.929668366425 100155.679 30049.547 35770.82445348838 86
stats: users_count 34 272
stats: finish_users_count 23 109
stats: request 118 16.833661016949133 4.116881605812455 455.6 6.737 19.591359375000007 640
stats: connect 40 1.2914750000000006 1.290748174267545 21.958 0.748 1.5146163265306118 245
stats: page 55 36.17896363636364 14.601435437484948 486.164 7.432 38.767771604938275 324
stats: 302 40 285
stats: 200 78 473
stats: size_rcv 89605 528345
stats: newphase 1 3
stats: size_sent 89842 531121
stats: connected 8 140
# stats: dump at 1574407592
stats: users 190 190
stats: {freemem,"tsung_controller@ip-172-31-28-236"} 1 3507.8359375 0.0 3517.328125 3507.8359375 3514.570012019231 13
stats: {load,"tsung_controller@ip-172-31-28-236"} 1 0.05078125 0.0 0.078125 0.0 0.015925480769230768 13
stats: {recvpackets,"tsung_controller@ip-172-31-28-236"} 1 508.0 0.0 508 56 224.66666666666666 12
stats: {sentpackets,"tsung_controller@ip-172-31-28-236"} 1 537.0 0.0 569 62 245.58333333333334 12
stats: {cpu,"tsung_controller@ip-172-31-28-236"} 1 0.7021063189568706 0.0 2.8112449799196786 0.3 0.7870269200548409 13
stats: session 20 58070.85604999999 34304.770262254606 100155.679 30049.547 38420.41225688074 109
stats: users_count 47 319
stats: finish_users_count 20 129
stats: request 133 17.12674436090227 5.01439560995589 455.6 6.706 19.162060686015835 758
stats: connect 54 1.1553888888888886 0.5619823187104822 21.958 0.748 1.4832982456140347 285
stats: page 67 34.0549552238806 15.71782421180549 486.164 7.432 38.39208707124011 379
stats: 302 53 338
stats: 200 80 553
stats: size_rcv 95125 623470
stats: newphase 0 3
stats: size_sent 95788 626909
stats: connected 19 159
# stats: dump at 1574407602
stats: users 212 214
stats: {freemem,"tsung_controller@ip-172-31-28-236"} 1 3507.40625 0.0 3517.328125 3507.40625 3514.0890066964284 14
stats: {load,"tsung_controller@ip-172-31-28-236"} 1 0.0390625 0.0 0.078125 0.0 0.018415178571428572 14
stats: {recvpackets,"tsung_controller@ip-172-31-28-236"} 1 659.0 0.0 659 56 246.46153846153845 13
stats: {sentpackets,"tsung_controller@ip-172-31-28-236"} 1 735.0 0.0 735 62 268.0 13
stats: {cpu,"tsung_controller@ip-172-31-28-236"} 1 2.905811623246493 0.0 2.905811623246493 0.3 0.7809611628335572 14
stats: session 21 50068.51880952381 31633.88669909033 100155.679 30049.547 41466.99268992249 129
stats: users_count 43 362
stats: finish_users_count 21 150
stats: request 129 17.330054263565884 4.559166732159409 455.6 6.706 18.858248035914706 891
stats: connect 50 1.2999800000000001 1.189743577246795 21.958 0.737 1.4310648967551618 339
stats: page 66 33.92709090909091 16.097369169325585 486.164 7.432 37.740544843049335 446
stats: 302 51 389
stats: 200 78 631
stats: size_rcv 91050 714520
stats: newphase 1 4
stats: size_sent 91692 718601
stats: connected 17 176
# stats: dump at 1574407612
stats: users 243 243
stats: {freemem,"tsung_controller@ip-172-31-28-236"} 1 3507.26953125 0.0 3517.328125 3507.26953125 3513.643489583333 15
stats: {load,"tsung_controller@ip-172-31-28-236"} 1 0.03125 0.0 0.078125 0.0 0.019791666666666666 15
stats: {recvpackets,"tsung_controller@ip-172-31-28-236"} 1 448.0 0.0 659 56 275.92857142857144 14
stats: {sentpackets,"tsung_controller@ip-172-31-28-236"} 1 474.0 0.0 735 62 301.35714285714283 14
stats: {cpu,"tsung_controller@ip-172-31-28-236"} 1 0.9018036072144289 0.0 2.905811623246493 0.3 0.9226178601944196 15
stats: session 18 49513.738888888896 31369.905216629202 100155.679 30049.547 42671.20634666667 150
stats: users_count 49 411
stats: finish_users_count 18 168
stats: request 131 17.31783969465649 4.335688212038789 455.6 6.672 18.664976470588236 1020
stats: connect 52 1.270173076923077 0.36265387827651047 21.958 0.737 1.4142159383033417 389
stats: page 65 34.96627692307691 16.212592838244547 486.164 7.432 37.24896679687501 512
stats: 302 52 441
stats: 200 79 710
stats: size_rcv 91414 805934
stats: newphase 0 4
stats: size_sent 91234 809835
stats: connected 13 189
# stats: dump at 1574407622
stats: users 217 245
stats: {freemem,"tsung_controller@ip-172-31-28-236"} 1 3506.74609375 0.0 3517.328125 3506.74609375 3513.2451171875 16
stats: {load,"tsung_controller@ip-172-31-28-236"} 1 0.03125 0.0 0.078125 0.0 0.0205078125 16
stats: {recvpackets,"tsung_controller@ip-172-31-28-236"} 1 722.0 0.0 722 56 287.4 15
stats: {sentpackets,"tsung_controller@ip-172-31-28-236"} 1 785.0 0.0 785 62 312.8666666666667 15
stats: {cpu,"tsung_controller@ip-172-31-28-236"} 1 2.8112449799196786 0.0 2.905811623246493 0.3 0.9213169693831702 16
stats: session 36 55346.000055555545 33634.64928638168 100155.679 30049.547 43404.33483333334 168
stats: users_count 10 421
stats: finish_users_count 36 204
stats: request 96 17.80827083333333 5.160405314506085 455.6 6.672 18.511653344917463 1151
stats: connect 25 1.1673200000000004 0.19690093346655313 21.958 0.737 1.3972312925170065 441
stats: page 48 35.67756250000001 10.920973661007842 486.164 7.432 36.99181802426344 577
stats: 302 25 466
stats: 200 71 781
stats: size_rcv 86191 892125
stats: newphase 0 4
stats: size_sent 87134 896969
stats: connected -31 158
# stats: dump at 1574407632
stats: users 182 245
stats: {freemem,"tsung_controller@ip-172-31-28-236"} 1 3506.6328125 0.0 3517.328125 3506.6328125 3512.8628216911766 17
stats: {load,"tsung_controller@ip-172-31-28-236"} 1 0.01953125 0.0 0.078125 0.0 0.021139705882352942 17
stats: {recvpackets,"tsung_controller@ip-172-31-28-236"} 1 379.0 0.0 722 56 314.5625 16
stats: {sentpackets,"tsung_controller@ip-172-31-28-236"} 1 384.0 0.0 785 62 342.375 16
stats: {cpu,"tsung_controller@ip-172-31-28-236"} 1 0.5982053838484547 0.0 2.905811623246493 0.3 1.0324892052970824 17
stats: session 35 52069.971142857146 32511.765680264416 100155.679 30049.547 45511.68751960785 204
stats: users_count 0 421
stats: finish_users_count 35 239
stats: request 70 18.87795714285714 5.8025608692214865 455.6 6.672 18.457503608660787 1247
stats: connect 11 1.664 1.1912533506582659 21.958 0.737 1.3848969957081543 466
stats: page 35 37.833800000000004 6.978940426331617 486.164 7.432 36.890883200000005 625
stats: 302 11 477
stats: 200 59 840
stats: size_rcv 70293 962418
stats: newphase 0 4
stats: size_sent 71333 968302
stats: connected -31 127
# stats: dump at 1574407642
stats: users 137 245
stats: {freemem,"tsung_controller@ip-172-31-28-236"} 1 3506.27734375 0.0 3517.328125 3506.27734375 3512.5167100694443 18
stats: {load,"tsung_controller@ip-172-31-28-236"} 1 0.1015625 0.0 0.1015625 0.0 0.021050347222222224 18
stats: {recvpackets,"tsung_controller@ip-172-31-28-236"} 1 428.0 0.0 722 56 318.3529411764706 17
stats: {sentpackets,"tsung_controller@ip-172-31-28-236"} 1 512.0 0.0 785 62 344.8235294117647 17
stats: {cpu,"tsung_controller@ip-172-31-28-236"} 1 2.3 0.0 2.905811623246493 0.3 1.0083623263277142 18
stats: session 45 62735.9488888889 34933.29809546753 100155.679 30049.547 46472.105623430965 239
stats: users_count 0 421
stats: finish_users_count 45 284
stats: request 90 17.31812222222222 6.1003313367713945 455.6 6.672 18.479851176917236 1317
stats: connect 21 1.763380952380953 2.6215463534804626 21.958 0.737 1.3913333333333329 477
stats: page 45 34.696266666666666 7.199535294879955 486.164 7.432 36.94088636363637 660
stats: 302 21 498
stats: 200 69 909
stats: size_rcv 90515 1052933
stats: newphase 0 4
stats: size_sent 91917 1060219
stats: connected -33 94
# stats: dump at 1574407652
stats: users 116 245
stats: {freemem,"tsung_controller@ip-172-31-28-236"} 1 3505.546875 0.0 3517.328125 3505.546875 3512.1883223684213 19
stats: {load,"tsung_controller@ip-172-31-28-236"} 1 0.078125 0.0 0.1015625 0.0 0.02528782894736842 19
stats: {recvpackets,"tsung_controller@ip-172-31-28-236"} 1 774.0 0.0 774 56 324.44444444444446 18
stats: {sentpackets,"tsung_controller@ip-172-31-28-236"} 1 921.0 0.0 921 62 354.1111111111111 18
stats: {cpu,"tsung_controller@ip-172-31-28-236"} 1 4.3043043043043046 0.0 4.3043043043043046 0.3 1.0763432565209923 19
stats: session 21 83424.5866666667 29825.36533225456 100203.241 30048.753 49049.12304225353 284
stats: users_count 0 421
stats: finish_users_count 21 305
stats: request 42 22.151333333333337 27.686638625248086 455.6 6.672 18.405540156361052 1407
stats: connect 16 14.411437499999998 35.02574709047751 120.157 0.737 1.4070220883534135 498
stats: page 21 44.36614285714285 35.222302850927406 486.164 7.432 36.79761276595745 705
stats: 302 16 514
stats: 200 26 935
stats: size_rcv 42058 1094991
stats: newphase 0 4
stats: size_sent 43355 1103574
stats: connected -32 62
# stats: dump at 1574407662
stats: users 101 245
stats: {freemem,"tsung_controller@ip-172-31-28-236"} 1 3505.609375 0.0 3517.328125 3505.546875 3511.85625 20
stats: {load,"tsung_controller@ip-172-31-28-236"} 1 0.0703125 0.0 0.1015625 0.0 0.0279296875 20
stats: {recvpackets,"tsung_controller@ip-172-31-28-236"} 1 248.0 0.0 774 56 348.10526315789474 19
stats: {sentpackets,"tsung_controller@ip-172-31-28-236"} 1 235.0 0.0 921 62 383.94736842105266 19
stats: {cpu,"tsung_controller@ip-172-31-28-236"} 1 0.3003003003003003 0.0 4.3043043043043046 0.3 1.237741308910158 20
stats: session 15 100082.1214 4.334557613718505 100203.241 30048.753 51415.95824262296 305
stats: users_count 0 421
stats: finish_users_count 15 320
stats: request 30 14.494499999999999 6.420504776365589 455.6 6.672 18.51411387163561 1449
stats: connect 15 1.6344666666666667 1.2291850886755105 120.157 0.737 1.8118287937743187 514
stats: page 15 29.049400000000002 2.3193188022923175 486.164 7.432 37.016537190082644 726
stats: 302 15 529
stats: 200 15 950
stats: size_rcv 30345 1125336
stats: newphase 0 4
stats: size_sent 31023 1134597
stats: connected -21 41
# stats: dump at 1574407672
stats: users 94 245
stats: {freemem,"tsung_controller@ip-172-31-28-236"} 1 3505.6796875 0.0 3517.328125 3505.546875 3511.5587797619046 21
stats: {load,"tsung_controller@ip-172-31-28-236"} 1 0.05859375 0.0 0.1015625 0.0 0.029947916666666668 21
stats: {recvpackets,"tsung_controller@ip-172-31-28-236"} 1 187.0 0.0 774 56 343.1 20
stats: {sentpackets,"tsung_controller@ip-172-31-28-236"} 1 174.0 0.0 921 62 376.50000000000006 20
stats: {cpu,"tsung_controller@ip-172-31-28-236"} 1 0.1004016064257028 0.0 4.3043043043043046 0.1004016064257028 1.1931012608811171 21
stats: session 7 100085.75614285714 8.501689755213924 100203.241 30048.753 53697.184640625004 320
stats: users_count 0 421
stats: finish_users_count 7 327
stats: request 14 16.006857142857143 7.349696853390261 455.6 6.672 18.432580121703854 1479
stats: connect 7 1.1711428571428573 0.13782953091350467 120.157 0.737 1.8067996219281661 529
stats: page 7 32.06614285714286 8.11528507427402 486.164 7.432 36.855259109311746 741
stats: 302 7 536
stats: 200 7 957
stats: size_rcv 14161 1139497
stats: newphase 0 4
stats: size_sent 14621 1149218
stats: connected -17 24
# stats: dump at 1574407682
stats: users 73 245
stats: {freemem,"tsung_controller@ip-172-31-28-236"} 1 3505.0703125 0.0 3517.328125 3505.0703125 3511.2915482954545 22
stats: {load,"tsung_controller@ip-172-31-28-236"} 1 0.05078125 0.0 0.1015625 0.0 0.03125 22
stats: {recvpackets,"tsung_controller@ip-172-31-28-236"} 1 424.0 0.0 774 56 335.6666666666667 21
stats: {sentpackets,"tsung_controller@ip-172-31-28-236"} 1 556.0 0.0 921 62 366.8571428571429 21
stats: {cpu,"tsung_controller@ip-172-31-28-236"} 1 3.996003996003996 0.0 4.3043043043043046 0.1004016064257028 1.1434330947695075 22
stats: session 21 100082.6422857143 4.724341658777238 100203.241 30048.753 54690.21216513762 327
stats: users_count 0 421
stats: finish_users_count 21 348
stats: request 40 14.917475000000001 7.3506889778696936 455.6 6.671 18.409833891493637 1493
stats: connect 20 1.4878999999999998 1.08184120368934 120.157 0.737 1.798498134328358 536
stats: page 20 29.89855 4.268260482620524 486.164 7.432 36.81044117647059 748
stats: 302 20 556
stats: 200 20 977
stats: size_rcv 40452 1179949
stats: newphase 0 4
stats: size_sent 41554 1190772
stats: connected -24 0
# stats: dump at 1574407692
stats: users 49 245
stats: {freemem,"tsung_controller@ip-172-31-28-236"} 1 3505.1015625 0.0 3517.328125 3505.0703125 3511.0210597826085 23
stats: {load,"tsung_controller@ip-172-31-28-236"} 1 0.0390625 0.0 0.1015625 0.0 0.032099184782608696 23
stats: {recvpackets,"tsung_controller@ip-172-31-28-236"} 1 254.0 0.0 774 56 339.6818181818182 22
stats: {sentpackets,"tsung_controller@ip-172-31-28-236"} 1 245.0 0.0 921 62 375.45454545454544 22
stats: {cpu,"tsung_controller@ip-172-31-28-236"} 1 0.4008016032064128 0.0 4.3043043043043046 0.1004016064257028 1.2674579165623114 23
stats: session 24 100081.90070833336 6.257049600782635 100203.241 30048.753 57429.41053448277 348
stats: users_count 0 421
stats: finish_users_count 24 372
stats: request 46 14.957804347826084 7.018348826065068 455.6 6.671 18.31870906718852 1533
stats: connect 23 1.2819130434782604 0.22339396143087822 120.157 0.737 1.7873255395683452 556
stats: page 23 29.974260869565214 4.768029045153284 486.164 7.432 36.630444010416674 768
stats: 302 23 579
stats: 200 23 1000
stats: size_rcv 46529 1226478
stats: newphase 0 4
stats: size_sent 47327 1238099
stats: connected 0 0
# stats: dump at 1574407702
stats: users 30 245
stats: {freemem,"tsung_controller@ip-172-31-28-236"} 1 3505.109375 0.0 3517.328125 3505.0703125 3510.7744140625 24
stats: {load,"tsung_controller@ip-172-31-28-236"} 1 0.03125 0.0 0.1015625 0.0 0.032389322916666664 24
stats: {recvpackets,"tsung_controller@ip-172-31-28-236"} 1 268.0 0.0 774 56 335.95652173913044 23
stats: {sentpackets,"tsung_controller@ip-172-31-28-236"} 1 282.0 0.0 921 62 369.7826086956522 23
stats: {cpu,"tsung_controller@ip-172-31-28-236"} 1 0.4008016032064128 0.0 4.3043043043043046 0.1004016064257028 1.231347236839149 24
stats: session 19 100082.74621052633 5.85016444734094 100203.241 30048.753 60181.18409408603 372
stats: users_count 0 421
stats: finish_users_count 19 391
stats: request 42 14.001714285714286 6.665608786134685 455.6 6.653 18.220797973400888 1579
stats: connect 21 1.4306190476190477 1.1493503123893816 120.157 0.689 1.7672487046632124 579
stats: page 21 28.051380952380956 2.820366684640078 486.164 7.432 36.436901390644756 791
stats: 302 21 600
stats: 200 21 1021
stats: size_rcv 42483 1268961
stats: newphase 0 4
stats: size_sent 43543 1281642
stats: connected 0 0
# stats: dump at 1574407712
stats: users 6 245
stats: {freemem,"tsung_controller@ip-172-31-28-236"} 1 3505.12109375 0.0 3517.328125 3505.0703125 3510.5478125 25
stats: {load,"tsung_controller@ip-172-31-28-236"} 1 0.03125 0.0 0.1015625 0.0 0.03234375 25
stats: {recvpackets,"tsung_controller@ip-172-31-28-236"} 1 198.0 0.0 774 56 333.125 24
stats: {sentpackets,"tsung_controller@ip-172-31-28-236"} 1 206.0 0.0 921 62 366.125 24
stats: {cpu,"tsung_controller@ip-172-31-28-236"} 1 0.2004008016032064 0.0 4.3043043043043046 0.1004016064257028 1.1981254114938396 25
stats: session 24 100083.5396666667 7.960201466604141 100203.241 30048.753 62120.13468286445 391
stats: users_count 0 421
stats: finish_users_count 24 415
stats: request 46 14.908565217391304 8.697184181131805 455.6 6.611 18.11148180135719 1621
stats: connect 23 1.2915652173913044 0.20429025090849812 120.157 0.689 1.7554666666666667 600
stats: page 23 29.8854347826087 8.499528722618464 486.164 7.432 36.22003448275863 812
stats: 302 23 623
stats: 200 23 1044
stats: size_rcv 46525 1315486
stats: newphase 0 4
stats: size_sent 47743 1329385
stats: connected 0 0
# stats: dump at 1574407716
stats: users 0 245
stats: {freemem,"tsung_controller@ip-172-31-28-236"} 1 3505.12890625 0.0 3517.328125 3505.0703125 3510.339092548077 26
stats: {load,"tsung_controller@ip-172-31-28-236"} 1 0.01953125 0.0 0.1015625 0.0 0.03230168269230769 26
stats: {recvpackets,"tsung_controller@ip-172-31-28-236"} 1 298.0 0.0 774 56 327.72 25
stats: {sentpackets,"tsung_controller@ip-172-31-28-236"} 1 307.0 0.0 921 62 359.72 25
stats: {cpu,"tsung_controller@ip-172-31-28-236"} 1 0.30060120240480964 0.0 4.3043043043043046 0.1004016064257028 1.1597513880365076 26
stats: session 6 100082.27249999998 2.5528381427923685 100203.241 30048.753 64315.6087060241 415
stats: users_count 0 421
stats: finish_users_count 6 421
stats: request 14 14.190857142857142 6.392465205862544 455.6 6.611 18.02309898020396 1667
stats: connect 7 1.2964285714285713 0.22411786257799848 120.157 0.689 1.7383402889245585 623
stats: page 7 28.447285714285716 2.216824608970853 486.164 7.432 36.04554850299402 835
stats: 302 7 630
stats: 200 7 1051
stats: size_rcv 14161 1329647
stats: newphase 0 4
stats: size_sent 14323 1343708
stats: connected 0 0
EndMonitor:{1574,407716,137434}
