# stats: dump at 1575255208
stats: users 105 105
stats: {freemem,"tsung_controller@ip-172-31-31-18"} 1 3520.5859375 0 3520.5859375 3520.5859375 0 0
stats: {cpu,"tsung_controller@ip-172-31-31-18"} 1 2.0709796961152955 0 2.0709796961152955 2.0709796961152955 0 0
stats: {load,"tsung_controller@ip-172-31-31-18"} 1 0.0 0 0.0 0.0 0 0
stats: users_count 105 105
stats: finish_users_count 0 0
stats: request 187 21.219823529411762 26.798410456809535 206.577 8.168 0 0
stats: connect 97 6.786092783505157 30.444063939226663 192.32 0.827 0 0
stats: page 97 40.96853608247424 43.4126852818703 248.802 8.168 0 0
stats: 302 97 97
stats: 200 90 90
stats: size_rcv 104919 104919
stats: size_sent 105666 105666
stats: connected 97 97
# stats: dump at 1575255218
stats: users 213 213
stats: {freemem,"tsung_controller@ip-172-31-31-18"} 1 3518.17578125 0.0 3520.5859375 3518.17578125 3520.5859375 1
stats: {recvpackets,"tsung_controller@ip-172-31-31-18"} 1 821 0 821 821 0 0
stats: {sentpackets,"tsung_controller@ip-172-31-31-18"} 1 876 0 876 876 0 0
stats: {cpu,"tsung_controller@ip-172-31-31-18"} 1 1.898101898101898 0.0 2.0709796961152955 1.898101898101898 2.0709796961152955 1
stats: {load,"tsung_controller@ip-172-31-31-18"} 1 0.0 0.0 0.0 0.0 0.0 1
stats: users_count 108 213
stats: finish_users_count 0 0
stats: request 220 15.043827272727277 3.7617557768561665 206.577 8.082 21.219823529411762 187
stats: connect 109 1.473412844036698 0.7924100992160674 192.32 0.827 6.786092783505157 97
stats: page 108 30.699055555555567 17.751645563697352 248.802 8.168 40.96853608247424 97
stats: 302 108 205
stats: 200 112 202
stats: size_rcv 129031 233950
stats: size_sent 128923 234589
stats: connected 109 206
# stats: dump at 1575255228
stats: users 302 302
stats: {freemem,"tsung_controller@ip-172-31-31-18"} 1 3514.77734375 0.0 3520.5859375 3514.77734375 3519.380859375 2
stats: {recvpackets,"tsung_controller@ip-172-31-31-18"} 1 780.0 0.0 821 780 821.0 1
stats: {sentpackets,"tsung_controller@ip-172-31-31-18"} 1 824.0 0.0 876 824 876.0 1
stats: {cpu,"tsung_controller@ip-172-31-31-18"} 1 2.0874751491053676 0.0 2.0874751491053676 1.898101898101898 1.9845407971085969 2
stats: {load,"tsung_controller@ip-172-31-31-18"} 1 0.0 0.0 0.0 0.0 0.0 2
stats: users_count 89 302
stats: finish_users_count 0 0
stats: request 189 16.735121693121695 9.178146721378944 206.577 8.082 17.881447174447175 407
stats: connect 96 3.113822916666667 9.996507480735033 192.32 0.827 3.9750145631067975 206
stats: page 97 32.65816494845359 23.267002863743578 248.802 8.168 35.558273170731724 205
stats: 302 97 302
stats: 200 92 294
stats: size_rcv 106966 340916
stats: size_sent 107496 342085
stats: connected 96 302
# stats: dump at 1575255238
stats: users 385 385
stats: {freemem,"tsung_controller@ip-172-31-31-18"} 1 3511.578125 0.0 3520.5859375 3511.578125 3517.8463541666665 3
stats: {recvpackets,"tsung_controller@ip-172-31-31-18"} 1 641.0 0.0 821 641 800.5 2
stats: {sentpackets,"tsung_controller@ip-172-31-31-18"} 1 769.0 0.0 876 769 850.0 2
stats: {cpu,"tsung_controller@ip-172-31-31-18"} 1 3.48605577689243 0.0 3.48605577689243 1.898101898101898 2.0188522477741873 3
stats: {load,"tsung_controller@ip-172-31-31-18"} 1 0.0 0.0 0.0 0.0 0.0 3
stats: session 26 35061.70703846153 18.072864745629552 35117.311 35049.59 0 0
stats: users_count 109 411
stats: finish_users_count 26 26
stats: request 272 17.06062132352941 5.8751761757052625 206.577 7.102 17.517931208053692 596
stats: connect 102 1.2254411764705881 1.0557194979275972 192.32 0.827 3.701258278145696 302
stats: page 178 25.903011235955056 15.370728587626562 248.802 8.168 34.62678145695365 302
stats: 302 101 403
stats: 200 171 465
stats: size_rcv 195970 536886
stats: newphase 1 1
stats: size_sent 186138 528223
stats: connected 77 379
# stats: dump at 1575255248
stats: users 467 467
stats: {freemem,"tsung_controller@ip-172-31-31-18"} 1 3501.90625 0.0 3520.5859375 3501.90625 3516.279296875 4
stats: {recvpackets,"tsung_controller@ip-172-31-31-18"} 1 1166.0 0.0 1166 641 747.3333333333334 3
stats: {sentpackets,"tsung_controller@ip-172-31-31-18"} 1 1333.0 0.0 1333 769 823.0 3
stats: {cpu,"tsung_controller@ip-172-31-31-18"} 1 1.998001998001998 0.0 3.48605577689243 1.898101898101898 2.385653130053748 4
stats: {load,"tsung_controller@ip-172-31-31-18"} 1 0.0 0.0 0.0 0.0 0.0 4
stats: session 59 35064.846220338986 42.32039590546841 35295.66 35049.339 35061.70703846153 26
stats: users_count 141 552
stats: finish_users_count 59 85
stats: request 396 17.359704545454512 7.195069761637323 206.577 6.283 17.3746267281106 868
stats: connect 140 1.1797642857142858 0.6024979503310042 192.32 0.797 3.0761757425742577 404
stats: page 252 27.443523809523803 17.48138756148464 248.802 6.283 31.39171666666667 480
stats: 302 141 544
stats: 200 255 720
stats: size_rcv 282089 818975
stats: newphase 0 1
stats: size_sent 280121 808344
stats: connected 81 460
# stats: dump at 1575255258
stats: users 562 562
stats: {freemem,"tsung_controller@ip-172-31-31-18"} 1 3494.0234375 0.0 3520.5859375 3494.0234375 3513.4046875 5
stats: {recvpackets,"tsung_controller@ip-172-31-31-18"} 1 1472.0 0.0 1472 641 852.0 4
stats: {sentpackets,"tsung_controller@ip-172-31-31-18"} 1 1681.0 0.0 1681 769 950.5 4
stats: {cpu,"tsung_controller@ip-172-31-31-18"} 1 1.9076305220883536 0.0 3.48605577689243 1.898101898101898 2.308122903643398 5
stats: {load,"tsung_controller@ip-172-31-31-18"} 1 0.0 0.0 0.0 0.0 0.0 5
stats: session 50 35070.46066000001 55.15116670229596 35418.859 35048.493 35063.886 85
stats: users_count 145 697
stats: finish_users_count 50 135
stats: request 405 22.379399999999976 38.43254806724678 397.29 6.104 17.369951740506316 1264
stats: connect 148 0.9747229729729723 0.12193955198009947 192.32 0.786 2.588128676470588 544
stats: page 249 36.43142168674698 50.893093455130256 397.29 6.283 30.032502732240438 732
stats: 302 148 692
stats: 200 257 977
stats: size_rcv 286190 1105165
stats: newphase 0 1
stats: size_sent 279406 1087750
stats: connected 98 558
# stats: dump at 1575255268
stats: users 694 697
stats: {freemem,"tsung_controller@ip-172-31-31-18"} 1 3491.796875 0.0 3520.5859375 3491.796875 3510.1744791666665 6
stats: {recvpackets,"tsung_controller@ip-172-31-31-18"} 1 1362.0 0.0 1472 641 976.0 5
stats: {sentpackets,"tsung_controller@ip-172-31-31-18"} 1 1554.0 0.0 1681 769 1096.6 5
stats: {cpu,"tsung_controller@ip-172-31-31-18"} 1 1.6096579476861168 0.0 3.48605577689243 1.6096579476861168 2.241374173384224 6
stats: {load,"tsung_controller@ip-172-31-31-18"} 1 0.0 0.0 0.0 0.0 0.0 6
stats: session 48 35072.91564583333 67.4387348068874 35438.319 35048.489 35066.32105925926 135
stats: users_count 180 877
stats: finish_users_count 48 183
stats: request 473 16.394646934460905 5.015991564837006 397.29 6.104 18.585545835829823 1669
stats: connect 183 1.01179781420765 0.5691447112029631 192.32 0.786 2.243065028901734 692
stats: page 283 27.436144876325102 16.183384323629276 397.29 6.283 31.656693170234455 981
stats: 302 183 875
stats: 200 290 1267
stats: size_rcv 326248 1431413
stats: newphase 1 2
stats: size_sent 319253 1407003
stats: connected 119 677
# stats: dump at 1575255278
stats: users 829 829
stats: {freemem,"tsung_controller@ip-172-31-31-18"} 1 3488.22265625 0.0 3520.5859375 3488.22265625 3507.5491071428573 7
stats: {recvpackets,"tsung_controller@ip-172-31-31-18"} 1 1840.0 0.0 1840 641 1040.3333333333333 6
stats: {sentpackets,"tsung_controller@ip-172-31-31-18"} 1 2040.0 0.0 2040 769 1172.8333333333333 6
stats: {cpu,"tsung_controller@ip-172-31-31-18"} 1 1.8181818181818181 0.0 3.48605577689243 1.6096579476861168 2.151128998284494 7
stats: {load,"tsung_controller@ip-172-31-31-18"} 1 0.0 0.0 0.0 0.0 0.0 7
stats: session 67 35059.82310447762 14.18300362493503 35438.319 35046.884 35068.050786885244 183
stats: users_count 202 1079
stats: finish_users_count 67 250
stats: request 581 17.292936316695343 5.945112544029489 397.29 6.104 18.101747899159655 2142
stats: connect 241 0.9755145228215765 0.18155814997482944 192.32 0.749 1.9855542857142856 875
stats: page 379 26.536414248021117 16.079555395273367 397.29 6.283 30.71174446202532 1264
stats: 302 196 1071
stats: 200 385 1652
stats: size_rcv 463100 1894513
stats: newphase 0 2
stats: size_sent 420389 1827392
stats: connected 118 795
# stats: dump at 1575255288
stats: users 921 923
stats: {freemem,"tsung_controller@ip-172-31-31-18"} 1 3479.92578125 0.0 3520.5859375 3479.92578125 3505.13330078125 8
stats: {recvpackets,"tsung_controller@ip-172-31-31-18"} 1 2383.0 0.0 2383 641 1154.5714285714287 7
stats: {sentpackets,"tsung_controller@ip-172-31-31-18"} 1 2643.0 0.0 2643 769 1296.7142857142858 7
stats: {cpu,"tsung_controller@ip-172-31-31-18"} 1 2.327935222672065 0.0 3.48605577689243 1.6096579476861168 2.1095106007716593 8
stats: {load,"tsung_controller@ip-172-31-31-18"} 1 0.0 0.0 0.0 0.0 0.0 8
stats: session 104 55409.243240384654 22412.251438168318 80295.45 35045.093 35065.845768 250
stats: users_count 196 1275
stats: finish_users_count 104 354
stats: request 631 16.788578446909632 6.786629259551729 397.29 6.104 17.929173705471896 2723
stats: connect 258 1.051996124031008 0.5463844197023777 192.32 0.749 1.7674363799283153 1116
stats: page 429 24.715976689976703 16.528435588457473 397.29 6.259 29.748597687157645 1643
stats: 302 245 1316
stats: 200 386 2038
stats: size_rcv 485620 2380133
stats: newphase 0 2
stats: size_sent 465884 2293276
stats: connected 98 893
# stats: dump at 1575255298
stats: users 1024 1024
stats: {freemem,"tsung_controller@ip-172-31-31-18"} 1 3477.91015625 0.0 3520.5859375 3477.91015625 3502.332465277778 9
stats: {recvpackets,"tsung_controller@ip-172-31-31-18"} 1 2582.0 0.0 2582 641 1308.125 8
stats: {sentpackets,"tsung_controller@ip-172-31-31-18"} 1 2891.0 0.0 2891 769 1465.0 8
stats: {cpu,"tsung_controller@ip-172-31-31-18"} 1 2.82258064516129 0.0 3.48605577689243 1.6096579476861168 2.133780003205038 9
stats: {load,"tsung_controller@ip-172-31-31-18"} 1 0.0 0.0 0.0 0.0 0.0 9
stats: session 141 52944.18569503549 22025.33074651299 80295.45 35045.093 41042.43711581922 354
stats: users_count 244 1519
stats: finish_users_count 141 495
stats: request 764 17.098674083769637 5.952305482752792 397.29 6.104 17.71458944543827 3354
stats: connect 286 0.9674405594405598 0.5961322320385061 192.32 0.73 1.6330960698689956 1374
stats: page 514 25.43979571984435 16.635368286700025 397.29 6.259 28.70661196911198 2072
stats: 302 298 1614
stats: 200 466 2504
stats: size_rcv 561381 2941514
stats: newphase 1 3
stats: size_sent 568677 2861953
stats: connected 107 1000
# stats: dump at 1575255308
stats: users 1130 1133
stats: {freemem,"tsung_controller@ip-172-31-31-18"} 1 3475.9296875 0.0 3520.5859375 3475.9296875 3499.890234375 10
stats: {recvpackets,"tsung_controller@ip-172-31-31-18"} 1 3148.0 0.0 3148 641 1449.6666666666667 9
stats: {sentpackets,"tsung_controller@ip-172-31-31-18"} 1 3689.0 0.0 3689 769 1623.4444444444443 9
stats: {cpu,"tsung_controller@ip-172-31-31-18"} 1 4.568527918781726 0.0 4.568527918781726 1.6096579476861168 2.202660067400663 10
stats: {load,"tsung_controller@ip-172-31-31-18"} 1 0.0 0.0 0.0 0.0 0.0 10
stats: session 140 49210.947221428585 20901.012473654824 80295.45 35045.093 44432.632165656585 495
stats: users_count 246 1765
stats: finish_users_count 140 635
stats: request 784 18.91316836734692 7.004279990726323 397.29 6.104 17.600320543953366 4118
stats: connect 294 1.407108843537416 1.6055391877469636 192.32 0.73 1.518410843373494 1660
stats: page 532 27.895898496240587 17.946162877437946 397.29 6.259 28.05729118329467 2586
stats: 302 291 1905
stats: 200 493 2997
stats: size_rcv 590134 3531648
stats: newphase 0 3
stats: size_sent 582236 3444189
stats: connected 90 1090
# stats: dump at 1575255318
stats: users 1259 1260
stats: {freemem,"tsung_controller@ip-172-31-31-18"} 1 3466.72265625 0.0 3520.5859375 3466.72265625 3497.712002840909 11
stats: {recvpackets,"tsung_controller@ip-172-31-31-18"} 1 3183.0 0.0 3183 641 1619.5 10
stats: {sentpackets,"tsung_controller@ip-172-31-31-18"} 1 3566.0 0.0 3689 769 1830.0 10
stats: {cpu,"tsung_controller@ip-172-31-31-18"} 1 4.124748490945674 0.0 4.568527918781726 1.6096579476861168 2.4177389629807595 11
stats: {load,"tsung_controller@ip-172-31-31-18"} 1 0.0 0.0 0.0 0.0 0.0 11
stats: session 144 51007.28627083332 21531.210180732283 80295.45 35045.093 45486.118949606316 635
stats: users_count 273 2038
stats: finish_users_count 144 779
stats: request 872 18.810331422018336 7.186693406454075 397.29 6.104 17.81029049367604 4902
stats: connect 344 1.1398197674418602 0.6668330890702827 192.32 0.73 1.5016642784032754 1954
stats: page 582 28.157240549828153 18.342748368736007 397.29 6.259 28.029754008980117 3118
stats: 302 320 2225
stats: 200 552 3549
stats: size_rcv 676231 4207879
stats: newphase 0 3
stats: size_sent 648671 4092860
stats: connected 133 1223
# stats: dump at 1575255328
stats: users 1331 1333
stats: {freemem,"tsung_controller@ip-172-31-31-18"} 1 3454.328125 0.0 3520.5859375 3454.328125 3495.1295572916665 12
stats: {recvpackets,"tsung_controller@ip-172-31-31-18"} 1 3395.0 0.0 3395 641 1761.6363636363637 11
stats: {sentpackets,"tsung_controller@ip-172-31-31-18"} 1 3818.0 0.0 3818 769 1987.8181818181818 11
stats: {cpu,"tsung_controller@ip-172-31-31-18"} 1 4.133064516129032 0.0 4.568527918781726 1.6096579476861168 2.559989756977836 12
stats: {load,"tsung_controller@ip-172-31-31-18"} 1 0.0 0.0 0.0 0.0 0.0 12
stats: session 186 52490.25844623657 21929.146732653622 80295.45 35045.093 46506.719840821585 779
stats: users_count 258 2296
stats: finish_users_count 186 965
stats: request 890 18.477246067415717 6.772024209948232 397.29 6.104 17.961318496709374 5774
stats: connect 335 1.0111492537313416 0.6995727022854913 192.32 0.674 1.4474978241949523 2298
stats: page 636 25.924088050314456 16.721037767921946 397.29 6.259 28.049807297297292 3700
stats: 302 328 2553
stats: 200 562 4111
stats: size_rcv 695421 4903300
stats: newphase 1 4
stats: size_sent 681073 4773933
stats: connected 62 1285
# stats: dump at 1575255338
stats: users 1413 1418
stats: {freemem,"tsung_controller@ip-172-31-31-18"} 1 3447.23046875 0.0 3520.5859375 3447.23046875 3491.990985576923 13
stats: {recvpackets,"tsung_controller@ip-172-31-31-18"} 1 3856.0 0.0 3856 641 1897.75 12
stats: {sentpackets,"tsung_controller@ip-172-31-31-18"} 1 4357.0 0.0 4357 769 2140.3333333333335 12
stats: {cpu,"tsung_controller@ip-172-31-31-18"} 1 3.4552845528455287 0.0 4.568527918781726 1.6096579476861168 2.6809955076817737 13
stats: {load,"tsung_controller@ip-172-31-31-18"} 1 0.0 0.0 0.0 0.0 0.0 13
stats: session 194 52935.434427835055 22028.173256478887 80342.793 35045.093 47660.0236549223 965
stats: users_count 276 2572
stats: finish_users_count 194 1159
stats: request 984 19.630597560975634 7.907592738714877 397.29 6.104 18.03022238895557 6664
stats: connect 377 1.0221777188328913 0.2756233114149216 192.32 0.674 1.391980630459552 2633
stats: page 694 27.75187463976947 18.505814299348714 397.29 6.259 27.73800899446494 4336
stats: 302 363 2916
stats: 200 621 4732
stats: size_rcv 773457 5676757
stats: newphase 0 4
stats: size_sent 756525 5530458
stats: connected 91 1376
# stats: dump at 1575255348
stats: users 1496 1496
stats: {freemem,"tsung_controller@ip-172-31-31-18"} 1 3445.296875 0.0 3520.5859375 3445.296875 3488.7938058035716 14
stats: {recvpackets,"tsung_controller@ip-172-31-31-18"} 1 4053.0 0.0 4053 641 2048.3846153846152 13
stats: {sentpackets,"tsung_controller@ip-172-31-31-18"} 1 4590.0 0.0 4590 769 2310.846153846154 13
stats: {cpu,"tsung_controller@ip-172-31-31-18"} 1 4.934541792547835 0.0 4.934541792547835 1.6096579476861168 2.7363018680506133 14
stats: {load,"tsung_controller@ip-172-31-31-18"} 1 0.0 0.0 0.0 0.0 0.0 14
stats: session 213 54723.359253521136 22326.272279899866 80342.793 35045.093 48543.05186022435 1159
stats: users_count 296 2868
stats: finish_users_count 213 1372
stats: request 1025 20.544209756097555 10.19777281700381 397.29 6.104 18.23612839958158 7648
stats: connect 393 1.0252849872773517 0.3036889566571089 192.32 0.674 1.345663122923588 3010
stats: page 735 28.766122448979594 20.520308530022625 397.29 6.259 27.73992206759443 5030
stats: 302 383 3299
stats: 200 642 5374
stats: size_rcv 807240 6483997
stats: newphase 0 4
stats: size_sent 788510 6318968
stats: connected 59 1435
# stats: dump at 1575255358
stats: users 1636 1637
stats: {freemem,"tsung_controller@ip-172-31-31-18"} 1 3444.14453125 0.0 3520.5859375 3444.14453125 3485.894010416667 15
stats: {recvpackets,"tsung_controller@ip-172-31-31-18"} 1 4296.0 0.0 4296 641 2191.5714285714284 14
stats: {sentpackets,"tsung_controller@ip-172-31-31-18"} 1 4827.0 0.0 4827 769 2473.6428571428573 14
stats: {cpu,"tsung_controller@ip-172-31-31-18"} 1 4.471544715447155 0.0 4.934541792547835 1.6096579476861168 2.882851196350428 15
stats: {load,"tsung_controller@ip-172-31-31-18"} 1 0.0 0.0 0.0 0.0 0.0 15
stats: session 229 55531.836934497784 22403.49214643366 80342.793 35045.093 49502.531069241995 1372
stats: users_count 369 3237
stats: finish_users_count 229 1601
stats: request 1213 26.219049464138536 31.23094525394797 397.29 5.814 18.508904070102613 8673
stats: connect 470 5.041472340425539 21.239482070614585 192.32 0.674 1.3086638260358503 3403
stats: page 828 38.41965942028984 41.465583898789816 397.29 6.259 27.870755941023415 5765
stats: 302 474 3773
stats: 200 739 6113
stats: size_rcv 913754 7397751
stats: newphase 1 5
stats: size_sent 911306 7230274
stats: connected 139 1574
# stats: dump at 1575255368
stats: users 1757 1757
stats: {freemem,"tsung_controller@ip-172-31-31-18"} 1 3442.01171875 0.0 3520.5859375 3442.01171875 3483.28466796875 16
stats: {recvpackets,"tsung_controller@ip-172-31-31-18"} 1 5101.0 0.0 5101 641 2331.866666666667 15
stats: {sentpackets,"tsung_controller@ip-172-31-31-18"} 1 5657.0 0.0 5657 769 2630.5333333333333 15
stats: {cpu,"tsung_controller@ip-172-31-31-18"} 1 5.696846388606307 0.0 5.696846388606307 1.6096579476861168 2.982144541293973 16
stats: {load,"tsung_controller@ip-172-31-31-18"} 1 0.0 0.0 0.0 0.0 0.0 16
stats: session 235 53851.21534893616 22200.266951036665 80389.327 35045.093 50364.93646783261 1601
stats: users_count 356 3593
stats: finish_users_count 235 1836
stats: request 1219 21.908502871205904 10.247308976298813 397.29 5.814 19.454929395104188 9886
stats: connect 485 1.0261608247422678 0.37583005442021966 192.32 0.674 1.7616511747998973 3873
stats: page 859 31.104599534342245 21.642291825607867 397.29 6.259 29.195568936751098 6593
stats: 302 458 4231
stats: 200 761 6874
stats: size_rcv 959064 8356815
stats: newphase 0 5
stats: size_sent 930283 8160557
stats: connected 112 1686
# stats: dump at 1575255378
stats: users 1852 1855
stats: {freemem,"tsung_controller@ip-172-31-31-18"} 1 3440.60546875 0.0 3520.5859375 3440.60546875 3480.8568474264707 17
stats: {recvpackets,"tsung_controller@ip-172-31-31-18"} 1 5099.0 0.0 5101 641 2504.9375 16
stats: {sentpackets,"tsung_controller@ip-172-31-31-18"} 1 5695.0 0.0 5695 769 2819.6875 16
stats: {cpu,"tsung_controller@ip-172-31-31-18"} 1 5.268490374873354 0.0 5.696846388606307 1.6096579476861168 3.141832885253522 17
stats: {load,"tsung_controller@ip-172-31-31-18"} 1 0.0 0.0 0.0 0.0 0.0 17
stats: session 261 56977.78306896548 22501.22616628439 80389.327 35045.093 50811.16497385621 1836
stats: users_count 356 3949
stats: finish_users_count 261 2097
stats: request 1244 21.249949356913206 9.23636658692922 397.29 5.677 19.72425907248987 11105
stats: connect 485 0.957713402061856 0.14228824500198725 192.32 0.674 1.6797987608994955 4358
stats: page 885 29.79944971751415 20.94251572294179 397.29 6.259 29.415624932903917 7452
stats: 302 483 4714
stats: 200 761 7635
stats: size_rcv 963423 9320238
stats: newphase 0 5
stats: size_sent 958328 9118885
stats: connected 89 1775
# stats: dump at 1575255388
stats: users 1904 1905
stats: {freemem,"tsung_controller@ip-172-31-31-18"} 1 3439.56640625 0.0 3520.5859375 3439.56640625 3478.620659722222 18
stats: {recvpackets,"tsung_controller@ip-172-31-31-18"} 1 5176.0 0.0 5176 641 2657.529411764706 17
stats: {sentpackets,"tsung_controller@ip-172-31-31-18"} 1 5778.0 0.0 5778 769 2988.823529411765 17
stats: {cpu,"tsung_controller@ip-172-31-31-18"} 1 6.0606060606060606 0.0 6.0606060606060606 1.6096579476861168 3.259980523565735 18
stats: {load,"tsung_controller@ip-172-31-31-18"} 1 0.0 0.0 0.0 0.0 0.0 18
stats: session 295 54311.40505084743 22261.974865218544 80389.327 35045.093 51578.683964234624 2097
stats: users_count 347 4296
stats: finish_users_count 295 2392
stats: request 1269 24.055421591804556 12.347946737285145 397.29 5.677 19.877952384808488 12349
stats: connect 487 1.9248275154004078 8.445487249528803 192.32 0.674 1.6074858558744585 4843
stats: page 963 31.77968847352028 22.588196780829865 397.29 6.259 29.45636919755308 8337
stats: 302 471 5185
stats: 200 798 8433
stats: size_rcv 1018247 10338485
stats: newphase 1 6
stats: size_sent 989530 10108415
stats: connected 76 1851
# stats: dump at 1575255398
stats: users 1965 1966
stats: {freemem,"tsung_controller@ip-172-31-31-18"} 1 3423.625 0.0 3520.5859375 3423.625 3476.5651726973683 19
stats: {recvpackets,"tsung_controller@ip-172-31-31-18"} 1 5604.0 0.0 5604 641 2797.4444444444443 18
stats: {sentpackets,"tsung_controller@ip-172-31-31-18"} 1 6367.0 0.0 6367 769 3143.777777777778 18
stats: {cpu,"tsung_controller@ip-172-31-31-18"} 1 6.180344478216818 0.0 6.180344478216818 1.6096579476861168 3.407381867620489 19
stats: {load,"tsung_controller@ip-172-31-31-18"} 1 0.0 0.0 0.0 0.0 0.0 19
stats: session 325 55027.120452307645 22361.993824295685 80389.327 35045.093 51915.704332357855 2392
stats: users_count 386 4682
stats: finish_users_count 325 2717
stats: request 1423 23.791527055516475 11.102042757995369 397.29 5.677 20.267231898957263 13618
stats: connect 516 0.8817887596899227 0.11473373265321388 192.32 0.67 1.6364812382739216 5330
stats: page 1021 33.18444074436822 22.81818859566059 397.29 6.259 29.69694516129033 9300
stats: 302 533 5718
stats: 200 890 9323
stats: size_rcv 1104248 11442733
stats: newphase 0 6
stats: size_sent 1111530 11219945
stats: connected 46 1897
# stats: dump at 1575255408
stats: users 2036 2044
stats: {freemem,"tsung_controller@ip-172-31-31-18"} 1 3421.12109375 0.0 3520.5859375 3421.12109375 3473.9181640625 20
stats: {recvpackets,"tsung_controller@ip-172-31-31-18"} 1 6093.0 0.0 6093 641 2945.157894736842 19
stats: {sentpackets,"tsung_controller@ip-172-31-31-18"} 1 6789.0 0.0 6789 769 3313.4210526315787 19
stats: {cpu,"tsung_controller@ip-172-31-31-18"} 1 4.94335736354274 0.0 6.180344478216818 1.6096579476861168 3.5460299981503054 20
stats: {load,"tsung_controller@ip-172-31-31-18"} 1 0.0 0.0 0.0 0.0 0.0 20
stats: session 305 54122.044754098395 22235.424138901028 80389.327 35045.093 52287.88329407434 2717
stats: users_count 376 5058
stats: finish_users_count 305 3022
stats: request 1392 24.754406609195396 13.673057892830835 397.29 5.677 20.600658666312075 15041
stats: connect 519 0.9352524084778423 0.40304966043343765 192.32 0.67 1.5698679438932608 5846
stats: page 1002 34.3555918163673 24.803747211230316 397.29 6.259 30.041943997674647 10321
stats: 302 504 6222
stats: 200 888 10211
stats: size_rcv 1112850 12555583
stats: newphase 0 6
stats: size_sent 1089458 12309403
stats: connected 63 1960
# stats: dump at 1575255418
stats: users 2185 2192
stats: {freemem,"tsung_controller@ip-172-31-31-18"} 1 3420.39453125 0.0 3520.5859375 3420.39453125 3471.4040178571427 21
stats: {recvpackets,"tsung_controller@ip-172-31-31-18"} 1 5854.0 0.0 6093 641 3102.55 20
stats: {sentpackets,"tsung_controller@ip-172-31-31-18"} 1 6510.0 0.0 6789 769 3487.2 20
stats: {cpu,"tsung_controller@ip-172-31-31-18"} 1 5.112474437627812 0.0 6.180344478216818 1.6096579476861168 3.6125693965023267 21
stats: {load,"tsung_controller@ip-172-31-31-18"} 1 0.0 0.0 0.0 0.0 0.0 21
stats: session 305 55902.04171147541 22438.74198590354 80389.327 35045.093 52472.99886168099 3022
stats: users_count 454 5512
stats: finish_users_count 305 3327
stats: request 1571 26.442646721833185 13.263404414500473 397.29 5.677 20.95251268788413 16433
stats: connect 603 0.9454908789386405 0.5141026616989006 192.32 0.67 1.5181216025137474 6365
stats: page 1099 37.81099727024562 26.76347197545689 397.29 6.259 30.42366925726398 11323
stats: 302 598 6820
stats: 200 973 11184
stats: size_rcv 1220165 13775748
stats: newphase 1 7
stats: size_sent 1204397 13513800
stats: connected 132 2092
# stats: dump at 1575255428
stats: users 2258 2259
stats: {freemem,"tsung_controller@ip-172-31-31-18"} 1 3418.31640625 0.0 3520.5859375 3418.31640625 3469.0854048295455 22
stats: {recvpackets,"tsung_controller@ip-172-31-31-18"} 1 6835.0 0.0 6835 641 3233.5714285714284 21
stats: {sentpackets,"tsung_controller@ip-172-31-31-18"} 1 7421.0 0.0 7421 769 3631.1428571428573 21
stats: {cpu,"tsung_controller@ip-172-31-31-18"} 1 5.95482546201232 0.0 6.180344478216818 1.6096579476861168 3.6807468983716665 22
stats: {load,"tsung_controller@ip-172-31-31-18"} 1 0.0 0.0 0.0 0.0 0.0 22
stats: session 349 54186.91171346699 22242.57107987924 80389.327 35045.093 52787.35355635707 3327
stats: users_count 422 5934
stats: finish_users_count 349 3676
stats: request 1559 33.1430128287363 31.08977299067599 397.29 5.677 21.43157292823816 18004
stats: connect 617 2.662197730956237 13.898679308308308 192.32 0.67 1.4685670206659016 6968
stats: page 1151 44.99382797567333 43.67807649125156 397.29 6.259 31.07724142650137 12422
stats: 302 565 7385
stats: 200 994 12178
stats: size_rcv 1272055 15047803
stats: newphase 0 7
stats: size_sent 1221892 14735692
stats: connected 67 2159
# stats: dump at 1575255438
stats: users 2314 2314
stats: {freemem,"tsung_controller@ip-172-31-31-18"} 1 3417.39453125 0.0 3520.5859375 3417.39453125 3466.8780570652175 23
stats: {recvpackets,"tsung_controller@ip-172-31-31-18"} 1 7109.0 0.0 7109 641 3397.2727272727275 22
stats: {sentpackets,"tsung_controller@ip-172-31-31-18"} 1 7665.0 0.0 7665 769 3803.409090909091 22
stats: {cpu,"tsung_controller@ip-172-31-31-18"} 1 7.785642062689585 0.0 7.785642062689585 1.6096579476861168 3.7796198793995215 23
stats: {load,"tsung_controller@ip-172-31-31-18"} 1 0.0 0.0 0.0 0.0 0.0 23
stats: session 387 57559.96507493538 22507.07654939295 80413.902 35045.093 52920.22782100108 3676
stats: users_count 443 6377
stats: finish_users_count 387 4063
stats: request 1547 34.15538332255982 44.72594675945065 510.239 5.677 22.364872258855993 19563
stats: connect 581 10.28382444061961 47.542420702044005 363.177 0.67 1.5656626235992088 7585
stats: page 1134 46.60823721340395 61.23740282186936 574.511 6.259 32.25737780888529 13573
stats: 302 601 7986
stats: 200 946 13124
stats: size_rcv 1203999 16251802
stats: newphase 0 7
stats: size_sent 1214988 15950680
stats: connected 57 2216
# stats: dump at 1575255448
stats: users 2455 2467
stats: {freemem,"tsung_controller@ip-172-31-31-18"} 1 3415.87109375 0.0 3520.5859375 3415.87109375 3464.8162434895835 24
stats: {recvpackets,"tsung_controller@ip-172-31-31-18"} 1 7244.0 0.0 7244 641 3558.6521739130435 23
stats: {sentpackets,"tsung_controller@ip-172-31-31-18"} 1 7945.0 0.0 7945 769 3971.304347826087 23
stats: {cpu,"tsung_controller@ip-172-31-31-18"} 1 10.552763819095476 0.0 10.552763819095476 1.6096579476861168 3.946537470369941 24
stats: {load,"tsung_controller@ip-172-31-31-18"} 1 0.0 0.0 0.0 0.0 0.0 24
stats: session 369 56832.755796747966 22491.984235866552 80577.016 35045.093 53362.16193797685 4063
stats: users_count 510 6887
stats: finish_users_count 369 4432
stats: request 1792 34.59885323660718 24.912481053058002 510.239 5.677 23.228913974419697 21110
stats: connect 698 1.361216332378223 3.4348910457509776 363.177 0.67 2.1859481998530486 8166
stats: page 1278 48.53657276995299 41.24176431629427 574.511 6.259 33.36391718229415 14707
stats: 302 697 8683
stats: 200 1095 14219
stats: size_rcv 1390410 17642212
stats: newphase 1 8
stats: size_sent 1370139 17320819
stats: connected 152 2368
# stats: dump at 1575255458
stats: users 2544 2548
stats: {freemem,"tsung_controller@ip-172-31-31-18"} 1 3400.56640625 0.0 3520.5859375 3400.56640625 3462.8584375 25
stats: {recvpackets,"tsung_controller@ip-172-31-31-18"} 1 7668.0 0.0 7668 641 3712.2083333333335 24
stats: {sentpackets,"tsung_controller@ip-172-31-31-18"} 1 8265.0 0.0 8265 769 4136.875 24
stats: {cpu,"tsung_controller@ip-172-31-31-18"} 1 7.8491335372069315 0.0 10.552763819095476 1.6096579476861168 4.210786524318962 25
stats: {load,"tsung_controller@ip-172-31-31-18"} 1 0.0 0.0 0.0 0.0 0.0 25
stats: session 400 55149.07774750006 22363.148007345524 80577.016 35045.093 53651.11706746389 4432
stats: users_count 489 7376
stats: finish_users_count 400 4832
stats: request 1698 35.75481566548881 27.606523864468148 510.239 5.677 24.118571260151946 22902
stats: connect 633 0.9761548183254356 0.49404140322527246 363.177 0.67 2.1210042870036094 8864
stats: page 1244 48.81478778135049 43.34735737647792 574.511 6.259 34.57697028464185 15985
stats: 302 663 9346
stats: 200 1035 15254
stats: size_rcv 1289804 18932016
stats: newphase 0 8
stats: size_sent 1313587 18634406
stats: connected 23 2391
# stats: dump at 1575255468
stats: users 2661 2661
stats: {freemem,"tsung_controller@ip-172-31-31-18"} 1 3396.12109375 0.0 3520.5859375 3396.12109375 3460.462590144231 26
stats: {recvpackets,"tsung_controller@ip-172-31-31-18"} 1 7765.0 0.0 7765 641 3870.44 25
stats: {sentpackets,"tsung_controller@ip-172-31-31-18"} 1 8283.0 0.0 8283 769 4302.0 25
stats: {cpu,"tsung_controller@ip-172-31-31-18"} 1 7.267144319344933 0.0 10.552763819095476 1.6096579476861168 4.350722947891577 26
stats: {load,"tsung_controller@ip-172-31-31-18"} 1 0.0 0.0 0.0 0.0 0.0 26
stats: session 379 53190.06250131928 22045.558626691854 80577.016 35045.093 53775.12043501655 4832
stats: users_count 496 7872
stats: finish_users_count 379 5211
stats: request 1854 39.67271682847903 23.865164219495377 510.239 5.677 24.921755934959343 24600
stats: connect 700 0.8809442857142866 0.1411619375405568 363.177 0.67 2.044697062230177 9497
stats: page 1306 56.30452143950992 41.64706609014887 574.511 6.259 35.60499541470776 17229
stats: 302 650 9996
stats: 200 1204 16458
stats: size_rcv 1510248 20442264
stats: newphase 0 8
stats: size_sent 1449861 20084267
stats: connected 101 2492
# stats: dump at 1575255478
stats: users 2757 2762
stats: {freemem,"tsung_controller@ip-172-31-31-18"} 1 3394.4921875 0.0 3520.5859375 3394.4921875 3458.079571759259 27
stats: {recvpackets,"tsung_controller@ip-172-31-31-18"} 1 8524.0 0.0 8524 641 4020.230769230769 26
stats: {sentpackets,"tsung_controller@ip-172-31-31-18"} 1 8774.0 0.0 8774 769 4455.115384615385 26
stats: {cpu,"tsung_controller@ip-172-31-31-18"} 1 7.8491335372069315 0.0 10.552763819095476 1.6096579476861168 4.458738554241702 27
stats: {load,"tsung_controller@ip-172-31-31-18"} 1 0.0 0.0 0.0 0.0 0.0 27
stats: session 433 56047.130602771365 22422.007833451822 80577.016 35045.093 53732.568725772406 5211
stats: users_count 529 8401
stats: finish_users_count 433 5644
stats: request 1933 50.52619037765113 33.835670727929504 510.239 5.677 25.95556108717018 26454
stats: connect 734 0.8970544959128065 0.3931158072402203 363.177 0.666 1.9648081788761393 10197
stats: page 1420 68.80535281690128 56.50205028074941 574.511 6.259 37.063510709468574 18535
stats: 302 734 10730
stats: 200 1199 17657
stats: size_rcv 1522613 21964877
stats: newphase 1 9
stats: size_sent 1506182 21590449
stats: connected 66 2558
# stats: dump at 1575255488
stats: users 2871 2873
stats: {freemem,"tsung_controller@ip-172-31-31-18"} 1 3392.4453125 0.0 3520.5859375 3392.4453125 3455.80859375 28
stats: {recvpackets,"tsung_controller@ip-172-31-31-18"} 1 9012.0 0.0 9012 641 4187.037037037037 27
stats: {sentpackets,"tsung_controller@ip-172-31-31-18"} 1 9278.0 0.0 9278 769 4615.074074074074 27
stats: {cpu,"tsung_controller@ip-172-31-31-18"} 1 7.357512953367876 0.0 10.552763819095476 1.6096579476861168 4.5798240893476025 28
stats: {load,"tsung_controller@ip-172-31-31-18"} 1 0.0 0.0 0.0 0.0 0.0 28
stats: session 448 54730.70171205362 22256.323306460185 80577.016 35045.093 53910.13876346563 5644
stats: users_count 562 8963
stats: finish_users_count 448 6092
stats: request 2066 115.73469941916731 86.18309423442128 510.239 5.677 27.62868703984217 28387
stats: connect 796 1.0289045226130633 0.6154511099782951 363.177 0.666 1.8931101454578714 10931
stats: page 1490 160.1557194630873 140.2737854701297 903.609 6.259 39.322263693309935 19955
stats: 302 757 11487
stats: 200 1309 18966
stats: size_rcv 1663321 23628198
stats: newphase 0 9
stats: size_sent 1631897 23222346
stats: connected 88 2646
# stats: dump at 1575255498
stats: users 2944 2946
stats: {freemem,"tsung_controller@ip-172-31-31-18"} 1 3376.6953125 0.0 3520.5859375 3376.6953125 3453.6236530172414 29
stats: {recvpackets,"tsung_controller@ip-172-31-31-18"} 1 10041.0 0.0 10041 641 4359.357142857143 28
stats: {sentpackets,"tsung_controller@ip-172-31-31-18"} 1 9945.0 0.0 9945 769 4781.607142857143 28
stats: {cpu,"tsung_controller@ip-172-31-31-18"} 1 8.539094650205762 0.0 10.552763819095476 1.6096579476861168 4.675606463968991 29
stats: {load,"tsung_controller@ip-172-31-31-18"} 1 0.0 0.0 0.0 0.0 0.0 29
stats: session 476 57295.23695378152 22452.130155445968 80577.016 35045.093 53970.48219763625 6092
stats: users_count 549 9512
stats: finish_users_count 476 6568
stats: request 2007 67.0476616841055 46.6280073120866 510.239 5.677 33.60599704462612 30453
stats: connect 745 0.9213932885906048 0.42629933360744526 363.177 0.666 1.834449987209004 11727
stats: page 1449 92.99828226363013 73.20628779546169 903.609 6.259 47.71778008859874 21445
stats: 302 774 12261
stats: 200 1234 20200
stats: size_rcv 1565399 25193597
stats: newphase 0 9
stats: size_sent 1564078 24786424
stats: connected 15 2661
# stats: dump at 1575255508
stats: users 3081 3081
stats: {freemem,"tsung_controller@ip-172-31-31-18"} 1 3375.79296875 0.0 3520.5859375 3375.79296875 3451.059375 30
stats: {recvpackets,"tsung_controller@ip-172-31-31-18"} 1 9537.0 0.0 10041 641 4555.275862068966 29
stats: {sentpackets,"tsung_controller@ip-172-31-31-18"} 1 9557.0 0.0 9945 769 4959.6551724137935 29
stats: {cpu,"tsung_controller@ip-172-31-31-18"} 1 8.49539406345957 0.0 10.552763819095476 1.6096579476861168 4.804389403510217 30
stats: {load,"tsung_controller@ip-172-31-31-18"} 1 0.0 0.0 0.0 0.0 0.0 30
stats: session 434 56546.09803225809 22420.893254593695 80600.676 35045.093 54211.43580054812 6568
stats: users_count 571 10083
stats: finish_users_count 434 7002
stats: request 2026 126.26394323790736 80.28899288620683 510.239 5.677 35.67369331484902 32460
stats: connect 792 1.003136363636364 1.2011751922663363 363.177 0.666 1.7799096375881969 12472
stats: page 1481 171.10144294395678 131.40836429768558 903.609 6.259 50.58365969249585 22894
stats: 302 769 13030
stats: 200 1256 21456
stats: size_rcv 1606844 26800441
stats: newphase 1 10
stats: size_sent 1592660 26379084
stats: connected 72 2733
# stats: dump at 1575255518
stats: users 3208 3211
stats: {freemem,"tsung_controller@ip-172-31-31-18"} 1 3363.78515625 0.0 3520.5859375 3363.78515625 3448.6314264112902 31
stats: {recvpackets,"tsung_controller@ip-172-31-31-18"} 1 9931.0 0.0 10041 641 4721.333333333333 30
stats: {sentpackets,"tsung_controller@ip-172-31-31-18"} 1 9816.0 0.0 9945 769 5112.9 30
stats: {cpu,"tsung_controller@ip-172-31-31-18"} 1 8.367768595041323 0.0 10.552763819095476 1.6096579476861168 4.923454069960196 31
stats: {load,"tsung_controller@ip-172-31-31-18"} 1 0.0 0.0 0.0 0.0 0.0 31
stats: session 450 55450.67566888888 22191.399169736145 81315.605 35045.093 54356.143513853196 7002
stats: users_count 577 10660
stats: finish_users_count 450 7452
stats: request 1973 532.5492067916886 230.6438829280948 1103.996 5.677 40.99573258713679 34486
stats: connect 834 1.000441247002397 0.7218672194519622 363.177 0.666 1.7335281212303975 13264
stats: page 1444 682.9529439058175 461.12201642809634 2650.974 6.259 57.906196594871794 24375
stats: 302 745 13775
stats: 200 1228 22684
stats: size_rcv 1586756 28387197
stats: newphase 0 10
stats: size_sent 1663106 28042190
stats: connected -33 2700
# stats: dump at 1575255528
stats: users 3298 3305
stats: {freemem,"tsung_controller@ip-172-31-31-18"} 1 3344.5859375 0.0 3520.5859375 3344.5859375 3445.97998046875 32
stats: {recvpackets,"tsung_controller@ip-172-31-31-18"} 1 10155.0 0.0 10155 641 4889.387096774193 31
stats: {sentpackets,"tsung_controller@ip-172-31-31-18"} 1 10072.0 0.0 10072 769 5264.612903225807 31
stats: {cpu,"tsung_controller@ip-172-31-31-18"} 1 9.230769230769232 0.0 10.552763819095476 1.6096579476861168 5.0310888988689815 32
stats: {load,"tsung_controller@ip-172-31-31-18"} 1 0.0 0.0 0.0 0.0 0.0 32
stats: session 495 58472.97859191917 22218.49917383011 82396.087 35045.093 54422.23845075149 7452
stats: users_count 585 11245
stats: finish_users_count 495 7947
stats: request 2118 1090.1039981114227 291.2705163529511 1577.47 0.508 67.59643487204808 36459
stats: connect 818 1.017433985330075 0.3164700183855161 363.177 0.666 1.6901606610866784 14098
stats: page 1533 1475.6402635355537 891.2897206074981 4025.503 0.568 92.86368925984742 25819
stats: 302 761 14536
stats: 200 1244 23928
stats: size_rcv 1617189 30004386
stats: newphase 0 10
stats: 502 110 110
stats: size_sent 1669672 29711862
stats: connected 25 2725
stats: 500 3 3
# stats: dump at 1575255538
stats: users 2810 3311
stats: {freemem,"tsung_controller@ip-172-31-31-18"} 1 3326.7734375 0.0 3520.5859375 3326.7734375 3442.907433712121 33
stats: {recvpackets,"tsung_controller@ip-172-31-31-18"} 1 10115.0 0.0 10155 641 5053.9375 32
stats: {sentpackets,"tsung_controller@ip-172-31-31-18"} 1 10087.0 0.0 10087 769 5414.84375 32
stats: {cpu,"tsung_controller@ip-172-31-31-18"} 1 9.053497942386832 0.0 10.552763819095476 1.6096579476861168 5.158351939229595 33
stats: {load,"tsung_controller@ip-172-31-31-18"} 1 0.0 0.0 0.0 0.0 0.0 33
stats: session 555 56785.05560360362 22254.157719212813 82656.066 35045.093 54674.549558072235 7947
stats: users_count 67 11312
stats: finish_users_count 555 8502
stats: request 1566 932.2548058748403 550.9439327071707 1654.065 0.508 123.73535233429229 38577
stats: connect 364 1.0864532967032954 0.3979627868116991 363.177 0.666 1.653268034325556 14916
stats: page 1389 1133.2181749460024 1047.8179457586293 4252.494 0.568 170.364292081018 27352
stats: 302 391 14927
stats: 200 1145 25073
stats: size_rcv 1535686 31540072
stats: newphase 0 10
stats: 502 30 140
stats: size_sent 1258790 30970652
stats: connected -295 2430
stats: 500 0 3
# stats: dump at 1575255548
stats: users 2218 3311
stats: {freemem,"tsung_controller@ip-172-31-31-18"} 1 3326.04296875 0.0 3520.5859375 3326.04296875 3439.4917279411766 34
stats: {recvpackets,"tsung_controller@ip-172-31-31-18"} 1 6994.0 0.0 10155 641 5207.30303030303 33
stats: {sentpackets,"tsung_controller@ip-172-31-31-18"} 1 7257.0 0.0 10087 769 5556.424242424242 33
stats: {cpu,"tsung_controller@ip-172-31-31-18"} 1 5.5045871559633035 0.0 10.552763819095476 1.6096579476861168 5.272915056969514 34
stats: {load,"tsung_controller@ip-172-31-31-18"} 1 0.0 0.0 0.0 0.0 0.0 34
stats: session 592 58371.31239695942 22660.096111602652 82656.066 35045.093 54812.32077134793 8502
stats: users_count 0 11312
stats: finish_users_count 592 9094
stats: request 1127 38.80218633540374 27.049927267472853 1654.065 0.508 155.27613065789785 40143
stats: connect 255 1.0135764705882349 0.3043032946463798 363.177 0.666 1.6397653795811515 15280
stats: page 1127 38.80218633540374 27.049927267472853 4252.494 0.568 216.89726042935186 28741
stats: 302 303 15230
stats: 200 824 25897
stats: size_rcv 1034372 32574444
stats: newphase 0 10
stats: 502 0 140
stats: size_sent 1154341 32124993
stats: connected -502 1928
stats: 500 0 3
# stats: dump at 1575255558
stats: users 1676 3311
stats: {freemem,"tsung_controller@ip-172-31-31-18"} 1 3326.140625 0.0 3520.5859375 3326.04296875 3436.2503348214286 35
stats: {recvpackets,"tsung_controller@ip-172-31-31-18"} 1 5836.0 0.0 10155 641 5259.85294117647 34
stats: {sentpackets,"tsung_controller@ip-172-31-31-18"} 1 6417.0 0.0 10087 769 5606.441176470588 34
stats: {cpu,"tsung_controller@ip-172-31-31-18"} 1 5.544354838709677 0.0 10.552763819095476 1.6096579476861168 5.279534259797908 35
stats: {load,"tsung_controller@ip-172-31-31-18"} 1 0.0 0.0 0.0 0.0 0.0 35
stats: session 542 57005.8307472325 22106.543064400194 82656.066 35037.809 55044.0035338685 9094
stats: users_count 0 11312
stats: finish_users_count 542 9636
stats: request 1108 35.190055956678705 25.96627793101529 1654.065 0.508 152.0954634601404 41270
stats: connect 285 0.951522807017544 0.1727911537468666 363.177 0.666 1.6294867718055999 15535
stats: page 1108 35.190055956678705 25.96627793101529 4252.494 0.568 210.17725411811978 29868
stats: 302 256 15486
stats: 200 833 26730
stats: size_rcv 1026600 33601044
stats: newphase 0 10
stats: 502 0 140
stats: size_sent 1113892 33238885
stats: connected -449 1479
stats: 500 19 22
# stats: dump at 1575255568
stats: users 1192 3311
stats: {freemem,"tsung_controller@ip-172-31-31-18"} 1 3324.6796875 0.0 3520.5859375 3324.6796875 3433.1917317708335 36
stats: {recvpackets,"tsung_controller@ip-172-31-31-18"} 1 5761.0 0.0 10155 641 5276.314285714286 35
stats: {sentpackets,"tsung_controller@ip-172-31-31-18"} 1 6554.0 0.0 10087 769 5629.6 35
stats: {cpu,"tsung_controller@ip-172-31-31-18"} 1 5.065856129685916 0.0 10.552763819095476 1.6096579476861168 5.2868903869899 36
stats: {load,"tsung_controller@ip-172-31-31-18"} 1 0.0 0.0 0.0 0.0 0.0 36
stats: session 484 62239.84266115708 21708.07432604668 82656.066 35031.867 55154.35122478208 9636
stats: users_count 0 11312
stats: finish_users_count 484 10120
stats: request 845 25.262186982248533 21.986310333501038 1654.065 0.508 149.03889657369376 42378
stats: connect 281 0.9096085409252667 0.6498632019735888 363.177 0.666 1.6172731352718075 15820
stats: page 845 25.262186982248533 21.986310333501038 4252.494 0.568 203.91802711776867 30976
stats: 302 285 15771
stats: 200 559 27289
stats: size_rcv 546144 34147188
stats: newphase 0 10
stats: 502 0 140
stats: size_sent 868972 34107857
stats: connected -412 1067
stats: 500 1 23
# stats: dump at 1575255578
stats: users 914 3311
stats: {freemem,"tsung_controller@ip-172-31-31-18"} 1 3324.70703125 0.0 3520.5859375 3324.6796875 3430.2589738175675 37
stats: {recvpackets,"tsung_controller@ip-172-31-31-18"} 1 4212.0 0.0 10155 641 5289.777777777777 36
stats: {sentpackets,"tsung_controller@ip-172-31-31-18"} 1 4921.0 0.0 10087 769 5655.277777777777 36
stats: {cpu,"tsung_controller@ip-172-31-31-18"} 1 3.3468559837728193 0.0 10.552763819095476 1.6096579476861168 5.2809164881438475 37
stats: {load,"tsung_controller@ip-172-31-31-18"} 1 0.0 0.0 0.0 0.0 0.0 37
stats: session 278 80212.90708273384 81.0727876989021 82656.066 35031.867 55493.222554347834 10120
stats: users_count 0 11312
stats: finish_users_count 278 10398
stats: request 544 12.672272058823523 5.018958820601713 1654.065 0.508 146.61908953566376 43223
stats: connect 264 0.903375 0.5200862030638999 363.177 0.666 1.6049227377181539 16101
stats: page 544 12.672272058823523 5.018958820601713 4252.494 0.568 199.17385864680566 31821
stats: 302 281 16052
stats: 200 263 27552
stats: size_rcv 238288 34385476
stats: newphase 0 10
stats: 502 0 140
stats: size_sent 565497 34673354
stats: connected -268 799
stats: 500 0 23
# stats: dump at 1575255588
stats: users 648 3311
stats: {freemem,"tsung_controller@ip-172-31-31-18"} 1 3324.94140625 0.0 3520.5859375 3324.6796875 3427.4812911184213 38
stats: {recvpackets,"tsung_controller@ip-172-31-31-18"} 1 3192.0 0.0 10155 641 5260.648648648648 37
stats: {sentpackets,"tsung_controller@ip-172-31-31-18"} 1 3671.0 0.0 10087 769 5635.4324324324325 37
stats: {cpu,"tsung_controller@ip-172-31-31-18"} 1 2.034587995930824 0.0 10.552763819095476 1.6096579476861168 5.230020159081452 38
stats: {load,"tsung_controller@ip-172-31-31-18"} 1 0.0 0.0 0.0 0.0 0.0 38
stats: session 266 80392.96916165415 151.69988969903557 82656.066 35031.867 56154.12583371803 10398
stats: users_count 0 11312
stats: finish_users_count 266 10664
stats: request 497 12.61287525150906 5.871058889796282 1654.065 0.508 144.9542034637968 43767
stats: connect 232 0.9751379310344831 1.5806420176218214 363.177 0.666 1.5936053773296668 16365
stats: page 497 12.61287525150906 5.871058889796282 4252.494 0.568 196.03908765641904 32365
stats: 302 264 16316
stats: 200 233 27785
stats: size_rcv 213093 34598569
stats: newphase 0 10
stats: 502 0 140
stats: size_sent 514260 35187614
stats: connected -286 513
stats: 500 0 23
# stats: dump at 1575255598
stats: users 415 3311
stats: {freemem,"tsung_controller@ip-172-31-31-18"} 1 3366.58984375 0.0 3520.5859375 3324.6796875 3424.852063301282 39
stats: {recvpackets,"tsung_controller@ip-172-31-31-18"} 1 3077.0 0.0 10155 641 5206.210526315789 38
stats: {sentpackets,"tsung_controller@ip-172-31-31-18"} 1 3595.0 0.0 10087 769 5583.736842105263 38
stats: {cpu,"tsung_controller@ip-172-31-31-18"} 1 4.238143289606458 0.0 10.552763819095476 1.6096579476861168 5.148086001051949 39
stats: {load,"tsung_controller@ip-172-31-31-18"} 1 0.0 0.0 0.0 0.0 0.0 39
stats: session 233 81542.35288841196 598.225400952484 82683.011 35031.867 56758.73314103528 10664
stats: users_count 0 11312
stats: finish_users_count 233 10897
stats: request 520 13.045436538461539 5.132485860429728 1654.065 0.508 143.4682636454002 44264
stats: connect 289 0.9086851211072668 0.4854501223261848 363.177 0.666 1.5849601735253356 16597
stats: page 520 13.045436538461539 5.132485860429728 4252.494 0.568 193.26497690341438 32862
stats: 302 232 16548
stats: 200 271 28056
stats: size_rcv 270086 34868655
stats: newphase 0 10
stats: 502 0 140
stats: size_sent 525227 35712841
stats: connected -214 299
stats: 500 17 40
# stats: dump at 1575255608
stats: users 129 3311
stats: {freemem,"tsung_controller@ip-172-31-31-18"} 1 3373.12890625 0.0 3520.5859375 3324.6796875 3423.3955078125 40
stats: {recvpackets,"tsung_controller@ip-172-31-31-18"} 1 3081.0 0.0 10155 641 5151.615384615385 39
stats: {sentpackets,"tsung_controller@ip-172-31-31-18"} 1 3519.0 0.0 10087 769 5532.74358974359 39
stats: {cpu,"tsung_controller@ip-172-31-31-18"} 1 2.6236125126135215 0.0 10.552763819095476 1.6096579476861168 5.125337433265812 40
stats: {load,"tsung_controller@ip-172-31-31-18"} 1 0.0 0.0 0.0 0.0 0.0 40
stats: session 286 83217.94067132864 888.3373258292012 84435.326 35031.867 57288.65728539966 10897
stats: users_count 0 11312
stats: finish_users_count 286 11183
stats: request 422 157.76916350710928 280.727814476746 1654.065 0.508 141.95388641032503 44784
stats: connect 132 1.1647499999999997 0.5451504987504634 363.177 0.666 1.5733858817955702 16886
stats: page 422 157.76916350710928 280.727814476746 4252.494 0.568 190.45765076987607 33382
stats: 302 289 16837
stats: 200 129 28185
stats: size_rcv 153350 35022005
stats: newphase 0 10
stats: 502 0 140
stats: size_sent 419066 36131907
stats: connected -167 132
stats: 500 4 44
# stats: dump at 1575255615
stats: users 0 3311
stats: {freemem,"tsung_controller@ip-172-31-31-18"} 1 3373.59375 0.0 3520.5859375 3324.6796875 3422.169493140244 41
stats: {recvpackets,"tsung_controller@ip-172-31-31-18"} 1 1759.0 0.0 10155 641 5099.85 40
stats: {sentpackets,"tsung_controller@ip-172-31-31-18"} 1 2222.0 0.0 10087 769 5482.4 40
stats: {cpu,"tsung_controller@ip-172-31-31-18"} 1 2.6919242273180455 0.0 10.552763819095476 1.6096579476861168 5.064319752274293 41
stats: {load,"tsung_controller@ip-172-31-31-18"} 1 0.0 0.0 0.0 0.0 0.0 41
stats: session 129 84154.39538759693 787.2815355546586 85443.887 35031.867 57951.78659313244 11183
stats: users_count 0 11312
stats: finish_users_count 129 11312
stats: request 132 25.54703787878788 54.727152408272254 1654.065 0.508 142.10152271822315 45206
stats: connect 0 0 0 363.177 0.666 1.5702163003878244 17018
stats: page 132 25.54703787878788 54.727152408272254 4252.494 0.568 190.0495765294049 33804
stats: 302 132 16969
stats: 200 0 28185
stats: size_rcv 17424 35039429
stats: newphase 0 10
stats: 502 0 140
stats: size_sent 133828 36265735
stats: connected -132 0
stats: 500 0 44
EndMonitor:{1575,255615,300249}
