# stats: dump at 1575165028
stats: users 95 95
stats: {freemem,"tsung_controller@ip-172-31-29-214"} 1 3516.5234375 0 3516.5234375 3516.5234375 0 0
stats: {load,"tsung_controller@ip-172-31-29-214"} 1 0.03125 0 0.03125 0.03125 0 0
stats: {cpu,"tsung_controller@ip-172-31-29-214"} 1 2.1124215250477487 0 2.1124215250477487 2.1124215250477487 0 0
stats: users_count 95 95
stats: finish_users_count 0 0
stats: request 175 21.385525714285716 28.37716878293275 258.018 9.932 0 0
stats: connect 93 4.838827956989247 24.025361362403206 212.909 0.808 0 0
stats: page 93 40.31922580645161 49.038501941749274 287.815 10.116 0 0
stats: 302 93 93
stats: 200 82 82
stats: size_rcv 97064 97064
stats: size_sent 97086 97086
stats: connected 93 93
# stats: dump at 1575165038
stats: users 199 199
stats: {freemem,"tsung_controller@ip-172-31-29-214"} 1 3515.55859375 0.0 3516.5234375 3515.55859375 3516.5234375 1
stats: {load,"tsung_controller@ip-172-31-29-214"} 1 0.01953125 0.0 0.03125 0.01953125 0.03125 1
stats: {recvpackets,"tsung_controller@ip-172-31-29-214"} 1 772 0 772 772 0 0
stats: {sentpackets,"tsung_controller@ip-172-31-29-214"} 1 812 0 812 812 0 0
stats: {cpu,"tsung_controller@ip-172-31-29-214"} 1 1.2108980827447022 0.0 2.1124215250477487 1.2108980827447022 2.1124215250477487 1
stats: users_count 104 199
stats: finish_users_count 0 0
stats: request 204 19.278220588235293 35.86884804675698 450.129 6.83 21.385525714285716 175
stats: connect 104 5.680807692307695 25.589298243179755 245.627 0.808 4.838827956989247 93
stats: page 104 37.87754807692306 51.2379645192372 450.129 6.83 40.31922580645161 93
stats: 302 104 197
stats: 200 100 182
stats: size_rcv 117128 214192
stats: size_sent 116462 213548
stats: connected 104 197
# stats: dump at 1575165048
stats: users 302 302
stats: {freemem,"tsung_controller@ip-172-31-29-214"} 1 3512.95703125 0.0 3516.5234375 3512.95703125 3516.041015625 2
stats: {load,"tsung_controller@ip-172-31-29-214"} 1 0.01953125 0.0 0.03125 0.01953125 0.025390625 2
stats: {recvpackets,"tsung_controller@ip-172-31-29-214"} 1 674.0 0.0 772 674 772.0 1
stats: {sentpackets,"tsung_controller@ip-172-31-29-214"} 1 720.0 0.0 812 720 812.0 1
stats: {cpu,"tsung_controller@ip-172-31-29-214"} 1 1.5045135406218655 0.0 2.1124215250477487 1.2108980827447022 1.6616598038962254 2
stats: users_count 103 302
stats: finish_users_count 0 0
stats: request 207 15.191270531400962 4.443629218569746 450.129 6.83 20.251250659630607 379
stats: connect 105 1.1184666666666665 0.25771036036851497 245.627 0.795 5.283324873096448 197
stats: page 105 30.005228571428557 18.921155056485443 450.129 6.83 39.03021827411167 197
stats: 302 105 302
stats: 200 102 284
stats: size_rcv 119328 333520
stats: size_sent 118678 332226
stats: connected 105 302
# stats: dump at 1575165058
stats: users 415 415
stats: {freemem,"tsung_controller@ip-172-31-29-214"} 1 3511.2734375 0.0 3516.5234375 3511.2734375 3515.0130208333335 3
stats: {load,"tsung_controller@ip-172-31-29-214"} 1 0.01953125 0.0 0.03125 0.01953125 0.0234375 3
stats: {recvpackets,"tsung_controller@ip-172-31-29-214"} 1 684.0 0.0 772 674 723.0 2
stats: {sentpackets,"tsung_controller@ip-172-31-29-214"} 1 716.0 0.0 812 716 766.0 2
stats: {cpu,"tsung_controller@ip-172-31-29-214"} 1 1.407035175879397 0.0 2.1124215250477487 1.2108980827447022 1.6092777161381056 3
stats: session 21 35060.443999999996 10.659310631688822 35083.017 35045.8 0 0
stats: users_count 134 436
stats: finish_users_count 21 21
stats: request 320 17.090918749999997 8.069567146439665 450.129 5.512 18.463851535836177 586
stats: connect 127 0.9295669291338582 0.13473278252097887 245.627 0.745 3.8352781456953653 302
stats: page 198 27.52231313131315 17.81476403433171 450.129 5.512 35.89239072847681 302
stats: 302 127 429
stats: 200 193 477
stats: size_rcv 223740 557260
stats: newphase 1 1
stats: size_sent 212160 544386
stats: connected 107 409
# stats: dump at 1575165068
stats: users 480 480
stats: {freemem,"tsung_controller@ip-172-31-29-214"} 1 3500.69921875 0.0 3516.5234375 3500.69921875 3514.078125 4
stats: {load,"tsung_controller@ip-172-31-29-214"} 1 0.01171875 0.0 0.03125 0.01171875 0.0224609375 4
stats: {recvpackets,"tsung_controller@ip-172-31-29-214"} 1 1413.0 0.0 1413 674 710.0 3
stats: {sentpackets,"tsung_controller@ip-172-31-29-214"} 1 1653.0 0.0 1653 716 749.3333333333334 3
stats: {cpu,"tsung_controller@ip-172-31-29-214"} 1 2.620967741935484 0.0 2.620967741935484 1.2108980827447022 1.5587170810734283 4
stats: session 59 35075.09469491524 67.64448411357813 35501.735 35045.8 35060.443999999996 21
stats: users_count 124 560
stats: finish_users_count 59 80
stats: request 350 17.658731428571436 7.6267332948469155 450.129 5.512 17.978930463576155 906
stats: connect 123 1.1025365853658529 0.7560362865284245 245.627 0.737 2.975079254079255 429
stats: page 236 26.328487288135598 17.529105103836983 450.129 5.512 32.57784 500
stats: 302 123 552
stats: 200 227 704
stats: size_rcv 252940 810200
stats: newphase 0 1
stats: size_sent 247770 792156
stats: connected 65 474
# stats: dump at 1575165078
stats: users 573 573
stats: {freemem,"tsung_controller@ip-172-31-29-214"} 1 3494.5078125 0.0 3516.5234375 3494.5078125 3511.40234375 5
stats: {load,"tsung_controller@ip-172-31-29-214"} 1 0.23046875 0.0 0.23046875 0.01171875 0.0203125 5
stats: {recvpackets,"tsung_controller@ip-172-31-29-214"} 1 1284.0 0.0 1413 674 885.75 4
stats: {sentpackets,"tsung_controller@ip-172-31-29-214"} 1 1565.0 0.0 1653 716 975.25 4
stats: {cpu,"tsung_controller@ip-172-31-29-214"} 1 5.120481927710843 0.0 5.120481927710843 1.2108980827447022 1.7711672132458396 5
stats: session 59 35056.7593559322 7.586417170409284 35501.735 35044.913 35071.24888749999 80
stats: users_count 152 712
stats: finish_users_count 59 139
stats: request 395 17.849010126582286 6.627979761693335 450.129 5.512 17.889703025477704 1256
stats: connect 151 0.9768211920529803 0.6788683423948003 245.627 0.737 2.557827898550725 552
stats: page 263 26.834239543726245 17.184673746880534 450.129 5.512 30.573971467391303 736
stats: 302 151 703
stats: 200 244 948
stats: size_rcv 273817 1084017
stats: newphase 0 1
stats: size_sent 271462 1063618
stats: connected 93 567
# stats: dump at 1575165088
stats: users 704 708
stats: {freemem,"tsung_controller@ip-172-31-29-214"} 1 3493.11328125 0.0 3516.5234375 3493.11328125 3508.5865885416665 6
stats: {load,"tsung_controller@ip-172-31-29-214"} 1 0.19921875 0.0 0.23046875 0.01171875 0.055338541666666664 6
stats: {recvpackets,"tsung_controller@ip-172-31-29-214"} 1 1482.0 0.0 1482 674 965.4 5
stats: {sentpackets,"tsung_controller@ip-172-31-29-214"} 1 1706.0 0.0 1706 716 1093.2 5
stats: {cpu,"tsung_controller@ip-172-31-29-214"} 1 2.507522567703109 0.0 5.120481927710843 1.2108980827447022 2.3293863323233404 6
stats: session 52 35057.27578846155 8.768855098798298 35501.735 35044.913 35065.09865467626 139
stats: users_count 183 895
stats: finish_users_count 52 191
stats: request 493 17.028127789046653 6.022355823530489 450.129 5.512 17.87996729254997 1651
stats: connect 187 0.9704278074866315 0.5348693567082154 245.627 0.737 2.2182375533428167 703
stats: page 299 27.992896321070216 17.702727424708648 450.129 5.512 29.58943743743744 999
stats: 302 186 889
stats: 200 307 1255
stats: size_rcv 347581 1431598
stats: newphase 1 2
stats: size_sent 335871 1399489
stats: connected 119 686
# stats: dump at 1575165098
stats: users 823 823
stats: {freemem,"tsung_controller@ip-172-31-29-214"} 1 3485.3828125 0.0 3516.5234375 3485.3828125 3506.3761160714284 7
stats: {load,"tsung_controller@ip-172-31-29-214"} 1 0.16015625 0.0 0.23046875 0.01171875 0.07589285714285714 7
stats: {recvpackets,"tsung_controller@ip-172-31-29-214"} 1 1841.0 0.0 1841 674 1051.5 6
stats: {sentpackets,"tsung_controller@ip-172-31-29-214"} 1 2072.0 0.0 2072 716 1195.3333333333333 6
stats: {cpu,"tsung_controller@ip-172-31-29-214"} 1 3.3000000000000003 0.0 5.120481927710843 1.2108980827447022 2.3548343659490216 7
stats: session 66 35059.7434848485 11.537518184420295 35501.735 35044.137 35062.96886910994 191
stats: users_count 185 1080
stats: finish_users_count 66 257
stats: request 543 17.98571086556169 7.255924897175732 450.129 5.512 17.684091884328357 2144
stats: connect 226 0.8925398230088489 0.11976041979152069 245.627 0.737 1.9560573033707866 890
stats: page 364 26.906640109890105 17.406915631331806 450.129 5.512 29.221667180277347 1298
stats: 302 185 1074
stats: 200 358 1613
stats: size_rcv 432232 1863830
stats: newphase 0 2
stats: size_sent 390744 1790233
stats: connected 104 790
# stats: dump at 1575165108
stats: users 891 892
stats: {freemem,"tsung_controller@ip-172-31-29-214"} 1 3481.85546875 0.0 3516.5234375 3481.85546875 3503.751953125 8
stats: {load,"tsung_controller@ip-172-31-29-214"} 1 0.140625 0.0 0.23046875 0.01171875 0.08642578125 8
stats: {recvpackets,"tsung_controller@ip-172-31-29-214"} 1 2.2e3 0.0 2200 674 1164.2857142857142 7
stats: {sentpackets,"tsung_controller@ip-172-31-29-214"} 1 2444.0 0.0 2444 716 1320.5714285714287 7
stats: {cpu,"tsung_controller@ip-172-31-29-214"} 1 3.420523138832998 0.0 5.120481927710843 1.2108980827447022 2.472980070205394 8
stats: session 118 51090.520788135604 21566.391186514 80315.294 35044.137 35062.14056031128 257
stats: users_count 186 1266
stats: finish_users_count 118 375
stats: request 604 17.80924668874169 7.249012542509678 450.129 5.512 17.745044287309266 2687
stats: connect 235 1.0218255319148937 0.3125391131050028 245.627 0.737 1.7406854838709678 1116
stats: page 439 24.562366742596808 16.676200804468824 450.129 5.512 28.714645607701563 1662
stats: 302 227 1301
stats: 200 377 1990
stats: size_rcv 467764 2331594
stats: newphase 0 2
stats: size_sent 451427 2241660
stats: connected 70 860
# stats: dump at 1575165118
stats: users 998 998
stats: {freemem,"tsung_controller@ip-172-31-29-214"} 1 3472.7890625 0.0 3516.5234375 3472.7890625 3501.3190104166665 9
stats: {load,"tsung_controller@ip-172-31-29-214"} 1 0.12109375 0.0 0.23046875 0.01171875 0.09244791666666667 9
stats: {recvpackets,"tsung_controller@ip-172-31-29-214"} 1 2513.0 0.0 2513 674 1293.75 8
stats: {sentpackets,"tsung_controller@ip-172-31-29-214"} 1 2858.0 0.0 2858 716 1461.0 8
stats: {cpu,"tsung_controller@ip-172-31-29-214"} 1 3.8383838383838382 0.0 5.120481927710843 1.2108980827447022 2.578262633386239 9
stats: session 137 51495.82529927008 21671.778494083603 80315.294 35044.137 40105.73753866667 375
stats: users_count 244 1510
stats: finish_users_count 137 512
stats: request 758 21.188208443271748 14.504236957219387 450.129 5.512 17.756827408082643 3291
stats: connect 294 1.0362176870748285 0.28244338465877983 245.627 0.676 1.6156432272390822 1351
stats: page 520 30.92702115384614 26.43632267357689 450.129 5.512 27.847034745359352 2101
stats: 302 293 1594
stats: 200 465 2455
stats: size_rcv 567623 2899217
stats: newphase 1 3
stats: size_sent 561292 2802952
stats: connected 110 970
# stats: dump at 1575165128
stats: users 1095 1096
stats: {freemem,"tsung_controller@ip-172-31-29-214"} 1 3470.72265625 0.0 3516.5234375 3470.72265625 3498.466015625 10
stats: {load,"tsung_controller@ip-172-31-29-214"} 1 0.1015625 0.0 0.23046875 0.01171875 0.0953125 10
stats: {recvpackets,"tsung_controller@ip-172-31-29-214"} 1 3038.0 0.0 3038 674 1429.2222222222222 9
stats: {sentpackets,"tsung_controller@ip-172-31-29-214"} 1 3406.0 0.0 3406 716 1616.2222222222222 9
stats: {cpu,"tsung_controller@ip-172-31-29-214"} 1 4.154002026342452 0.0 5.120481927710843 1.2108980827447022 2.704274753885999 10
stats: session 144 50730.176291666685 21419.262671965447 80315.294 35044.137 43153.47586523438 512
stats: users_count 241 1751
stats: finish_users_count 144 656
stats: request 797 50.16514303638652 86.71575177523633 621.977 5.512 18.399204988886137 4049
stats: connect 303 34.056369636963716 93.72966253560442 478.142 0.676 1.5120863221884495 1645
stats: page 543 73.66021731123392 114.91621498364104 697.193 5.512 28.458096528042727 2621
stats: 302 293 1887
stats: 200 504 2959
stats: size_rcv 617597 3516814
stats: newphase 0 3
stats: size_sent 598141 3401093
stats: connected 93 1063
# stats: dump at 1575165138
stats: users 1191 1192
stats: {freemem,"tsung_controller@ip-172-31-29-214"} 1 3468.8984375 0.0 3516.5234375 3468.8984375 3495.9438920454545 11
stats: {load,"tsung_controller@ip-172-31-29-214"} 1 0.078125 0.0 0.23046875 0.01171875 0.09588068181818182 11
stats: {recvpackets,"tsung_controller@ip-172-31-29-214"} 1 3344.0 0.0 3344 674 1590.1 10
stats: {sentpackets,"tsung_controller@ip-172-31-29-214"} 1 3595.0 0.0 3595 716 1795.2 10
stats: {cpu,"tsung_controller@ip-172-31-29-214"} 1 4.183673469387755 0.0 5.120481927710843 1.2108980827447022 2.836068142291131 11
stats: session 166 52453.4588313253 21937.855036604997 80679.262 35044.137 44816.65400762196 656
stats: users_count 262 2013
stats: finish_users_count 166 822
stats: request 822 21.566400243309 10.549275426007762 621.977 5.512 23.623607098638058 4846
stats: connect 317 1.0448548895899046 0.2643440266620903 478.142 0.676 6.574159137577005 1948
stats: page 584 30.37807876712328 22.386165663346848 697.193 5.512 36.21560335018964 3164
stats: 302 320 2207
stats: 200 502 3461
stats: size_rcv 615227 4132041
stats: newphase 0 3
stats: size_sent 610615 4011708
stats: connected 94 1157
# stats: dump at 1575165148
stats: users 1306 1313
stats: {freemem,"tsung_controller@ip-172-31-29-214"} 1 3466.984375 0.0 3516.5234375 3466.984375 3493.6901041666665 12
stats: {load,"tsung_controller@ip-172-31-29-214"} 1 0.0703125 0.0 0.23046875 0.01171875 0.09440104166666667 12
stats: {recvpackets,"tsung_controller@ip-172-31-29-214"} 1 3478.0 0.0 3478 674 1749.5454545454545 11
stats: {sentpackets,"tsung_controller@ip-172-31-29-214"} 1 3899.0 0.0 3899 716 1958.8181818181818 11
stats: {cpu,"tsung_controller@ip-172-31-29-214"} 1 4.568527918781726 0.0 5.120481927710843 1.2108980827447022 2.9483685862158495 12
stats: session 179 49415.652256983245 20966.185080949344 80679.262 35044.137 46358.879799270086 822
stats: users_count 294 2307
stats: finish_users_count 179 1001
stats: request 967 27.288440537745625 17.619379892246826 621.977 5.512 23.32526129146084 5668
stats: connect 367 1.0513133514986366 1.2646182318719923 478.142 0.655 5.800300662251657 2265
stats: page 664 39.74928614457838 34.08650543363394 697.193 5.512 35.30602107790822 3748
stats: 302 358 2565
stats: 200 609 4070
stats: size_rcv 741764 4873805
stats: newphase 1 4
stats: size_sent 722575 4734283
stats: connected 102 1259
# stats: dump at 1575165158
stats: users 1420 1423
stats: {freemem,"tsung_controller@ip-172-31-29-214"} 1 3451.0234375 0.0 3516.5234375 3451.0234375 3491.6358173076924 13
stats: {load,"tsung_controller@ip-172-31-29-214"} 1 0.12890625 0.0 0.23046875 0.01171875 0.09254807692307693 13
stats: {recvpackets,"tsung_controller@ip-172-31-29-214"} 1 4179.0 0.0 4179 674 1893.5833333333333 12
stats: {sentpackets,"tsung_controller@ip-172-31-29-214"} 1 4508.0 0.0 4508 716 2120.5 12
stats: {cpu,"tsung_controller@ip-172-31-29-214"} 1 5.177664974619289 0.0 5.177664974619289 1.2108980827447022 3.0729962271824554 13
stats: session 172 52377.61031395346 21872.010027155757 80679.262 35044.137 46905.495453546464 1001
stats: users_count 286 2593
stats: finish_users_count 172 1173
stats: request 939 24.99337912673056 15.044924321980925 621.977 5.512 23.902864054257734 6635
stats: connect 378 0.8665582010582012 0.10549629773057939 478.142 0.595 5.138112841945291 2632
stats: page 672 34.96238988095239 25.66361570435099 697.193 5.512 35.974726427923855 4412
stats: 302 347 2912
stats: 200 592 4662
stats: size_rcv 748127 5621932
stats: newphase 0 4
stats: size_sent 710307 5444590
stats: connected 108 1367
# stats: dump at 1575165168
stats: users 1482 1490
stats: {freemem,"tsung_controller@ip-172-31-29-214"} 1 3447.25390625 0.0 3516.5234375 3447.25390625 3488.734933035714 14
stats: {load,"tsung_controller@ip-172-31-29-214"} 1 0.109375 0.0 0.23046875 0.01171875 0.09514508928571429 14
stats: {recvpackets,"tsung_controller@ip-172-31-29-214"} 1 3964.0 0.0 4179 674 2069.3846153846152 13
stats: {sentpackets,"tsung_controller@ip-172-31-29-214"} 1 4369.0 0.0 4508 716 2304.153846153846 13
stats: {cpu,"tsung_controller@ip-172-31-29-214"} 1 5.650857719475278 0.0 5.650857719475278 1.2108980827447022 3.2233297091422295 14
stats: session 231 54021.95706926414 22184.260810701635 80679.262 35044.137 47707.88569735721 1173
stats: users_count 293 2886
stats: finish_users_count 231 1404
stats: request 1028 30.256714007782104 20.514739017808452 621.977 5.512 24.03806258251915 7574
stats: connect 383 1.0029033942558747 0.2720518660501654 478.142 0.595 4.601685049833889 3010
stats: page 750 41.492490666666654 31.72507848180328 697.193 5.512 35.84091640440599 5084
stats: 302 391 3303
stats: 200 637 5299
stats: size_rcv 795134 6417066
stats: newphase 0 4
stats: size_sent 794342 6238932
stats: connected 70 1437
# stats: dump at 1575165178
stats: users 1559 1561
stats: {freemem,"tsung_controller@ip-172-31-29-214"} 1 3445.86328125 0.0 3516.5234375 3445.86328125 3485.96953125 15
stats: {load,"tsung_controller@ip-172-31-29-214"} 1 0.08984375 0.0 0.23046875 0.01171875 0.09609375 15
stats: {recvpackets,"tsung_controller@ip-172-31-29-214"} 1 4513.0 0.0 4513 674 2204.714285714286 14
stats: {sentpackets,"tsung_controller@ip-172-31-29-214"} 1 4907.0 0.0 4907 716 2451.6428571428573 14
stats: {cpu,"tsung_controller@ip-172-31-29-214"} 1 6.451612903225806 0.0 6.451612903225806 1.2108980827447022 3.385164909831099 15
stats: session 241 51720.771331950236 21715.669575428543 80679.262 35044.137 48746.73932051284 1404
stats: users_count 318 3204
stats: finish_users_count 241 1645
stats: request 1099 29.463001819836222 17.710487743710097 621.977 5.512 24.78123552662172 8602
stats: connect 403 0.9857295285359794 0.4082143513178612 478.142 0.595 4.195456528146185 3393
stats: page 792 40.8576805555556 30.484482611504806 697.193 5.512 36.567464346931786 5834
stats: 302 408 3711
stats: 200 691 5990
stats: size_rcv 846017 7263083
stats: newphase 1 5
stats: size_sent 842418 7081350
stats: connected 65 1502
# stats: dump at 1575165188
stats: users 1698 1701
stats: {freemem,"tsung_controller@ip-172-31-29-214"} 1 3444.86328125 0.0 3516.5234375 3444.86328125 3483.462890625 16
stats: {load,"tsung_controller@ip-172-31-29-214"} 1 0.078125 0.0 0.23046875 0.01171875 0.095703125 16
stats: {recvpackets,"tsung_controller@ip-172-31-29-214"} 1 4616.0 0.0 4616 674 2358.6 15
stats: {sentpackets,"tsung_controller@ip-172-31-29-214"} 1 5047.0 0.0 5047 716 2615.3333333333335 15
stats: {cpu,"tsung_controller@ip-172-31-29-214"} 1 6.619859578736209 0.0 6.619859578736209 1.2108980827447022 3.5768179094182684 16
stats: session 214 52788.92610280375 21958.407874156066 80679.262 35044.137 49182.44856960488 1645
stats: users_count 353 3557
stats: finish_users_count 214 1859
stats: request 1162 40.77876419965563 44.516336090689634 621.977 5.512 25.311620142253382 9701
stats: connect 475 0.9425284210526322 0.2807147807644124 478.142 0.595 3.8546978398314025 3796
stats: page 837 56.67968458781356 59.24094645482531 697.193 5.512 37.08027014790221 6626
stats: 302 437 4148
stats: 200 725 6715
stats: size_rcv 919584 8182667
stats: newphase 0 5
stats: size_sent 872751 7954101
stats: connected 136 1638
# stats: dump at 1575165198
stats: users 1782 1785
stats: {freemem,"tsung_controller@ip-172-31-29-214"} 1 3443.140625 0.0 3516.5234375 3443.140625 3481.192325367647 17
stats: {load,"tsung_controller@ip-172-31-29-214"} 1 0.0703125 0.0 0.23046875 0.01171875 0.09466911764705882 17
stats: {recvpackets,"tsung_controller@ip-172-31-29-214"} 1 5303.0 0.0 5303 674 2499.6875 16
stats: {sentpackets,"tsung_controller@ip-172-31-29-214"} 1 5582.0 0.0 5582 716 2767.3125 16
stats: {cpu,"tsung_controller@ip-172-31-29-214"} 1 8.291708291708291 0.0 8.291708291708291 1.2108980827447022 3.755820360554618 17
stats: session 280 54094.03692857144 22226.478555204405 80679.262 35044.137 49597.61058795053 1859
stats: users_count 364 3921
stats: finish_users_count 280 2139
stats: request 1270 36.57040551181102 21.54893499409322 621.977 5.512 26.966119027892837 10863
stats: connect 489 0.8737648261758695 0.2355684677020271 478.142 0.595 3.530820416764225 4271
stats: page 921 50.339595005428926 38.72171326515469 697.193 5.512 39.278408950824065 7463
stats: 302 483 4631
stats: 200 787 7502
stats: size_rcv 992903 9175570
stats: newphase 0 5
stats: size_sent 980243 8934344
stats: connected 87 1725
# stats: dump at 1575165208
stats: users 1898 1901
stats: {freemem,"tsung_controller@ip-172-31-29-214"} 1 3442.078125 0.0 3516.5234375 3442.078125 3479.0783420138887 18
stats: {load,"tsung_controller@ip-172-31-29-214"} 1 0.05859375 0.0 0.23046875 0.01171875 0.09331597222222222 18
stats: {recvpackets,"tsung_controller@ip-172-31-29-214"} 1 5634.0 0.0 5634 674 2664.5882352941176 17
stats: {sentpackets,"tsung_controller@ip-172-31-29-214"} 1 5948.0 0.0 5948 716 2932.8823529411766 17
stats: {cpu,"tsung_controller@ip-172-31-29-214"} 1 8.829365079365079 0.0 8.829365079365079 1.2108980827447022 4.0078141345076 18
stats: session 277 55466.1257148014 22416.285446373895 80767.45 35044.137 50186.2030963067 2139
stats: users_count 393 4314
stats: finish_users_count 277 2416
stats: request 1361 44.358649522409976 28.871715565789387 621.977 5.512 27.971430478859297 12133
stats: connect 508 0.8834507874015752 0.49144153970558807 478.142 0.589 3.257858193277312 4760
stats: page 945 63.315410582010614 52.54273752842183 697.193 5.512 40.49350345896947 8384
stats: 302 517 5148
stats: 200 844 8346
stats: size_rcv 1051561 10227131
stats: newphase 1 6
stats: size_sent 1052571 9986915
stats: connected 62 1787
# stats: dump at 1575165218
stats: users 1972 1974
stats: {freemem,"tsung_controller@ip-172-31-29-214"} 1 3428.7109375 0.0 3516.5234375 3428.7109375 3477.1309621710525 19
stats: {load,"tsung_controller@ip-172-31-29-214"} 1 0.05078125 0.0 0.23046875 0.01171875 0.09148848684210527 19
stats: {recvpackets,"tsung_controller@ip-172-31-29-214"} 1 6348.0 0.0 6348 674 2829.5555555555557 18
stats: {sentpackets,"tsung_controller@ip-172-31-29-214"} 1 6503.0 0.0 6503 716 3100.3888888888887 18
stats: {cpu,"tsung_controller@ip-172-31-29-214"} 1 9.424603174603174 0.0 9.424603174603174 1.2108980827447022 4.261579973710625 19
stats: session 305 52595.33602295083 21902.544358215062 80767.45 35044.137 50791.558462748355 2416
stats: users_count 379 4693
stats: finish_users_count 305 2721
stats: request 1431 70.25626834381552 47.96746247789335 621.977 5.512 29.624239513857997 13494
stats: connect 532 0.8809248120300756 0.33053063111634245 478.142 0.589 3.0288910402429776 5268
stats: page 1040 97.22988076923066 82.8546551794235 697.193 5.512 42.80529488691179 9329
stats: 302 498 5646
stats: 200 933 9279
stats: size_rcv 1173163 11400294
stats: newphase 0 6
stats: size_sent 1112408 11099323
stats: connected -1 1786
# stats: dump at 1575165228
stats: users 2041 2049
stats: {freemem,"tsung_controller@ip-172-31-29-214"} 1 3424.62890625 0.0 3516.5234375 3424.62890625 3474.7099609375 20
stats: {load,"tsung_controller@ip-172-31-29-214"} 1 0.0390625 0.0 0.23046875 0.01171875 0.089453125 20
stats: {recvpackets,"tsung_controller@ip-172-31-29-214"} 1 6962.0 0.0 6962 674 3014.7368421052633 19
stats: {sentpackets,"tsung_controller@ip-172-31-29-214"} 1 7017.0 0.0 7017 716 3279.4736842105262 19
stats: {cpu,"tsung_controller@ip-172-31-29-214"} 1 9.69030969030969 0.0 9.69030969030969 1.2108980827447022 4.519731133755252 20
stats: session 340 55352.84964117651 22347.75121560191 80767.45 35044.137 50993.74595112092 2721
stats: users_count 409 5102
stats: finish_users_count 340 3061
stats: request 1489 91.27247548690409 62.341873938636944 621.977 5.512 33.5200139363484 14925
stats: connect 547 1.0385648994515537 0.6028187088143944 478.142 0.589 2.8318706896551733 5800
stats: page 1076 126.37960966542764 111.14295131630848 697.193 5.512 48.264024688976754 10369
stats: 302 565 6211
stats: 200 924 10203
stats: size_rcv 1155707 12556001
stats: newphase 0 6
stats: size_sent 1158658 12257981
stats: connected 18 1804
# stats: dump at 1575165238
stats: users 2133 2138
stats: {freemem,"tsung_controller@ip-172-31-29-214"} 1 3414.46484375 0.0 3516.5234375 3414.46484375 3472.325148809524 21
stats: {load,"tsung_controller@ip-172-31-29-214"} 1 0.03125 0.0 0.23046875 0.01171875 0.08705357142857142 21
stats: {recvpackets,"tsung_controller@ip-172-31-29-214"} 1 6896.0 0.0 6962 674 3212.1 20
stats: {sentpackets,"tsung_controller@ip-172-31-29-214"} 1 6866.0 0.0 7017 716 3466.35 20
stats: {cpu,"tsung_controller@ip-172-31-29-214"} 1 7.810894141829394 0.0 9.69030969030969 1.2108980827447022 4.765949160257844 21
stats: session 321 54137.218834890955 22207.394819308312 80767.45 35044.137 51477.932574648825 3061
stats: users_count 413 5515
stats: finish_users_count 321 3382
stats: request 1448 66.28415883977901 44.623271754526954 621.977 5.512 38.759042524674065 16414
stats: connect 551 1.0013085299455524 0.7493930000417888 478.142 0.589 2.67731920592406 6347
stats: page 1046 90.58813479923519 75.76086380651533 697.193 5.512 55.60804997815641 11445
stats: 302 547 6758
stats: 200 901 11104
stats: size_rcv 1130901 13686902
stats: newphase 1 7
stats: size_sent 1122310 13380291
stats: connected 10 1814
# stats: dump at 1575165248
stats: users 2263 2265
stats: {freemem,"tsung_controller@ip-172-31-29-214"} 1 3398.91015625 0.0 3516.5234375 3398.91015625 3469.695134943182 22
stats: {load,"tsung_controller@ip-172-31-29-214"} 1 0.03125 0.0 0.23046875 0.01171875 0.08451704545454546 22
stats: {recvpackets,"tsung_controller@ip-172-31-29-214"} 1 7032.0 0.0 7032 674 3387.5238095238096 21
stats: {sentpackets,"tsung_controller@ip-172-31-29-214"} 1 7055.0 0.0 7055 716 3628.2380952380954 21
stats: {cpu,"tsung_controller@ip-172-31-29-214"} 1 9.475806451612904 0.0 9.69030969030969 1.2108980827447022 4.9043557503292785 22
stats: session 321 54545.808747663585 22196.315154142747 80767.45 35044.137 51730.336740686 3382
stats: users_count 451 5966
stats: finish_users_count 321 3703
stats: request 1553 154.84900000000016 103.54038546169802 621.977 5.512 40.990392229313635 17862
stats: connect 607 0.9639835255354183 0.5985212417526101 478.142 0.589 2.543442447086113 6898
stats: page 1124 215.1359217081854 197.26580456767982 1173.368 5.512 58.537292530622054 12491
stats: 302 590 7348
stats: 200 963 12067
stats: size_rcv 1220706 14907608
stats: newphase 0 7
stats: size_sent 1177102 14557393
stats: connected 92 1906
# stats: dump at 1575165258
stats: users 2398 2398
stats: {freemem,"tsung_controller@ip-172-31-29-214"} 1 3393.6640625 0.0 3516.5234375 3393.6640625 3466.617527173913 23
stats: {load,"tsung_controller@ip-172-31-29-214"} 1 0.01953125 0.0 0.23046875 0.01171875 0.08220108695652174 23
stats: {recvpackets,"tsung_controller@ip-172-31-29-214"} 1 7436.0 0.0 7436 674 3553.181818181818 22
stats: {sentpackets,"tsung_controller@ip-172-31-29-214"} 1 7345.0 0.0 7345 716 3784.0 22
stats: {cpu,"tsung_controller@ip-172-31-29-214"} 1 9.758551307847082 0.0 9.758551307847082 1.2108980827447022 5.103114476472045 23
stats: session 328 56163.165039634165 22394.92865087625 80884.773 35044.137 51974.400071563614 3703
stats: users_count 463 6429
stats: finish_users_count 328 4031
stats: request 1557 206.85151509312797 118.48785353663574 621.977 5.512 50.09790795776463 19415
stats: connect 628 1.0062707006369433 1.080975136250831 478.142 0.589 2.415696735509661 7505
stats: page 1106 283.01011573236946 220.5980234639797 1418.613 5.512 71.46544965112012 13615
stats: 302 595 7943
stats: 200 963 13030
stats: size_rcv 1221881 16129489
stats: newphase 0 7
stats: size_sent 1251676 15809069
stats: connected 27 1933
# stats: dump at 1575165268
stats: users 2503 2509
stats: {freemem,"tsung_controller@ip-172-31-29-214"} 1 3391.9765625 0.0 3516.5234375 3391.9765625 3463.5777994791665 24
stats: {load,"tsung_controller@ip-172-31-29-214"} 1 0.01953125 0.0 0.23046875 0.01171875 0.07958984375 24
stats: {recvpackets,"tsung_controller@ip-172-31-29-214"} 1 7869.0 0.0 7869 674 3722.0 23
stats: {sentpackets,"tsung_controller@ip-172-31-29-214"} 1 7770.0 0.0 7770 716 3938.8260869565215 23
stats: {cpu,"tsung_controller@ip-172-31-29-214"} 1 12.974051896207584 0.0 12.974051896207584 1.2108980827447022 5.297091011112671 24
stats: session 351 55531.82944444444 22177.333296005574 81379.145 35044.137 52315.23731034485 4031
stats: users_count 456 6885
stats: finish_users_count 351 4382
stats: request 1560 496.383785897436 117.9521900813253 850.991 5.512 61.73558516116731 20972
stats: connect 666 0.9054009009009003 0.5089262794325776 478.142 0.585 2.3068661010697165 8133
stats: page 1116 686.8383772401439 419.83632627092584 2119.851 5.512 87.35896236668712 14721
stats: 302 574 8517
stats: 200 986 14016
stats: size_rcv 1247773 17377262
stats: newphase 1 8
stats: size_sent 1230566 17039635
stats: connected -52 1881
# stats: dump at 1575165278
stats: users 2629 2631
stats: {freemem,"tsung_controller@ip-172-31-29-214"} 1 3374.8828125 0.0 3516.5234375 3374.8828125 3460.71375 25
stats: {load,"tsung_controller@ip-172-31-29-214"} 1 0.01953125 0.0 0.23046875 0.01171875 0.0771875 25
stats: {recvpackets,"tsung_controller@ip-172-31-29-214"} 1 8521.0 0.0 8521 674 3894.7916666666665 24
stats: {sentpackets,"tsung_controller@ip-172-31-29-214"} 1 8347.0 0.0 8347 716 4098.458333333333 24
stats: {cpu,"tsung_controller@ip-172-31-29-214"} 1 13.201970443349753 0.0 13.201970443349753 1.2108980827447022 5.604169446516468 25
stats: session 375 56245.40538399999 22239.53304339125 81892.17 35044.137 52572.88766157007 4382
stats: users_count 501 7386
stats: finish_users_count 375 4757
stats: request 1702 861.3732220916579 288.653032901519 1356.599 0.417 91.8283950825493 22532
stats: connect 824 0.9510825242718458 0.7219431458301294 478.142 0.585 2.200788612342312 8799
stats: page 1228 1153.8511995113993 741.050338020291 3696.646 0.494 129.60301281808435 15837
stats: 302 598 9115
stats: 200 1015 15031
stats: size_rcv 1326289 18703551
stats: newphase 0 8
stats: 502 89 89
stats: size_sent 1375341 18414976
stats: connected -55 1826
# stats: dump at 1575165288
stats: users 2696 2703
stats: {freemem,"tsung_controller@ip-172-31-29-214"} 1 3360.75390625 0.0 3516.5234375 3360.75390625 3457.412560096154 26
stats: {load,"tsung_controller@ip-172-31-29-214"} 1 0.08984375 0.0 0.23046875 0.01171875 0.07496995192307693 26
stats: {recvpackets,"tsung_controller@ip-172-31-29-214"} 1 9175.0 0.0 9175 674 4079.84 25
stats: {sentpackets,"tsung_controller@ip-172-31-29-214"} 1 9068.0 0.0 9068 716 4268.4 25
stats: {cpu,"tsung_controller@ip-172-31-29-214"} 1 12.612612612612612 0.0 13.201970443349753 1.2108980827447022 5.896392561779286 26
stats: session 413 57782.04125181603 22378.497077896835 102002.563 35040.772 52862.396626445254 4757
stats: users_count 480 7866
stats: finish_users_count 413 5170
stats: request 1801 1052.9250366463045 608.415583603897 21785.531 0.417 145.8749947181647 24234
stats: connect 807 1.169855018587361 1.8214983959613251 478.142 0.585 2.0937785513873015 9623
stats: page 1310 1432.253444274808 1102.1984221492241 21785.531 0.486 203.30806838558456 17065
stats: 302 618 9733
stats: 200 990 16021
stats: size_rcv 1326552 20030103
stats: newphase 0 8
stats: 502 187 276
stats: size_sent 1376070 19791046
stats: connected -20 1806
stats: 500 5 5
# stats: dump at 1575165298
stats: users 2837 2845
stats: {freemem,"tsung_controller@ip-172-31-29-214"} 1 3357.78515625 0.0 3516.5234375 3357.78515625 3453.832609953704 27
stats: {load,"tsung_controller@ip-172-31-29-214"} 1 0.0703125 0.0 0.23046875 0.01171875 0.07552083333333333 27
stats: {recvpackets,"tsung_controller@ip-172-31-29-214"} 1 9023.0 0.0 9175 674 4275.807692307692 26
stats: {sentpackets,"tsung_controller@ip-172-31-29-214"} 1 9073.0 0.0 9073 716 4452.999999999999 26
stats: {cpu,"tsung_controller@ip-172-31-29-214"} 1 13.925327951564077 0.0 13.925327951564077 1.2108980827447022 6.145141452550892 27
stats: session 402 58782.17298009948 22370.42662967594 102002.563 35035.757 53255.39725125727 5170
stats: users_count 543 8409
stats: finish_users_count 402 5572
stats: request 1912 987.9213807531394 393.23658959973 21785.531 0.417 208.62118736316486 26035
stats: connect 902 1.3152073170731713 2.0752807926465833 478.142 0.585 2.022291850431448 10430
stats: page 1386 1369.5602099567109 939.4343406372311 21785.531 0.486 290.92267749659857 18375
stats: 302 670 10403
stats: 200 983 17004
stats: size_rcv 1363055 21393158
stats: newphase 1 9
stats: 502 256 532
stats: size_sent 1418103 21209149
stats: connected -14 1792
stats: 500 3 8
# stats: dump at 1575165308
stats: users 2964 2965
stats: {freemem,"tsung_controller@ip-172-31-29-214"} 1 3356.328125 0.0 3516.5234375 3356.328125 3450.40234375 28
stats: {load,"tsung_controller@ip-172-31-29-214"} 1 0.140625 0.0 0.23046875 0.01171875 0.07533482142857142 28
stats: {recvpackets,"tsung_controller@ip-172-31-29-214"} 1 9538.0 0.0 9538 674 4451.62962962963 27
stats: {sentpackets,"tsung_controller@ip-172-31-29-214"} 1 9609.0 0.0 9609 716 4624.11111111111 27
stats: {cpu,"tsung_controller@ip-172-31-29-214"} 1 14.329268292682926 0.0 14.329268292682926 1.2108980827447022 6.423005256087076 28
stats: session 436 59228.489598623884 22320.376060552986 102002.563 35035.757 53654.134480796856 5572
stats: users_count 563 8972
stats: finish_users_count 436 6008
stats: request 1975 962.4372881012655 497.283294369413 21785.531 0.417 261.93717726410705 27947
stats: connect 890 19.006846067415747 68.99886988434488 478.142 0.585 1.9660096187786797 11332
stats: page 1417 1351.0045158786138 1036.8205912931503 21785.531 0.48 366.576319518243 19761
stats: 302 631 11034
stats: 200 921 17925
stats: size_rcv 1317048 22710206
stats: newphase 0 9
stats: 502 413 945
stats: size_sent 1426311 22635460
stats: connected -9 1783
stats: 500 10 18
# stats: dump at 1575165318
stats: users 3115 3115
stats: {freemem,"tsung_controller@ip-172-31-29-214"} 1 3355.19921875 0.0 3516.5234375 3355.19921875 3447.158405172414 29
stats: {load,"tsung_controller@ip-172-31-29-214"} 1 0.109375 0.0 0.23046875 0.01171875 0.07758620689655173 29
stats: {recvpackets,"tsung_controller@ip-172-31-29-214"} 1 9380.0 0.0 9538 674 4633.285714285715 28
stats: {sentpackets,"tsung_controller@ip-172-31-29-214"} 1 9446.0 0.0 9609 716 4802.142857142857 28
stats: {cpu,"tsung_controller@ip-172-31-29-214"} 1 11.926605504587156 0.0 14.329268292682926 1.2108980827447022 6.695635015969692 29
stats: session 426 58269.72656338027 21978.643881299562 102002.563 35007.667 54058.664912117194 6008
stats: users_count 577 9549
stats: finish_users_count 426 6434
stats: request 2044 935.8866144814081 475.6903032721551 21785.531 0.401 308.17364938840984 29922
stats: connect 957 1.039923719958203 1.0529221652787917 478.142 0.513 3.206914907543775 12222
stats: page 1450 1302.5757731034478 975.9722208834158 21785.531 0.48 432.44348139578784 21178
stats: 302 639 11673
stats: 200 968 18893
stats: size_rcv 1411024 24121230
stats: newphase 0 9
stats: 502 414 1359
stats: size_sent 1470922 24106382
stats: connected 25 1808
stats: 500 23 41
# stats: dump at 1575165328
stats: users 3198 3200
stats: {freemem,"tsung_controller@ip-172-31-29-214"} 1 3341.24609375 0.0 3516.5234375 3341.24609375 3444.0930989583335 30
stats: {load,"tsung_controller@ip-172-31-29-214"} 1 0.171875 0.0 0.23046875 0.01171875 0.07864583333333333 30
stats: {recvpackets,"tsung_controller@ip-172-31-29-214"} 1 9793.0 0.0 9793 674 4796.9655172413795 29
stats: {sentpackets,"tsung_controller@ip-172-31-29-214"} 1 9921.0 0.0 9921 716 4962.275862068966 29
stats: {cpu,"tsung_controller@ip-172-31-29-214"} 1 15.731462925851702 0.0 15.731462925851702 1.2108980827447022 6.870000698923606 30
stats: session 468 59198.63548076925 22179.002167862243 102002.563 35007.667 54337.48248492386 6434
stats: users_count 551 10100
stats: finish_users_count 468 6902
stats: request 2102 889.2107202664138 474.15385010565996 21785.531 0.401 348.3114614590502 31966
stats: connect 951 1.511677181913776 2.0413552486531663 478.142 0.513 3.049557705440475 13179
stats: page 1534 1220.0231434159043 949.4612918784217 21785.531 0.476 488.20147251193185 22628
stats: 302 649 12322
stats: 200 965 19858
stats: size_rcv 1433826 25555056
stats: newphase 1 10
stats: 502 459 1818
stats: size_sent 1508191 25614573
stats: connected 0 1808
stats: 500 29 70
# stats: dump at 1575165338
stats: users 3271 3272
stats: {freemem,"tsung_controller@ip-172-31-29-214"} 1 3326.09765625 0.0 3516.5234375 3326.09765625 3440.775453629032 31
stats: {load,"tsung_controller@ip-172-31-29-214"} 1 0.140625 0.0 0.23046875 0.01171875 0.08165322580645161 31
stats: {recvpackets,"tsung_controller@ip-172-31-29-214"} 1 9916.0 0.0 9916 674 4963.5 30
stats: {sentpackets,"tsung_controller@ip-172-31-29-214"} 1 9979.0 0.0 9979 716 5127.566666666667 30
stats: {cpu,"tsung_controller@ip-172-31-29-214"} 1 14.328358208955224 0.0 15.731462925851702 1.2108980827447022 7.155854319147093 31
stats: session 501 56154.28844311379 21941.561104710243 102002.563 35005.441 54667.09992944076 6902
stats: users_count 574 10674
stats: finish_users_count 501 7403
stats: request 2136 892.1564625468176 502.60751622306555 21785.531 0.401 381.6850155864741 34068
stats: connect 953 0.8896274921301146 0.2996772218795379 478.142 0.513 2.9460527954706315 14130
stats: page 1572 1219.890150127228 939.9907106885966 21785.531 0.473 534.6634559225226 24162
stats: 302 647 12969
stats: 200 943 20801
stats: size_rcv 1437958 26993014
stats: newphase 0 10
stats: 502 505 2323
stats: size_sent 1505675 27120248
stats: connected 8 1816
stats: 500 41 111
# stats: dump at 1575165348
stats: users 3375 3377
stats: {freemem,"tsung_controller@ip-172-31-29-214"} 1 3322.19921875 0.0 3516.5234375 3322.19921875 3437.1917724609375 32
stats: {load,"tsung_controller@ip-172-31-29-214"} 1 0.12109375 0.0 0.23046875 0.01171875 0.08349609375 32
stats: {recvpackets,"tsung_controller@ip-172-31-29-214"} 1 10111.0 0.0 10111 674 5123.258064516129 31
stats: {sentpackets,"tsung_controller@ip-172-31-29-214"} 1 10384.0 0.0 10384 716 5284.064516129032 31
stats: {cpu,"tsung_controller@ip-172-31-29-214"} 1 15.202369200394866 0.0 15.731462925851702 1.2108980827447022 7.379995065703597 32
stats: session 512 58654.77950195315 22632.847233062053 102002.563 35005.441 54767.745808861284 7403
stats: users_count 616 11290
stats: finish_users_count 512 7915
stats: request 2213 861.7115621328516 511.5185232676971 21785.531 0.401 411.8023233620595 36204
stats: connect 1030 1.0342922330097089 0.8652202542626216 478.142 0.513 2.816120201551417 15083
stats: page 1632 1168.6816819852938 950.2997480073726 21785.531 0.473 576.5215566177039 25734
stats: 302 671 13640
stats: 200 911 21712
stats: size_rcv 1436657 28429671
stats: newphase 0 10
stats: 502 572 2895
stats: size_sent 1519128 28639376
stats: connected 6 1822
stats: 500 60 171
# stats: dump at 1575165358
stats: users 2920 3389
stats: {freemem,"tsung_controller@ip-172-31-29-214"} 1 3321.4609375 0.0 3516.5234375 3321.4609375 3433.707149621212 33
stats: {load,"tsung_controller@ip-172-31-29-214"} 1 0.26171875 0.0 0.26171875 0.01171875 0.08463541666666667 33
stats: {recvpackets,"tsung_controller@ip-172-31-29-214"} 1 10313.0 0.0 10313 674 5279.125 32
stats: {sentpackets,"tsung_controller@ip-172-31-29-214"} 1 10621.0 0.0 10621 716 5443.4375 32
stats: {cpu,"tsung_controller@ip-172-31-29-214"} 1 14.955134596211368 0.0 15.731462925851702 1.2108980827447022 7.617036706148787 33
stats: session 525 57874.45140952386 22946.963308523445 102002.563 35005.441 55019.18753354392 7915
stats: users_count 70 11360
stats: finish_users_count 525 8440
stats: request 1444 705.984830332411 496.3186409322356 21785.531 0.401 437.7192129005388 38417
stats: connect 525 7.5201542857142885 37.19612595092596 478.142 0.513 2.7022194501334345 16113
stats: page 1277 855.6876851996844 915.7545532072912 21785.531 0.473 611.8356443396913 27366
stats: 302 353 13993
stats: 200 948 22660
stats: size_rcv 1403737 29833408
stats: newphase 0 10
stats: 502 52 2947
stats: size_sent 1068771 29708147
stats: connected -123 1699
stats: 500 90 261
# stats: dump at 1575165368
stats: users 2339 3389
stats: {freemem,"tsung_controller@ip-172-31-29-214"} 1 3320.58984375 0.0 3516.5234375 3320.58984375 3430.4057904411766 34
stats: {load,"tsung_controller@ip-172-31-29-214"} 1 0.21875 0.0 0.26171875 0.01171875 0.08984375 34
stats: {recvpackets,"tsung_controller@ip-172-31-29-214"} 1 6495.0 0.0 10313 674 5431.666666666667 33
stats: {sentpackets,"tsung_controller@ip-172-31-29-214"} 1 7007.0 0.0 10621 716 5600.333333333333 33
stats: {cpu,"tsung_controller@ip-172-31-29-214"} 1 8.559919436052366 0.0 15.731462925851702 1.2108980827447022 7.832863114680039 34
stats: session 581 57513.946979345914 23661.44189753906 102002.563 35005.441 55196.7957722749 8440
stats: users_count 0 11360
stats: finish_users_count 581 9021
stats: request 1133 59.99759399823471 42.119525481435836 21785.531 0.401 447.4373722937207 39861
stats: connect 394 1.3072487309644685 1.0848817049648432 478.142 0.513 2.854245882918622 16638
stats: page 1133 59.99759399823471 42.119525481435836 21785.531 0.473 622.7073776140763 28643
stats: 302 261 14254
stats: 200 787 23447
stats: size_rcv 1195997 31029405
stats: newphase 0 10
stats: 502 0 2947
stats: size_sent 1014083 30722230
stats: connected -190 1509
stats: 500 85 346
# stats: dump at 1575165378
stats: users 1783 3389
stats: {freemem,"tsung_controller@ip-172-31-29-214"} 1 3319.96484375 0.0 3516.5234375 3319.96484375 3427.2681919642855 35
stats: {load,"tsung_controller@ip-172-31-29-214"} 1 0.26171875 0.0 0.26171875 0.01171875 0.09352678571428572 35
stats: {recvpackets,"tsung_controller@ip-172-31-29-214"} 1 5762.0 0.0 10313 674 5462.941176470588 34
stats: {sentpackets,"tsung_controller@ip-172-31-29-214"} 1 6480.0 0.0 10621 716 5641.705882352941 34
stats: {cpu,"tsung_controller@ip-172-31-29-214"} 1 6.781376518218623 0.0 15.731462925851702 1.2108980827447022 7.853636152433535 35
stats: session 556 58708.11967985615 23431.437425188415 102002.563 35005.441 55346.032536636754 9021
stats: users_count 0 11360
stats: finish_users_count 556 9577
stats: request 1179 59.84390076335875 41.398261224210195 21785.531 0.401 436.72923771771485 40994
stats: connect 285 1.0541649122807015 0.5531315799461861 478.142 0.513 2.8184593118835153 17032
stats: page 1179 59.84390076335875 41.398261224210195 21785.531 0.473 601.2958319116062 29776
stats: 302 269 14523
stats: 200 773 24220
stats: size_rcv 1286301 32315706
stats: newphase 0 10
stats: 502 0 2947
stats: size_sent 1014057 31736287
stats: connected -278 1231
stats: 500 137 483
# stats: dump at 1575165388
stats: users 1253 3389
stats: {freemem,"tsung_controller@ip-172-31-29-214"} 1 3327.69140625 0.0 3516.5234375 3319.96484375 3424.287543402778 36
stats: {load,"tsung_controller@ip-172-31-29-214"} 1 0.21875 0.0 0.26171875 0.01171875 0.09819878472222222 36
stats: {recvpackets,"tsung_controller@ip-172-31-29-214"} 1 5639.0 0.0 10313 674 5471.4857142857145 35
stats: {sentpackets,"tsung_controller@ip-172-31-29-214"} 1 6379.0 0.0 10621 716 5665.657142857143 35
stats: {cpu,"tsung_controller@ip-172-31-29-214"} 1 8.02775024777007 0.0 15.731462925851702 1.2108980827447022 7.823851162594232 36
stats: session 530 61456.894401886835 23347.533425737995 102002.563 35005.441 55541.22105617627 9577
stats: users_count 0 11360
stats: finish_users_count 530 10107
stats: request 891 33.50159595959594 24.618348367098964 21785.531 0.401 426.19292746544 42173
stats: connect 288 0.9091423611111105 0.5056378094215734 478.142 0.487 2.789422879251604 17317
stats: page 891 33.50159595959594 24.618348367098964 21785.531 0.473 580.6732563398477 30955
stats: 302 287 14810
stats: 200 549 24769
stats: size_rcv 848968 33164674
stats: newphase 0 10
stats: 502 0 2947
stats: size_sent 788820 32525107
stats: connected -313 918
stats: 500 55 538
# stats: dump at 1575165398
stats: users 967 3389
stats: {freemem,"tsung_controller@ip-172-31-29-214"} 1 3327.3125 0.0 3516.5234375 3319.96484375 3421.6768369932433 37
stats: {load,"tsung_controller@ip-172-31-29-214"} 1 0.19140625 0.0 0.26171875 0.01171875 0.10145692567567567 37
stats: {recvpackets,"tsung_controller@ip-172-31-29-214"} 1 4374.0 0.0 10313 674 5476.138888888889 36
stats: {sentpackets,"tsung_controller@ip-172-31-29-214"} 1 4957.0 0.0 10621 716 5685.472222222223 36
stats: {cpu,"tsung_controller@ip-172-31-29-214"} 1 6.355511420059583 0.0 15.731462925851702 1.2108980827447022 7.829361948680066 37
stats: session 286 82748.53998601394 1268.4497851079325 102002.563 35005.441 55851.43248125064 10107
stats: users_count 0 11360
stats: finish_users_count 286 10393
stats: request 571 15.325159369527148 7.368871607270935 21785.531 0.401 418.0680905628832 43064
stats: connect 284 0.8823169014084509 0.1365400869640312 478.142 0.487 2.758663391082081 17605
stats: page 571 15.325159369527148 7.368871607270935 21785.531 0.473 565.3642709288446 31846
stats: 302 288 15098
stats: 200 227 24996
stats: size_rcv 415236 33579910
stats: newphase 0 10
stats: 502 0 2947
stats: size_sent 506051 33031158
stats: connected -114 804
stats: 500 56 594
# stats: dump at 1575165408
stats: users 686 3389
stats: {freemem,"tsung_controller@ip-172-31-29-214"} 1 3327.59375 0.0 3516.5234375 3319.96484375 3419.1935649671054 38
stats: {load,"tsung_controller@ip-172-31-29-214"} 1 0.16015625 0.0 0.26171875 0.01171875 0.10382401315789473 38
stats: {recvpackets,"tsung_controller@ip-172-31-29-214"} 1 2991.0 0.0 10313 674 5446.351351351352 37
stats: {sentpackets,"tsung_controller@ip-172-31-29-214"} 1 3516.0 0.0 10621 716 5665.783783783784 37
stats: {cpu,"tsung_controller@ip-172-31-29-214"} 1 4.3999999999999995 0.0 15.731462925851702 1.2108980827447022 7.790576408453211 38
stats: session 281 82647.49840925264 1254.9884112087036 102002.563 35005.441 56591.601128066985 10393
stats: users_count 0 11360
stats: finish_users_count 281 10674
stats: request 567 14.665038800705464 8.299294907169308 21785.531 0.401 412.797866804171 43635
stats: connect 283 0.8624840989399294 0.10904420406301199 478.142 0.487 2.7288751187880838 17889
stats: page 567 14.665038800705464 8.299294907169308 21785.531 0.473 555.675763889317 32417
stats: 302 284 15382
stats: 200 232 25228
stats: size_rcv 314766 33894676
stats: newphase 0 10
stats: 502 0 2947
stats: size_sent 493595 33524753
stats: connected -252 552
stats: 500 51 645
# stats: dump at 1575165418
stats: users 402 3389
stats: {freemem,"tsung_controller@ip-172-31-29-214"} 1 3328.6875 0.0 3516.5234375 3319.96484375 3416.8448517628203 39
stats: {load,"tsung_controller@ip-172-31-29-214"} 1 0.12890625 0.0 0.26171875 0.01171875 0.10526842948717949 39
stats: {recvpackets,"tsung_controller@ip-172-31-29-214"} 1 3267.0 0.0 10313 674 5381.736842105263 38
stats: {sentpackets,"tsung_controller@ip-172-31-29-214"} 1 3.7e3 0.0 10621 716 5609.21052631579 38
stats: {cpu,"tsung_controller@ip-172-31-29-214"} 1 4.590818363273453 0.0 15.731462925851702 1.2108980827447022 7.703638551826205 39
stats: session 284 82544.39671830994 1300.4609164492235 102002.563 35005.441 57277.539589376065 10674
stats: users_count 0 11360
stats: finish_users_count 284 10958
stats: request 574 14.326264808362373 6.995891601946328 21785.531 0.401 407.690828356183 44202
stats: connect 291 0.8815085910652916 0.47776989360154876 478.142 0.487 2.6998090468853198 18172
stats: page 574 14.326264808362373 6.995891601946328 21785.531 0.473 546.3757068578701 32984
stats: 302 283 15665
stats: 200 231 25459
stats: size_rcv 386838 34281514
stats: newphase 0 10
stats: 502 0 2947
stats: size_sent 498702 34023455
stats: connected -261 291
stats: 500 60 705
# stats: dump at 1575165428
stats: users 111 3389
stats: {freemem,"tsung_controller@ip-172-31-29-214"} 1 3332.1484375 0.0 3516.5234375 3319.96484375 3414.64091796875 40
stats: {load,"tsung_controller@ip-172-31-29-214"} 1 0.19140625 0.0 0.26171875 0.01171875 0.105859375 40
stats: {recvpackets,"tsung_controller@ip-172-31-29-214"} 1 3190.0 0.0 10313 674 5327.51282051282 39
stats: {sentpackets,"tsung_controller@ip-172-31-29-214"} 1 3679.0 0.0 10621 716 5560.256410256411 39
stats: {cpu,"tsung_controller@ip-172-31-29-214"} 1 5.550049554013875 0.0 15.731462925851702 1.2108980827447022 7.625818047112387 40
stats: session 291 82527.40340206187 1352.1776335416182 102002.563 35005.441 57932.38421655413 10958
stats: users_count 0 11360
stats: finish_users_count 291 11249
stats: request 407 11.991845208845215 5.9273676867125795 21785.531 0.401 402.64814344738255 44776
stats: connect 115 1.2618695652173908 1.6925746712536427 478.142 0.487 2.671150354763583 18463
stats: page 407 11.991845208845215 5.9273676867125795 21785.531 0.473 537.2751531974488 33558
stats: 302 291 15956
stats: 200 109 25568
stats: size_rcv 135034 34416548
stats: newphase 0 10
stats: 502 0 2947
stats: size_sent 365118 34388573
stats: connected -176 115
stats: 500 7 712
# stats: dump at 1575165435
stats: users 0 3389
stats: {freemem,"tsung_controller@ip-172-31-29-214"} 1 3350.76171875 0.0 3516.5234375 3319.96484375 3412.62890625 41
stats: {load,"tsung_controller@ip-172-31-29-214"} 1 0.16015625 0.0 0.26171875 0.01171875 0.10794588414634146 41
stats: {recvpackets,"tsung_controller@ip-172-31-29-214"} 1 1521.0 0.0 10313 674 5274.075 40
stats: {sentpackets,"tsung_controller@ip-172-31-29-214"} 1 2039.0 0.0 10621 716 5513.225 40
stats: {cpu,"tsung_controller@ip-172-31-29-214"} 1 2.014098690835851 0.0 15.731462925851702 1.2108980827447022 7.575189547280715 41
stats: session 111 83258.73722522521 694.9830661909933 102002.563 35005.441 58568.63193483866 11249
stats: users_count 0 11360
stats: finish_users_count 111 11360
stats: request 115 8.604521739130432 3.3858592136627292 21785.531 0.401 399.1291846933582 45183
stats: connect 0 0 0 478.142 0.487 2.662426741306924 18578
stats: page 115 8.604521739130432 3.3858592136627292 21785.531 0.473 530.9807234506106 33965
stats: 302 115 16071
stats: 200 0 25568
stats: size_rcv 15180 34431728
stats: newphase 0 10
stats: 502 0 2947
stats: size_sent 113724 34502297
stats: connected -115 0
stats: 500 0 712
EndMonitor:{1575,165435,619747}
