
=INFO REPORT==== 4-Dec-2019::12:58:46 ===
    ts_config_server:(5:<0.102.0>) Config server started, logdir is "/home/ec2-user/.tsung/log/20191204-1258"
 
=INFO REPORT==== 4-Dec-2019::12:58:46 ===
              ts_mon:(5:<0.83.0>) starting monitor, global 

=INFO REPORT==== 4-Dec-2019::12:58:46 ===
           ts_config:(5:<0.102.0>) Reading config file: simple.xml

=INFO REPORT==== 4-Dec-2019::12:58:46 ===
      ts_config_http:(4:<0.102.0>) Get user agent: 100 "Mozilla/5.0 (Windows; U; Windows NT 5.2; fr-FR; rv:1.7.8) Gecko/20050511 Firefox/1.0.4" 

=INFO REPORT==== 4-Dec-2019::12:58:46 ===
           ts_config:(5:<0.102.0>) Session name for id 1 is "recommendee"

=INFO REPORT==== 4-Dec-2019::12:58:46 ===
           ts_config:(5:<0.102.0>) Session name for id 2 is "recommender"

=INFO REPORT==== 4-Dec-2019::12:58:46 ===
    ts_config_server:(4:<0.102.0>) SYSINFO:Tsung version: 1.7.0

=INFO REPORT==== 4-Dec-2019::12:58:46 ===
    ts_config_server:(4:<0.102.0>) SYSINFO:Erlang version: Erlang/OTP 20 [erts-9.1] [source] [64-bit] [smp:1:1] [ds:1:1:10] [async-threads:8] [hipe] [kernel-poll:true]


=INFO REPORT==== 4-Dec-2019::12:58:46 ===
    ts_config_server:(4:<0.102.0>) SYSINFO:System architecture x86_64-unknown-linux-gnu

=INFO REPORT==== 4-Dec-2019::12:58:46 ===
    ts_config_server:(4:<0.102.0>) SYSINFO:Current path: /usr/local/lib/tsung/tsung-1.7.0/ebin/tsung.beam

=INFO REPORT==== 4-Dec-2019::12:58:46 ===
              ts_mon:(5:<0.103.0>) Activate clients with text backend

=INFO REPORT==== 4-Dec-2019::12:58:46 ===
              ts_mon:(5:<0.103.0>) Starting tsung clients on hosts: [localhost]

=INFO REPORT==== 4-Dec-2019::12:58:46 ===
    ts_config_server:(5:<0.102.0>) Start a launcher on the controller beam localhost

=INFO REPORT==== 4-Dec-2019::12:58:46 ===
  ts_launcher_static:(5:<0.154.0>) Launch msg receive ("localhost")

=INFO REPORT==== 4-Dec-2019::12:58:46 ===
         ts_launcher:(5:<0.155.0>) Launch msg receive ("localhost")

=INFO REPORT==== 4-Dec-2019::12:58:46 ===
    ts_config_server:(5:<0.102.0>) New arrival phase 1 for client "localhost" (last ? true): will start 20 users

=INFO REPORT==== 4-Dec-2019::12:58:46 ===
    ts_config_server:(5:<0.102.0>) New arrival phase 2 for client "localhost" (last ? true): will start 40 users

=INFO REPORT==== 4-Dec-2019::12:58:46 ===
    ts_config_server:(5:<0.102.0>) New arrival phase 3 for client "localhost" (last ? true): will start 60 users

=INFO REPORT==== 4-Dec-2019::12:58:46 ===
    ts_config_server:(5:<0.102.0>) New arrival phase 4 for client "localhost" (last ? true): will start 80 users

=INFO REPORT==== 4-Dec-2019::12:58:46 ===
    ts_config_server:(5:<0.102.0>) New arrival phase 5 for client "localhost" (last ? true): will start 100 users

=INFO REPORT==== 4-Dec-2019::12:58:46 ===
    ts_config_server:(5:<0.102.0>) New arrival phase 6 for client "localhost" (last ? true): will start 120 users

=INFO REPORT==== 4-Dec-2019::12:58:46 ===
    ts_config_server:(5:<0.102.0>) New arrival phase 7 for client "localhost" (last ? true): will start 140 users

=INFO REPORT==== 4-Dec-2019::12:58:46 ===
    ts_config_server:(5:<0.102.0>) New arrival phase 8 for client "localhost" (last ? true): will start 200 users

=INFO REPORT==== 4-Dec-2019::12:58:46 ===
    ts_config_server:(5:<0.102.0>) New arrival phase 9 for client "localhost" (last ? true): will start 300 users

=INFO REPORT==== 4-Dec-2019::12:58:46 ===
    ts_config_server:(5:<0.102.0>) New arrival phase 10 for client "localhost" (last ? true): will start 360 users

=INFO REPORT==== 4-Dec-2019::12:58:46 ===
    ts_config_server:(5:<0.102.0>) New arrival phase 11 for client "localhost" (last ? true): will start 480 users

=INFO REPORT==== 4-Dec-2019::12:58:46 ===
    ts_config_server:(5:<0.102.0>) New arrival phase 12 for client "localhost" (last ? true): will start 560 users

=INFO REPORT==== 4-Dec-2019::12:58:46 ===
         ts_launcher:(5:<0.155.0>) Expected duration of first phase: 20.0 sec (20 users) 

=INFO REPORT==== 4-Dec-2019::12:58:46 ===
  ts_launcher_static:(5:<0.154.0>) Activate launcher (2 static users) in 1000 msec, first user after 5000 ms 

=INFO REPORT==== 4-Dec-2019::12:58:46 ===
         ts_launcher:(5:<0.155.0>) Activate launcher (20 users) in 2386 msec 

=INFO REPORT==== 4-Dec-2019::12:59:07 ===
         ts_launcher:(4:<0.155.0>) Need to wait 0.976 sec before changing phase, going to sleep

=INFO REPORT==== 4-Dec-2019::12:59:08 ===
         ts_launcher:(5:<0.155.0>) Waking up

=INFO REPORT==== 4-Dec-2019::12:59:08 ===
         ts_launcher:(5:<0.155.0>) Start a new arrival phase (40 users, 0.002); expected duration=20.0 sec

=INFO REPORT==== 4-Dec-2019::12:59:23 ===
         ts_launcher:(4:<0.155.0>) Need to wait 4.913 sec before changing phase, going to sleep

=INFO REPORT==== 4-Dec-2019::12:59:28 ===
         ts_launcher:(5:<0.155.0>) Waking up

=INFO REPORT==== 4-Dec-2019::12:59:28 ===
         ts_launcher:(5:<0.155.0>) Start a new arrival phase (60 users, 0.003); expected duration=20.0 sec

=INFO REPORT==== 4-Dec-2019::12:59:43 ===
         ts_launcher:(4:<0.155.0>) Need to wait 5.39 sec before changing phase, going to sleep

=INFO REPORT==== 4-Dec-2019::12:59:48 ===
         ts_launcher:(5:<0.155.0>) Waking up

=INFO REPORT==== 4-Dec-2019::12:59:48 ===
         ts_launcher:(5:<0.155.0>) Start a new arrival phase (80 users, 0.004); expected duration=20.0 sec

=INFO REPORT==== 4-Dec-2019::13:00:09 ===
         ts_launcher:(5:<0.155.0>) Phase duration exceeded, but not all users were launched (15 users, 18.8% of phase)

=INFO REPORT==== 4-Dec-2019::13:00:09 ===
         ts_launcher:(5:<0.155.0>) Start a new arrival phase (100 users, 0.005); expected duration=20.0 sec

=INFO REPORT==== 4-Dec-2019::13:00:28 ===
         ts_launcher:(4:<0.155.0>) Need to wait 0.559 sec before changing phase, going to sleep

=INFO REPORT==== 4-Dec-2019::13:00:29 ===
         ts_launcher:(5:<0.155.0>) Waking up

=INFO REPORT==== 4-Dec-2019::13:00:29 ===
         ts_launcher:(5:<0.155.0>) Start a new arrival phase (120 users, 0.006); expected duration=20.0 sec

=INFO REPORT==== 4-Dec-2019::13:00:48 ===
         ts_launcher:(4:<0.155.0>) Need to wait 1.002 sec before changing phase, going to sleep

=INFO REPORT==== 4-Dec-2019::13:00:49 ===
         ts_launcher:(5:<0.155.0>) Waking up

=INFO REPORT==== 4-Dec-2019::13:00:49 ===
         ts_launcher:(5:<0.155.0>) Start a new arrival phase (140 users, 0.007); expected duration=20.0 sec

=INFO REPORT==== 4-Dec-2019::13:01:08 ===
         ts_launcher:(4:<0.155.0>) Need to wait 0.1 sec before changing phase, going to sleep

=INFO REPORT==== 4-Dec-2019::13:01:09 ===
         ts_launcher:(5:<0.155.0>) Waking up

=INFO REPORT==== 4-Dec-2019::13:01:09 ===
         ts_launcher:(5:<0.155.0>) Start a new arrival phase (200 users, 0.01); expected duration=20.0 sec

=INFO REPORT==== 4-Dec-2019::13:01:29 ===
         ts_launcher:(5:<0.155.0>) Phase duration exceeded, but not all users were launched (22 users, 11.0% of phase)

=INFO REPORT==== 4-Dec-2019::13:01:29 ===
         ts_launcher:(5:<0.155.0>) Start a new arrival phase (300 users, 0.015); expected duration=20.0 sec

=INFO REPORT==== 4-Dec-2019::13:01:48 ===
         ts_launcher:(4:<0.155.0>) Need to wait 1.073 sec before changing phase, going to sleep

=INFO REPORT==== 4-Dec-2019::13:01:49 ===
         ts_launcher:(5:<0.155.0>) Waking up

=INFO REPORT==== 4-Dec-2019::13:01:49 ===
         ts_launcher:(5:<0.155.0>) Start a new arrival phase (360 users, 0.018); expected duration=20.0 sec

=INFO REPORT==== 4-Dec-2019::13:02:08 ===
         ts_launcher:(4:<0.155.0>) Need to wait 0.457 sec before changing phase, going to sleep

=INFO REPORT==== 4-Dec-2019::13:02:09 ===
         ts_launcher:(5:<0.155.0>) Waking up

=INFO REPORT==== 4-Dec-2019::13:02:09 ===
         ts_launcher:(5:<0.155.0>) Start a new arrival phase (480 users, 0.024); expected duration=20.0 sec

=INFO REPORT==== 4-Dec-2019::13:02:29 ===
         ts_launcher:(5:<0.155.0>) Phase duration exceeded, but not all users were launched (19 users, 4.0% of phase)

=INFO REPORT==== 4-Dec-2019::13:02:29 ===
         ts_launcher:(5:<0.155.0>) Start a new arrival phase (560 users, 0.028); expected duration=20.0 sec

=INFO REPORT==== 4-Dec-2019::13:02:49 ===
         ts_launcher:(5:<0.155.0>) Phase duration exceeded, but not all users were launched (15 users, 2.7% of phase)

=INFO REPORT==== 4-Dec-2019::13:02:49 ===
         ts_launcher:(5:<0.155.0>) This was the last phase, wait for connected users to finish their session

=INFO REPORT==== 4-Dec-2019::13:02:49 ===
     ts_launcher_mgr:(5:<0.149.0>) Still 1397 active client(s)

=INFO REPORT==== 4-Dec-2019::13:04:19 ===
     ts_launcher_mgr:(5:<0.149.0>) No more active users 'tsung_controller@ip-172-31-23-21' "3744"
