# stats: dump at 1575464336
stats: users 10 10
stats: {cpu,"tsung_controller@ip-172-31-23-21"} 1 1.5189926397168294 0 1.5189926397168294 1.5189926397168294 0 0
stats: {load,"tsung_controller@ip-172-31-23-21"} 1 0.16015625 0 0.16015625 0.16015625 0 0
stats: {freemem,"tsung_controller@ip-172-31-23-21"} 1 3521.56640625 0 3521.56640625 3521.56640625 0 0
stats: users_count 10 10
stats: finish_users_count 0 0
stats: request 22 29.67159090909091 21.84290954366301 92.176 10.639 0 0
stats: connect 10 2.9464999999999995 3.6863901380618955 14.005 1.676 0 0
stats: page 10 65.5386 50.800770486676676 151.333 10.865 0 0
stats: 302 10 10
stats: 200 12 12
stats: size_rcv 13592 13592
stats: size_sent 13540 13540
stats: connected 10 10
# stats: dump at 1575464346
stats: users 20 20
stats: {recvpackets,"tsung_controller@ip-172-31-23-21"} 1 92 0 92 92 0 0
stats: {sentpackets,"tsung_controller@ip-172-31-23-21"} 1 91 0 91 91 0 0
stats: {cpu,"tsung_controller@ip-172-31-23-21"} 1 0.6979062811565304 0.0 1.5189926397168294 0.6979062811565304 1.5189926397168294 1
stats: {load,"tsung_controller@ip-172-31-23-21"} 1 0.12890625 0.0 0.16015625 0.12890625 0.16015625 1
stats: {freemem,"tsung_controller@ip-172-31-23-21"} 1 3522.78125 0.0 3522.78125 3521.56640625 3521.56640625 1
stats: users_count 10 20
stats: finish_users_count 0 0
stats: request 18 42.19033333333333 81.41901009728761 367.524 10.639 29.67159090909091 22
stats: connect 10 37.2898 106.51130796286374 356.823 1.286 2.9464999999999995 10
stats: page 10 76.004 103.10190175355643 367.524 10.641 65.5386 10
stats: 302 10 20
stats: 200 8 20
stats: size_rcv 9498 23090
stats: size_sent 9628 23168
stats: connected 10 20
# stats: dump at 1575464356
stats: users 42 42
stats: {recvpackets,"tsung_controller@ip-172-31-23-21"} 1 69.0 0.0 92 69 92.0 1
stats: {sentpackets,"tsung_controller@ip-172-31-23-21"} 1 70.0 0.0 91 70 91.0 1
stats: {cpu,"tsung_controller@ip-172-31-23-21"} 1 0.4 0.0 1.5189926397168294 0.4 1.10844946043668 2
stats: {load,"tsung_controller@ip-172-31-23-21"} 1 0.109375 0.0 0.16015625 0.109375 0.14453125 2
stats: {freemem,"tsung_controller@ip-172-31-23-21"} 1 3522.42578125 0.0 3522.78125 3521.56640625 3522.173828125 2
stats: users_count 22 42
stats: finish_users_count 0 0
stats: request 39 24.424230769230764 29.35263508850702 367.524 10.194 35.305025 40
stats: connect 21 15.802571428571426 36.10787982536489 356.823 1.286 20.11815 20
stats: page 21 45.41114285714285 36.193888818925416 367.524 10.42 70.7713 20
stats: 302 21 41
stats: 200 18 38
stats: size_rcv 21174 44264
stats: newphase 1 1
stats: size_sent 21373 44541
stats: connected 21 41
# stats: dump at 1575464366
stats: users 62 62
stats: {recvpackets,"tsung_controller@ip-172-31-23-21"} 1 158.0 0.0 158 69 80.5 2
stats: {sentpackets,"tsung_controller@ip-172-31-23-21"} 1 171.0 0.0 171 70 80.5 2
stats: {cpu,"tsung_controller@ip-172-31-23-21"} 1 0.9950248756218906 0.0 1.5189926397168294 0.4 0.87229964029112 3
stats: {load,"tsung_controller@ip-172-31-23-21"} 1 0.1015625 0.0 0.16015625 0.1015625 0.1328125 3
stats: {freemem,"tsung_controller@ip-172-31-23-21"} 1 3521.70703125 0.0 3522.78125 3521.56640625 3522.2578125 3
stats: users_count 20 62
stats: finish_users_count 0 0
stats: request 45 18.312733333333334 25.946186416761392 367.524 8.283 29.933493670886076 79
stats: connect 21 1.7345238095238094 0.44292271915921444 356.823 1.202 17.90773170731707 41
stats: page 25 33.01468 34.92946466319804 367.524 10.13 57.78195121951218 41
stats: 302 21 62
stats: 200 24 62
stats: size_rcv 28332 72596
stats: newphase 0 1
stats: size_sent 26824 71365
stats: connected 21 62
# stats: dump at 1575464376
stats: users 87 87
stats: {recvpackets,"tsung_controller@ip-172-31-23-21"} 1 180.0 0.0 180 69 106.33333333333333 3
stats: {sentpackets,"tsung_controller@ip-172-31-23-21"} 1 176.0 0.0 176 70 110.66666666666667 3
stats: {cpu,"tsung_controller@ip-172-31-23-21"} 1 0.9970089730807578 0.0 1.5189926397168294 0.4 0.9029809491238125 4
stats: {load,"tsung_controller@ip-172-31-23-21"} 1 0.078125 0.0 0.16015625 0.078125 0.125 4
stats: {freemem,"tsung_controller@ip-172-31-23-21"} 1 3519.77734375 0.0 3522.78125 3519.77734375 3522.1201171875 4
stats: session 8 35831.73512500001 143.16933147800583 36203.839 35745.654 0 0
stats: users_count 33 95
stats: finish_users_count 8 8
stats: request 107 65.18870093457944 118.38436897777386 399.128 8.283 25.716282258064517 124
stats: connect 30 1.5577666666666663 0.18054725758709883 356.823 1.202 12.429709677419352 62
stats: page 43 162.31106976744192 278.18138046408154 809.918 10.13 48.400409090909086 66
stats: 302 29 91
stats: 200 78 140
stats: size_rcv 84739 157335
stats: newphase 1 2
stats: size_sent 83862 155227
stats: connected 22 84
# stats: dump at 1575464386
stats: users 107 112
stats: {recvpackets,"tsung_controller@ip-172-31-23-21"} 1 419.0 0.0 419 69 124.75 4
stats: {sentpackets,"tsung_controller@ip-172-31-23-21"} 1 389.0 0.0 389 70 127.0 4
stats: {cpu,"tsung_controller@ip-172-31-23-21"} 1 1.294820717131474 0.0 1.5189926397168294 0.4 0.9217865539152015 5
stats: {load,"tsung_controller@ip-172-31-23-21"} 1 0.0703125 0.0 0.16015625 0.0703125 0.115625 5
stats: {freemem,"tsung_controller@ip-172-31-23-21"} 1 3518.94921875 0.0 3522.78125 3518.94921875 3521.6515625 5
stats: session 7 35855.83714285715 85.58687150229875 36203.839 35745.654 35831.73512500001 8
stats: users_count 27 122
stats: finish_users_count 7 15
stats: request 114 57.68537719298244 111.3652151211917 408.492 8.283 44.000043290043294 231
stats: connect 30 1.5083333333333333 0.17364164886979797 356.823 1.202 8.884510869565215 92
stats: page 50 131.60658 255.25867234608035 833.927 10.026 93.3376422018349 109
stats: 302 31 122
stats: 200 83 223
stats: size_rcv 91598 248933
stats: newphase 0 2
stats: size_sent 87860 243087
stats: connected 23 107
# stats: dump at 1575464396
stats: users 115 115
stats: {recvpackets,"tsung_controller@ip-172-31-23-21"} 1 356.0 0.0 419 69 183.6 5
stats: {sentpackets,"tsung_controller@ip-172-31-23-21"} 1 312.0 0.0 389 70 179.4 5
stats: {cpu,"tsung_controller@ip-172-31-23-21"} 1 0.7992007992007992 0.0 1.5189926397168294 0.4 0.983958914451247 6
stats: {load,"tsung_controller@ip-172-31-23-21"} 1 0.05859375 0.0 0.16015625 0.05859375 0.10807291666666667 6
stats: {freemem,"tsung_controller@ip-172-31-23-21"} 1 3516.05078125 0.0 3522.78125 3516.05078125 3521.201171875 6
stats: session 11 35756.70699999999 49.78946075955355 36203.839 35693.072 35842.982733333345 15
stats: users_count 19 141
stats: finish_users_count 11 26
stats: request 94 90.28197872340425 134.69246725229362 408.492 8.283 48.52215362318841 345
stats: connect 18 2.147055555555556 2.5128475983372205 356.823 1.202 7.0706967213114735 122
stats: page 40 212.256075 309.08839916611134 833.927 10.026 105.37189937106922 159
stats: 302 18 140
stats: 200 76 299
stats: size_rcv 82263 331196
stats: newphase 1 3
stats: size_sent 80502 323589
stats: connected 5 112
# stats: dump at 1575464406
stats: users 137 138
stats: {recvpackets,"tsung_controller@ip-172-31-23-21"} 1 444.0 0.0 444 69 212.33333333333334 6
stats: {sentpackets,"tsung_controller@ip-172-31-23-21"} 1 372.0 0.0 389 70 201.5 6
stats: {cpu,"tsung_controller@ip-172-31-23-21"} 1 0.8 0.0 1.5189926397168294 0.4 0.9575648979868971 7
stats: {load,"tsung_controller@ip-172-31-23-21"} 1 0.05078125 0.0 0.16015625 0.05078125 0.10100446428571429 7
stats: {freemem,"tsung_controller@ip-172-31-23-21"} 1 3514.47265625 0.0 3522.78125 3514.47265625 3520.465401785714 7
stats: session 12 35960.904416666664 157.53605859054292 36276.315 35693.072 35806.48146153846 26
stats: users_count 34 175
stats: finish_users_count 12 38
stats: request 143 94.82100000000003 145.54471171214237 574.047 8.283 57.46389293849658 439
stats: connect 40 2.221 2.632149482837174 356.823 1.202 6.437657142857142 140
stats: page 63 198.46212698412702 326.76311573251644 1074.831 10.026 126.8561557788945 199
stats: 302 34 174
stats: 200 109 408
stats: size_rcv 123244 454440
stats: newphase 0 3
stats: size_sent 118107 441696
stats: connected 23 135
# stats: dump at 1575464416
stats: users 163 164
stats: {recvpackets,"tsung_controller@ip-172-31-23-21"} 1 546.0 0.0 546 69 245.42857142857142 7
stats: {sentpackets,"tsung_controller@ip-172-31-23-21"} 1 468.0 0.0 468 70 225.85714285714286 7
stats: {cpu,"tsung_controller@ip-172-31-23-21"} 1 1.8867924528301887 0.0 1.8867924528301887 0.4 0.937869285738535 8
stats: {load,"tsung_controller@ip-172-31-23-21"} 1 0.0390625 0.0 0.16015625 0.0390625 0.0947265625 8
stats: {freemem,"tsung_controller@ip-172-31-23-21"} 1 3513.39453125 0.0 3522.78125 3513.39453125 3519.71630859375 8
stats: session 23 47824.31569565217 19762.282406637893 81220.71 35693.072 35855.24660526315 38
stats: users_count 49 224
stats: finish_users_count 23 61
stats: request 239 111.8071129707113 167.6335339398254 804.708 7.895 66.64270103092784 582
stats: connect 54 1.5429444444444442 0.16367678365050078 356.823 1.202 5.500622222222221 180
stats: page 91 296.56674725274723 415.45345254311115 1371.994 10.026 144.07438549618323 262
stats: 302 56 230
stats: 200 183 591
stats: size_rcv 204576 659016
stats: newphase 1 4
stats: size_sent 199047 640743
stats: connected 26 161
# stats: dump at 1575464426
stats: users 204 205
stats: {recvpackets,"tsung_controller@ip-172-31-23-21"} 1 1011.0 0.0 1011 69 283.0 8
stats: {sentpackets,"tsung_controller@ip-172-31-23-21"} 1 803.0 0.0 803 70 256.125 8
stats: {cpu,"tsung_controller@ip-172-31-23-21"} 1 2.095808383233533 0.0 2.095808383233533 0.4 1.0433051931931632 9
stats: {load,"tsung_controller@ip-172-31-23-21"} 1 0.03125 0.0 0.16015625 0.03125 0.08854166666666667 9
stats: {freemem,"tsung_controller@ip-172-31-23-21"} 1 3509.984375 0.0 3522.78125 3509.984375 3519.0138888888887 9
stats: session 10 53854.75149999999 22045.331849343944 81220.71 35693.072 40368.17429508196 61
stats: users_count 51 275
stats: finish_users_count 10 71
stats: request 181 54.850712707182325 110.60556960852266 804.708 7.895 79.79044092570037 821
stats: connect 60 1.6784833333333335 0.46531181271869243 356.823 1.202 4.587311965811965 234
stats: page 84 127.65942857142848 254.97587989573063 1371.994 10.026 183.385447592068 353
stats: 302 55 285
stats: 200 126 717
stats: size_rcv 148983 807999
stats: newphase 0 4
stats: size_sent 138786 779529
stats: connected 34 195
# stats: dump at 1575464436
stats: users 237 238
stats: {recvpackets,"tsung_controller@ip-172-31-23-21"} 1 707.0 0.0 1011 69 363.8888888888889 9
stats: {sentpackets,"tsung_controller@ip-172-31-23-21"} 1 644.0 0.0 803 70 316.8888888888889 9
stats: {cpu,"tsung_controller@ip-172-31-23-21"} 1 1.794616151545364 0.0 2.095808383233533 0.4 1.1485555121972002 10
stats: {load,"tsung_controller@ip-172-31-23-21"} 1 0.03125 0.0 0.16015625 0.03125 0.0828125 10
stats: {freemem,"tsung_controller@ip-172-31-23-21"} 1 3509.63671875 0.0 3522.78125 3509.63671875 3518.1109375 10
stats: session 26 49725.69915384616 20777.8564344382 81220.71 35693.072 42267.692211267604 71
stats: users_count 59 334
stats: finish_users_count 26 97
stats: request 271 94.73294833948347 157.03740156139872 804.708 7.546 75.28536027944112 1002
stats: connect 67 1.52110447761194 0.25552790742400006 356.823 1.172 3.9936734693877547 294
stats: page 111 214.80101801801803 342.19677371589466 1371.994 10.026 172.67381006864989 437
stats: 302 66 351
stats: 200 205 922
stats: size_rcv 235857 1043856
stats: newphase 1 5
stats: size_sent 229123 1008652
stats: connected 36 231
# stats: dump at 1575464446
stats: users 268 268
stats: {recvpackets,"tsung_controller@ip-172-31-23-21"} 1 1139.0 0.0 1139 69 398.2 10
stats: {sentpackets,"tsung_controller@ip-172-31-23-21"} 1 958.0 0.0 958 70 349.6 10
stats: {cpu,"tsung_controller@ip-172-31-23-21"} 1 1.9019019019019021 0.0 2.095808383233533 0.4 1.207288297592488 11
stats: {load,"tsung_controller@ip-172-31-23-21"} 1 0.01953125 0.0 0.16015625 0.01953125 0.078125 11
stats: {freemem,"tsung_controller@ip-172-31-23-21"} 1 3506.90625 0.0 3522.78125 3506.90625 3517.3405539772725 11
stats: session 33 50977.427242424244 21206.55613695219 81295.669 35693.072 44266.745618556706 97
stats: users_count 64 398
stats: finish_users_count 33 130
stats: request 311 99.5058006430868 165.3205776955795 804.708 7.397 79.42542026708563 1273
stats: connect 80 1.5418750000000006 0.9034568386895968 356.823 1.172 3.5347756232686978 361
stats: page 134 237.39167164179102 380.4287924952379 1371.994 10.026 181.20687591240878 548
stats: 302 73 424
stats: 200 238 1160
stats: size_rcv 278320 1322176
stats: newphase 0 5
stats: size_sent 263749 1272401
stats: connected 22 253
# stats: dump at 1575464456
stats: users 294 299
stats: {recvpackets,"tsung_controller@ip-172-31-23-21"} 1 1302.0 0.0 1302 69 465.54545454545456 11
stats: {sentpackets,"tsung_controller@ip-172-31-23-21"} 1 1080.0 0.0 1080 70 404.90909090909093 11
stats: {cpu,"tsung_controller@ip-172-31-23-21"} 1 3.0632411067193677 0.0 3.0632411067193677 0.4 1.2651727646182724 12
stats: {load,"tsung_controller@ip-172-31-23-21"} 1 0.01953125 0.0 0.16015625 0.01953125 0.0732421875 12
stats: {freemem,"tsung_controller@ip-172-31-23-21"} 1 3503.69921875 0.0 3522.78125 3503.69921875 3516.4710286458335 12
stats: session 33 53837.51436363636 22025.721763995447 81667.136 35693.072 45970.22633846154 130
stats: users_count 59 457
stats: finish_users_count 33 163
stats: request 333 118.63745345345345 198.46431909000023 804.708 7.331 83.3679696969697 1584
stats: connect 79 1.5209240506329105 0.6812391310878761 356.823 1.172 3.173251700680272 441
stats: page 134 282.8800447761194 453.68391848684695 1537.714 9.833 192.2461173020528 682
stats: 302 79 503
stats: 200 254 1414
stats: size_rcv 297213 1619389
stats: newphase 1 6
stats: size_sent 288463 1560864
stats: connected 40 293
# stats: dump at 1575464466
stats: users 322 323
stats: {recvpackets,"tsung_controller@ip-172-31-23-21"} 1 1379.0 0.0 1379 69 535.25 12
stats: {sentpackets,"tsung_controller@ip-172-31-23-21"} 1 1150.0 0.0 1150 70 461.1666666666667 12
stats: {cpu,"tsung_controller@ip-172-31-23-21"} 1 2.49003984063745 0.0 3.0632411067193677 0.4 1.4034857140106642 13
stats: {load,"tsung_controller@ip-172-31-23-21"} 1 0.01953125 0.0 0.16015625 0.01953125 0.06911057692307693 13
stats: {freemem,"tsung_controller@ip-172-31-23-21"} 1 3504.06640625 0.0 3522.78125 3503.69921875 3515.488581730769 13
stats: session 47 56370.649340425516 22441.01393388394 81667.136 35693.072 47562.99017177914 163
stats: users_count 75 532
stats: finish_users_count 47 210
stats: request 418 147.68738995215327 228.49757252708176 833.791 7.331 89.49459363588942 1917
stats: connect 79 1.5378227848101274 0.2346032341114163 356.823 1.172 2.922225 520
stats: page 161 399.55645962732933 541.5312920668596 1600.041 9.833 207.1296299019608 816
stats: 302 91 594
stats: 200 327 1741
stats: size_rcv 368536 1987925
stats: newphase 0 6
stats: size_sent 356110 1916974
stats: connected 18 311
# stats: dump at 1575464476
stats: users 357 357
stats: {recvpackets,"tsung_controller@ip-172-31-23-21"} 1 1647.0 0.0 1647 69 600.1538461538462 13
stats: {sentpackets,"tsung_controller@ip-172-31-23-21"} 1 1323.0 0.0 1323 70 514.1538461538462 13
stats: {cpu,"tsung_controller@ip-172-31-23-21"} 1 2.6052104208416833 0.0 3.0632411067193677 0.4 1.4810967230554348 14
stats: {load,"tsung_controller@ip-172-31-23-21"} 1 0.01171875 0.0 0.16015625 0.01171875 0.06556919642857142 14
stats: {freemem,"tsung_controller@ip-172-31-23-21"} 1 3501.80859375 0.0 3522.78125 3501.80859375 3514.6727120535716 14
stats: session 38 39638.61368421054 12206.862383997373 81667.136 35693.072 49534.228176190474 210
stats: users_count 73 605
stats: finish_users_count 38 248
stats: request 394 110.13344670050762 191.91866046408407 833.791 7.331 99.91197644539616 2335
stats: connect 89 1.5535730337078648 0.8655474579533162 356.823 1.172 2.7396410684474124 599
stats: page 164 264.5639878048782 432.69869871304576 1600.041 9.833 238.8396806550666 977
stats: 302 77 671
stats: 200 317 2058
stats: size_rcv 359935 2347860
stats: newphase 1 7
stats: size_sent 340138 2257112
stats: connected 32 343
# stats: dump at 1575464486
stats: users 391 394
stats: {recvpackets,"tsung_controller@ip-172-31-23-21"} 1 1620.0 0.0 1647 69 674.9285714285714 14
stats: {sentpackets,"tsung_controller@ip-172-31-23-21"} 1 1348.0 0.0 1348 70 571.9285714285714 14
stats: {cpu,"tsung_controller@ip-172-31-23-21"} 1 2.788844621513944 0.0 3.0632411067193677 0.4 1.5560376362411847 15
stats: {load,"tsung_controller@ip-172-31-23-21"} 1 0.01171875 0.0 0.16015625 0.01171875 0.06197916666666667 15
stats: {freemem,"tsung_controller@ip-172-31-23-21"} 1 3495.89453125 0.0 3522.78125 3495.89453125 3513.8151041666665 15
stats: session 51 51069.46807843136 20914.042884809533 83026.19 35693.072 48017.96466532258 248
stats: users_count 85 690
stats: finish_users_count 51 299
stats: request 477 279.9367945492662 298.47298673646765 1326.789 7.331 101.38770355441557 2729
stats: connect 113 1.5471238938053091 0.3262228494176695 356.823 1.166 2.5862107558139535 688
stats: page 194 681.6904020618555 826.7934676672714 3022.539 9.833 242.53712708150752 1141
stats: 302 102 773
stats: 200 375 2433
stats: size_rcv 436651 2784511
stats: newphase 0 7
stats: size_sent 414615 2671727
stats: connected 30 373
# stats: dump at 1575464496
stats: users 497 497
stats: {recvpackets,"tsung_controller@ip-172-31-23-21"} 1 2127.0 0.0 2127 69 737.9333333333333 15
stats: {sentpackets,"tsung_controller@ip-172-31-23-21"} 1 1679.0 0.0 1679 70 623.6666666666666 15
stats: {cpu,"tsung_controller@ip-172-31-23-21"} 1 3.7848605577689245 0.0 3.7848605577689245 0.4 1.6330880728207322 16
stats: {load,"tsung_controller@ip-172-31-23-21"} 1 0.01171875 0.0 0.16015625 0.01171875 0.058837890625 16
stats: {freemem,"tsung_controller@ip-172-31-23-21"} 1 3494.43359375 0.0 3522.78125 3494.43359375 3512.695068359375 16
stats: session 48 58041.91349999997 22509.421756548123 83779.425 35693.072 48538.45521404682 299
stats: users_count 154 844
stats: finish_users_count 48 347
stats: request 615 338.38146504065014 271.11747514146805 1326.789 7.331 127.95286774797258 3206
stats: connect 182 1.4974615384615388 0.3269561185629732 356.823 1.15 2.4396229712858926 801
stats: page 257 737.059373540856 793.6602266686715 3284.585 9.833 306.3541573033708 1335
stats: 302 175 948
stats: 200 440 2873
stats: size_rcv 515866 3300377
stats: newphase 1 8
stats: size_sent 517886 3189613
stats: connected 111 484
# stats: dump at 1575464506
stats: users 600 603
stats: {recvpackets,"tsung_controller@ip-172-31-23-21"} 1 2634.0 0.0 2634 69 824.75 16
stats: {sentpackets,"tsung_controller@ip-172-31-23-21"} 1 2130.0 0.0 2130 70 689.625 16
stats: {cpu,"tsung_controller@ip-172-31-23-21"} 1 3.9 0.0 3.9 0.4 1.7596629248765083 17
stats: {load,"tsung_controller@ip-172-31-23-21"} 1 0.01171875 0.0 0.16015625 0.01171875 0.05606617647058824 17
stats: {freemem,"tsung_controller@ip-172-31-23-21"} 1 3486.5 0.0 3522.78125 3486.5 3511.6208639705883 17
stats: session 47 61990.75170212765 22609.62138969303 86847.354 35693.072 49853.054631123916 347
stats: users_count 150 994
stats: finish_users_count 47 394
stats: request 582 927.3546305841937 347.6874909187371 2095.707 7.331 161.82190395184503 3821
stats: connect 175 1.5765085714285718 0.4706890252576103 356.823 1.15 2.2651841302136315 983
stats: page 230 1979.7972000000004 1599.55128306331 6456.163 9.833 375.88383103015076 1592
stats: 302 175 1123
stats: 200 407 3280
stats: size_rcv 472134 3772511
stats: newphase 0 8
stats: size_sent 500313 3689926
stats: connected 103 587
# stats: dump at 1575464516
stats: users 719 721
stats: {recvpackets,"tsung_controller@ip-172-31-23-21"} 1 2643.0 0.0 2643 69 931.1764705882352 17
stats: {sentpackets,"tsung_controller@ip-172-31-23-21"} 1 2121.0 0.0 2130 70 774.3529411764706 17
stats: {cpu,"tsung_controller@ip-172-31-23-21"} 1 4.39121756487026 0.0 4.39121756487026 0.4 1.8785705401611468 18
stats: {load,"tsung_controller@ip-172-31-23-21"} 1 0.0 0.0 0.16015625 0.0 0.05360243055555555 18
stats: {freemem,"tsung_controller@ip-172-31-23-21"} 1 3476.54296875 0.0 3522.78125 3476.54296875 3510.2252604166665 18
stats: session 50 61579.75829999998 22311.521765406727 88086.769 35693.072 51300.95250507614 394
stats: users_count 169 1163
stats: finish_users_count 50 444
stats: request 647 1247.9329613601242 530.2863498540659 2767.979 7.331 263.01201226436535 4403
stats: connect 192 1.4648802083333339 0.5684408236790848 356.823 1.15 2.161109671848014 1158
stats: page 278 2553.872377697838 1899.022671703142 7535.753 9.833 578.3536855104281 1822
stats: 302 186 1309
stats: 200 461 3741
stats: size_rcv 540499 4313010
stats: newphase 1 9
stats: size_sent 544158 4234084
stats: connected 115 702
# stats: dump at 1575464526
stats: users 830 831
stats: {recvpackets,"tsung_controller@ip-172-31-23-21"} 1 2798.0 0.0 2798 69 1026.2777777777778 18
stats: {sentpackets,"tsung_controller@ip-172-31-23-21"} 1 2238.0 0.0 2238 70 849.1666666666666 18
stats: {cpu,"tsung_controller@ip-172-31-23-21"} 1 4.581673306772909 0.0 4.581673306772909 0.4 2.010815120408995 19
stats: {load,"tsung_controller@ip-172-31-23-21"} 1 0.0 0.0 0.16015625 0.0 0.05078125 19
stats: {freemem,"tsung_controller@ip-172-31-23-21"} 1 3460.65625 0.0 3522.78125 3460.65625 3508.452508223684 19
stats: session 63 57372.23741269841 20712.424305457447 92025.892 35066.137 52458.47568018017 444
stats: users_count 174 1337
stats: finish_users_count 63 507
stats: request 765 1486.4033895424843 1169.150876155841 3727.014 0.84 389.19891405940615 5050
stats: connect 207 1.646096618357488 0.7076148481155471 356.823 1.15 2.0620903703703704 1350
stats: page 328 3211.8466615853654 3224.834245516698 11252.789 0.915 839.874731428571 2100
stats: 302 127 1436
stats: 200 413 4154
stats: size_rcv 541764 4854774
stats: newphase 0 9
stats: 502 224 224
stats: size_sent 617822 4851906
stats: connected 102 804
stats: 500 1 1
# stats: dump at 1575464536
stats: users 939 940
stats: {recvpackets,"tsung_controller@ip-172-31-23-21"} 1 2922.0 0.0 2922 69 1119.5263157894738 19
stats: {sentpackets,"tsung_controller@ip-172-31-23-21"} 1 2526.0 0.0 2526 70 922.2631578947369 19
stats: {cpu,"tsung_controller@ip-172-31-23-21"} 1 6.317867719644619 0.0 6.317867719644619 0.4 2.13935802972719 20
stats: {load,"tsung_controller@ip-172-31-23-21"} 1 0.0 0.0 0.16015625 0.0 0.0482421875 20
stats: {freemem,"tsung_controller@ip-172-31-23-21"} 1 3445.08984375 0.0 3522.78125 3445.08984375 3506.0626953125 20
stats: session 95 57847.47377894739 22140.03348963957 93851.128 35066.137 53069.06145759368 507
stats: users_count 204 1541
stats: finish_users_count 95 602
stats: request 1090 1035.5009321100933 1353.769610479565 4583.089 0.828 533.5430969905419 5815
stats: connect 239 1.4360418410041842 0.276951905720048 356.823 1.15 2.0067848426461143 1557
stats: page 414 2178.4746594202898 3409.1719069253772 12090.306 0.913 1160.3058653212515 2428
stats: 302 101 1537
stats: 200 376 4530
stats: size_rcv 616616 5471390
stats: newphase 1 10
stats: 502 613 837
stats: size_sent 823200 5675106
stats: connected 114 918
stats: 500 0 1
# stats: dump at 1575464546
stats: users 1069 1069
stats: {recvpackets,"tsung_controller@ip-172-31-23-21"} 1 3457.0 0.0 3457 69 1209.65 20
stats: {sentpackets,"tsung_controller@ip-172-31-23-21"} 1 3279.0 0.0 3279 70 1002.45 20
stats: {cpu,"tsung_controller@ip-172-31-23-21"} 1 8.390918065153011 0.0 8.390918065153011 0.4 2.3383346816280204 21
stats: {load,"tsung_controller@ip-172-31-23-21"} 1 0.0 0.0 0.16015625 0.0 0.04594494047619048 21
stats: {freemem,"tsung_controller@ip-172-31-23-21"} 1 3439.21484375 0.0 3522.78125 3439.21484375 3503.159226190476 21
stats: session 120 54839.790991666676 19108.390669327007 96610.05 35066.137 53823.129847176075 602
stats: users_count 250 1791
stats: finish_users_count 120 722
stats: request 1179 1329.452050890585 1416.5152389374769 4797.207 0.82 612.7804670528607 6905
stats: connect 291 1.476948453608248 0.8212078235374948 356.823 1.048 1.9308340757238307 1796
stats: page 492 3387.017310975608 4480.8104662924425 14774.555 0.911 1308.6246129486274 2842
stats: 302 153 1690
stats: 200 445 4975
stats: size_rcv 697861 6169251
stats: newphase 0 10
stats: 502 580 1417
stats: size_sent 870108 6545214
stats: connected 52 970
stats: 500 1 2
# stats: dump at 1575464556
stats: users 1192 1192
stats: {recvpackets,"tsung_controller@ip-172-31-23-21"} 1 3836.0 0.0 3836 69 1316.6666666666667 21
stats: {sentpackets,"tsung_controller@ip-172-31-23-21"} 1 3467.0 0.0 3467 70 1110.857142857143 21
stats: {cpu,"tsung_controller@ip-172-31-23-21"} 1 7.27630285152409 0.0 8.390918065153011 0.4 2.6134521081518836 22
stats: {load,"tsung_controller@ip-172-31-23-21"} 1 0.0 0.0 0.16015625 0.0 0.043856534090909095 22
stats: {freemem,"tsung_controller@ip-172-31-23-21"} 1 3437.703125 0.0 3522.78125 3437.703125 3500.2526633522725 22
stats: session 133 55037.96043609023 21135.426149429317 96610.05 35011.722 53992.103998614955 722
stats: users_count 256 2047
stats: finish_users_count 133 855
stats: request 1306 992.3017343032159 1210.057159466901 4797.207 0.82 717.3024607867395 8084
stats: connect 294 1.4191054421768707 0.32070639364185366 356.823 1.048 1.8675467177767129 2087
stats: page 493 2759.3365456389442 4077.1592084941353 14774.555 0.885 1615.3340332933406 3334
stats: 302 143 1833
stats: 200 394 5369
stats: size_rcv 707613 6876864
stats: newphase 1 11
stats: 502 757 2174
stats: size_sent 931932 7477146
stats: connected -10 960
stats: 500 12 14
# stats: dump at 1575464566
stats: users 1350 1350
stats: {recvpackets,"tsung_controller@ip-172-31-23-21"} 1 4224.0 0.0 4224 69 1431.1818181818182 22
stats: {sentpackets,"tsung_controller@ip-172-31-23-21"} 1 3819.0 0.0 3819 70 1217.9545454545455 22
stats: {cpu,"tsung_controller@ip-172-31-23-21"} 1 7.220573689416419 0.0 8.390918065153011 0.4 2.8161847491680665 23
stats: {load,"tsung_controller@ip-172-31-23-21"} 1 0.0 0.0 0.16015625 0.0 0.04194972826086957 23
stats: {freemem,"tsung_controller@ip-172-31-23-21"} 1 3436.60546875 0.0 3522.78125 3436.60546875 3497.5331182065215 23
stats: session 111 56441.82966666668 21907.390275549715 96610.05 35011.542 54154.79277777777 855
stats: users_count 269 2316
stats: finish_users_count 111 966
stats: request 1182 1116.0825964467022 1092.1924035163102 4797.207 0.82 755.5504960596381 9390
stats: connect 368 1.510961956521741 0.9938707753616215 356.823 1.048 1.8121742965140695 2381
stats: page 526 2693.214399239545 3484.737221047444 14774.555 0.882 1762.7061886595236 3827
stats: 302 176 2009
stats: 200 448 5817
stats: size_rcv 725971 7602835
stats: newphase 0 11
stats: 502 541 2715
stats: size_sent 800113 8277259
stats: connected 29 989
stats: 500 17 31
# stats: dump at 1575464576
stats: users 1288 1397
stats: {recvpackets,"tsung_controller@ip-172-31-23-21"} 1 4556.0 0.0 4556 69 1552.608695652174 23
stats: {sentpackets,"tsung_controller@ip-172-31-23-21"} 1 4212.0 0.0 4212 70 1331.0434782608695 23
stats: {cpu,"tsung_controller@ip-172-31-23-21"} 1 8.69140625 0.0 8.69140625 0.4 2.999700955011748 24
stats: {load,"tsung_controller@ip-172-31-23-21"} 1 0.0 0.0 0.16015625 0.0 0.040201822916666664 24
stats: {freemem,"tsung_controller@ip-172-31-23-21"} 1 3435.46484375 0.0 3522.78125 3435.46484375 3494.9944661458335 24
stats: session 137 58725.48680291974 22051.90848139633 96610.05 35011.476 54417.58894202898 966
stats: users_count 75 2391
stats: finish_users_count 137 1103
stats: request 1205 1052.1695070539417 1314.6908694652961 4797.207 0.818 795.8597036511544 10572
stats: connect 243 2.0018230452674883 3.6202927202381954 356.823 1.048 1.7718519461622408 2749
stats: page 450 2294.517753333331 3355.8496550964123 14774.555 0.882 1875.1452694693307 4353
stats: 302 107 2116
stats: 200 349 6166
stats: size_rcv 668811 8271646
stats: newphase 0 11
stats: 502 718 3433
stats: size_sent 887848 9165107
stats: connected -20 969
stats: 500 31 62
# stats: dump at 1575464586
stats: users 1111 1397
stats: {recvpackets,"tsung_controller@ip-172-31-23-21"} 1 3227.0 0.0 4556 69 1677.75 24
stats: {sentpackets,"tsung_controller@ip-172-31-23-21"} 1 2947.0 0.0 4212 70 1451.0833333333333 24
stats: {cpu,"tsung_controller@ip-172-31-23-21"} 1 5.158730158730158 0.0 8.69140625 0.4 3.227369166811278 25
stats: {load,"tsung_controller@ip-172-31-23-21"} 1 0.1484375 0.0 0.16015625 0.0 0.03859375 25
stats: {freemem,"tsung_controller@ip-172-31-23-21"} 1 3435.21875 0.0 3522.78125 3435.21875 3492.61328125 25
stats: session 177 55976.84649717511 22256.03444127301 100822.722 35011.111 54952.658757932906 1103
stats: users_count 0 2391
stats: finish_users_count 177 1280
stats: request 1083 1233.9035069252059 1831.2479137996463 4962.984 0.818 822.0848300076423 11777
stats: connect 67 1.6871044776119404 0.9894325093592617 356.823 1.048 1.7905294117647057 2992
stats: page 359 2881.979331476325 5091.25804027036 17858.282 0.882 1914.4368825733907 4803
stats: 302 60 2176
stats: 200 264 6430
stats: size_rcv 551925 8823571
stats: newphase 0 11
stats: 502 741 4174
stats: size_sent 798565 9963672
stats: connected -113 856
stats: 500 18 80
# stats: dump at 1575464596
stats: users 930 1397
stats: {recvpackets,"tsung_controller@ip-172-31-23-21"} 1 2407.0 0.0 4556 69 1739.72 25
stats: {sentpackets,"tsung_controller@ip-172-31-23-21"} 1 2282.0 0.0 4212 70 1510.92 25
stats: {cpu,"tsung_controller@ip-172-31-23-21"} 1 4.179104477611941 0.0 8.69140625 0.4 3.301652281885081 26
stats: {load,"tsung_controller@ip-172-31-23-21"} 1 0.12890625 0.0 0.16015625 0.0 0.042818509615384616 26
stats: {freemem,"tsung_controller@ip-172-31-23-21"} 1 3435.20703125 0.0 3522.78125 3435.20703125 3490.405799278846 26
stats: session 181 61839.595044198875 23789.950165480557 104131.613 35011.111 55094.28471874999 1280
stats: users_count 0 2391
stats: finish_users_count 181 1461
stats: request 1142 1127.9654448336275 1968.7361730104592 5697.823 0.818 856.7659829704511 12860
stats: connect 86 1.4866627906976746 0.17552543117041713 356.823 1.048 1.7882641386073879 3059
stats: page 398 2773.857497487435 6095.276514108497 21553.049 0.882 1981.7262547462215 5162
stats: 302 55 2231
stats: 200 213 6643
stats: size_rcv 531078 9354649
stats: newphase 0 11
stats: 502 857 5031
stats: size_sent 856071 10819743
stats: connected -100 756
stats: 500 17 97
# stats: dump at 1575464606
stats: users 735 1397
stats: {recvpackets,"tsung_controller@ip-172-31-23-21"} 1 2533.0 0.0 4556 69 1765.3846153846155 26
stats: {sentpackets,"tsung_controller@ip-172-31-23-21"} 1 2464.0 0.0 4212 70 1540.576923076923 26
stats: {cpu,"tsung_controller@ip-172-31-23-21"} 1 3.711133400200602 0.0 8.69140625 0.4 3.3341505113564462 27
stats: {load,"tsung_controller@ip-172-31-23-21"} 1 0.109375 0.0 0.16015625 0.0 0.04600694444444445 27
stats: {freemem,"tsung_controller@ip-172-31-23-21"} 1 3435.0703125 0.0 3522.78125 3435.0703125 3488.361400462963 27
stats: session 195 58695.84617435898 23531.07039449907 106093.135 35011.111 55929.9460253251 1461
stats: users_count 0 2391
stats: finish_users_count 195 1656
stats: request 1155 1267.6983298701305 1870.7077982451838 5697.823 0.818 878.8849506499074 14002
stats: connect 108 7.45951851851852 26.609903604875537 356.823 1.048 1.7800168521462636 3145
stats: page 372 4400.405766129035 7543.2236032465935 22391.896 0.882 2038.4291746402869 5560
stats: 302 73 2304
stats: 200 269 6912
stats: size_rcv 594396 9949045
stats: newphase 0 11
stats: 502 786 5817
stats: size_sent 819471 11639214
stats: connected -104 652
stats: 500 27 124
# stats: dump at 1575464616
stats: users 617 1397
stats: {recvpackets,"tsung_controller@ip-172-31-23-21"} 1 2738.0 0.0 4556 69 1793.8148148148148 27
stats: {sentpackets,"tsung_controller@ip-172-31-23-21"} 1 2608.0 0.0 4212 70 1574.7777777777778 27
stats: {cpu,"tsung_controller@ip-172-31-23-21"} 1 4.761904761904762 0.0 8.69140625 0.4 3.3476141859580233 28
stats: {load,"tsung_controller@ip-172-31-23-21"} 1 0.08984375 0.0 0.16015625 0.0 0.04827008928571429 28
stats: {freemem,"tsung_controller@ip-172-31-23-21"} 1 3434.9453125 0.0 3522.78125 3434.9453125 3486.4581473214284 28
stats: session 118 73052.98386440676 18661.53077855521 108901.585 35011.111 56255.6407892512 1656
stats: users_count 0 2391
stats: finish_users_count 118 1774
stats: request 770 1702.1694155844145 2277.3818304807223 6293.689 0.811 908.5134690242135 15157
stats: connect 119 1.7594705882352943 1.3091443727224077 356.823 1.048 1.9685770058407621 3253
stats: page 238 3938.126554621849 7070.877408691097 22391.896 0.882 2186.550430883344 5932
stats: 302 65 2369
stats: 200 199 7111
stats: size_rcv 412005 10361050
stats: newphase 0 11
stats: 502 488 6305
stats: size_sent 523102 12162316
stats: connected -94 558
stats: 500 18 142
# stats: dump at 1575464626
stats: users 481 1397
stats: {recvpackets,"tsung_controller@ip-172-31-23-21"} 1 2243.0 0.0 4556 69 1827.5357142857142 28
stats: {sentpackets,"tsung_controller@ip-172-31-23-21"} 1 1964.0 0.0 4212 70 1611.6785714285713 28
stats: {cpu,"tsung_controller@ip-172-31-23-21"} 1 3.3099297893681046 0.0 8.69140625 0.4 3.396382826507911 29
stats: {load,"tsung_controller@ip-172-31-23-21"} 1 0.078125 0.0 0.16015625 0.0 0.049703663793103446 29
stats: {freemem,"tsung_controller@ip-172-31-23-21"} 1 3441.4375 0.0 3522.78125 3434.9453125 3484.681842672414 29
stats: session 136 84523.73344117643 17858.581963320976 110905.713 35011.111 57372.93869391205 1774
stats: users_count 0 2391
stats: finish_users_count 136 1910
stats: request 732 1962.0222786885242 2209.54446071519 6293.689 0.811 946.8832234570228 15927
stats: connect 140 1.500985714285714 0.7014329108099698 356.823 1.048 1.961197508896797 3372
stats: page 268 6905.45354477612 9012.93516427807 23583.705 0.882 2254.1152797406803 6170
stats: 302 108 2477
stats: 200 183 7294
stats: size_rcv 421789 10782839
stats: newphase 0 11
stats: 502 395 6700
stats: size_sent 458365 12620681
stats: connected -142 416
stats: 500 46 188
# stats: dump at 1575464636
stats: users 244 1397
stats: {recvpackets,"tsung_controller@ip-172-31-23-21"} 1 2348.0 0.0 4556 69 1841.8620689655172 29
stats: {sentpackets,"tsung_controller@ip-172-31-23-21"} 1 2039.0 0.0 4212 70 1623.8275862068965 29
stats: {cpu,"tsung_controller@ip-172-31-23-21"} 1 3.106212424849699 0.0 8.69140625 0.4 3.3935010586032504 30
stats: {load,"tsung_controller@ip-172-31-23-21"} 1 0.05859375 0.0 0.16015625 0.0 0.05065104166666667 30
stats: {freemem,"tsung_controller@ip-172-31-23-21"} 1 3441.484375 0.0 3522.78125 3434.9453125 3483.2403645833333 30
stats: session 237 88640.49777215194 8868.573707119007 112406.683 35011.111 59306.18900052355 1910
stats: users_count 0 2391
stats: finish_users_count 237 2147
stats: request 1140 565.4654517543883 1163.8224276922579 6293.689 0.811 991.4886492586592 16659
stats: connect 140 1.4791642857142864 0.6714200581147209 356.823 1.048 1.9428519362186787 3512
stats: page 399 3518.598483709277 5857.688793633194 23583.705 0.882 2447.740420316868 6438
stats: 302 539 3016
stats: 200 370 7664
stats: size_rcv 672010 11454849
stats: newphase 0 11
stats: 502 84 6784
stats: size_sent 686643 13307324
stats: connected -217 199
stats: 500 147 335
# stats: dump at 1575464646
stats: users 81 1397
stats: {recvpackets,"tsung_controller@ip-172-31-23-21"} 1 3894.0 0.0 4556 69 1858.7333333333333 30
stats: {sentpackets,"tsung_controller@ip-172-31-23-21"} 1 3115.0 0.0 4212 70 1637.6666666666667 30
stats: {cpu,"tsung_controller@ip-172-31-23-21"} 1 4.504504504504505 0.0 8.69140625 0.4 3.3842336833208777 31
stats: {load,"tsung_controller@ip-172-31-23-21"} 1 0.05078125 0.0 0.16015625 0.0 0.05090725806451613 31
stats: {freemem,"tsung_controller@ip-172-31-23-21"} 1 3450.421875 0.0 3522.78125 3434.9453125 3481.8933971774195 31
stats: session 163 84557.20430674848 3178.730305158439 112406.683 35011.111 62544.30319655333 2147
stats: users_count 0 2391
stats: finish_users_count 163 2310
stats: request 913 6.696435925520254 2.9264543478136646 6293.689 0.811 964.2024845777856 17799
stats: connect 79 1.5274556962025319 0.26356858677753625 356.823 1.048 1.925076396495071 3652
stats: page 246 24.93622357723578 12.96054208923227 23583.705 0.882 2510.2345503875963 6837
stats: 302 500 3516
stats: 200 333 7997
stats: size_rcv 482181 11937030
stats: newphase 0 11
stats: 502 0 6784
stats: size_sent 718664 14025988
stats: connected -119 80
stats: 500 80 415
# stats: dump at 1575464656
stats: users 5 1397
stats: {recvpackets,"tsung_controller@ip-172-31-23-21"} 1 2638.0 0.0 4556 69 1924.3870967741937 31
stats: {sentpackets,"tsung_controller@ip-172-31-23-21"} 1 2317.0 0.0 4212 70 1685.3225806451612 31
stats: {cpu,"tsung_controller@ip-172-31-23-21"} 1 3.1124497991967868 0.0 8.69140625 0.4 3.4192421464828664 32
stats: {load,"tsung_controller@ip-172-31-23-21"} 1 0.05078125 0.0 0.16015625 0.0 0.0509033203125 32
stats: {freemem,"tsung_controller@ip-172-31-23-21"} 1 3451.57421875 0.0 3522.78125 3434.9453125 3480.909912109375 32
stats: session 76 84185.08472368424 3137.1363251652397 112406.683 35011.111 64097.59448701298 2310
stats: users_count 0 2391
stats: finish_users_count 76 2386
stats: request 402 5.7916915422885555 1.564436234150976 6293.689 0.811 917.4836398567768 18712
stats: connect 5 1.7078 0.15012714611288655 356.823 1.048 1.9166571964620742 3731
stats: page 85 27.769270588235297 5.98524901322505 23583.705 0.882 2423.91753946068 7083
stats: 302 238 3754
stats: 200 159 8156
stats: size_rcv 167356 12104386
stats: newphase 0 11
stats: 502 0 6784
stats: size_sent 319538 14345526
stats: connected -75 5
stats: 500 5 420
# stats: dump at 1575464659
stats: users 0 1397
stats: {recvpackets,"tsung_controller@ip-172-31-23-21"} 1 792.0 0.0 4556 69 1946.6875 32
stats: {sentpackets,"tsung_controller@ip-172-31-23-21"} 1 684.0 0.0 4212 70 1705.0625 32
stats: {cpu,"tsung_controller@ip-172-31-23-21"} 1 1.4940239043824701 0.0 8.69140625 0.4 3.4099454086863186 33
stats: {load,"tsung_controller@ip-172-31-23-21"} 1 0.0390625 0.0 0.16015625 0.0 0.050899621212121215 33
stats: {freemem,"tsung_controller@ip-172-31-23-21"} 1 3451.7734375 0.0 3522.78125 3434.9453125 3480.0209517045455 33
stats: session 5 89163.54199999999 66.90579272978115 112406.683 35011.111 64737.4307225482 2386
stats: users_count 0 2391
stats: finish_users_count 5 2391
stats: request 25 5.913080000000001 0.9925669718462322 6293.689 0.811 898.3092041958778 19114
stats: connect 0 0 0 356.823 1.048 1.9163776766595286 3736
stats: page 5 29.7794 1.509826956972222 23583.705 0.882 2395.5033928571424 7168
stats: 302 15 3769
stats: 200 10 8166
stats: size_rcv 9935 12114321
stats: newphase 0 11
stats: 502 0 6784
stats: size_sent 25626 14371152
stats: connected -5 0
stats: 500 0 420
EndMonitor:{1575,464659,872015}
