# stats: dump at 1575465290
stats: users 4 4
stats: {cpu,"tsung_controller@ip-172-31-23-21"} 1 1.7596003572225942 0 1.7596003572225942 1.7596003572225942 0 0
stats: {load,"tsung_controller@ip-172-31-23-21"} 1 0.05078125 0 0.05078125 0.05078125 0 0
stats: {freemem,"tsung_controller@ip-172-31-23-21"} 1 3512.3125 0 3512.3125 3512.3125 0 0
stats: users_count 4 4
stats: finish_users_count 0 0
stats: request 10 45.748599999999996 32.761280912687155 115.588 11.427 0 0
stats: connect 4 4.736000000000001 6.160065137642621 15.405 1.078 0 0
stats: page 4 114.87525 39.71776218126469 171.666 59.35 0 0
stats: 302 4 4
stats: 200 6 6
stats: size_rcv 6669 6669
stats: size_sent 6545 6545
stats: connected 4 4
# stats: dump at 1575465300
stats: users 14 14
stats: {recvpackets,"tsung_controller@ip-172-31-23-21"} 1 638 0 638 638 0 0
stats: {sentpackets,"tsung_controller@ip-172-31-23-21"} 1 575 0 575 575 0 0
stats: {cpu,"tsung_controller@ip-172-31-23-21"} 1 0.6012024048096193 0.0 1.7596003572225942 0.6012024048096193 1.7596003572225942 1
stats: {load,"tsung_controller@ip-172-31-23-21"} 1 0.0390625 0.0 0.05078125 0.0390625 0.05078125 1
stats: {freemem,"tsung_controller@ip-172-31-23-21"} 1 3514.19921875 0.0 3514.19921875 3512.3125 3512.3125 1
stats: users_count 10 14
stats: finish_users_count 0 0
stats: request 18 28.803277777777776 24.932666802155037 115.588 11.427 45.748599999999996 10
stats: connect 10 1.3132 0.06640903552981327 15.405 1.078 4.736000000000001 4
stats: page 10 51.9086 45.60590012092734 171.666 12.104 114.87525 4
stats: 302 10 14
stats: 200 8 14
stats: size_rcv 9508 16177
stats: size_sent 9656 16201
stats: connected 10 14
# stats: dump at 1575465310
stats: users 26 26
stats: {recvpackets,"tsung_controller@ip-172-31-23-21"} 1 404.0 0.0 638 404 638.0 1
stats: {sentpackets,"tsung_controller@ip-172-31-23-21"} 1 243.0 0.0 575 243 575.0 1
stats: {cpu,"tsung_controller@ip-172-31-23-21"} 1 0.2008032128514056 0.0 1.7596003572225942 0.2008032128514056 1.1804013810161067 2
stats: {load,"tsung_controller@ip-172-31-23-21"} 1 0.0390625 0.0 0.05078125 0.0390625 0.044921875 2
stats: {freemem,"tsung_controller@ip-172-31-23-21"} 1 3516.828125 0.0 3516.828125 3512.3125 3513.255859375 2
stats: users_count 12 26
stats: finish_users_count 0 0
stats: request 21 20.780714285714282 13.24240386803248 115.588 11.427 34.85517857142857 28
stats: connect 9 1.3691111111111107 0.0856121025250836 15.405 1.078 2.2911428571428574 14
stats: page 9 48.57066666666666 22.115121011048828 171.666 11.575 69.89907142857143 14
stats: 302 9 23
stats: 200 12 26
stats: size_rcv 13470 29647
stats: newphase 1 1
stats: size_sent 13355 29556
stats: connected 9 23
# stats: dump at 1575465320
stats: users 45 45
stats: {recvpackets,"tsung_controller@ip-172-31-23-21"} 1 148.0 0.0 638 148 521.0 2
stats: {sentpackets,"tsung_controller@ip-172-31-23-21"} 1 148.0 0.0 575 148 409.0 2
stats: {cpu,"tsung_controller@ip-172-31-23-21"} 1 0.4995004995004995 0.0 1.7596003572225942 0.2008032128514056 0.8538686582945396 3
stats: {load,"tsung_controller@ip-172-31-23-21"} 1 0.03125 0.0 0.05078125 0.03125 0.04296875 3
stats: {freemem,"tsung_controller@ip-172-31-23-21"} 1 3516.5078125 0.0 3516.828125 3512.3125 3514.4466145833335 3
stats: session 1 35837.744 0 35837.744 35837.744 0 0
stats: users_count 20 46
stats: finish_users_count 1 1
stats: request 55 28.639527272727275 61.45370172705911 345.201 11.356 28.823265306122448 49
stats: connect 21 1.363952380952381 0.1949633607069302 15.405 0.968 1.9303478260869564 23
stats: page 23 68.58939130434784 146.35069110715716 749.552 11.575 61.55317391304347 23
stats: 302 21 44
stats: 200 34 60
stats: size_rcv 37764 67411
stats: newphase 0 1
stats: size_sent 37178 66734
stats: connected 20 43
# stats: dump at 1575465330
stats: users 62 62
stats: {recvpackets,"tsung_controller@ip-172-31-23-21"} 1 155.0 0.0 638 148 396.6666666666667 3
stats: {sentpackets,"tsung_controller@ip-172-31-23-21"} 1 150.0 0.0 575 148 322.0 3
stats: {cpu,"tsung_controller@ip-172-31-23-21"} 1 0.4008016032064128 0.0 1.7596003572225942 0.2008032128514056 0.7652766185960296 4
stats: {load,"tsung_controller@ip-172-31-23-21"} 1 0.01953125 0.0 0.05078125 0.01953125 0.0400390625 4
stats: {freemem,"tsung_controller@ip-172-31-23-21"} 1 3515.5625 0.0 3516.828125 3512.3125 3514.9619140625 4
stats: session 3 35850.53333333333 74.71996383980662 35948.081 35766.575 35837.744 1
stats: users_count 20 66
stats: finish_users_count 3 4
stats: request 74 45.210918918918935 96.5508053547047 441.707 11.078 28.726096153846154 104
stats: connect 21 1.2883809523809522 0.19091820142979601 15.405 0.932 1.6600227272727273 44
stats: page 30 111.61356666666666 225.7381972285127 831.063 11.575 65.07128260869567 46
stats: 302 21 65
stats: 200 53 113
stats: size_rcv 58252 125663
stats: newphase 1 2
stats: size_sent 56184 122918
stats: connected 18 61
# stats: dump at 1575465340
stats: users 94 94
stats: {recvpackets,"tsung_controller@ip-172-31-23-21"} 1 259.0 0.0 638 148 336.25 4
stats: {sentpackets,"tsung_controller@ip-172-31-23-21"} 1 247.0 0.0 575 148 279.0 4
stats: {cpu,"tsung_controller@ip-172-31-23-21"} 1 0.30120481927710846 0.0 1.7596003572225942 0.2008032128514056 0.6923816155181062 5
stats: {load,"tsung_controller@ip-172-31-23-21"} 1 0.01953125 0.0 0.05078125 0.01953125 0.0359375 5
stats: {freemem,"tsung_controller@ip-172-31-23-21"} 1 3513.75390625 0.0 3516.828125 3512.3125 3515.08203125 5
stats: session 4 35822.3475 17.64272158001989 35948.081 35766.575 35847.336 4
stats: users_count 36 102
stats: finish_users_count 4 8
stats: request 87 47.73803448275863 98.96641219451168 441.707 11.078 35.57933707865169 178
stats: connect 34 1.2738823529411765 0.17166755915155288 15.405 0.894 1.539953846153846 65
stats: page 41 101.3661707317073 218.84272668454614 831.063 11.463 83.44323684210526 76
stats: 302 34 99
stats: 200 53 166
stats: size_rcv 59287 184950
stats: newphase 0 2
stats: size_sent 59087 182005
stats: connected 30 91
# stats: dump at 1575465350
stats: users 117 117
stats: {recvpackets,"tsung_controller@ip-172-31-23-21"} 1 373.0 0.0 638 148 320.8 5
stats: {sentpackets,"tsung_controller@ip-172-31-23-21"} 1 350.0 0.0 575 148 272.6 5
stats: {cpu,"tsung_controller@ip-172-31-23-21"} 1 0.7007007007007007 0.0 1.7596003572225942 0.2008032128514056 0.6271854828112732 6
stats: {load,"tsung_controller@ip-172-31-23-21"} 1 0.01953125 0.0 0.05078125 0.01953125 0.033203125 6
stats: {freemem,"tsung_controller@ip-172-31-23-21"} 1 3512.93359375 0.0 3516.828125 3512.3125 3514.8606770833335 6
stats: session 5 35836.8052 37.70536223085307 35948.081 35766.575 35834.84175000001 8
stats: users_count 28 130
stats: finish_users_count 5 13
stats: request 98 52.63464285714284 108.37204213671832 459.615 10.318 39.5710603773585 265
stats: connect 30 2.0875999999999997 4.027638519033206 23.718 0.894 1.4485757575757574 99
stats: page 42 122.90133333333335 247.88816030522304 851.851 11.238 89.72392307692307 117
stats: 302 30 129
stats: 200 68 234
stats: size_rcv 74960 259910
stats: newphase 1 3
stats: size_sent 72971 254976
stats: connected 23 114
# stats: dump at 1575465360
stats: users 148 148
stats: {recvpackets,"tsung_controller@ip-172-31-23-21"} 1 297.0 0.0 638 148 329.5 6
stats: {sentpackets,"tsung_controller@ip-172-31-23-21"} 1 278.0 0.0 575 148 285.5 6
stats: {cpu,"tsung_controller@ip-172-31-23-21"} 1 0.6018054162487462 0.0 1.7596003572225942 0.2008032128514056 0.6376876567954771 7
stats: {load,"tsung_controller@ip-172-31-23-21"} 1 0.01171875 0.0 0.05078125 0.01171875 0.03125 7
stats: {freemem,"tsung_controller@ip-172-31-23-21"} 1 3512.09765625 0.0 3516.828125 3512.09765625 3514.585379464286 7
stats: session 5 35799.533800000005 67.64763856454988 35948.081 35745.682 35835.596923076926 13
stats: users_count 36 166
stats: finish_users_count 5 18
stats: request 111 48.08212612612615 96.88403896542692 464.181 10.318 43.097867768595044 363
stats: connect 39 1.7885897435897435 1.5439294476698038 23.718 0.894 1.5971860465116277 129
stats: page 49 109.00042857142863 221.5244765319975 878.166 11.238 98.4877672955975 159
stats: 302 36 165
stats: 200 75 309
stats: size_rcv 85085 344995
stats: newphase 0 3
stats: size_sent 81244 336220
stats: connected 32 146
# stats: dump at 1575465370
stats: users 173 173
stats: {recvpackets,"tsung_controller@ip-172-31-23-21"} 1 450.0 0.0 638 148 324.85714285714283 7
stats: {sentpackets,"tsung_controller@ip-172-31-23-21"} 1 411.0 0.0 575 148 284.42857142857144 7
stats: {cpu,"tsung_controller@ip-172-31-23-21"} 1 0.6024096385542169 0.0 1.7596003572225942 0.2008032128514056 0.6332023767271358 8
stats: {load,"tsung_controller@ip-172-31-23-21"} 1 0.01171875 0.0 0.05078125 0.01171875 0.02880859375 8
stats: {freemem,"tsung_controller@ip-172-31-23-21"} 1 3510.53125 0.0 3516.828125 3510.53125 3514.2744140625 8
stats: session 16 44344.8976875 17587.689934088314 80989.416 35745.682 35825.57938888889 18
stats: users_count 41 207
stats: finish_users_count 16 34
stats: request 177 86.66707909604517 146.3842006680164 533.638 7.3 44.26506751054853 474
stats: connect 44 1.5049090909090912 0.7234457577889374 23.718 0.894 1.6416190476190475 168
stats: page 78 196.51320512820516 330.78398621310987 1008.693 11.09 100.96430769230771 208
stats: 302 42 207
stats: 200 135 444
stats: size_rcv 152994 497989
stats: newphase 1 4
stats: size_sent 147517 483737
stats: connected 24 170
# stats: dump at 1575465380
stats: users 213 213
stats: {recvpackets,"tsung_controller@ip-172-31-23-21"} 1 750.0 0.0 750 148 340.5 8
stats: {sentpackets,"tsung_controller@ip-172-31-23-21"} 1 655.0 0.0 655 148 300.25 8
stats: {cpu,"tsung_controller@ip-172-31-23-21"} 1 1.1077542799597182 0.0 1.7596003572225942 0.2008032128514056 0.6297809613745893 9
stats: {load,"tsung_controller@ip-172-31-23-21"} 1 0.078125 0.0 0.078125 0.01171875 0.026909722222222224 9
stats: {freemem,"tsung_controller@ip-172-31-23-21"} 1 3506.34765625 0.0 3516.828125 3506.34765625 3513.8585069444443 9
stats: session 20 44970.64485 18050.355306353853 81128.845 35745.682 39834.670352941175 34
stats: users_count 60 267
stats: finish_users_count 20 54
stats: request 241 91.14711203319501 156.0047268853762 621.239 7.3 55.79372503840245 651
stats: connect 67 17.080402985074624 61.14868654208919 385.994 0.894 1.613245283018868 212
stats: page 100 219.96928999999997 352.74959602838084 1197.552 11.09 127.02309790209793 286
stats: 302 65 272
stats: 200 176 620
stats: size_rcv 200172 698161
stats: newphase 0 4
stats: size_sent 191465 675202
stats: connected 31 201
# stats: dump at 1575465390
stats: users 233 233
stats: {recvpackets,"tsung_controller@ip-172-31-23-21"} 1 978.0 0.0 978 148 386.0 9
stats: {sentpackets,"tsung_controller@ip-172-31-23-21"} 1 846.0 0.0 846 148 339.6666666666667 9
stats: {cpu,"tsung_controller@ip-172-31-23-21"} 1 1.411290322580645 0.0 1.7596003572225942 0.2008032128514056 0.6775782932331021 10
stats: {load,"tsung_controller@ip-172-31-23-21"} 1 0.0703125 0.0 0.078125 0.01171875 0.03203125 10
stats: {freemem,"tsung_controller@ip-172-31-23-21"} 1 3503.984375 0.0 3516.828125 3503.984375 3513.107421875 10
stats: session 18 48433.65505555555 20182.08056497766 81128.845 35745.682 41736.88312962963 54
stats: users_count 38 305
stats: finish_users_count 18 72
stats: request 204 88.31335784313731 152.0246280941709 621.239 7.3 65.34548094170403 892
stats: connect 52 1.6099230769230768 1.1454632224924728 385.994 0.894 5.327580645161289 279
stats: page 84 213.91985714285715 350.3293947754959 1197.552 11.09 151.10242227979276 386
stats: 302 45 317
stats: 200 159 779
stats: size_rcv 186905 885066
stats: newphase 1 5
stats: size_sent 178566 853768
stats: connected 25 226
# stats: dump at 1575465400
stats: users 256 256
stats: {recvpackets,"tsung_controller@ip-172-31-23-21"} 1 858.0 0.0 978 148 445.2 10
stats: {sentpackets,"tsung_controller@ip-172-31-23-21"} 1 710.0 0.0 846 148 390.3 10
stats: {cpu,"tsung_controller@ip-172-31-23-21"} 1 1.503006012024048 0.0 1.7596003572225942 0.2008032128514056 0.7442793868101515 11
stats: {load,"tsung_controller@ip-172-31-23-21"} 1 0.05859375 0.0 0.078125 0.01171875 0.03551136363636364 11
stats: {freemem,"tsung_controller@ip-172-31-23-21"} 1 3503.09765625 0.0 3516.828125 3503.09765625 3512.2780539772725 11
stats: session 29 57944.59344827585 22583.90580211366 81910.023 35745.682 43411.076111111106 72
stats: users_count 52 357
stats: finish_users_count 29 101
stats: request 304 121.94244078947376 213.59699191895336 868.073 7.3 69.62052372262774 1096
stats: connect 67 1.252985074626866 0.1807807687349443 385.994 0.894 4.743537764350452 331
stats: page 120 306.07007499999986 485.88162316455157 1490.878 11.09 162.32936808510638 470
stats: 302 65 382
stats: 200 239 1018
stats: size_rcv 278784 1163850
stats: newphase 0 5
stats: size_sent 262638 1116406
stats: connected 18 244
# stats: dump at 1575465410
stats: users 270 272
stats: {recvpackets,"tsung_controller@ip-172-31-23-21"} 1 1205.0 0.0 1205 148 482.72727272727275 11
stats: {sentpackets,"tsung_controller@ip-172-31-23-21"} 1 1.0e3 0.0 1000 148 419.3636363636364 11
stats: {cpu,"tsung_controller@ip-172-31-23-21"} 1 1.8072289156626504 0.0 1.8072289156626504 0.2008032128514056 0.8075066055779763 12
stats: {load,"tsung_controller@ip-172-31-23-21"} 1 0.05078125 0.0 0.078125 0.01171875 0.037434895833333336 12
stats: {freemem,"tsung_controller@ip-172-31-23-21"} 1 3499.5390625 0.0 3516.828125 3499.5390625 3511.5130208333335 12
stats: session 37 49921.17359459462 20483.72100772384 82206.669 35745.682 47584.06623762376 101
stats: users_count 51 408
stats: finish_users_count 37 138
stats: request 362 206.45798066298323 288.1358083061526 1309.679 7.3 80.9818542857143 1400
stats: connect 69 1.3834202898550723 0.8616998772362112 385.994 0.889 4.155932160804019 398
stats: page 131 471.3905419847329 668.505652827205 2336.976 11.09 191.5647661016949 590
stats: 302 68 450
stats: 200 294 1312
stats: size_rcv 333354 1497204
stats: newphase 1 6
stats: size_sent 339581 1455987
stats: connected 20 264
# stats: dump at 1575465420
stats: users 294 294
stats: {recvpackets,"tsung_controller@ip-172-31-23-21"} 1 1651.0 0.0 1651 148 542.9166666666666 12
stats: {sentpackets,"tsung_controller@ip-172-31-23-21"} 1 1388.0 0.0 1388 148 467.75 12
stats: {cpu,"tsung_controller@ip-172-31-23-21"} 1 4.028197381671702 0.0 4.028197381671702 0.2008032128514056 0.8844083217383358 13
stats: {load,"tsung_controller@ip-172-31-23-21"} 1 0.0390625 0.0 0.078125 0.01171875 0.038461538461538464 13
stats: {freemem,"tsung_controller@ip-172-31-23-21"} 1 3490.75 0.0 3516.828125 3490.75 3510.5919471153848 13
stats: session 45 56371.90417777779 22166.97744995756 83426.827 35745.682 48210.681978260865 138
stats: users_count 69 477
stats: finish_users_count 45 183
stats: request 371 334.88410242587594 332.1767797365197 1434.02 7.3 106.7607179341657 1762
stats: connect 83 1.1743614457831324 0.21077799537155076 385.994 0.884 3.7462890792291206 467
stats: page 147 936.4513197278907 1002.0778774256538 3337.026 11.09 242.40689736477114 721
stats: 302 81 531
stats: 200 290 1602
stats: size_rcv 338045 1835249
stats: newphase 0 6
stats: size_sent 304556 1760543
stats: connected 21 285
# stats: dump at 1575465430
stats: users 352 352
stats: {recvpackets,"tsung_controller@ip-172-31-23-21"} 1 1687.0 0.0 1687 148 628.1538461538462 13
stats: {sentpackets,"tsung_controller@ip-172-31-23-21"} 1 1372.0 0.0 1388 148 538.5384615384615 13
stats: {cpu,"tsung_controller@ip-172-31-23-21"} 1 3.911735205616851 0.0 4.028197381671702 0.2008032128514056 1.1089646831621476 14
stats: {load,"tsung_controller@ip-172-31-23-21"} 1 0.03125 0.0 0.078125 0.01171875 0.03850446428571429 14
stats: {freemem,"tsung_controller@ip-172-31-23-21"} 1 3489.375 0.0 3516.828125 3489.375 3509.1746651785716 14
stats: session 32 64532.68178124999 21938.383947281945 83426.827 35745.682 50217.539896174865 183
stats: users_count 90 567
stats: finish_users_count 32 215
stats: request 378 120.07973809523793 216.65965031406864 1434.02 7.3 146.43899999999996 2133
stats: connect 111 1.2952702702702705 0.44147645292304366 385.994 0.884 3.358161818181817 550
stats: page 161 273.9743043478261 483.64197695264096 3337.026 11.09 359.9466785714285 868
stats: 302 108 639
stats: 200 270 1872
stats: size_rcv 323419 2158668
stats: newphase 1 7
stats: size_sent 308976 2069519
stats: connected 57 342
# stats: dump at 1575465440
stats: users 405 408
stats: {recvpackets,"tsung_controller@ip-172-31-23-21"} 1 1616.0 0.0 1687 148 703.7857142857143 14
stats: {sentpackets,"tsung_controller@ip-172-31-23-21"} 1 1387.0 0.0 1388 148 598.0714285714286 14
stats: {cpu,"tsung_controller@ip-172-31-23-21"} 1 2.1169354838709675 0.0 4.028197381671702 0.2008032128514056 1.2958160513257944 15
stats: {load,"tsung_controller@ip-172-31-23-21"} 1 0.03125 0.0 0.078125 0.01171875 0.03802083333333333 15
stats: {freemem,"tsung_controller@ip-172-31-23-21"} 1 3488.6015625 0.0 3516.828125 3488.6015625 3507.8546875 15
stats: session 34 52944.24385294118 21589.32534076927 83692.71 35745.682 52348.165665116285 215
stats: users_count 87 654
stats: finish_users_count 34 249
stats: request 399 300.2463609022558 345.3840952475011 1466.845 7.3 142.4709390681003 2511
stats: connect 106 1.342537735849056 1.143542024493876 385.994 0.861 3.011745839636913 661
stats: page 163 619.8864110429446 881.8088691076596 3622.694 11.09 346.4952186588921 1029
stats: 302 111 750
stats: 200 288 2160
stats: size_rcv 335267 2493935
stats: newphase 0 7
stats: size_sent 347887 2417406
stats: connected 44 386
# stats: dump at 1575465450
stats: users 470 470
stats: {recvpackets,"tsung_controller@ip-172-31-23-21"} 1 1714.0 0.0 1714 148 764.6 15
stats: {sentpackets,"tsung_controller@ip-172-31-23-21"} 1 1374.0 0.0 1388 148 650.6666666666666 15
stats: {cpu,"tsung_controller@ip-172-31-23-21"} 1 1.9114688128772637 0.0 4.028197381671702 0.2008032128514056 1.3471360158598678 16
stats: {load,"tsung_controller@ip-172-31-23-21"} 1 0.01953125 0.0 0.078125 0.01171875 0.03759765625 16
stats: {freemem,"tsung_controller@ip-172-31-23-21"} 1 3487.79296875 0.0 3516.828125 3487.79296875 3506.6513671875 16
stats: session 45 59096.57997777779 22383.616010426926 84105.368 35745.682 52429.557867469885 249
stats: users_count 110 764
stats: finish_users_count 45 294
stats: request 480 397.2671395833338 373.74641708169963 1760.07 7.3 164.10406391752576 2910
stats: connect 140 1.1744857142857146 0.33370135248911004 385.994 0.859 2.7810599739243798 767
stats: page 200 1001.749380000001 1178.576581929946 4300.441 11.09 383.8800880872483 1192
stats: 302 111 861
stats: 200 369 2529
stats: size_rcv 431790 2925725
stats: newphase 1 8
stats: size_sent 411456 2828862
stats: connected 73 459
# stats: dump at 1575465460
stats: users 603 603
stats: {recvpackets,"tsung_controller@ip-172-31-23-21"} 1 2261.0 0.0 2261 148 823.9375 16
stats: {sentpackets,"tsung_controller@ip-172-31-23-21"} 1 1816.0 0.0 1816 148 695.875 16
stats: {cpu,"tsung_controller@ip-172-31-23-21"} 1 1.8329938900203666 0.0 4.028197381671702 0.2008032128514056 1.380332062743244 17
stats: {load,"tsung_controller@ip-172-31-23-21"} 1 0.01953125 0.0 0.078125 0.01171875 0.03653492647058824 17
stats: {freemem,"tsung_controller@ip-172-31-23-21"} 1 3486.56640625 0.0 3516.828125 3486.56640625 3505.542049632353 17
stats: session 38 61225.02178947368 22999.855891904157 86596.282 35745.682 53450.02043537416 294
stats: users_count 171 935
stats: finish_users_count 38 332
stats: request 589 904.2624601018682 394.33114178951496 2262.11 7.3 197.11830471976407 3390
stats: connect 194 1.1590927835051543 0.38722141518892245 385.994 0.859 2.533077177508268 907
stats: page 237 1754.352818565401 1407.4624340415533 6029.335 11.09 472.6544116379311 1392
stats: 302 191 1052
stats: 200 398 2927
stats: size_rcv 467625 3393350
stats: newphase 0 8
stats: size_sent 506395 3335257
stats: connected 124 583
# stats: dump at 1575465470
stats: users 695 696
stats: {recvpackets,"tsung_controller@ip-172-31-23-21"} 1 2596.0 0.0 2596 148 908.4705882352941 17
stats: {sentpackets,"tsung_controller@ip-172-31-23-21"} 1 2122.0 0.0 2122 148 761.7647058823529 17
stats: {cpu,"tsung_controller@ip-172-31-23-21"} 1 2.721774193548387 0.0 4.028197381671702 0.2008032128514056 1.4054799420364175 18
stats: {load,"tsung_controller@ip-172-31-23-21"} 1 0.01953125 0.0 0.078125 0.01171875 0.035590277777777776 18
stats: {freemem,"tsung_controller@ip-172-31-23-21"} 1 3471.03515625 0.0 3516.828125 3471.03515625 3504.487847222222 18
stats: session 42 65182.83554761905 22240.301618880865 90643.932 35745.682 54339.93022891567 332
stats: users_count 134 1069
stats: finish_users_count 42 374
stats: request 594 1736.2990134680122 727.0834504732084 3881.109 0.518 301.79483337522004 3979
stats: connect 169 1.2532781065088745 0.7954097821081518 385.994 0.81 2.29097638510445 1101
stats: page 273 3274.042391941392 2579.4884089268326 10545.039 0.571 659.1261872314304 1629
stats: 302 149 1201
stats: 200 426 3353
stats: size_rcv 510267 3903617
stats: newphase 1 9
stats: 502 19 19
stats: size_sent 504366 3839623
stats: connected 100 683
# stats: dump at 1575465480
stats: users 825 825
stats: {recvpackets,"tsung_controller@ip-172-31-23-21"} 1 2473.0 0.0 2596 148 1002.2222222222222 18
stats: {sentpackets,"tsung_controller@ip-172-31-23-21"} 1 2032.0 0.0 2122 148 837.3333333333334 18
stats: {cpu,"tsung_controller@ip-172-31-23-21"} 1 2.730030333670374 0.0 4.028197381671702 0.2008032128514056 1.474758586852837 19
stats: {load,"tsung_controller@ip-172-31-23-21"} 1 0.01171875 0.0 0.078125 0.01171875 0.034745065789473686 19
stats: {freemem,"tsung_controller@ip-172-31-23-21"} 1 3454.65625 0.0 3516.828125 3454.65625 3502.727179276316 19
stats: session 62 61662.90708064514 21157.111798907747 93131.266 35237.01 55557.58269786097 374
stats: users_count 192 1261
stats: finish_users_count 62 436
stats: request 854 1451.4996252927424 1674.6298710258573 5007.312 0.496 488.12666870763167 4573
stats: connect 218 1.1057339449541288 0.6040304710431894 385.994 0.81 2.1528889763779517 1270
stats: page 321 2577.9822461059184 4005.195270113887 14375.001 0.571 1034.4532765509991 1902
stats: 302 79 1280
stats: 200 316 3669
stats: size_rcv 492076 4395693
stats: newphase 0 9
stats: 502 459 478
stats: size_sent 627748 4467371
stats: connected 115 798
# stats: dump at 1575465490
stats: users 906 908
stats: {recvpackets,"tsung_controller@ip-172-31-23-21"} 1 2975.0 0.0 2975 148 1079.6315789473683 19
stats: {sentpackets,"tsung_controller@ip-172-31-23-21"} 1 2715.0 0.0 2715 148 900.2105263157895 19
stats: {cpu,"tsung_controller@ip-172-31-23-21"} 1 4.42211055276382 0.0 4.42211055276382 0.2008032128514056 1.537522174193714 20
stats: {load,"tsung_controller@ip-172-31-23-21"} 1 0.01171875 0.0 0.078125 0.01171875 0.03359375 20
stats: {freemem,"tsung_controller@ip-172-31-23-21"} 1 3451.0546875 0.0 3516.828125 3451.0546875 3500.3236328125 20
stats: session 110 55932.57561818182 21353.744965849375 100191.529 35020.254 56425.77102752294 436
stats: users_count 191 1452
stats: finish_users_count 110 546
stats: request 1007 1333.0544915590874 1724.3155749679554 5380.85 0.489 639.7243294637924 5427
stats: connect 230 1.1268043478260865 0.3408218978705052 385.994 0.81 1.9994751344086013 1488
stats: page 406 3479.619581280786 5529.822442151967 18676.218 0.566 1257.3380265407109 2223
stats: 302 94 1374
stats: 200 302 3971
stats: size_rcv 537154 4932847
stats: newphase 1 10
stats: 502 611 1089
stats: size_sent 725658 5193029
stats: connected 94 892
# stats: dump at 1575465500
stats: users 1029 1031
stats: {recvpackets,"tsung_controller@ip-172-31-23-21"} 1 3053.0 0.0 3053 148 1174.4 20
stats: {sentpackets,"tsung_controller@ip-172-31-23-21"} 1 2872.0 0.0 2872 148 990.95 20
stats: {cpu,"tsung_controller@ip-172-31-23-21"} 1 3.939393939393939 0.0 4.42211055276382 0.2008032128514056 1.6748835255541952 21
stats: {load,"tsung_controller@ip-172-31-23-21"} 1 0.01171875 0.0 0.078125 0.01171875 0.032552083333333336 21
stats: {freemem,"tsung_controller@ip-172-31-23-21"} 1 3447.875 0.0 3516.828125 3447.875 3497.977492559524 21
stats: session 102 61803.55791176469 22494.796099259405 100191.529 35020.254 56326.40931501832 546
stats: users_count 225 1677
stats: finish_users_count 102 648
stats: request 1039 1306.202872954764 1330.7988186723235 5380.85 0.489 748.239012900218 6434
stats: connect 268 1.0929141791044774 0.25880893247779585 385.994 0.81 1.8826449359720598 1718
stats: page 440 3497.6212000000005 4898.5193739657725 18676.218 0.566 1600.527950931913 2629
stats: 302 134 1508
stats: 200 396 4367
stats: size_rcv 614875 5547722
stats: newphase 0 10
stats: 502 508 1597
stats: size_sent 790278 5983307
stats: connected 61 953
stats: 500 1 1
# stats: dump at 1575465510
stats: users 1169 1171
stats: {recvpackets,"tsung_controller@ip-172-31-23-21"} 1 3386.0 0.0 3386 148 1263.857142857143 21
stats: {sentpackets,"tsung_controller@ip-172-31-23-21"} 1 3161.0 0.0 3161 148 1080.5238095238096 21
stats: {cpu,"tsung_controller@ip-172-31-23-21"} 1 3.462321792260693 0.0 4.42211055276382 0.2008032128514056 1.7778158170923652 22
stats: {load,"tsung_controller@ip-172-31-23-21"} 1 0.01171875 0.0 0.078125 0.01171875 0.03160511363636364 22
stats: {freemem,"tsung_controller@ip-172-31-23-21"} 1 3445.984375 0.0 3516.828125 3445.984375 3495.700106534091 22
stats: session 124 57897.790354838726 21198.42663156169 100191.529 35008.02 57188.55307561728 648
stats: users_count 264 1941
stats: finish_users_count 124 772
stats: request 1269 1017.6506375098521 1412.5613430000537 5380.85 0.489 825.8148794326245 7473
stats: connect 290 1.063872413793104 0.49417351510588325 385.994 0.81 1.776075025176233 1986
stats: page 498 2521.1609839357425 4257.853164071295 18676.218 0.566 1872.512646138807 3069
stats: 302 121 1629
stats: 200 306 4673
stats: size_rcv 639640 6187362
stats: newphase 1 11
stats: 502 823 2420
stats: size_sent 792566 6775873
stats: connected 33 986
stats: 500 19 20
# stats: dump at 1575465520
stats: users 1301 1302
stats: {recvpackets,"tsung_controller@ip-172-31-23-21"} 1 3764.0 0.0 3764 148 1360.3181818181818 22
stats: {sentpackets,"tsung_controller@ip-172-31-23-21"} 1 3601.0 0.0 3601 148 1175.0909090909092 22
stats: {cpu,"tsung_controller@ip-172-31-23-21"} 1 4.4579533941236065 0.0 4.4579533941236065 0.2008032128514056 1.8510552073170752 23
stats: {load,"tsung_controller@ip-172-31-23-21"} 1 0.01171875 0.0 0.078125 0.01171875 0.030740489130434787 23
stats: {freemem,"tsung_controller@ip-172-31-23-21"} 1 3445.2578125 0.0 3516.828125 3445.2578125 3493.5385529891305 23
stats: session 121 55160.68593388429 21756.542452947848 100761.577 35007.838 57302.472016839376 772
stats: users_count 253 2194
stats: finish_users_count 121 893
stats: request 1224 1166.0174901960772 1528.1644090729144 5380.85 0.489 853.6620056051252 8742
stats: connect 319 1.01176802507837 0.23369106441144658 385.994 0.718 1.6853286467486812 2276
stats: page 508 2737.0107066929136 4530.0241707612095 18676.218 0.566 1963.0724645360244 3567
stats: 302 127 1756
stats: 200 322 4995
stats: size_rcv 641570 6828932
stats: newphase 0 11
stats: 502 754 3174
stats: size_sent 673696 7449569
stats: connected -5 981
stats: 500 21 41
# stats: dump at 1575465530
stats: users 1324 1378
stats: {recvpackets,"tsung_controller@ip-172-31-23-21"} 1 3889.0 0.0 3889 148 1464.8260869565217 23
stats: {sentpackets,"tsung_controller@ip-172-31-23-21"} 1 3701.0 0.0 3701 148 1280.5652173913045 23
stats: {cpu,"tsung_controller@ip-172-31-23-21"} 1 4.36105476673428 0.0 4.4579533941236065 0.2008032128514056 1.9596759651006808 24
stats: {load,"tsung_controller@ip-172-31-23-21"} 1 0.0 0.0 0.078125 0.0 0.02994791666666667 24
stats: {freemem,"tsung_controller@ip-172-31-23-21"} 1 3444.3828125 0.0 3516.828125 3444.3828125 3491.52685546875 24
stats: session 136 56042.84466911765 21457.953804056444 100761.577 35007.838 57012.26360022396 893
stats: users_count 159 2353
stats: finish_users_count 136 1029
stats: request 1235 997.5927060728736 1414.6681425446045 5380.85 0.489 892.0247502508531 9966
stats: connect 328 1.2103993902439028 1.3330726343355281 385.994 0.718 1.6025287090558762 2595
stats: page 505 2543.3540831683176 4411.340029359819 18676.218 0.566 2059.5535999999997 4075
stats: 302 126 1882
stats: 200 282 5277
stats: size_rcv 610527 7439459
stats: newphase 0 11
stats: 502 805 3979
stats: size_sent 790668 8240237
stats: connected 0 981
stats: 500 22 63
# stats: dump at 1575465540
stats: users 1169 1378
stats: {recvpackets,"tsung_controller@ip-172-31-23-21"} 1 3746.0 0.0 3889 148 1565.8333333333333 24
stats: {sentpackets,"tsung_controller@ip-172-31-23-21"} 1 3523.0 0.0 3701 148 1381.4166666666667 24
stats: {cpu,"tsung_controller@ip-172-31-23-21"} 1 4.527162977867203 0.0 4.527162977867203 0.2008032128514056 2.0557311171660246 25
stats: {load,"tsung_controller@ip-172-31-23-21"} 1 0.0 0.0 0.078125 0.0 0.028750000000000005 25
stats: {freemem,"tsung_controller@ip-172-31-23-21"} 1 3444.05859375 0.0 3516.828125 3444.05859375 3489.64109375 25
stats: session 155 58187.873141935495 22862.020453476845 100761.577 35007.838 56884.138260447035 1029
stats: users_count 0 2353
stats: finish_users_count 155 1184
stats: request 1075 1213.9284083720913 1885.7262213957413 6313.416 0.489 903.6644632622088 11201
stats: connect 72 1.1818333333333333 0.5162888941496051 385.994 0.718 1.5585265138556277 2923
stats: page 374 2500.80639304813 4585.844234588796 18676.218 0.566 2112.8984131004363 4580
stats: 302 58 1940
stats: 200 270 5547
stats: size_rcv 561775 8001234
stats: newphase 0 11
stats: 502 727 4706
stats: size_sent 835603 9075840
stats: connected -87 894
stats: 500 20 83
# stats: dump at 1575465550
stats: users 968 1378
stats: {recvpackets,"tsung_controller@ip-172-31-23-21"} 1 2363.0 0.0 3889 148 1653.04 25
stats: {sentpackets,"tsung_controller@ip-172-31-23-21"} 1 2291.0 0.0 3701 148 1467.08 25
stats: {cpu,"tsung_controller@ip-172-31-23-21"} 1 3.406813627254509 0.0 4.527162977867203 0.2008032128514056 2.1507861887314546 26
stats: {load,"tsung_controller@ip-172-31-23-21"} 1 0.0 0.0 0.078125 0.0 0.027644230769230775 26
stats: {freemem,"tsung_controller@ip-172-31-23-21"} 1 3432.80859375 0.0 3516.828125 3432.80859375 3487.887920673077 26
stats: session 201 57784.09062189053 23983.75896853104 106353.041 35007.757 57054.813012668914 1184
stats: users_count 0 2353
stats: finish_users_count 201 1385
stats: request 1278 1024.8436025039114 2094.086356932759 6823.496 0.489 930.8340413815575 12276
stats: connect 89 1.2529775280898885 0.25427570534062816 385.994 0.718 1.549470784641068 2995
stats: page 420 2114.4020095238075 5496.627670087857 22336.715 0.566 2142.183351433185 4954
stats: 302 36 1976
stats: 200 193 5740
stats: size_rcv 574620 8575854
stats: newphase 0 11
stats: 502 1026 5732
stats: size_sent 895329 9971169
stats: connected -119 775
stats: 500 23 106
# stats: dump at 1575465560
stats: users 740 1378
stats: {recvpackets,"tsung_controller@ip-172-31-23-21"} 1 2512.0 0.0 3889 148 1680.3461538461538 26
stats: {sentpackets,"tsung_controller@ip-172-31-23-21"} 1 2588.0 0.0 3701 148 1498.7692307692307 26
stats: {cpu,"tsung_controller@ip-172-31-23-21"} 1 4.404404404404405 0.0 4.527162977867203 0.2008032128514056 2.1973057234915676 27
stats: {load,"tsung_controller@ip-172-31-23-21"} 1 0.0 0.0 0.078125 0.0 0.026620370370370374 27
stats: {freemem,"tsung_controller@ip-172-31-23-21"} 1 3420.5234375 0.0 3516.828125 3420.5234375 3485.8479456018517 27
stats: session 228 61443.312122806965 23265.372464423206 108391.472 35007.757 57160.65041299639 1385
stats: users_count 0 2353
stats: finish_users_count 228 1613
stats: request 1252 1120.806805910541 2073.5651904247493 6917.66 0.489 939.6981567065071 13554
stats: connect 103 1.3178446601941751 1.0518555749849055 385.994 0.718 1.5409143968871593 3084
stats: page 419 4192.874579952268 8290.801714862624 25948.571 0.566 2140.012126349088 5374
stats: 302 42 2018
stats: 200 210 5950
stats: size_rcv 596453 9172307
stats: newphase 0 11
stats: 502 964 6696
stats: size_sent 661857 10633026
stats: connected -133 642
stats: 500 36 142
# stats: dump at 1575465570
stats: users 617 1378
stats: {recvpackets,"tsung_controller@ip-172-31-23-21"} 1 2603.0 0.0 3889 148 1711.148148148148 27
stats: {sentpackets,"tsung_controller@ip-172-31-23-21"} 1 2658.0 0.0 3701 148 1539.111111111111 27
stats: {cpu,"tsung_controller@ip-172-31-23-21"} 1 3.0364372469635628 0.0 4.527162977867203 0.2008032128514056 2.2761306763813116 28
stats: {load,"tsung_controller@ip-172-31-23-21"} 1 0.0 0.0 0.078125 0.0 0.02566964285714286 28
stats: {freemem,"tsung_controller@ip-172-31-23-21"} 1 3420.02734375 0.0 3516.828125 3420.02734375 3483.5149274553573 28
stats: session 123 71169.58773983741 21358.29322962253 111021.926 35007.757 57766.01115065095 1613
stats: users_count 0 2353
stats: finish_users_count 123 1736
stats: request 786 1648.155248091601 2201.7147894970794 6917.66 0.485 955.0127608401996 14806
stats: connect 107 1.3963738317757013 1.7244937359400678 385.994 0.718 1.533705051772827 3187
stats: page 244 4691.379094262298 8274.86563314509 26312.717 0.566 2288.49294251683 5793
stats: 302 73 2091
stats: 200 189 6139
stats: size_rcv 405751 9578058
stats: newphase 0 11
stats: 502 493 7189
stats: size_sent 447428 11080454
stats: connected -83 559
stats: 500 31 173
# stats: dump at 1575465580
stats: users 511 1378
stats: {recvpackets,"tsung_controller@ip-172-31-23-21"} 1 2062.0 0.0 3889 148 1743.0 28
stats: {sentpackets,"tsung_controller@ip-172-31-23-21"} 1 1876.0 0.0 3701 148 1579.0714285714287 28
stats: {cpu,"tsung_controller@ip-172-31-23-21"} 1 2.3162134944612287 0.0 4.527162977867203 0.2008032128514056 2.3023481443324236 29
stats: {load,"tsung_controller@ip-172-31-23-21"} 1 0.0 0.0 0.078125 0.0 0.024784482758620694 29
stats: {freemem,"tsung_controller@ip-172-31-23-21"} 1 3419.33203125 0.0 3516.828125 3419.33203125 3481.3257004310344 29
stats: session 106 82137.7682735849 15446.463866203654 114302.699 35007.757 58715.68852419354 1736
stats: users_count 0 2353
stats: finish_users_count 106 1842
stats: request 738 1932.2906056910579 2543.652715200357 7060.235 0.485 989.9543972550022 15592
stats: connect 143 12.732999999999986 55.52749245584179 385.994 0.718 1.5292440801457194 3294
stats: page 253 4501.064857707511 8156.034021461378 26312.717 0.566 2385.611415438131 6037
stats: 302 96 2187
stats: 200 146 6285
stats: size_rcv 361267 9939325
stats: newphase 0 11
stats: 502 464 7653
stats: size_sent 486271 11566725
stats: connected -96 463
stats: 500 32 205
# stats: dump at 1575465590
stats: users 370 1378
stats: {recvpackets,"tsung_controller@ip-172-31-23-21"} 1 2069.0 0.0 3889 148 1754.0 29
stats: {sentpackets,"tsung_controller@ip-172-31-23-21"} 1 1852.0 0.0 3701 148 1589.3103448275863 29
stats: {cpu,"tsung_controller@ip-172-31-23-21"} 1 2.2267206477732793 0.0 4.527162977867203 0.2008032128514056 2.3028103226700503 30
stats: {load,"tsung_controller@ip-172-31-23-21"} 1 0.0 0.0 0.078125 0.0 0.02395833333333334 30
stats: {freemem,"tsung_controller@ip-172-31-23-21"} 1 3418.7109375 0.0 3516.828125 3418.7109375 3479.259244791667 30
stats: session 141 85109.37416312056 16411.533651307465 117547.023 35007.757 60063.53893322474 1842
stats: users_count 0 2353
stats: finish_users_count 141 1983
stats: request 746 1885.9185978552264 2256.76047074198 7060.235 0.485 1032.5412999999996 16330
stats: connect 118 1.4005338983050843 2.0825954418164447 385.994 0.718 1.9953881291824258 3437
stats: page 258 7193.058868217052 10024.916569622035 26312.717 0.566 2470.70040127186 6290
stats: 302 120 2307
stats: 200 163 6448
stats: size_rcv 375858 10315183
stats: newphase 0 11
stats: 502 430 8083
stats: size_sent 354081 11920806
stats: connected -159 304
stats: 500 33 238
# stats: dump at 1575465600
stats: users 260 1378
stats: {recvpackets,"tsung_controller@ip-172-31-23-21"} 1 2178.0 0.0 3889 148 1764.5 30
stats: {sentpackets,"tsung_controller@ip-172-31-23-21"} 1 1957.0 0.0 3701 148 1598.0666666666666 30
stats: {cpu,"tsung_controller@ip-172-31-23-21"} 1 2.716297786720322 0.0 4.527162977867203 0.2008032128514056 2.300355817028219 31
stats: {load,"tsung_controller@ip-172-31-23-21"} 1 0.0 0.0 0.078125 0.0 0.023185483870967746 31
stats: {freemem,"tsung_controller@ip-172-31-23-21"} 1 3427.01171875 0.0 3516.828125 3418.7109375 3477.3060735887098 31
stats: session 110 92836.55460909092 12273.33785082167 120082.553 35007.757 61844.40770146242 1983
stats: users_count 0 2353
stats: finish_users_count 110 2093
stats: request 706 1855.9217960339934 2378.7498956363174 7060.235 0.485 1069.8228333918946 17076
stats: connect 99 1.2115353535353532 0.514519454396185 385.994 0.718 1.9756433192686351 3555
stats: page 218 5010.539995412843 8587.757577723249 26312.717 0.566 2656.76767135003 6548
stats: 302 94 2401
stats: 200 144 6592
stats: size_rcv 350299 10665482
stats: newphase 0 11
stats: 502 435 8518
stats: size_sent 396406 12317212
stats: connected -62 242
stats: 500 33 271
# stats: dump at 1575465610
stats: users 162 1378
stats: {recvpackets,"tsung_controller@ip-172-31-23-21"} 1 1778.0 0.0 3889 148 1777.8387096774193 31
stats: {sentpackets,"tsung_controller@ip-172-31-23-21"} 1 1632.0 0.0 3701 148 1609.6451612903227 31
stats: {cpu,"tsung_controller@ip-172-31-23-21"} 1 1.7189079878665317 0.0 4.527162977867203 0.2008032128514056 2.313354003581097 32
stats: {load,"tsung_controller@ip-172-31-23-21"} 1 0.0 0.0 0.078125 0.0 0.022460937500000003 32
stats: {freemem,"tsung_controller@ip-172-31-23-21"} 1 3426.8515625 0.0 3516.828125 3418.7109375 3475.734375 32
stats: session 98 96271.1618571429 11801.021973773004 120082.553 35007.757 63473.235298136635 2093
stats: users_count 0 2353
stats: finish_users_count 98 2191
stats: request 522 2496.978586206892 2587.3899926221343 7060.235 0.485 1101.0333759419634 17782
stats: connect 20 1.7691999999999997 0.7104042229604213 385.994 0.718 1.9549408866995066 3654
stats: page 131 9546.797969465646 10514.336623053932 26312.717 0.566 2732.6060347324856 6766
stats: 302 110 2511
stats: 200 143 6735
stats: size_rcv 241373 10906855
stats: newphase 0 11
stats: 502 265 8783
stats: size_sent 284607 12601819
stats: connected -80 162
stats: 500 4 275
# stats: dump at 1575465620
stats: users 121 1378
stats: {recvpackets,"tsung_controller@ip-172-31-23-21"} 1 1319.0 0.0 3889 148 1777.84375 32
stats: {sentpackets,"tsung_controller@ip-172-31-23-21"} 1 1076.0 0.0 3701 148 1610.34375 32
stats: {cpu,"tsung_controller@ip-172-31-23-21"} 1 1.9076305220883536 0.0 4.527162977867203 0.2008032128514056 2.295340487953383 33
stats: {load,"tsung_controller@ip-172-31-23-21"} 1 0.0 0.0 0.078125 0.0 0.021780303030303035 33
stats: {freemem,"tsung_controller@ip-172-31-23-21"} 1 3426.09765625 0.0 3516.828125 3418.7109375 3474.253077651515 33
stats: session 41 109240.85460975612 5272.1546008935975 120558.425 35007.757 64940.235208124126 2191
stats: users_count 0 2353
stats: finish_users_count 41 2232
stats: request 241 5159.841792531116 951.5176014307518 7060.235 0.485 1140.843439302884 18304
stats: connect 0 0 0 385.994 0.718 1.9539297768100157 3674
stats: page 41 24716.154951219512 2268.894643610719 27194.391 0.566 2862.0331977671444 6897
stats: 302 110 2621
stats: 200 131 6866
stats: size_rcv 144542 11051397
stats: newphase 0 11
stats: 502 0 8783
stats: size_sent 179440 12781259
stats: connected -41 121
stats: 500 0 275
# stats: dump at 1575465630
stats: users 50 1378
stats: {recvpackets,"tsung_controller@ip-172-31-23-21"} 1 772.0 0.0 3889 148 1763.939393939394 33
stats: {sentpackets,"tsung_controller@ip-172-31-23-21"} 1 467.0 0.0 3701 148 1594.1515151515152 33
stats: {cpu,"tsung_controller@ip-172-31-23-21"} 1 0.7042253521126761 0.0 4.527162977867203 0.2008032128514056 2.283937253663235 34
stats: {load,"tsung_controller@ip-172-31-23-21"} 1 0.0 0.0 0.078125 0.0 0.021139705882352946 34
stats: {freemem,"tsung_controller@ip-172-31-23-21"} 1 3425.90625 0.0 3516.828125 3418.7109375 3472.836741727941 34
stats: session 71 110025.11914084511 4948.46753429942 121235.227 35007.757 65754.00106630822 2232
stats: users_count 0 2353
stats: finish_users_count 71 2303
stats: request 220 5346.586704545458 808.2007184168934 7443.196 0.485 1193.0719970342404 18545
stats: connect 0 0 0 385.994 0.718 1.9539297768100157 3674
stats: page 53 25471.653811320764 2109.1273734019824 27269.291 0.566 2991.1797806284226 6938
stats: 302 66 2687
stats: 200 154 7020
stats: size_rcv 167967 11219364
stats: newphase 0 11
stats: 502 0 8783
stats: size_sent 145357 12926616
stats: connected -53 68
stats: 500 0 275
# stats: dump at 1575465637
stats: users 0 1378
stats: {recvpackets,"tsung_controller@ip-172-31-23-21"} 1 840.0 0.0 3889 148 1734.764705882353 34
stats: {sentpackets,"tsung_controller@ip-172-31-23-21"} 1 514.0 0.0 3701 148 1561.0 34
stats: {cpu,"tsung_controller@ip-172-31-23-21"} 1 1.097804391217565 0.0 4.527162977867203 0.2008032128514056 2.2388026279046476 35
stats: {load,"tsung_controller@ip-172-31-23-21"} 1 0.0 0.0 0.078125 0.0 0.02053571428571429 35
stats: {freemem,"tsung_controller@ip-172-31-23-21"} 1 3425.94140625 0.0 3516.828125 3418.7109375 3471.4958705357144 35
stats: session 50 110238.50825999999 2658.1903257681834 121235.227 35007.757 67118.85099392095 2303
stats: users_count 0 2353
stats: finish_users_count 50 2353
stats: request 112 2557.7629553571423 1492.0467932880972 7443.196 0.485 1241.7676131095118 18765
stats: connect 0 0 0 385.994 0.718 1.9539297768100157 3674
stats: page 68 21854.316558823524 3457.8674609139603 27269.291 0.566 3161.6082062651976 6991
stats: 302 20 2707
stats: 200 92 7112
stats: size_rcv 107778 11327142
stats: newphase 0 11
stats: 502 0 8783
stats: size_sent 43315 12969931
stats: connected -68 0
stats: 500 0 275
EndMonitor:{1575,465637,437581}
