# stats: dump at 1574406664
stats: users 11 11
stats: {freemem,"tsung_controller@ip-172-31-28-236"} 1 3521.6328125 0 3521.6328125 3521.6328125 0 0
stats: {load,"tsung_controller@ip-172-31-28-236"} 1 0.16015625 0 0.16015625 0.16015625 0 0
stats: {cpu,"tsung_controller@ip-172-31-28-236"} 1 1.4300809831640264 0 1.4300809831640264 1.4300809831640264 0 0
stats: users_count 11 11
stats: finish_users_count 0 0
stats: request 19 27.67878947368421 28.825911137430626 145.656 13.236 0 0
stats: connect 11 3.774818181818182 2.94776882707095 11.205 1.414 0 0
stats: page 11 47.874909090909085 37.434621152215726 145.656 13.236 0 0
stats: 302 11 11
stats: 200 8 8
stats: size_rcv 9629 9629
stats: size_sent 9808 9808
stats: connected 11 11
# stats: dump at 1574406674
stats: users 26 26
stats: {freemem,"tsung_controller@ip-172-31-28-236"} 1 3522.88671875 0.0 3522.88671875 3521.6328125 3521.6328125 1
stats: {load,"tsung_controller@ip-172-31-28-236"} 1 0.12890625 0.0 0.16015625 0.12890625 0.16015625 1
stats: {recvpackets,"tsung_controller@ip-172-31-28-236"} 1 70 0 70 70 0 0
stats: {sentpackets,"tsung_controller@ip-172-31-28-236"} 1 79 0 79 79 0 0
stats: {cpu,"tsung_controller@ip-172-31-28-236"} 1 0.499001996007984 0.0 1.4300809831640264 0.499001996007984 1.4300809831640264 1
stats: users_count 15 26
stats: finish_users_count 0 0
stats: request 27 19.10503703703703 3.5377259852589504 145.656 13.236 27.67878947368421 19
stats: connect 15 1.5438 0.1226752895519985 11.205 1.404 3.774818181818182 11
stats: page 15 34.45659999999999 21.273642129170078 145.656 13.236 47.874909090909085 11
stats: 302 15 26
stats: 200 12 20
stats: size_rcv 14247 23876
stats: size_sent 14366 24174
stats: connected 15 26
# stats: dump at 1574406684
stats: users 33 33
stats: {freemem,"tsung_controller@ip-172-31-28-236"} 1 3523.74609375 0.0 3523.74609375 3521.6328125 3522.259765625 2
stats: {load,"tsung_controller@ip-172-31-28-236"} 1 0.109375 0.0 0.16015625 0.109375 0.14453125 2
stats: {recvpackets,"tsung_controller@ip-172-31-28-236"} 1 108.0 0.0 108 70 70.0 1
stats: {sentpackets,"tsung_controller@ip-172-31-28-236"} 1 117.0 0.0 117 79 79.0 1
stats: {cpu,"tsung_controller@ip-172-31-28-236"} 1 0.2004008016032064 0.0 1.4300809831640264 0.2004008016032064 0.9645414895860052 2
stats: users_count 7 33
stats: finish_users_count 0 0
stats: request 15 20.166400000000003 3.9208026865256387 145.656 13.236 22.646369565217384 46
stats: connect 7 1.433714285714286 0.14561270969420828 11.205 1.187 2.487692307692308 26
stats: page 7 43.296 21.93551751970176 145.656 13.236 40.133576923076916 26
stats: 302 7 33
stats: 200 8 28
stats: size_rcv 8975 32851
stats: size_sent 9080 33254
stats: connected 7 33
# stats: dump at 1574406694
stats: users 38 39
stats: {freemem,"tsung_controller@ip-172-31-28-236"} 1 3523.7578125 0.0 3523.7578125 3521.6328125 3522.7552083333335 3
stats: {load,"tsung_controller@ip-172-31-28-236"} 1 0.1015625 0.0 0.16015625 0.1015625 0.1328125 3
stats: {recvpackets,"tsung_controller@ip-172-31-28-236"} 1 44.0 0.0 108 44 89.0 2
stats: {sentpackets,"tsung_controller@ip-172-31-28-236"} 1 47.0 0.0 117 47 98.0 2
stats: {cpu,"tsung_controller@ip-172-31-28-236"} 1 0.29940119760479045 0.0 1.4300809831640264 0.2004008016032064 0.7098279269250721 3
stats: session 7 30097.199857142852 49.33382466835702 30203.23 30060.216 0 0
stats: users_count 12 45
stats: finish_users_count 7 7
stats: request 32 22.501406250000002 13.771284117365775 145.656 13.236 22.036540983606553 61
stats: connect 12 1.9115833333333327 1.4756980528060457 11.205 1.166 2.2641212121212124 33
stats: page 18 39.23022222222223 22.79087801574119 145.656 13.236 40.804393939393925 33
stats: 302 12 45
stats: 200 20 48
stats: size_rcv 21715 54566
stats: size_sent 23025 56279
stats: connected 5 38
# stats: dump at 1574406704
stats: users 36 41
stats: {freemem,"tsung_controller@ip-172-31-28-236"} 1 3523.0390625 0.0 3523.7578125 3521.6328125 3523.005859375 4
stats: {load,"tsung_controller@ip-172-31-28-236"} 1 0.078125 0.0 0.16015625 0.078125 0.125 4
stats: {recvpackets,"tsung_controller@ip-172-31-28-236"} 1 136.0 0.0 136 44 74.0 3
stats: {sentpackets,"tsung_controller@ip-172-31-28-236"} 1 144.0 0.0 144 47 81.0 3
stats: {cpu,"tsung_controller@ip-172-31-28-236"} 1 0.5005005005005005 0.0 1.4300809831640264 0.2004008016032064 0.6072212445950017 4
stats: session 9 30068.20711111111 11.040416139947599 30203.23 30060.216 30097.199857142852 7
stats: users_count 7 52
stats: finish_users_count 9 16
stats: request 33 20.928333333333327 6.86653755836259 145.656 10.725 22.196494623655912 93
stats: connect 7 1.651857142857143 0.7305734398542066 11.205 1.094 2.1701111111111113 45
stats: page 17 41.58194117647059 16.66574763318497 145.656 10.725 40.24880392156862 51
stats: 302 7 52
stats: 200 26 74
stats: size_rcv 26993 81559
stats: size_sent 26406 82685
stats: connected -2 36
# stats: dump at 1574406714
stats: users 39 41
stats: {freemem,"tsung_controller@ip-172-31-28-236"} 1 3522.8203125 0.0 3523.7578125 3521.6328125 3523.0125 5
stats: {load,"tsung_controller@ip-172-31-28-236"} 1 0.0703125 0.0 0.16015625 0.0703125 0.115625 5
stats: {recvpackets,"tsung_controller@ip-172-31-28-236"} 1 101.0 0.0 136 44 89.5 4
stats: {sentpackets,"tsung_controller@ip-172-31-28-236"} 1 109.0 0.0 144 47 96.75 4
stats: {cpu,"tsung_controller@ip-172-31-28-236"} 1 0.40040040040040037 0.0 1.4300809831640264 0.2004008016032064 0.5858770957761015 5
stats: session 3 30066.42033333333 2.5597252890801556 30203.23 30060.216 30080.8914375 16
stats: users_count 6 58
stats: finish_users_count 3 19
stats: request 15 20.18626666666666 4.682356720949635 145.656 10.725 21.86435714285714 126
stats: connect 6 1.7113333333333334 0.5902586062246126 11.205 1.094 2.100346153846154 52
stats: page 8 32.65525 16.172221413198002 145.656 10.725 40.582088235294115 68
stats: 302 6 58
stats: 200 9 83
stats: size_rcv 9474 91033
stats: newphase 1 1
stats: size_sent 11107 93792
stats: connected 3 39
# stats: dump at 1574406724
stats: users 49 49
stats: {freemem,"tsung_controller@ip-172-31-28-236"} 1 3522.70703125 0.0 3523.7578125 3521.6328125 3522.98046875 6
stats: {load,"tsung_controller@ip-172-31-28-236"} 1 0.05859375 0.0 0.16015625 0.05859375 0.10807291666666667 6
stats: {recvpackets,"tsung_controller@ip-172-31-28-236"} 1 58.0 0.0 136 44 91.8 5
stats: {sentpackets,"tsung_controller@ip-172-31-28-236"} 1 65.0 0.0 144 47 99.2 5
stats: {cpu,"tsung_controller@ip-172-31-28-236"} 1 0.10030090270812438 0.0 1.4300809831640264 0.10030090270812438 0.5549643132134846 6
stats: session 8 30075.66725 18.10052851265654 30203.23 30060.216 30078.606526315787 19
stats: users_count 18 76
stats: finish_users_count 8 27
stats: request 51 22.59801960784314 10.470730430333578 145.656 10.725 21.68583687943262 141
stats: connect 18 3.5132777777777773 8.122295931608086 36.997 1.094 2.0601034482758624 58
stats: page 27 44.30418518518518 26.065136928737864 145.656 10.725 39.747684210526316 76
stats: 302 18 76
stats: 200 33 116
stats: size_rcv 35772 126805
stats: newphase 0 1
stats: size_sent 35002 128794
stats: connected 8 47
# stats: dump at 1574406734
stats: users 74 74
stats: {freemem,"tsung_controller@ip-172-31-28-236"} 1 3522.59375 0.0 3523.7578125 3521.6328125 3522.94140625 7
stats: {load,"tsung_controller@ip-172-31-28-236"} 1 0.05078125 0.0 0.16015625 0.05078125 0.10100446428571429 7
stats: {recvpackets,"tsung_controller@ip-172-31-28-236"} 1 212.0 0.0 212 44 86.16666666666667 6
stats: {sentpackets,"tsung_controller@ip-172-31-28-236"} 1 225.0 0.0 225 47 93.5 6
stats: {cpu,"tsung_controller@ip-172-31-28-236"} 1 0.4008016032064128 0.0 1.4300809831640264 0.10030090270812438 0.49001239742700464 7
stats: session 4 30063.06325 4.392703175437841 30203.23 30056.387 30077.735629629628 27
stats: users_count 29 105
stats: finish_users_count 4 31
stats: request 61 18.40227868852459 3.2650173103808804 145.656 7.557 21.928135416666663 192
stats: connect 29 1.4385862068965518 0.44661203693349794 36.997 0.935 2.404276315789474 76
stats: page 33 34.07054545454544 18.025432442323883 145.656 10.725 40.942106796116505 103
stats: 302 29 105
stats: 200 32 148
stats: size_rcv 36103 162908
stats: newphase 1 2
stats: size_sent 36386 165180
stats: connected 19 66
# stats: dump at 1574406744
stats: users 101 101
stats: {freemem,"tsung_controller@ip-172-31-28-236"} 1 3521.87109375 0.0 3523.7578125 3521.6328125 3522.89794921875 8
stats: {load,"tsung_controller@ip-172-31-28-236"} 1 0.0390625 0.0 0.16015625 0.0390625 0.0947265625 8
stats: {recvpackets,"tsung_controller@ip-172-31-28-236"} 1 236.0 0.0 236 44 104.14285714285714 7
stats: {sentpackets,"tsung_controller@ip-172-31-28-236"} 1 250.0 0.0 250 47 112.28571428571429 7
stats: {cpu,"tsung_controller@ip-172-31-28-236"} 1 0.4016064257028112 0.0 1.4300809831640264 0.10030090270812438 0.47886104814943065 8
stats: session 4 30066.364250000002 2.8823338091722035 30203.23 30056.387 30075.842419354838 31
stats: users_count 31 136
stats: finish_users_count 4 35
stats: request 70 18.268914285714274 3.4335557485451362 145.656 7.557 21.078027667984188 253
stats: connect 29 1.5095862068965518 0.3996109761049406 36.997 0.935 2.1375619047619048 105
stats: page 32 40.044343749999996 18.200654228642055 145.656 9.246 39.27474264705882 136
stats: 302 28 133
stats: 200 42 190
stats: size_rcv 45955 208863
stats: newphase 0 2
stats: size_sent 46459 211639
stats: connected 20 86
# stats: dump at 1574406754
stats: users 123 123
stats: {freemem,"tsung_controller@ip-172-31-28-236"} 1 3520.65234375 0.0 3523.7578125 3520.65234375 3522.7838541666665 9
stats: {load,"tsung_controller@ip-172-31-28-236"} 1 0.03125 0.0 0.16015625 0.03125 0.08854166666666667 9
stats: {recvpackets,"tsung_controller@ip-172-31-28-236"} 1 309.0 0.0 309 44 120.625 8
stats: {sentpackets,"tsung_controller@ip-172-31-28-236"} 1 320.0 0.0 320 47 129.5 8
stats: {cpu,"tsung_controller@ip-172-31-28-236"} 1 0.4012036108324975 0.0 1.4300809831640264 0.10030090270812438 0.4702772012109173 9
stats: session 10 30064.842599999996 2.758492204085901 30203.23 30056.387 30074.759199999997 35
stats: users_count 32 168
stats: finish_users_count 10 45
stats: request 98 18.862540816326522 3.7717750521806575 145.656 7.557 20.469241486068107 323
stats: connect 33 1.5404545454545457 0.44409138364169304 36.997 0.935 2.0016567164179104 134
stats: page 44 42.102909090909066 16.181221443414785 145.656 9.246 39.42133333333333 168
stats: 302 34 167
stats: 200 64 254
stats: size_rcv 69240 278103
stats: newphase 0 2
stats: size_sent 68780 280419
stats: connected 22 108
# stats: dump at 1574406764
stats: users 130 133
stats: {freemem,"tsung_controller@ip-172-31-28-236"} 1 3519.67578125 0.0 3523.7578125 3519.67578125 3522.570703125 10
stats: {load,"tsung_controller@ip-172-31-28-236"} 1 0.03125 0.0 0.16015625 0.03125 0.0828125 10
stats: {recvpackets,"tsung_controller@ip-172-31-28-236"} 1 318.0 0.0 318 44 141.55555555555554 9
stats: {sentpackets,"tsung_controller@ip-172-31-28-236"} 1 336.0 0.0 336 47 150.66666666666666 9
stats: {cpu,"tsung_controller@ip-172-31-28-236"} 1 0.7021063189568706 0.0 1.4300809831640264 0.10030090270812438 0.4633698421730753 10
stats: session 21 43407.61123809523 27497.68254166089 100114.28 30056.387 30072.55551111111 45
stats: users_count 28 196
stats: finish_users_count 21 66
stats: request 93 20.78235483870966 9.67030560463281 145.656 7.391 20.09523515439429 421
stats: connect 32 1.4340624999999998 0.24601752192425233 36.997 0.921 1.9105209580838325 167
stats: page 48 40.3404375 18.21984636656121 145.656 9.246 39.97788679245282 212
stats: 302 31 198
stats: 200 62 316
stats: size_rcv 69963 348066
stats: newphase 0 2
stats: size_sent 71325 351744
stats: connected 4 112
# stats: dump at 1574406774
stats: users 145 145
stats: {freemem,"tsung_controller@ip-172-31-28-236"} 1 3518.8203125 0.0 3523.7578125 3518.8203125 3522.307528409091 11
stats: {load,"tsung_controller@ip-172-31-28-236"} 1 0.01953125 0.0 0.16015625 0.01953125 0.078125 11
stats: {recvpackets,"tsung_controller@ip-172-31-28-236"} 1 370.0 0.0 370 44 159.2 10
stats: {sentpackets,"tsung_controller@ip-172-31-28-236"} 1 398.0 0.0 398 47 169.2 10
stats: {cpu,"tsung_controller@ip-172-31-28-236"} 1 0.6030150753768844 0.0 1.4300809831640264 0.10030090270812438 0.48507315824432945 11
stats: session 17 54780.487117647055 33464.747664837305 100114.28 30055.801 34315.52778787878 66
stats: users_count 32 228
stats: finish_users_count 17 83
stats: request 97 19.073773195876292 5.341322741510034 145.656 7.353 20.219558365758747 514
stats: connect 38 1.3576578947368418 0.1545002599752181 36.997 0.898 1.8339045226130652 199
stats: page 50 37.06037999999999 17.90092531562545 145.656 9.246 40.04481923076923 260
stats: 302 39 237
stats: 200 58 374
stats: size_rcv 68920 416986
stats: newphase 0 2
stats: size_sent 69624 421368
stats: connected 21 133
# stats: dump at 1574406784
stats: users 159 161
stats: {freemem,"tsung_controller@ip-172-31-28-236"} 1 3518.4296875 0.0 3523.7578125 3518.4296875 3522.0169270833335 12
stats: {load,"tsung_controller@ip-172-31-28-236"} 1 0.01953125 0.0 0.16015625 0.01953125 0.0732421875 12
stats: {recvpackets,"tsung_controller@ip-172-31-28-236"} 1 371.0 0.0 371 44 178.36363636363637 11
stats: {sentpackets,"tsung_controller@ip-172-31-28-236"} 1 404.0 0.0 404 47 190.0 11
stats: {cpu,"tsung_controller@ip-172-31-28-236"} 1 0.7014028056112225 0.0 1.4300809831640264 0.10030090270812438 0.494901651338709 12
stats: session 16 47572.791750000004 30325.38680231836 100114.28 30055.801 38507.145963855415 83
stats: users_count 30 258
stats: finish_users_count 16 99
stats: request 101 19.976881188118806 4.940963727871432 145.656 7.353 20.03765793780687 611
stats: connect 35 1.9468571428571437 1.806437680596137 36.997 0.898 1.7575443037974685 237
stats: page 47 43.00774468085106 18.06222682068981 145.656 9.246 39.56345806451613 310
stats: 302 35 272
stats: 200 66 440
stats: size_rcv 74538 491524
stats: newphase 1 3
stats: size_sent 75269 496637
stats: connected 14 147
# stats: dump at 1574406794
stats: users 175 177
stats: {freemem,"tsung_controller@ip-172-31-28-236"} 1 3518.2734375 0.0 3523.7578125 3518.2734375 3521.740985576923 13
stats: {load,"tsung_controller@ip-172-31-28-236"} 1 0.01953125 0.0 0.16015625 0.01953125 0.06911057692307693 13
stats: {recvpackets,"tsung_controller@ip-172-31-28-236"} 1 361.0 0.0 371 44 194.41666666666666 12
stats: {sentpackets,"tsung_controller@ip-172-31-28-236"} 1 380.0 0.0 404 47 207.83333333333334 12
stats: {cpu,"tsung_controller@ip-172-31-28-236"} 1 0.3021148036253776 0.0 1.4300809831640264 0.10030090270812438 0.5107863555135178 13
stats: session 20 44075.40809999999 28005.808608640753 100114.28 30055.801 39972.30083838383 99
stats: users_count 36 294
stats: finish_users_count 20 119
stats: request 99 19.88385858585859 5.516158934815372 145.656 7.353 20.029036516853928 712
stats: connect 39 1.3455384615384618 0.16042329362064198 36.997 0.898 1.781904411764706 272
stats: page 55 35.84490909090909 17.785089172749306 145.656 9.246 40.01690756302521 357
stats: 302 39 311
stats: 200 60 500
stats: size_rcv 69001 560525
stats: newphase 0 3
stats: size_sent 70584 567221
stats: connected 8 155
# stats: dump at 1574406804
stats: users 205 205
stats: {freemem,"tsung_controller@ip-172-31-28-236"} 1 3518.125 0.0 3523.7578125 3518.125 3521.4933035714284 14
stats: {load,"tsung_controller@ip-172-31-28-236"} 1 0.01171875 0.0 0.16015625 0.01171875 0.06556919642857142 14
stats: {recvpackets,"tsung_controller@ip-172-31-28-236"} 1 439.0 0.0 439 44 207.23076923076923 13
stats: {sentpackets,"tsung_controller@ip-172-31-28-236"} 1 470.0 0.0 470 47 221.07692307692307 13
stats: {cpu,"tsung_controller@ip-172-31-28-236"} 1 0.5035246727089627 0.0 1.4300809831640264 0.10030090270812438 0.49588124466436495 14
stats: session 20 40570.28 25001.23141065694 100114.28 30055.801 40661.89869747899 119
stats: users_count 50 344
stats: finish_users_count 20 139
stats: request 138 19.935666666666673 4.984047767604004 145.656 7.353 20.01131442663378 811
stats: connect 51 1.2551960784313725 0.19297170569880856 36.997 0.864 1.7271832797427655 311
stats: page 68 40.516897058823545 18.2646265594742 145.656 8.866 39.45996601941747 412
stats: 302 51 362
stats: 200 87 587
stats: size_rcv 97176 657701
stats: newphase 1 4
stats: size_sent 98045 665266
stats: connected 16 171
# stats: dump at 1574406814
stats: users 236 236
stats: {freemem,"tsung_controller@ip-172-31-28-236"} 1 3516.65625 0.0 3523.7578125 3516.65625 3521.26875 15
stats: {load,"tsung_controller@ip-172-31-28-236"} 1 0.01171875 0.0 0.16015625 0.01171875 0.06197916666666667 15
stats: {recvpackets,"tsung_controller@ip-172-31-28-236"} 1 508.0 0.0 508 44 223.78571428571428 14
stats: {sentpackets,"tsung_controller@ip-172-31-28-236"} 1 536.0 0.0 536 47 238.85714285714286 14
stats: {cpu,"tsung_controller@ip-172-31-28-236"} 1 0.6018054162487462 0.0 1.4300809831640264 0.10030090270812438 0.4963908065340048 15
stats: session 14 40070.23599999999 24502.004438702414 100114.28 30055.801 40648.71615107913 139
stats: users_count 45 389
stats: finish_users_count 14 153
stats: request 119 19.718378151260524 5.292538740452119 145.656 7.353 20.000314014752366 949
stats: connect 50 1.25166 0.18632451368512945 36.997 0.861 1.6606878453038676 362
stats: page 61 37.87375409836065 20.538341777571024 145.656 8.648 39.60969791666666 480
stats: 302 50 412
stats: 200 69 656
stats: size_rcv 77590 735291
stats: newphase 0 4
stats: size_sent 80120 745386
stats: connected 15 186
# stats: dump at 1574406824
stats: users 227 253
stats: {freemem,"tsung_controller@ip-172-31-28-236"} 1 3514.19140625 0.0 3523.7578125 3514.19140625 3520.98046875 16
stats: {load,"tsung_controller@ip-172-31-28-236"} 1 0.01171875 0.0 0.16015625 0.01171875 0.058837890625 16
stats: {recvpackets,"tsung_controller@ip-172-31-28-236"} 1 496.0 0.0 508 44 242.73333333333332 15
stats: {sentpackets,"tsung_controller@ip-172-31-28-236"} 1 512.0 0.0 536 47 258.6666666666667 15
stats: {cpu,"tsung_controller@ip-172-31-28-236"} 1 1.0030090270812437 0.0 1.4300809831640264 0.10030090270812438 0.5029792196411761 16
stats: session 31 48139.842580645156 30645.142876578553 100146.406 30055.801 40595.78332679738 153
stats: users_count 22 411
stats: finish_users_count 31 184
stats: request 105 21.074095238095243 8.562333235107412 145.656 7.277 19.96889981273408 1068
stats: connect 30 1.3276666666666666 0.5948206639166314 36.997 0.854 1.6110485436893205 412
stats: page 54 41.771222222222235 17.773737964955874 145.656 8.648 39.413963031423286 541
stats: 302 30 442
stats: 200 75 731
stats: size_rcv 86605 821896
stats: newphase 0 4
stats: size_sent 86831 832217
stats: connected -15 171
# stats: dump at 1574406834
stats: users 191 253
stats: {freemem,"tsung_controller@ip-172-31-28-236"} 1 3513.91796875 0.0 3523.7578125 3513.91796875 3520.581112132353 17
stats: {load,"tsung_controller@ip-172-31-28-236"} 1 0.01171875 0.0 0.16015625 0.01171875 0.05606617647058824 17
stats: {recvpackets,"tsung_controller@ip-172-31-28-236"} 1 456.0 0.0 508 44 258.5625 16
stats: {sentpackets,"tsung_controller@ip-172-31-28-236"} 1 477.0 0.0 536 47 274.5 16
stats: {cpu,"tsung_controller@ip-172-31-28-236"} 1 0.5025125628140703 0.0 1.4300809831640264 0.10030090270812438 0.532392737725886 17
stats: session 36 53406.33111111112 33008.78601207012 100146.406 30055.801 41866.7933097826 184
stats: users_count 0 411
stats: finish_users_count 36 220
stats: request 70 20.07505714285715 6.520006498431719 145.656 7.277 20.067830349531114 1173
stats: connect 12 1.3675833333333332 0.11944556524021968 36.997 0.854 1.5918144796380094 442
stats: page 35 40.21234285714285 8.274983708030083 145.656 8.648 39.62789915966386 595
stats: 302 12 454
stats: 200 58 789
stats: size_rcv 70318 892214
stats: newphase 0 4
stats: size_sent 71049 903266
stats: connected -36 135
# stats: dump at 1574406844
stats: users 146 253
stats: {freemem,"tsung_controller@ip-172-31-28-236"} 1 3513.9296875 0.0 3523.7578125 3513.91796875 3520.2109375 18
stats: {load,"tsung_controller@ip-172-31-28-236"} 1 0.0 0.0 0.16015625 0.0 0.05360243055555555 18
stats: {recvpackets,"tsung_controller@ip-172-31-28-236"} 1 318.0 0.0 508 44 270.1764705882353 17
stats: {sentpackets,"tsung_controller@ip-172-31-28-236"} 1 345.0 0.0 536 47 286.4117647058824 17
stats: {cpu,"tsung_controller@ip-172-31-28-236"} 1 0.30120481927710846 0.0 1.4300809831640264 0.10030090270812438 0.5307327280085629 18
stats: session 45 61188.95284444442 34793.399413416555 100146.406 30055.801 43755.08131363636 220
stats: users_count 0 411
stats: finish_users_count 45 265
stats: request 90 21.048744444444434 7.932208591924599 145.656 7.277 20.068237329042635 1243
stats: connect 19 1.7808947368421055 1.588904750042979 36.997 0.854 1.585887665198238 454
stats: page 45 42.16164444444445 10.409566828762337 145.656 8.648 39.66036825396825 630
stats: 302 19 473
stats: 200 71 860
stats: size_rcv 90477 982691
stats: newphase 0 4
stats: size_sent 91959 995225
stats: connected -41 94
# stats: dump at 1574406854
stats: users 114 253
stats: {freemem,"tsung_controller@ip-172-31-28-236"} 1 3512.09375 0.0 3523.7578125 3512.09375 3519.8803453947367 19
stats: {load,"tsung_controller@ip-172-31-28-236"} 1 0.0 0.0 0.16015625 0.0 0.05078125 19
stats: {recvpackets,"tsung_controller@ip-172-31-28-236"} 1 535.0 0.0 535 44 272.8333333333333 18
stats: {sentpackets,"tsung_controller@ip-172-31-28-236"} 1 586.0 0.0 586 47 289.6666666666667 18
stats: {cpu,"tsung_controller@ip-172-31-28-236"} 1 1.103309929789368 0.0 1.4300809831640264 0.10030090270812438 0.518652311759539 19
stats: session 32 73830.86815624998 33895.720899499545 100146.406 30055.801 46715.550064150935 265
stats: users_count 0 411
stats: finish_users_count 32 297
stats: request 66 17.792060606060616 7.408039604659637 145.656 7.277 20.134438109527377 1333
stats: connect 21 1.3604761904761904 0.17928339339546281 36.997 0.854 1.5937209302325581 473
stats: page 33 35.64512121212122 9.116109426516157 145.656 8.648 39.82712 675
stats: 302 21 494
stats: 200 45 905
stats: size_rcv 66507 1049198
stats: newphase 0 4
stats: size_sent 67493 1062718
stats: connected -32 62
# stats: dump at 1574406864
stats: users 103 253
stats: {freemem,"tsung_controller@ip-172-31-28-236"} 1 3511.88671875 0.0 3523.7578125 3511.88671875 3519.491015625 20
stats: {load,"tsung_controller@ip-172-31-28-236"} 1 0.0 0.0 0.16015625 0.0 0.0482421875 20
stats: {recvpackets,"tsung_controller@ip-172-31-28-236"} 1 376.0 0.0 535 44 286.63157894736844 19
stats: {sentpackets,"tsung_controller@ip-172-31-28-236"} 1 385.0 0.0 586 47 305.2631578947368 19
stats: {cpu,"tsung_controller@ip-172-31-28-236"} 1 2.206619859578736 0.0 2.206619859578736 0.10030090270812438 0.5478851926610304 20
stats: session 11 100088.74290909091 5.777627406321393 100146.406 30055.801 49637.06581818181 297
stats: users_count 0 411
stats: finish_users_count 11 308
stats: request 22 16.055772727272725 8.741306730543094 145.656 7.277 20.02393280914939 1399
stats: connect 11 1.459909090909091 0.08305469670420874 36.997 0.854 1.5838056680161945 494
stats: page 11 32.17336363636363 4.425839525347956 145.656 8.648 39.632196327683616 708
stats: 302 11 505
stats: 200 11 916
stats: size_rcv 22253 1071451
stats: newphase 0 4
stats: size_sent 22905 1085623
stats: connected -15 47
# stats: dump at 1574406874
stats: users 88 253
stats: {freemem,"tsung_controller@ip-172-31-28-236"} 1 3510.9765625 0.0 3523.7578125 3510.9765625 3519.12890625 21
stats: {load,"tsung_controller@ip-172-31-28-236"} 1 0.0 0.0 0.16015625 0.0 0.04594494047619048 21
stats: {recvpackets,"tsung_controller@ip-172-31-28-236"} 1 168.0 0.0 535 44 291.1 20
stats: {sentpackets,"tsung_controller@ip-172-31-28-236"} 1 159.0 0.0 586 47 309.25 20
stats: {cpu,"tsung_controller@ip-172-31-28-236"} 1 0.1004016064257028 0.0 2.206619859578736 0.10030090270812438 0.6268725577523497 21
stats: session 15 100091.37513333332 11.191048308750249 100146.406 30055.801 51438.91142857142 308
stats: users_count 0 411
stats: finish_users_count 15 323
stats: request 30 15.819333333333335 7.870758507849729 145.656 7.238 19.962497536945808 1421
stats: connect 15 1.6709333333333336 1.1893881041200227 36.997 0.854 1.5811069306930694 505
stats: page 15 31.694199999999988 6.660999016163665 145.656 8.648 39.51808344923505 719
stats: 302 15 520
stats: 200 15 931
stats: size_rcv 30345 1101796
stats: newphase 0 4
stats: size_sent 31175 1116798
stats: connected -24 23
# stats: dump at 1574406884
stats: users 69 253
stats: {freemem,"tsung_controller@ip-172-31-28-236"} 1 3509.8046875 0.0 3523.7578125 3509.8046875 3518.7583451704545 22
stats: {load,"tsung_controller@ip-172-31-28-236"} 1 0.0 0.0 0.16015625 0.0 0.043856534090909095 22
stats: {recvpackets,"tsung_controller@ip-172-31-28-236"} 1 198.0 0.0 535 44 285.23809523809524 21
stats: {sentpackets,"tsung_controller@ip-172-31-28-236"} 1 184.0 0.0 586 47 302.0952380952381 21
stats: {cpu,"tsung_controller@ip-172-31-28-236"} 1 0.4 0.0 2.206619859578736 0.10030090270812438 0.6029420599647749 22
stats: session 19 100093.36131578947 9.167108653123536 100146.406 30055.801 53698.31376780185 323
stats: users_count 0 411
stats: finish_users_count 19 342
stats: request 38 15.22794736842105 7.841237778053076 145.656 7.238 19.87683597518952 1451
stats: connect 19 1.4463684210526317 0.1904587841934687 36.997 0.854 1.583698076923077 520
stats: page 19 30.51610526315789 4.216960690189544 145.656 8.648 39.35819482288829 734
stats: 302 19 539
stats: 200 19 950
stats: size_rcv 38437 1140233
stats: newphase 0 4
stats: size_sent 39589 1156387
stats: connected -23 0
# stats: dump at 1574406894
stats: users 57 253
stats: {freemem,"tsung_controller@ip-172-31-28-236"} 1 3508.96484375 0.0 3523.7578125 3508.96484375 3518.3690557065215 23
stats: {load,"tsung_controller@ip-172-31-28-236"} 1 0.0 0.0 0.16015625 0.0 0.04194972826086957 23
stats: {recvpackets,"tsung_controller@ip-172-31-28-236"} 1 251.0 0.0 535 44 281.27272727272725 22
stats: {sentpackets,"tsung_controller@ip-172-31-28-236"} 1 243.0 0.0 586 47 296.72727272727275 22
stats: {cpu,"tsung_controller@ip-172-31-28-236"} 1 0.4012036108324975 0.0 2.206619859578736 0.10030090270812438 0.5941184921402195 23
stats: session 12 100090.04466666665 4.294588287085352 100146.406 30055.801 56275.81640935671 342
stats: users_count 0 411
stats: finish_users_count 12 354
stats: request 24 15.419041666666667 7.597701612325306 145.656 7.238 19.758194089993278 1489
stats: connect 12 1.7056666666666667 0.2828769854351692 36.997 0.854 1.578857142857143 539
stats: page 12 30.90133333333334 2.6371753302012797 145.656 8.648 39.135087649402394 753
stats: 302 12 551
stats: 200 12 962
stats: size_rcv 24276 1164509
stats: newphase 0 4
stats: size_sent 24882 1181269
stats: connected 0 0
# stats: dump at 1574406904
stats: users 32 253
stats: {freemem,"tsung_controller@ip-172-31-28-236"} 1 3508.9765625 0.0 3523.7578125 3508.96484375 3517.9772135416665 24
stats: {load,"tsung_controller@ip-172-31-28-236"} 1 0.0 0.0 0.16015625 0.0 0.040201822916666664 24
stats: {recvpackets,"tsung_controller@ip-172-31-28-236"} 1 160.0 0.0 535 44 279.95652173913044 23
stats: {sentpackets,"tsung_controller@ip-172-31-28-236"} 1 166.0 0.0 586 47 294.39130434782606 23
stats: {cpu,"tsung_controller@ip-172-31-28-236"} 1 0.499001996007984 0.0 2.206619859578736 0.10030090270812438 0.5860803720857312 24
stats: session 25 100093.56272000002 9.384684487061776 100146.406 30055.801 57761.04448587568 354
stats: users_count 0 411
stats: finish_users_count 25 379
stats: request 48 16.64933333333332 9.712883779061478 145.656 7.126 19.68936417713152 1513
stats: connect 24 1.9143333333333337 2.1190668281633362 36.997 0.854 1.5816188747731397 551
stats: page 24 33.36066666666667 8.155063379411725 145.656 8.648 39.00593071895425 765
stats: 302 24 575
stats: 200 24 986
stats: size_rcv 48548 1213057
stats: newphase 0 4
stats: size_sent 49946 1231215
stats: connected 0 0
# stats: dump at 1574406914
stats: users 10 253
stats: {freemem,"tsung_controller@ip-172-31-28-236"} 1 3508.62109375 0.0 3523.7578125 3508.62109375 3517.6171875 25
stats: {load,"tsung_controller@ip-172-31-28-236"} 1 0.0 0.0 0.16015625 0.0 0.03859375 25
stats: {recvpackets,"tsung_controller@ip-172-31-28-236"} 1 371.0 0.0 535 44 274.9583333333333 24
stats: {sentpackets,"tsung_controller@ip-172-31-28-236"} 1 443.0 0.0 586 47 289.04166666666663 24
stats: {cpu,"tsung_controller@ip-172-31-28-236"} 1 2.3046092184368736 0.0 2.3046092184368736 0.10030090270812438 0.5825972370426213 25
stats: session 22 100093.51499999998 8.90053036213084 100146.406 30055.801 60553.4269551451 379
stats: users_count 0 411
stats: finish_users_count 22 401
stats: request 44 15.284340909090908 7.015819413502026 145.656 7.126 19.595884689301723 1561
stats: connect 22 1.380409090909091 0.21685010723599946 36.997 0.854 1.5955060869565216 575
stats: page 22 30.62481818181818 3.389114910420279 145.656 8.648 38.83421166032953 789
stats: 302 22 597
stats: 200 22 1008
stats: size_rcv 44502 1257559
stats: newphase 0 4
stats: size_sent 45666 1276881
stats: connected 0 0
# stats: dump at 1574406917
stats: users 0 253
stats: {freemem,"tsung_controller@ip-172-31-28-236"} 1 3508.51171875 0.0 3523.7578125 3508.51171875 3517.271183894231 26
stats: {load,"tsung_controller@ip-172-31-28-236"} 1 0.0 0.0 0.16015625 0.0 0.03710937500000001 26
stats: {recvpackets,"tsung_controller@ip-172-31-28-236"} 1 266.0 0.0 535 44 278.8 25
stats: {sentpackets,"tsung_controller@ip-172-31-28-236"} 1 285.0 0.0 586 47 295.2 25
stats: {cpu,"tsung_controller@ip-172-31-28-236"} 1 0.6993006993006993 0.0 2.3046092184368736 0.10030090270812438 0.6488284670962465 26
stats: session 10 100097.59059999998 14.413922139378961 100146.406 30055.801 62722.70859351619 401
stats: users_count 0 411
stats: finish_users_count 10 411
stats: request 22 15.797909090909092 7.610918764924573 145.656 6.684 19.477686604361363 1605
stats: connect 11 1.453818181818182 0.0830123957685819 36.997 0.854 1.5875795644891122 597
stats: page 11 31.64900000000001 4.447487217008561 145.656 8.648 38.61151541307028 811
stats: 302 11 608
stats: 200 11 1019
stats: size_rcv 19999 1277558
stats: newphase 0 4
stats: size_sent 22839 1299720
stats: connected 0 0
EndMonitor:{1574,406917,772125}
