# stats: dump at 1575465863
stats: users 7 7
stats: {cpu,"tsung_controller@ip-172-31-23-21"} 1 1.7325716069360362 0 1.7325716069360362 1.7325716069360362 0 0
stats: {load,"tsung_controller@ip-172-31-23-21"} 1 0.0 0 0.0 0.0 0 0
stats: {freemem,"tsung_controller@ip-172-31-23-21"} 1 3515.51953125 0 3515.51953125 3515.51953125 0 0
stats: users_count 7 7
stats: finish_users_count 0 0
stats: request 13 30.152384615384605 24.496607638102624 98.772 11.417 0 0
stats: connect 7 4.4482857142857135 6.531724093426869 20.447 1.718 0 0
stats: page 7 56.06957142857142 23.795379124390294 98.772 11.417 0 0
stats: 302 7 7
stats: 200 6 6
stats: size_rcv 7058 7058
stats: size_sent 7113 7113
stats: connected 7 7
# stats: dump at 1575465873
stats: users 16 16
stats: {recvpackets,"tsung_controller@ip-172-31-23-21"} 1 60 0 60 60 0 0
stats: {sentpackets,"tsung_controller@ip-172-31-23-21"} 1 61 0 61 61 0 0
stats: {cpu,"tsung_controller@ip-172-31-23-21"} 1 0.5005005005005005 0.0 1.7325716069360362 0.5005005005005005 1.7325716069360362 1
stats: {load,"tsung_controller@ip-172-31-23-21"} 1 0.0 0.0 0.0 0.0 0.0 1
stats: {freemem,"tsung_controller@ip-172-31-23-21"} 1 3516.6328125 0.0 3516.6328125 3515.51953125 3515.51953125 1
stats: users_count 9 16
stats: finish_users_count 0 0
stats: request 21 32.82028571428572 42.09747330291684 190.265 11.215 30.152384615384605 13
stats: connect 9 1.774222222222222 0.096499600203867 20.447 1.551 4.4482857142857135 7
stats: page 9 76.67422222222223 58.753561491628886 222.031 11.417 56.06957142857142 7
stats: 302 9 16
stats: 200 12 18
stats: size_rcv 13461 20519
stats: size_sent 13284 20397
stats: connected 9 16
# stats: dump at 1575465883
stats: users 37 37
stats: {recvpackets,"tsung_controller@ip-172-31-23-21"} 1 66.0 0.0 66 60 60.0 1
stats: {sentpackets,"tsung_controller@ip-172-31-23-21"} 1 65.0 0.0 65 61 61.0 1
stats: {cpu,"tsung_controller@ip-172-31-23-21"} 1 0.3003003003003003 0.0 1.7325716069360362 0.3003003003003003 1.1165360537182685 2
stats: {load,"tsung_controller@ip-172-31-23-21"} 1 0.0 0.0 0.0 0.0 0.0 2
stats: {freemem,"tsung_controller@ip-172-31-23-21"} 1 3516.51953125 0.0 3516.6328125 3515.51953125 3516.076171875 2
stats: users_count 21 37
stats: finish_users_count 0 0
stats: request 44 21.45011363636364 15.296711508175852 190.265 10.527 31.800205882352937 34
stats: connect 20 1.8743500000000002 0.8810344076708923 20.447 1.208 2.9441249999999997 16
stats: page 20 47.27049999999999 37.533236293317415 222.031 10.996 67.65968749999999 16
stats: 302 20 36
stats: 200 24 42
stats: size_rcv 27184 47703
stats: newphase 1 1
stats: size_sent 26944 47341
stats: connected 20 36
# stats: dump at 1575465893
stats: users 54 57
stats: {recvpackets,"tsung_controller@ip-172-31-23-21"} 1 164.0 0.0 164 60 63.0 2
stats: {sentpackets,"tsung_controller@ip-172-31-23-21"} 1 167.0 0.0 167 61 63.0 2
stats: {cpu,"tsung_controller@ip-172-31-23-21"} 1 0.5 0.0 1.7325716069360362 0.3003003003003003 0.8444574692456124 3
stats: {load,"tsung_controller@ip-172-31-23-21"} 1 0.0 0.0 0.0 0.0 0.0 3
stats: {freemem,"tsung_controller@ip-172-31-23-21"} 1 3516.1640625 0.0 3516.6328125 3515.51953125 3516.2239583333335 3
stats: session 3 35815.566666666666 55.14044324772524 35887.208 35753.075 0 0
stats: users_count 20 57
stats: finish_users_count 3 3
stats: request 57 49.20803508771931 101.34077844804088 370.105 10.421 25.961692307692307 78
stats: connect 21 1.691619047619048 0.19240123655440575 20.447 1.208 2.3498055555555553 36
stats: page 28 99.68028571428572 220.45478857723333 757.72 10.97 56.332361111111105 36
stats: 302 21 57
stats: 200 36 78
stats: size_rcv 40241 87944
stats: newphase 0 1
stats: size_sent 40908 88249
stats: connected 18 54
# stats: dump at 1575465903
stats: users 91 91
stats: {recvpackets,"tsung_controller@ip-172-31-23-21"} 1 233.0 0.0 233 60 96.66666666666667 3
stats: {sentpackets,"tsung_controller@ip-172-31-23-21"} 1 211.0 0.0 211 61 97.66666666666667 3
stats: {cpu,"tsung_controller@ip-172-31-23-21"} 1 0.5005005005005005 0.0 1.7325716069360362 0.3003003003003003 0.7583431019342093 4
stats: {load,"tsung_controller@ip-172-31-23-21"} 1 0.0 0.0 0.0 0.0 0.0 4
stats: {freemem,"tsung_controller@ip-172-31-23-21"} 1 3514.11328125 0.0 3516.6328125 3514.11328125 3516.208984375 4
stats: session 3 35878.75033333334 53.43177954072813 35954.169 35753.075 35815.566666666666 3
stats: users_count 40 97
stats: finish_users_count 3 6
stats: request 85 41.739235294117655 90.07642938901414 385.044 7.349 35.77681481481482 135
stats: connect 37 1.927810810810811 0.7115722537561163 20.447 1.208 2.107315789473684 57
stats: page 42 84.20040476190475 197.38945190917076 838.136 7.349 75.297078125 64
stats: 302 37 94
stats: 200 48 126
stats: size_rcv 54449 142393
stats: newphase 1 2
stats: size_sent 54201 142450
stats: connected 34 88
# stats: dump at 1575465913
stats: users 106 110
stats: {recvpackets,"tsung_controller@ip-172-31-23-21"} 1 336.0 0.0 336 60 130.75 4
stats: {sentpackets,"tsung_controller@ip-172-31-23-21"} 1 331.0 0.0 331 61 126.0 4
stats: {cpu,"tsung_controller@ip-172-31-23-21"} 1 0.7028112449799196 0.0 1.7325716069360362 0.3003003003003003 0.7067745816474675 5
stats: {load,"tsung_controller@ip-172-31-23-21"} 1 0.0 0.0 0.0 0.0 0.0 5
stats: {freemem,"tsung_controller@ip-172-31-23-21"} 1 3513.04296875 0.0 3516.6328125 3513.04296875 3515.78984375 5
stats: session 5 35795.9534 56.892630231338714 35954.169 35743.766 35847.1585 6
stats: users_count 20 117
stats: finish_users_count 5 11
stats: request 87 54.72406896551724 108.13728258000728 432.385 7.349 38.08047727272728 220
stats: connect 23 2.839782608695652 5.241701922057142 27.417 1.208 2.036659574468085 94
stats: page 37 129.62254054054057 247.94985559950612 858.075 7.349 78.82481132075472 106
stats: 302 23 117
stats: 200 64 190
stats: size_rcv 70396 212789
stats: newphase 0 2
stats: size_sent 67710 210160
stats: connected 18 106
# stats: dump at 1575465923
stats: users 128 128
stats: {recvpackets,"tsung_controller@ip-172-31-23-21"} 1 340.0 0.0 340 60 171.8 5
stats: {sentpackets,"tsung_controller@ip-172-31-23-21"} 1 292.0 0.0 331 61 167.0 5
stats: {cpu,"tsung_controller@ip-172-31-23-21"} 1 1.0 0.0 1.7325716069360362 0.3003003003003003 0.7061140255362095 6
stats: {load,"tsung_controller@ip-172-31-23-21"} 1 0.0 0.0 0.0 0.0 0.0 6
stats: {freemem,"tsung_controller@ip-172-31-23-21"} 1 3511.47265625 0.0 3516.6328125 3511.47265625 3515.33203125 6
stats: session 12 35957.149999999994 160.06247874294036 36259.299 35743.766 35823.88345454545 11
stats: users_count 34 151
stats: finish_users_count 12 23
stats: request 146 87.50144520547946 162.94111741765946 668.517 7.349 42.797065146579804 307
stats: connect 32 2.30653125 3.637260644911694 27.417 1.208 2.1945384615384613 117
stats: page 56 220.8780892857143 371.7371359688128 1220.517 7.349 91.96827972027974 143
stats: 302 31 148
stats: 200 115 305
stats: size_rcv 124198 336987
stats: newphase 1 3
stats: size_sent 122438 332598
stats: connected 20 126
# stats: dump at 1575465933
stats: users 158 159
stats: {recvpackets,"tsung_controller@ip-172-31-23-21"} 1 625.0 0.0 625 60 199.83333333333334 6
stats: {sentpackets,"tsung_controller@ip-172-31-23-21"} 1 545.0 0.0 545 61 187.83333333333334 6
stats: {cpu,"tsung_controller@ip-172-31-23-21"} 1 1.3 0.0 1.7325716069360362 0.3003003003003003 0.7480977361738939 7
stats: {load,"tsung_controller@ip-172-31-23-21"} 1 0.0 0.0 0.0 0.0 0.0 7
stats: {freemem,"tsung_controller@ip-172-31-23-21"} 1 3507.484375 0.0 3516.6328125 3507.484375 3514.780691964286 7
stats: session 14 35853.023857142856 62.06953291828193 36259.299 35743.766 35893.41382608695 23
stats: users_count 44 195
stats: finish_users_count 14 37
stats: request 173 69.23473988439304 127.09611517639846 668.517 7.349 57.20509933774835 453
stats: connect 46 1.7442608695652175 0.32095052001032176 27.417 1.208 2.2185906040268453 149
stats: page 79 145.57193670886076 279.6782171935555 1220.517 7.349 128.2444070351759 199
stats: 302 44 192
stats: 200 129 434
stats: size_rcv 144464 481451
stats: newphase 0 3
stats: size_sent 139438 472036
stats: connected 26 152
# stats: dump at 1575465943
stats: users 197 197
stats: {recvpackets,"tsung_controller@ip-172-31-23-21"} 1 691.0 0.0 691 60 260.57142857142856 7
stats: {sentpackets,"tsung_controller@ip-172-31-23-21"} 1 597.0 0.0 597 61 238.85714285714286 7
stats: {cpu,"tsung_controller@ip-172-31-23-21"} 1 1.0040160642570282 0.0 1.7325716069360362 0.3003003003003003 0.8170855191521571 8
stats: {load,"tsung_controller@ip-172-31-23-21"} 1 0.0 0.0 0.0 0.0 0.0 8
stats: {freemem,"tsung_controller@ip-172-31-23-21"} 1 3504.3046875 0.0 3516.6328125 3504.3046875 3513.86865234375 8
stats: session 21 42303.70809523809 15740.824675549004 80929.776 35743.766 35878.13113513513 37
stats: users_count 60 255
stats: finish_users_count 21 58
stats: request 227 88.86947577092506 149.5590978592693 668.517 7.349 60.529584664536735 626
stats: connect 66 1.7020757575757572 1.0497347761798672 27.417 1.208 2.1066974358974355 195
stats: page 98 214.94651020408162 342.9403711997427 1220.517 7.349 133.16841726618708 278
stats: 302 63 255
stats: 200 164 598
stats: size_rcv 184722 666173
stats: newphase 1 4
stats: size_sent 176554 648590
stats: connected 31 183
# stats: dump at 1575465953
stats: users 229 231
stats: {recvpackets,"tsung_controller@ip-172-31-23-21"} 1 893.0 0.0 893 60 314.375 8
stats: {sentpackets,"tsung_controller@ip-172-31-23-21"} 1 796.0 0.0 796 61 283.625 8
stats: {cpu,"tsung_controller@ip-172-31-23-21"} 1 1.6064257028112447 0.0 1.7325716069360362 0.3003003003003003 0.837855579719365 9
stats: {load,"tsung_controller@ip-172-31-23-21"} 1 0.0 0.0 0.0 0.0 0.0 9
stats: {freemem,"tsung_controller@ip-172-31-23-21"} 1 3503.09375 0.0 3516.6328125 3503.09375 3512.8059895833335 9
stats: session 10 62877.0944 22091.46185823915 81119.317 35743.766 38204.633137931036 58
stats: users_count 42 297
stats: finish_users_count 10 68
stats: request 169 58.4998520710059 117.06339911133124 668.517 7.349 68.07138452520515 853
stats: connect 57 1.6270350877192983 0.6249907778944123 27.417 1.174 2.0043793103448273 261
stats: page 80 123.39161249999998 255.30323411154103 1220.517 7.349 154.48292021276598 376
stats: 302 51 306
stats: 200 118 716
stats: size_rcv 143713 809886
stats: newphase 0 4
stats: size_sent 134203 782793
stats: connected 40 223
# stats: dump at 1575465963
stats: users 246 246
stats: {recvpackets,"tsung_controller@ip-172-31-23-21"} 1 629.0 0.0 893 60 378.6666666666667 9
stats: {sentpackets,"tsung_controller@ip-172-31-23-21"} 1 550.0 0.0 796 61 340.55555555555554 9
stats: {cpu,"tsung_controller@ip-172-31-23-21"} 1 1.0040160642570282 0.0 1.7325716069360362 0.3003003003003003 0.914712592028553 10
stats: {load,"tsung_controller@ip-172-31-23-21"} 1 0.0 0.0 0.0 0.0 0.0 10
stats: {freemem,"tsung_controller@ip-172-31-23-21"} 1 3500.94140625 0.0 3516.6328125 3500.94140625 3511.834765625 10
stats: session 32 53051.22796874998 21856.002903589804 81864.011 35743.766 41832.93626470589 68
stats: users_count 49 346
stats: finish_users_count 32 100
stats: request 284 143.68606690140842 212.38754884978914 876.239 7.349 66.48861643835615 1022
stats: connect 54 1.596111111111112 0.371726087261329 27.417 1.174 1.9367421383647796 318
stats: page 108 374.33054629629635 510.51759103260036 1707.079 7.349 149.02830482456142 456
stats: 302 58 364
stats: 200 226 942
stats: size_rcv 257004 1066890
stats: newphase 1 5
stats: size_sent 248610 1031403
stats: connected 15 238
# stats: dump at 1575465973
stats: users 266 267
stats: {recvpackets,"tsung_controller@ip-172-31-23-21"} 1 1220.0 0.0 1220 60 403.7 10
stats: {sentpackets,"tsung_controller@ip-172-31-23-21"} 1 995.0 0.0 995 61 361.5 10
stats: {cpu,"tsung_controller@ip-172-31-23-21"} 1 1.9019019019019021 0.0 1.9019019019019021 0.3003003003003003 0.9228310895038689 11
stats: {load,"tsung_controller@ip-172-31-23-21"} 1 0.0 0.0 0.0 0.0 0.0 11
stats: {freemem,"tsung_controller@ip-172-31-23-21"} 1 3497.65625 0.0 3516.6328125 3497.65625 3510.8444602272725 11
stats: session 33 46975.52615151516 19231.9117309858 81864.011 35743.766 45422.78960999999 100
stats: users_count 53 399
stats: finish_users_count 33 133
stats: request 335 115.68692238805966 193.6313142605056 957.854 6.677 83.27581087289431 1306
stats: connect 73 1.601506849315068 0.4252383738688468 27.417 1.174 1.8872956989247311 372
stats: page 142 252.66087323943677 416.191514509692 1788.238 7.349 192.17128723404258 564
stats: 302 64 428
stats: 200 271 1213
stats: size_rcv 312090 1378980
stats: newphase 0 5
stats: size_sent 298333 1329736
stats: connected 19 257
# stats: dump at 1575465983
stats: users 286 287
stats: {recvpackets,"tsung_controller@ip-172-31-23-21"} 1 1348.0 0.0 1348 60 477.90909090909093 11
stats: {sentpackets,"tsung_controller@ip-172-31-23-21"} 1 1097.0 0.0 1097 61 419.09090909090907 11
stats: {cpu,"tsung_controller@ip-172-31-23-21"} 1 2.1042084168336674 0.0 2.1042084168336674 0.3003003003003003 1.0044203238703717 12
stats: {load,"tsung_controller@ip-172-31-23-21"} 1 0.0 0.0 0.0 0.0 0.0 12
stats: {freemem,"tsung_controller@ip-172-31-23-21"} 1 3494.45703125 0.0 3516.6328125 3494.45703125 3509.7454427083335 12
stats: session 49 49689.22220408161 20461.88865446401 82758.356 35743.766 45808.055067669164 133
stats: users_count 69 468
stats: finish_users_count 49 182
stats: request 413 254.6925738498789 294.6218649841742 1207.639 6.677 89.892338817794 1641
stats: connect 82 1.6263414634146334 1.0559596169698102 27.417 1.174 1.8404134831460672 445
stats: page 152 702.7095263157895 805.4665998701504 2694.538 7.349 204.33774787535415 706
stats: 302 85 513
stats: 200 328 1541
stats: size_rcv 372511 1751491
stats: newphase 1 6
stats: size_sent 363086 1692822
stats: connected 17 274
# stats: dump at 1575465993
stats: users 321 321
stats: {recvpackets,"tsung_controller@ip-172-31-23-21"} 1 1774.0 0.0 1774 60 550.4166666666666 12
stats: {sentpackets,"tsung_controller@ip-172-31-23-21"} 1 1369.0 0.0 1369 61 475.5833333333333 12
stats: {cpu,"tsung_controller@ip-172-31-23-21"} 1 2.108433734939759 0.0 2.108433734939759 0.3003003003003003 1.0890194079444713 13
stats: {load,"tsung_controller@ip-172-31-23-21"} 1 0.0 0.0 0.0 0.0 0.0 13
stats: {freemem,"tsung_controller@ip-172-31-23-21"} 1 3488.79296875 0.0 3516.6328125 3488.79296875 3508.5694110576924 13
stats: session 36 57631.585222222224 22434.83826240236 82758.356 35743.766 46852.98468131867 182
stats: users_count 71 539
stats: finish_users_count 36 218
stats: request 348 149.07565517241395 223.7588907160407 1207.639 6.677 123.02890019474192 2054
stats: connect 91 1.7305934065934063 1.5277609701568335 27.417 1.174 1.8071043643263753 527
stats: page 149 356.3705369127517 529.4953062971937 2694.538 7.349 292.627386946387 858
stats: 302 85 598
stats: 200 263 1804
stats: size_rcv 310137 2061628
stats: newphase 0 6
stats: size_sent 289886 1982708
stats: connected 38 312
# stats: dump at 1575466003
stats: users 390 390
stats: {recvpackets,"tsung_controller@ip-172-31-23-21"} 1 1424.0 0.0 1774 60 644.5384615384615 13
stats: {sentpackets,"tsung_controller@ip-172-31-23-21"} 1 1177.0 0.0 1369 61 544.3076923076923 13
stats: {cpu,"tsung_controller@ip-172-31-23-21"} 1 2.5948103792415167 0.0 2.5948103792415167 0.3003003003003003 1.1618347170155634 14
stats: {load,"tsung_controller@ip-172-31-23-21"} 1 0.0 0.0 0.0 0.0 0.0 14
stats: {freemem,"tsung_controller@ip-172-31-23-21"} 1 3488.19921875 0.0 3516.6328125 3488.19921875 3507.156808035714 14
stats: session 43 55075.27881395351 22147.33423404675 83273.626 35743.766 48632.93706422017 218
stats: users_count 112 651
stats: finish_users_count 43 261
stats: request 479 311.31605427974955 314.5513008161245 1498.522 6.677 126.8025349708576 2402
stats: connect 130 1.7476769230769242 0.8526388649849597 27.417 1.174 1.7958381877022649 618
stats: page 203 719.010975369458 871.7568024890796 3130.779 7.349 302.0590943396227 1007
stats: 302 129 727
stats: 200 350 2154
stats: size_rcv 409273 2470901
stats: newphase 1 7
stats: size_sent 394165 2376873
stats: connected 65 377
# stats: dump at 1575466013
stats: users 433 445
stats: {recvpackets,"tsung_controller@ip-172-31-23-21"} 1 2140.0 0.0 2140 60 700.2142857142857 14
stats: {sentpackets,"tsung_controller@ip-172-31-23-21"} 1 1754.0 0.0 1754 61 589.5 14
stats: {cpu,"tsung_controller@ip-172-31-23-21"} 1 3.2128514056224895 0.0 3.2128514056224895 0.3003003003003003 1.2573664278306267 15
stats: {load,"tsung_controller@ip-172-31-23-21"} 1 0.0 0.0 0.0 0.0 0.0 15
stats: {freemem,"tsung_controller@ip-172-31-23-21"} 1 3487.1484375 0.0 3516.6328125 3487.1484375 3505.89296875 15
stats: session 48 56696.71502083334 22266.578723437542 83273.626 35743.766 49694.31903831417 261
stats: users_count 91 742
stats: finish_users_count 48 309
stats: request 508 225.52596653543324 271.7230370834234 1498.522 6.677 157.48006907323847 2881
stats: connect 118 2.1469406779661018 2.82495179287614 30.814 1.174 1.7874679144385024 748
stats: page 200 582.2686150000003 698.2524746327198 3130.779 7.349 372.01052561983477 1210
stats: 302 115 842
stats: 200 393 2547
stats: size_rcv 455809 2926710
stats: newphase 0 7
stats: size_sent 435553 2812426
stats: connected 40 417
# stats: dump at 1575466023
stats: users 508 508
stats: {recvpackets,"tsung_controller@ip-172-31-23-21"} 1 2103.0 0.0 2140 60 796.2 15
stats: {sentpackets,"tsung_controller@ip-172-31-23-21"} 1 1663.0 0.0 1754 61 667.1333333333333 15
stats: {cpu,"tsung_controller@ip-172-31-23-21"} 1 3.3099297893681046 0.0 3.3099297893681046 0.3003003003003003 1.3795842389426183 16
stats: {load,"tsung_controller@ip-172-31-23-21"} 1 0.0 0.0 0.0 0.0 0.0 16
stats: {freemem,"tsung_controller@ip-172-31-23-21"} 1 3486.55859375 0.0 3516.6328125 3486.55859375 3504.721435546875 16
stats: session 41 52247.6124390244 20982.51332998757 84317.205 35743.766 50782.069870550156 309
stats: users_count 116 858
stats: finish_users_count 41 350
stats: request 508 578.2681102362212 364.28525694241057 1769.159 6.677 167.67992623192686 3389
stats: connect 136 1.6399779411764706 0.38600440920431595 30.814 1.174 1.836449191685912 866
stats: page 193 1166.5416113989645 1120.8898505123439 4599.7 7.349 401.83436808510646 1410
stats: 302 125 967
stats: 200 383 2930
stats: size_rcv 442304 3369014
stats: newphase 1 8
stats: size_sent 465064 3277490
stats: connected 82 499
# stats: dump at 1575466033
stats: users 609 609
stats: {recvpackets,"tsung_controller@ip-172-31-23-21"} 1 2230.0 0.0 2230 60 877.875 16
stats: {sentpackets,"tsung_controller@ip-172-31-23-21"} 1 1788.0 0.0 1788 61 729.375 16
stats: {cpu,"tsung_controller@ip-172-31-23-21"} 1 3.2193158953722336 0.0 3.3099297893681046 0.3003003003003003 1.493133977202941 17
stats: {load,"tsung_controller@ip-172-31-23-21"} 1 0.0 0.0 0.0 0.0 0.0 17
stats: {freemem,"tsung_controller@ip-172-31-23-21"} 1 3478.78515625 0.0 3516.6328125 3478.78515625 3503.653033088235 17
stats: session 42 63307.98995238094 22446.718106336266 88366.431 35743.766 50953.74771428571 350
stats: users_count 143 1001
stats: finish_users_count 42 392
stats: request 550 1474.6365981818178 558.4283828660875 3022.386 0.875 221.2028406466514 3897
stats: connect 167 1.6788802395209588 1.0371419780644382 30.814 1.174 1.8097824351297402 1002
stats: page 229 2899.7878165938873 2086.5620501711555 8538.238 2.872 493.90454772301956 1603
stats: 302 149 1116
stats: 200 394 3324
stats: size_rcv 457758 3826772
stats: newphase 0 8
stats: 502 7 7
stats: size_sent 491449 3768939
stats: connected 91 590
# stats: dump at 1575466043
stats: users 703 705
stats: {recvpackets,"tsung_controller@ip-172-31-23-21"} 1 2773.0 0.0 2773 60 957.4117647058823 17
stats: {sentpackets,"tsung_controller@ip-172-31-23-21"} 1 2214.0 0.0 2214 61 791.6470588235294 17
stats: {cpu,"tsung_controller@ip-172-31-23-21"} 1 3.7298387096774195 0.0 3.7298387096774195 0.3003003003003003 1.5890329726567907 18
stats: {load,"tsung_controller@ip-172-31-23-21"} 1 0.0 0.0 0.0 0.0 0.0 18
stats: {freemem,"tsung_controller@ip-172-31-23-21"} 1 3459.15625 0.0 3516.6328125 3459.15625 3502.271484375 18
stats: session 63 61063.754857142856 21425.601032424725 92042.406 35743.766 52277.4165255102 392
stats: users_count 157 1158
stats: finish_users_count 63 455
stats: request 735 1605.2365619047607 1093.4423771952604 4205.06 0.816 376.2261297503936 4447
stats: connect 183 1.6940546448087432 0.9931036668892167 30.814 1.173 1.791082121471343 1169
stats: page 296 3469.7941722972964 3185.2376792337086 11371.505 0.943 794.6399563318779 1832
stats: 302 141 1257
stats: 200 443 3767
stats: size_rcv 553953 4380725
stats: newphase 1 9
stats: 502 151 158
stats: size_sent 608460 4377399
stats: connected 100 690
# stats: dump at 1575466053
stats: users 805 805
stats: {recvpackets,"tsung_controller@ip-172-31-23-21"} 1 2661.0 0.0 2773 60 1058.2777777777778 18
stats: {sentpackets,"tsung_controller@ip-172-31-23-21"} 1 2374.0 0.0 2374 61 870.6666666666666 18
stats: {cpu,"tsung_controller@ip-172-31-23-21"} 1 5.53877139979859 0.0 5.53877139979859 0.3003003003003003 1.7017069588157712 19
stats: {load,"tsung_controller@ip-172-31-23-21"} 1 0.0 0.0 0.0 0.0 0.0 19
stats: {freemem,"tsung_controller@ip-172-31-23-21"} 1 3452.88671875 0.0 3516.6328125 3452.88671875 3500.002261513158 19
stats: session 79 53681.751582278484 16847.36066555782 95601.873 35073.893 53493.98644835164 455
stats: users_count 181 1339
stats: finish_users_count 79 534
stats: request 805 1596.9007006211195 1403.9056339578453 4470.04 0.816 550.5454403705132 5182
stats: connect 218 1.4248348623853202 0.5570611699279483 30.814 1.168 1.7779489644970417 1352
stats: page 324 4146.767293209879 4621.51257389664 14085.906 0.907 1166.7478735902257 2128
stats: 302 128 1385
stats: 200 357 4124
stats: size_rcv 515925 4896650
stats: newphase 0 9
stats: 502 318 476
stats: size_sent 581494 4958893
stats: connected 100 790
stats: 500 2 2
# stats: dump at 1575466063
stats: users 990 990
stats: {recvpackets,"tsung_controller@ip-172-31-23-21"} 1 2937.0 0.0 2937 60 1142.6315789473683 19
stats: {sentpackets,"tsung_controller@ip-172-31-23-21"} 1 2527.0 0.0 2527 61 949.7894736842105 19
stats: {cpu,"tsung_controller@ip-172-31-23-21"} 1 2.644964394710071 0.0 5.53877139979859 0.3003003003003003 1.893560180864912 20
stats: {load,"tsung_controller@ip-172-31-23-21"} 1 0.0 0.0 0.0 0.0 0.0 20
stats: {freemem,"tsung_controller@ip-172-31-23-21"} 1 3453.80078125 0.0 3516.6328125 3452.88671875 3497.646484375 20
stats: session 68 64965.26422058822 22969.01574018409 95601.873 35073.893 53521.764436329584 534
stats: users_count 253 1592
stats: finish_users_count 68 602
stats: request 949 1354.3668851422547 1020.6981098421887 4470.04 0.816 691.2362679138134 5987
stats: connect 282 1.3329574468085092 0.1259287129387789 30.814 1.159 1.7289178343949043 1570
stats: page 419 3033.7904916467814 3460.26300937604 14403.344 0.889 1560.5187920065257 2452
stats: 302 189 1574
stats: 200 467 4591
stats: size_rcv 636673 5533323
stats: newphase 1 10
stats: 502 292 768
stats: size_sent 700465 5659358
stats: connected 192 982
stats: 500 1 3
# stats: dump at 1575466073
stats: users 1123 1124
stats: {recvpackets,"tsung_controller@ip-172-31-23-21"} 1 3569.0 0.0 3569 60 1232.35 20
stats: {sentpackets,"tsung_controller@ip-172-31-23-21"} 1 3219.0 0.0 3219 61 1028.65 20
stats: {cpu,"tsung_controller@ip-172-31-23-21"} 1 3.1632653061224487 0.0 5.53877139979859 0.3003003003003003 1.929341333905158 21
stats: {load,"tsung_controller@ip-172-31-23-21"} 1 0.0 0.0 0.0 0.0 0.0 21
stats: {freemem,"tsung_controller@ip-172-31-23-21"} 1 3450.37890625 0.0 3516.6328125 3450.37890625 3495.55859375 21
stats: session 104 56789.29476923076 21223.691194559622 95601.873 35073.893 54814.385674418605 602
stats: users_count 237 1829
stats: finish_users_count 104 706
stats: request 1168 1078.2349520547905 1201.9867829353598 4470.04 0.816 781.9673745674742 6936
stats: connect 287 1.3918780487804883 0.581818573718405 30.814 1.152 1.668625809935205 1852
stats: page 479 2480.545822546969 3463.9303875481514 14403.344 0.883 1775.5312762103806 2871
stats: 302 134 1708
stats: 200 396 4987
stats: size_rcv 660908 6194231
stats: newphase 0 10
stats: 502 631 1399
stats: size_sent 867597 6526955
stats: connected -29 953
stats: 500 7 10
# stats: dump at 1575466083
stats: users 1239 1240
stats: {recvpackets,"tsung_controller@ip-172-31-23-21"} 1 3777.0 0.0 3777 60 1343.6190476190477 21
stats: {sentpackets,"tsung_controller@ip-172-31-23-21"} 1 3358.0 0.0 3358 61 1132.952380952381 21
stats: {cpu,"tsung_controller@ip-172-31-23-21"} 1 2.971311475409836 0.0 5.53877139979859 0.3003003003003003 1.9854287871877618 22
stats: {load,"tsung_controller@ip-172-31-23-21"} 1 0.0 0.0 0.0 0.0 0.0 22
stats: {freemem,"tsung_controller@ip-172-31-23-21"} 1 3435.82421875 0.0 3516.6328125 3435.82421875 3493.504971590909 22
stats: session 128 58866.365578125 21049.725167104734 96015.78 35011.503 55105.30712747874 706
stats: users_count 244 2073
stats: finish_users_count 128 834
stats: request 1237 1117.2350670978167 1386.9568858541222 4470.04 0.816 824.6673413129314 8104
stats: connect 342 1.4903333333333326 0.5460698282362262 30.814 1.142 1.6314932211313697 2139
stats: page 508 2665.104610236221 4110.207152137838 14403.344 0.883 1876.3378337313436 3350
stats: 302 124 1832
stats: 200 373 5360
stats: size_rcv 687516 6881747
stats: newphase 1 11
stats: 502 721 2120
stats: size_sent 827856 7354811
stats: connected 14 967
stats: 500 19 29
# stats: dump at 1575466093
stats: users 1381 1385
stats: {recvpackets,"tsung_controller@ip-172-31-23-21"} 1 4187.0 0.0 4187 60 1454.2272727272727 22
stats: {sentpackets,"tsung_controller@ip-172-31-23-21"} 1 3960.0 0.0 3960 61 1234.090909090909 22
stats: {cpu,"tsung_controller@ip-172-31-23-21"} 1 4.489795918367347 0.0 5.53877139979859 0.3003003003003003 2.028293251893069 23
stats: {load,"tsung_controller@ip-172-31-23-21"} 1 0.0 0.0 0.0 0.0 0.0 23
stats: {freemem,"tsung_controller@ip-172-31-23-21"} 1 3432.90234375 0.0 3516.6328125 3432.90234375 3490.997112771739 23
stats: session 154 55947.09119480523 20958.19118608748 97114.884 35011.503 55682.54391606714 834
stats: users_count 296 2369
stats: finish_users_count 154 988
stats: request 1539 833.0786497725791 1259.0516089675823 4470.04 0.816 863.4111885237121 9341
stats: connect 444 1.555756756756757 0.7385736645385086 30.814 1.084 1.6120346634421603 2481
stats: page 612 2033.923269607842 3726.418152200593 15497.061 0.883 1980.1982594608608 3858
stats: 302 142 1974
stats: 200 319 5679
stats: size_rcv 718674 7600421
stats: newphase 0 11
stats: 502 1062 3182
stats: size_sent 1002874 8357685
stats: connected 9 976
stats: 500 16 45
# stats: dump at 1575466103
stats: users 1292 1412
stats: {recvpackets,"tsung_controller@ip-172-31-23-21"} 1 4922.0 0.0 4922 60 1573.0434782608695 23
stats: {sentpackets,"tsung_controller@ip-172-31-23-21"} 1 4802.0 0.0 4802 61 1352.608695652174 23
stats: {cpu,"tsung_controller@ip-172-31-23-21"} 1 5.138746145940391 0.0 5.53877139979859 0.3003003003003003 2.1308558629961643 24
stats: {load,"tsung_controller@ip-172-31-23-21"} 1 0.0 0.0 0.0 0.0 0.0 24
stats: {freemem,"tsung_controller@ip-172-31-23-21"} 1 3429.01953125 0.0 3516.6328125 3429.01953125 3488.5764973958335 24
stats: session 131 55425.09458778627 23290.353679880147 99246.767 35011.503 55723.77901821862 988
stats: users_count 42 2411
stats: finish_users_count 131 1119
stats: request 1014 1255.641303747535 1643.1910338365842 4792.77 0.816 859.1205840073524 10880
stats: connect 181 1.6109558011049725 1.7023158578285085 30.814 1.084 1.6034919658119657 2925
stats: page 378 3058.2352671957656 4905.390405845924 16307.316 0.883 1987.5538984340042 4470
stats: 302 55 2029
stats: 200 304 5983
stats: size_rcv 574107 8174528
stats: newphase 0 11
stats: 502 634 3816
stats: size_sent 726805 9084490
stats: connected -25 951
stats: 500 21 66
# stats: dump at 1575466113
stats: users 1130 1412
stats: {recvpackets,"tsung_controller@ip-172-31-23-21"} 1 2631.0 0.0 4922 60 1712.5833333333333 24
stats: {sentpackets,"tsung_controller@ip-172-31-23-21"} 1 2493.0 0.0 4802 61 1496.3333333333333 24
stats: {cpu,"tsung_controller@ip-172-31-23-21"} 1 2.8368794326241136 0.0 5.53877139979859 0.3003003003003003 2.2511714743139333 25
stats: {load,"tsung_controller@ip-172-31-23-21"} 1 0.0 0.0 0.0 0.0 0.0 25
stats: {freemem,"tsung_controller@ip-172-31-23-21"} 1 3424.88671875 0.0 3516.6328125 3424.88671875 3486.19421875 25
stats: session 162 56459.137845679004 23145.126279774337 102659.379 35011.469 55688.81238695264 1119
stats: users_count 0 2411
stats: finish_users_count 162 1281
stats: request 1076 1205.9206161710026 1934.4810111480533 5657.516 0.816 892.9251921977462 11894
stats: connect 72 1.417541666666666 0.1652597229867782 30.814 1.084 1.6039269156471345 3106
stats: page 370 2650.5109243243205 5350.182388256013 20287.188 0.883 2071.035242780528 4848
stats: 302 39 2068
stats: 200 244 6227
stats: size_rcv 551050 8725578
stats: newphase 0 11
stats: 502 770 4586
stats: size_sent 757323 9841813
stats: connected -93 858
stats: 500 23 89
# stats: dump at 1575466123
stats: users 898 1412
stats: {recvpackets,"tsung_controller@ip-172-31-23-21"} 1 2505.0 0.0 4922 60 1749.32 25
stats: {sentpackets,"tsung_controller@ip-172-31-23-21"} 1 2444.0 0.0 4802 61 1536.2 25
stats: {cpu,"tsung_controller@ip-172-31-23-21"} 1 2.42914979757085 0.0 5.53877139979859 0.3003003003003003 2.2736987034797096 26
stats: {load,"tsung_controller@ip-172-31-23-21"} 1 0.0 0.0 0.0 0.0 0.0 26
stats: {freemem,"tsung_controller@ip-172-31-23-21"} 1 3424.29296875 0.0 3516.6328125 3424.29296875 3483.836237980769 26
stats: session 232 58471.77286637933 23035.038995459123 105348.947 35011.361 55786.23059484778 1281
stats: users_count 0 2411
stats: finish_users_count 232 1513
stats: request 1382 1056.1437062228663 2013.7951799607822 6462.923 0.816 918.8915049344636 12970
stats: connect 106 1.5918018867924522 0.47752898597809773 30.814 1.084 1.5997042164883573 3178
stats: page 471 2974.943475583864 6438.851696284003 22868.645 0.869 2112.1249327328474 5218
stats: 302 46 2114
stats: 200 221 6448
stats: size_rcv 646357 9371935
stats: newphase 0 11
stats: 502 1079 5665
stats: size_sent 907179 10748992
stats: connected -133 725
stats: 500 36 125
# stats: dump at 1575466133
stats: users 709 1412
stats: {recvpackets,"tsung_controller@ip-172-31-23-21"} 1 2686.0 0.0 4922 60 1778.3846153846155 26
stats: {sentpackets,"tsung_controller@ip-172-31-23-21"} 1 2679.0 0.0 4802 61 1571.1153846153845 26
stats: {cpu,"tsung_controller@ip-172-31-23-21"} 1 2.4365482233502536 0.0 5.53877139979859 0.3003003003003003 2.2794561514090113 27
stats: {load,"tsung_controller@ip-172-31-23-21"} 1 0.0 0.0 0.0 0.0 0.0 27
stats: {freemem,"tsung_controller@ip-172-31-23-21"} 1 3423.81640625 0.0 3516.6328125 3423.81640625 3481.630931712963 27
stats: session 189 64086.48055555554 23733.721900822977 107295.572 35011.097 56198.025576338405 1513
stats: users_count 0 2411
stats: finish_users_count 189 1702
stats: request 1104 1173.0048586956532 1760.5351563384372 6462.923 0.803 932.107958542363 14352
stats: connect 112 1.466035714285714 0.23356656012837967 30.814 1.084 1.5994491473812422 3284
stats: page 348 4262.05103448276 7577.063083739719 22977.902 0.869 2183.55884619441 5689
stats: 302 79 2193
stats: 200 243 6691
stats: size_rcv 549093 9921028
stats: newphase 0 11
stats: 502 761 6426
stats: size_sent 683457 11432449
stats: connected -87 638
stats: 500 21 146
# stats: dump at 1575466143
stats: users 600 1412
stats: {recvpackets,"tsung_controller@ip-172-31-23-21"} 1 2434.0 0.0 4922 60 1812.0 27
stats: {sentpackets,"tsung_controller@ip-172-31-23-21"} 1 2347.0 0.0 4802 61 1612.148148148148 27
stats: {cpu,"tsung_controller@ip-172-31-23-21"} 1 2.233502538071066 0.0 5.53877139979859 0.3003003003003003 2.28506658254977 28
stats: {load,"tsung_controller@ip-172-31-23-21"} 1 0.0 0.0 0.0 0.0 0.0 28
stats: {freemem,"tsung_controller@ip-172-31-23-21"} 1 3423.703125 0.0 3516.6328125 3423.703125 3479.5661272321427 28
stats: session 109 76385.91711926607 16517.977986473456 108020.94 35011.097 57074.0055945946 1702
stats: users_count 0 2411
stats: finish_users_count 109 1811
stats: request 750 1802.2921186666683 2441.130875139352 6462.923 0.803 949.3148799818838 15456
stats: connect 122 1.5341885245901647 0.4445667320128409 30.814 1.084 1.5950491755005887 3396
stats: page 235 3986.346995744682 7092.500123574264 23047.156 0.869 2303.3725419910547 6037
stats: 302 73 2266
stats: 200 167 6858
stats: size_rcv 386238 10307266
stats: newphase 0 11
stats: 502 482 6908
stats: size_sent 596264 12028713
stats: connected -89 549
stats: 500 28 174
# stats: dump at 1575466153
stats: users 461 1412
stats: {recvpackets,"tsung_controller@ip-172-31-23-21"} 1 2153.0 0.0 4922 60 1834.2142857142858 28
stats: {sentpackets,"tsung_controller@ip-172-31-23-21"} 1 1907.0 0.0 4802 61 1638.392857142857 28
stats: {cpu,"tsung_controller@ip-172-31-23-21"} 1 2.320887991927346 0.0 5.53877139979859 0.3003003003003003 2.283288512050504 29
stats: {load,"tsung_controller@ip-172-31-23-21"} 1 0.0 0.0 0.0 0.0 0.0 29
stats: {freemem,"tsung_controller@ip-172-31-23-21"} 1 3422.984375 0.0 3516.6328125 3422.984375 3477.6398168103447 29
stats: session 139 83671.75707913667 18240.680041143994 115375.565 35011.097 58236.34593484264 1811
stats: users_count 0 2411
stats: finish_users_count 139 1950
stats: request 682 2225.3910366568866 2304.2686675033774 6462.923 0.803 988.7899465630012 16206
stats: connect 113 1.5096637168141593 0.237860322313996 30.814 1.084 1.5929386014781124 3518
stats: page 244 8424.211590163935 9817.838134431226 23887.528 0.869 2366.430417729591 6272
stats: 302 122 2388
stats: 200 190 7048
stats: size_rcv 386785 10694051
stats: newphase 0 11
stats: 502 343 7251
stats: size_sent 451001 12479714
stats: connected -173 376
stats: 500 27 201
# stats: dump at 1575466163
stats: users 360 1412
stats: {recvpackets,"tsung_controller@ip-172-31-23-21"} 1 2279.0 0.0 4922 60 1845.2068965517242 29
stats: {sentpackets,"tsung_controller@ip-172-31-23-21"} 1 1945.0 0.0 4802 61 1647.655172413793 29
stats: {cpu,"tsung_controller@ip-172-31-23-21"} 1 2.716297786720322 0.0 5.53877139979859 0.3003003003003003 2.284541828046399 30
stats: {load,"tsung_controller@ip-172-31-23-21"} 1 0.0 0.0 0.0 0.0 0.0 30
stats: {freemem,"tsung_controller@ip-172-31-23-21"} 1 3423.08203125 0.0 3516.6328125 3422.984375 3475.81796875 30
stats: session 101 91230.87126732667 10674.2108890816 115375.565 35011.097 60049.43421641026 1950
stats: users_count 0 2411
stats: finish_users_count 101 2051
stats: request 738 1692.663521680214 2131.1407061343775 6462.923 0.803 1038.7284794528655 16888
stats: connect 175 1.4770457142857143 0.6974859983614037 30.814 1.084 1.5903470118424674 3631
stats: page 273 3603.8374908424908 6622.126930157314 23887.528 0.869 2593.2718244321663 6516
stats: 302 86 2474
stats: 200 171 7219
stats: size_rcv 396739 11090790
stats: newphase 0 11
stats: 502 442 7693
stats: size_sent 435536 12915250
stats: connected -49 327
stats: 500 39 240
# stats: dump at 1575466173
stats: users 211 1412
stats: {recvpackets,"tsung_controller@ip-172-31-23-21"} 1 2317.0 0.0 4922 60 1859.6666666666667 30
stats: {sentpackets,"tsung_controller@ip-172-31-23-21"} 1 2120.0 0.0 4802 61 1657.5666666666666 30
stats: {cpu,"tsung_controller@ip-172-31-23-21"} 1 1.5259409969481181 0.0 5.53877139979859 0.3003003003003003 2.2984694396165253 31
stats: {load,"tsung_controller@ip-172-31-23-21"} 1 0.0 0.0 0.0 0.0 0.0 31
stats: {freemem,"tsung_controller@ip-172-31-23-21"} 1 3431.7578125 0.0 3516.6328125 3422.984375 3474.1168094758063 31
stats: session 149 92491.3094563758 11243.49642737146 115375.565 35011.097 61584.94135543638 2051
stats: users_count 0 2411
stats: finish_users_count 149 2200
stats: request 800 1730.409465000004 2141.401995106409 6462.923 0.803 1066.1087166685572 17626
stats: connect 47 1.4277021276595745 0.1724357314619993 30.814 1.084 1.5851374146085127 3806
stats: page 219 6357.608812785392 8808.813116138313 23887.528 0.869 2633.9087999705403 6789
stats: 302 132 2606
stats: 200 161 7380
stats: size_rcv 389065 11479855
stats: newphase 0 11
stats: 502 476 8169
stats: size_sent 435021 13350271
stats: connected -120 207
stats: 500 31 271
# stats: dump at 1575466183
stats: users 143 1412
stats: {recvpackets,"tsung_controller@ip-172-31-23-21"} 1 1804.0 0.0 4922 60 1874.4193548387098 31
stats: {sentpackets,"tsung_controller@ip-172-31-23-21"} 1 1659.0 0.0 4802 61 1672.483870967742 31
stats: {cpu,"tsung_controller@ip-172-31-23-21"} 1 2.4024024024024024 0.0 5.53877139979859 0.3003003003003003 2.2743279257831377 32
stats: {load,"tsung_controller@ip-172-31-23-21"} 1 0.0 0.0 0.0 0.0 0.0 32
stats: {freemem,"tsung_controller@ip-172-31-23-21"} 1 3432.2265625 0.0 3516.6328125 3422.984375 3472.7930908203125 32
stats: session 68 94931.30413235295 11174.41531074035 115603.229 35011.097 63678.14537681818 2200
stats: users_count 0 2411
stats: finish_users_count 68 2268
stats: request 445 2798.2795662921367 2458.5737064012233 6462.923 0.803 1094.950603060892 18426
stats: connect 6 1.4835000000000003 0.2155015467848588 30.814 1.084 1.5832169737866595 3853
stats: page 82 9220.284829268294 10347.545830885087 24056.16 0.869 2750.274425371005 7008
stats: 302 108 2714
stats: 200 147 7527
stats: size_rcv 219067 11698922
stats: newphase 0 11
stats: 502 190 8359
stats: size_sent 247327 13597598
stats: connected -64 143
stats: 500 0 271
# stats: dump at 1575466193
stats: users 85 1412
stats: {recvpackets,"tsung_controller@ip-172-31-23-21"} 1 944.0 0.0 4922 60 1872.21875 32
stats: {sentpackets,"tsung_controller@ip-172-31-23-21"} 1 635.0 0.0 4802 61 1672.0625 32
stats: {cpu,"tsung_controller@ip-172-31-23-21"} 1 0.9018036072144289 0.0 5.53877139979859 0.3003003003003003 2.278208970529176 33
stats: {load,"tsung_controller@ip-172-31-23-21"} 1 0.0 0.0 0.0 0.0 0.0 33
stats: {freemem,"tsung_controller@ip-172-31-23-21"} 1 3432.29296875 0.0 3516.6328125 3422.984375 3471.5638020833335 33
stats: session 58 110021.92144827581 3977.2697649719235 116840.677 35011.097 64615.188937389765 2268
stats: users_count 0 2411
stats: finish_users_count 58 2326
stats: request 238 5570.110815126051 472.2654476964007 6983.591 0.803 1135.1170695246674 18871
stats: connect 0 0 0 30.814 1.084 1.5830619331433011 3859
stats: page 57 24929.82705263158 927.1992218865919 26321.621 0.869 2825.1038827926654 7090
stats: 302 95 2809
stats: 200 143 7670
stats: size_rcv 155710 11854632
stats: newphase 0 11
stats: 502 0 8359
stats: size_sent 145290 13742888
stats: connected -57 86
stats: 500 0 271
# stats: dump at 1575466200
stats: users 0 1412
stats: {recvpackets,"tsung_controller@ip-172-31-23-21"} 1 946.0 0.0 4922 60 1844.090909090909 33
stats: {sentpackets,"tsung_controller@ip-172-31-23-21"} 1 672.0 0.0 4802 61 1640.6363636363637 33
stats: {cpu,"tsung_controller@ip-172-31-23-21"} 1 3.106212424849699 0.0 5.53877139979859 0.3003003003003003 2.237726459843448 34
stats: {load,"tsung_controller@ip-172-31-23-21"} 1 0.0 0.0 0.0 0.0 0.0 34
stats: {freemem,"tsung_controller@ip-172-31-23-21"} 1 3431.9765625 0.0 3516.6328125 3422.984375 3470.4087775735293 34
stats: session 85 107891.7381647059 3420.763402355153 116840.677 35011.097 65747.42904299225 2326
stats: users_count 0 2411
stats: finish_users_count 85 2411
stats: request 186 2977.8254032258055 1546.1650160238896 6983.591 0.803 1190.3543143544925 19109
stats: connect 0 0 0 30.814 1.084 1.5830619331433011 3859
stats: page 86 21512.048906976743 3883.601761849482 26321.621 0.869 3001.3973234923747 7147
stats: 302 53 2862
stats: 200 133 7803
stats: size_rcv 150844 12005476
stats: newphase 0 11
stats: 502 0 8359
stats: size_sent 88626 13831514
stats: connected -86 0
stats: 500 0 271
EndMonitor:{1575,466200,346587}
